[0.135s] DEBUG:colcon:Command line arguments: ['/usr/bin/colcon', 'build']
[0.136s] DEBUG:colcon:Parsed command line arguments: Namespace(log_base=None, log_level=None, verb_name='build', build_base='build', install_base='install', merge_install=False, symlink_install=False, test_result_base=None, continue_on_error=False, executor='parallel', parallel_workers=2, event_handlers=None, ignore_user_meta=False, metas=['./colcon.meta'], base_paths=['.'], packages_ignore=None, packages_ignore_regex=None, paths=None, packages_up_to=None, packages_up_to_regex=None, packages_above=None, packages_above_and_dependencies=None, packages_above_depth=None, packages_select_by_dep=None, packages_skip_by_dep=None, packages_skip_up_to=None, packages_select_build_failed=False, packages_skip_build_finished=False, packages_select_test_failures=False, packages_skip_test_passed=False, packages_select=None, packages_skip=None, packages_select_regex=None, packages_skip_regex=None, packages_start=None, packages_end=None, allow_overriding=[], cmake_args=None, cmake_target=None, cmake_target_skip_unavailable=False, cmake_clean_cache=False, cmake_clean_first=False, cmake_force_configure=False, ament_cmake_args=None, catkin_cmake_args=None, catkin_skip_building_tests=False, mixin_files=None, mixin=None, verb_parser=<colcon_mixin.mixin.mixin_argument.MixinArgumentDecorator object at 0x77ed23947e20>, verb_extension=<colcon_core.verb.build.BuildVerb object at 0x77ed23a88d30>, main=<bound method BuildVerb.main of <colcon_core.verb.build.BuildVerb object at 0x77ed23a88d30>>, mixin_verb=('build',))
[0.343s] Level 1:colcon.colcon_core.package_discovery:discover_packages(colcon_meta) check parameters
[0.344s] Level 1:colcon.colcon_core.package_discovery:discover_packages(recursive) check parameters
[0.344s] Level 1:colcon.colcon_core.package_discovery:discover_packages(ignore) check parameters
[0.344s] Level 1:colcon.colcon_core.package_discovery:discover_packages(path) check parameters
[0.344s] Level 1:colcon.colcon_core.package_discovery:discover_packages(colcon_meta) discover
[0.344s] Level 1:colcon.colcon_core.package_discovery:discover_packages(recursive) discover
[0.344s] INFO:colcon.colcon_core.package_discovery:Crawling recursively for packages in '/home/chakrapani/drone_files/IITI_SOC/gcs_ws'
[0.344s] Level 1:colcon.colcon_core.package_identification:_identify(.) by extensions ['ignore', 'ignore_ament_install']
[0.344s] Level 1:colcon.colcon_core.package_identification:_identify(.) by extension 'ignore'
[0.344s] Level 1:colcon.colcon_core.package_identification:_identify(.) by extension 'ignore_ament_install'
[0.344s] Level 1:colcon.colcon_core.package_identification:_identify(.) by extensions ['colcon_pkg']
[0.344s] Level 1:colcon.colcon_core.package_identification:_identify(.) by extension 'colcon_pkg'
[0.344s] Level 1:colcon.colcon_core.package_identification:_identify(.) by extensions ['colcon_meta']
[0.344s] Level 1:colcon.colcon_core.package_identification:_identify(.) by extension 'colcon_meta'
[0.344s] Level 1:colcon.colcon_core.package_identification:_identify(.) by extensions ['ros']
[0.344s] Level 1:colcon.colcon_core.package_identification:_identify(.) by extension 'ros'
[0.357s] Level 1:colcon.colcon_core.package_identification:_identify(.) by extensions ['cmake', 'python']
[0.357s] Level 1:colcon.colcon_core.package_identification:_identify(.) by extension 'cmake'
[0.357s] Level 1:colcon.colcon_core.package_identification:_identify(.) by extension 'python'
[0.357s] Level 1:colcon.colcon_core.package_identification:_identify(.) by extensions ['python_setup_py']
[0.357s] Level 1:colcon.colcon_core.package_identification:_identify(.) by extension 'python_setup_py'
[0.357s] Level 1:colcon.colcon_core.package_identification:_identify(build) by extensions ['ignore', 'ignore_ament_install']
[0.358s] Level 1:colcon.colcon_core.package_identification:_identify(build) by extension 'ignore'
[0.358s] Level 1:colcon.colcon_core.package_identification:_identify(build) ignored
[0.358s] Level 1:colcon.colcon_core.package_identification:_identify(install) by extensions ['ignore', 'ignore_ament_install']
[0.358s] Level 1:colcon.colcon_core.package_identification:_identify(install) by extension 'ignore'
[0.358s] Level 1:colcon.colcon_core.package_identification:_identify(install) ignored
[0.358s] Level 1:colcon.colcon_core.package_identification:_identify(log) by extensions ['ignore', 'ignore_ament_install']
[0.358s] Level 1:colcon.colcon_core.package_identification:_identify(log) by extension 'ignore'
[0.358s] Level 1:colcon.colcon_core.package_identification:_identify(log) ignored
[0.358s] Level 1:colcon.colcon_core.package_identification:_identify(src) by extensions ['ignore', 'ignore_ament_install']
[0.358s] Level 1:colcon.colcon_core.package_identification:_identify(src) by extension 'ignore'
[0.358s] Level 1:colcon.colcon_core.package_identification:_identify(src) by extension 'ignore_ament_install'
[0.359s] Level 1:colcon.colcon_core.package_identification:_identify(src) by extensions ['colcon_pkg']
[0.359s] Level 1:colcon.colcon_core.package_identification:_identify(src) by extension 'colcon_pkg'
[0.359s] Level 1:colcon.colcon_core.package_identification:_identify(src) by extensions ['colcon_meta']
[0.359s] Level 1:colcon.colcon_core.package_identification:_identify(src) by extension 'colcon_meta'
[0.359s] Level 1:colcon.colcon_core.package_identification:_identify(src) by extensions ['ros']
[0.359s] Level 1:colcon.colcon_core.package_identification:_identify(src) by extension 'ros'
[0.359s] Level 1:colcon.colcon_core.package_identification:_identify(src) by extensions ['cmake', 'python']
[0.359s] Level 1:colcon.colcon_core.package_identification:_identify(src) by extension 'cmake'
[0.359s] Level 1:colcon.colcon_core.package_identification:_identify(src) by extension 'python'
[0.359s] Level 1:colcon.colcon_core.package_identification:_identify(src) by extensions ['python_setup_py']
[0.359s] Level 1:colcon.colcon_core.package_identification:_identify(src) by extension 'python_setup_py'
[0.359s] Level 1:colcon.colcon_core.package_identification:_identify(src/drone_1_manager) by extensions ['ignore', 'ignore_ament_install']
[0.359s] Level 1:colcon.colcon_core.package_identification:_identify(src/drone_1_manager) by extension 'ignore'
[0.359s] Level 1:colcon.colcon_core.package_identification:_identify(src/drone_1_manager) by extension 'ignore_ament_install'
[0.359s] Level 1:colcon.colcon_core.package_identification:_identify(src/drone_1_manager) by extensions ['colcon_pkg']
[0.359s] Level 1:colcon.colcon_core.package_identification:_identify(src/drone_1_manager) by extension 'colcon_pkg'
[0.359s] Level 1:colcon.colcon_core.package_identification:_identify(src/drone_1_manager) by extensions ['colcon_meta']
[0.359s] Level 1:colcon.colcon_core.package_identification:_identify(src/drone_1_manager) by extension 'colcon_meta'
[0.360s] Level 1:colcon.colcon_core.package_identification:_identify(src/drone_1_manager) by extensions ['ros']
[0.360s] Level 1:colcon.colcon_core.package_identification:_identify(src/drone_1_manager) by extension 'ros'
[0.362s] DEBUG:colcon.colcon_core.package_identification:Package 'src/drone_1_manager' with type 'ros.ament_python' and name 'drone_1_manager'
[0.363s] Level 1:colcon.colcon_core.package_identification:_identify(src/drone_2_manager) by extensions ['ignore', 'ignore_ament_install']
[0.363s] Level 1:colcon.colcon_core.package_identification:_identify(src/drone_2_manager) by extension 'ignore'
[0.363s] Level 1:colcon.colcon_core.package_identification:_identify(src/drone_2_manager) by extension 'ignore_ament_install'
[0.363s] Level 1:colcon.colcon_core.package_identification:_identify(src/drone_2_manager) by extensions ['colcon_pkg']
[0.363s] Level 1:colcon.colcon_core.package_identification:_identify(src/drone_2_manager) by extension 'colcon_pkg'
[0.363s] Level 1:colcon.colcon_core.package_identification:_identify(src/drone_2_manager) by extensions ['colcon_meta']
[0.363s] Level 1:colcon.colcon_core.package_identification:_identify(src/drone_2_manager) by extension 'colcon_meta'
[0.363s] Level 1:colcon.colcon_core.package_identification:_identify(src/drone_2_manager) by extensions ['ros']
[0.363s] Level 1:colcon.colcon_core.package_identification:_identify(src/drone_2_manager) by extension 'ros'
[0.364s] DEBUG:colcon.colcon_core.package_identification:Package 'src/drone_2_manager' with type 'ros.ament_python' and name 'drone_2_manager'
[0.364s] Level 1:colcon.colcon_core.package_identification:_identify(src/drone_interfaces) by extensions ['ignore', 'ignore_ament_install']
[0.364s] Level 1:colcon.colcon_core.package_identification:_identify(src/drone_interfaces) by extension 'ignore'
[0.364s] Level 1:colcon.colcon_core.package_identification:_identify(src/drone_interfaces) by extension 'ignore_ament_install'
[0.364s] Level 1:colcon.colcon_core.package_identification:_identify(src/drone_interfaces) by extensions ['colcon_pkg']
[0.364s] Level 1:colcon.colcon_core.package_identification:_identify(src/drone_interfaces) by extension 'colcon_pkg'
[0.364s] Level 1:colcon.colcon_core.package_identification:_identify(src/drone_interfaces) by extensions ['colcon_meta']
[0.364s] Level 1:colcon.colcon_core.package_identification:_identify(src/drone_interfaces) by extension 'colcon_meta'
[0.364s] Level 1:colcon.colcon_core.package_identification:_identify(src/drone_interfaces) by extensions ['ros']
[0.364s] Level 1:colcon.colcon_core.package_identification:_identify(src/drone_interfaces) by extension 'ros'
[0.365s] DEBUG:colcon.colcon_core.package_identification:Package 'src/drone_interfaces' with type 'ros.ament_cmake' and name 'drone_interfaces'
[0.365s] Level 1:colcon.colcon_core.package_identification:_identify(src/drone_launch) by extensions ['ignore', 'ignore_ament_install']
[0.365s] Level 1:colcon.colcon_core.package_identification:_identify(src/drone_launch) by extension 'ignore'
[0.365s] Level 1:colcon.colcon_core.package_identification:_identify(src/drone_launch) by extension 'ignore_ament_install'
[0.365s] Level 1:colcon.colcon_core.package_identification:_identify(src/drone_launch) by extensions ['colcon_pkg']
[0.365s] Level 1:colcon.colcon_core.package_identification:_identify(src/drone_launch) by extension 'colcon_pkg'
[0.365s] Level 1:colcon.colcon_core.package_identification:_identify(src/drone_launch) by extensions ['colcon_meta']
[0.365s] Level 1:colcon.colcon_core.package_identification:_identify(src/drone_launch) by extension 'colcon_meta'
[0.366s] Level 1:colcon.colcon_core.package_identification:_identify(src/drone_launch) by extensions ['ros']
[0.366s] Level 1:colcon.colcon_core.package_identification:_identify(src/drone_launch) by extension 'ros'
[0.366s] DEBUG:colcon.colcon_core.package_identification:Package 'src/drone_launch' with type 'ros.ament_python' and name 'drone_launch'
[0.366s] Level 1:colcon.colcon_core.package_identification:_identify(src/gcs_controller) by extensions ['ignore', 'ignore_ament_install']
[0.366s] Level 1:colcon.colcon_core.package_identification:_identify(src/gcs_controller) by extension 'ignore'
[0.366s] Level 1:colcon.colcon_core.package_identification:_identify(src/gcs_controller) by extension 'ignore_ament_install'
[0.367s] Level 1:colcon.colcon_core.package_identification:_identify(src/gcs_controller) by extensions ['colcon_pkg']
[0.367s] Level 1:colcon.colcon_core.package_identification:_identify(src/gcs_controller) by extension 'colcon_pkg'
[0.367s] Level 1:colcon.colcon_core.package_identification:_identify(src/gcs_controller) by extensions ['colcon_meta']
[0.367s] Level 1:colcon.colcon_core.package_identification:_identify(src/gcs_controller) by extension 'colcon_meta'
[0.367s] Level 1:colcon.colcon_core.package_identification:_identify(src/gcs_controller) by extensions ['ros']
[0.367s] Level 1:colcon.colcon_core.package_identification:_identify(src/gcs_controller) by extension 'ros'
[0.368s] DEBUG:colcon.colcon_core.package_identification:Package 'src/gcs_controller' with type 'ros.ament_python' and name 'gcs_controller'
[0.368s] Level 1:colcon.colcon_core.package_identification:_identify(src/mission_utils) by extensions ['ignore', 'ignore_ament_install']
[0.368s] Level 1:colcon.colcon_core.package_identification:_identify(src/mission_utils) by extension 'ignore'
[0.368s] Level 1:colcon.colcon_core.package_identification:_identify(src/mission_utils) by extension 'ignore_ament_install'
[0.368s] Level 1:colcon.colcon_core.package_identification:_identify(src/mission_utils) by extensions ['colcon_pkg']
[0.368s] Level 1:colcon.colcon_core.package_identification:_identify(src/mission_utils) by extension 'colcon_pkg'
[0.368s] Level 1:colcon.colcon_core.package_identification:_identify(src/mission_utils) by extensions ['colcon_meta']
[0.368s] Level 1:colcon.colcon_core.package_identification:_identify(src/mission_utils) by extension 'colcon_meta'
[0.368s] Level 1:colcon.colcon_core.package_identification:_identify(src/mission_utils) by extensions ['ros']
[0.368s] Level 1:colcon.colcon_core.package_identification:_identify(src/mission_utils) by extension 'ros'
[0.369s] DEBUG:colcon.colcon_core.package_identification:Package 'src/mission_utils' with type 'ros.ament_python' and name 'mission_utils'
[0.369s] Level 1:colcon.colcon_core.package_discovery:discover_packages(recursive) using defaults
[0.369s] Level 1:colcon.colcon_core.package_discovery:discover_packages(ignore) discover
[0.369s] Level 1:colcon.colcon_core.package_discovery:discover_packages(ignore) using defaults
[0.369s] Level 1:colcon.colcon_core.package_discovery:discover_packages(path) discover
[0.369s] Level 1:colcon.colcon_core.package_discovery:discover_packages(path) using defaults
[0.409s] Level 1:colcon.colcon_core.package_discovery:discover_packages(prefix_path) check parameters
[0.409s] Level 1:colcon.colcon_core.package_discovery:discover_packages(prefix_path) discover
[0.412s] DEBUG:colcon.colcon_installed_package_information.package_discovery:Found 6 installed packages in /home/chakrapani/drone_files/IITI_SOC/gcs_ws/install
[0.412s] DEBUG:colcon.colcon_installed_package_information.package_discovery:Found 2 installed packages in /home/chakrapani/ros2_px4_offboard_example_ws/install
[0.413s] DEBUG:colcon.colcon_installed_package_information.package_discovery:Found 7 installed packages in /home/chakrapani/octomap_ws/install
[0.413s] DEBUG:colcon.colcon_installed_package_information.package_discovery:Found 2 installed packages in /home/chakrapani/drone_files/drone_repos/install
[0.414s] DEBUG:colcon.colcon_installed_package_information.package_discovery:Found 1 installed packages in /home/chakrapani/px4_ros_ws/install
[0.416s] DEBUG:colcon.colcon_installed_package_information.package_discovery:Found 341 installed packages in /opt/ros/humble
[0.418s] Level 1:colcon.colcon_core.package_discovery:discover_packages(prefix_path) using defaults
[0.472s] Level 5:colcon.colcon_core.verb:set package 'drone_interfaces' build argument 'cmake_args' from command line to 'None'
[0.472s] Level 5:colcon.colcon_core.verb:set package 'drone_interfaces' build argument 'cmake_target' from command line to 'None'
[0.472s] Level 5:colcon.colcon_core.verb:set package 'drone_interfaces' build argument 'cmake_target_skip_unavailable' from command line to 'False'
[0.472s] Level 5:colcon.colcon_core.verb:set package 'drone_interfaces' build argument 'cmake_clean_cache' from command line to 'False'
[0.472s] Level 5:colcon.colcon_core.verb:set package 'drone_interfaces' build argument 'cmake_clean_first' from command line to 'False'
[0.472s] Level 5:colcon.colcon_core.verb:set package 'drone_interfaces' build argument 'cmake_force_configure' from command line to 'False'
[0.472s] Level 5:colcon.colcon_core.verb:set package 'drone_interfaces' build argument 'ament_cmake_args' from command line to 'None'
[0.472s] Level 5:colcon.colcon_core.verb:set package 'drone_interfaces' build argument 'catkin_cmake_args' from command line to 'None'
[0.472s] Level 5:colcon.colcon_core.verb:set package 'drone_interfaces' build argument 'catkin_skip_building_tests' from command line to 'False'
[0.472s] DEBUG:colcon.colcon_core.verb:Building package 'drone_interfaces' with the following arguments: {'ament_cmake_args': None, 'build_base': '/home/chakrapani/drone_files/IITI_SOC/gcs_ws/build/drone_interfaces', 'catkin_cmake_args': None, 'catkin_skip_building_tests': False, 'cmake_args': None, 'cmake_clean_cache': False, 'cmake_clean_first': False, 'cmake_force_configure': False, 'cmake_target': None, 'cmake_target_skip_unavailable': False, 'install_base': '/home/chakrapani/drone_files/IITI_SOC/gcs_ws/install/drone_interfaces', 'merge_install': False, 'path': '/home/chakrapani/drone_files/IITI_SOC/gcs_ws/src/drone_interfaces', 'symlink_install': False, 'test_result_base': None}
[0.473s] Level 5:colcon.colcon_core.verb:set package 'drone_launch' build argument 'cmake_args' from command line to 'None'
[0.473s] Level 5:colcon.colcon_core.verb:set package 'drone_launch' build argument 'cmake_target' from command line to 'None'
[0.473s] Level 5:colcon.colcon_core.verb:set package 'drone_launch' build argument 'cmake_target_skip_unavailable' from command line to 'False'
[0.473s] Level 5:colcon.colcon_core.verb:set package 'drone_launch' build argument 'cmake_clean_cache' from command line to 'False'
[0.473s] Level 5:colcon.colcon_core.verb:set package 'drone_launch' build argument 'cmake_clean_first' from command line to 'False'
[0.473s] Level 5:colcon.colcon_core.verb:set package 'drone_launch' build argument 'cmake_force_configure' from command line to 'False'
[0.473s] Level 5:colcon.colcon_core.verb:set package 'drone_launch' build argument 'ament_cmake_args' from command line to 'None'
[0.473s] Level 5:colcon.colcon_core.verb:set package 'drone_launch' build argument 'catkin_cmake_args' from command line to 'None'
[0.473s] Level 5:colcon.colcon_core.verb:set package 'drone_launch' build argument 'catkin_skip_building_tests' from command line to 'False'
[0.473s] DEBUG:colcon.colcon_core.verb:Building package 'drone_launch' with the following arguments: {'ament_cmake_args': None, 'build_base': '/home/chakrapani/drone_files/IITI_SOC/gcs_ws/build/drone_launch', 'catkin_cmake_args': None, 'catkin_skip_building_tests': False, 'cmake_args': None, 'cmake_clean_cache': False, 'cmake_clean_first': False, 'cmake_force_configure': False, 'cmake_target': None, 'cmake_target_skip_unavailable': False, 'install_base': '/home/chakrapani/drone_files/IITI_SOC/gcs_ws/install/drone_launch', 'merge_install': False, 'path': '/home/chakrapani/drone_files/IITI_SOC/gcs_ws/src/drone_launch', 'symlink_install': False, 'test_result_base': None}
[0.473s] Level 5:colcon.colcon_core.verb:set package 'mission_utils' build argument 'cmake_args' from command line to 'None'
[0.474s] Level 5:colcon.colcon_core.verb:set package 'mission_utils' build argument 'cmake_target' from command line to 'None'
[0.474s] Level 5:colcon.colcon_core.verb:set package 'mission_utils' build argument 'cmake_target_skip_unavailable' from command line to 'False'
[0.474s] Level 5:colcon.colcon_core.verb:set package 'mission_utils' build argument 'cmake_clean_cache' from command line to 'False'
[0.474s] Level 5:colcon.colcon_core.verb:set package 'mission_utils' build argument 'cmake_clean_first' from command line to 'False'
[0.474s] Level 5:colcon.colcon_core.verb:set package 'mission_utils' build argument 'cmake_force_configure' from command line to 'False'
[0.474s] Level 5:colcon.colcon_core.verb:set package 'mission_utils' build argument 'ament_cmake_args' from command line to 'None'
[0.474s] Level 5:colcon.colcon_core.verb:set package 'mission_utils' build argument 'catkin_cmake_args' from command line to 'None'
[0.474s] Level 5:colcon.colcon_core.verb:set package 'mission_utils' build argument 'catkin_skip_building_tests' from command line to 'False'
[0.474s] DEBUG:colcon.colcon_core.verb:Building package 'mission_utils' with the following arguments: {'ament_cmake_args': None, 'build_base': '/home/chakrapani/drone_files/IITI_SOC/gcs_ws/build/mission_utils', 'catkin_cmake_args': None, 'catkin_skip_building_tests': False, 'cmake_args': None, 'cmake_clean_cache': False, 'cmake_clean_first': False, 'cmake_force_configure': False, 'cmake_target': None, 'cmake_target_skip_unavailable': False, 'install_base': '/home/chakrapani/drone_files/IITI_SOC/gcs_ws/install/mission_utils', 'merge_install': False, 'path': '/home/chakrapani/drone_files/IITI_SOC/gcs_ws/src/mission_utils', 'symlink_install': False, 'test_result_base': None}
[0.474s] Level 5:colcon.colcon_core.verb:set package 'drone_1_manager' build argument 'cmake_args' from command line to 'None'
[0.474s] Level 5:colcon.colcon_core.verb:set package 'drone_1_manager' build argument 'cmake_target' from command line to 'None'
[0.474s] Level 5:colcon.colcon_core.verb:set package 'drone_1_manager' build argument 'cmake_target_skip_unavailable' from command line to 'False'
[0.474s] Level 5:colcon.colcon_core.verb:set package 'drone_1_manager' build argument 'cmake_clean_cache' from command line to 'False'
[0.474s] Level 5:colcon.colcon_core.verb:set package 'drone_1_manager' build argument 'cmake_clean_first' from command line to 'False'
[0.474s] Level 5:colcon.colcon_core.verb:set package 'drone_1_manager' build argument 'cmake_force_configure' from command line to 'False'
[0.474s] Level 5:colcon.colcon_core.verb:set package 'drone_1_manager' build argument 'ament_cmake_args' from command line to 'None'
[0.474s] Level 5:colcon.colcon_core.verb:set package 'drone_1_manager' build argument 'catkin_cmake_args' from command line to 'None'
[0.474s] Level 5:colcon.colcon_core.verb:set package 'drone_1_manager' build argument 'catkin_skip_building_tests' from command line to 'False'
[0.474s] DEBUG:colcon.colcon_core.verb:Building package 'drone_1_manager' with the following arguments: {'ament_cmake_args': None, 'build_base': '/home/chakrapani/drone_files/IITI_SOC/gcs_ws/build/drone_1_manager', 'catkin_cmake_args': None, 'catkin_skip_building_tests': False, 'cmake_args': None, 'cmake_clean_cache': False, 'cmake_clean_first': False, 'cmake_force_configure': False, 'cmake_target': None, 'cmake_target_skip_unavailable': False, 'install_base': '/home/chakrapani/drone_files/IITI_SOC/gcs_ws/install/drone_1_manager', 'merge_install': False, 'path': '/home/chakrapani/drone_files/IITI_SOC/gcs_ws/src/drone_1_manager', 'symlink_install': False, 'test_result_base': None}
[0.475s] Level 5:colcon.colcon_core.verb:set package 'drone_2_manager' build argument 'cmake_args' from command line to 'None'
[0.475s] Level 5:colcon.colcon_core.verb:set package 'drone_2_manager' build argument 'cmake_target' from command line to 'None'
[0.475s] Level 5:colcon.colcon_core.verb:set package 'drone_2_manager' build argument 'cmake_target_skip_unavailable' from command line to 'False'
[0.475s] Level 5:colcon.colcon_core.verb:set package 'drone_2_manager' build argument 'cmake_clean_cache' from command line to 'False'
[0.475s] Level 5:colcon.colcon_core.verb:set package 'drone_2_manager' build argument 'cmake_clean_first' from command line to 'False'
[0.475s] Level 5:colcon.colcon_core.verb:set package 'drone_2_manager' build argument 'cmake_force_configure' from command line to 'False'
[0.475s] Level 5:colcon.colcon_core.verb:set package 'drone_2_manager' build argument 'ament_cmake_args' from command line to 'None'
[0.475s] Level 5:colcon.colcon_core.verb:set package 'drone_2_manager' build argument 'catkin_cmake_args' from command line to 'None'
[0.475s] Level 5:colcon.colcon_core.verb:set package 'drone_2_manager' build argument 'catkin_skip_building_tests' from command line to 'False'
[0.475s] DEBUG:colcon.colcon_core.verb:Building package 'drone_2_manager' with the following arguments: {'ament_cmake_args': None, 'build_base': '/home/chakrapani/drone_files/IITI_SOC/gcs_ws/build/drone_2_manager', 'catkin_cmake_args': None, 'catkin_skip_building_tests': False, 'cmake_args': None, 'cmake_clean_cache': False, 'cmake_clean_first': False, 'cmake_force_configure': False, 'cmake_target': None, 'cmake_target_skip_unavailable': False, 'install_base': '/home/chakrapani/drone_files/IITI_SOC/gcs_ws/install/drone_2_manager', 'merge_install': False, 'path': '/home/chakrapani/drone_files/IITI_SOC/gcs_ws/src/drone_2_manager', 'symlink_install': False, 'test_result_base': None}
[0.475s] Level 5:colcon.colcon_core.verb:set package 'gcs_controller' build argument 'cmake_args' from command line to 'None'
[0.476s] Level 5:colcon.colcon_core.verb:set package 'gcs_controller' build argument 'cmake_target' from command line to 'None'
[0.476s] Level 5:colcon.colcon_core.verb:set package 'gcs_controller' build argument 'cmake_target_skip_unavailable' from command line to 'False'
[0.476s] Level 5:colcon.colcon_core.verb:set package 'gcs_controller' build argument 'cmake_clean_cache' from command line to 'False'
[0.476s] Level 5:colcon.colcon_core.verb:set package 'gcs_controller' build argument 'cmake_clean_first' from command line to 'False'
[0.476s] Level 5:colcon.colcon_core.verb:set package 'gcs_controller' build argument 'cmake_force_configure' from command line to 'False'
[0.476s] Level 5:colcon.colcon_core.verb:set package 'gcs_controller' build argument 'ament_cmake_args' from command line to 'None'
[0.476s] Level 5:colcon.colcon_core.verb:set package 'gcs_controller' build argument 'catkin_cmake_args' from command line to 'None'
[0.476s] Level 5:colcon.colcon_core.verb:set package 'gcs_controller' build argument 'catkin_skip_building_tests' from command line to 'False'
[0.476s] DEBUG:colcon.colcon_core.verb:Building package 'gcs_controller' with the following arguments: {'ament_cmake_args': None, 'build_base': '/home/chakrapani/drone_files/IITI_SOC/gcs_ws/build/gcs_controller', 'catkin_cmake_args': None, 'catkin_skip_building_tests': False, 'cmake_args': None, 'cmake_clean_cache': False, 'cmake_clean_first': False, 'cmake_force_configure': False, 'cmake_target': None, 'cmake_target_skip_unavailable': False, 'install_base': '/home/chakrapani/drone_files/IITI_SOC/gcs_ws/install/gcs_controller', 'merge_install': False, 'path': '/home/chakrapani/drone_files/IITI_SOC/gcs_ws/src/gcs_controller', 'symlink_install': False, 'test_result_base': None}
[0.476s] INFO:colcon.colcon_core.executor:Executing jobs using 'parallel' executor
[0.477s] DEBUG:colcon.colcon_parallel_executor.executor.parallel:run_until_complete
[0.478s] INFO:colcon.colcon_ros.task.ament_cmake.build:Building ROS package in '/home/chakrapani/drone_files/IITI_SOC/gcs_ws/src/drone_interfaces' with build type 'ament_cmake'
[0.478s] INFO:colcon.colcon_cmake.task.cmake.build:Building CMake package in '/home/chakrapani/drone_files/IITI_SOC/gcs_ws/src/drone_interfaces'
[0.480s] INFO:colcon.colcon_core.plugin_system:Skipping extension 'colcon_core.shell.bat': Not used on non-Windows systems
[0.480s] INFO:colcon.colcon_core.shell:Skip shell extension 'powershell' for command environment: Not usable outside of PowerShell
[0.481s] DEBUG:colcon.colcon_core.shell:Skip shell extension 'dsv' for command environment
[0.487s] INFO:colcon.colcon_ros.task.ament_python.build:Building ROS package in '/home/chakrapani/drone_files/IITI_SOC/gcs_ws/src/mission_utils' with build type 'ament_python'
[0.487s] Level 1:colcon.colcon_core.shell:create_environment_hook('mission_utils', 'ament_prefix_path')
[0.488s] INFO:colcon.colcon_core.shell:Creating environment hook '/home/chakrapani/drone_files/IITI_SOC/gcs_ws/install/mission_utils/share/mission_utils/hook/ament_prefix_path.ps1'
[0.489s] INFO:colcon.colcon_core.shell:Creating environment descriptor '/home/chakrapani/drone_files/IITI_SOC/gcs_ws/install/mission_utils/share/mission_utils/hook/ament_prefix_path.dsv'
[0.490s] INFO:colcon.colcon_core.shell:Creating environment hook '/home/chakrapani/drone_files/IITI_SOC/gcs_ws/install/mission_utils/share/mission_utils/hook/ament_prefix_path.sh'
[0.492s] INFO:colcon.colcon_core.shell:Skip shell extension 'powershell' for command environment: Not usable outside of PowerShell
[0.492s] DEBUG:colcon.colcon_core.shell:Skip shell extension 'dsv' for command environment
[0.508s] DEBUG:colcon.colcon_core.event_handler.log_command:Invoking command in '/home/chakrapani/drone_files/IITI_SOC/gcs_ws/build/drone_interfaces': CMAKE_PREFIX_PATH=${CMAKE_PREFIX_PATH}:/home/chakrapani/drone_files/IITI_SOC/gcs_ws/install/gcs_controller:/home/chakrapani/drone_files/IITI_SOC/gcs_ws/install/mission_utils:/home/chakrapani/drone_files/IITI_SOC/gcs_ws/install/drone_launch:/home/chakrapani/drone_files/IITI_SOC/gcs_ws/install/drone_2_manager:/home/chakrapani/drone_files/IITI_SOC/gcs_ws/install/drone_1_manager:/home/chakrapani/ros2_px4_offboard_example_ws/install/px4_offboard:/home/chakrapani/octomap_ws/install/px4_odometry_converter:/home/chakrapani/octomap_ws/install/px4_localization:/home/chakrapani/px4_ros_ws/install/px4_offboard:/opt/ros/humble /usr/bin/cmake --build /home/chakrapani/drone_files/IITI_SOC/gcs_ws/build/drone_interfaces -- -j2 -l2
[1.203s] INFO:colcon.colcon_core.task.python.build:Building Python package in '/home/chakrapani/drone_files/IITI_SOC/gcs_ws/src/mission_utils'
[1.204s] INFO:colcon.colcon_core.shell:Skip shell extension 'powershell' for command environment: Not usable outside of PowerShell
[1.204s] DEBUG:colcon.colcon_core.shell:Skip shell extension 'dsv' for command environment
[1.390s] DEBUG:colcon.colcon_core.event_handler.log_command:Invoked command in '/home/chakrapani/drone_files/IITI_SOC/gcs_ws/build/drone_interfaces' returned '0': CMAKE_PREFIX_PATH=${CMAKE_PREFIX_PATH}:/home/chakrapani/drone_files/IITI_SOC/gcs_ws/install/gcs_controller:/home/chakrapani/drone_files/IITI_SOC/gcs_ws/install/mission_utils:/home/chakrapani/drone_files/IITI_SOC/gcs_ws/install/drone_launch:/home/chakrapani/drone_files/IITI_SOC/gcs_ws/install/drone_2_manager:/home/chakrapani/drone_files/IITI_SOC/gcs_ws/install/drone_1_manager:/home/chakrapani/ros2_px4_offboard_example_ws/install/px4_offboard:/home/chakrapani/octomap_ws/install/px4_odometry_converter:/home/chakrapani/octomap_ws/install/px4_localization:/home/chakrapani/px4_ros_ws/install/px4_offboard:/opt/ros/humble /usr/bin/cmake --build /home/chakrapani/drone_files/IITI_SOC/gcs_ws/build/drone_interfaces -- -j2 -l2
[1.400s] DEBUG:colcon.colcon_core.event_handler.log_command:Invoking command in '/home/chakrapani/drone_files/IITI_SOC/gcs_ws/build/drone_interfaces': CMAKE_PREFIX_PATH=${CMAKE_PREFIX_PATH}:/home/chakrapani/drone_files/IITI_SOC/gcs_ws/install/gcs_controller:/home/chakrapani/drone_files/IITI_SOC/gcs_ws/install/mission_utils:/home/chakrapani/drone_files/IITI_SOC/gcs_ws/install/drone_launch:/home/chakrapani/drone_files/IITI_SOC/gcs_ws/install/drone_2_manager:/home/chakrapani/drone_files/IITI_SOC/gcs_ws/install/drone_1_manager:/home/chakrapani/ros2_px4_offboard_example_ws/install/px4_offboard:/home/chakrapani/octomap_ws/install/px4_odometry_converter:/home/chakrapani/octomap_ws/install/px4_localization:/home/chakrapani/px4_ros_ws/install/px4_offboard:/opt/ros/humble /usr/bin/cmake --install /home/chakrapani/drone_files/IITI_SOC/gcs_ws/build/drone_interfaces
[1.603s] Level 1:colcon.colcon_core.environment:create_environment_scripts_only(drone_interfaces)
[1.608s] Level 1:colcon.colcon_core.environment:checking '/home/chakrapani/drone_files/IITI_SOC/gcs_ws/install/drone_interfaces' for CMake module files
[1.610s] DEBUG:colcon.colcon_core.event_handler.log_command:Invoked command in '/home/chakrapani/drone_files/IITI_SOC/gcs_ws/build/drone_interfaces' returned '0': CMAKE_PREFIX_PATH=${CMAKE_PREFIX_PATH}:/home/chakrapani/drone_files/IITI_SOC/gcs_ws/install/gcs_controller:/home/chakrapani/drone_files/IITI_SOC/gcs_ws/install/mission_utils:/home/chakrapani/drone_files/IITI_SOC/gcs_ws/install/drone_launch:/home/chakrapani/drone_files/IITI_SOC/gcs_ws/install/drone_2_manager:/home/chakrapani/drone_files/IITI_SOC/gcs_ws/install/drone_1_manager:/home/chakrapani/ros2_px4_offboard_example_ws/install/px4_offboard:/home/chakrapani/octomap_ws/install/px4_odometry_converter:/home/chakrapani/octomap_ws/install/px4_localization:/home/chakrapani/px4_ros_ws/install/px4_offboard:/opt/ros/humble /usr/bin/cmake --install /home/chakrapani/drone_files/IITI_SOC/gcs_ws/build/drone_interfaces
[1.610s] Level 1:colcon.colcon_core.environment:checking '/home/chakrapani/drone_files/IITI_SOC/gcs_ws/install/drone_interfaces' for CMake config files
[1.610s] Level 1:colcon.colcon_core.shell:create_environment_hook('drone_interfaces', 'cmake_prefix_path')
[1.611s] INFO:colcon.colcon_core.shell:Creating environment hook '/home/chakrapani/drone_files/IITI_SOC/gcs_ws/install/drone_interfaces/share/drone_interfaces/hook/cmake_prefix_path.ps1'
[1.611s] INFO:colcon.colcon_core.shell:Creating environment descriptor '/home/chakrapani/drone_files/IITI_SOC/gcs_ws/install/drone_interfaces/share/drone_interfaces/hook/cmake_prefix_path.dsv'
[1.612s] INFO:colcon.colcon_core.shell:Creating environment hook '/home/chakrapani/drone_files/IITI_SOC/gcs_ws/install/drone_interfaces/share/drone_interfaces/hook/cmake_prefix_path.sh'
[1.612s] Level 1:colcon.colcon_core.environment:checking '/home/chakrapani/drone_files/IITI_SOC/gcs_ws/install/drone_interfaces/lib'
[1.613s] Level 1:colcon.colcon_core.shell:create_environment_hook('drone_interfaces', 'ld_library_path_lib')
[1.613s] INFO:colcon.colcon_core.shell:Creating environment hook '/home/chakrapani/drone_files/IITI_SOC/gcs_ws/install/drone_interfaces/share/drone_interfaces/hook/ld_library_path_lib.ps1'
[1.614s] INFO:colcon.colcon_core.shell:Creating environment descriptor '/home/chakrapani/drone_files/IITI_SOC/gcs_ws/install/drone_interfaces/share/drone_interfaces/hook/ld_library_path_lib.dsv'
[1.614s] INFO:colcon.colcon_core.shell:Creating environment hook '/home/chakrapani/drone_files/IITI_SOC/gcs_ws/install/drone_interfaces/share/drone_interfaces/hook/ld_library_path_lib.sh'
[1.614s] Level 1:colcon.colcon_core.environment:checking '/home/chakrapani/drone_files/IITI_SOC/gcs_ws/install/drone_interfaces/bin'
[1.615s] Level 1:colcon.colcon_core.environment:checking '/home/chakrapani/drone_files/IITI_SOC/gcs_ws/install/drone_interfaces/lib/pkgconfig/drone_interfaces.pc'
[1.615s] Level 1:colcon.colcon_core.environment:checking '/home/chakrapani/drone_files/IITI_SOC/gcs_ws/install/drone_interfaces/lib/python3.10/site-packages'
[1.615s] Level 1:colcon.colcon_core.environment:checking '/home/chakrapani/drone_files/IITI_SOC/gcs_ws/install/drone_interfaces/bin'
[1.616s] INFO:colcon.colcon_core.shell:Creating package script '/home/chakrapani/drone_files/IITI_SOC/gcs_ws/install/drone_interfaces/share/drone_interfaces/package.ps1'
[1.617s] INFO:colcon.colcon_core.shell:Creating package descriptor '/home/chakrapani/drone_files/IITI_SOC/gcs_ws/install/drone_interfaces/share/drone_interfaces/package.dsv'
[1.618s] INFO:colcon.colcon_core.shell:Creating package script '/home/chakrapani/drone_files/IITI_SOC/gcs_ws/install/drone_interfaces/share/drone_interfaces/package.sh'
[1.618s] INFO:colcon.colcon_core.shell:Creating package script '/home/chakrapani/drone_files/IITI_SOC/gcs_ws/install/drone_interfaces/share/drone_interfaces/package.bash'
[1.619s] INFO:colcon.colcon_core.shell:Creating package script '/home/chakrapani/drone_files/IITI_SOC/gcs_ws/install/drone_interfaces/share/drone_interfaces/package.zsh'
[1.623s] Level 1:colcon.colcon_core.environment:create_file_with_runtime_dependencies(/home/chakrapani/drone_files/IITI_SOC/gcs_ws/install/drone_interfaces/share/colcon-core/packages/drone_interfaces)
[1.624s] Level 1:colcon.colcon_core.environment:create_environment_scripts_only(drone_interfaces)
[1.624s] Level 1:colcon.colcon_core.environment:checking '/home/chakrapani/drone_files/IITI_SOC/gcs_ws/install/drone_interfaces' for CMake module files
[1.625s] Level 1:colcon.colcon_core.environment:checking '/home/chakrapani/drone_files/IITI_SOC/gcs_ws/install/drone_interfaces' for CMake config files
[1.625s] Level 1:colcon.colcon_core.shell:create_environment_hook('drone_interfaces', 'cmake_prefix_path')
[1.626s] INFO:colcon.colcon_core.shell:Creating environment hook '/home/chakrapani/drone_files/IITI_SOC/gcs_ws/install/drone_interfaces/share/drone_interfaces/hook/cmake_prefix_path.ps1'
[1.626s] INFO:colcon.colcon_core.shell:Creating environment descriptor '/home/chakrapani/drone_files/IITI_SOC/gcs_ws/install/drone_interfaces/share/drone_interfaces/hook/cmake_prefix_path.dsv'
[1.627s] INFO:colcon.colcon_core.shell:Creating environment hook '/home/chakrapani/drone_files/IITI_SOC/gcs_ws/install/drone_interfaces/share/drone_interfaces/hook/cmake_prefix_path.sh'
[1.627s] Level 1:colcon.colcon_core.environment:checking '/home/chakrapani/drone_files/IITI_SOC/gcs_ws/install/drone_interfaces/lib'
[1.627s] Level 1:colcon.colcon_core.shell:create_environment_hook('drone_interfaces', 'ld_library_path_lib')
[1.628s] INFO:colcon.colcon_core.shell:Creating environment hook '/home/chakrapani/drone_files/IITI_SOC/gcs_ws/install/drone_interfaces/share/drone_interfaces/hook/ld_library_path_lib.ps1'
[1.628s] INFO:colcon.colcon_core.shell:Creating environment descriptor '/home/chakrapani/drone_files/IITI_SOC/gcs_ws/install/drone_interfaces/share/drone_interfaces/hook/ld_library_path_lib.dsv'
[1.629s] INFO:colcon.colcon_core.shell:Creating environment hook '/home/chakrapani/drone_files/IITI_SOC/gcs_ws/install/drone_interfaces/share/drone_interfaces/hook/ld_library_path_lib.sh'
[1.629s] Level 1:colcon.colcon_core.environment:checking '/home/chakrapani/drone_files/IITI_SOC/gcs_ws/install/drone_interfaces/bin'
[1.629s] Level 1:colcon.colcon_core.environment:checking '/home/chakrapani/drone_files/IITI_SOC/gcs_ws/install/drone_interfaces/lib/pkgconfig/drone_interfaces.pc'
[1.630s] Level 1:colcon.colcon_core.environment:checking '/home/chakrapani/drone_files/IITI_SOC/gcs_ws/install/drone_interfaces/lib/python3.10/site-packages'
[1.630s] Level 1:colcon.colcon_core.environment:checking '/home/chakrapani/drone_files/IITI_SOC/gcs_ws/install/drone_interfaces/bin'
[1.630s] INFO:colcon.colcon_core.shell:Creating package script '/home/chakrapani/drone_files/IITI_SOC/gcs_ws/install/drone_interfaces/share/drone_interfaces/package.ps1'
[1.631s] INFO:colcon.colcon_core.shell:Creating package descriptor '/home/chakrapani/drone_files/IITI_SOC/gcs_ws/install/drone_interfaces/share/drone_interfaces/package.dsv'
[1.632s] INFO:colcon.colcon_core.shell:Creating package script '/home/chakrapani/drone_files/IITI_SOC/gcs_ws/install/drone_interfaces/share/drone_interfaces/package.sh'
[1.632s] INFO:colcon.colcon_core.shell:Creating package script '/home/chakrapani/drone_files/IITI_SOC/gcs_ws/install/drone_interfaces/share/drone_interfaces/package.bash'
[1.633s] INFO:colcon.colcon_core.shell:Creating package script '/home/chakrapani/drone_files/IITI_SOC/gcs_ws/install/drone_interfaces/share/drone_interfaces/package.zsh'
[1.633s] Level 1:colcon.colcon_core.environment:create_file_with_runtime_dependencies(/home/chakrapani/drone_files/IITI_SOC/gcs_ws/install/drone_interfaces/share/colcon-core/packages/drone_interfaces)
[1.634s] INFO:colcon.colcon_ros.task.ament_python.build:Building ROS package in '/home/chakrapani/drone_files/IITI_SOC/gcs_ws/src/drone_launch' with build type 'ament_python'
[1.634s] Level 1:colcon.colcon_core.shell:create_environment_hook('drone_launch', 'ament_prefix_path')
[1.635s] INFO:colcon.colcon_core.shell:Creating environment hook '/home/chakrapani/drone_files/IITI_SOC/gcs_ws/install/drone_launch/share/drone_launch/hook/ament_prefix_path.ps1'
[1.635s] INFO:colcon.colcon_core.shell:Creating environment descriptor '/home/chakrapani/drone_files/IITI_SOC/gcs_ws/install/drone_launch/share/drone_launch/hook/ament_prefix_path.dsv'
[1.636s] INFO:colcon.colcon_core.shell:Creating environment hook '/home/chakrapani/drone_files/IITI_SOC/gcs_ws/install/drone_launch/share/drone_launch/hook/ament_prefix_path.sh'
[1.636s] INFO:colcon.colcon_core.shell:Skip shell extension 'powershell' for command environment: Not usable outside of PowerShell
[1.636s] DEBUG:colcon.colcon_core.shell:Skip shell extension 'dsv' for command environment
[2.006s] INFO:colcon.colcon_core.task.python.build:Building Python package in '/home/chakrapani/drone_files/IITI_SOC/gcs_ws/src/drone_launch'
[2.006s] INFO:colcon.colcon_core.shell:Skip shell extension 'powershell' for command environment: Not usable outside of PowerShell
[2.006s] DEBUG:colcon.colcon_core.shell:Skip shell extension 'dsv' for command environment
[2.016s] DEBUG:colcon.colcon_core.event_handler.log_command:Invoking command in '/home/chakrapani/drone_files/IITI_SOC/gcs_ws/src/mission_utils': PYTHONPATH=/home/chakrapani/drone_files/IITI_SOC/gcs_ws/build/mission_utils/prefix_override:/usr/lib/python3/dist-packages/colcon_core/task/python/colcon_distutils_commands:/home/chakrapani/drone_files/IITI_SOC/gcs_ws/install/mission_utils/lib/python3.10/site-packages:${PYTHONPATH} /usr/bin/python3 -W ignore:setup.py install is deprecated -W ignore:easy_install command is deprecated setup.py egg_info --egg-base ../../build/mission_utils build --build-base /home/chakrapani/drone_files/IITI_SOC/gcs_ws/build/mission_utils/build install --record /home/chakrapani/drone_files/IITI_SOC/gcs_ws/build/mission_utils/install.log --single-version-externally-managed install_data
[2.418s] Level 1:colcon.colcon_core.environment:checking '/home/chakrapani/drone_files/IITI_SOC/gcs_ws/install/mission_utils' for CMake module files
[2.419s] DEBUG:colcon.colcon_core.event_handler.log_command:Invoked command in '/home/chakrapani/drone_files/IITI_SOC/gcs_ws/src/mission_utils' returned '0': PYTHONPATH=/home/chakrapani/drone_files/IITI_SOC/gcs_ws/build/mission_utils/prefix_override:/usr/lib/python3/dist-packages/colcon_core/task/python/colcon_distutils_commands:/home/chakrapani/drone_files/IITI_SOC/gcs_ws/install/mission_utils/lib/python3.10/site-packages:${PYTHONPATH} /usr/bin/python3 -W ignore:setup.py install is deprecated -W ignore:easy_install command is deprecated setup.py egg_info --egg-base ../../build/mission_utils build --build-base /home/chakrapani/drone_files/IITI_SOC/gcs_ws/build/mission_utils/build install --record /home/chakrapani/drone_files/IITI_SOC/gcs_ws/build/mission_utils/install.log --single-version-externally-managed install_data
[2.420s] Level 1:colcon.colcon_core.environment:checking '/home/chakrapani/drone_files/IITI_SOC/gcs_ws/install/mission_utils' for CMake config files
[2.420s] Level 1:colcon.colcon_core.environment:checking '/home/chakrapani/drone_files/IITI_SOC/gcs_ws/install/mission_utils/lib'
[2.421s] Level 1:colcon.colcon_core.environment:checking '/home/chakrapani/drone_files/IITI_SOC/gcs_ws/install/mission_utils/bin'
[2.421s] Level 1:colcon.colcon_core.environment:checking '/home/chakrapani/drone_files/IITI_SOC/gcs_ws/install/mission_utils/lib/pkgconfig/mission_utils.pc'
[2.421s] Level 1:colcon.colcon_core.environment:checking '/home/chakrapani/drone_files/IITI_SOC/gcs_ws/install/mission_utils/lib/python3.10/site-packages'
[2.421s] Level 1:colcon.colcon_core.shell:create_environment_hook('mission_utils', 'pythonpath')
[2.422s] INFO:colcon.colcon_core.shell:Creating environment hook '/home/chakrapani/drone_files/IITI_SOC/gcs_ws/install/mission_utils/share/mission_utils/hook/pythonpath.ps1'
[2.423s] INFO:colcon.colcon_core.shell:Creating environment descriptor '/home/chakrapani/drone_files/IITI_SOC/gcs_ws/install/mission_utils/share/mission_utils/hook/pythonpath.dsv'
[2.423s] INFO:colcon.colcon_core.shell:Creating environment hook '/home/chakrapani/drone_files/IITI_SOC/gcs_ws/install/mission_utils/share/mission_utils/hook/pythonpath.sh'
[2.424s] Level 1:colcon.colcon_core.environment:checking '/home/chakrapani/drone_files/IITI_SOC/gcs_ws/install/mission_utils/bin'
[2.424s] Level 1:colcon.colcon_core.environment:create_environment_scripts_only(mission_utils)
[2.424s] INFO:colcon.colcon_core.shell:Creating package script '/home/chakrapani/drone_files/IITI_SOC/gcs_ws/install/mission_utils/share/mission_utils/package.ps1'
[2.428s] INFO:colcon.colcon_core.shell:Creating package descriptor '/home/chakrapani/drone_files/IITI_SOC/gcs_ws/install/mission_utils/share/mission_utils/package.dsv'
[2.429s] INFO:colcon.colcon_core.shell:Creating package script '/home/chakrapani/drone_files/IITI_SOC/gcs_ws/install/mission_utils/share/mission_utils/package.sh'
[2.430s] INFO:colcon.colcon_core.shell:Creating package script '/home/chakrapani/drone_files/IITI_SOC/gcs_ws/install/mission_utils/share/mission_utils/package.bash'
[2.430s] INFO:colcon.colcon_core.shell:Creating package script '/home/chakrapani/drone_files/IITI_SOC/gcs_ws/install/mission_utils/share/mission_utils/package.zsh'
[2.431s] Level 1:colcon.colcon_core.environment:create_file_with_runtime_dependencies(/home/chakrapani/drone_files/IITI_SOC/gcs_ws/install/mission_utils/share/colcon-core/packages/mission_utils)
[2.432s] INFO:colcon.colcon_ros.task.ament_python.build:Building ROS package in '/home/chakrapani/drone_files/IITI_SOC/gcs_ws/src/drone_1_manager' with build type 'ament_python'
[2.432s] Level 1:colcon.colcon_core.shell:create_environment_hook('drone_1_manager', 'ament_prefix_path')
[2.433s] INFO:colcon.colcon_core.shell:Creating environment hook '/home/chakrapani/drone_files/IITI_SOC/gcs_ws/install/drone_1_manager/share/drone_1_manager/hook/ament_prefix_path.ps1'
[2.434s] INFO:colcon.colcon_core.shell:Creating environment descriptor '/home/chakrapani/drone_files/IITI_SOC/gcs_ws/install/drone_1_manager/share/drone_1_manager/hook/ament_prefix_path.dsv'
[2.435s] INFO:colcon.colcon_core.shell:Creating environment hook '/home/chakrapani/drone_files/IITI_SOC/gcs_ws/install/drone_1_manager/share/drone_1_manager/hook/ament_prefix_path.sh'
[2.436s] INFO:colcon.colcon_core.shell:Skip shell extension 'powershell' for command environment: Not usable outside of PowerShell
[2.436s] DEBUG:colcon.colcon_core.shell:Skip shell extension 'dsv' for command environment
[2.822s] INFO:colcon.colcon_core.task.python.build:Building Python package in '/home/chakrapani/drone_files/IITI_SOC/gcs_ws/src/drone_1_manager'
[2.823s] INFO:colcon.colcon_core.shell:Skip shell extension 'powershell' for command environment: Not usable outside of PowerShell
[2.824s] DEBUG:colcon.colcon_core.shell:Skip shell extension 'dsv' for command environment
[2.839s] DEBUG:colcon.colcon_core.event_handler.log_command:Invoking command in '/home/chakrapani/drone_files/IITI_SOC/gcs_ws/src/drone_launch': PYTHONPATH=/home/chakrapani/drone_files/IITI_SOC/gcs_ws/build/drone_launch/prefix_override:/usr/lib/python3/dist-packages/colcon_core/task/python/colcon_distutils_commands:/home/chakrapani/drone_files/IITI_SOC/gcs_ws/install/drone_launch/lib/python3.10/site-packages:${PYTHONPATH} /usr/bin/python3 -W ignore:setup.py install is deprecated -W ignore:easy_install command is deprecated setup.py egg_info --egg-base ../../build/drone_launch build --build-base /home/chakrapani/drone_files/IITI_SOC/gcs_ws/build/drone_launch/build install --record /home/chakrapani/drone_files/IITI_SOC/gcs_ws/build/drone_launch/install.log --single-version-externally-managed install_data
[3.484s] Level 1:colcon.colcon_core.environment:checking '/home/chakrapani/drone_files/IITI_SOC/gcs_ws/install/drone_launch' for CMake module files
[3.484s] DEBUG:colcon.colcon_core.event_handler.log_command:Invoked command in '/home/chakrapani/drone_files/IITI_SOC/gcs_ws/src/drone_launch' returned '0': PYTHONPATH=/home/chakrapani/drone_files/IITI_SOC/gcs_ws/build/drone_launch/prefix_override:/usr/lib/python3/dist-packages/colcon_core/task/python/colcon_distutils_commands:/home/chakrapani/drone_files/IITI_SOC/gcs_ws/install/drone_launch/lib/python3.10/site-packages:${PYTHONPATH} /usr/bin/python3 -W ignore:setup.py install is deprecated -W ignore:easy_install command is deprecated setup.py egg_info --egg-base ../../build/drone_launch build --build-base /home/chakrapani/drone_files/IITI_SOC/gcs_ws/build/drone_launch/build install --record /home/chakrapani/drone_files/IITI_SOC/gcs_ws/build/drone_launch/install.log --single-version-externally-managed install_data
[3.486s] Level 1:colcon.colcon_core.environment:checking '/home/chakrapani/drone_files/IITI_SOC/gcs_ws/install/drone_launch' for CMake config files
[3.486s] Level 1:colcon.colcon_core.environment:checking '/home/chakrapani/drone_files/IITI_SOC/gcs_ws/install/drone_launch/lib'
[3.487s] Level 1:colcon.colcon_core.environment:checking '/home/chakrapani/drone_files/IITI_SOC/gcs_ws/install/drone_launch/bin'
[3.487s] Level 1:colcon.colcon_core.environment:checking '/home/chakrapani/drone_files/IITI_SOC/gcs_ws/install/drone_launch/lib/pkgconfig/drone_launch.pc'
[3.487s] Level 1:colcon.colcon_core.environment:checking '/home/chakrapani/drone_files/IITI_SOC/gcs_ws/install/drone_launch/lib/python3.10/site-packages'
[3.487s] Level 1:colcon.colcon_core.shell:create_environment_hook('drone_launch', 'pythonpath')
[3.488s] INFO:colcon.colcon_core.shell:Creating environment hook '/home/chakrapani/drone_files/IITI_SOC/gcs_ws/install/drone_launch/share/drone_launch/hook/pythonpath.ps1'
[3.490s] INFO:colcon.colcon_core.shell:Creating environment descriptor '/home/chakrapani/drone_files/IITI_SOC/gcs_ws/install/drone_launch/share/drone_launch/hook/pythonpath.dsv'
[3.491s] INFO:colcon.colcon_core.shell:Creating environment hook '/home/chakrapani/drone_files/IITI_SOC/gcs_ws/install/drone_launch/share/drone_launch/hook/pythonpath.sh'
[3.494s] Level 1:colcon.colcon_core.environment:checking '/home/chakrapani/drone_files/IITI_SOC/gcs_ws/install/drone_launch/bin'
[3.494s] Level 1:colcon.colcon_core.environment:create_environment_scripts_only(drone_launch)
[3.494s] INFO:colcon.colcon_core.shell:Creating package script '/home/chakrapani/drone_files/IITI_SOC/gcs_ws/install/drone_launch/share/drone_launch/package.ps1'
[3.495s] INFO:colcon.colcon_core.shell:Creating package descriptor '/home/chakrapani/drone_files/IITI_SOC/gcs_ws/install/drone_launch/share/drone_launch/package.dsv'
[3.498s] INFO:colcon.colcon_core.shell:Creating package script '/home/chakrapani/drone_files/IITI_SOC/gcs_ws/install/drone_launch/share/drone_launch/package.sh'
[3.501s] INFO:colcon.colcon_core.shell:Creating package script '/home/chakrapani/drone_files/IITI_SOC/gcs_ws/install/drone_launch/share/drone_launch/package.bash'
[3.502s] INFO:colcon.colcon_core.shell:Creating package script '/home/chakrapani/drone_files/IITI_SOC/gcs_ws/install/drone_launch/share/drone_launch/package.zsh'
[3.503s] Level 1:colcon.colcon_core.environment:create_file_with_runtime_dependencies(/home/chakrapani/drone_files/IITI_SOC/gcs_ws/install/drone_launch/share/colcon-core/packages/drone_launch)
[3.505s] INFO:colcon.colcon_ros.task.ament_python.build:Building ROS package in '/home/chakrapani/drone_files/IITI_SOC/gcs_ws/src/drone_2_manager' with build type 'ament_python'
[3.505s] Level 1:colcon.colcon_core.shell:create_environment_hook('drone_2_manager', 'ament_prefix_path')
[3.505s] INFO:colcon.colcon_core.shell:Creating environment hook '/home/chakrapani/drone_files/IITI_SOC/gcs_ws/install/drone_2_manager/share/drone_2_manager/hook/ament_prefix_path.ps1'
[3.510s] INFO:colcon.colcon_core.shell:Creating environment descriptor '/home/chakrapani/drone_files/IITI_SOC/gcs_ws/install/drone_2_manager/share/drone_2_manager/hook/ament_prefix_path.dsv'
[3.511s] INFO:colcon.colcon_core.shell:Creating environment hook '/home/chakrapani/drone_files/IITI_SOC/gcs_ws/install/drone_2_manager/share/drone_2_manager/hook/ament_prefix_path.sh'
[3.513s] INFO:colcon.colcon_core.shell:Skip shell extension 'powershell' for command environment: Not usable outside of PowerShell
[3.513s] DEBUG:colcon.colcon_core.shell:Skip shell extension 'dsv' for command environment
[4.117s] INFO:colcon.colcon_core.task.python.build:Building Python package in '/home/chakrapani/drone_files/IITI_SOC/gcs_ws/src/drone_2_manager'
[4.118s] INFO:colcon.colcon_core.shell:Skip shell extension 'powershell' for command environment: Not usable outside of PowerShell
[4.118s] DEBUG:colcon.colcon_core.shell:Skip shell extension 'dsv' for command environment
[4.135s] DEBUG:colcon.colcon_core.event_handler.log_command:Invoking command in '/home/chakrapani/drone_files/IITI_SOC/gcs_ws/src/drone_1_manager': PYTHONPATH=/home/chakrapani/drone_files/IITI_SOC/gcs_ws/build/drone_1_manager/prefix_override:/usr/lib/python3/dist-packages/colcon_core/task/python/colcon_distutils_commands:/home/chakrapani/drone_files/IITI_SOC/gcs_ws/install/drone_1_manager/lib/python3.10/site-packages:${PYTHONPATH} /usr/bin/python3 -W ignore:setup.py install is deprecated -W ignore:easy_install command is deprecated setup.py egg_info --egg-base ../../build/drone_1_manager build --build-base /home/chakrapani/drone_files/IITI_SOC/gcs_ws/build/drone_1_manager/build install --record /home/chakrapani/drone_files/IITI_SOC/gcs_ws/build/drone_1_manager/install.log --single-version-externally-managed install_data
[4.949s] Level 1:colcon.colcon_core.environment:checking '/home/chakrapani/drone_files/IITI_SOC/gcs_ws/install/drone_1_manager' for CMake module files
[4.950s] DEBUG:colcon.colcon_core.event_handler.log_command:Invoked command in '/home/chakrapani/drone_files/IITI_SOC/gcs_ws/src/drone_1_manager' returned '0': PYTHONPATH=/home/chakrapani/drone_files/IITI_SOC/gcs_ws/build/drone_1_manager/prefix_override:/usr/lib/python3/dist-packages/colcon_core/task/python/colcon_distutils_commands:/home/chakrapani/drone_files/IITI_SOC/gcs_ws/install/drone_1_manager/lib/python3.10/site-packages:${PYTHONPATH} /usr/bin/python3 -W ignore:setup.py install is deprecated -W ignore:easy_install command is deprecated setup.py egg_info --egg-base ../../build/drone_1_manager build --build-base /home/chakrapani/drone_files/IITI_SOC/gcs_ws/build/drone_1_manager/build install --record /home/chakrapani/drone_files/IITI_SOC/gcs_ws/build/drone_1_manager/install.log --single-version-externally-managed install_data
[4.951s] Level 1:colcon.colcon_core.environment:checking '/home/chakrapani/drone_files/IITI_SOC/gcs_ws/install/drone_1_manager' for CMake config files
[4.954s] Level 1:colcon.colcon_core.environment:checking '/home/chakrapani/drone_files/IITI_SOC/gcs_ws/install/drone_1_manager/lib'
[4.954s] Level 1:colcon.colcon_core.environment:checking '/home/chakrapani/drone_files/IITI_SOC/gcs_ws/install/drone_1_manager/bin'
[4.954s] Level 1:colcon.colcon_core.environment:checking '/home/chakrapani/drone_files/IITI_SOC/gcs_ws/install/drone_1_manager/lib/pkgconfig/drone_1_manager.pc'
[4.955s] Level 1:colcon.colcon_core.environment:checking '/home/chakrapani/drone_files/IITI_SOC/gcs_ws/install/drone_1_manager/lib/python3.10/site-packages'
[4.955s] Level 1:colcon.colcon_core.shell:create_environment_hook('drone_1_manager', 'pythonpath')
[4.957s] INFO:colcon.colcon_core.shell:Creating environment hook '/home/chakrapani/drone_files/IITI_SOC/gcs_ws/install/drone_1_manager/share/drone_1_manager/hook/pythonpath.ps1'
[4.959s] INFO:colcon.colcon_core.shell:Creating environment descriptor '/home/chakrapani/drone_files/IITI_SOC/gcs_ws/install/drone_1_manager/share/drone_1_manager/hook/pythonpath.dsv'
[4.961s] INFO:colcon.colcon_core.shell:Creating environment hook '/home/chakrapani/drone_files/IITI_SOC/gcs_ws/install/drone_1_manager/share/drone_1_manager/hook/pythonpath.sh'
[4.964s] Level 1:colcon.colcon_core.environment:checking '/home/chakrapani/drone_files/IITI_SOC/gcs_ws/install/drone_1_manager/bin'
[4.968s] Level 1:colcon.colcon_core.environment:create_environment_scripts_only(drone_1_manager)
[4.969s] INFO:colcon.colcon_core.shell:Creating package script '/home/chakrapani/drone_files/IITI_SOC/gcs_ws/install/drone_1_manager/share/drone_1_manager/package.ps1'
[4.975s] INFO:colcon.colcon_core.shell:Creating package descriptor '/home/chakrapani/drone_files/IITI_SOC/gcs_ws/install/drone_1_manager/share/drone_1_manager/package.dsv'
[4.975s] INFO:colcon.colcon_core.shell:Creating package script '/home/chakrapani/drone_files/IITI_SOC/gcs_ws/install/drone_1_manager/share/drone_1_manager/package.sh'
[4.978s] INFO:colcon.colcon_core.shell:Creating package script '/home/chakrapani/drone_files/IITI_SOC/gcs_ws/install/drone_1_manager/share/drone_1_manager/package.bash'
[4.980s] INFO:colcon.colcon_core.shell:Creating package script '/home/chakrapani/drone_files/IITI_SOC/gcs_ws/install/drone_1_manager/share/drone_1_manager/package.zsh'
[4.983s] Level 1:colcon.colcon_core.environment:create_file_with_runtime_dependencies(/home/chakrapani/drone_files/IITI_SOC/gcs_ws/install/drone_1_manager/share/colcon-core/packages/drone_1_manager)
[4.988s] INFO:colcon.colcon_ros.task.ament_python.build:Building ROS package in '/home/chakrapani/drone_files/IITI_SOC/gcs_ws/src/gcs_controller' with build type 'ament_python'
[4.988s] Level 1:colcon.colcon_core.shell:create_environment_hook('gcs_controller', 'ament_prefix_path')
[4.989s] INFO:colcon.colcon_core.shell:Creating environment hook '/home/chakrapani/drone_files/IITI_SOC/gcs_ws/install/gcs_controller/share/gcs_controller/hook/ament_prefix_path.ps1'
[4.989s] INFO:colcon.colcon_core.shell:Creating environment descriptor '/home/chakrapani/drone_files/IITI_SOC/gcs_ws/install/gcs_controller/share/gcs_controller/hook/ament_prefix_path.dsv'
[4.992s] INFO:colcon.colcon_core.shell:Creating environment hook '/home/chakrapani/drone_files/IITI_SOC/gcs_ws/install/gcs_controller/share/gcs_controller/hook/ament_prefix_path.sh'
[4.995s] INFO:colcon.colcon_core.shell:Skip shell extension 'powershell' for command environment: Not usable outside of PowerShell
[4.998s] DEBUG:colcon.colcon_core.shell:Skip shell extension 'dsv' for command environment
[5.023s] DEBUG:colcon.colcon_core.event_handler.log_command:Invoking command in '/home/chakrapani/drone_files/IITI_SOC/gcs_ws/src/drone_2_manager': PYTHONPATH=/home/chakrapani/drone_files/IITI_SOC/gcs_ws/build/drone_2_manager/prefix_override:/usr/lib/python3/dist-packages/colcon_core/task/python/colcon_distutils_commands:/home/chakrapani/drone_files/IITI_SOC/gcs_ws/install/drone_2_manager/lib/python3.10/site-packages:${PYTHONPATH} /usr/bin/python3 -W ignore:setup.py install is deprecated -W ignore:easy_install command is deprecated setup.py egg_info --egg-base ../../build/drone_2_manager build --build-base /home/chakrapani/drone_files/IITI_SOC/gcs_ws/build/drone_2_manager/build install --record /home/chakrapani/drone_files/IITI_SOC/gcs_ws/build/drone_2_manager/install.log --single-version-externally-managed install_data
[5.638s] INFO:colcon.colcon_core.task.python.build:Building Python package in '/home/chakrapani/drone_files/IITI_SOC/gcs_ws/src/gcs_controller'
[5.639s] INFO:colcon.colcon_core.shell:Skip shell extension 'powershell' for command environment: Not usable outside of PowerShell
[5.639s] DEBUG:colcon.colcon_core.shell:Skip shell extension 'dsv' for command environment
[5.703s] Level 1:colcon.colcon_core.environment:checking '/home/chakrapani/drone_files/IITI_SOC/gcs_ws/install/drone_2_manager' for CMake module files
[5.704s] Level 1:colcon.colcon_core.environment:checking '/home/chakrapani/drone_files/IITI_SOC/gcs_ws/install/drone_2_manager' for CMake config files
[5.704s] DEBUG:colcon.colcon_core.event_handler.log_command:Invoked command in '/home/chakrapani/drone_files/IITI_SOC/gcs_ws/src/drone_2_manager' returned '0': PYTHONPATH=/home/chakrapani/drone_files/IITI_SOC/gcs_ws/build/drone_2_manager/prefix_override:/usr/lib/python3/dist-packages/colcon_core/task/python/colcon_distutils_commands:/home/chakrapani/drone_files/IITI_SOC/gcs_ws/install/drone_2_manager/lib/python3.10/site-packages:${PYTHONPATH} /usr/bin/python3 -W ignore:setup.py install is deprecated -W ignore:easy_install command is deprecated setup.py egg_info --egg-base ../../build/drone_2_manager build --build-base /home/chakrapani/drone_files/IITI_SOC/gcs_ws/build/drone_2_manager/build install --record /home/chakrapani/drone_files/IITI_SOC/gcs_ws/build/drone_2_manager/install.log --single-version-externally-managed install_data
[5.705s] Level 1:colcon.colcon_core.environment:checking '/home/chakrapani/drone_files/IITI_SOC/gcs_ws/install/drone_2_manager/lib'
[5.705s] Level 1:colcon.colcon_core.environment:checking '/home/chakrapani/drone_files/IITI_SOC/gcs_ws/install/drone_2_manager/bin'
[5.706s] Level 1:colcon.colcon_core.environment:checking '/home/chakrapani/drone_files/IITI_SOC/gcs_ws/install/drone_2_manager/lib/pkgconfig/drone_2_manager.pc'
[5.706s] Level 1:colcon.colcon_core.environment:checking '/home/chakrapani/drone_files/IITI_SOC/gcs_ws/install/drone_2_manager/lib/python3.10/site-packages'
[5.706s] Level 1:colcon.colcon_core.shell:create_environment_hook('drone_2_manager', 'pythonpath')
[5.706s] INFO:colcon.colcon_core.shell:Creating environment hook '/home/chakrapani/drone_files/IITI_SOC/gcs_ws/install/drone_2_manager/share/drone_2_manager/hook/pythonpath.ps1'
[5.707s] INFO:colcon.colcon_core.shell:Creating environment descriptor '/home/chakrapani/drone_files/IITI_SOC/gcs_ws/install/drone_2_manager/share/drone_2_manager/hook/pythonpath.dsv'
[5.708s] INFO:colcon.colcon_core.shell:Creating environment hook '/home/chakrapani/drone_files/IITI_SOC/gcs_ws/install/drone_2_manager/share/drone_2_manager/hook/pythonpath.sh'
[5.709s] Level 1:colcon.colcon_core.environment:checking '/home/chakrapani/drone_files/IITI_SOC/gcs_ws/install/drone_2_manager/bin'
[5.709s] Level 1:colcon.colcon_core.environment:create_environment_scripts_only(drone_2_manager)
[5.710s] INFO:colcon.colcon_core.shell:Creating package script '/home/chakrapani/drone_files/IITI_SOC/gcs_ws/install/drone_2_manager/share/drone_2_manager/package.ps1'
[5.711s] INFO:colcon.colcon_core.shell:Creating package descriptor '/home/chakrapani/drone_files/IITI_SOC/gcs_ws/install/drone_2_manager/share/drone_2_manager/package.dsv'
[5.712s] INFO:colcon.colcon_core.shell:Creating package script '/home/chakrapani/drone_files/IITI_SOC/gcs_ws/install/drone_2_manager/share/drone_2_manager/package.sh'
[5.713s] INFO:colcon.colcon_core.shell:Creating package script '/home/chakrapani/drone_files/IITI_SOC/gcs_ws/install/drone_2_manager/share/drone_2_manager/package.bash'
[5.713s] INFO:colcon.colcon_core.shell:Creating package script '/home/chakrapani/drone_files/IITI_SOC/gcs_ws/install/drone_2_manager/share/drone_2_manager/package.zsh'
[5.714s] Level 1:colcon.colcon_core.environment:create_file_with_runtime_dependencies(/home/chakrapani/drone_files/IITI_SOC/gcs_ws/install/drone_2_manager/share/colcon-core/packages/drone_2_manager)
[6.102s] DEBUG:colcon.colcon_core.event_handler.log_command:Invoking command in '/home/chakrapani/drone_files/IITI_SOC/gcs_ws/src/gcs_controller': AMENT_PREFIX_PATH=/home/chakrapani/drone_files/IITI_SOC/gcs_ws/install/mission_utils:/home/chakrapani/drone_files/IITI_SOC/gcs_ws/install/gcs_controller:/home/chakrapani/drone_files/IITI_SOC/gcs_ws/install/drone_launch:/home/chakrapani/drone_files/IITI_SOC/gcs_ws/install/drone_2_manager:/home/chakrapani/drone_files/IITI_SOC/gcs_ws/install/drone_1_manager:/home/chakrapani/drone_files/IITI_SOC/gcs_ws/install/drone_interfaces:/home/chakrapani/ros2_px4_offboard_example_ws/install/px4_offboard:/home/chakrapani/ros2_px4_offboard_example_ws/install/px4_msgs:/home/chakrapani/octomap_ws/install/rtabmap_msgs:/home/chakrapani/octomap_ws/install/px4_odometry_converter:/home/chakrapani/octomap_ws/install/px4_localization:/home/chakrapani/octomap_ws/install/octomap_mapping:/home/chakrapani/octomap_ws/install/octomap_server:/home/chakrapani/octomap_ws/install/octomap_ros:/home/chakrapani/drone_files/drone_repos/install/px4_ros_com:/home/chakrapani/drone_files/drone_repos/install/px4_msgs:/home/chakrapani/px4_ros_ws/install/px4_offboard:/opt/ros/humble PYTHONPATH=/home/chakrapani/drone_files/IITI_SOC/gcs_ws/build/gcs_controller/prefix_override:/usr/lib/python3/dist-packages/colcon_core/task/python/colcon_distutils_commands:/home/chakrapani/drone_files/IITI_SOC/gcs_ws/install/gcs_controller/lib/python3.10/site-packages:/home/chakrapani/drone_files/IITI_SOC/gcs_ws/install/mission_utils/lib/python3.10/site-packages:/home/chakrapani/drone_files/IITI_SOC/gcs_ws/install/gcs_controller/lib/python3.10/site-packages:/home/chakrapani/drone_files/IITI_SOC/gcs_ws/install/drone_launch/lib/python3.10/site-packages:/home/chakrapani/drone_files/IITI_SOC/gcs_ws/install/drone_2_manager/lib/python3.10/site-packages:/home/chakrapani/drone_files/IITI_SOC/gcs_ws/install/drone_1_manager/lib/python3.10/site-packages:/home/chakrapani/drone_files/IITI_SOC/gcs_ws/install/drone_interfaces/local/lib/python3.10/dist-packages:/home/chakrapani/ros2_px4_offboard_example_ws/install/px4_offboard/lib/python3.10/site-packages:/home/chakrapani/ros2_px4_offboard_example_ws/install/px4_msgs/local/lib/python3.10/dist-packages:/home/chakrapani/octomap_ws/install/rtabmap_msgs/local/lib/python3.10/dist-packages:/home/chakrapani/octomap_ws/install/px4_odometry_converter/lib/python3.10/site-packages:/home/chakrapani/octomap_ws/install/px4_localization/lib/python3.10/site-packages:/home/chakrapani/drone_files/drone_repos/install/px4_ros_com/local/lib/python3.10/dist-packages:/home/chakrapani/drone_files/drone_repos/install/px4_msgs/local/lib/python3.10/dist-packages:/home/chakrapani/px4_ros_ws/install/px4_offboard/lib/python3.10/site-packages:/opt/ros/humble/lib/python3.10/site-packages:/opt/ros/humble/local/lib/python3.10/dist-packages /usr/bin/python3 -W ignore:setup.py install is deprecated -W ignore:easy_install command is deprecated setup.py egg_info --egg-base ../../build/gcs_controller build --build-base /home/chakrapani/drone_files/IITI_SOC/gcs_ws/build/gcs_controller/build install --record /home/chakrapani/drone_files/IITI_SOC/gcs_ws/build/gcs_controller/install.log --single-version-externally-managed install_data
[6.472s] Level 1:colcon.colcon_core.environment:checking '/home/chakrapani/drone_files/IITI_SOC/gcs_ws/install/gcs_controller' for CMake module files
[6.472s] Level 1:colcon.colcon_core.environment:checking '/home/chakrapani/drone_files/IITI_SOC/gcs_ws/install/gcs_controller' for CMake config files
[6.473s] Level 1:colcon.colcon_core.environment:checking '/home/chakrapani/drone_files/IITI_SOC/gcs_ws/install/gcs_controller/lib'
[6.473s] Level 1:colcon.colcon_core.environment:checking '/home/chakrapani/drone_files/IITI_SOC/gcs_ws/install/gcs_controller/bin'
[6.474s] DEBUG:colcon.colcon_core.event_handler.log_command:Invoked command in '/home/chakrapani/drone_files/IITI_SOC/gcs_ws/src/gcs_controller' returned '0': AMENT_PREFIX_PATH=/home/chakrapani/drone_files/IITI_SOC/gcs_ws/install/mission_utils:/home/chakrapani/drone_files/IITI_SOC/gcs_ws/install/gcs_controller:/home/chakrapani/drone_files/IITI_SOC/gcs_ws/install/drone_launch:/home/chakrapani/drone_files/IITI_SOC/gcs_ws/install/drone_2_manager:/home/chakrapani/drone_files/IITI_SOC/gcs_ws/install/drone_1_manager:/home/chakrapani/drone_files/IITI_SOC/gcs_ws/install/drone_interfaces:/home/chakrapani/ros2_px4_offboard_example_ws/install/px4_offboard:/home/chakrapani/ros2_px4_offboard_example_ws/install/px4_msgs:/home/chakrapani/octomap_ws/install/rtabmap_msgs:/home/chakrapani/octomap_ws/install/px4_odometry_converter:/home/chakrapani/octomap_ws/install/px4_localization:/home/chakrapani/octomap_ws/install/octomap_mapping:/home/chakrapani/octomap_ws/install/octomap_server:/home/chakrapani/octomap_ws/install/octomap_ros:/home/chakrapani/drone_files/drone_repos/install/px4_ros_com:/home/chakrapani/drone_files/drone_repos/install/px4_msgs:/home/chakrapani/px4_ros_ws/install/px4_offboard:/opt/ros/humble PYTHONPATH=/home/chakrapani/drone_files/IITI_SOC/gcs_ws/build/gcs_controller/prefix_override:/usr/lib/python3/dist-packages/colcon_core/task/python/colcon_distutils_commands:/home/chakrapani/drone_files/IITI_SOC/gcs_ws/install/gcs_controller/lib/python3.10/site-packages:/home/chakrapani/drone_files/IITI_SOC/gcs_ws/install/mission_utils/lib/python3.10/site-packages:/home/chakrapani/drone_files/IITI_SOC/gcs_ws/install/gcs_controller/lib/python3.10/site-packages:/home/chakrapani/drone_files/IITI_SOC/gcs_ws/install/drone_launch/lib/python3.10/site-packages:/home/chakrapani/drone_files/IITI_SOC/gcs_ws/install/drone_2_manager/lib/python3.10/site-packages:/home/chakrapani/drone_files/IITI_SOC/gcs_ws/install/drone_1_manager/lib/python3.10/site-packages:/home/chakrapani/drone_files/IITI_SOC/gcs_ws/install/drone_interfaces/local/lib/python3.10/dist-packages:/home/chakrapani/ros2_px4_offboard_example_ws/install/px4_offboard/lib/python3.10/site-packages:/home/chakrapani/ros2_px4_offboard_example_ws/install/px4_msgs/local/lib/python3.10/dist-packages:/home/chakrapani/octomap_ws/install/rtabmap_msgs/local/lib/python3.10/dist-packages:/home/chakrapani/octomap_ws/install/px4_odometry_converter/lib/python3.10/site-packages:/home/chakrapani/octomap_ws/install/px4_localization/lib/python3.10/site-packages:/home/chakrapani/drone_files/drone_repos/install/px4_ros_com/local/lib/python3.10/dist-packages:/home/chakrapani/drone_files/drone_repos/install/px4_msgs/local/lib/python3.10/dist-packages:/home/chakrapani/px4_ros_ws/install/px4_offboard/lib/python3.10/site-packages:/opt/ros/humble/lib/python3.10/site-packages:/opt/ros/humble/local/lib/python3.10/dist-packages /usr/bin/python3 -W ignore:setup.py install is deprecated -W ignore:easy_install command is deprecated setup.py egg_info --egg-base ../../build/gcs_controller build --build-base /home/chakrapani/drone_files/IITI_SOC/gcs_ws/build/gcs_controller/build install --record /home/chakrapani/drone_files/IITI_SOC/gcs_ws/build/gcs_controller/install.log --single-version-externally-managed install_data
[6.474s] Level 1:colcon.colcon_core.environment:checking '/home/chakrapani/drone_files/IITI_SOC/gcs_ws/install/gcs_controller/lib/pkgconfig/gcs_controller.pc'
[6.474s] Level 1:colcon.colcon_core.environment:checking '/home/chakrapani/drone_files/IITI_SOC/gcs_ws/install/gcs_controller/lib/python3.10/site-packages'
[6.474s] Level 1:colcon.colcon_core.shell:create_environment_hook('gcs_controller', 'pythonpath')
[6.475s] INFO:colcon.colcon_core.shell:Creating environment hook '/home/chakrapani/drone_files/IITI_SOC/gcs_ws/install/gcs_controller/share/gcs_controller/hook/pythonpath.ps1'
[6.476s] INFO:colcon.colcon_core.shell:Creating environment descriptor '/home/chakrapani/drone_files/IITI_SOC/gcs_ws/install/gcs_controller/share/gcs_controller/hook/pythonpath.dsv'
[6.476s] INFO:colcon.colcon_core.shell:Creating environment hook '/home/chakrapani/drone_files/IITI_SOC/gcs_ws/install/gcs_controller/share/gcs_controller/hook/pythonpath.sh'
[6.477s] Level 1:colcon.colcon_core.environment:checking '/home/chakrapani/drone_files/IITI_SOC/gcs_ws/install/gcs_controller/bin'
[6.477s] Level 1:colcon.colcon_core.environment:create_environment_scripts_only(gcs_controller)
[6.478s] INFO:colcon.colcon_core.shell:Creating package script '/home/chakrapani/drone_files/IITI_SOC/gcs_ws/install/gcs_controller/share/gcs_controller/package.ps1'
[6.478s] INFO:colcon.colcon_core.shell:Creating package descriptor '/home/chakrapani/drone_files/IITI_SOC/gcs_ws/install/gcs_controller/share/gcs_controller/package.dsv'
[6.479s] INFO:colcon.colcon_core.shell:Creating package script '/home/chakrapani/drone_files/IITI_SOC/gcs_ws/install/gcs_controller/share/gcs_controller/package.sh'
[6.480s] INFO:colcon.colcon_core.shell:Creating package script '/home/chakrapani/drone_files/IITI_SOC/gcs_ws/install/gcs_controller/share/gcs_controller/package.bash'
[6.480s] INFO:colcon.colcon_core.shell:Creating package script '/home/chakrapani/drone_files/IITI_SOC/gcs_ws/install/gcs_controller/share/gcs_controller/package.zsh'
[6.480s] Level 1:colcon.colcon_core.environment:create_file_with_runtime_dependencies(/home/chakrapani/drone_files/IITI_SOC/gcs_ws/install/gcs_controller/share/colcon-core/packages/gcs_controller)
[6.481s] DEBUG:colcon.colcon_parallel_executor.executor.parallel:closing loop
[6.481s] DEBUG:colcon.colcon_parallel_executor.executor.parallel:loop closed
[6.481s] DEBUG:colcon.colcon_parallel_executor.executor.parallel:run_until_complete finished with '0'
[6.482s] DEBUG:colcon.colcon_core.event_reactor:joining thread
[6.488s] INFO:colcon.colcon_core.plugin_system:Skipping extension 'colcon_notification.desktop_notification.terminal_notifier': Not used on non-Darwin systems
[6.488s] INFO:colcon.colcon_core.plugin_system:Skipping extension 'colcon_notification.desktop_notification.win32': Not used on non-Windows systems
[6.488s] INFO:colcon.colcon_notification.desktop_notification:Sending desktop notification using 'notify2'
[6.502s] DEBUG:colcon.colcon_core.event_reactor:joined thread
[6.502s] INFO:colcon.colcon_core.shell:Creating prefix script '/home/chakrapani/drone_files/IITI_SOC/gcs_ws/install/local_setup.ps1'
[6.504s] INFO:colcon.colcon_core.shell:Creating prefix util module '/home/chakrapani/drone_files/IITI_SOC/gcs_ws/install/_local_setup_util_ps1.py'
[6.506s] INFO:colcon.colcon_core.shell:Creating prefix chain script '/home/chakrapani/drone_files/IITI_SOC/gcs_ws/install/setup.ps1'
[6.509s] INFO:colcon.colcon_core.shell:Creating prefix script '/home/chakrapani/drone_files/IITI_SOC/gcs_ws/install/local_setup.sh'
[6.510s] INFO:colcon.colcon_core.shell:Creating prefix util module '/home/chakrapani/drone_files/IITI_SOC/gcs_ws/install/_local_setup_util_sh.py'
[6.511s] INFO:colcon.colcon_core.shell:Creating prefix chain script '/home/chakrapani/drone_files/IITI_SOC/gcs_ws/install/setup.sh'
[6.514s] INFO:colcon.colcon_core.shell:Creating prefix script '/home/chakrapani/drone_files/IITI_SOC/gcs_ws/install/local_setup.bash'
[6.515s] INFO:colcon.colcon_core.shell:Creating prefix chain script '/home/chakrapani/drone_files/IITI_SOC/gcs_ws/install/setup.bash'
[6.516s] INFO:colcon.colcon_core.shell:Creating prefix script '/home/chakrapani/drone_files/IITI_SOC/gcs_ws/install/local_setup.zsh'
[6.517s] INFO:colcon.colcon_core.shell:Creating prefix chain script '/home/chakrapani/drone_files/IITI_SOC/gcs_ws/install/setup.zsh'
