[1.626s] Invoking command in '/home/chakrapani/drone_files/IITI_SOC/gcs_ws/src/mission_utils': PYTHONPATH=/home/chakrapani/drone_files/IITI_SOC/gcs_ws/build/mission_utils/prefix_override:/usr/lib/python3/dist-packages/colcon_core/task/python/colcon_distutils_commands:/home/chakrapani/drone_files/IITI_SOC/gcs_ws/install/mission_utils/lib/python3.10/site-packages:${PYTHONPATH} /usr/bin/python3 -W ignore:setup.py install is deprecated -W ignore:easy_install command is deprecated setup.py egg_info --egg-base ../../build/mission_utils build --build-base /home/chakrapani/drone_files/IITI_SOC/gcs_ws/build/mission_utils/build install --record /home/chakrapani/drone_files/IITI_SOC/gcs_ws/build/mission_utils/install.log --single-version-externally-managed install_data
[2.605s] running egg_info
[2.608s] writing ../../build/mission_utils/mission_utils.egg-info/PKG-INFO
[2.610s] writing dependency_links to ../../build/mission_utils/mission_utils.egg-info/dependency_links.txt
[2.614s] writing entry points to ../../build/mission_utils/mission_utils.egg-info/entry_points.txt
[2.615s] writing requirements to ../../build/mission_utils/mission_utils.egg-info/requires.txt
[2.615s] writing top-level names to ../../build/mission_utils/mission_utils.egg-info/top_level.txt
[2.620s] reading manifest file '../../build/mission_utils/mission_utils.egg-info/SOURCES.txt'
[2.627s] writing manifest file '../../build/mission_utils/mission_utils.egg-info/SOURCES.txt'
[2.628s] running build
[2.629s] running build_py
[2.631s] running install
[2.632s] running install_lib
[2.642s] running install_data
[2.643s] running install_egg_info
[2.651s] removing '/home/chakrapani/drone_files/IITI_SOC/gcs_ws/install/mission_utils/lib/python3.10/site-packages/mission_utils-0.0.0-py3.10.egg-info' (and everything under it)
[2.660s] Copying ../../build/mission_utils/mission_utils.egg-info to /home/chakrapani/drone_files/IITI_SOC/gcs_ws/install/mission_utils/lib/python3.10/site-packages/mission_utils-0.0.0-py3.10.egg-info
[2.660s] running install_scripts
[2.752s] Installing geotags_dataset script to /home/chakrapani/drone_files/IITI_SOC/gcs_ws/install/mission_utils/lib/mission_utils
[2.753s] Installing waypoints_dataset script to /home/chakrapani/drone_files/IITI_SOC/gcs_ws/install/mission_utils/lib/mission_utils
[2.753s] writing list of installed files to '/home/chakrapani/drone_files/IITI_SOC/gcs_ws/build/mission_utils/install.log'
[3.222s] Invoked command in '/home/chakrapani/drone_files/IITI_SOC/gcs_ws/src/mission_utils' returned '0': PYTHONPATH=/home/chakrapani/drone_files/IITI_SOC/gcs_ws/build/mission_utils/prefix_override:/usr/lib/python3/dist-packages/colcon_core/task/python/colcon_distutils_commands:/home/chakrapani/drone_files/IITI_SOC/gcs_ws/install/mission_utils/lib/python3.10/site-packages:${PYTHONPATH} /usr/bin/python3 -W ignore:setup.py install is deprecated -W ignore:easy_install command is deprecated setup.py egg_info --egg-base ../../build/mission_utils build --build-base /home/chakrapani/drone_files/IITI_SOC/gcs_ws/build/mission_utils/build install --record /home/chakrapani/drone_files/IITI_SOC/gcs_ws/build/mission_utils/install.log --single-version-externally-managed install_data
