[1.116s] Invoking command in '/home/chakrapani/drone_files/IITI_SOC/gcs_ws/src/drone_1_manager': PYTHONPATH=/home/chakrapani/drone_files/IITI_SOC/gcs_ws/build/drone_1_manager/prefix_override:/usr/lib/python3/dist-packages/colcon_core/task/python/colcon_distutils_commands:/home/chakrapani/drone_files/IITI_SOC/gcs_ws/install/drone_1_manager/lib/python3.10/site-packages:${PYTHONPATH} /usr/bin/python3 -W ignore:setup.py install is deprecated -W ignore:easy_install command is deprecated setup.py egg_info --egg-base ../../build/drone_1_manager build --build-base /home/chakrapani/drone_files/IITI_SOC/gcs_ws/build/drone_1_manager/build install --record /home/chakrapani/drone_files/IITI_SOC/gcs_ws/build/drone_1_manager/install.log --single-version-externally-managed install_data
[1.909s] running egg_info
[1.912s] writing ../../build/drone_1_manager/drone_1_manager.egg-info/PKG-INFO
[1.912s] writing dependency_links to ../../build/drone_1_manager/drone_1_manager.egg-info/dependency_links.txt
[1.912s] writing entry points to ../../build/drone_1_manager/drone_1_manager.egg-info/entry_points.txt
[1.915s] writing requirements to ../../build/drone_1_manager/drone_1_manager.egg-info/requires.txt
[1.915s] writing top-level names to ../../build/drone_1_manager/drone_1_manager.egg-info/top_level.txt
[1.919s] reading manifest file '../../build/drone_1_manager/drone_1_manager.egg-info/SOURCES.txt'
[1.922s] writing manifest file '../../build/drone_1_manager/drone_1_manager.egg-info/SOURCES.txt'
[1.923s] running build
[1.923s] running build_py
[1.925s] copying drone_1_manager/offboard_controller_node.py -> /home/chakrapani/drone_files/IITI_SOC/gcs_ws/build/drone_1_manager/build/lib/drone_1_manager
[1.925s] running install
[1.926s] running install_lib
[1.932s] copying /home/chakrapani/drone_files/IITI_SOC/gcs_ws/build/drone_1_manager/build/lib/drone_1_manager/offboard_controller_node.py -> /home/chakrapani/drone_files/IITI_SOC/gcs_ws/install/drone_1_manager/lib/python3.10/site-packages/drone_1_manager
[1.940s] byte-compiling /home/chakrapani/drone_files/IITI_SOC/gcs_ws/install/drone_1_manager/lib/python3.10/site-packages/drone_1_manager/offboard_controller_node.py to offboard_controller_node.cpython-310.pyc
[1.946s] running install_data
[1.948s] running install_egg_info
[1.959s] removing '/home/chakrapani/drone_files/IITI_SOC/gcs_ws/install/drone_1_manager/lib/python3.10/site-packages/drone_1_manager-0.0.0-py3.10.egg-info' (and everything under it)
[1.965s] Copying ../../build/drone_1_manager/drone_1_manager.egg-info to /home/chakrapani/drone_files/IITI_SOC/gcs_ws/install/drone_1_manager/lib/python3.10/site-packages/drone_1_manager-0.0.0-py3.10.egg-info
[1.965s] running install_scripts
[1.997s] Installing mission_handler_node script to /home/chakrapani/drone_files/IITI_SOC/gcs_ws/install/drone_1_manager/lib/drone_1_manager
[1.998s] Installing offboard_controller_node script to /home/chakrapani/drone_files/IITI_SOC/gcs_ws/install/drone_1_manager/lib/drone_1_manager
[1.999s] Installing status_publisher_node script to /home/chakrapani/drone_files/IITI_SOC/gcs_ws/install/drone_1_manager/lib/drone_1_manager
[1.999s] writing list of installed files to '/home/chakrapani/drone_files/IITI_SOC/gcs_ws/build/drone_1_manager/install.log'
[2.068s] Invoked command in '/home/chakrapani/drone_files/IITI_SOC/gcs_ws/src/drone_1_manager' returned '0': PYTHONPATH=/home/chakrapani/drone_files/IITI_SOC/gcs_ws/build/drone_1_manager/prefix_override:/usr/lib/python3/dist-packages/colcon_core/task/python/colcon_distutils_commands:/home/chakrapani/drone_files/IITI_SOC/gcs_ws/install/drone_1_manager/lib/python3.10/site-packages:${PYTHONPATH} /usr/bin/python3 -W ignore:setup.py install is deprecated -W ignore:easy_install command is deprecated setup.py egg_info --egg-base ../../build/drone_1_manager build --build-base /home/chakrapani/drone_files/IITI_SOC/gcs_ws/build/drone_1_manager/build install --record /home/chakrapani/drone_files/IITI_SOC/gcs_ws/build/drone_1_manager/install.log --single-version-externally-managed install_data
