[0.154s] DEBUG:colcon:Command line arguments: ['/usr/bin/colcon', 'build']
[0.154s] DEBUG:colcon:Parsed command line arguments: Namespace(log_base=None, log_level=None, verb_name='build', build_base='build', install_base='install', merge_install=False, symlink_install=False, test_result_base=None, continue_on_error=False, executor='parallel', parallel_workers=2, event_handlers=None, ignore_user_meta=False, metas=['./colcon.meta'], base_paths=['.'], packages_ignore=None, packages_ignore_regex=None, paths=None, packages_up_to=None, packages_up_to_regex=None, packages_above=None, packages_above_and_dependencies=None, packages_above_depth=None, packages_select_by_dep=None, packages_skip_by_dep=None, packages_skip_up_to=None, packages_select_build_failed=False, packages_skip_build_finished=False, packages_select_test_failures=False, packages_skip_test_passed=False, packages_select=None, packages_skip=None, packages_select_regex=None, packages_skip_regex=None, packages_start=None, packages_end=None, allow_overriding=[], cmake_args=None, cmake_target=None, cmake_target_skip_unavailable=False, cmake_clean_cache=False, cmake_clean_first=False, cmake_force_configure=False, ament_cmake_args=None, catkin_cmake_args=None, catkin_skip_building_tests=False, mixin_files=None, mixin=None, verb_parser=<colcon_mixin.mixin.mixin_argument.MixinArgumentDecorator object at 0x77a1d3bf6800>, verb_extension=<colcon_core.verb.build.BuildVerb object at 0x77a1d3d13a90>, main=<bound method BuildVerb.main of <colcon_core.verb.build.BuildVerb object at 0x77a1d3d13a90>>, mixin_verb=('build',))
[0.371s] Level 1:colcon.colcon_core.package_discovery:discover_packages(colcon_meta) check parameters
[0.372s] Level 1:colcon.colcon_core.package_discovery:discover_packages(recursive) check parameters
[0.372s] Level 1:colcon.colcon_core.package_discovery:discover_packages(ignore) check parameters
[0.372s] Level 1:colcon.colcon_core.package_discovery:discover_packages(path) check parameters
[0.372s] Level 1:colcon.colcon_core.package_discovery:discover_packages(colcon_meta) discover
[0.372s] Level 1:colcon.colcon_core.package_discovery:discover_packages(recursive) discover
[0.372s] INFO:colcon.colcon_core.package_discovery:Crawling recursively for packages in '/home/chakrapani/drone_files/IITI_SOC/gcs_ws'
[0.372s] Level 1:colcon.colcon_core.package_identification:_identify(.) by extensions ['ignore', 'ignore_ament_install']
[0.372s] Level 1:colcon.colcon_core.package_identification:_identify(.) by extension 'ignore'
[0.372s] Level 1:colcon.colcon_core.package_identification:_identify(.) by extension 'ignore_ament_install'
[0.372s] Level 1:colcon.colcon_core.package_identification:_identify(.) by extensions ['colcon_pkg']
[0.372s] Level 1:colcon.colcon_core.package_identification:_identify(.) by extension 'colcon_pkg'
[0.373s] Level 1:colcon.colcon_core.package_identification:_identify(.) by extensions ['colcon_meta']
[0.373s] Level 1:colcon.colcon_core.package_identification:_identify(.) by extension 'colcon_meta'
[0.373s] Level 1:colcon.colcon_core.package_identification:_identify(.) by extensions ['ros']
[0.373s] Level 1:colcon.colcon_core.package_identification:_identify(.) by extension 'ros'
[0.386s] Level 1:colcon.colcon_core.package_identification:_identify(.) by extensions ['cmake', 'python']
[0.386s] Level 1:colcon.colcon_core.package_identification:_identify(.) by extension 'cmake'
[0.386s] Level 1:colcon.colcon_core.package_identification:_identify(.) by extension 'python'
[0.386s] Level 1:colcon.colcon_core.package_identification:_identify(.) by extensions ['python_setup_py']
[0.386s] Level 1:colcon.colcon_core.package_identification:_identify(.) by extension 'python_setup_py'
[0.387s] Level 1:colcon.colcon_core.package_identification:_identify(build) by extensions ['ignore', 'ignore_ament_install']
[0.387s] Level 1:colcon.colcon_core.package_identification:_identify(build) by extension 'ignore'
[0.387s] Level 1:colcon.colcon_core.package_identification:_identify(build) ignored
[0.387s] Level 1:colcon.colcon_core.package_identification:_identify(install) by extensions ['ignore', 'ignore_ament_install']
[0.387s] Level 1:colcon.colcon_core.package_identification:_identify(install) by extension 'ignore'
[0.387s] Level 1:colcon.colcon_core.package_identification:_identify(install) ignored
[0.387s] Level 1:colcon.colcon_core.package_identification:_identify(log) by extensions ['ignore', 'ignore_ament_install']
[0.387s] Level 1:colcon.colcon_core.package_identification:_identify(log) by extension 'ignore'
[0.387s] Level 1:colcon.colcon_core.package_identification:_identify(log) ignored
[0.387s] Level 1:colcon.colcon_core.package_identification:_identify(src) by extensions ['ignore', 'ignore_ament_install']
[0.388s] Level 1:colcon.colcon_core.package_identification:_identify(src) by extension 'ignore'
[0.388s] Level 1:colcon.colcon_core.package_identification:_identify(src) by extension 'ignore_ament_install'
[0.388s] Level 1:colcon.colcon_core.package_identification:_identify(src) by extensions ['colcon_pkg']
[0.388s] Level 1:colcon.colcon_core.package_identification:_identify(src) by extension 'colcon_pkg'
[0.388s] Level 1:colcon.colcon_core.package_identification:_identify(src) by extensions ['colcon_meta']
[0.388s] Level 1:colcon.colcon_core.package_identification:_identify(src) by extension 'colcon_meta'
[0.388s] Level 1:colcon.colcon_core.package_identification:_identify(src) by extensions ['ros']
[0.388s] Level 1:colcon.colcon_core.package_identification:_identify(src) by extension 'ros'
[0.388s] Level 1:colcon.colcon_core.package_identification:_identify(src) by extensions ['cmake', 'python']
[0.388s] Level 1:colcon.colcon_core.package_identification:_identify(src) by extension 'cmake'
[0.389s] Level 1:colcon.colcon_core.package_identification:_identify(src) by extension 'python'
[0.389s] Level 1:colcon.colcon_core.package_identification:_identify(src) by extensions ['python_setup_py']
[0.389s] Level 1:colcon.colcon_core.package_identification:_identify(src) by extension 'python_setup_py'
[0.389s] Level 1:colcon.colcon_core.package_identification:_identify(src/drone_1_manager) by extensions ['ignore', 'ignore_ament_install']
[0.389s] Level 1:colcon.colcon_core.package_identification:_identify(src/drone_1_manager) by extension 'ignore'
[0.389s] Level 1:colcon.colcon_core.package_identification:_identify(src/drone_1_manager) by extension 'ignore_ament_install'
[0.389s] Level 1:colcon.colcon_core.package_identification:_identify(src/drone_1_manager) by extensions ['colcon_pkg']
[0.389s] Level 1:colcon.colcon_core.package_identification:_identify(src/drone_1_manager) by extension 'colcon_pkg'
[0.389s] Level 1:colcon.colcon_core.package_identification:_identify(src/drone_1_manager) by extensions ['colcon_meta']
[0.389s] Level 1:colcon.colcon_core.package_identification:_identify(src/drone_1_manager) by extension 'colcon_meta'
[0.389s] Level 1:colcon.colcon_core.package_identification:_identify(src/drone_1_manager) by extensions ['ros']
[0.389s] Level 1:colcon.colcon_core.package_identification:_identify(src/drone_1_manager) by extension 'ros'
[0.392s] DEBUG:colcon.colcon_core.package_identification:Package 'src/drone_1_manager' with type 'ros.ament_python' and name 'drone_1_manager'
[0.393s] Level 1:colcon.colcon_core.package_identification:_identify(src/drone_2_manager) by extensions ['ignore', 'ignore_ament_install']
[0.393s] Level 1:colcon.colcon_core.package_identification:_identify(src/drone_2_manager) by extension 'ignore'
[0.393s] Level 1:colcon.colcon_core.package_identification:_identify(src/drone_2_manager) by extension 'ignore_ament_install'
[0.393s] Level 1:colcon.colcon_core.package_identification:_identify(src/drone_2_manager) by extensions ['colcon_pkg']
[0.393s] Level 1:colcon.colcon_core.package_identification:_identify(src/drone_2_manager) by extension 'colcon_pkg'
[0.394s] Level 1:colcon.colcon_core.package_identification:_identify(src/drone_2_manager) by extensions ['colcon_meta']
[0.394s] Level 1:colcon.colcon_core.package_identification:_identify(src/drone_2_manager) by extension 'colcon_meta'
[0.394s] Level 1:colcon.colcon_core.package_identification:_identify(src/drone_2_manager) by extensions ['ros']
[0.394s] Level 1:colcon.colcon_core.package_identification:_identify(src/drone_2_manager) by extension 'ros'
[0.395s] DEBUG:colcon.colcon_core.package_identification:Package 'src/drone_2_manager' with type 'ros.ament_python' and name 'drone_2_manager'
[0.395s] Level 1:colcon.colcon_core.package_identification:_identify(src/drone_interfaces) by extensions ['ignore', 'ignore_ament_install']
[0.395s] Level 1:colcon.colcon_core.package_identification:_identify(src/drone_interfaces) by extension 'ignore'
[0.395s] Level 1:colcon.colcon_core.package_identification:_identify(src/drone_interfaces) by extension 'ignore_ament_install'
[0.395s] Level 1:colcon.colcon_core.package_identification:_identify(src/drone_interfaces) by extensions ['colcon_pkg']
[0.395s] Level 1:colcon.colcon_core.package_identification:_identify(src/drone_interfaces) by extension 'colcon_pkg'
[0.395s] Level 1:colcon.colcon_core.package_identification:_identify(src/drone_interfaces) by extensions ['colcon_meta']
[0.395s] Level 1:colcon.colcon_core.package_identification:_identify(src/drone_interfaces) by extension 'colcon_meta'
[0.395s] Level 1:colcon.colcon_core.package_identification:_identify(src/drone_interfaces) by extensions ['ros']
[0.395s] Level 1:colcon.colcon_core.package_identification:_identify(src/drone_interfaces) by extension 'ros'
[0.396s] DEBUG:colcon.colcon_core.package_identification:Package 'src/drone_interfaces' with type 'ros.ament_cmake' and name 'drone_interfaces'
[0.396s] Level 1:colcon.colcon_core.package_identification:_identify(src/drone_launch) by extensions ['ignore', 'ignore_ament_install']
[0.397s] Level 1:colcon.colcon_core.package_identification:_identify(src/drone_launch) by extension 'ignore'
[0.397s] Level 1:colcon.colcon_core.package_identification:_identify(src/drone_launch) by extension 'ignore_ament_install'
[0.397s] Level 1:colcon.colcon_core.package_identification:_identify(src/drone_launch) by extensions ['colcon_pkg']
[0.397s] Level 1:colcon.colcon_core.package_identification:_identify(src/drone_launch) by extension 'colcon_pkg'
[0.397s] Level 1:colcon.colcon_core.package_identification:_identify(src/drone_launch) by extensions ['colcon_meta']
[0.397s] Level 1:colcon.colcon_core.package_identification:_identify(src/drone_launch) by extension 'colcon_meta'
[0.398s] Level 1:colcon.colcon_core.package_identification:_identify(src/drone_launch) by extensions ['ros']
[0.398s] Level 1:colcon.colcon_core.package_identification:_identify(src/drone_launch) by extension 'ros'
[0.399s] DEBUG:colcon.colcon_core.package_identification:Package 'src/drone_launch' with type 'ros.ament_python' and name 'drone_launch'
[0.399s] Level 1:colcon.colcon_core.package_identification:_identify(src/gcs_controller) by extensions ['ignore', 'ignore_ament_install']
[0.399s] Level 1:colcon.colcon_core.package_identification:_identify(src/gcs_controller) by extension 'ignore'
[0.400s] Level 1:colcon.colcon_core.package_identification:_identify(src/gcs_controller) by extension 'ignore_ament_install'
[0.400s] Level 1:colcon.colcon_core.package_identification:_identify(src/gcs_controller) by extensions ['colcon_pkg']
[0.400s] Level 1:colcon.colcon_core.package_identification:_identify(src/gcs_controller) by extension 'colcon_pkg'
[0.400s] Level 1:colcon.colcon_core.package_identification:_identify(src/gcs_controller) by extensions ['colcon_meta']
[0.400s] Level 1:colcon.colcon_core.package_identification:_identify(src/gcs_controller) by extension 'colcon_meta'
[0.400s] Level 1:colcon.colcon_core.package_identification:_identify(src/gcs_controller) by extensions ['ros']
[0.400s] Level 1:colcon.colcon_core.package_identification:_identify(src/gcs_controller) by extension 'ros'
[0.401s] DEBUG:colcon.colcon_core.package_identification:Package 'src/gcs_controller' with type 'ros.ament_python' and name 'gcs_controller'
[0.401s] Level 1:colcon.colcon_core.package_identification:_identify(src/mission_utils) by extensions ['ignore', 'ignore_ament_install']
[0.402s] Level 1:colcon.colcon_core.package_identification:_identify(src/mission_utils) by extension 'ignore'
[0.402s] Level 1:colcon.colcon_core.package_identification:_identify(src/mission_utils) by extension 'ignore_ament_install'
[0.402s] Level 1:colcon.colcon_core.package_identification:_identify(src/mission_utils) by extensions ['colcon_pkg']
[0.402s] Level 1:colcon.colcon_core.package_identification:_identify(src/mission_utils) by extension 'colcon_pkg'
[0.402s] Level 1:colcon.colcon_core.package_identification:_identify(src/mission_utils) by extensions ['colcon_meta']
[0.402s] Level 1:colcon.colcon_core.package_identification:_identify(src/mission_utils) by extension 'colcon_meta'
[0.403s] Level 1:colcon.colcon_core.package_identification:_identify(src/mission_utils) by extensions ['ros']
[0.403s] Level 1:colcon.colcon_core.package_identification:_identify(src/mission_utils) by extension 'ros'
[0.403s] DEBUG:colcon.colcon_core.package_identification:Package 'src/mission_utils' with type 'ros.ament_python' and name 'mission_utils'
[0.403s] Level 1:colcon.colcon_core.package_discovery:discover_packages(recursive) using defaults
[0.404s] Level 1:colcon.colcon_core.package_discovery:discover_packages(ignore) discover
[0.404s] Level 1:colcon.colcon_core.package_discovery:discover_packages(ignore) using defaults
[0.404s] Level 1:colcon.colcon_core.package_discovery:discover_packages(path) discover
[0.404s] Level 1:colcon.colcon_core.package_discovery:discover_packages(path) using defaults
[0.448s] Level 1:colcon.colcon_core.package_discovery:discover_packages(prefix_path) check parameters
[0.448s] Level 1:colcon.colcon_core.package_discovery:discover_packages(prefix_path) discover
[0.451s] DEBUG:colcon.colcon_installed_package_information.package_discovery:Found 6 installed packages in /home/chakrapani/drone_files/IITI_SOC/gcs_ws/install
[0.453s] DEBUG:colcon.colcon_installed_package_information.package_discovery:Found 341 installed packages in /opt/ros/humble
[0.455s] Level 1:colcon.colcon_core.package_discovery:discover_packages(prefix_path) using defaults
[0.509s] Level 5:colcon.colcon_core.verb:set package 'drone_interfaces' build argument 'cmake_args' from command line to 'None'
[0.509s] Level 5:colcon.colcon_core.verb:set package 'drone_interfaces' build argument 'cmake_target' from command line to 'None'
[0.509s] Level 5:colcon.colcon_core.verb:set package 'drone_interfaces' build argument 'cmake_target_skip_unavailable' from command line to 'False'
[0.509s] Level 5:colcon.colcon_core.verb:set package 'drone_interfaces' build argument 'cmake_clean_cache' from command line to 'False'
[0.509s] Level 5:colcon.colcon_core.verb:set package 'drone_interfaces' build argument 'cmake_clean_first' from command line to 'False'
[0.509s] Level 5:colcon.colcon_core.verb:set package 'drone_interfaces' build argument 'cmake_force_configure' from command line to 'False'
[0.510s] Level 5:colcon.colcon_core.verb:set package 'drone_interfaces' build argument 'ament_cmake_args' from command line to 'None'
[0.510s] Level 5:colcon.colcon_core.verb:set package 'drone_interfaces' build argument 'catkin_cmake_args' from command line to 'None'
[0.510s] Level 5:colcon.colcon_core.verb:set package 'drone_interfaces' build argument 'catkin_skip_building_tests' from command line to 'False'
[0.510s] DEBUG:colcon.colcon_core.verb:Building package 'drone_interfaces' with the following arguments: {'ament_cmake_args': None, 'build_base': '/home/chakrapani/drone_files/IITI_SOC/gcs_ws/build/drone_interfaces', 'catkin_cmake_args': None, 'catkin_skip_building_tests': False, 'cmake_args': None, 'cmake_clean_cache': False, 'cmake_clean_first': False, 'cmake_force_configure': False, 'cmake_target': None, 'cmake_target_skip_unavailable': False, 'install_base': '/home/chakrapani/drone_files/IITI_SOC/gcs_ws/install/drone_interfaces', 'merge_install': False, 'path': '/home/chakrapani/drone_files/IITI_SOC/gcs_ws/src/drone_interfaces', 'symlink_install': False, 'test_result_base': None}
[0.510s] Level 5:colcon.colcon_core.verb:set package 'drone_launch' build argument 'cmake_args' from command line to 'None'
[0.510s] Level 5:colcon.colcon_core.verb:set package 'drone_launch' build argument 'cmake_target' from command line to 'None'
[0.510s] Level 5:colcon.colcon_core.verb:set package 'drone_launch' build argument 'cmake_target_skip_unavailable' from command line to 'False'
[0.510s] Level 5:colcon.colcon_core.verb:set package 'drone_launch' build argument 'cmake_clean_cache' from command line to 'False'
[0.510s] Level 5:colcon.colcon_core.verb:set package 'drone_launch' build argument 'cmake_clean_first' from command line to 'False'
[0.510s] Level 5:colcon.colcon_core.verb:set package 'drone_launch' build argument 'cmake_force_configure' from command line to 'False'
[0.510s] Level 5:colcon.colcon_core.verb:set package 'drone_launch' build argument 'ament_cmake_args' from command line to 'None'
[0.511s] Level 5:colcon.colcon_core.verb:set package 'drone_launch' build argument 'catkin_cmake_args' from command line to 'None'
[0.511s] Level 5:colcon.colcon_core.verb:set package 'drone_launch' build argument 'catkin_skip_building_tests' from command line to 'False'
[0.511s] DEBUG:colcon.colcon_core.verb:Building package 'drone_launch' with the following arguments: {'ament_cmake_args': None, 'build_base': '/home/chakrapani/drone_files/IITI_SOC/gcs_ws/build/drone_launch', 'catkin_cmake_args': None, 'catkin_skip_building_tests': False, 'cmake_args': None, 'cmake_clean_cache': False, 'cmake_clean_first': False, 'cmake_force_configure': False, 'cmake_target': None, 'cmake_target_skip_unavailable': False, 'install_base': '/home/chakrapani/drone_files/IITI_SOC/gcs_ws/install/drone_launch', 'merge_install': False, 'path': '/home/chakrapani/drone_files/IITI_SOC/gcs_ws/src/drone_launch', 'symlink_install': False, 'test_result_base': None}
[0.511s] Level 5:colcon.colcon_core.verb:set package 'mission_utils' build argument 'cmake_args' from command line to 'None'
[0.511s] Level 5:colcon.colcon_core.verb:set package 'mission_utils' build argument 'cmake_target' from command line to 'None'
[0.511s] Level 5:colcon.colcon_core.verb:set package 'mission_utils' build argument 'cmake_target_skip_unavailable' from command line to 'False'
[0.511s] Level 5:colcon.colcon_core.verb:set package 'mission_utils' build argument 'cmake_clean_cache' from command line to 'False'
[0.511s] Level 5:colcon.colcon_core.verb:set package 'mission_utils' build argument 'cmake_clean_first' from command line to 'False'
[0.511s] Level 5:colcon.colcon_core.verb:set package 'mission_utils' build argument 'cmake_force_configure' from command line to 'False'
[0.511s] Level 5:colcon.colcon_core.verb:set package 'mission_utils' build argument 'ament_cmake_args' from command line to 'None'
[0.511s] Level 5:colcon.colcon_core.verb:set package 'mission_utils' build argument 'catkin_cmake_args' from command line to 'None'
[0.511s] Level 5:colcon.colcon_core.verb:set package 'mission_utils' build argument 'catkin_skip_building_tests' from command line to 'False'
[0.511s] DEBUG:colcon.colcon_core.verb:Building package 'mission_utils' with the following arguments: {'ament_cmake_args': None, 'build_base': '/home/chakrapani/drone_files/IITI_SOC/gcs_ws/build/mission_utils', 'catkin_cmake_args': None, 'catkin_skip_building_tests': False, 'cmake_args': None, 'cmake_clean_cache': False, 'cmake_clean_first': False, 'cmake_force_configure': False, 'cmake_target': None, 'cmake_target_skip_unavailable': False, 'install_base': '/home/chakrapani/drone_files/IITI_SOC/gcs_ws/install/mission_utils', 'merge_install': False, 'path': '/home/chakrapani/drone_files/IITI_SOC/gcs_ws/src/mission_utils', 'symlink_install': False, 'test_result_base': None}
[0.512s] Level 5:colcon.colcon_core.verb:set package 'drone_1_manager' build argument 'cmake_args' from command line to 'None'
[0.512s] Level 5:colcon.colcon_core.verb:set package 'drone_1_manager' build argument 'cmake_target' from command line to 'None'
[0.512s] Level 5:colcon.colcon_core.verb:set package 'drone_1_manager' build argument 'cmake_target_skip_unavailable' from command line to 'False'
[0.512s] Level 5:colcon.colcon_core.verb:set package 'drone_1_manager' build argument 'cmake_clean_cache' from command line to 'False'
[0.512s] Level 5:colcon.colcon_core.verb:set package 'drone_1_manager' build argument 'cmake_clean_first' from command line to 'False'
[0.513s] Level 5:colcon.colcon_core.verb:set package 'drone_1_manager' build argument 'cmake_force_configure' from command line to 'False'
[0.513s] Level 5:colcon.colcon_core.verb:set package 'drone_1_manager' build argument 'ament_cmake_args' from command line to 'None'
[0.513s] Level 5:colcon.colcon_core.verb:set package 'drone_1_manager' build argument 'catkin_cmake_args' from command line to 'None'
[0.513s] Level 5:colcon.colcon_core.verb:set package 'drone_1_manager' build argument 'catkin_skip_building_tests' from command line to 'False'
[0.513s] DEBUG:colcon.colcon_core.verb:Building package 'drone_1_manager' with the following arguments: {'ament_cmake_args': None, 'build_base': '/home/chakrapani/drone_files/IITI_SOC/gcs_ws/build/drone_1_manager', 'catkin_cmake_args': None, 'catkin_skip_building_tests': False, 'cmake_args': None, 'cmake_clean_cache': False, 'cmake_clean_first': False, 'cmake_force_configure': False, 'cmake_target': None, 'cmake_target_skip_unavailable': False, 'install_base': '/home/chakrapani/drone_files/IITI_SOC/gcs_ws/install/drone_1_manager', 'merge_install': False, 'path': '/home/chakrapani/drone_files/IITI_SOC/gcs_ws/src/drone_1_manager', 'symlink_install': False, 'test_result_base': None}
[0.513s] Level 5:colcon.colcon_core.verb:set package 'drone_2_manager' build argument 'cmake_args' from command line to 'None'
[0.513s] Level 5:colcon.colcon_core.verb:set package 'drone_2_manager' build argument 'cmake_target' from command line to 'None'
[0.513s] Level 5:colcon.colcon_core.verb:set package 'drone_2_manager' build argument 'cmake_target_skip_unavailable' from command line to 'False'
[0.513s] Level 5:colcon.colcon_core.verb:set package 'drone_2_manager' build argument 'cmake_clean_cache' from command line to 'False'
[0.514s] Level 5:colcon.colcon_core.verb:set package 'drone_2_manager' build argument 'cmake_clean_first' from command line to 'False'
[0.514s] Level 5:colcon.colcon_core.verb:set package 'drone_2_manager' build argument 'cmake_force_configure' from command line to 'False'
[0.514s] Level 5:colcon.colcon_core.verb:set package 'drone_2_manager' build argument 'ament_cmake_args' from command line to 'None'
[0.514s] Level 5:colcon.colcon_core.verb:set package 'drone_2_manager' build argument 'catkin_cmake_args' from command line to 'None'
[0.514s] Level 5:colcon.colcon_core.verb:set package 'drone_2_manager' build argument 'catkin_skip_building_tests' from command line to 'False'
[0.514s] DEBUG:colcon.colcon_core.verb:Building package 'drone_2_manager' with the following arguments: {'ament_cmake_args': None, 'build_base': '/home/chakrapani/drone_files/IITI_SOC/gcs_ws/build/drone_2_manager', 'catkin_cmake_args': None, 'catkin_skip_building_tests': False, 'cmake_args': None, 'cmake_clean_cache': False, 'cmake_clean_first': False, 'cmake_force_configure': False, 'cmake_target': None, 'cmake_target_skip_unavailable': False, 'install_base': '/home/chakrapani/drone_files/IITI_SOC/gcs_ws/install/drone_2_manager', 'merge_install': False, 'path': '/home/chakrapani/drone_files/IITI_SOC/gcs_ws/src/drone_2_manager', 'symlink_install': False, 'test_result_base': None}
[0.514s] Level 5:colcon.colcon_core.verb:set package 'gcs_controller' build argument 'cmake_args' from command line to 'None'
[0.514s] Level 5:colcon.colcon_core.verb:set package 'gcs_controller' build argument 'cmake_target' from command line to 'None'
[0.514s] Level 5:colcon.colcon_core.verb:set package 'gcs_controller' build argument 'cmake_target_skip_unavailable' from command line to 'False'
[0.514s] Level 5:colcon.colcon_core.verb:set package 'gcs_controller' build argument 'cmake_clean_cache' from command line to 'False'
[0.514s] Level 5:colcon.colcon_core.verb:set package 'gcs_controller' build argument 'cmake_clean_first' from command line to 'False'
[0.514s] Level 5:colcon.colcon_core.verb:set package 'gcs_controller' build argument 'cmake_force_configure' from command line to 'False'
[0.514s] Level 5:colcon.colcon_core.verb:set package 'gcs_controller' build argument 'ament_cmake_args' from command line to 'None'
[0.514s] Level 5:colcon.colcon_core.verb:set package 'gcs_controller' build argument 'catkin_cmake_args' from command line to 'None'
[0.514s] Level 5:colcon.colcon_core.verb:set package 'gcs_controller' build argument 'catkin_skip_building_tests' from command line to 'False'
[0.514s] DEBUG:colcon.colcon_core.verb:Building package 'gcs_controller' with the following arguments: {'ament_cmake_args': None, 'build_base': '/home/chakrapani/drone_files/IITI_SOC/gcs_ws/build/gcs_controller', 'catkin_cmake_args': None, 'catkin_skip_building_tests': False, 'cmake_args': None, 'cmake_clean_cache': False, 'cmake_clean_first': False, 'cmake_force_configure': False, 'cmake_target': None, 'cmake_target_skip_unavailable': False, 'install_base': '/home/chakrapani/drone_files/IITI_SOC/gcs_ws/install/gcs_controller', 'merge_install': False, 'path': '/home/chakrapani/drone_files/IITI_SOC/gcs_ws/src/gcs_controller', 'symlink_install': False, 'test_result_base': None}
[0.515s] INFO:colcon.colcon_core.executor:Executing jobs using 'parallel' executor
[0.516s] DEBUG:colcon.colcon_parallel_executor.executor.parallel:run_until_complete
[0.517s] INFO:colcon.colcon_ros.task.ament_cmake.build:Building ROS package in '/home/chakrapani/drone_files/IITI_SOC/gcs_ws/src/drone_interfaces' with build type 'ament_cmake'
[0.517s] INFO:colcon.colcon_cmake.task.cmake.build:Building CMake package in '/home/chakrapani/drone_files/IITI_SOC/gcs_ws/src/drone_interfaces'
[0.520s] INFO:colcon.colcon_core.plugin_system:Skipping extension 'colcon_core.shell.bat': Not used on non-Windows systems
[0.521s] INFO:colcon.colcon_core.shell:Skip shell extension 'powershell' for command environment: Not usable outside of PowerShell
[0.521s] DEBUG:colcon.colcon_core.shell:Skip shell extension 'dsv' for command environment
[0.527s] INFO:colcon.colcon_ros.task.ament_python.build:Building ROS package in '/home/chakrapani/drone_files/IITI_SOC/gcs_ws/src/mission_utils' with build type 'ament_python'
[0.528s] Level 1:colcon.colcon_core.shell:create_environment_hook('mission_utils', 'ament_prefix_path')
[0.529s] INFO:colcon.colcon_core.shell:Creating environment hook '/home/chakrapani/drone_files/IITI_SOC/gcs_ws/install/mission_utils/share/mission_utils/hook/ament_prefix_path.ps1'
[0.530s] INFO:colcon.colcon_core.shell:Creating environment descriptor '/home/chakrapani/drone_files/IITI_SOC/gcs_ws/install/mission_utils/share/mission_utils/hook/ament_prefix_path.dsv'
[0.531s] INFO:colcon.colcon_core.shell:Creating environment hook '/home/chakrapani/drone_files/IITI_SOC/gcs_ws/install/mission_utils/share/mission_utils/hook/ament_prefix_path.sh'
[0.533s] INFO:colcon.colcon_core.shell:Skip shell extension 'powershell' for command environment: Not usable outside of PowerShell
[0.533s] DEBUG:colcon.colcon_core.shell:Skip shell extension 'dsv' for command environment
[0.545s] DEBUG:colcon.colcon_core.event_handler.log_command:Invoking command in '/home/chakrapani/drone_files/IITI_SOC/gcs_ws/build/drone_interfaces': CMAKE_PREFIX_PATH=${CMAKE_PREFIX_PATH}:/home/chakrapani/drone_files/IITI_SOC/gcs_ws/install/gcs_controller:/home/chakrapani/drone_files/IITI_SOC/gcs_ws/install/mission_utils:/home/chakrapani/drone_files/IITI_SOC/gcs_ws/install/drone_launch:/home/chakrapani/drone_files/IITI_SOC/gcs_ws/install/drone_2_manager:/home/chakrapani/drone_files/IITI_SOC/gcs_ws/install/drone_1_manager:/opt/ros/humble /usr/bin/cmake --build /home/chakrapani/drone_files/IITI_SOC/gcs_ws/build/drone_interfaces -- -j2 -l2
[1.505s] INFO:colcon.colcon_core.task.python.build:Building Python package in '/home/chakrapani/drone_files/IITI_SOC/gcs_ws/src/mission_utils'
[1.506s] INFO:colcon.colcon_core.shell:Skip shell extension 'powershell' for command environment: Not usable outside of PowerShell
[1.506s] DEBUG:colcon.colcon_core.shell:Skip shell extension 'dsv' for command environment
[2.176s] DEBUG:colcon.colcon_core.event_handler.log_command:Invoked command in '/home/chakrapani/drone_files/IITI_SOC/gcs_ws/build/drone_interfaces' returned '0': CMAKE_PREFIX_PATH=${CMAKE_PREFIX_PATH}:/home/chakrapani/drone_files/IITI_SOC/gcs_ws/install/gcs_controller:/home/chakrapani/drone_files/IITI_SOC/gcs_ws/install/mission_utils:/home/chakrapani/drone_files/IITI_SOC/gcs_ws/install/drone_launch:/home/chakrapani/drone_files/IITI_SOC/gcs_ws/install/drone_2_manager:/home/chakrapani/drone_files/IITI_SOC/gcs_ws/install/drone_1_manager:/opt/ros/humble /usr/bin/cmake --build /home/chakrapani/drone_files/IITI_SOC/gcs_ws/build/drone_interfaces -- -j2 -l2
[2.205s] DEBUG:colcon.colcon_core.event_handler.log_command:Invoking command in '/home/chakrapani/drone_files/IITI_SOC/gcs_ws/build/drone_interfaces': CMAKE_PREFIX_PATH=${CMAKE_PREFIX_PATH}:/home/chakrapani/drone_files/IITI_SOC/gcs_ws/install/gcs_controller:/home/chakrapani/drone_files/IITI_SOC/gcs_ws/install/mission_utils:/home/chakrapani/drone_files/IITI_SOC/gcs_ws/install/drone_launch:/home/chakrapani/drone_files/IITI_SOC/gcs_ws/install/drone_2_manager:/home/chakrapani/drone_files/IITI_SOC/gcs_ws/install/drone_1_manager:/opt/ros/humble /usr/bin/cmake --install /home/chakrapani/drone_files/IITI_SOC/gcs_ws/build/drone_interfaces
[2.389s] Level 1:colcon.colcon_core.environment:create_environment_scripts_only(drone_interfaces)
[2.391s] DEBUG:colcon.colcon_core.event_handler.log_command:Invoked command in '/home/chakrapani/drone_files/IITI_SOC/gcs_ws/build/drone_interfaces' returned '0': CMAKE_PREFIX_PATH=${CMAKE_PREFIX_PATH}:/home/chakrapani/drone_files/IITI_SOC/gcs_ws/install/gcs_controller:/home/chakrapani/drone_files/IITI_SOC/gcs_ws/install/mission_utils:/home/chakrapani/drone_files/IITI_SOC/gcs_ws/install/drone_launch:/home/chakrapani/drone_files/IITI_SOC/gcs_ws/install/drone_2_manager:/home/chakrapani/drone_files/IITI_SOC/gcs_ws/install/drone_1_manager:/opt/ros/humble /usr/bin/cmake --install /home/chakrapani/drone_files/IITI_SOC/gcs_ws/build/drone_interfaces
[2.398s] Level 1:colcon.colcon_core.environment:checking '/home/chakrapani/drone_files/IITI_SOC/gcs_ws/install/drone_interfaces' for CMake module files
[2.399s] Level 1:colcon.colcon_core.environment:checking '/home/chakrapani/drone_files/IITI_SOC/gcs_ws/install/drone_interfaces' for CMake config files
[2.399s] Level 1:colcon.colcon_core.shell:create_environment_hook('drone_interfaces', 'cmake_prefix_path')
[2.404s] INFO:colcon.colcon_core.shell:Creating environment hook '/home/chakrapani/drone_files/IITI_SOC/gcs_ws/install/drone_interfaces/share/drone_interfaces/hook/cmake_prefix_path.ps1'
[2.405s] INFO:colcon.colcon_core.shell:Creating environment descriptor '/home/chakrapani/drone_files/IITI_SOC/gcs_ws/install/drone_interfaces/share/drone_interfaces/hook/cmake_prefix_path.dsv'
[2.406s] INFO:colcon.colcon_core.shell:Creating environment hook '/home/chakrapani/drone_files/IITI_SOC/gcs_ws/install/drone_interfaces/share/drone_interfaces/hook/cmake_prefix_path.sh'
[2.411s] Level 1:colcon.colcon_core.environment:checking '/home/chakrapani/drone_files/IITI_SOC/gcs_ws/install/drone_interfaces/lib'
[2.411s] Level 1:colcon.colcon_core.shell:create_environment_hook('drone_interfaces', 'ld_library_path_lib')
[2.411s] INFO:colcon.colcon_core.shell:Creating environment hook '/home/chakrapani/drone_files/IITI_SOC/gcs_ws/install/drone_interfaces/share/drone_interfaces/hook/ld_library_path_lib.ps1'
[2.417s] INFO:colcon.colcon_core.shell:Creating environment descriptor '/home/chakrapani/drone_files/IITI_SOC/gcs_ws/install/drone_interfaces/share/drone_interfaces/hook/ld_library_path_lib.dsv'
[2.419s] INFO:colcon.colcon_core.shell:Creating environment hook '/home/chakrapani/drone_files/IITI_SOC/gcs_ws/install/drone_interfaces/share/drone_interfaces/hook/ld_library_path_lib.sh'
[2.420s] Level 1:colcon.colcon_core.environment:checking '/home/chakrapani/drone_files/IITI_SOC/gcs_ws/install/drone_interfaces/bin'
[2.421s] Level 1:colcon.colcon_core.environment:checking '/home/chakrapani/drone_files/IITI_SOC/gcs_ws/install/drone_interfaces/lib/pkgconfig/drone_interfaces.pc'
[2.421s] Level 1:colcon.colcon_core.environment:checking '/home/chakrapani/drone_files/IITI_SOC/gcs_ws/install/drone_interfaces/lib/python3.10/site-packages'
[2.423s] Level 1:colcon.colcon_core.environment:checking '/home/chakrapani/drone_files/IITI_SOC/gcs_ws/install/drone_interfaces/bin'
[2.424s] INFO:colcon.colcon_core.shell:Creating package script '/home/chakrapani/drone_files/IITI_SOC/gcs_ws/install/drone_interfaces/share/drone_interfaces/package.ps1'
[2.428s] INFO:colcon.colcon_core.shell:Creating package descriptor '/home/chakrapani/drone_files/IITI_SOC/gcs_ws/install/drone_interfaces/share/drone_interfaces/package.dsv'
[2.431s] INFO:colcon.colcon_core.shell:Creating package script '/home/chakrapani/drone_files/IITI_SOC/gcs_ws/install/drone_interfaces/share/drone_interfaces/package.sh'
[2.436s] INFO:colcon.colcon_core.shell:Creating package script '/home/chakrapani/drone_files/IITI_SOC/gcs_ws/install/drone_interfaces/share/drone_interfaces/package.bash'
[2.437s] INFO:colcon.colcon_core.shell:Creating package script '/home/chakrapani/drone_files/IITI_SOC/gcs_ws/install/drone_interfaces/share/drone_interfaces/package.zsh'
[2.439s] Level 1:colcon.colcon_core.environment:create_file_with_runtime_dependencies(/home/chakrapani/drone_files/IITI_SOC/gcs_ws/install/drone_interfaces/share/colcon-core/packages/drone_interfaces)
[2.440s] Level 1:colcon.colcon_core.environment:create_environment_scripts_only(drone_interfaces)
[2.440s] Level 1:colcon.colcon_core.environment:checking '/home/chakrapani/drone_files/IITI_SOC/gcs_ws/install/drone_interfaces' for CMake module files
[2.446s] Level 1:colcon.colcon_core.environment:checking '/home/chakrapani/drone_files/IITI_SOC/gcs_ws/install/drone_interfaces' for CMake config files
[2.446s] Level 1:colcon.colcon_core.shell:create_environment_hook('drone_interfaces', 'cmake_prefix_path')
[2.447s] INFO:colcon.colcon_core.shell:Creating environment hook '/home/chakrapani/drone_files/IITI_SOC/gcs_ws/install/drone_interfaces/share/drone_interfaces/hook/cmake_prefix_path.ps1'
[2.450s] INFO:colcon.colcon_core.shell:Creating environment descriptor '/home/chakrapani/drone_files/IITI_SOC/gcs_ws/install/drone_interfaces/share/drone_interfaces/hook/cmake_prefix_path.dsv'
[2.450s] INFO:colcon.colcon_core.shell:Creating environment hook '/home/chakrapani/drone_files/IITI_SOC/gcs_ws/install/drone_interfaces/share/drone_interfaces/hook/cmake_prefix_path.sh'
[2.453s] Level 1:colcon.colcon_core.environment:checking '/home/chakrapani/drone_files/IITI_SOC/gcs_ws/install/drone_interfaces/lib'
[2.453s] Level 1:colcon.colcon_core.shell:create_environment_hook('drone_interfaces', 'ld_library_path_lib')
[2.456s] INFO:colcon.colcon_core.shell:Creating environment hook '/home/chakrapani/drone_files/IITI_SOC/gcs_ws/install/drone_interfaces/share/drone_interfaces/hook/ld_library_path_lib.ps1'
[2.456s] INFO:colcon.colcon_core.shell:Creating environment descriptor '/home/chakrapani/drone_files/IITI_SOC/gcs_ws/install/drone_interfaces/share/drone_interfaces/hook/ld_library_path_lib.dsv'
[2.457s] INFO:colcon.colcon_core.shell:Creating environment hook '/home/chakrapani/drone_files/IITI_SOC/gcs_ws/install/drone_interfaces/share/drone_interfaces/hook/ld_library_path_lib.sh'
[2.459s] Level 1:colcon.colcon_core.environment:checking '/home/chakrapani/drone_files/IITI_SOC/gcs_ws/install/drone_interfaces/bin'
[2.460s] Level 1:colcon.colcon_core.environment:checking '/home/chakrapani/drone_files/IITI_SOC/gcs_ws/install/drone_interfaces/lib/pkgconfig/drone_interfaces.pc'
[2.460s] Level 1:colcon.colcon_core.environment:checking '/home/chakrapani/drone_files/IITI_SOC/gcs_ws/install/drone_interfaces/lib/python3.10/site-packages'
[2.460s] Level 1:colcon.colcon_core.environment:checking '/home/chakrapani/drone_files/IITI_SOC/gcs_ws/install/drone_interfaces/bin'
[2.463s] INFO:colcon.colcon_core.shell:Creating package script '/home/chakrapani/drone_files/IITI_SOC/gcs_ws/install/drone_interfaces/share/drone_interfaces/package.ps1'
[2.464s] INFO:colcon.colcon_core.shell:Creating package descriptor '/home/chakrapani/drone_files/IITI_SOC/gcs_ws/install/drone_interfaces/share/drone_interfaces/package.dsv'
[2.469s] INFO:colcon.colcon_core.shell:Creating package script '/home/chakrapani/drone_files/IITI_SOC/gcs_ws/install/drone_interfaces/share/drone_interfaces/package.sh'
[2.470s] INFO:colcon.colcon_core.shell:Creating package script '/home/chakrapani/drone_files/IITI_SOC/gcs_ws/install/drone_interfaces/share/drone_interfaces/package.bash'
[2.472s] INFO:colcon.colcon_core.shell:Creating package script '/home/chakrapani/drone_files/IITI_SOC/gcs_ws/install/drone_interfaces/share/drone_interfaces/package.zsh'
[2.473s] Level 1:colcon.colcon_core.environment:create_file_with_runtime_dependencies(/home/chakrapani/drone_files/IITI_SOC/gcs_ws/install/drone_interfaces/share/colcon-core/packages/drone_interfaces)
[2.476s] INFO:colcon.colcon_ros.task.ament_python.build:Building ROS package in '/home/chakrapani/drone_files/IITI_SOC/gcs_ws/src/drone_launch' with build type 'ament_python'
[2.476s] Level 1:colcon.colcon_core.shell:create_environment_hook('drone_launch', 'ament_prefix_path')
[2.478s] INFO:colcon.colcon_core.shell:Creating environment hook '/home/chakrapani/drone_files/IITI_SOC/gcs_ws/install/drone_launch/share/drone_launch/hook/ament_prefix_path.ps1'
[2.479s] INFO:colcon.colcon_core.shell:Creating environment descriptor '/home/chakrapani/drone_files/IITI_SOC/gcs_ws/install/drone_launch/share/drone_launch/hook/ament_prefix_path.dsv'
[2.481s] INFO:colcon.colcon_core.shell:Creating environment hook '/home/chakrapani/drone_files/IITI_SOC/gcs_ws/install/drone_launch/share/drone_launch/hook/ament_prefix_path.sh'
[2.483s] INFO:colcon.colcon_core.shell:Skip shell extension 'powershell' for command environment: Not usable outside of PowerShell
[2.483s] DEBUG:colcon.colcon_core.shell:Skip shell extension 'dsv' for command environment
[2.960s] INFO:colcon.colcon_core.task.python.build:Building Python package in '/home/chakrapani/drone_files/IITI_SOC/gcs_ws/src/drone_launch'
[2.961s] INFO:colcon.colcon_core.shell:Skip shell extension 'powershell' for command environment: Not usable outside of PowerShell
[2.962s] DEBUG:colcon.colcon_core.shell:Skip shell extension 'dsv' for command environment
[2.975s] DEBUG:colcon.colcon_core.event_handler.log_command:Invoking command in '/home/chakrapani/drone_files/IITI_SOC/gcs_ws/src/mission_utils': PYTHONPATH=/home/chakrapani/drone_files/IITI_SOC/gcs_ws/build/mission_utils/prefix_override:/usr/lib/python3/dist-packages/colcon_core/task/python/colcon_distutils_commands:/home/chakrapani/drone_files/IITI_SOC/gcs_ws/install/mission_utils/lib/python3.10/site-packages:${PYTHONPATH} /usr/bin/python3 -W ignore:setup.py install is deprecated -W ignore:easy_install command is deprecated setup.py egg_info --egg-base ../../build/mission_utils build --build-base /home/chakrapani/drone_files/IITI_SOC/gcs_ws/build/mission_utils/build install --record /home/chakrapani/drone_files/IITI_SOC/gcs_ws/build/mission_utils/install.log --single-version-externally-managed install_data
[3.729s] DEBUG:colcon.colcon_core.event_handler.log_command:Invoking command in '/home/chakrapani/drone_files/IITI_SOC/gcs_ws/src/drone_launch': PYTHONPATH=/home/chakrapani/drone_files/IITI_SOC/gcs_ws/build/drone_launch/prefix_override:/usr/lib/python3/dist-packages/colcon_core/task/python/colcon_distutils_commands:/home/chakrapani/drone_files/IITI_SOC/gcs_ws/install/drone_launch/lib/python3.10/site-packages:${PYTHONPATH} /usr/bin/python3 -W ignore:setup.py install is deprecated -W ignore:easy_install command is deprecated setup.py egg_info --egg-base ../../build/drone_launch build --build-base /home/chakrapani/drone_files/IITI_SOC/gcs_ws/build/drone_launch/build install --record /home/chakrapani/drone_files/IITI_SOC/gcs_ws/build/drone_launch/install.log --single-version-externally-managed install_data
[3.970s] Level 1:colcon.colcon_core.environment:checking '/home/chakrapani/drone_files/IITI_SOC/gcs_ws/install/mission_utils' for CMake module files
[3.970s] Level 1:colcon.colcon_core.environment:checking '/home/chakrapani/drone_files/IITI_SOC/gcs_ws/install/mission_utils' for CMake config files
[3.970s] DEBUG:colcon.colcon_core.event_handler.log_command:Invoked command in '/home/chakrapani/drone_files/IITI_SOC/gcs_ws/src/mission_utils' returned '0': PYTHONPATH=/home/chakrapani/drone_files/IITI_SOC/gcs_ws/build/mission_utils/prefix_override:/usr/lib/python3/dist-packages/colcon_core/task/python/colcon_distutils_commands:/home/chakrapani/drone_files/IITI_SOC/gcs_ws/install/mission_utils/lib/python3.10/site-packages:${PYTHONPATH} /usr/bin/python3 -W ignore:setup.py install is deprecated -W ignore:easy_install command is deprecated setup.py egg_info --egg-base ../../build/mission_utils build --build-base /home/chakrapani/drone_files/IITI_SOC/gcs_ws/build/mission_utils/build install --record /home/chakrapani/drone_files/IITI_SOC/gcs_ws/build/mission_utils/install.log --single-version-externally-managed install_data
[3.972s] Level 1:colcon.colcon_core.environment:checking '/home/chakrapani/drone_files/IITI_SOC/gcs_ws/install/mission_utils/lib'
[3.972s] Level 1:colcon.colcon_core.environment:checking '/home/chakrapani/drone_files/IITI_SOC/gcs_ws/install/mission_utils/bin'
[3.973s] Level 1:colcon.colcon_core.environment:checking '/home/chakrapani/drone_files/IITI_SOC/gcs_ws/install/mission_utils/lib/pkgconfig/mission_utils.pc'
[3.973s] Level 1:colcon.colcon_core.environment:checking '/home/chakrapani/drone_files/IITI_SOC/gcs_ws/install/mission_utils/lib/python3.10/site-packages'
[3.974s] Level 1:colcon.colcon_core.shell:create_environment_hook('mission_utils', 'pythonpath')
[3.974s] INFO:colcon.colcon_core.shell:Creating environment hook '/home/chakrapani/drone_files/IITI_SOC/gcs_ws/install/mission_utils/share/mission_utils/hook/pythonpath.ps1'
[3.974s] INFO:colcon.colcon_core.shell:Creating environment descriptor '/home/chakrapani/drone_files/IITI_SOC/gcs_ws/install/mission_utils/share/mission_utils/hook/pythonpath.dsv'
[3.975s] INFO:colcon.colcon_core.shell:Creating environment hook '/home/chakrapani/drone_files/IITI_SOC/gcs_ws/install/mission_utils/share/mission_utils/hook/pythonpath.sh'
[3.976s] Level 1:colcon.colcon_core.environment:checking '/home/chakrapani/drone_files/IITI_SOC/gcs_ws/install/mission_utils/bin'
[3.976s] Level 1:colcon.colcon_core.environment:create_environment_scripts_only(mission_utils)
[3.977s] INFO:colcon.colcon_core.shell:Creating package script '/home/chakrapani/drone_files/IITI_SOC/gcs_ws/install/mission_utils/share/mission_utils/package.ps1'
[3.978s] INFO:colcon.colcon_core.shell:Creating package descriptor '/home/chakrapani/drone_files/IITI_SOC/gcs_ws/install/mission_utils/share/mission_utils/package.dsv'
[3.979s] INFO:colcon.colcon_core.shell:Creating package script '/home/chakrapani/drone_files/IITI_SOC/gcs_ws/install/mission_utils/share/mission_utils/package.sh'
[3.980s] INFO:colcon.colcon_core.shell:Creating package script '/home/chakrapani/drone_files/IITI_SOC/gcs_ws/install/mission_utils/share/mission_utils/package.bash'
[3.981s] INFO:colcon.colcon_core.shell:Creating package script '/home/chakrapani/drone_files/IITI_SOC/gcs_ws/install/mission_utils/share/mission_utils/package.zsh'
[3.981s] Level 1:colcon.colcon_core.environment:create_file_with_runtime_dependencies(/home/chakrapani/drone_files/IITI_SOC/gcs_ws/install/mission_utils/share/colcon-core/packages/mission_utils)
[3.983s] INFO:colcon.colcon_ros.task.ament_python.build:Building ROS package in '/home/chakrapani/drone_files/IITI_SOC/gcs_ws/src/drone_1_manager' with build type 'ament_python'
[3.983s] Level 1:colcon.colcon_core.shell:create_environment_hook('drone_1_manager', 'ament_prefix_path')
[3.984s] INFO:colcon.colcon_core.shell:Creating environment hook '/home/chakrapani/drone_files/IITI_SOC/gcs_ws/install/drone_1_manager/share/drone_1_manager/hook/ament_prefix_path.ps1'
[3.987s] INFO:colcon.colcon_core.shell:Creating environment descriptor '/home/chakrapani/drone_files/IITI_SOC/gcs_ws/install/drone_1_manager/share/drone_1_manager/hook/ament_prefix_path.dsv'
[3.991s] INFO:colcon.colcon_core.shell:Creating environment hook '/home/chakrapani/drone_files/IITI_SOC/gcs_ws/install/drone_1_manager/share/drone_1_manager/hook/ament_prefix_path.sh'
[3.994s] INFO:colcon.colcon_core.shell:Skip shell extension 'powershell' for command environment: Not usable outside of PowerShell
[3.994s] DEBUG:colcon.colcon_core.shell:Skip shell extension 'dsv' for command environment
[4.676s] INFO:colcon.colcon_core.task.python.build:Building Python package in '/home/chakrapani/drone_files/IITI_SOC/gcs_ws/src/drone_1_manager'
[4.676s] INFO:colcon.colcon_core.shell:Skip shell extension 'powershell' for command environment: Not usable outside of PowerShell
[4.676s] DEBUG:colcon.colcon_core.shell:Skip shell extension 'dsv' for command environment
[4.683s] Level 1:colcon.colcon_core.environment:checking '/home/chakrapani/drone_files/IITI_SOC/gcs_ws/install/drone_launch' for CMake module files
[4.684s] Level 1:colcon.colcon_core.environment:checking '/home/chakrapani/drone_files/IITI_SOC/gcs_ws/install/drone_launch' for CMake config files
[4.684s] Level 1:colcon.colcon_core.environment:checking '/home/chakrapani/drone_files/IITI_SOC/gcs_ws/install/drone_launch/lib'
[4.684s] Level 1:colcon.colcon_core.environment:checking '/home/chakrapani/drone_files/IITI_SOC/gcs_ws/install/drone_launch/bin'
[4.685s] Level 1:colcon.colcon_core.environment:checking '/home/chakrapani/drone_files/IITI_SOC/gcs_ws/install/drone_launch/lib/pkgconfig/drone_launch.pc'
[4.683s] DEBUG:colcon.colcon_core.event_handler.log_command:Invoked command in '/home/chakrapani/drone_files/IITI_SOC/gcs_ws/src/drone_launch' returned '0': PYTHONPATH=/home/chakrapani/drone_files/IITI_SOC/gcs_ws/build/drone_launch/prefix_override:/usr/lib/python3/dist-packages/colcon_core/task/python/colcon_distutils_commands:/home/chakrapani/drone_files/IITI_SOC/gcs_ws/install/drone_launch/lib/python3.10/site-packages:${PYTHONPATH} /usr/bin/python3 -W ignore:setup.py install is deprecated -W ignore:easy_install command is deprecated setup.py egg_info --egg-base ../../build/drone_launch build --build-base /home/chakrapani/drone_files/IITI_SOC/gcs_ws/build/drone_launch/build install --record /home/chakrapani/drone_files/IITI_SOC/gcs_ws/build/drone_launch/install.log --single-version-externally-managed install_data
[4.687s] Level 1:colcon.colcon_core.environment:checking '/home/chakrapani/drone_files/IITI_SOC/gcs_ws/install/drone_launch/lib/python3.10/site-packages'
[4.687s] Level 1:colcon.colcon_core.shell:create_environment_hook('drone_launch', 'pythonpath')
[4.687s] INFO:colcon.colcon_core.shell:Creating environment hook '/home/chakrapani/drone_files/IITI_SOC/gcs_ws/install/drone_launch/share/drone_launch/hook/pythonpath.ps1'
[4.690s] INFO:colcon.colcon_core.shell:Creating environment descriptor '/home/chakrapani/drone_files/IITI_SOC/gcs_ws/install/drone_launch/share/drone_launch/hook/pythonpath.dsv'
[4.690s] INFO:colcon.colcon_core.shell:Creating environment hook '/home/chakrapani/drone_files/IITI_SOC/gcs_ws/install/drone_launch/share/drone_launch/hook/pythonpath.sh'
[4.691s] Level 1:colcon.colcon_core.environment:checking '/home/chakrapani/drone_files/IITI_SOC/gcs_ws/install/drone_launch/bin'
[4.691s] Level 1:colcon.colcon_core.environment:create_environment_scripts_only(drone_launch)
[4.692s] INFO:colcon.colcon_core.shell:Creating package script '/home/chakrapani/drone_files/IITI_SOC/gcs_ws/install/drone_launch/share/drone_launch/package.ps1'
[4.694s] INFO:colcon.colcon_core.shell:Creating package descriptor '/home/chakrapani/drone_files/IITI_SOC/gcs_ws/install/drone_launch/share/drone_launch/package.dsv'
[4.696s] INFO:colcon.colcon_core.shell:Creating package script '/home/chakrapani/drone_files/IITI_SOC/gcs_ws/install/drone_launch/share/drone_launch/package.sh'
[4.697s] INFO:colcon.colcon_core.shell:Creating package script '/home/chakrapani/drone_files/IITI_SOC/gcs_ws/install/drone_launch/share/drone_launch/package.bash'
[4.698s] INFO:colcon.colcon_core.shell:Creating package script '/home/chakrapani/drone_files/IITI_SOC/gcs_ws/install/drone_launch/share/drone_launch/package.zsh'
[4.699s] Level 1:colcon.colcon_core.environment:create_file_with_runtime_dependencies(/home/chakrapani/drone_files/IITI_SOC/gcs_ws/install/drone_launch/share/colcon-core/packages/drone_launch)
[4.701s] INFO:colcon.colcon_ros.task.ament_python.build:Building ROS package in '/home/chakrapani/drone_files/IITI_SOC/gcs_ws/src/drone_2_manager' with build type 'ament_python'
[4.702s] Level 1:colcon.colcon_core.shell:create_environment_hook('drone_2_manager', 'ament_prefix_path')
[4.702s] INFO:colcon.colcon_core.shell:Creating environment hook '/home/chakrapani/drone_files/IITI_SOC/gcs_ws/install/drone_2_manager/share/drone_2_manager/hook/ament_prefix_path.ps1'
[4.703s] INFO:colcon.colcon_core.shell:Creating environment descriptor '/home/chakrapani/drone_files/IITI_SOC/gcs_ws/install/drone_2_manager/share/drone_2_manager/hook/ament_prefix_path.dsv'
[4.703s] INFO:colcon.colcon_core.shell:Creating environment hook '/home/chakrapani/drone_files/IITI_SOC/gcs_ws/install/drone_2_manager/share/drone_2_manager/hook/ament_prefix_path.sh'
[4.705s] INFO:colcon.colcon_core.shell:Skip shell extension 'powershell' for command environment: Not usable outside of PowerShell
[4.705s] DEBUG:colcon.colcon_core.shell:Skip shell extension 'dsv' for command environment
[5.547s] INFO:colcon.colcon_core.task.python.build:Building Python package in '/home/chakrapani/drone_files/IITI_SOC/gcs_ws/src/drone_2_manager'
[5.548s] INFO:colcon.colcon_core.shell:Skip shell extension 'powershell' for command environment: Not usable outside of PowerShell
[5.548s] DEBUG:colcon.colcon_core.shell:Skip shell extension 'dsv' for command environment
[5.745s] DEBUG:colcon.colcon_core.event_handler.log_command:Invoking command in '/home/chakrapani/drone_files/IITI_SOC/gcs_ws/src/drone_1_manager': PYTHONPATH=/home/chakrapani/drone_files/IITI_SOC/gcs_ws/build/drone_1_manager/prefix_override:/usr/lib/python3/dist-packages/colcon_core/task/python/colcon_distutils_commands:/home/chakrapani/drone_files/IITI_SOC/gcs_ws/install/drone_1_manager/lib/python3.10/site-packages:${PYTHONPATH} /usr/bin/python3 -W ignore:setup.py install is deprecated -W ignore:easy_install command is deprecated setup.py egg_info --egg-base ../../build/drone_1_manager build --build-base /home/chakrapani/drone_files/IITI_SOC/gcs_ws/build/drone_1_manager/build install --record /home/chakrapani/drone_files/IITI_SOC/gcs_ws/build/drone_1_manager/install.log --single-version-externally-managed install_data
[6.352s] DEBUG:colcon.colcon_core.event_handler.log_command:Invoking command in '/home/chakrapani/drone_files/IITI_SOC/gcs_ws/src/drone_2_manager': PYTHONPATH=/home/chakrapani/drone_files/IITI_SOC/gcs_ws/build/drone_2_manager/prefix_override:/usr/lib/python3/dist-packages/colcon_core/task/python/colcon_distutils_commands:/home/chakrapani/drone_files/IITI_SOC/gcs_ws/install/drone_2_manager/lib/python3.10/site-packages:${PYTHONPATH} /usr/bin/python3 -W ignore:setup.py install is deprecated -W ignore:easy_install command is deprecated setup.py egg_info --egg-base ../../build/drone_2_manager build --build-base /home/chakrapani/drone_files/IITI_SOC/gcs_ws/build/drone_2_manager/build install --record /home/chakrapani/drone_files/IITI_SOC/gcs_ws/build/drone_2_manager/install.log --single-version-externally-managed install_data
[6.398s] Level 1:colcon.colcon_core.environment:checking '/home/chakrapani/drone_files/IITI_SOC/gcs_ws/install/drone_1_manager' for CMake module files
[6.400s] Level 1:colcon.colcon_core.environment:checking '/home/chakrapani/drone_files/IITI_SOC/gcs_ws/install/drone_1_manager' for CMake config files
[6.399s] DEBUG:colcon.colcon_core.event_handler.log_command:Invoked command in '/home/chakrapani/drone_files/IITI_SOC/gcs_ws/src/drone_1_manager' returned '0': PYTHONPATH=/home/chakrapani/drone_files/IITI_SOC/gcs_ws/build/drone_1_manager/prefix_override:/usr/lib/python3/dist-packages/colcon_core/task/python/colcon_distutils_commands:/home/chakrapani/drone_files/IITI_SOC/gcs_ws/install/drone_1_manager/lib/python3.10/site-packages:${PYTHONPATH} /usr/bin/python3 -W ignore:setup.py install is deprecated -W ignore:easy_install command is deprecated setup.py egg_info --egg-base ../../build/drone_1_manager build --build-base /home/chakrapani/drone_files/IITI_SOC/gcs_ws/build/drone_1_manager/build install --record /home/chakrapani/drone_files/IITI_SOC/gcs_ws/build/drone_1_manager/install.log --single-version-externally-managed install_data
[6.400s] Level 1:colcon.colcon_core.environment:checking '/home/chakrapani/drone_files/IITI_SOC/gcs_ws/install/drone_1_manager/lib'
[6.401s] Level 1:colcon.colcon_core.environment:checking '/home/chakrapani/drone_files/IITI_SOC/gcs_ws/install/drone_1_manager/bin'
[6.401s] Level 1:colcon.colcon_core.environment:checking '/home/chakrapani/drone_files/IITI_SOC/gcs_ws/install/drone_1_manager/lib/pkgconfig/drone_1_manager.pc'
[6.401s] Level 1:colcon.colcon_core.environment:checking '/home/chakrapani/drone_files/IITI_SOC/gcs_ws/install/drone_1_manager/lib/python3.10/site-packages'
[6.401s] Level 1:colcon.colcon_core.shell:create_environment_hook('drone_1_manager', 'pythonpath')
[6.402s] INFO:colcon.colcon_core.shell:Creating environment hook '/home/chakrapani/drone_files/IITI_SOC/gcs_ws/install/drone_1_manager/share/drone_1_manager/hook/pythonpath.ps1'
[6.403s] INFO:colcon.colcon_core.shell:Creating environment descriptor '/home/chakrapani/drone_files/IITI_SOC/gcs_ws/install/drone_1_manager/share/drone_1_manager/hook/pythonpath.dsv'
[6.404s] INFO:colcon.colcon_core.shell:Creating environment hook '/home/chakrapani/drone_files/IITI_SOC/gcs_ws/install/drone_1_manager/share/drone_1_manager/hook/pythonpath.sh'
[6.405s] Level 1:colcon.colcon_core.environment:checking '/home/chakrapani/drone_files/IITI_SOC/gcs_ws/install/drone_1_manager/bin'
[6.405s] Level 1:colcon.colcon_core.environment:create_environment_scripts_only(drone_1_manager)
[6.405s] INFO:colcon.colcon_core.shell:Creating package script '/home/chakrapani/drone_files/IITI_SOC/gcs_ws/install/drone_1_manager/share/drone_1_manager/package.ps1'
[6.406s] INFO:colcon.colcon_core.shell:Creating package descriptor '/home/chakrapani/drone_files/IITI_SOC/gcs_ws/install/drone_1_manager/share/drone_1_manager/package.dsv'
[6.407s] INFO:colcon.colcon_core.shell:Creating package script '/home/chakrapani/drone_files/IITI_SOC/gcs_ws/install/drone_1_manager/share/drone_1_manager/package.sh'
[6.408s] INFO:colcon.colcon_core.shell:Creating package script '/home/chakrapani/drone_files/IITI_SOC/gcs_ws/install/drone_1_manager/share/drone_1_manager/package.bash'
[6.408s] INFO:colcon.colcon_core.shell:Creating package script '/home/chakrapani/drone_files/IITI_SOC/gcs_ws/install/drone_1_manager/share/drone_1_manager/package.zsh'
[6.409s] Level 1:colcon.colcon_core.environment:create_file_with_runtime_dependencies(/home/chakrapani/drone_files/IITI_SOC/gcs_ws/install/drone_1_manager/share/colcon-core/packages/drone_1_manager)
[6.411s] INFO:colcon.colcon_ros.task.ament_python.build:Building ROS package in '/home/chakrapani/drone_files/IITI_SOC/gcs_ws/src/gcs_controller' with build type 'ament_python'
[6.415s] Level 1:colcon.colcon_core.shell:create_environment_hook('gcs_controller', 'ament_prefix_path')
[6.415s] INFO:colcon.colcon_core.shell:Creating environment hook '/home/chakrapani/drone_files/IITI_SOC/gcs_ws/install/gcs_controller/share/gcs_controller/hook/ament_prefix_path.ps1'
[6.416s] INFO:colcon.colcon_core.shell:Creating environment descriptor '/home/chakrapani/drone_files/IITI_SOC/gcs_ws/install/gcs_controller/share/gcs_controller/hook/ament_prefix_path.dsv'
[6.417s] INFO:colcon.colcon_core.shell:Creating environment hook '/home/chakrapani/drone_files/IITI_SOC/gcs_ws/install/gcs_controller/share/gcs_controller/hook/ament_prefix_path.sh'
[6.420s] INFO:colcon.colcon_core.shell:Skip shell extension 'powershell' for command environment: Not usable outside of PowerShell
[6.421s] DEBUG:colcon.colcon_core.shell:Skip shell extension 'dsv' for command environment
[6.999s] INFO:colcon.colcon_core.task.python.build:Building Python package in '/home/chakrapani/drone_files/IITI_SOC/gcs_ws/src/gcs_controller'
[7.000s] INFO:colcon.colcon_core.shell:Skip shell extension 'powershell' for command environment: Not usable outside of PowerShell
[7.000s] DEBUG:colcon.colcon_core.shell:Skip shell extension 'dsv' for command environment
[7.007s] Level 1:colcon.colcon_core.environment:checking '/home/chakrapani/drone_files/IITI_SOC/gcs_ws/install/drone_2_manager' for CMake module files
[7.007s] Level 1:colcon.colcon_core.environment:checking '/home/chakrapani/drone_files/IITI_SOC/gcs_ws/install/drone_2_manager' for CMake config files
[7.009s] DEBUG:colcon.colcon_core.event_handler.log_command:Invoked command in '/home/chakrapani/drone_files/IITI_SOC/gcs_ws/src/drone_2_manager' returned '0': PYTHONPATH=/home/chakrapani/drone_files/IITI_SOC/gcs_ws/build/drone_2_manager/prefix_override:/usr/lib/python3/dist-packages/colcon_core/task/python/colcon_distutils_commands:/home/chakrapani/drone_files/IITI_SOC/gcs_ws/install/drone_2_manager/lib/python3.10/site-packages:${PYTHONPATH} /usr/bin/python3 -W ignore:setup.py install is deprecated -W ignore:easy_install command is deprecated setup.py egg_info --egg-base ../../build/drone_2_manager build --build-base /home/chakrapani/drone_files/IITI_SOC/gcs_ws/build/drone_2_manager/build install --record /home/chakrapani/drone_files/IITI_SOC/gcs_ws/build/drone_2_manager/install.log --single-version-externally-managed install_data
[7.011s] Level 1:colcon.colcon_core.environment:checking '/home/chakrapani/drone_files/IITI_SOC/gcs_ws/install/drone_2_manager/lib'
[7.011s] Level 1:colcon.colcon_core.environment:checking '/home/chakrapani/drone_files/IITI_SOC/gcs_ws/install/drone_2_manager/bin'
[7.011s] Level 1:colcon.colcon_core.environment:checking '/home/chakrapani/drone_files/IITI_SOC/gcs_ws/install/drone_2_manager/lib/pkgconfig/drone_2_manager.pc'
[7.011s] Level 1:colcon.colcon_core.environment:checking '/home/chakrapani/drone_files/IITI_SOC/gcs_ws/install/drone_2_manager/lib/python3.10/site-packages'
[7.011s] Level 1:colcon.colcon_core.shell:create_environment_hook('drone_2_manager', 'pythonpath')
[7.012s] INFO:colcon.colcon_core.shell:Creating environment hook '/home/chakrapani/drone_files/IITI_SOC/gcs_ws/install/drone_2_manager/share/drone_2_manager/hook/pythonpath.ps1'
[7.013s] INFO:colcon.colcon_core.shell:Creating environment descriptor '/home/chakrapani/drone_files/IITI_SOC/gcs_ws/install/drone_2_manager/share/drone_2_manager/hook/pythonpath.dsv'
[7.013s] INFO:colcon.colcon_core.shell:Creating environment hook '/home/chakrapani/drone_files/IITI_SOC/gcs_ws/install/drone_2_manager/share/drone_2_manager/hook/pythonpath.sh'
[7.017s] Level 1:colcon.colcon_core.environment:checking '/home/chakrapani/drone_files/IITI_SOC/gcs_ws/install/drone_2_manager/bin'
[7.017s] Level 1:colcon.colcon_core.environment:create_environment_scripts_only(drone_2_manager)
[7.019s] INFO:colcon.colcon_core.shell:Creating package script '/home/chakrapani/drone_files/IITI_SOC/gcs_ws/install/drone_2_manager/share/drone_2_manager/package.ps1'
[7.020s] INFO:colcon.colcon_core.shell:Creating package descriptor '/home/chakrapani/drone_files/IITI_SOC/gcs_ws/install/drone_2_manager/share/drone_2_manager/package.dsv'
[7.021s] INFO:colcon.colcon_core.shell:Creating package script '/home/chakrapani/drone_files/IITI_SOC/gcs_ws/install/drone_2_manager/share/drone_2_manager/package.sh'
[7.022s] INFO:colcon.colcon_core.shell:Creating package script '/home/chakrapani/drone_files/IITI_SOC/gcs_ws/install/drone_2_manager/share/drone_2_manager/package.bash'
[7.023s] INFO:colcon.colcon_core.shell:Creating package script '/home/chakrapani/drone_files/IITI_SOC/gcs_ws/install/drone_2_manager/share/drone_2_manager/package.zsh'
[7.023s] Level 1:colcon.colcon_core.environment:create_file_with_runtime_dependencies(/home/chakrapani/drone_files/IITI_SOC/gcs_ws/install/drone_2_manager/share/colcon-core/packages/drone_2_manager)
[7.523s] DEBUG:colcon.colcon_core.event_handler.log_command:Invoking command in '/home/chakrapani/drone_files/IITI_SOC/gcs_ws/src/gcs_controller': AMENT_PREFIX_PATH=/home/chakrapani/drone_files/IITI_SOC/gcs_ws/install/mission_utils:/home/chakrapani/drone_files/IITI_SOC/gcs_ws/install/gcs_controller:/home/chakrapani/drone_files/IITI_SOC/gcs_ws/install/drone_launch:/home/chakrapani/drone_files/IITI_SOC/gcs_ws/install/drone_2_manager:/home/chakrapani/drone_files/IITI_SOC/gcs_ws/install/drone_1_manager:/home/chakrapani/drone_files/IITI_SOC/gcs_ws/install/drone_interfaces:/opt/ros/humble PYTHONPATH=/home/chakrapani/drone_files/IITI_SOC/gcs_ws/build/gcs_controller/prefix_override:/usr/lib/python3/dist-packages/colcon_core/task/python/colcon_distutils_commands:/home/chakrapani/drone_files/IITI_SOC/gcs_ws/install/gcs_controller/lib/python3.10/site-packages:/home/chakrapani/drone_files/IITI_SOC/gcs_ws/install/mission_utils/lib/python3.10/site-packages:/home/chakrapani/drone_files/IITI_SOC/gcs_ws/install/gcs_controller/lib/python3.10/site-packages:/home/chakrapani/drone_files/IITI_SOC/gcs_ws/install/drone_launch/lib/python3.10/site-packages:/home/chakrapani/drone_files/IITI_SOC/gcs_ws/install/drone_2_manager/lib/python3.10/site-packages:/home/chakrapani/drone_files/IITI_SOC/gcs_ws/install/drone_1_manager/lib/python3.10/site-packages:/home/chakrapani/drone_files/IITI_SOC/gcs_ws/install/drone_interfaces/local/lib/python3.10/dist-packages:/opt/ros/humble/lib/python3.10/site-packages:/opt/ros/humble/local/lib/python3.10/dist-packages /usr/bin/python3 -W ignore:setup.py install is deprecated -W ignore:easy_install command is deprecated setup.py egg_info --egg-base ../../build/gcs_controller build --build-base /home/chakrapani/drone_files/IITI_SOC/gcs_ws/build/gcs_controller/build install --record /home/chakrapani/drone_files/IITI_SOC/gcs_ws/build/gcs_controller/install.log --single-version-externally-managed install_data
[7.983s] Level 1:colcon.colcon_core.environment:checking '/home/chakrapani/drone_files/IITI_SOC/gcs_ws/install/gcs_controller' for CMake module files
[7.983s] DEBUG:colcon.colcon_core.event_handler.log_command:Invoked command in '/home/chakrapani/drone_files/IITI_SOC/gcs_ws/src/gcs_controller' returned '0': AMENT_PREFIX_PATH=/home/chakrapani/drone_files/IITI_SOC/gcs_ws/install/mission_utils:/home/chakrapani/drone_files/IITI_SOC/gcs_ws/install/gcs_controller:/home/chakrapani/drone_files/IITI_SOC/gcs_ws/install/drone_launch:/home/chakrapani/drone_files/IITI_SOC/gcs_ws/install/drone_2_manager:/home/chakrapani/drone_files/IITI_SOC/gcs_ws/install/drone_1_manager:/home/chakrapani/drone_files/IITI_SOC/gcs_ws/install/drone_interfaces:/opt/ros/humble PYTHONPATH=/home/chakrapani/drone_files/IITI_SOC/gcs_ws/build/gcs_controller/prefix_override:/usr/lib/python3/dist-packages/colcon_core/task/python/colcon_distutils_commands:/home/chakrapani/drone_files/IITI_SOC/gcs_ws/install/gcs_controller/lib/python3.10/site-packages:/home/chakrapani/drone_files/IITI_SOC/gcs_ws/install/mission_utils/lib/python3.10/site-packages:/home/chakrapani/drone_files/IITI_SOC/gcs_ws/install/gcs_controller/lib/python3.10/site-packages:/home/chakrapani/drone_files/IITI_SOC/gcs_ws/install/drone_launch/lib/python3.10/site-packages:/home/chakrapani/drone_files/IITI_SOC/gcs_ws/install/drone_2_manager/lib/python3.10/site-packages:/home/chakrapani/drone_files/IITI_SOC/gcs_ws/install/drone_1_manager/lib/python3.10/site-packages:/home/chakrapani/drone_files/IITI_SOC/gcs_ws/install/drone_interfaces/local/lib/python3.10/dist-packages:/opt/ros/humble/lib/python3.10/site-packages:/opt/ros/humble/local/lib/python3.10/dist-packages /usr/bin/python3 -W ignore:setup.py install is deprecated -W ignore:easy_install command is deprecated setup.py egg_info --egg-base ../../build/gcs_controller build --build-base /home/chakrapani/drone_files/IITI_SOC/gcs_ws/build/gcs_controller/build install --record /home/chakrapani/drone_files/IITI_SOC/gcs_ws/build/gcs_controller/install.log --single-version-externally-managed install_data
[7.984s] Level 1:colcon.colcon_core.environment:checking '/home/chakrapani/drone_files/IITI_SOC/gcs_ws/install/gcs_controller' for CMake config files
[7.984s] Level 1:colcon.colcon_core.environment:checking '/home/chakrapani/drone_files/IITI_SOC/gcs_ws/install/gcs_controller/lib'
[7.984s] Level 1:colcon.colcon_core.environment:checking '/home/chakrapani/drone_files/IITI_SOC/gcs_ws/install/gcs_controller/bin'
[7.984s] Level 1:colcon.colcon_core.environment:checking '/home/chakrapani/drone_files/IITI_SOC/gcs_ws/install/gcs_controller/lib/pkgconfig/gcs_controller.pc'
[7.985s] Level 1:colcon.colcon_core.environment:checking '/home/chakrapani/drone_files/IITI_SOC/gcs_ws/install/gcs_controller/lib/python3.10/site-packages'
[7.985s] Level 1:colcon.colcon_core.shell:create_environment_hook('gcs_controller', 'pythonpath')
[7.985s] INFO:colcon.colcon_core.shell:Creating environment hook '/home/chakrapani/drone_files/IITI_SOC/gcs_ws/install/gcs_controller/share/gcs_controller/hook/pythonpath.ps1'
[7.985s] INFO:colcon.colcon_core.shell:Creating environment descriptor '/home/chakrapani/drone_files/IITI_SOC/gcs_ws/install/gcs_controller/share/gcs_controller/hook/pythonpath.dsv'
[7.986s] INFO:colcon.colcon_core.shell:Creating environment hook '/home/chakrapani/drone_files/IITI_SOC/gcs_ws/install/gcs_controller/share/gcs_controller/hook/pythonpath.sh'
[7.987s] Level 1:colcon.colcon_core.environment:checking '/home/chakrapani/drone_files/IITI_SOC/gcs_ws/install/gcs_controller/bin'
[7.987s] Level 1:colcon.colcon_core.environment:create_environment_scripts_only(gcs_controller)
[7.987s] INFO:colcon.colcon_core.shell:Creating package script '/home/chakrapani/drone_files/IITI_SOC/gcs_ws/install/gcs_controller/share/gcs_controller/package.ps1'
[7.988s] INFO:colcon.colcon_core.shell:Creating package descriptor '/home/chakrapani/drone_files/IITI_SOC/gcs_ws/install/gcs_controller/share/gcs_controller/package.dsv'
[7.988s] INFO:colcon.colcon_core.shell:Creating package script '/home/chakrapani/drone_files/IITI_SOC/gcs_ws/install/gcs_controller/share/gcs_controller/package.sh'
[7.989s] INFO:colcon.colcon_core.shell:Creating package script '/home/chakrapani/drone_files/IITI_SOC/gcs_ws/install/gcs_controller/share/gcs_controller/package.bash'
[7.989s] INFO:colcon.colcon_core.shell:Creating package script '/home/chakrapani/drone_files/IITI_SOC/gcs_ws/install/gcs_controller/share/gcs_controller/package.zsh'
[7.990s] Level 1:colcon.colcon_core.environment:create_file_with_runtime_dependencies(/home/chakrapani/drone_files/IITI_SOC/gcs_ws/install/gcs_controller/share/colcon-core/packages/gcs_controller)
[7.990s] DEBUG:colcon.colcon_parallel_executor.executor.parallel:closing loop
[7.991s] DEBUG:colcon.colcon_parallel_executor.executor.parallel:loop closed
[7.991s] DEBUG:colcon.colcon_parallel_executor.executor.parallel:run_until_complete finished with '0'
[7.991s] DEBUG:colcon.colcon_core.event_reactor:joining thread
[7.997s] INFO:colcon.colcon_core.plugin_system:Skipping extension 'colcon_notification.desktop_notification.terminal_notifier': Not used on non-Darwin systems
[7.997s] INFO:colcon.colcon_core.plugin_system:Skipping extension 'colcon_notification.desktop_notification.win32': Not used on non-Windows systems
[7.997s] INFO:colcon.colcon_notification.desktop_notification:Sending desktop notification using 'notify2'
[8.020s] DEBUG:colcon.colcon_core.event_reactor:joined thread
[8.020s] INFO:colcon.colcon_core.shell:Creating prefix script '/home/chakrapani/drone_files/IITI_SOC/gcs_ws/install/local_setup.ps1'
[8.023s] INFO:colcon.colcon_core.shell:Creating prefix util module '/home/chakrapani/drone_files/IITI_SOC/gcs_ws/install/_local_setup_util_ps1.py'
[8.025s] INFO:colcon.colcon_core.shell:Creating prefix chain script '/home/chakrapani/drone_files/IITI_SOC/gcs_ws/install/setup.ps1'
[8.027s] INFO:colcon.colcon_core.shell:Creating prefix script '/home/chakrapani/drone_files/IITI_SOC/gcs_ws/install/local_setup.sh'
[8.028s] INFO:colcon.colcon_core.shell:Creating prefix util module '/home/chakrapani/drone_files/IITI_SOC/gcs_ws/install/_local_setup_util_sh.py'
[8.029s] INFO:colcon.colcon_core.shell:Creating prefix chain script '/home/chakrapani/drone_files/IITI_SOC/gcs_ws/install/setup.sh'
[8.031s] INFO:colcon.colcon_core.shell:Creating prefix script '/home/chakrapani/drone_files/IITI_SOC/gcs_ws/install/local_setup.bash'
[8.032s] INFO:colcon.colcon_core.shell:Creating prefix chain script '/home/chakrapani/drone_files/IITI_SOC/gcs_ws/install/setup.bash'
[8.035s] INFO:colcon.colcon_core.shell:Creating prefix script '/home/chakrapani/drone_files/IITI_SOC/gcs_ws/install/local_setup.zsh'
[8.036s] INFO:colcon.colcon_core.shell:Creating prefix chain script '/home/chakrapani/drone_files/IITI_SOC/gcs_ws/install/setup.zsh'
