[0.842s] Invoking command in '/home/chakrapani/drone_files/IITI_SOC/gcs_ws/src/drone_launch': PYTHONPATH=/home/chakrapani/drone_files/IITI_SOC/gcs_ws/build/drone_launch/prefix_override:/usr/lib/python3/dist-packages/colcon_core/task/python/colcon_distutils_commands:/home/chakrapani/drone_files/IITI_SOC/gcs_ws/install/drone_launch/lib/python3.10/site-packages:${PYTHONPATH} /usr/bin/python3 -W ignore:setup.py install is deprecated -W ignore:easy_install command is deprecated setup.py egg_info --egg-base ../../build/drone_launch build --build-base /home/chakrapani/drone_files/IITI_SOC/gcs_ws/build/drone_launch/build install --record /home/chakrapani/drone_files/IITI_SOC/gcs_ws/build/drone_launch/install.log --single-version-externally-managed install_data
[1.128s] running egg_info
[1.129s] writing ../../build/drone_launch/drone_launch.egg-info/PKG-INFO
[1.130s] writing dependency_links to ../../build/drone_launch/drone_launch.egg-info/dependency_links.txt
[1.130s] writing entry points to ../../build/drone_launch/drone_launch.egg-info/entry_points.txt
[1.131s] writing requirements to ../../build/drone_launch/drone_launch.egg-info/requires.txt
[1.131s] writing top-level names to ../../build/drone_launch/drone_launch.egg-info/top_level.txt
[1.134s] reading manifest file '../../build/drone_launch/drone_launch.egg-info/SOURCES.txt'
[1.135s] writing manifest file '../../build/drone_launch/drone_launch.egg-info/SOURCES.txt'
[1.136s] running build
[1.136s] running build_py
[1.138s] running install
[1.138s] running install_lib
[1.139s] running install_data
[1.141s] running install_egg_info
[1.142s] removing '/home/chakrapani/drone_files/IITI_SOC/gcs_ws/install/drone_launch/lib/python3.10/site-packages/drone_launch-0.0.0-py3.10.egg-info' (and everything under it)
[1.142s] Copying ../../build/drone_launch/drone_launch.egg-info to /home/chakrapani/drone_files/IITI_SOC/gcs_ws/install/drone_launch/lib/python3.10/site-packages/drone_launch-0.0.0-py3.10.egg-info
[1.165s] running install_scripts
[1.192s] writing list of installed files to '/home/chakrapani/drone_files/IITI_SOC/gcs_ws/build/drone_launch/install.log'
[1.235s] Invoked command in '/home/chakrapani/drone_files/IITI_SOC/gcs_ws/src/drone_launch' returned '0': PYTHONPATH=/home/chakrapani/drone_files/IITI_SOC/gcs_ws/build/drone_launch/prefix_override:/usr/lib/python3/dist-packages/colcon_core/task/python/colcon_distutils_commands:/home/chakrapani/drone_files/IITI_SOC/gcs_ws/install/drone_launch/lib/python3.10/site-packages:${PYTHONPATH} /usr/bin/python3 -W ignore:setup.py install is deprecated -W ignore:easy_install command is deprecated setup.py egg_info --egg-base ../../build/drone_launch build --build-base /home/chakrapani/drone_files/IITI_SOC/gcs_ws/build/drone_launch/build install --record /home/chakrapani/drone_files/IITI_SOC/gcs_ws/build/drone_launch/install.log --single-version-externally-managed install_data
