/home/bhav/IITISoC-25-IVR09/install/drone_1_manager/lib/python3.10/site-packages/drone_1_manager/recharge_node.py
/home/bhav/IITISoC-25-IVR09/install/drone_1_manager/lib/python3.10/site-packages/drone_1_manager/mission_handler_node.py
/home/bhav/IITISoC-25-IVR09/install/drone_1_manager/lib/python3.10/site-packages/drone_1_manager/water_level.py
/home/bhav/IITISoC-25-IVR09/install/drone_1_manager/lib/python3.10/site-packages/drone_1_manager/status_publisher_node.py
/home/bhav/IITISoC-25-IVR09/install/drone_1_manager/lib/python3.10/site-packages/drone_1_manager/offboard_controller_node.py
/home/bhav/IITISoC-25-IVR09/install/drone_1_manager/lib/python3.10/site-packages/drone_1_manager/geotagging_node.py
/home/bhav/IITISoC-25-IVR09/install/drone_1_manager/lib/python3.10/site-packages/drone_1_manager/__init__.py
/home/bhav/IITISoC-25-IVR09/install/drone_1_manager/lib/python3.10/site-packages/drone_1_manager/__pycache__/recharge_node.cpython-310.pyc
/home/bhav/IITISoC-25-IVR09/install/drone_1_manager/lib/python3.10/site-packages/drone_1_manager/__pycache__/mission_handler_node.cpython-310.pyc
/home/bhav/IITISoC-25-IVR09/install/drone_1_manager/lib/python3.10/site-packages/drone_1_manager/__pycache__/water_level.cpython-310.pyc
/home/bhav/IITISoC-25-IVR09/install/drone_1_manager/lib/python3.10/site-packages/drone_1_manager/__pycache__/status_publisher_node.cpython-310.pyc
/home/bhav/IITISoC-25-IVR09/install/drone_1_manager/lib/python3.10/site-packages/drone_1_manager/__pycache__/offboard_controller_node.cpython-310.pyc
/home/bhav/IITISoC-25-IVR09/install/drone_1_manager/lib/python3.10/site-packages/drone_1_manager/__pycache__/geotagging_node.cpython-310.pyc
/home/bhav/IITISoC-25-IVR09/install/drone_1_manager/lib/python3.10/site-packages/drone_1_manager/__pycache__/__init__.cpython-310.pyc
/home/bhav/IITISoC-25-IVR09/install/drone_1_manager/share/ament_index/resource_index/packages/drone_1_manager
/home/bhav/IITISoC-25-IVR09/install/drone_1_manager/share/drone_1_manager/package.xml
/home/bhav/IITISoC-25-IVR09/install/drone_1_manager/lib/python3.10/site-packages/drone_1_manager-0.0.0-py3.10.egg-info/requires.txt
/home/bhav/IITISoC-25-IVR09/install/drone_1_manager/lib/python3.10/site-packages/drone_1_manager-0.0.0-py3.10.egg-info/zip-safe
/home/bhav/IITISoC-25-IVR09/install/drone_1_manager/lib/python3.10/site-packages/drone_1_manager-0.0.0-py3.10.egg-info/top_level.txt
/home/bhav/IITISoC-25-IVR09/install/drone_1_manager/lib/python3.10/site-packages/drone_1_manager-0.0.0-py3.10.egg-info/SOURCES.txt
/home/bhav/IITISoC-25-IVR09/install/drone_1_manager/lib/python3.10/site-packages/drone_1_manager-0.0.0-py3.10.egg-info/dependency_links.txt
/home/bhav/IITISoC-25-IVR09/install/drone_1_manager/lib/python3.10/site-packages/drone_1_manager-0.0.0-py3.10.egg-info/PKG-INFO
/home/bhav/IITISoC-25-IVR09/install/drone_1_manager/lib/python3.10/site-packages/drone_1_manager-0.0.0-py3.10.egg-info/entry_points.txt
/home/bhav/IITISoC-25-IVR09/install/drone_1_manager/lib/drone_1_manager/geotagging_node
/home/bhav/IITISoC-25-IVR09/install/drone_1_manager/lib/drone_1_manager/mission_handler_node
/home/bhav/IITISoC-25-IVR09/install/drone_1_manager/lib/drone_1_manager/offboard_controller_node
/home/bhav/IITISoC-25-IVR09/install/drone_1_manager/lib/drone_1_manager/recharge_node
/home/bhav/IITISoC-25-IVR09/install/drone_1_manager/lib/drone_1_manager/status_publisher_node
/home/bhav/IITISoC-25-IVR09/install/drone_1_manager/lib/drone_1_manager/water_level
