[0.862s] Invoking command in '/home/chakrapani/drone_files/IITI_SOC/gcs_ws/src/gcs_controller': AMENT_PREFIX_PATH=/home/chakrapani/drone_files/IITI_SOC/gcs_ws/install/mission_utils:/home/chakrapani/drone_files/IITI_SOC/gcs_ws/install/gcs_controller:/home/chakrapani/drone_files/IITI_SOC/gcs_ws/install/drone_launch:/home/chakrapani/drone_files/IITI_SOC/gcs_ws/install/drone_2_manager:/home/chakrapani/drone_files/IITI_SOC/gcs_ws/install/drone_1_manager:/home/chakrapani/drone_files/IITI_SOC/gcs_ws/install/drone_interfaces:/opt/ros/humble PYTHONPATH=/home/chakrapani/drone_files/IITI_SOC/gcs_ws/build/gcs_controller/prefix_override:/usr/lib/python3/dist-packages/colcon_core/task/python/colcon_distutils_commands:/home/chakrapani/drone_files/IITI_SOC/gcs_ws/install/gcs_controller/lib/python3.10/site-packages:/home/chakrapani/drone_files/IITI_SOC/gcs_ws/install/mission_utils/lib/python3.10/site-packages:/home/chakrapani/drone_files/IITI_SOC/gcs_ws/install/gcs_controller/lib/python3.10/site-packages:/home/chakrapani/drone_files/IITI_SOC/gcs_ws/install/drone_launch/lib/python3.10/site-packages:/home/chakrapani/drone_files/IITI_SOC/gcs_ws/install/drone_2_manager/lib/python3.10/site-packages:/home/chakrapani/drone_files/IITI_SOC/gcs_ws/install/drone_1_manager/lib/python3.10/site-packages:/home/chakrapani/drone_files/IITI_SOC/gcs_ws/install/drone_interfaces/local/lib/python3.10/dist-packages:/opt/ros/humble/lib/python3.10/site-packages:/opt/ros/humble/local/lib/python3.10/dist-packages /usr/bin/python3 -W ignore:setup.py install is deprecated -W ignore:easy_install command is deprecated setup.py egg_info --egg-base ../../build/gcs_controller build --build-base /home/chakrapani/drone_files/IITI_SOC/gcs_ws/build/gcs_controller/build install --record /home/chakrapani/drone_files/IITI_SOC/gcs_ws/build/gcs_controller/install.log --single-version-externally-managed install_data
[1.201s] running egg_info
[1.202s] creating ../../build/gcs_controller/gcs_controller.egg-info
[1.203s] writing ../../build/gcs_controller/gcs_controller.egg-info/PKG-INFO
[1.204s] writing dependency_links to ../../build/gcs_controller/gcs_controller.egg-info/dependency_links.txt
[1.204s] writing entry points to ../../build/gcs_controller/gcs_controller.egg-info/entry_points.txt
[1.205s] writing requirements to ../../build/gcs_controller/gcs_controller.egg-info/requires.txt
[1.205s] writing top-level names to ../../build/gcs_controller/gcs_controller.egg-info/top_level.txt
[1.205s] writing manifest file '../../build/gcs_controller/gcs_controller.egg-info/SOURCES.txt'
[1.208s] reading manifest file '../../build/gcs_controller/gcs_controller.egg-info/SOURCES.txt'
[1.209s] writing manifest file '../../build/gcs_controller/gcs_controller.egg-info/SOURCES.txt'
[1.209s] running build
[1.210s] running build_py
[1.210s] creating /home/chakrapani/drone_files/IITI_SOC/gcs_ws/build/gcs_controller/build
[1.210s] creating /home/chakrapani/drone_files/IITI_SOC/gcs_ws/build/gcs_controller/build/lib
[1.210s] creating /home/chakrapani/drone_files/IITI_SOC/gcs_ws/build/gcs_controller/build/lib/gcs_controller
[1.210s] copying gcs_controller/__init__.py -> /home/chakrapani/drone_files/IITI_SOC/gcs_ws/build/gcs_controller/build/lib/gcs_controller
[1.211s] copying gcs_controller/geotag_manager_node.py -> /home/chakrapani/drone_files/IITI_SOC/gcs_ws/build/gcs_controller/build/lib/gcs_controller
[1.211s] copying gcs_controller/swarm_supervisor_node.py -> /home/chakrapani/drone_files/IITI_SOC/gcs_ws/build/gcs_controller/build/lib/gcs_controller
[1.212s] copying gcs_controller/waypoint_manager_node.py -> /home/chakrapani/drone_files/IITI_SOC/gcs_ws/build/gcs_controller/build/lib/gcs_controller
[1.212s] running install
[1.213s] running install_lib
[1.214s] creating /home/chakrapani/drone_files/IITI_SOC/gcs_ws/install/gcs_controller/lib/python3.10/site-packages/gcs_controller
[1.215s] copying /home/chakrapani/drone_files/IITI_SOC/gcs_ws/build/gcs_controller/build/lib/gcs_controller/__init__.py -> /home/chakrapani/drone_files/IITI_SOC/gcs_ws/install/gcs_controller/lib/python3.10/site-packages/gcs_controller
[1.215s] copying /home/chakrapani/drone_files/IITI_SOC/gcs_ws/build/gcs_controller/build/lib/gcs_controller/geotag_manager_node.py -> /home/chakrapani/drone_files/IITI_SOC/gcs_ws/install/gcs_controller/lib/python3.10/site-packages/gcs_controller
[1.215s] copying /home/chakrapani/drone_files/IITI_SOC/gcs_ws/build/gcs_controller/build/lib/gcs_controller/swarm_supervisor_node.py -> /home/chakrapani/drone_files/IITI_SOC/gcs_ws/install/gcs_controller/lib/python3.10/site-packages/gcs_controller
[1.215s] copying /home/chakrapani/drone_files/IITI_SOC/gcs_ws/build/gcs_controller/build/lib/gcs_controller/waypoint_manager_node.py -> /home/chakrapani/drone_files/IITI_SOC/gcs_ws/install/gcs_controller/lib/python3.10/site-packages/gcs_controller
[1.217s] byte-compiling /home/chakrapani/drone_files/IITI_SOC/gcs_ws/install/gcs_controller/lib/python3.10/site-packages/gcs_controller/__init__.py to __init__.cpython-310.pyc
[1.217s] byte-compiling /home/chakrapani/drone_files/IITI_SOC/gcs_ws/install/gcs_controller/lib/python3.10/site-packages/gcs_controller/geotag_manager_node.py to geotag_manager_node.cpython-310.pyc
[1.217s] byte-compiling /home/chakrapani/drone_files/IITI_SOC/gcs_ws/install/gcs_controller/lib/python3.10/site-packages/gcs_controller/swarm_supervisor_node.py to swarm_supervisor_node.cpython-310.pyc
[1.222s] byte-compiling /home/chakrapani/drone_files/IITI_SOC/gcs_ws/install/gcs_controller/lib/python3.10/site-packages/gcs_controller/waypoint_manager_node.py to waypoint_manager_node.cpython-310.pyc
[1.225s] running install_data
[1.226s] creating /home/chakrapani/drone_files/IITI_SOC/gcs_ws/install/gcs_controller/share/ament_index
[1.226s] creating /home/chakrapani/drone_files/IITI_SOC/gcs_ws/install/gcs_controller/share/ament_index/resource_index
[1.228s] creating /home/chakrapani/drone_files/IITI_SOC/gcs_ws/install/gcs_controller/share/ament_index/resource_index/packages
[1.228s] copying resource/gcs_controller -> /home/chakrapani/drone_files/IITI_SOC/gcs_ws/install/gcs_controller/share/ament_index/resource_index/packages
[1.228s] copying package.xml -> /home/chakrapani/drone_files/IITI_SOC/gcs_ws/install/gcs_controller/share/gcs_controller
[1.228s] creating /home/chakrapani/drone_files/IITI_SOC/gcs_ws/install/gcs_controller/share/gcs_controller/launch
[1.228s] copying launch/gcs.launch.py -> /home/chakrapani/drone_files/IITI_SOC/gcs_ws/install/gcs_controller/share/gcs_controller/launch
[1.228s] running install_egg_info
[1.231s] Copying ../../build/gcs_controller/gcs_controller.egg-info to /home/chakrapani/drone_files/IITI_SOC/gcs_ws/install/gcs_controller/lib/python3.10/site-packages/gcs_controller-0.0.0-py3.10.egg-info
[1.232s] running install_scripts
[1.262s] Installing geotag_manager_node script to /home/chakrapani/drone_files/IITI_SOC/gcs_ws/install/gcs_controller/lib/gcs_controller
[1.262s] Installing swarm_supervisor_node script to /home/chakrapani/drone_files/IITI_SOC/gcs_ws/install/gcs_controller/lib/gcs_controller
[1.263s] Installing waypoint_manager_node script to /home/chakrapani/drone_files/IITI_SOC/gcs_ws/install/gcs_controller/lib/gcs_controller
[1.265s] writing list of installed files to '/home/chakrapani/drone_files/IITI_SOC/gcs_ws/build/gcs_controller/install.log'
[1.305s] Invoked command in '/home/chakrapani/drone_files/IITI_SOC/gcs_ws/src/gcs_controller' returned '0': AMENT_PREFIX_PATH=/home/chakrapani/drone_files/IITI_SOC/gcs_ws/install/mission_utils:/home/chakrapani/drone_files/IITI_SOC/gcs_ws/install/gcs_controller:/home/chakrapani/drone_files/IITI_SOC/gcs_ws/install/drone_launch:/home/chakrapani/drone_files/IITI_SOC/gcs_ws/install/drone_2_manager:/home/chakrapani/drone_files/IITI_SOC/gcs_ws/install/drone_1_manager:/home/chakrapani/drone_files/IITI_SOC/gcs_ws/install/drone_interfaces:/opt/ros/humble PYTHONPATH=/home/chakrapani/drone_files/IITI_SOC/gcs_ws/build/gcs_controller/prefix_override:/usr/lib/python3/dist-packages/colcon_core/task/python/colcon_distutils_commands:/home/chakrapani/drone_files/IITI_SOC/gcs_ws/install/gcs_controller/lib/python3.10/site-packages:/home/chakrapani/drone_files/IITI_SOC/gcs_ws/install/mission_utils/lib/python3.10/site-packages:/home/chakrapani/drone_files/IITI_SOC/gcs_ws/install/gcs_controller/lib/python3.10/site-packages:/home/chakrapani/drone_files/IITI_SOC/gcs_ws/install/drone_launch/lib/python3.10/site-packages:/home/chakrapani/drone_files/IITI_SOC/gcs_ws/install/drone_2_manager/lib/python3.10/site-packages:/home/chakrapani/drone_files/IITI_SOC/gcs_ws/install/drone_1_manager/lib/python3.10/site-packages:/home/chakrapani/drone_files/IITI_SOC/gcs_ws/install/drone_interfaces/local/lib/python3.10/dist-packages:/opt/ros/humble/lib/python3.10/site-packages:/opt/ros/humble/local/lib/python3.10/dist-packages /usr/bin/python3 -W ignore:setup.py install is deprecated -W ignore:easy_install command is deprecated setup.py egg_info --egg-base ../../build/gcs_controller build --build-base /home/chakrapani/drone_files/IITI_SOC/gcs_ws/build/gcs_controller/build install --record /home/chakrapani/drone_files/IITI_SOC/gcs_ws/build/gcs_controller/install.log --single-version-externally-managed install_data
