running egg_info
creating ../../build/mission_utils/mission_utils.egg-info
writing ../../build/mission_utils/mission_utils.egg-info/PKG-INFO
writing dependency_links to ../../build/mission_utils/mission_utils.egg-info/dependency_links.txt
writing entry points to ../../build/mission_utils/mission_utils.egg-info/entry_points.txt
writing requirements to ../../build/mission_utils/mission_utils.egg-info/requires.txt
writing top-level names to ../../build/mission_utils/mission_utils.egg-info/top_level.txt
writing manifest file '../../build/mission_utils/mission_utils.egg-info/SOURCES.txt'
reading manifest file '../../build/mission_utils/mission_utils.egg-info/SOURCES.txt'
writing manifest file '../../build/mission_utils/mission_utils.egg-info/SOURCES.txt'
running build
running build_py
creating /home/chakrapani/drone_files/IITI_SOC/gcs_ws/build/mission_utils/build
creating /home/chakrapani/drone_files/IITI_SOC/gcs_ws/build/mission_utils/build/lib
creating /home/chakrapani/drone_files/IITI_SOC/gcs_ws/build/mission_utils/build/lib/mission_utils
copying mission_utils/__init__.py -> /home/chakrapani/drone_files/IITI_SOC/gcs_ws/build/mission_utils/build/lib/mission_utils
copying mission_utils/waypoints_dataset.py -> /home/chakrapani/drone_files/IITI_SOC/gcs_ws/build/mission_utils/build/lib/mission_utils
copying mission_utils/geotags_dataset.py -> /home/chakrapani/drone_files/IITI_SOC/gcs_ws/build/mission_utils/build/lib/mission_utils
running install
running install_lib
creating /home/chakrapani/drone_files/IITI_SOC/gcs_ws/install/mission_utils/lib/python3.10/site-packages/mission_utils
copying /home/chakrapani/drone_files/IITI_SOC/gcs_ws/build/mission_utils/build/lib/mission_utils/__init__.py -> /home/chakrapani/drone_files/IITI_SOC/gcs_ws/install/mission_utils/lib/python3.10/site-packages/mission_utils
copying /home/chakrapani/drone_files/IITI_SOC/gcs_ws/build/mission_utils/build/lib/mission_utils/waypoints_dataset.py -> /home/chakrapani/drone_files/IITI_SOC/gcs_ws/install/mission_utils/lib/python3.10/site-packages/mission_utils
copying /home/chakrapani/drone_files/IITI_SOC/gcs_ws/build/mission_utils/build/lib/mission_utils/geotags_dataset.py -> /home/chakrapani/drone_files/IITI_SOC/gcs_ws/install/mission_utils/lib/python3.10/site-packages/mission_utils
byte-compiling /home/chakrapani/drone_files/IITI_SOC/gcs_ws/install/mission_utils/lib/python3.10/site-packages/mission_utils/__init__.py to __init__.cpython-310.pyc
byte-compiling /home/chakrapani/drone_files/IITI_SOC/gcs_ws/install/mission_utils/lib/python3.10/site-packages/mission_utils/waypoints_dataset.py to waypoints_dataset.cpython-310.pyc
byte-compiling /home/chakrapani/drone_files/IITI_SOC/gcs_ws/install/mission_utils/lib/python3.10/site-packages/mission_utils/geotags_dataset.py to geotags_dataset.cpython-310.pyc
running install_data
creating /home/chakrapani/drone_files/IITI_SOC/gcs_ws/install/mission_utils/share/ament_index
creating /home/chakrapani/drone_files/IITI_SOC/gcs_ws/install/mission_utils/share/ament_index/resource_index
creating /home/chakrapani/drone_files/IITI_SOC/gcs_ws/install/mission_utils/share/ament_index/resource_index/packages
copying resource/mission_utils -> /home/chakrapani/drone_files/IITI_SOC/gcs_ws/install/mission_utils/share/ament_index/resource_index/packages
copying package.xml -> /home/chakrapani/drone_files/IITI_SOC/gcs_ws/install/mission_utils/share/mission_utils
running install_egg_info
Copying ../../build/mission_utils/mission_utils.egg-info to /home/chakrapani/drone_files/IITI_SOC/gcs_ws/install/mission_utils/lib/python3.10/site-packages/mission_utils-0.0.0-py3.10.egg-info
running install_scripts
Installing geotags_dataset script to /home/chakrapani/drone_files/IITI_SOC/gcs_ws/install/mission_utils/lib/mission_utils
Installing waypoints_dataset script to /home/chakrapani/drone_files/IITI_SOC/gcs_ws/install/mission_utils/lib/mission_utils
writing list of installed files to '/home/chakrapani/drone_files/IITI_SOC/gcs_ws/build/mission_utils/install.log'
