[3.601s] Invoking command in '/home/chakrapani/drone_files/IITI_SOC/gcs_ws/src/gcs_controller': AMENT_PREFIX_PATH=/home/chakrapani/drone_files/IITI_SOC/gcs_ws/install/mission_utils:/home/chakrapani/drone_files/IITI_SOC/gcs_ws/install/drone_interfaces:${AMENT_PREFIX_PATH} CMAKE_PREFIX_PATH=/home/chakrapani/drone_files/IITI_SOC/gcs_ws/install/drone_interfaces LD_LIBRARY_PATH=/home/chakrapani/drone_files/IITI_SOC/gcs_ws/install/drone_interfaces/lib:${LD_LIBRARY_PATH} PYTHONPATH=/home/chakrapani/drone_files/IITI_SOC/gcs_ws/build/gcs_controller/prefix_override:/usr/lib/python3/dist-packages/colcon_core/task/python/colcon_distutils_commands:/home/chakrapani/drone_files/IITI_SOC/gcs_ws/install/gcs_controller/lib/python3.10/site-packages:/home/chakrapani/drone_files/IITI_SOC/gcs_ws/install/mission_utils/lib/python3.10/site-packages:/home/chakrapani/drone_files/IITI_SOC/gcs_ws/install/drone_interfaces/local/lib/python3.10/dist-packages:${PYTHONPATH} /usr/bin/python3 -W ignore:setup.py install is deprecated -W ignore:easy_install command is deprecated setup.py egg_info --egg-base ../../build/gcs_controller build --build-base /home/chakrapani/drone_files/IITI_SOC/gcs_ws/build/gcs_controller/build install --record /home/chakrapani/drone_files/IITI_SOC/gcs_ws/build/gcs_controller/install.log --single-version-externally-managed install_data
[4.059s] running egg_info
[4.062s] writing ../../build/gcs_controller/gcs_controller.egg-info/PKG-INFO
[4.062s] writing dependency_links to ../../build/gcs_controller/gcs_controller.egg-info/dependency_links.txt
[4.062s] writing entry points to ../../build/gcs_controller/gcs_controller.egg-info/entry_points.txt
[4.062s] writing requirements to ../../build/gcs_controller/gcs_controller.egg-info/requires.txt
[4.062s] writing top-level names to ../../build/gcs_controller/gcs_controller.egg-info/top_level.txt
[4.069s] reading manifest file '../../build/gcs_controller/gcs_controller.egg-info/SOURCES.txt'
[4.072s] writing manifest file '../../build/gcs_controller/gcs_controller.egg-info/SOURCES.txt'
[4.073s] running build
[4.073s] running build_py
[4.073s] running install
[4.077s] running install_lib
[4.082s] running install_data
[4.083s] running install_egg_info
[4.086s] removing '/home/chakrapani/drone_files/IITI_SOC/gcs_ws/install/gcs_controller/lib/python3.10/site-packages/gcs_controller-0.0.0-py3.10.egg-info' (and everything under it)
[4.088s] Copying ../../build/gcs_controller/gcs_controller.egg-info to /home/chakrapani/drone_files/IITI_SOC/gcs_ws/install/gcs_controller/lib/python3.10/site-packages/gcs_controller-0.0.0-py3.10.egg-info
[4.089s] running install_scripts
[4.145s] Installing geotag_manager_node script to /home/chakrapani/drone_files/IITI_SOC/gcs_ws/install/gcs_controller/lib/gcs_controller
[4.145s] Installing swarm_supervisor_node script to /home/chakrapani/drone_files/IITI_SOC/gcs_ws/install/gcs_controller/lib/gcs_controller
[4.145s] Installing waypoint_manager_node script to /home/chakrapani/drone_files/IITI_SOC/gcs_ws/install/gcs_controller/lib/gcs_controller
[4.145s] writing list of installed files to '/home/chakrapani/drone_files/IITI_SOC/gcs_ws/build/gcs_controller/install.log'
[4.228s] Invoked command in '/home/chakrapani/drone_files/IITI_SOC/gcs_ws/src/gcs_controller' returned '0': AMENT_PREFIX_PATH=/home/chakrapani/drone_files/IITI_SOC/gcs_ws/install/mission_utils:/home/chakrapani/drone_files/IITI_SOC/gcs_ws/install/drone_interfaces:${AMENT_PREFIX_PATH} CMAKE_PREFIX_PATH=/home/chakrapani/drone_files/IITI_SOC/gcs_ws/install/drone_interfaces LD_LIBRARY_PATH=/home/chakrapani/drone_files/IITI_SOC/gcs_ws/install/drone_interfaces/lib:${LD_LIBRARY_PATH} PYTHONPATH=/home/chakrapani/drone_files/IITI_SOC/gcs_ws/build/gcs_controller/prefix_override:/usr/lib/python3/dist-packages/colcon_core/task/python/colcon_distutils_commands:/home/chakrapani/drone_files/IITI_SOC/gcs_ws/install/gcs_controller/lib/python3.10/site-packages:/home/chakrapani/drone_files/IITI_SOC/gcs_ws/install/mission_utils/lib/python3.10/site-packages:/home/chakrapani/drone_files/IITI_SOC/gcs_ws/install/drone_interfaces/local/lib/python3.10/dist-packages:${PYTHONPATH} /usr/bin/python3 -W ignore:setup.py install is deprecated -W ignore:easy_install command is deprecated setup.py egg_info --egg-base ../../build/gcs_controller build --build-base /home/chakrapani/drone_files/IITI_SOC/gcs_ws/build/gcs_controller/build install --record /home/chakrapani/drone_files/IITI_SOC/gcs_ws/build/gcs_controller/install.log --single-version-externally-managed install_data
