[4.077s] Invoking command in '/home/chakrapani/drone_files/IITI_SOC/gcs_ws/src/mission_utils': PYTHONPATH=/home/chakrapani/drone_files/IITI_SOC/gcs_ws/build/mission_utils/prefix_override:/usr/lib/python3/dist-packages/colcon_core/task/python/colcon_distutils_commands:/home/chakrapani/drone_files/IITI_SOC/gcs_ws/install/mission_utils/lib/python3.10/site-packages:${PYTHONPATH} /usr/bin/python3 -W ignore:setup.py install is deprecated -W ignore:easy_install command is deprecated setup.py egg_info --egg-base ../../build/mission_utils build --build-base /home/chakrapani/drone_files/IITI_SOC/gcs_ws/build/mission_utils/build install --record /home/chakrapani/drone_files/IITI_SOC/gcs_ws/build/mission_utils/install.log --single-version-externally-managed install_data
[5.408s] running egg_info
[5.416s] writing ../../build/mission_utils/mission_utils.egg-info/PKG-INFO
[5.416s] writing dependency_links to ../../build/mission_utils/mission_utils.egg-info/dependency_links.txt
[5.417s] writing entry points to ../../build/mission_utils/mission_utils.egg-info/entry_points.txt
[5.417s] writing requirements to ../../build/mission_utils/mission_utils.egg-info/requires.txt
[5.417s] writing top-level names to ../../build/mission_utils/mission_utils.egg-info/top_level.txt
[5.419s] reading manifest file '../../build/mission_utils/mission_utils.egg-info/SOURCES.txt'
[5.422s] writing manifest file '../../build/mission_utils/mission_utils.egg-info/SOURCES.txt'
[5.427s] running build
[5.428s] running build_py
[5.428s] running install
[5.433s] running install_lib
[5.436s] running install_data
[5.445s] running install_egg_info
[5.464s] removing '/home/chakrapani/drone_files/IITI_SOC/gcs_ws/install/mission_utils/lib/python3.10/site-packages/mission_utils-0.0.0-py3.10.egg-info' (and everything under it)
[5.467s] Copying ../../build/mission_utils/mission_utils.egg-info to /home/chakrapani/drone_files/IITI_SOC/gcs_ws/install/mission_utils/lib/python3.10/site-packages/mission_utils-0.0.0-py3.10.egg-info
[5.472s] running install_scripts
[5.556s] writing list of installed files to '/home/chakrapani/drone_files/IITI_SOC/gcs_ws/build/mission_utils/install.log'
[5.792s] Invoked command in '/home/chakrapani/drone_files/IITI_SOC/gcs_ws/src/mission_utils' returned '0': PYTHONPATH=/home/chakrapani/drone_files/IITI_SOC/gcs_ws/build/mission_utils/prefix_override:/usr/lib/python3/dist-packages/colcon_core/task/python/colcon_distutils_commands:/home/chakrapani/drone_files/IITI_SOC/gcs_ws/install/mission_utils/lib/python3.10/site-packages:${PYTHONPATH} /usr/bin/python3 -W ignore:setup.py install is deprecated -W ignore:easy_install command is deprecated setup.py egg_info --egg-base ../../build/mission_utils build --build-base /home/chakrapani/drone_files/IITI_SOC/gcs_ws/build/mission_utils/build install --record /home/chakrapani/drone_files/IITI_SOC/gcs_ws/build/mission_utils/install.log --single-version-externally-managed install_data
