[0.022s] Invoking command in '/home/bhav/IITISoC-25-IVR09/build/drone_interfaces': CMAKE_PREFIX_PATH=${CMAKE_PREFIX_PATH}:/home/bhav/IITISoC-25-IVR09/install/gcs_controller:/home/bhav/IITISoC-25-IVR09/install/mission_utils:/home/bhav/IITISoC-25-IVR09/install/drone_launch:/home/bhav/IITISoC-25-IVR09/install/drone_2_manager:/home/bhav/IITISoC-25-IVR09/install/drone_1_manager:/opt/ros/humble /usr/bin/cmake --build /home/bhav/IITISoC-25-IVR09/build/drone_interfaces -- -j12 -l12
[0.252s] -- Found ament_cmake: 1.3.11 (/opt/ros/humble/share/ament_cmake/cmake)
[0.252s] -- Found rosidl_default_generators: 1.2.0 (/opt/ros/humble/share/rosidl_default_generators/cmake)
[0.252s] -- Using all available rosidl_typesupport_c: rosidl_typesupport_fastrtps_c;rosidl_typesupport_introspection_c
[0.252s] -- Found rosidl_adapter: 3.1.6 (/opt/ros/humble/share/rosidl_adapter/cmake)
[0.252s] -- Using all available rosidl_typesupport_cpp: rosidl_typesupport_fastrtps_cpp;rosidl_typesupport_introspection_cpp
[0.252s] -- Found ament_lint_auto: 0.12.12 (/opt/ros/humble/share/ament_lint_auto/cmake)
[0.490s] -- Found ament_cmake_ros: 0.10.0 (/opt/ros/humble/share/ament_cmake_ros/cmake)
[0.673s] -- Using all available rosidl_typesupport_c: rosidl_typesupport_fastrtps_c;rosidl_typesupport_introspection_c
[0.892s] -- Using all available rosidl_typesupport_cpp: rosidl_typesupport_fastrtps_cpp;rosidl_typesupport_introspection_cpp
[0.917s] -- Found python_cmake_module: 0.10.0 (/opt/ros/humble/share/python_cmake_module/cmake)
[0.941s] -- Using PYTHON_EXECUTABLE: /usr/bin/python3
[0.941s] -- Using PYTHON_INCLUDE_DIRS: /usr/include/python3.10
[0.941s] -- Using PYTHON_LIBRARIES: /usr/lib/x86_64-linux-gnu/libpython3.10.so
[0.953s] -- Added test 'lint_cmake' to check CMake code style
[0.953s] -- Added test 'xmllint' to check XML markup files
[0.955s] -- Configuring done
[0.991s] -- Generating done
[1.002s] -- Build files have been written to: /home/bhav/IITISoC-25-IVR09/build/drone_interfaces
[1.032s] [35m[1mConsolidate compiler generated dependencies of target drone_interfaces__rosidl_generator_c[0m
[1.041s] [  0%] Built target drone_interfaces__cpp
[1.053s] [ 12%] Built target drone_interfaces__rosidl_generator_c
[1.066s] [ 12%] Built target ament_cmake_python_copy_drone_interfaces
[1.071s] [35m[1mConsolidate compiler generated dependencies of target drone_interfaces__rosidl_typesupport_cpp[0m
[1.072s] [35m[1mConsolidate compiler generated dependencies of target drone_interfaces__rosidl_typesupport_fastrtps_cpp[0m
[1.080s] [35m[1mConsolidate compiler generated dependencies of target drone_interfaces__rosidl_typesupport_introspection_cpp[0m
[1.083s] [35m[1mConsolidate compiler generated dependencies of target drone_interfaces__rosidl_typesupport_c[0m
[1.084s] [35m[1mConsolidate compiler generated dependencies of target drone_interfaces__rosidl_typesupport_fastrtps_c[0m
[1.089s] [35m[1mConsolidate compiler generated dependencies of target drone_interfaces__rosidl_typesupport_introspection_c[0m
[1.102s] [ 24%] Built target drone_interfaces__rosidl_typesupport_cpp
[1.104s] [ 36%] Built target drone_interfaces__rosidl_typesupport_c
[1.110s] [ 48%] Built target drone_interfaces__rosidl_typesupport_introspection_c
[1.111s] [ 60%] Built target drone_interfaces__rosidl_typesupport_fastrtps_c
[1.112s] [ 72%] Built target drone_interfaces__rosidl_typesupport_fastrtps_cpp
[1.115s] [ 84%] Built target drone_interfaces__rosidl_typesupport_introspection_cpp
[1.137s] [ 84%] Built target drone_interfaces
[1.156s] [ 85%] Built target drone_interfaces__py
[1.169s] [35m[1mConsolidate compiler generated dependencies of target drone_interfaces__rosidl_generator_py[0m
[1.187s] [ 96%] Built target drone_interfaces__rosidl_generator_py
[1.195s] [35m[1mConsolidate compiler generated dependencies of target drone_interfaces__rosidl_typesupport_c__pyext[0m
[1.196s] [35m[1mConsolidate compiler generated dependencies of target drone_interfaces__rosidl_typesupport_fastrtps_c__pyext[0m
[1.198s] [35m[1mConsolidate compiler generated dependencies of target drone_interfaces__rosidl_typesupport_introspection_c__pyext[0m
[1.205s] [ 97%] Built target drone_interfaces__rosidl_typesupport_c__pyext
[1.207s] [ 98%] Built target drone_interfaces__rosidl_typesupport_fastrtps_c__pyext
[1.208s] [100%] Built target drone_interfaces__rosidl_typesupport_introspection_c__pyext
[1.285s] running egg_info
[1.286s] writing drone_interfaces.egg-info/PKG-INFO
[1.286s] writing dependency_links to drone_interfaces.egg-info/dependency_links.txt
[1.286s] writing top-level names to drone_interfaces.egg-info/top_level.txt
[1.288s] reading manifest file 'drone_interfaces.egg-info/SOURCES.txt'
[1.288s] writing manifest file 'drone_interfaces.egg-info/SOURCES.txt'
[1.312s] [100%] Built target ament_cmake_python_build_drone_interfaces_egg
[1.323s] Invoked command in '/home/bhav/IITISoC-25-IVR09/build/drone_interfaces' returned '0': CMAKE_PREFIX_PATH=${CMAKE_PREFIX_PATH}:/home/bhav/IITISoC-25-IVR09/install/gcs_controller:/home/bhav/IITISoC-25-IVR09/install/mission_utils:/home/bhav/IITISoC-25-IVR09/install/drone_launch:/home/bhav/IITISoC-25-IVR09/install/drone_2_manager:/home/bhav/IITISoC-25-IVR09/install/drone_1_manager:/opt/ros/humble /usr/bin/cmake --build /home/bhav/IITISoC-25-IVR09/build/drone_interfaces -- -j12 -l12
[1.333s] Invoking command in '/home/bhav/IITISoC-25-IVR09/build/drone_interfaces': CMAKE_PREFIX_PATH=${CMAKE_PREFIX_PATH}:/home/bhav/IITISoC-25-IVR09/install/gcs_controller:/home/bhav/IITISoC-25-IVR09/install/mission_utils:/home/bhav/IITISoC-25-IVR09/install/drone_launch:/home/bhav/IITISoC-25-IVR09/install/drone_2_manager:/home/bhav/IITISoC-25-IVR09/install/drone_1_manager:/opt/ros/humble /usr/bin/cmake --install /home/bhav/IITISoC-25-IVR09/build/drone_interfaces
[1.346s] -- Install configuration: ""
[1.346s] -- Up-to-date: /home/bhav/IITISoC-25-IVR09/install/drone_interfaces/share/ament_index/resource_index/rosidl_interfaces/drone_interfaces
[1.346s] -- Up-to-date: /home/bhav/IITISoC-25-IVR09/install/drone_interfaces/include/drone_interfaces/drone_interfaces
[1.347s] -- Up-to-date: /home/bhav/IITISoC-25-IVR09/install/drone_interfaces/include/drone_interfaces/drone_interfaces/srv
[1.347s] -- Up-to-date: /home/bhav/IITISoC-25-IVR09/install/drone_interfaces/include/drone_interfaces/drone_interfaces/srv/get_severity_score.h
[1.347s] -- Up-to-date: /home/bhav/IITISoC-25-IVR09/install/drone_interfaces/include/drone_interfaces/drone_interfaces/srv/detail
[1.347s] -- Up-to-date: /home/bhav/IITISoC-25-IVR09/install/drone_interfaces/include/drone_interfaces/drone_interfaces/srv/detail/get_severity_score__type_support.h
[1.347s] -- Up-to-date: /home/bhav/IITISoC-25-IVR09/install/drone_interfaces/include/drone_interfaces/drone_interfaces/srv/detail/get_severity_score__struct.h
[1.347s] -- Up-to-date: /home/bhav/IITISoC-25-IVR09/install/drone_interfaces/include/drone_interfaces/drone_interfaces/srv/detail/get_severity_score__functions.c
[1.347s] -- Up-to-date: /home/bhav/IITISoC-25-IVR09/install/drone_interfaces/include/drone_interfaces/drone_interfaces/srv/detail/get_severity_score__functions.h
[1.347s] -- Up-to-date: /home/bhav/IITISoC-25-IVR09/install/drone_interfaces/include/drone_interfaces/drone_interfaces/msg
[1.347s] -- Up-to-date: /home/bhav/IITISoC-25-IVR09/install/drone_interfaces/include/drone_interfaces/drone_interfaces/msg/waypoint_request.h
[1.347s] -- Up-to-date: /home/bhav/IITISoC-25-IVR09/install/drone_interfaces/include/drone_interfaces/drone_interfaces/msg/surveillance_status.h
[1.347s] -- Up-to-date: /home/bhav/IITISoC-25-IVR09/install/drone_interfaces/include/drone_interfaces/drone_interfaces/msg/geotag_array.h
[1.347s] -- Up-to-date: /home/bhav/IITISoC-25-IVR09/install/drone_interfaces/include/drone_interfaces/drone_interfaces/msg/geotag.h
[1.348s] -- Up-to-date: /home/bhav/IITISoC-25-IVR09/install/drone_interfaces/include/drone_interfaces/drone_interfaces/msg/rosidl_generator_c__visibility_control.h
[1.348s] -- Up-to-date: /home/bhav/IITISoC-25-IVR09/install/drone_interfaces/include/drone_interfaces/drone_interfaces/msg/drone_status.h
[1.348s] -- Up-to-date: /home/bhav/IITISoC-25-IVR09/install/drone_interfaces/include/drone_interfaces/drone_interfaces/msg/geotag_visited.h
[1.348s] -- Up-to-date: /home/bhav/IITISoC-25-IVR09/install/drone_interfaces/include/drone_interfaces/drone_interfaces/msg/drone_status_update.h
[1.348s] -- Up-to-date: /home/bhav/IITISoC-25-IVR09/install/drone_interfaces/include/drone_interfaces/drone_interfaces/msg/detail
[1.348s] -- Up-to-date: /home/bhav/IITISoC-25-IVR09/install/drone_interfaces/include/drone_interfaces/drone_interfaces/msg/detail/geotag__type_support.h
[1.348s] -- Up-to-date: /home/bhav/IITISoC-25-IVR09/install/drone_interfaces/include/drone_interfaces/drone_interfaces/msg/detail/drone_type_change__type_support.h
[1.348s] -- Up-to-date: /home/bhav/IITISoC-25-IVR09/install/drone_interfaces/include/drone_interfaces/drone_interfaces/msg/detail/drone_status_update__functions.c
[1.348s] -- Up-to-date: /home/bhav/IITISoC-25-IVR09/install/drone_interfaces/include/drone_interfaces/drone_interfaces/msg/detail/geotag_array__functions.h
[1.348s] -- Up-to-date: /home/bhav/IITISoC-25-IVR09/install/drone_interfaces/include/drone_interfaces/drone_interfaces/msg/detail/drone_status__functions.h
[1.349s] -- Up-to-date: /home/bhav/IITISoC-25-IVR09/install/drone_interfaces/include/drone_interfaces/drone_interfaces/msg/detail/waypoint_visited__struct.h
[1.349s] -- Up-to-date: /home/bhav/IITISoC-25-IVR09/install/drone_interfaces/include/drone_interfaces/drone_interfaces/msg/detail/geotag_request__functions.c
[1.349s] -- Up-to-date: /home/bhav/IITISoC-25-IVR09/install/drone_interfaces/include/drone_interfaces/drone_interfaces/msg/detail/waypoint_visited__type_support.h
[1.349s] -- Up-to-date: /home/bhav/IITISoC-25-IVR09/install/drone_interfaces/include/drone_interfaces/drone_interfaces/msg/detail/waypoint_request__functions.h
[1.349s] -- Up-to-date: /home/bhav/IITISoC-25-IVR09/install/drone_interfaces/include/drone_interfaces/drone_interfaces/msg/detail/drone_status_update__struct.h
[1.349s] -- Up-to-date: /home/bhav/IITISoC-25-IVR09/install/drone_interfaces/include/drone_interfaces/drone_interfaces/msg/detail/waypoint_request__struct.h
[1.349s] -- Up-to-date: /home/bhav/IITISoC-25-IVR09/install/drone_interfaces/include/drone_interfaces/drone_interfaces/msg/detail/surveillance_status__functions.h
[1.349s] -- Up-to-date: /home/bhav/IITISoC-25-IVR09/install/drone_interfaces/include/drone_interfaces/drone_interfaces/msg/detail/waypoint__functions.h
[1.349s] -- Up-to-date: /home/bhav/IITISoC-25-IVR09/install/drone_interfaces/include/drone_interfaces/drone_interfaces/msg/detail/geotag_request__functions.h
[1.349s] -- Up-to-date: /home/bhav/IITISoC-25-IVR09/install/drone_interfaces/include/drone_interfaces/drone_interfaces/msg/detail/geotag_request__struct.h
[1.349s] -- Up-to-date: /home/bhav/IITISoC-25-IVR09/install/drone_interfaces/include/drone_interfaces/drone_interfaces/msg/detail/drone_status__struct.h
[1.349s] -- Up-to-date: /home/bhav/IITISoC-25-IVR09/install/drone_interfaces/include/drone_interfaces/drone_interfaces/msg/detail/surveillance_status__functions.c
[1.349s] -- Up-to-date: /home/bhav/IITISoC-25-IVR09/install/drone_interfaces/include/drone_interfaces/drone_interfaces/msg/detail/waypoint__type_support.h
[1.349s] -- Up-to-date: /home/bhav/IITISoC-25-IVR09/install/drone_interfaces/include/drone_interfaces/drone_interfaces/msg/detail/drone_type_change__functions.c
[1.350s] -- Up-to-date: /home/bhav/IITISoC-25-IVR09/install/drone_interfaces/include/drone_interfaces/drone_interfaces/msg/detail/geotag_visited__struct.h
[1.350s] -- Up-to-date: /home/bhav/IITISoC-25-IVR09/install/drone_interfaces/include/drone_interfaces/drone_interfaces/msg/detail/waypoint_array__functions.c
[1.350s] -- Up-to-date: /home/bhav/IITISoC-25-IVR09/install/drone_interfaces/include/drone_interfaces/drone_interfaces/msg/detail/geotag_array__struct.h
[1.350s] -- Up-to-date: /home/bhav/IITISoC-25-IVR09/install/drone_interfaces/include/drone_interfaces/drone_interfaces/msg/detail/waypoint_array__functions.h
[1.350s] -- Up-to-date: /home/bhav/IITISoC-25-IVR09/install/drone_interfaces/include/drone_interfaces/drone_interfaces/msg/detail/geotag_visited__functions.h
[1.350s] -- Up-to-date: /home/bhav/IITISoC-25-IVR09/install/drone_interfaces/include/drone_interfaces/drone_interfaces/msg/detail/waypoint_visited__functions.c
[1.350s] -- Up-to-date: /home/bhav/IITISoC-25-IVR09/install/drone_interfaces/include/drone_interfaces/drone_interfaces/msg/detail/waypoint_visited__functions.h
[1.350s] -- Up-to-date: /home/bhav/IITISoC-25-IVR09/install/drone_interfaces/include/drone_interfaces/drone_interfaces/msg/detail/geotag__functions.h
[1.350s] -- Up-to-date: /home/bhav/IITISoC-25-IVR09/install/drone_interfaces/include/drone_interfaces/drone_interfaces/msg/detail/drone_type_change__struct.h
[1.350s] -- Up-to-date: /home/bhav/IITISoC-25-IVR09/install/drone_interfaces/include/drone_interfaces/drone_interfaces/msg/detail/waypoint_array__struct.h
[1.351s] -- Up-to-date: /home/bhav/IITISoC-25-IVR09/install/drone_interfaces/include/drone_interfaces/drone_interfaces/msg/detail/waypoint__functions.c
[1.351s] -- Up-to-date: /home/bhav/IITISoC-25-IVR09/install/drone_interfaces/include/drone_interfaces/drone_interfaces/msg/detail/geotag_array__type_support.h
[1.351s] -- Up-to-date: /home/bhav/IITISoC-25-IVR09/install/drone_interfaces/include/drone_interfaces/drone_interfaces/msg/detail/waypoint_array__type_support.h
[1.351s] -- Up-to-date: /home/bhav/IITISoC-25-IVR09/install/drone_interfaces/include/drone_interfaces/drone_interfaces/msg/detail/drone_type_change__functions.h
[1.351s] -- Up-to-date: /home/bhav/IITISoC-25-IVR09/install/drone_interfaces/include/drone_interfaces/drone_interfaces/msg/detail/waypoint_request__type_support.h
[1.351s] -- Up-to-date: /home/bhav/IITISoC-25-IVR09/install/drone_interfaces/include/drone_interfaces/drone_interfaces/msg/detail/geotag__struct.h
[1.351s] -- Up-to-date: /home/bhav/IITISoC-25-IVR09/install/drone_interfaces/include/drone_interfaces/drone_interfaces/msg/detail/geotag_visited__functions.c
[1.351s] -- Up-to-date: /home/bhav/IITISoC-25-IVR09/install/drone_interfaces/include/drone_interfaces/drone_interfaces/msg/detail/geotag_visited__type_support.h
[1.351s] -- Up-to-date: /home/bhav/IITISoC-25-IVR09/install/drone_interfaces/include/drone_interfaces/drone_interfaces/msg/detail/surveillance_status__type_support.h
[1.351s] -- Up-to-date: /home/bhav/IITISoC-25-IVR09/install/drone_interfaces/include/drone_interfaces/drone_interfaces/msg/detail/drone_status_update__functions.h
[1.352s] -- Up-to-date: /home/bhav/IITISoC-25-IVR09/install/drone_interfaces/include/drone_interfaces/drone_interfaces/msg/detail/drone_status__functions.c
[1.352s] -- Up-to-date: /home/bhav/IITISoC-25-IVR09/install/drone_interfaces/include/drone_interfaces/drone_interfaces/msg/detail/geotag_request__type_support.h
[1.352s] -- Up-to-date: /home/bhav/IITISoC-25-IVR09/install/drone_interfaces/include/drone_interfaces/drone_interfaces/msg/detail/waypoint__struct.h
[1.352s] -- Up-to-date: /home/bhav/IITISoC-25-IVR09/install/drone_interfaces/include/drone_interfaces/drone_interfaces/msg/detail/geotag__functions.c
[1.352s] -- Up-to-date: /home/bhav/IITISoC-25-IVR09/install/drone_interfaces/include/drone_interfaces/drone_interfaces/msg/detail/geotag_array__functions.c
[1.352s] -- Up-to-date: /home/bhav/IITISoC-25-IVR09/install/drone_interfaces/include/drone_interfaces/drone_interfaces/msg/detail/drone_status__type_support.h
[1.352s] -- Up-to-date: /home/bhav/IITISoC-25-IVR09/install/drone_interfaces/include/drone_interfaces/drone_interfaces/msg/detail/waypoint_request__functions.c
[1.353s] -- Up-to-date: /home/bhav/IITISoC-25-IVR09/install/drone_interfaces/include/drone_interfaces/drone_interfaces/msg/detail/drone_status_update__type_support.h
[1.353s] -- Up-to-date: /home/bhav/IITISoC-25-IVR09/install/drone_interfaces/include/drone_interfaces/drone_interfaces/msg/detail/surveillance_status__struct.h
[1.353s] -- Up-to-date: /home/bhav/IITISoC-25-IVR09/install/drone_interfaces/include/drone_interfaces/drone_interfaces/msg/waypoint_array.h
[1.353s] -- Up-to-date: /home/bhav/IITISoC-25-IVR09/install/drone_interfaces/include/drone_interfaces/drone_interfaces/msg/drone_type_change.h
[1.353s] -- Up-to-date: /home/bhav/IITISoC-25-IVR09/install/drone_interfaces/include/drone_interfaces/drone_interfaces/msg/waypoint.h
[1.353s] -- Up-to-date: /home/bhav/IITISoC-25-IVR09/install/drone_interfaces/include/drone_interfaces/drone_interfaces/msg/waypoint_visited.h
[1.353s] -- Up-to-date: /home/bhav/IITISoC-25-IVR09/install/drone_interfaces/include/drone_interfaces/drone_interfaces/msg/geotag_request.h
[1.353s] -- Up-to-date: /home/bhav/IITISoC-25-IVR09/install/drone_interfaces/share/drone_interfaces/environment/library_path.sh
[1.353s] -- Installing: /home/bhav/IITISoC-25-IVR09/install/drone_interfaces/share/drone_interfaces/environment/library_path.dsv
[1.353s] -- Up-to-date: /home/bhav/IITISoC-25-IVR09/install/drone_interfaces/lib/libdrone_interfaces__rosidl_generator_c.so
[1.353s] -- Up-to-date: /home/bhav/IITISoC-25-IVR09/install/drone_interfaces/include/drone_interfaces/drone_interfaces
[1.353s] -- Up-to-date: /home/bhav/IITISoC-25-IVR09/install/drone_interfaces/include/drone_interfaces/drone_interfaces/srv
[1.353s] -- Up-to-date: /home/bhav/IITISoC-25-IVR09/install/drone_interfaces/include/drone_interfaces/drone_interfaces/srv/detail
[1.353s] -- Up-to-date: /home/bhav/IITISoC-25-IVR09/install/drone_interfaces/include/drone_interfaces/drone_interfaces/srv/detail/get_severity_score__rosidl_typesupport_fastrtps_c.h
[1.353s] -- Up-to-date: /home/bhav/IITISoC-25-IVR09/install/drone_interfaces/include/drone_interfaces/drone_interfaces/msg
[1.353s] -- Up-to-date: /home/bhav/IITISoC-25-IVR09/install/drone_interfaces/include/drone_interfaces/drone_interfaces/msg/rosidl_typesupport_fastrtps_c__visibility_control.h
[1.353s] -- Up-to-date: /home/bhav/IITISoC-25-IVR09/install/drone_interfaces/include/drone_interfaces/drone_interfaces/msg/detail
[1.353s] -- Up-to-date: /home/bhav/IITISoC-25-IVR09/install/drone_interfaces/include/drone_interfaces/drone_interfaces/msg/detail/drone_status__rosidl_typesupport_fastrtps_c.h
[1.354s] -- Up-to-date: /home/bhav/IITISoC-25-IVR09/install/drone_interfaces/include/drone_interfaces/drone_interfaces/msg/detail/surveillance_status__rosidl_typesupport_fastrtps_c.h
[1.354s] -- Up-to-date: /home/bhav/IITISoC-25-IVR09/install/drone_interfaces/include/drone_interfaces/drone_interfaces/msg/detail/drone_status_update__rosidl_typesupport_fastrtps_c.h
[1.354s] -- Up-to-date: /home/bhav/IITISoC-25-IVR09/install/drone_interfaces/include/drone_interfaces/drone_interfaces/msg/detail/geotag_array__rosidl_typesupport_fastrtps_c.h
[1.354s] -- Up-to-date: /home/bhav/IITISoC-25-IVR09/install/drone_interfaces/include/drone_interfaces/drone_interfaces/msg/detail/waypoint_array__rosidl_typesupport_fastrtps_c.h
[1.354s] -- Up-to-date: /home/bhav/IITISoC-25-IVR09/install/drone_interfaces/include/drone_interfaces/drone_interfaces/msg/detail/geotag__rosidl_typesupport_fastrtps_c.h
[1.354s] -- Up-to-date: /home/bhav/IITISoC-25-IVR09/install/drone_interfaces/include/drone_interfaces/drone_interfaces/msg/detail/drone_type_change__rosidl_typesupport_fastrtps_c.h
[1.354s] -- Up-to-date: /home/bhav/IITISoC-25-IVR09/install/drone_interfaces/include/drone_interfaces/drone_interfaces/msg/detail/waypoint_visited__rosidl_typesupport_fastrtps_c.h
[1.354s] -- Up-to-date: /home/bhav/IITISoC-25-IVR09/install/drone_interfaces/include/drone_interfaces/drone_interfaces/msg/detail/geotag_visited__rosidl_typesupport_fastrtps_c.h
[1.354s] -- Up-to-date: /home/bhav/IITISoC-25-IVR09/install/drone_interfaces/include/drone_interfaces/drone_interfaces/msg/detail/geotag_request__rosidl_typesupport_fastrtps_c.h
[1.354s] -- Up-to-date: /home/bhav/IITISoC-25-IVR09/install/drone_interfaces/include/drone_interfaces/drone_interfaces/msg/detail/waypoint_request__rosidl_typesupport_fastrtps_c.h
[1.354s] -- Up-to-date: /home/bhav/IITISoC-25-IVR09/install/drone_interfaces/include/drone_interfaces/drone_interfaces/msg/detail/waypoint__rosidl_typesupport_fastrtps_c.h
[1.354s] -- Up-to-date: /home/bhav/IITISoC-25-IVR09/install/drone_interfaces/lib/libdrone_interfaces__rosidl_typesupport_fastrtps_c.so
[1.354s] -- Up-to-date: /home/bhav/IITISoC-25-IVR09/install/drone_interfaces/include/drone_interfaces/drone_interfaces
[1.354s] -- Up-to-date: /home/bhav/IITISoC-25-IVR09/install/drone_interfaces/include/drone_interfaces/drone_interfaces/srv
[1.354s] -- Up-to-date: /home/bhav/IITISoC-25-IVR09/install/drone_interfaces/include/drone_interfaces/drone_interfaces/srv/detail
[1.354s] -- Up-to-date: /home/bhav/IITISoC-25-IVR09/install/drone_interfaces/include/drone_interfaces/drone_interfaces/srv/detail/get_severity_score__type_support.c
[1.355s] -- Up-to-date: /home/bhav/IITISoC-25-IVR09/install/drone_interfaces/include/drone_interfaces/drone_interfaces/srv/detail/get_severity_score__rosidl_typesupport_introspection_c.h
[1.355s] -- Up-to-date: /home/bhav/IITISoC-25-IVR09/install/drone_interfaces/include/drone_interfaces/drone_interfaces/msg
[1.355s] -- Up-to-date: /home/bhav/IITISoC-25-IVR09/install/drone_interfaces/include/drone_interfaces/drone_interfaces/msg/rosidl_typesupport_introspection_c__visibility_control.h
[1.355s] -- Up-to-date: /home/bhav/IITISoC-25-IVR09/install/drone_interfaces/include/drone_interfaces/drone_interfaces/msg/detail
[1.355s] -- Up-to-date: /home/bhav/IITISoC-25-IVR09/install/drone_interfaces/include/drone_interfaces/drone_interfaces/msg/detail/geotag__rosidl_typesupport_introspection_c.h
[1.355s] -- Up-to-date: /home/bhav/IITISoC-25-IVR09/install/drone_interfaces/include/drone_interfaces/drone_interfaces/msg/detail/waypoint_visited__rosidl_typesupport_introspection_c.h
[1.355s] -- Up-to-date: /home/bhav/IITISoC-25-IVR09/install/drone_interfaces/include/drone_interfaces/drone_interfaces/msg/detail/geotag_visited__type_support.c
[1.355s] -- Up-to-date: /home/bhav/IITISoC-25-IVR09/install/drone_interfaces/include/drone_interfaces/drone_interfaces/msg/detail/drone_type_change__type_support.c
[1.355s] -- Up-to-date: /home/bhav/IITISoC-25-IVR09/install/drone_interfaces/include/drone_interfaces/drone_interfaces/msg/detail/waypoint__rosidl_typesupport_introspection_c.h
[1.356s] -- Up-to-date: /home/bhav/IITISoC-25-IVR09/install/drone_interfaces/include/drone_interfaces/drone_interfaces/msg/detail/drone_status_update__rosidl_typesupport_introspection_c.h
[1.356s] -- Up-to-date: /home/bhav/IITISoC-25-IVR09/install/drone_interfaces/include/drone_interfaces/drone_interfaces/msg/detail/geotag_request__rosidl_typesupport_introspection_c.h
[1.356s] -- Up-to-date: /home/bhav/IITISoC-25-IVR09/install/drone_interfaces/include/drone_interfaces/drone_interfaces/msg/detail/drone_status__rosidl_typesupport_introspection_c.h
[1.356s] -- Up-to-date: /home/bhav/IITISoC-25-IVR09/install/drone_interfaces/include/drone_interfaces/drone_interfaces/msg/detail/waypoint_request__rosidl_typesupport_introspection_c.h
[1.356s] -- Up-to-date: /home/bhav/IITISoC-25-IVR09/install/drone_interfaces/include/drone_interfaces/drone_interfaces/msg/detail/waypoint__type_support.c
[1.357s] -- Up-to-date: /home/bhav/IITISoC-25-IVR09/install/drone_interfaces/include/drone_interfaces/drone_interfaces/msg/detail/drone_status__type_support.c
[1.357s] -- Up-to-date: /home/bhav/IITISoC-25-IVR09/install/drone_interfaces/include/drone_interfaces/drone_interfaces/msg/detail/geotag_array__type_support.c
[1.357s] -- Up-to-date: /home/bhav/IITISoC-25-IVR09/install/drone_interfaces/include/drone_interfaces/drone_interfaces/msg/detail/surveillance_status__rosidl_typesupport_introspection_c.h
[1.357s] -- Up-to-date: /home/bhav/IITISoC-25-IVR09/install/drone_interfaces/include/drone_interfaces/drone_interfaces/msg/detail/geotag__type_support.c
[1.357s] -- Up-to-date: /home/bhav/IITISoC-25-IVR09/install/drone_interfaces/include/drone_interfaces/drone_interfaces/msg/detail/drone_status_update__type_support.c
[1.357s] -- Up-to-date: /home/bhav/IITISoC-25-IVR09/install/drone_interfaces/include/drone_interfaces/drone_interfaces/msg/detail/geotag_request__type_support.c
[1.357s] -- Up-to-date: /home/bhav/IITISoC-25-IVR09/install/drone_interfaces/include/drone_interfaces/drone_interfaces/msg/detail/drone_type_change__rosidl_typesupport_introspection_c.h
[1.357s] -- Up-to-date: /home/bhav/IITISoC-25-IVR09/install/drone_interfaces/include/drone_interfaces/drone_interfaces/msg/detail/geotag_visited__rosidl_typesupport_introspection_c.h
[1.357s] -- Up-to-date: /home/bhav/IITISoC-25-IVR09/install/drone_interfaces/include/drone_interfaces/drone_interfaces/msg/detail/waypoint_visited__type_support.c
[1.357s] -- Up-to-date: /home/bhav/IITISoC-25-IVR09/install/drone_interfaces/include/drone_interfaces/drone_interfaces/msg/detail/waypoint_array__type_support.c
[1.358s] -- Up-to-date: /home/bhav/IITISoC-25-IVR09/install/drone_interfaces/include/drone_interfaces/drone_interfaces/msg/detail/waypoint_array__rosidl_typesupport_introspection_c.h
[1.358s] -- Up-to-date: /home/bhav/IITISoC-25-IVR09/install/drone_interfaces/include/drone_interfaces/drone_interfaces/msg/detail/geotag_array__rosidl_typesupport_introspection_c.h
[1.358s] -- Up-to-date: /home/bhav/IITISoC-25-IVR09/install/drone_interfaces/include/drone_interfaces/drone_interfaces/msg/detail/waypoint_request__type_support.c
[1.358s] -- Up-to-date: /home/bhav/IITISoC-25-IVR09/install/drone_interfaces/include/drone_interfaces/drone_interfaces/msg/detail/surveillance_status__type_support.c
[1.358s] -- Up-to-date: /home/bhav/IITISoC-25-IVR09/install/drone_interfaces/lib/libdrone_interfaces__rosidl_typesupport_introspection_c.so
[1.358s] -- Up-to-date: /home/bhav/IITISoC-25-IVR09/install/drone_interfaces/lib/libdrone_interfaces__rosidl_typesupport_c.so
[1.358s] -- Up-to-date: /home/bhav/IITISoC-25-IVR09/install/drone_interfaces/include/drone_interfaces/drone_interfaces
[1.358s] -- Up-to-date: /home/bhav/IITISoC-25-IVR09/install/drone_interfaces/include/drone_interfaces/drone_interfaces/srv
[1.358s] -- Up-to-date: /home/bhav/IITISoC-25-IVR09/install/drone_interfaces/include/drone_interfaces/drone_interfaces/srv/get_severity_score.hpp
[1.358s] -- Up-to-date: /home/bhav/IITISoC-25-IVR09/install/drone_interfaces/include/drone_interfaces/drone_interfaces/srv/detail
[1.358s] -- Up-to-date: /home/bhav/IITISoC-25-IVR09/install/drone_interfaces/include/drone_interfaces/drone_interfaces/srv/detail/get_severity_score__struct.hpp
[1.358s] -- Up-to-date: /home/bhav/IITISoC-25-IVR09/install/drone_interfaces/include/drone_interfaces/drone_interfaces/srv/detail/get_severity_score__traits.hpp
[1.358s] -- Up-to-date: /home/bhav/IITISoC-25-IVR09/install/drone_interfaces/include/drone_interfaces/drone_interfaces/srv/detail/get_severity_score__builder.hpp
[1.358s] -- Up-to-date: /home/bhav/IITISoC-25-IVR09/install/drone_interfaces/include/drone_interfaces/drone_interfaces/srv/detail/get_severity_score__type_support.hpp
[1.358s] -- Up-to-date: /home/bhav/IITISoC-25-IVR09/install/drone_interfaces/include/drone_interfaces/drone_interfaces/msg
[1.358s] -- Up-to-date: /home/bhav/IITISoC-25-IVR09/install/drone_interfaces/include/drone_interfaces/drone_interfaces/msg/rosidl_generator_cpp__visibility_control.hpp
[1.358s] -- Up-to-date: /home/bhav/IITISoC-25-IVR09/install/drone_interfaces/include/drone_interfaces/drone_interfaces/msg/surveillance_status.hpp
[1.358s] -- Up-to-date: /home/bhav/IITISoC-25-IVR09/install/drone_interfaces/include/drone_interfaces/drone_interfaces/msg/geotag.hpp
[1.358s] -- Up-to-date: /home/bhav/IITISoC-25-IVR09/install/drone_interfaces/include/drone_interfaces/drone_interfaces/msg/drone_status.hpp
[1.358s] -- Up-to-date: /home/bhav/IITISoC-25-IVR09/install/drone_interfaces/include/drone_interfaces/drone_interfaces/msg/drone_status_update.hpp
[1.358s] -- Up-to-date: /home/bhav/IITISoC-25-IVR09/install/drone_interfaces/include/drone_interfaces/drone_interfaces/msg/waypoint_array.hpp
[1.359s] -- Up-to-date: /home/bhav/IITISoC-25-IVR09/install/drone_interfaces/include/drone_interfaces/drone_interfaces/msg/waypoint_visited.hpp
[1.359s] -- Up-to-date: /home/bhav/IITISoC-25-IVR09/install/drone_interfaces/include/drone_interfaces/drone_interfaces/msg/waypoint_request.hpp
[1.359s] -- Up-to-date: /home/bhav/IITISoC-25-IVR09/install/drone_interfaces/include/drone_interfaces/drone_interfaces/msg/geotag_visited.hpp
[1.359s] -- Up-to-date: /home/bhav/IITISoC-25-IVR09/install/drone_interfaces/include/drone_interfaces/drone_interfaces/msg/detail
[1.359s] -- Up-to-date: /home/bhav/IITISoC-25-IVR09/install/drone_interfaces/include/drone_interfaces/drone_interfaces/msg/detail/geotag__traits.hpp
[1.359s] -- Up-to-date: /home/bhav/IITISoC-25-IVR09/install/drone_interfaces/include/drone_interfaces/drone_interfaces/msg/detail/waypoint_visited__struct.hpp
[1.359s] -- Up-to-date: /home/bhav/IITISoC-25-IVR09/install/drone_interfaces/include/drone_interfaces/drone_interfaces/msg/detail/drone_status_update__traits.hpp
[1.359s] -- Up-to-date: /home/bhav/IITISoC-25-IVR09/install/drone_interfaces/include/drone_interfaces/drone_interfaces/msg/detail/waypoint_array__struct.hpp
[1.359s] -- Up-to-date: /home/bhav/IITISoC-25-IVR09/install/drone_interfaces/include/drone_interfaces/drone_interfaces/msg/detail/drone_status__struct.hpp
[1.359s] -- Up-to-date: /home/bhav/IITISoC-25-IVR09/install/drone_interfaces/include/drone_interfaces/drone_interfaces/msg/detail/drone_type_change__type_support.hpp
[1.359s] -- Up-to-date: /home/bhav/IITISoC-25-IVR09/install/drone_interfaces/include/drone_interfaces/drone_interfaces/msg/detail/geotag__struct.hpp
[1.359s] -- Up-to-date: /home/bhav/IITISoC-25-IVR09/install/drone_interfaces/include/drone_interfaces/drone_interfaces/msg/detail/surveillance_status__traits.hpp
[1.359s] -- Up-to-date: /home/bhav/IITISoC-25-IVR09/install/drone_interfaces/include/drone_interfaces/drone_interfaces/msg/detail/waypoint_request__builder.hpp
[1.359s] -- Up-to-date: /home/bhav/IITISoC-25-IVR09/install/drone_interfaces/include/drone_interfaces/drone_interfaces/msg/detail/geotag_array__traits.hpp
[1.359s] -- Up-to-date: /home/bhav/IITISoC-25-IVR09/install/drone_interfaces/include/drone_interfaces/drone_interfaces/msg/detail/surveillance_status__type_support.hpp
[1.359s] -- Up-to-date: /home/bhav/IITISoC-25-IVR09/install/drone_interfaces/include/drone_interfaces/drone_interfaces/msg/detail/waypoint__struct.hpp
[1.359s] -- Up-to-date: /home/bhav/IITISoC-25-IVR09/install/drone_interfaces/include/drone_interfaces/drone_interfaces/msg/detail/drone_status_update__builder.hpp
[1.359s] -- Up-to-date: /home/bhav/IITISoC-25-IVR09/install/drone_interfaces/include/drone_interfaces/drone_interfaces/msg/detail/geotag_array__type_support.hpp
[1.359s] -- Up-to-date: /home/bhav/IITISoC-25-IVR09/install/drone_interfaces/include/drone_interfaces/drone_interfaces/msg/detail/waypoint__type_support.hpp
[1.359s] -- Up-to-date: /home/bhav/IITISoC-25-IVR09/install/drone_interfaces/include/drone_interfaces/drone_interfaces/msg/detail/geotag_visited__traits.hpp
[1.359s] -- Up-to-date: /home/bhav/IITISoC-25-IVR09/install/drone_interfaces/include/drone_interfaces/drone_interfaces/msg/detail/geotag__type_support.hpp
[1.359s] -- Up-to-date: /home/bhav/IITISoC-25-IVR09/install/drone_interfaces/include/drone_interfaces/drone_interfaces/msg/detail/waypoint_request__traits.hpp
[1.359s] -- Up-to-date: /home/bhav/IITISoC-25-IVR09/install/drone_interfaces/include/drone_interfaces/drone_interfaces/msg/detail/waypoint__builder.hpp
[1.359s] -- Up-to-date: /home/bhav/IITISoC-25-IVR09/install/drone_interfaces/include/drone_interfaces/drone_interfaces/msg/detail/waypoint_visited__traits.hpp
[1.359s] -- Up-to-date: /home/bhav/IITISoC-25-IVR09/install/drone_interfaces/include/drone_interfaces/drone_interfaces/msg/detail/drone_status_update__type_support.hpp
[1.360s] -- Up-to-date: /home/bhav/IITISoC-25-IVR09/install/drone_interfaces/include/drone_interfaces/drone_interfaces/msg/detail/drone_type_change__struct.hpp
[1.360s] -- Up-to-date: /home/bhav/IITISoC-25-IVR09/install/drone_interfaces/include/drone_interfaces/drone_interfaces/msg/detail/geotag_request__builder.hpp
[1.360s] -- Up-to-date: /home/bhav/IITISoC-25-IVR09/install/drone_interfaces/include/drone_interfaces/drone_interfaces/msg/detail/waypoint_visited__builder.hpp
[1.360s] -- Up-to-date: /home/bhav/IITISoC-25-IVR09/install/drone_interfaces/include/drone_interfaces/drone_interfaces/msg/detail/geotag_request__struct.hpp
[1.360s] -- Up-to-date: /home/bhav/IITISoC-25-IVR09/install/drone_interfaces/include/drone_interfaces/drone_interfaces/msg/detail/waypoint_array__type_support.hpp
[1.360s] -- Up-to-date: /home/bhav/IITISoC-25-IVR09/install/drone_interfaces/include/drone_interfaces/drone_interfaces/msg/detail/waypoint_request__struct.hpp
[1.361s] -- Up-to-date: /home/bhav/IITISoC-25-IVR09/install/drone_interfaces/include/drone_interfaces/drone_interfaces/msg/detail/drone_status__traits.hpp
[1.361s] -- Up-to-date: /home/bhav/IITISoC-25-IVR09/install/drone_interfaces/include/drone_interfaces/drone_interfaces/msg/detail/geotag_array__builder.hpp
[1.361s] -- Up-to-date: /home/bhav/IITISoC-25-IVR09/install/drone_interfaces/include/drone_interfaces/drone_interfaces/msg/detail/geotag_visited__struct.hpp
[1.361s] -- Up-to-date: /home/bhav/IITISoC-25-IVR09/install/drone_interfaces/include/drone_interfaces/drone_interfaces/msg/detail/waypoint__traits.hpp
[1.361s] -- Up-to-date: /home/bhav/IITISoC-25-IVR09/install/drone_interfaces/include/drone_interfaces/drone_interfaces/msg/detail/drone_status__type_support.hpp
[1.361s] -- Up-to-date: /home/bhav/IITISoC-25-IVR09/install/drone_interfaces/include/drone_interfaces/drone_interfaces/msg/detail/geotag__builder.hpp
[1.362s] -- Up-to-date: /home/bhav/IITISoC-25-IVR09/install/drone_interfaces/include/drone_interfaces/drone_interfaces/msg/detail/geotag_request__traits.hpp
[1.362s] -- Up-to-date: /home/bhav/IITISoC-25-IVR09/install/drone_interfaces/include/drone_interfaces/drone_interfaces/msg/detail/geotag_visited__builder.hpp
[1.362s] -- Up-to-date: /home/bhav/IITISoC-25-IVR09/install/drone_interfaces/include/drone_interfaces/drone_interfaces/msg/detail/geotag_visited__type_support.hpp
[1.362s] -- Up-to-date: /home/bhav/IITISoC-25-IVR09/install/drone_interfaces/include/drone_interfaces/drone_interfaces/msg/detail/drone_type_change__traits.hpp
[1.362s] -- Up-to-date: /home/bhav/IITISoC-25-IVR09/install/drone_interfaces/include/drone_interfaces/drone_interfaces/msg/detail/drone_type_change__builder.hpp
[1.362s] -- Up-to-date: /home/bhav/IITISoC-25-IVR09/install/drone_interfaces/include/drone_interfaces/drone_interfaces/msg/detail/geotag_array__struct.hpp
[1.362s] -- Up-to-date: /home/bhav/IITISoC-25-IVR09/install/drone_interfaces/include/drone_interfaces/drone_interfaces/msg/detail/drone_status_update__struct.hpp
[1.362s] -- Up-to-date: /home/bhav/IITISoC-25-IVR09/install/drone_interfaces/include/drone_interfaces/drone_interfaces/msg/detail/geotag_request__type_support.hpp
[1.362s] -- Up-to-date: /home/bhav/IITISoC-25-IVR09/install/drone_interfaces/include/drone_interfaces/drone_interfaces/msg/detail/waypoint_request__type_support.hpp
[1.362s] -- Up-to-date: /home/bhav/IITISoC-25-IVR09/install/drone_interfaces/include/drone_interfaces/drone_interfaces/msg/detail/waypoint_array__traits.hpp
[1.362s] -- Up-to-date: /home/bhav/IITISoC-25-IVR09/install/drone_interfaces/include/drone_interfaces/drone_interfaces/msg/detail/drone_status__builder.hpp
[1.363s] -- Up-to-date: /home/bhav/IITISoC-25-IVR09/install/drone_interfaces/include/drone_interfaces/drone_interfaces/msg/detail/surveillance_status__builder.hpp
[1.363s] -- Up-to-date: /home/bhav/IITISoC-25-IVR09/install/drone_interfaces/include/drone_interfaces/drone_interfaces/msg/detail/surveillance_status__struct.hpp
[1.363s] -- Up-to-date: /home/bhav/IITISoC-25-IVR09/install/drone_interfaces/include/drone_interfaces/drone_interfaces/msg/detail/waypoint_visited__type_support.hpp
[1.363s] -- Up-to-date: /home/bhav/IITISoC-25-IVR09/install/drone_interfaces/include/drone_interfaces/drone_interfaces/msg/detail/waypoint_array__builder.hpp
[1.363s] -- Up-to-date: /home/bhav/IITISoC-25-IVR09/install/drone_interfaces/include/drone_interfaces/drone_interfaces/msg/drone_type_change.hpp
[1.363s] -- Up-to-date: /home/bhav/IITISoC-25-IVR09/install/drone_interfaces/include/drone_interfaces/drone_interfaces/msg/geotag_array.hpp
[1.363s] -- Up-to-date: /home/bhav/IITISoC-25-IVR09/install/drone_interfaces/include/drone_interfaces/drone_interfaces/msg/geotag_request.hpp
[1.363s] -- Up-to-date: /home/bhav/IITISoC-25-IVR09/install/drone_interfaces/include/drone_interfaces/drone_interfaces/msg/waypoint.hpp
[1.363s] -- Up-to-date: /home/bhav/IITISoC-25-IVR09/install/drone_interfaces/include/drone_interfaces/drone_interfaces
[1.363s] -- Up-to-date: /home/bhav/IITISoC-25-IVR09/install/drone_interfaces/include/drone_interfaces/drone_interfaces/srv
[1.363s] -- Up-to-date: /home/bhav/IITISoC-25-IVR09/install/drone_interfaces/include/drone_interfaces/drone_interfaces/srv/detail
[1.363s] -- Up-to-date: /home/bhav/IITISoC-25-IVR09/install/drone_interfaces/include/drone_interfaces/drone_interfaces/srv/detail/get_severity_score__rosidl_typesupport_fastrtps_cpp.hpp
[1.363s] -- Up-to-date: /home/bhav/IITISoC-25-IVR09/install/drone_interfaces/include/drone_interfaces/drone_interfaces/srv/detail/dds_fastrtps
[1.363s] -- Up-to-date: /home/bhav/IITISoC-25-IVR09/install/drone_interfaces/include/drone_interfaces/drone_interfaces/msg
[1.363s] -- Up-to-date: /home/bhav/IITISoC-25-IVR09/install/drone_interfaces/include/drone_interfaces/drone_interfaces/msg/detail
[1.363s] -- Up-to-date: /home/bhav/IITISoC-25-IVR09/install/drone_interfaces/include/drone_interfaces/drone_interfaces/msg/detail/geotag_visited__rosidl_typesupport_fastrtps_cpp.hpp
[1.364s] -- Up-to-date: /home/bhav/IITISoC-25-IVR09/install/drone_interfaces/include/drone_interfaces/drone_interfaces/msg/detail/waypoint__rosidl_typesupport_fastrtps_cpp.hpp
[1.364s] -- Up-to-date: /home/bhav/IITISoC-25-IVR09/install/drone_interfaces/include/drone_interfaces/drone_interfaces/msg/detail/geotag_request__rosidl_typesupport_fastrtps_cpp.hpp
[1.364s] -- Up-to-date: /home/bhav/IITISoC-25-IVR09/install/drone_interfaces/include/drone_interfaces/drone_interfaces/msg/detail/dds_fastrtps
[1.364s] -- Up-to-date: /home/bhav/IITISoC-25-IVR09/install/drone_interfaces/include/drone_interfaces/drone_interfaces/msg/detail/geotag__rosidl_typesupport_fastrtps_cpp.hpp
[1.364s] -- Up-to-date: /home/bhav/IITISoC-25-IVR09/install/drone_interfaces/include/drone_interfaces/drone_interfaces/msg/detail/waypoint_visited__rosidl_typesupport_fastrtps_cpp.hpp
[1.364s] -- Up-to-date: /home/bhav/IITISoC-25-IVR09/install/drone_interfaces/include/drone_interfaces/drone_interfaces/msg/detail/drone_status__rosidl_typesupport_fastrtps_cpp.hpp
[1.364s] -- Up-to-date: /home/bhav/IITISoC-25-IVR09/install/drone_interfaces/include/drone_interfaces/drone_interfaces/msg/detail/drone_status_update__rosidl_typesupport_fastrtps_cpp.hpp
[1.364s] -- Up-to-date: /home/bhav/IITISoC-25-IVR09/install/drone_interfaces/include/drone_interfaces/drone_interfaces/msg/detail/waypoint_array__rosidl_typesupport_fastrtps_cpp.hpp
[1.364s] -- Up-to-date: /home/bhav/IITISoC-25-IVR09/install/drone_interfaces/include/drone_interfaces/drone_interfaces/msg/detail/drone_type_change__rosidl_typesupport_fastrtps_cpp.hpp
[1.364s] -- Up-to-date: /home/bhav/IITISoC-25-IVR09/install/drone_interfaces/include/drone_interfaces/drone_interfaces/msg/detail/waypoint_request__rosidl_typesupport_fastrtps_cpp.hpp
[1.364s] -- Up-to-date: /home/bhav/IITISoC-25-IVR09/install/drone_interfaces/include/drone_interfaces/drone_interfaces/msg/detail/surveillance_status__rosidl_typesupport_fastrtps_cpp.hpp
[1.364s] -- Up-to-date: /home/bhav/IITISoC-25-IVR09/install/drone_interfaces/include/drone_interfaces/drone_interfaces/msg/detail/geotag_array__rosidl_typesupport_fastrtps_cpp.hpp
[1.364s] -- Up-to-date: /home/bhav/IITISoC-25-IVR09/install/drone_interfaces/include/drone_interfaces/drone_interfaces/msg/rosidl_typesupport_fastrtps_cpp__visibility_control.h
[1.364s] -- Up-to-date: /home/bhav/IITISoC-25-IVR09/install/drone_interfaces/lib/libdrone_interfaces__rosidl_typesupport_fastrtps_cpp.so
[1.364s] -- Up-to-date: /home/bhav/IITISoC-25-IVR09/install/drone_interfaces/include/drone_interfaces/drone_interfaces
[1.364s] -- Up-to-date: /home/bhav/IITISoC-25-IVR09/install/drone_interfaces/include/drone_interfaces/drone_interfaces/srv
[1.364s] -- Up-to-date: /home/bhav/IITISoC-25-IVR09/install/drone_interfaces/include/drone_interfaces/drone_interfaces/srv/detail
[1.364s] -- Up-to-date: /home/bhav/IITISoC-25-IVR09/install/drone_interfaces/include/drone_interfaces/drone_interfaces/srv/detail/get_severity_score__rosidl_typesupport_introspection_cpp.hpp
[1.364s] -- Up-to-date: /home/bhav/IITISoC-25-IVR09/install/drone_interfaces/include/drone_interfaces/drone_interfaces/srv/detail/get_severity_score__type_support.cpp
[1.364s] -- Up-to-date: /home/bhav/IITISoC-25-IVR09/install/drone_interfaces/include/drone_interfaces/drone_interfaces/msg
[1.364s] -- Up-to-date: /home/bhav/IITISoC-25-IVR09/install/drone_interfaces/include/drone_interfaces/drone_interfaces/msg/detail
[1.365s] -- Up-to-date: /home/bhav/IITISoC-25-IVR09/install/drone_interfaces/include/drone_interfaces/drone_interfaces/msg/detail/drone_status__rosidl_typesupport_introspection_cpp.hpp
[1.365s] -- Up-to-date: /home/bhav/IITISoC-25-IVR09/install/drone_interfaces/include/drone_interfaces/drone_interfaces/msg/detail/drone_status__type_support.cpp
[1.365s] -- Up-to-date: /home/bhav/IITISoC-25-IVR09/install/drone_interfaces/include/drone_interfaces/drone_interfaces/msg/detail/waypoint__type_support.cpp
[1.365s] -- Up-to-date: /home/bhav/IITISoC-25-IVR09/install/drone_interfaces/include/drone_interfaces/drone_interfaces/msg/detail/waypoint_array__rosidl_typesupport_introspection_cpp.hpp
[1.365s] -- Up-to-date: /home/bhav/IITISoC-25-IVR09/install/drone_interfaces/include/drone_interfaces/drone_interfaces/msg/detail/geotag_request__type_support.cpp
[1.365s] -- Up-to-date: /home/bhav/IITISoC-25-IVR09/install/drone_interfaces/include/drone_interfaces/drone_interfaces/msg/detail/drone_status_update__type_support.cpp
[1.365s] -- Up-to-date: /home/bhav/IITISoC-25-IVR09/install/drone_interfaces/include/drone_interfaces/drone_interfaces/msg/detail/geotag_array__rosidl_typesupport_introspection_cpp.hpp
[1.365s] -- Up-to-date: /home/bhav/IITISoC-25-IVR09/install/drone_interfaces/include/drone_interfaces/drone_interfaces/msg/detail/surveillance_status__type_support.cpp
[1.365s] -- Up-to-date: /home/bhav/IITISoC-25-IVR09/install/drone_interfaces/include/drone_interfaces/drone_interfaces/msg/detail/waypoint_visited__rosidl_typesupport_introspection_cpp.hpp
[1.365s] -- Up-to-date: /home/bhav/IITISoC-25-IVR09/install/drone_interfaces/include/drone_interfaces/drone_interfaces/msg/detail/waypoint_request__type_support.cpp
[1.365s] -- Up-to-date: /home/bhav/IITISoC-25-IVR09/install/drone_interfaces/include/drone_interfaces/drone_interfaces/msg/detail/geotag_array__type_support.cpp
[1.365s] -- Up-to-date: /home/bhav/IITISoC-25-IVR09/install/drone_interfaces/include/drone_interfaces/drone_interfaces/msg/detail/geotag_visited__type_support.cpp
[1.365s] -- Up-to-date: /home/bhav/IITISoC-25-IVR09/install/drone_interfaces/include/drone_interfaces/drone_interfaces/msg/detail/drone_status_update__rosidl_typesupport_introspection_cpp.hpp
[1.365s] -- Up-to-date: /home/bhav/IITISoC-25-IVR09/install/drone_interfaces/include/drone_interfaces/drone_interfaces/msg/detail/waypoint__rosidl_typesupport_introspection_cpp.hpp
[1.365s] -- Up-to-date: /home/bhav/IITISoC-25-IVR09/install/drone_interfaces/include/drone_interfaces/drone_interfaces/msg/detail/geotag__type_support.cpp
[1.365s] -- Up-to-date: /home/bhav/IITISoC-25-IVR09/install/drone_interfaces/include/drone_interfaces/drone_interfaces/msg/detail/geotag__rosidl_typesupport_introspection_cpp.hpp
[1.365s] -- Up-to-date: /home/bhav/IITISoC-25-IVR09/install/drone_interfaces/include/drone_interfaces/drone_interfaces/msg/detail/geotag_request__rosidl_typesupport_introspection_cpp.hpp
[1.365s] -- Up-to-date: /home/bhav/IITISoC-25-IVR09/install/drone_interfaces/include/drone_interfaces/drone_interfaces/msg/detail/waypoint_request__rosidl_typesupport_introspection_cpp.hpp
[1.365s] -- Up-to-date: /home/bhav/IITISoC-25-IVR09/install/drone_interfaces/include/drone_interfaces/drone_interfaces/msg/detail/waypoint_array__type_support.cpp
[1.365s] -- Up-to-date: /home/bhav/IITISoC-25-IVR09/install/drone_interfaces/include/drone_interfaces/drone_interfaces/msg/detail/drone_type_change__type_support.cpp
[1.365s] -- Up-to-date: /home/bhav/IITISoC-25-IVR09/install/drone_interfaces/include/drone_interfaces/drone_interfaces/msg/detail/waypoint_visited__type_support.cpp
[1.365s] -- Up-to-date: /home/bhav/IITISoC-25-IVR09/install/drone_interfaces/include/drone_interfaces/drone_interfaces/msg/detail/surveillance_status__rosidl_typesupport_introspection_cpp.hpp
[1.365s] -- Up-to-date: /home/bhav/IITISoC-25-IVR09/install/drone_interfaces/include/drone_interfaces/drone_interfaces/msg/detail/drone_type_change__rosidl_typesupport_introspection_cpp.hpp
[1.366s] -- Up-to-date: /home/bhav/IITISoC-25-IVR09/install/drone_interfaces/include/drone_interfaces/drone_interfaces/msg/detail/geotag_visited__rosidl_typesupport_introspection_cpp.hpp
[1.366s] -- Up-to-date: /home/bhav/IITISoC-25-IVR09/install/drone_interfaces/lib/libdrone_interfaces__rosidl_typesupport_introspection_cpp.so
[1.366s] -- Up-to-date: /home/bhav/IITISoC-25-IVR09/install/drone_interfaces/lib/libdrone_interfaces__rosidl_typesupport_cpp.so
[1.366s] -- Up-to-date: /home/bhav/IITISoC-25-IVR09/install/drone_interfaces/share/drone_interfaces/environment/pythonpath.sh
[1.366s] -- Installing: /home/bhav/IITISoC-25-IVR09/install/drone_interfaces/share/drone_interfaces/environment/pythonpath.dsv
[1.366s] -- Up-to-date: /home/bhav/IITISoC-25-IVR09/install/drone_interfaces/local/lib/python3.10/dist-packages/drone_interfaces-0.0.0-py3.10.egg-info
[1.366s] -- Installing: /home/bhav/IITISoC-25-IVR09/install/drone_interfaces/local/lib/python3.10/dist-packages/drone_interfaces-0.0.0-py3.10.egg-info/top_level.txt
[1.366s] -- Installing: /home/bhav/IITISoC-25-IVR09/install/drone_interfaces/local/lib/python3.10/dist-packages/drone_interfaces-0.0.0-py3.10.egg-info/SOURCES.txt
[1.366s] -- Installing: /home/bhav/IITISoC-25-IVR09/install/drone_interfaces/local/lib/python3.10/dist-packages/drone_interfaces-0.0.0-py3.10.egg-info/dependency_links.txt
[1.366s] -- Installing: /home/bhav/IITISoC-25-IVR09/install/drone_interfaces/local/lib/python3.10/dist-packages/drone_interfaces-0.0.0-py3.10.egg-info/PKG-INFO
[1.366s] -- Up-to-date: /home/bhav/IITISoC-25-IVR09/install/drone_interfaces/local/lib/python3.10/dist-packages/drone_interfaces
[1.366s] -- Up-to-date: /home/bhav/IITISoC-25-IVR09/install/drone_interfaces/local/lib/python3.10/dist-packages/drone_interfaces/drone_interfaces_s__rosidl_typesupport_fastrtps_c.cpython-310-x86_64-linux-gnu.so
[1.366s] -- Up-to-date: /home/bhav/IITISoC-25-IVR09/install/drone_interfaces/local/lib/python3.10/dist-packages/drone_interfaces/libdrone_interfaces__rosidl_generator_py.so
[1.366s] -- Up-to-date: /home/bhav/IITISoC-25-IVR09/install/drone_interfaces/local/lib/python3.10/dist-packages/drone_interfaces/srv
[1.366s] -- Up-to-date: /home/bhav/IITISoC-25-IVR09/install/drone_interfaces/local/lib/python3.10/dist-packages/drone_interfaces/srv/_get_severity_score_s.c
[1.366s] -- Up-to-date: /home/bhav/IITISoC-25-IVR09/install/drone_interfaces/local/lib/python3.10/dist-packages/drone_interfaces/srv/_get_severity_score.py
[1.366s] -- Up-to-date: /home/bhav/IITISoC-25-IVR09/install/drone_interfaces/local/lib/python3.10/dist-packages/drone_interfaces/srv/__init__.py
[1.366s] -- Up-to-date: /home/bhav/IITISoC-25-IVR09/install/drone_interfaces/local/lib/python3.10/dist-packages/drone_interfaces/_drone_interfaces_s.ep.rosidl_typesupport_fastrtps_c.c
[1.366s] -- Up-to-date: /home/bhav/IITISoC-25-IVR09/install/drone_interfaces/local/lib/python3.10/dist-packages/drone_interfaces/msg
[1.366s] -- Up-to-date: /home/bhav/IITISoC-25-IVR09/install/drone_interfaces/local/lib/python3.10/dist-packages/drone_interfaces/msg/_drone_status_s.c
[1.366s] -- Up-to-date: /home/bhav/IITISoC-25-IVR09/install/drone_interfaces/local/lib/python3.10/dist-packages/drone_interfaces/msg/_geotag_array.py
[1.366s] -- Up-to-date: /home/bhav/IITISoC-25-IVR09/install/drone_interfaces/local/lib/python3.10/dist-packages/drone_interfaces/msg/_waypoint_request_s.c
[1.366s] -- Up-to-date: /home/bhav/IITISoC-25-IVR09/install/drone_interfaces/local/lib/python3.10/dist-packages/drone_interfaces/msg/_geotag_visited.py
[1.366s] -- Up-to-date: /home/bhav/IITISoC-25-IVR09/install/drone_interfaces/local/lib/python3.10/dist-packages/drone_interfaces/msg/_drone_status.py
[1.366s] -- Up-to-date: /home/bhav/IITISoC-25-IVR09/install/drone_interfaces/local/lib/python3.10/dist-packages/drone_interfaces/msg/_waypoint.py
[1.366s] -- Up-to-date: /home/bhav/IITISoC-25-IVR09/install/drone_interfaces/local/lib/python3.10/dist-packages/drone_interfaces/msg/_geotag_array_s.c
[1.366s] -- Up-to-date: /home/bhav/IITISoC-25-IVR09/install/drone_interfaces/local/lib/python3.10/dist-packages/drone_interfaces/msg/_waypoint_array_s.c
[1.367s] -- Up-to-date: /home/bhav/IITISoC-25-IVR09/install/drone_interfaces/local/lib/python3.10/dist-packages/drone_interfaces/msg/_drone_status_update.py
[1.367s] -- Up-to-date: /home/bhav/IITISoC-25-IVR09/install/drone_interfaces/local/lib/python3.10/dist-packages/drone_interfaces/msg/_waypoint_request.py
[1.367s] -- Up-to-date: /home/bhav/IITISoC-25-IVR09/install/drone_interfaces/local/lib/python3.10/dist-packages/drone_interfaces/msg/_geotag_request.py
[1.367s] -- Up-to-date: /home/bhav/IITISoC-25-IVR09/install/drone_interfaces/local/lib/python3.10/dist-packages/drone_interfaces/msg/_geotag_request_s.c
[1.367s] -- Up-to-date: /home/bhav/IITISoC-25-IVR09/install/drone_interfaces/local/lib/python3.10/dist-packages/drone_interfaces/msg/_surveillance_status_s.c
[1.367s] -- Up-to-date: /home/bhav/IITISoC-25-IVR09/install/drone_interfaces/local/lib/python3.10/dist-packages/drone_interfaces/msg/_waypoint_array.py
[1.367s] -- Up-to-date: /home/bhav/IITISoC-25-IVR09/install/drone_interfaces/local/lib/python3.10/dist-packages/drone_interfaces/msg/_drone_status_update_s.c
[1.367s] -- Up-to-date: /home/bhav/IITISoC-25-IVR09/install/drone_interfaces/local/lib/python3.10/dist-packages/drone_interfaces/msg/_waypoint_visited.py
[1.367s] -- Up-to-date: /home/bhav/IITISoC-25-IVR09/install/drone_interfaces/local/lib/python3.10/dist-packages/drone_interfaces/msg/_drone_type_change_s.c
[1.367s] -- Up-to-date: /home/bhav/IITISoC-25-IVR09/install/drone_interfaces/local/lib/python3.10/dist-packages/drone_interfaces/msg/_waypoint_s.c
[1.367s] -- Up-to-date: /home/bhav/IITISoC-25-IVR09/install/drone_interfaces/local/lib/python3.10/dist-packages/drone_interfaces/msg/_geotag_visited_s.c
[1.367s] -- Up-to-date: /home/bhav/IITISoC-25-IVR09/install/drone_interfaces/local/lib/python3.10/dist-packages/drone_interfaces/msg/_geotag_s.c
[1.367s] -- Up-to-date: /home/bhav/IITISoC-25-IVR09/install/drone_interfaces/local/lib/python3.10/dist-packages/drone_interfaces/msg/_geotag.py
[1.367s] -- Up-to-date: /home/bhav/IITISoC-25-IVR09/install/drone_interfaces/local/lib/python3.10/dist-packages/drone_interfaces/msg/__init__.py
[1.367s] -- Up-to-date: /home/bhav/IITISoC-25-IVR09/install/drone_interfaces/local/lib/python3.10/dist-packages/drone_interfaces/msg/_surveillance_status.py
[1.367s] -- Up-to-date: /home/bhav/IITISoC-25-IVR09/install/drone_interfaces/local/lib/python3.10/dist-packages/drone_interfaces/msg/_drone_type_change.py
[1.367s] -- Up-to-date: /home/bhav/IITISoC-25-IVR09/install/drone_interfaces/local/lib/python3.10/dist-packages/drone_interfaces/msg/_waypoint_visited_s.c
[1.367s] -- Up-to-date: /home/bhav/IITISoC-25-IVR09/install/drone_interfaces/local/lib/python3.10/dist-packages/drone_interfaces/_drone_interfaces_s.ep.rosidl_typesupport_introspection_c.c
[1.367s] -- Up-to-date: /home/bhav/IITISoC-25-IVR09/install/drone_interfaces/local/lib/python3.10/dist-packages/drone_interfaces/_drone_interfaces_s.ep.rosidl_typesupport_c.c
[1.367s] -- Up-to-date: /home/bhav/IITISoC-25-IVR09/install/drone_interfaces/local/lib/python3.10/dist-packages/drone_interfaces/drone_interfaces_s__rosidl_typesupport_introspection_c.cpython-310-x86_64-linux-gnu.so
[1.367s] -- Installing: /home/bhav/IITISoC-25-IVR09/install/drone_interfaces/local/lib/python3.10/dist-packages/drone_interfaces/__init__.py
[1.367s] -- Up-to-date: /home/bhav/IITISoC-25-IVR09/install/drone_interfaces/local/lib/python3.10/dist-packages/drone_interfaces/drone_interfaces_s__rosidl_typesupport_c.cpython-310-x86_64-linux-gnu.so
[1.390s] Listing '/home/bhav/IITISoC-25-IVR09/install/drone_interfaces/local/lib/python3.10/dist-packages/drone_interfaces'...
[1.390s] Compiling '/home/bhav/IITISoC-25-IVR09/install/drone_interfaces/local/lib/python3.10/dist-packages/drone_interfaces/__init__.py'...
[1.390s] Listing '/home/bhav/IITISoC-25-IVR09/install/drone_interfaces/local/lib/python3.10/dist-packages/drone_interfaces/msg'...
[1.390s] Listing '/home/bhav/IITISoC-25-IVR09/install/drone_interfaces/local/lib/python3.10/dist-packages/drone_interfaces/srv'...
[1.394s] -- Up-to-date: /home/bhav/IITISoC-25-IVR09/install/drone_interfaces/local/lib/python3.10/dist-packages/drone_interfaces/drone_interfaces_s__rosidl_typesupport_fastrtps_c.cpython-310-x86_64-linux-gnu.so
[1.394s] -- Up-to-date: /home/bhav/IITISoC-25-IVR09/install/drone_interfaces/local/lib/python3.10/dist-packages/drone_interfaces/drone_interfaces_s__rosidl_typesupport_introspection_c.cpython-310-x86_64-linux-gnu.so
[1.394s] -- Up-to-date: /home/bhav/IITISoC-25-IVR09/install/drone_interfaces/local/lib/python3.10/dist-packages/drone_interfaces/drone_interfaces_s__rosidl_typesupport_c.cpython-310-x86_64-linux-gnu.so
[1.394s] -- Up-to-date: /home/bhav/IITISoC-25-IVR09/install/drone_interfaces/lib/libdrone_interfaces__rosidl_generator_py.so
[1.394s] -- Up-to-date: /home/bhav/IITISoC-25-IVR09/install/drone_interfaces/share/drone_interfaces/msg/Waypoint.idl
[1.395s] -- Up-to-date: /home/bhav/IITISoC-25-IVR09/install/drone_interfaces/share/drone_interfaces/msg/WaypointArray.idl
[1.395s] -- Up-to-date: /home/bhav/IITISoC-25-IVR09/install/drone_interfaces/share/drone_interfaces/msg/DroneStatus.idl
[1.395s] -- Up-to-date: /home/bhav/IITISoC-25-IVR09/install/drone_interfaces/share/drone_interfaces/msg/WaypointRequest.idl
[1.395s] -- Up-to-date: /home/bhav/IITISoC-25-IVR09/install/drone_interfaces/share/drone_interfaces/msg/WaypointVisited.idl
[1.395s] -- Up-to-date: /home/bhav/IITISoC-25-IVR09/install/drone_interfaces/share/drone_interfaces/msg/DroneStatusUpdate.idl
[1.395s] -- Up-to-date: /home/bhav/IITISoC-25-IVR09/install/drone_interfaces/share/drone_interfaces/msg/DroneTypeChange.idl
[1.395s] -- Up-to-date: /home/bhav/IITISoC-25-IVR09/install/drone_interfaces/share/drone_interfaces/msg/Geotag.idl
[1.395s] -- Up-to-date: /home/bhav/IITISoC-25-IVR09/install/drone_interfaces/share/drone_interfaces/msg/GeotagArray.idl
[1.395s] -- Up-to-date: /home/bhav/IITISoC-25-IVR09/install/drone_interfaces/share/drone_interfaces/msg/GeotagRequest.idl
[1.395s] -- Up-to-date: /home/bhav/IITISoC-25-IVR09/install/drone_interfaces/share/drone_interfaces/msg/GeotagVisited.idl
[1.395s] -- Up-to-date: /home/bhav/IITISoC-25-IVR09/install/drone_interfaces/share/drone_interfaces/msg/SurveillanceStatus.idl
[1.395s] -- Up-to-date: /home/bhav/IITISoC-25-IVR09/install/drone_interfaces/share/drone_interfaces/srv/GetSeverityScore.idl
[1.395s] -- Up-to-date: /home/bhav/IITISoC-25-IVR09/install/drone_interfaces/share/drone_interfaces/msg/Waypoint.msg
[1.395s] -- Up-to-date: /home/bhav/IITISoC-25-IVR09/install/drone_interfaces/share/drone_interfaces/msg/WaypointArray.msg
[1.395s] -- Up-to-date: /home/bhav/IITISoC-25-IVR09/install/drone_interfaces/share/drone_interfaces/msg/DroneStatus.msg
[1.395s] -- Up-to-date: /home/bhav/IITISoC-25-IVR09/install/drone_interfaces/share/drone_interfaces/msg/WaypointRequest.msg
[1.395s] -- Up-to-date: /home/bhav/IITISoC-25-IVR09/install/drone_interfaces/share/drone_interfaces/msg/WaypointVisited.msg
[1.395s] -- Up-to-date: /home/bhav/IITISoC-25-IVR09/install/drone_interfaces/share/drone_interfaces/msg/DroneStatusUpdate.msg
[1.395s] -- Up-to-date: /home/bhav/IITISoC-25-IVR09/install/drone_interfaces/share/drone_interfaces/msg/DroneTypeChange.msg
[1.395s] -- Up-to-date: /home/bhav/IITISoC-25-IVR09/install/drone_interfaces/share/drone_interfaces/msg/Geotag.msg
[1.395s] -- Up-to-date: /home/bhav/IITISoC-25-IVR09/install/drone_interfaces/share/drone_interfaces/msg/GeotagArray.msg
[1.396s] -- Up-to-date: /home/bhav/IITISoC-25-IVR09/install/drone_interfaces/share/drone_interfaces/msg/GeotagRequest.msg
[1.396s] -- Up-to-date: /home/bhav/IITISoC-25-IVR09/install/drone_interfaces/share/drone_interfaces/msg/GeotagVisited.msg
[1.396s] -- Up-to-date: /home/bhav/IITISoC-25-IVR09/install/drone_interfaces/share/drone_interfaces/msg/SurveillanceStatus.msg
[1.396s] -- Up-to-date: /home/bhav/IITISoC-25-IVR09/install/drone_interfaces/share/drone_interfaces/srv/GetSeverityScore.srv
[1.396s] -- Up-to-date: /home/bhav/IITISoC-25-IVR09/install/drone_interfaces/share/drone_interfaces/srv/GetSeverityScore_Request.msg
[1.396s] -- Up-to-date: /home/bhav/IITISoC-25-IVR09/install/drone_interfaces/share/drone_interfaces/srv/GetSeverityScore_Response.msg
[1.396s] -- Up-to-date: /home/bhav/IITISoC-25-IVR09/install/drone_interfaces/share/ament_index/resource_index/package_run_dependencies/drone_interfaces
[1.396s] -- Up-to-date: /home/bhav/IITISoC-25-IVR09/install/drone_interfaces/share/ament_index/resource_index/parent_prefix_path/drone_interfaces
[1.396s] -- Up-to-date: /home/bhav/IITISoC-25-IVR09/install/drone_interfaces/share/drone_interfaces/environment/ament_prefix_path.sh
[1.396s] -- Installing: /home/bhav/IITISoC-25-IVR09/install/drone_interfaces/share/drone_interfaces/environment/ament_prefix_path.dsv
[1.396s] -- Up-to-date: /home/bhav/IITISoC-25-IVR09/install/drone_interfaces/share/drone_interfaces/environment/path.sh
[1.396s] -- Installing: /home/bhav/IITISoC-25-IVR09/install/drone_interfaces/share/drone_interfaces/environment/path.dsv
[1.396s] -- Up-to-date: /home/bhav/IITISoC-25-IVR09/install/drone_interfaces/share/drone_interfaces/local_setup.bash
[1.396s] -- Up-to-date: /home/bhav/IITISoC-25-IVR09/install/drone_interfaces/share/drone_interfaces/local_setup.sh
[1.396s] -- Up-to-date: /home/bhav/IITISoC-25-IVR09/install/drone_interfaces/share/drone_interfaces/local_setup.zsh
[1.396s] -- Installing: /home/bhav/IITISoC-25-IVR09/install/drone_interfaces/share/drone_interfaces/local_setup.dsv
[1.396s] -- Installing: /home/bhav/IITISoC-25-IVR09/install/drone_interfaces/share/drone_interfaces/package.dsv
[1.396s] -- Up-to-date: /home/bhav/IITISoC-25-IVR09/install/drone_interfaces/share/ament_index/resource_index/packages/drone_interfaces
[1.396s] -- Up-to-date: /home/bhav/IITISoC-25-IVR09/install/drone_interfaces/share/drone_interfaces/cmake/export_drone_interfaces__rosidl_generator_cExport.cmake
[1.397s] -- Up-to-date: /home/bhav/IITISoC-25-IVR09/install/drone_interfaces/share/drone_interfaces/cmake/export_drone_interfaces__rosidl_generator_cExport-noconfig.cmake
[1.397s] -- Up-to-date: /home/bhav/IITISoC-25-IVR09/install/drone_interfaces/share/drone_interfaces/cmake/export_drone_interfaces__rosidl_typesupport_fastrtps_cExport.cmake
[1.397s] -- Up-to-date: /home/bhav/IITISoC-25-IVR09/install/drone_interfaces/share/drone_interfaces/cmake/export_drone_interfaces__rosidl_typesupport_fastrtps_cExport-noconfig.cmake
[1.397s] -- Up-to-date: /home/bhav/IITISoC-25-IVR09/install/drone_interfaces/share/drone_interfaces/cmake/drone_interfaces__rosidl_typesupport_introspection_cExport.cmake
[1.397s] -- Up-to-date: /home/bhav/IITISoC-25-IVR09/install/drone_interfaces/share/drone_interfaces/cmake/drone_interfaces__rosidl_typesupport_introspection_cExport-noconfig.cmake
[1.397s] -- Up-to-date: /home/bhav/IITISoC-25-IVR09/install/drone_interfaces/share/drone_interfaces/cmake/drone_interfaces__rosidl_typesupport_cExport.cmake
[1.397s] -- Up-to-date: /home/bhav/IITISoC-25-IVR09/install/drone_interfaces/share/drone_interfaces/cmake/drone_interfaces__rosidl_typesupport_cExport-noconfig.cmake
[1.397s] -- Up-to-date: /home/bhav/IITISoC-25-IVR09/install/drone_interfaces/share/drone_interfaces/cmake/export_drone_interfaces__rosidl_generator_cppExport.cmake
[1.397s] -- Up-to-date: /home/bhav/IITISoC-25-IVR09/install/drone_interfaces/share/drone_interfaces/cmake/export_drone_interfaces__rosidl_typesupport_fastrtps_cppExport.cmake
[1.397s] -- Up-to-date: /home/bhav/IITISoC-25-IVR09/install/drone_interfaces/share/drone_interfaces/cmake/export_drone_interfaces__rosidl_typesupport_fastrtps_cppExport-noconfig.cmake
[1.397s] -- Up-to-date: /home/bhav/IITISoC-25-IVR09/install/drone_interfaces/share/drone_interfaces/cmake/drone_interfaces__rosidl_typesupport_introspection_cppExport.cmake
[1.397s] -- Up-to-date: /home/bhav/IITISoC-25-IVR09/install/drone_interfaces/share/drone_interfaces/cmake/drone_interfaces__rosidl_typesupport_introspection_cppExport-noconfig.cmake
[1.397s] -- Up-to-date: /home/bhav/IITISoC-25-IVR09/install/drone_interfaces/share/drone_interfaces/cmake/drone_interfaces__rosidl_typesupport_cppExport.cmake
[1.397s] -- Up-to-date: /home/bhav/IITISoC-25-IVR09/install/drone_interfaces/share/drone_interfaces/cmake/drone_interfaces__rosidl_typesupport_cppExport-noconfig.cmake
[1.397s] -- Up-to-date: /home/bhav/IITISoC-25-IVR09/install/drone_interfaces/share/drone_interfaces/cmake/export_drone_interfaces__rosidl_generator_pyExport.cmake
[1.397s] -- Up-to-date: /home/bhav/IITISoC-25-IVR09/install/drone_interfaces/share/drone_interfaces/cmake/export_drone_interfaces__rosidl_generator_pyExport-noconfig.cmake
[1.397s] -- Up-to-date: /home/bhav/IITISoC-25-IVR09/install/drone_interfaces/share/drone_interfaces/cmake/rosidl_cmake-extras.cmake
[1.397s] -- Up-to-date: /home/bhav/IITISoC-25-IVR09/install/drone_interfaces/share/drone_interfaces/cmake/ament_cmake_export_include_directories-extras.cmake
[1.397s] -- Up-to-date: /home/bhav/IITISoC-25-IVR09/install/drone_interfaces/share/drone_interfaces/cmake/ament_cmake_export_libraries-extras.cmake
[1.397s] -- Up-to-date: /home/bhav/IITISoC-25-IVR09/install/drone_interfaces/share/drone_interfaces/cmake/ament_cmake_export_targets-extras.cmake
[1.397s] -- Up-to-date: /home/bhav/IITISoC-25-IVR09/install/drone_interfaces/share/drone_interfaces/cmake/rosidl_cmake_export_typesupport_targets-extras.cmake
[1.397s] -- Up-to-date: /home/bhav/IITISoC-25-IVR09/install/drone_interfaces/share/drone_interfaces/cmake/ament_cmake_export_dependencies-extras.cmake
[1.397s] -- Up-to-date: /home/bhav/IITISoC-25-IVR09/install/drone_interfaces/share/drone_interfaces/cmake/rosidl_cmake_export_typesupport_libraries-extras.cmake
[1.397s] -- Up-to-date: /home/bhav/IITISoC-25-IVR09/install/drone_interfaces/share/drone_interfaces/cmake/drone_interfacesConfig.cmake
[1.397s] -- Up-to-date: /home/bhav/IITISoC-25-IVR09/install/drone_interfaces/share/drone_interfaces/cmake/drone_interfacesConfig-version.cmake
[1.397s] -- Up-to-date: /home/bhav/IITISoC-25-IVR09/install/drone_interfaces/share/drone_interfaces/package.xml
[1.399s] Invoked command in '/home/bhav/IITISoC-25-IVR09/build/drone_interfaces' returned '0': CMAKE_PREFIX_PATH=${CMAKE_PREFIX_PATH}:/home/bhav/IITISoC-25-IVR09/install/gcs_controller:/home/bhav/IITISoC-25-IVR09/install/mission_utils:/home/bhav/IITISoC-25-IVR09/install/drone_launch:/home/bhav/IITISoC-25-IVR09/install/drone_2_manager:/home/bhav/IITISoC-25-IVR09/install/drone_1_manager:/opt/ros/humble /usr/bin/cmake --install /home/bhav/IITISoC-25-IVR09/build/drone_interfaces
