[0.889s] Invoking command in '/home/bhav/IITISoC-25-IVR09/gcs_ws/src/drone_2_manager': PYTHONPATH=/home/bhav/IITISoC-25-IVR09/gcs_ws/build/drone_2_manager/prefix_override:/home/bhav/.local/lib/python3.10/site-packages/colcon_core/task/python/colcon_distutils_commands:/home/bhav/IITISoC-25-IVR09/gcs_ws/install/drone_2_manager/lib/python3.10/site-packages:${PYTHONPATH} /usr/bin/python3 -W ignore:setup.py install is deprecated -W ignore:easy_install command is deprecated setup.py egg_info --egg-base ../../build/drone_2_manager build --build-base /home/bhav/IITISoC-25-IVR09/gcs_ws/build/drone_2_manager/build install --record /home/bhav/IITISoC-25-IVR09/gcs_ws/build/drone_2_manager/install.log --single-version-externally-managed install_data
[1.095s] running egg_info
[1.096s] writing ../../build/drone_2_manager/drone_2_manager.egg-info/PKG-INFO
[1.096s] writing dependency_links to ../../build/drone_2_manager/drone_2_manager.egg-info/dependency_links.txt
[1.096s] writing entry points to ../../build/drone_2_manager/drone_2_manager.egg-info/entry_points.txt
[1.096s] writing requirements to ../../build/drone_2_manager/drone_2_manager.egg-info/requires.txt
[1.096s] writing top-level names to ../../build/drone_2_manager/drone_2_manager.egg-info/top_level.txt
[1.098s] reading manifest file '../../build/drone_2_manager/drone_2_manager.egg-info/SOURCES.txt'
[1.098s] writing manifest file '../../build/drone_2_manager/drone_2_manager.egg-info/SOURCES.txt'
[1.098s] running build
[1.098s] running build_py
[1.099s] copying drone_2_manager/offboard_controller_node.py -> /home/bhav/IITISoC-25-IVR09/gcs_ws/build/drone_2_manager/build/lib/drone_2_manager
[1.099s] running install
[1.100s] running install_lib
[1.101s] copying /home/bhav/IITISoC-25-IVR09/gcs_ws/build/drone_2_manager/build/lib/drone_2_manager/offboard_controller_node.py -> /home/bhav/IITISoC-25-IVR09/gcs_ws/install/drone_2_manager/lib/python3.10/site-packages/drone_2_manager
[1.102s] byte-compiling /home/bhav/IITISoC-25-IVR09/gcs_ws/install/drone_2_manager/lib/python3.10/site-packages/drone_2_manager/offboard_controller_node.py to offboard_controller_node.cpython-310.pyc
[1.103s] running install_data
[1.104s] running install_egg_info
[1.105s] removing '/home/bhav/IITISoC-25-IVR09/gcs_ws/install/drone_2_manager/lib/python3.10/site-packages/drone_2_manager-0.0.0-py3.10.egg-info' (and everything under it)
[1.106s] Copying ../../build/drone_2_manager/drone_2_manager.egg-info to /home/bhav/IITISoC-25-IVR09/gcs_ws/install/drone_2_manager/lib/python3.10/site-packages/drone_2_manager-0.0.0-py3.10.egg-info
[1.106s] running install_scripts
[1.126s] Installing geotagging_node script to /home/bhav/IITISoC-25-IVR09/gcs_ws/install/drone_2_manager/lib/drone_2_manager
[1.127s] Installing mission_handler_node script to /home/bhav/IITISoC-25-IVR09/gcs_ws/install/drone_2_manager/lib/drone_2_manager
[1.127s] Installing offboard_controller_node script to /home/bhav/IITISoC-25-IVR09/gcs_ws/install/drone_2_manager/lib/drone_2_manager
[1.127s] Installing recharge_node script to /home/bhav/IITISoC-25-IVR09/gcs_ws/install/drone_2_manager/lib/drone_2_manager
[1.128s] Installing status_publisher_node script to /home/bhav/IITISoC-25-IVR09/gcs_ws/install/drone_2_manager/lib/drone_2_manager
[1.128s] Installing water_level script to /home/bhav/IITISoC-25-IVR09/gcs_ws/install/drone_2_manager/lib/drone_2_manager
[1.128s] writing list of installed files to '/home/bhav/IITISoC-25-IVR09/gcs_ws/build/drone_2_manager/install.log'
[1.196s] Invoked command in '/home/bhav/IITISoC-25-IVR09/gcs_ws/src/drone_2_manager' returned '0': PYTHONPATH=/home/bhav/IITISoC-25-IVR09/gcs_ws/build/drone_2_manager/prefix_override:/home/bhav/.local/lib/python3.10/site-packages/colcon_core/task/python/colcon_distutils_commands:/home/bhav/IITISoC-25-IVR09/gcs_ws/install/drone_2_manager/lib/python3.10/site-packages:${PYTHONPATH} /usr/bin/python3 -W ignore:setup.py install is deprecated -W ignore:easy_install command is deprecated setup.py egg_info --egg-base ../../build/drone_2_manager build --build-base /home/bhav/IITISoC-25-IVR09/gcs_ws/build/drone_2_manager/build install --record /home/bhav/IITISoC-25-IVR09/gcs_ws/build/drone_2_manager/install.log --single-version-externally-managed install_data
