[0.243s] DEBUG:colcon:Command line arguments: ['/usr/bin/colcon', 'build']
[0.243s] DEBUG:colcon:Parsed command line arguments: Namespace(log_base=None, log_level=None, verb_name='build', build_base='build', install_base='install', merge_install=False, symlink_install=False, test_result_base=None, continue_on_error=False, executor='parallel', parallel_workers=2, event_handlers=None, ignore_user_meta=False, metas=['./colcon.meta'], base_paths=['.'], packages_ignore=None, packages_ignore_regex=None, paths=None, packages_up_to=None, packages_up_to_regex=None, packages_above=None, packages_above_and_dependencies=None, packages_above_depth=None, packages_select_by_dep=None, packages_skip_by_dep=None, packages_skip_up_to=None, packages_select_build_failed=False, packages_skip_build_finished=False, packages_select_test_failures=False, packages_skip_test_passed=False, packages_select=None, packages_skip=None, packages_select_regex=None, packages_skip_regex=None, packages_start=None, packages_end=None, allow_overriding=[], cmake_args=None, cmake_target=None, cmake_target_skip_unavailable=False, cmake_clean_cache=False, cmake_clean_first=False, cmake_force_configure=False, ament_cmake_args=None, catkin_cmake_args=None, catkin_skip_building_tests=False, mixin_files=None, mixin=None, verb_parser=<colcon_mixin.mixin.mixin_argument.MixinArgumentDecorator object at 0x77ac07e9c100>, verb_extension=<colcon_core.verb.build.BuildVerb object at 0x77ac07f8d060>, main=<bound method BuildVerb.main of <colcon_core.verb.build.BuildVerb object at 0x77ac07f8d060>>, mixin_verb=('build',))
[0.577s] Level 1:colcon.colcon_core.package_discovery:discover_packages(colcon_meta) check parameters
[0.577s] Level 1:colcon.colcon_core.package_discovery:discover_packages(recursive) check parameters
[0.577s] Level 1:colcon.colcon_core.package_discovery:discover_packages(ignore) check parameters
[0.577s] Level 1:colcon.colcon_core.package_discovery:discover_packages(path) check parameters
[0.577s] Level 1:colcon.colcon_core.package_discovery:discover_packages(colcon_meta) discover
[0.577s] Level 1:colcon.colcon_core.package_discovery:discover_packages(recursive) discover
[0.577s] INFO:colcon.colcon_core.package_discovery:Crawling recursively for packages in '/home/chakrapani/drone_files/IITI_SOC/gcs_ws'
[0.577s] Level 1:colcon.colcon_core.package_identification:_identify(.) by extensions ['ignore', 'ignore_ament_install']
[0.577s] Level 1:colcon.colcon_core.package_identification:_identify(.) by extension 'ignore'
[0.577s] Level 1:colcon.colcon_core.package_identification:_identify(.) by extension 'ignore_ament_install'
[0.577s] Level 1:colcon.colcon_core.package_identification:_identify(.) by extensions ['colcon_pkg']
[0.577s] Level 1:colcon.colcon_core.package_identification:_identify(.) by extension 'colcon_pkg'
[0.578s] Level 1:colcon.colcon_core.package_identification:_identify(.) by extensions ['colcon_meta']
[0.578s] Level 1:colcon.colcon_core.package_identification:_identify(.) by extension 'colcon_meta'
[0.578s] Level 1:colcon.colcon_core.package_identification:_identify(.) by extensions ['ros']
[0.578s] Level 1:colcon.colcon_core.package_identification:_identify(.) by extension 'ros'
[0.600s] Level 1:colcon.colcon_core.package_identification:_identify(.) by extensions ['cmake', 'python']
[0.600s] Level 1:colcon.colcon_core.package_identification:_identify(.) by extension 'cmake'
[0.601s] Level 1:colcon.colcon_core.package_identification:_identify(.) by extension 'python'
[0.601s] Level 1:colcon.colcon_core.package_identification:_identify(.) by extensions ['python_setup_py']
[0.601s] Level 1:colcon.colcon_core.package_identification:_identify(.) by extension 'python_setup_py'
[0.601s] Level 1:colcon.colcon_core.package_identification:_identify(build) by extensions ['ignore', 'ignore_ament_install']
[0.601s] Level 1:colcon.colcon_core.package_identification:_identify(build) by extension 'ignore'
[0.601s] Level 1:colcon.colcon_core.package_identification:_identify(build) ignored
[0.601s] Level 1:colcon.colcon_core.package_identification:_identify(install) by extensions ['ignore', 'ignore_ament_install']
[0.601s] Level 1:colcon.colcon_core.package_identification:_identify(install) by extension 'ignore'
[0.601s] Level 1:colcon.colcon_core.package_identification:_identify(install) ignored
[0.601s] Level 1:colcon.colcon_core.package_identification:_identify(log) by extensions ['ignore', 'ignore_ament_install']
[0.602s] Level 1:colcon.colcon_core.package_identification:_identify(log) by extension 'ignore'
[0.602s] Level 1:colcon.colcon_core.package_identification:_identify(log) ignored
[0.602s] Level 1:colcon.colcon_core.package_identification:_identify(src) by extensions ['ignore', 'ignore_ament_install']
[0.602s] Level 1:colcon.colcon_core.package_identification:_identify(src) by extension 'ignore'
[0.602s] Level 1:colcon.colcon_core.package_identification:_identify(src) by extension 'ignore_ament_install'
[0.602s] Level 1:colcon.colcon_core.package_identification:_identify(src) by extensions ['colcon_pkg']
[0.602s] Level 1:colcon.colcon_core.package_identification:_identify(src) by extension 'colcon_pkg'
[0.602s] Level 1:colcon.colcon_core.package_identification:_identify(src) by extensions ['colcon_meta']
[0.602s] Level 1:colcon.colcon_core.package_identification:_identify(src) by extension 'colcon_meta'
[0.602s] Level 1:colcon.colcon_core.package_identification:_identify(src) by extensions ['ros']
[0.602s] Level 1:colcon.colcon_core.package_identification:_identify(src) by extension 'ros'
[0.602s] Level 1:colcon.colcon_core.package_identification:_identify(src) by extensions ['cmake', 'python']
[0.602s] Level 1:colcon.colcon_core.package_identification:_identify(src) by extension 'cmake'
[0.603s] Level 1:colcon.colcon_core.package_identification:_identify(src) by extension 'python'
[0.603s] Level 1:colcon.colcon_core.package_identification:_identify(src) by extensions ['python_setup_py']
[0.603s] Level 1:colcon.colcon_core.package_identification:_identify(src) by extension 'python_setup_py'
[0.603s] Level 1:colcon.colcon_core.package_identification:_identify(src/drone_1_manager) by extensions ['ignore', 'ignore_ament_install']
[0.603s] Level 1:colcon.colcon_core.package_identification:_identify(src/drone_1_manager) by extension 'ignore'
[0.603s] Level 1:colcon.colcon_core.package_identification:_identify(src/drone_1_manager) by extension 'ignore_ament_install'
[0.603s] Level 1:colcon.colcon_core.package_identification:_identify(src/drone_1_manager) by extensions ['colcon_pkg']
[0.603s] Level 1:colcon.colcon_core.package_identification:_identify(src/drone_1_manager) by extension 'colcon_pkg'
[0.603s] Level 1:colcon.colcon_core.package_identification:_identify(src/drone_1_manager) by extensions ['colcon_meta']
[0.603s] Level 1:colcon.colcon_core.package_identification:_identify(src/drone_1_manager) by extension 'colcon_meta'
[0.603s] Level 1:colcon.colcon_core.package_identification:_identify(src/drone_1_manager) by extensions ['ros']
[0.603s] Level 1:colcon.colcon_core.package_identification:_identify(src/drone_1_manager) by extension 'ros'
[0.607s] DEBUG:colcon.colcon_core.package_identification:Package 'src/drone_1_manager' with type 'ros.ament_python' and name 'drone_1_manager'
[0.607s] Level 1:colcon.colcon_core.package_identification:_identify(src/drone_2_manager) by extensions ['ignore', 'ignore_ament_install']
[0.608s] Level 1:colcon.colcon_core.package_identification:_identify(src/drone_2_manager) by extension 'ignore'
[0.608s] Level 1:colcon.colcon_core.package_identification:_identify(src/drone_2_manager) by extension 'ignore_ament_install'
[0.608s] Level 1:colcon.colcon_core.package_identification:_identify(src/drone_2_manager) by extensions ['colcon_pkg']
[0.608s] Level 1:colcon.colcon_core.package_identification:_identify(src/drone_2_manager) by extension 'colcon_pkg'
[0.608s] Level 1:colcon.colcon_core.package_identification:_identify(src/drone_2_manager) by extensions ['colcon_meta']
[0.608s] Level 1:colcon.colcon_core.package_identification:_identify(src/drone_2_manager) by extension 'colcon_meta'
[0.608s] Level 1:colcon.colcon_core.package_identification:_identify(src/drone_2_manager) by extensions ['ros']
[0.608s] Level 1:colcon.colcon_core.package_identification:_identify(src/drone_2_manager) by extension 'ros'
[0.610s] DEBUG:colcon.colcon_core.package_identification:Package 'src/drone_2_manager' with type 'ros.ament_python' and name 'drone_2_manager'
[0.611s] Level 1:colcon.colcon_core.package_identification:_identify(src/drone_interfaces) by extensions ['ignore', 'ignore_ament_install']
[0.611s] Level 1:colcon.colcon_core.package_identification:_identify(src/drone_interfaces) by extension 'ignore'
[0.611s] Level 1:colcon.colcon_core.package_identification:_identify(src/drone_interfaces) by extension 'ignore_ament_install'
[0.612s] Level 1:colcon.colcon_core.package_identification:_identify(src/drone_interfaces) by extensions ['colcon_pkg']
[0.612s] Level 1:colcon.colcon_core.package_identification:_identify(src/drone_interfaces) by extension 'colcon_pkg'
[0.612s] Level 1:colcon.colcon_core.package_identification:_identify(src/drone_interfaces) by extensions ['colcon_meta']
[0.612s] Level 1:colcon.colcon_core.package_identification:_identify(src/drone_interfaces) by extension 'colcon_meta'
[0.612s] Level 1:colcon.colcon_core.package_identification:_identify(src/drone_interfaces) by extensions ['ros']
[0.612s] Level 1:colcon.colcon_core.package_identification:_identify(src/drone_interfaces) by extension 'ros'
[0.614s] DEBUG:colcon.colcon_core.package_identification:Package 'src/drone_interfaces' with type 'ros.ament_cmake' and name 'drone_interfaces'
[0.615s] Level 1:colcon.colcon_core.package_identification:_identify(src/drone_launch) by extensions ['ignore', 'ignore_ament_install']
[0.615s] Level 1:colcon.colcon_core.package_identification:_identify(src/drone_launch) by extension 'ignore'
[0.615s] Level 1:colcon.colcon_core.package_identification:_identify(src/drone_launch) by extension 'ignore_ament_install'
[0.616s] Level 1:colcon.colcon_core.package_identification:_identify(src/drone_launch) by extensions ['colcon_pkg']
[0.616s] Level 1:colcon.colcon_core.package_identification:_identify(src/drone_launch) by extension 'colcon_pkg'
[0.616s] Level 1:colcon.colcon_core.package_identification:_identify(src/drone_launch) by extensions ['colcon_meta']
[0.616s] Level 1:colcon.colcon_core.package_identification:_identify(src/drone_launch) by extension 'colcon_meta'
[0.617s] Level 1:colcon.colcon_core.package_identification:_identify(src/drone_launch) by extensions ['ros']
[0.617s] Level 1:colcon.colcon_core.package_identification:_identify(src/drone_launch) by extension 'ros'
[0.619s] DEBUG:colcon.colcon_core.package_identification:Package 'src/drone_launch' with type 'ros.ament_python' and name 'drone_launch'
[0.619s] Level 1:colcon.colcon_core.package_identification:_identify(src/gcs_controller) by extensions ['ignore', 'ignore_ament_install']
[0.620s] Level 1:colcon.colcon_core.package_identification:_identify(src/gcs_controller) by extension 'ignore'
[0.620s] Level 1:colcon.colcon_core.package_identification:_identify(src/gcs_controller) by extension 'ignore_ament_install'
[0.620s] Level 1:colcon.colcon_core.package_identification:_identify(src/gcs_controller) by extensions ['colcon_pkg']
[0.620s] Level 1:colcon.colcon_core.package_identification:_identify(src/gcs_controller) by extension 'colcon_pkg'
[0.621s] Level 1:colcon.colcon_core.package_identification:_identify(src/gcs_controller) by extensions ['colcon_meta']
[0.621s] Level 1:colcon.colcon_core.package_identification:_identify(src/gcs_controller) by extension 'colcon_meta'
[0.621s] Level 1:colcon.colcon_core.package_identification:_identify(src/gcs_controller) by extensions ['ros']
[0.621s] Level 1:colcon.colcon_core.package_identification:_identify(src/gcs_controller) by extension 'ros'
[0.622s] DEBUG:colcon.colcon_core.package_identification:Package 'src/gcs_controller' with type 'ros.ament_python' and name 'gcs_controller'
[0.622s] Level 1:colcon.colcon_core.package_identification:_identify(src/mission_utils) by extensions ['ignore', 'ignore_ament_install']
[0.622s] Level 1:colcon.colcon_core.package_identification:_identify(src/mission_utils) by extension 'ignore'
[0.622s] Level 1:colcon.colcon_core.package_identification:_identify(src/mission_utils) by extension 'ignore_ament_install'
[0.622s] Level 1:colcon.colcon_core.package_identification:_identify(src/mission_utils) by extensions ['colcon_pkg']
[0.622s] Level 1:colcon.colcon_core.package_identification:_identify(src/mission_utils) by extension 'colcon_pkg'
[0.622s] Level 1:colcon.colcon_core.package_identification:_identify(src/mission_utils) by extensions ['colcon_meta']
[0.622s] Level 1:colcon.colcon_core.package_identification:_identify(src/mission_utils) by extension 'colcon_meta'
[0.622s] Level 1:colcon.colcon_core.package_identification:_identify(src/mission_utils) by extensions ['ros']
[0.622s] Level 1:colcon.colcon_core.package_identification:_identify(src/mission_utils) by extension 'ros'
[0.623s] DEBUG:colcon.colcon_core.package_identification:Package 'src/mission_utils' with type 'ros.ament_python' and name 'mission_utils'
[0.623s] Level 1:colcon.colcon_core.package_discovery:discover_packages(recursive) using defaults
[0.623s] Level 1:colcon.colcon_core.package_discovery:discover_packages(ignore) discover
[0.623s] Level 1:colcon.colcon_core.package_discovery:discover_packages(ignore) using defaults
[0.623s] Level 1:colcon.colcon_core.package_discovery:discover_packages(path) discover
[0.623s] Level 1:colcon.colcon_core.package_discovery:discover_packages(path) using defaults
[0.702s] Level 1:colcon.colcon_core.package_discovery:discover_packages(prefix_path) check parameters
[0.702s] Level 1:colcon.colcon_core.package_discovery:discover_packages(prefix_path) discover
[0.707s] DEBUG:colcon.colcon_installed_package_information.package_discovery:Found 6 installed packages in /home/chakrapani/drone_files/IITI_SOC/gcs_ws/install
[0.708s] DEBUG:colcon.colcon_installed_package_information.package_discovery:Found 3 installed packages in /home/chakrapani/px4_ros_ws/install
[0.709s] DEBUG:colcon.colcon_installed_package_information.package_discovery:Found 2 installed packages in /home/chakrapani/ros2_px4_offboard_example_ws/install
[0.710s] DEBUG:colcon.colcon_installed_package_information.package_discovery:Found 7 installed packages in /home/chakrapani/octomap_ws/install
[0.711s] DEBUG:colcon.colcon_installed_package_information.package_discovery:Found 2 installed packages in /home/chakrapani/drone_files/drone_repos/install
[0.714s] DEBUG:colcon.colcon_installed_package_information.package_discovery:Found 341 installed packages in /opt/ros/humble
[0.718s] Level 1:colcon.colcon_core.package_discovery:discover_packages(prefix_path) using defaults
[0.807s] Level 5:colcon.colcon_core.verb:set package 'drone_interfaces' build argument 'cmake_args' from command line to 'None'
[0.807s] Level 5:colcon.colcon_core.verb:set package 'drone_interfaces' build argument 'cmake_target' from command line to 'None'
[0.807s] Level 5:colcon.colcon_core.verb:set package 'drone_interfaces' build argument 'cmake_target_skip_unavailable' from command line to 'False'
[0.807s] Level 5:colcon.colcon_core.verb:set package 'drone_interfaces' build argument 'cmake_clean_cache' from command line to 'False'
[0.807s] Level 5:colcon.colcon_core.verb:set package 'drone_interfaces' build argument 'cmake_clean_first' from command line to 'False'
[0.807s] Level 5:colcon.colcon_core.verb:set package 'drone_interfaces' build argument 'cmake_force_configure' from command line to 'False'
[0.807s] Level 5:colcon.colcon_core.verb:set package 'drone_interfaces' build argument 'ament_cmake_args' from command line to 'None'
[0.807s] Level 5:colcon.colcon_core.verb:set package 'drone_interfaces' build argument 'catkin_cmake_args' from command line to 'None'
[0.807s] Level 5:colcon.colcon_core.verb:set package 'drone_interfaces' build argument 'catkin_skip_building_tests' from command line to 'False'
[0.807s] DEBUG:colcon.colcon_core.verb:Building package 'drone_interfaces' with the following arguments: {'ament_cmake_args': None, 'build_base': '/home/chakrapani/drone_files/IITI_SOC/gcs_ws/build/drone_interfaces', 'catkin_cmake_args': None, 'catkin_skip_building_tests': False, 'cmake_args': None, 'cmake_clean_cache': False, 'cmake_clean_first': False, 'cmake_force_configure': False, 'cmake_target': None, 'cmake_target_skip_unavailable': False, 'install_base': '/home/chakrapani/drone_files/IITI_SOC/gcs_ws/install/drone_interfaces', 'merge_install': False, 'path': '/home/chakrapani/drone_files/IITI_SOC/gcs_ws/src/drone_interfaces', 'symlink_install': False, 'test_result_base': None}
[0.808s] Level 5:colcon.colcon_core.verb:set package 'drone_launch' build argument 'cmake_args' from command line to 'None'
[0.808s] Level 5:colcon.colcon_core.verb:set package 'drone_launch' build argument 'cmake_target' from command line to 'None'
[0.808s] Level 5:colcon.colcon_core.verb:set package 'drone_launch' build argument 'cmake_target_skip_unavailable' from command line to 'False'
[0.808s] Level 5:colcon.colcon_core.verb:set package 'drone_launch' build argument 'cmake_clean_cache' from command line to 'False'
[0.808s] Level 5:colcon.colcon_core.verb:set package 'drone_launch' build argument 'cmake_clean_first' from command line to 'False'
[0.808s] Level 5:colcon.colcon_core.verb:set package 'drone_launch' build argument 'cmake_force_configure' from command line to 'False'
[0.808s] Level 5:colcon.colcon_core.verb:set package 'drone_launch' build argument 'ament_cmake_args' from command line to 'None'
[0.808s] Level 5:colcon.colcon_core.verb:set package 'drone_launch' build argument 'catkin_cmake_args' from command line to 'None'
[0.808s] Level 5:colcon.colcon_core.verb:set package 'drone_launch' build argument 'catkin_skip_building_tests' from command line to 'False'
[0.808s] DEBUG:colcon.colcon_core.verb:Building package 'drone_launch' with the following arguments: {'ament_cmake_args': None, 'build_base': '/home/chakrapani/drone_files/IITI_SOC/gcs_ws/build/drone_launch', 'catkin_cmake_args': None, 'catkin_skip_building_tests': False, 'cmake_args': None, 'cmake_clean_cache': False, 'cmake_clean_first': False, 'cmake_force_configure': False, 'cmake_target': None, 'cmake_target_skip_unavailable': False, 'install_base': '/home/chakrapani/drone_files/IITI_SOC/gcs_ws/install/drone_launch', 'merge_install': False, 'path': '/home/chakrapani/drone_files/IITI_SOC/gcs_ws/src/drone_launch', 'symlink_install': False, 'test_result_base': None}
[0.809s] Level 5:colcon.colcon_core.verb:set package 'mission_utils' build argument 'cmake_args' from command line to 'None'
[0.809s] Level 5:colcon.colcon_core.verb:set package 'mission_utils' build argument 'cmake_target' from command line to 'None'
[0.809s] Level 5:colcon.colcon_core.verb:set package 'mission_utils' build argument 'cmake_target_skip_unavailable' from command line to 'False'
[0.809s] Level 5:colcon.colcon_core.verb:set package 'mission_utils' build argument 'cmake_clean_cache' from command line to 'False'
[0.809s] Level 5:colcon.colcon_core.verb:set package 'mission_utils' build argument 'cmake_clean_first' from command line to 'False'
[0.809s] Level 5:colcon.colcon_core.verb:set package 'mission_utils' build argument 'cmake_force_configure' from command line to 'False'
[0.809s] Level 5:colcon.colcon_core.verb:set package 'mission_utils' build argument 'ament_cmake_args' from command line to 'None'
[0.809s] Level 5:colcon.colcon_core.verb:set package 'mission_utils' build argument 'catkin_cmake_args' from command line to 'None'
[0.809s] Level 5:colcon.colcon_core.verb:set package 'mission_utils' build argument 'catkin_skip_building_tests' from command line to 'False'
[0.809s] DEBUG:colcon.colcon_core.verb:Building package 'mission_utils' with the following arguments: {'ament_cmake_args': None, 'build_base': '/home/chakrapani/drone_files/IITI_SOC/gcs_ws/build/mission_utils', 'catkin_cmake_args': None, 'catkin_skip_building_tests': False, 'cmake_args': None, 'cmake_clean_cache': False, 'cmake_clean_first': False, 'cmake_force_configure': False, 'cmake_target': None, 'cmake_target_skip_unavailable': False, 'install_base': '/home/chakrapani/drone_files/IITI_SOC/gcs_ws/install/mission_utils', 'merge_install': False, 'path': '/home/chakrapani/drone_files/IITI_SOC/gcs_ws/src/mission_utils', 'symlink_install': False, 'test_result_base': None}
[0.809s] Level 5:colcon.colcon_core.verb:set package 'drone_1_manager' build argument 'cmake_args' from command line to 'None'
[0.809s] Level 5:colcon.colcon_core.verb:set package 'drone_1_manager' build argument 'cmake_target' from command line to 'None'
[0.809s] Level 5:colcon.colcon_core.verb:set package 'drone_1_manager' build argument 'cmake_target_skip_unavailable' from command line to 'False'
[0.809s] Level 5:colcon.colcon_core.verb:set package 'drone_1_manager' build argument 'cmake_clean_cache' from command line to 'False'
[0.810s] Level 5:colcon.colcon_core.verb:set package 'drone_1_manager' build argument 'cmake_clean_first' from command line to 'False'
[0.810s] Level 5:colcon.colcon_core.verb:set package 'drone_1_manager' build argument 'cmake_force_configure' from command line to 'False'
[0.810s] Level 5:colcon.colcon_core.verb:set package 'drone_1_manager' build argument 'ament_cmake_args' from command line to 'None'
[0.810s] Level 5:colcon.colcon_core.verb:set package 'drone_1_manager' build argument 'catkin_cmake_args' from command line to 'None'
[0.810s] Level 5:colcon.colcon_core.verb:set package 'drone_1_manager' build argument 'catkin_skip_building_tests' from command line to 'False'
[0.810s] DEBUG:colcon.colcon_core.verb:Building package 'drone_1_manager' with the following arguments: {'ament_cmake_args': None, 'build_base': '/home/chakrapani/drone_files/IITI_SOC/gcs_ws/build/drone_1_manager', 'catkin_cmake_args': None, 'catkin_skip_building_tests': False, 'cmake_args': None, 'cmake_clean_cache': False, 'cmake_clean_first': False, 'cmake_force_configure': False, 'cmake_target': None, 'cmake_target_skip_unavailable': False, 'install_base': '/home/chakrapani/drone_files/IITI_SOC/gcs_ws/install/drone_1_manager', 'merge_install': False, 'path': '/home/chakrapani/drone_files/IITI_SOC/gcs_ws/src/drone_1_manager', 'symlink_install': False, 'test_result_base': None}
[0.810s] Level 5:colcon.colcon_core.verb:set package 'drone_2_manager' build argument 'cmake_args' from command line to 'None'
[0.810s] Level 5:colcon.colcon_core.verb:set package 'drone_2_manager' build argument 'cmake_target' from command line to 'None'
[0.811s] Level 5:colcon.colcon_core.verb:set package 'drone_2_manager' build argument 'cmake_target_skip_unavailable' from command line to 'False'
[0.811s] Level 5:colcon.colcon_core.verb:set package 'drone_2_manager' build argument 'cmake_clean_cache' from command line to 'False'
[0.811s] Level 5:colcon.colcon_core.verb:set package 'drone_2_manager' build argument 'cmake_clean_first' from command line to 'False'
[0.811s] Level 5:colcon.colcon_core.verb:set package 'drone_2_manager' build argument 'cmake_force_configure' from command line to 'False'
[0.811s] Level 5:colcon.colcon_core.verb:set package 'drone_2_manager' build argument 'ament_cmake_args' from command line to 'None'
[0.811s] Level 5:colcon.colcon_core.verb:set package 'drone_2_manager' build argument 'catkin_cmake_args' from command line to 'None'
[0.811s] Level 5:colcon.colcon_core.verb:set package 'drone_2_manager' build argument 'catkin_skip_building_tests' from command line to 'False'
[0.811s] DEBUG:colcon.colcon_core.verb:Building package 'drone_2_manager' with the following arguments: {'ament_cmake_args': None, 'build_base': '/home/chakrapani/drone_files/IITI_SOC/gcs_ws/build/drone_2_manager', 'catkin_cmake_args': None, 'catkin_skip_building_tests': False, 'cmake_args': None, 'cmake_clean_cache': False, 'cmake_clean_first': False, 'cmake_force_configure': False, 'cmake_target': None, 'cmake_target_skip_unavailable': False, 'install_base': '/home/chakrapani/drone_files/IITI_SOC/gcs_ws/install/drone_2_manager', 'merge_install': False, 'path': '/home/chakrapani/drone_files/IITI_SOC/gcs_ws/src/drone_2_manager', 'symlink_install': False, 'test_result_base': None}
[0.811s] Level 5:colcon.colcon_core.verb:set package 'gcs_controller' build argument 'cmake_args' from command line to 'None'
[0.811s] Level 5:colcon.colcon_core.verb:set package 'gcs_controller' build argument 'cmake_target' from command line to 'None'
[0.811s] Level 5:colcon.colcon_core.verb:set package 'gcs_controller' build argument 'cmake_target_skip_unavailable' from command line to 'False'
[0.811s] Level 5:colcon.colcon_core.verb:set package 'gcs_controller' build argument 'cmake_clean_cache' from command line to 'False'
[0.811s] Level 5:colcon.colcon_core.verb:set package 'gcs_controller' build argument 'cmake_clean_first' from command line to 'False'
[0.811s] Level 5:colcon.colcon_core.verb:set package 'gcs_controller' build argument 'cmake_force_configure' from command line to 'False'
[0.811s] Level 5:colcon.colcon_core.verb:set package 'gcs_controller' build argument 'ament_cmake_args' from command line to 'None'
[0.811s] Level 5:colcon.colcon_core.verb:set package 'gcs_controller' build argument 'catkin_cmake_args' from command line to 'None'
[0.811s] Level 5:colcon.colcon_core.verb:set package 'gcs_controller' build argument 'catkin_skip_building_tests' from command line to 'False'
[0.812s] DEBUG:colcon.colcon_core.verb:Building package 'gcs_controller' with the following arguments: {'ament_cmake_args': None, 'build_base': '/home/chakrapani/drone_files/IITI_SOC/gcs_ws/build/gcs_controller', 'catkin_cmake_args': None, 'catkin_skip_building_tests': False, 'cmake_args': None, 'cmake_clean_cache': False, 'cmake_clean_first': False, 'cmake_force_configure': False, 'cmake_target': None, 'cmake_target_skip_unavailable': False, 'install_base': '/home/chakrapani/drone_files/IITI_SOC/gcs_ws/install/gcs_controller', 'merge_install': False, 'path': '/home/chakrapani/drone_files/IITI_SOC/gcs_ws/src/gcs_controller', 'symlink_install': False, 'test_result_base': None}
[0.812s] INFO:colcon.colcon_core.executor:Executing jobs using 'parallel' executor
[0.814s] DEBUG:colcon.colcon_parallel_executor.executor.parallel:run_until_complete
[0.815s] INFO:colcon.colcon_ros.task.ament_cmake.build:Building ROS package in '/home/chakrapani/drone_files/IITI_SOC/gcs_ws/src/drone_interfaces' with build type 'ament_cmake'
[0.815s] INFO:colcon.colcon_cmake.task.cmake.build:Building CMake package in '/home/chakrapani/drone_files/IITI_SOC/gcs_ws/src/drone_interfaces'
[0.823s] INFO:colcon.colcon_core.plugin_system:Skipping extension 'colcon_core.shell.bat': Not used on non-Windows systems
[0.828s] INFO:colcon.colcon_core.shell:Skip shell extension 'powershell' for command environment: Not usable outside of PowerShell
[0.828s] DEBUG:colcon.colcon_core.shell:Skip shell extension 'dsv' for command environment
[0.837s] INFO:colcon.colcon_ros.task.ament_python.build:Building ROS package in '/home/chakrapani/drone_files/IITI_SOC/gcs_ws/src/mission_utils' with build type 'ament_python'
[0.837s] Level 1:colcon.colcon_core.shell:create_environment_hook('mission_utils', 'ament_prefix_path')
[0.838s] INFO:colcon.colcon_core.shell:Creating environment hook '/home/chakrapani/drone_files/IITI_SOC/gcs_ws/install/mission_utils/share/mission_utils/hook/ament_prefix_path.ps1'
[0.839s] INFO:colcon.colcon_core.shell:Creating environment descriptor '/home/chakrapani/drone_files/IITI_SOC/gcs_ws/install/mission_utils/share/mission_utils/hook/ament_prefix_path.dsv'
[0.840s] INFO:colcon.colcon_core.shell:Creating environment hook '/home/chakrapani/drone_files/IITI_SOC/gcs_ws/install/mission_utils/share/mission_utils/hook/ament_prefix_path.sh'
[0.841s] INFO:colcon.colcon_core.shell:Skip shell extension 'powershell' for command environment: Not usable outside of PowerShell
[0.842s] DEBUG:colcon.colcon_core.shell:Skip shell extension 'dsv' for command environment
[0.863s] DEBUG:colcon.colcon_core.event_handler.log_command:Invoking command in '/home/chakrapani/drone_files/IITI_SOC/gcs_ws/build/drone_interfaces': CMAKE_PREFIX_PATH=${CMAKE_PREFIX_PATH}:/home/chakrapani/px4_ros_ws/install/px4_offboard:/home/chakrapani/px4_ros_ws/install/px4_gps:/home/chakrapani/ros2_px4_offboard_example_ws/install/px4_offboard:/home/chakrapani/octomap_ws/install/px4_odometry_converter:/home/chakrapani/octomap_ws/install/px4_localization:/home/chakrapani/drone_files/IITI_SOC/gcs_ws/install/gcs_controller:/home/chakrapani/drone_files/IITI_SOC/gcs_ws/install/mission_utils:/home/chakrapani/drone_files/IITI_SOC/gcs_ws/install/drone_launch:/home/chakrapani/drone_files/IITI_SOC/gcs_ws/install/drone_2_manager:/home/chakrapani/drone_files/IITI_SOC/gcs_ws/install/drone_1_manager:/opt/ros/humble /usr/bin/cmake --build /home/chakrapani/drone_files/IITI_SOC/gcs_ws/build/drone_interfaces -- -j2 -l2
[2.112s] INFO:colcon.colcon_core.task.python.build:Building Python package in '/home/chakrapani/drone_files/IITI_SOC/gcs_ws/src/mission_utils'
[2.113s] INFO:colcon.colcon_core.shell:Skip shell extension 'powershell' for command environment: Not usable outside of PowerShell
[2.113s] DEBUG:colcon.colcon_core.shell:Skip shell extension 'dsv' for command environment
[3.298s] DEBUG:colcon.colcon_core.event_handler.log_command:Invoking command in '/home/chakrapani/drone_files/IITI_SOC/gcs_ws/src/mission_utils': PYTHONPATH=/home/chakrapani/drone_files/IITI_SOC/gcs_ws/build/mission_utils/prefix_override:/usr/lib/python3/dist-packages/colcon_core/task/python/colcon_distutils_commands:/home/chakrapani/drone_files/IITI_SOC/gcs_ws/install/mission_utils/lib/python3.10/site-packages:${PYTHONPATH} /usr/bin/python3 -W ignore:setup.py install is deprecated -W ignore:easy_install command is deprecated setup.py egg_info --egg-base ../../build/mission_utils build --build-base /home/chakrapani/drone_files/IITI_SOC/gcs_ws/build/mission_utils/build install --record /home/chakrapani/drone_files/IITI_SOC/gcs_ws/build/mission_utils/install.log --single-version-externally-managed install_data
[3.779s] DEBUG:colcon.colcon_core.event_handler.log_command:Invoked command in '/home/chakrapani/drone_files/IITI_SOC/gcs_ws/build/drone_interfaces' returned '0': CMAKE_PREFIX_PATH=${CMAKE_PREFIX_PATH}:/home/chakrapani/px4_ros_ws/install/px4_offboard:/home/chakrapani/px4_ros_ws/install/px4_gps:/home/chakrapani/ros2_px4_offboard_example_ws/install/px4_offboard:/home/chakrapani/octomap_ws/install/px4_odometry_converter:/home/chakrapani/octomap_ws/install/px4_localization:/home/chakrapani/drone_files/IITI_SOC/gcs_ws/install/gcs_controller:/home/chakrapani/drone_files/IITI_SOC/gcs_ws/install/mission_utils:/home/chakrapani/drone_files/IITI_SOC/gcs_ws/install/drone_launch:/home/chakrapani/drone_files/IITI_SOC/gcs_ws/install/drone_2_manager:/home/chakrapani/drone_files/IITI_SOC/gcs_ws/install/drone_1_manager:/opt/ros/humble /usr/bin/cmake --build /home/chakrapani/drone_files/IITI_SOC/gcs_ws/build/drone_interfaces -- -j2 -l2
[3.821s] DEBUG:colcon.colcon_core.event_handler.log_command:Invoking command in '/home/chakrapani/drone_files/IITI_SOC/gcs_ws/build/drone_interfaces': CMAKE_PREFIX_PATH=${CMAKE_PREFIX_PATH}:/home/chakrapani/px4_ros_ws/install/px4_offboard:/home/chakrapani/px4_ros_ws/install/px4_gps:/home/chakrapani/ros2_px4_offboard_example_ws/install/px4_offboard:/home/chakrapani/octomap_ws/install/px4_odometry_converter:/home/chakrapani/octomap_ws/install/px4_localization:/home/chakrapani/drone_files/IITI_SOC/gcs_ws/install/gcs_controller:/home/chakrapani/drone_files/IITI_SOC/gcs_ws/install/mission_utils:/home/chakrapani/drone_files/IITI_SOC/gcs_ws/install/drone_launch:/home/chakrapani/drone_files/IITI_SOC/gcs_ws/install/drone_2_manager:/home/chakrapani/drone_files/IITI_SOC/gcs_ws/install/drone_1_manager:/opt/ros/humble /usr/bin/cmake --install /home/chakrapani/drone_files/IITI_SOC/gcs_ws/build/drone_interfaces
[4.089s] Level 1:colcon.colcon_core.environment:create_environment_scripts_only(drone_interfaces)
[4.093s] DEBUG:colcon.colcon_core.event_handler.log_command:Invoked command in '/home/chakrapani/drone_files/IITI_SOC/gcs_ws/build/drone_interfaces' returned '0': CMAKE_PREFIX_PATH=${CMAKE_PREFIX_PATH}:/home/chakrapani/px4_ros_ws/install/px4_offboard:/home/chakrapani/px4_ros_ws/install/px4_gps:/home/chakrapani/ros2_px4_offboard_example_ws/install/px4_offboard:/home/chakrapani/octomap_ws/install/px4_odometry_converter:/home/chakrapani/octomap_ws/install/px4_localization:/home/chakrapani/drone_files/IITI_SOC/gcs_ws/install/gcs_controller:/home/chakrapani/drone_files/IITI_SOC/gcs_ws/install/mission_utils:/home/chakrapani/drone_files/IITI_SOC/gcs_ws/install/drone_launch:/home/chakrapani/drone_files/IITI_SOC/gcs_ws/install/drone_2_manager:/home/chakrapani/drone_files/IITI_SOC/gcs_ws/install/drone_1_manager:/opt/ros/humble /usr/bin/cmake --install /home/chakrapani/drone_files/IITI_SOC/gcs_ws/build/drone_interfaces
[4.096s] Level 1:colcon.colcon_core.environment:checking '/home/chakrapani/drone_files/IITI_SOC/gcs_ws/install/drone_interfaces' for CMake module files
[4.097s] Level 1:colcon.colcon_core.environment:checking '/home/chakrapani/drone_files/IITI_SOC/gcs_ws/install/drone_interfaces' for CMake config files
[4.097s] Level 1:colcon.colcon_core.shell:create_environment_hook('drone_interfaces', 'cmake_prefix_path')
[4.098s] INFO:colcon.colcon_core.shell:Creating environment hook '/home/chakrapani/drone_files/IITI_SOC/gcs_ws/install/drone_interfaces/share/drone_interfaces/hook/cmake_prefix_path.ps1'
[4.098s] INFO:colcon.colcon_core.shell:Creating environment descriptor '/home/chakrapani/drone_files/IITI_SOC/gcs_ws/install/drone_interfaces/share/drone_interfaces/hook/cmake_prefix_path.dsv'
[4.099s] INFO:colcon.colcon_core.shell:Creating environment hook '/home/chakrapani/drone_files/IITI_SOC/gcs_ws/install/drone_interfaces/share/drone_interfaces/hook/cmake_prefix_path.sh'
[4.102s] Level 1:colcon.colcon_core.environment:checking '/home/chakrapani/drone_files/IITI_SOC/gcs_ws/install/drone_interfaces/lib'
[4.102s] Level 1:colcon.colcon_core.shell:create_environment_hook('drone_interfaces', 'ld_library_path_lib')
[4.103s] INFO:colcon.colcon_core.shell:Creating environment hook '/home/chakrapani/drone_files/IITI_SOC/gcs_ws/install/drone_interfaces/share/drone_interfaces/hook/ld_library_path_lib.ps1'
[4.104s] INFO:colcon.colcon_core.shell:Creating environment descriptor '/home/chakrapani/drone_files/IITI_SOC/gcs_ws/install/drone_interfaces/share/drone_interfaces/hook/ld_library_path_lib.dsv'
[4.106s] INFO:colcon.colcon_core.shell:Creating environment hook '/home/chakrapani/drone_files/IITI_SOC/gcs_ws/install/drone_interfaces/share/drone_interfaces/hook/ld_library_path_lib.sh'
[4.110s] Level 1:colcon.colcon_core.environment:checking '/home/chakrapani/drone_files/IITI_SOC/gcs_ws/install/drone_interfaces/bin'
[4.111s] Level 1:colcon.colcon_core.environment:checking '/home/chakrapani/drone_files/IITI_SOC/gcs_ws/install/drone_interfaces/lib/pkgconfig/drone_interfaces.pc'
[4.113s] Level 1:colcon.colcon_core.environment:checking '/home/chakrapani/drone_files/IITI_SOC/gcs_ws/install/drone_interfaces/lib/python3.10/site-packages'
[4.113s] Level 1:colcon.colcon_core.environment:checking '/home/chakrapani/drone_files/IITI_SOC/gcs_ws/install/drone_interfaces/bin'
[4.115s] INFO:colcon.colcon_core.shell:Creating package script '/home/chakrapani/drone_files/IITI_SOC/gcs_ws/install/drone_interfaces/share/drone_interfaces/package.ps1'
[4.118s] INFO:colcon.colcon_core.shell:Creating package descriptor '/home/chakrapani/drone_files/IITI_SOC/gcs_ws/install/drone_interfaces/share/drone_interfaces/package.dsv'
[4.119s] INFO:colcon.colcon_core.shell:Creating package script '/home/chakrapani/drone_files/IITI_SOC/gcs_ws/install/drone_interfaces/share/drone_interfaces/package.sh'
[4.121s] INFO:colcon.colcon_core.shell:Creating package script '/home/chakrapani/drone_files/IITI_SOC/gcs_ws/install/drone_interfaces/share/drone_interfaces/package.bash'
[4.122s] INFO:colcon.colcon_core.shell:Creating package script '/home/chakrapani/drone_files/IITI_SOC/gcs_ws/install/drone_interfaces/share/drone_interfaces/package.zsh'
[4.123s] Level 1:colcon.colcon_core.environment:create_file_with_runtime_dependencies(/home/chakrapani/drone_files/IITI_SOC/gcs_ws/install/drone_interfaces/share/colcon-core/packages/drone_interfaces)
[4.124s] Level 1:colcon.colcon_core.environment:create_environment_scripts_only(drone_interfaces)
[4.125s] Level 1:colcon.colcon_core.environment:checking '/home/chakrapani/drone_files/IITI_SOC/gcs_ws/install/drone_interfaces' for CMake module files
[4.126s] Level 1:colcon.colcon_core.environment:checking '/home/chakrapani/drone_files/IITI_SOC/gcs_ws/install/drone_interfaces' for CMake config files
[4.126s] Level 1:colcon.colcon_core.shell:create_environment_hook('drone_interfaces', 'cmake_prefix_path')
[4.127s] INFO:colcon.colcon_core.shell:Creating environment hook '/home/chakrapani/drone_files/IITI_SOC/gcs_ws/install/drone_interfaces/share/drone_interfaces/hook/cmake_prefix_path.ps1'
[4.129s] INFO:colcon.colcon_core.shell:Creating environment descriptor '/home/chakrapani/drone_files/IITI_SOC/gcs_ws/install/drone_interfaces/share/drone_interfaces/hook/cmake_prefix_path.dsv'
[4.130s] INFO:colcon.colcon_core.shell:Creating environment hook '/home/chakrapani/drone_files/IITI_SOC/gcs_ws/install/drone_interfaces/share/drone_interfaces/hook/cmake_prefix_path.sh'
[4.133s] Level 1:colcon.colcon_core.environment:checking '/home/chakrapani/drone_files/IITI_SOC/gcs_ws/install/drone_interfaces/lib'
[4.134s] Level 1:colcon.colcon_core.shell:create_environment_hook('drone_interfaces', 'ld_library_path_lib')
[4.137s] INFO:colcon.colcon_core.shell:Creating environment hook '/home/chakrapani/drone_files/IITI_SOC/gcs_ws/install/drone_interfaces/share/drone_interfaces/hook/ld_library_path_lib.ps1'
[4.141s] INFO:colcon.colcon_core.shell:Creating environment descriptor '/home/chakrapani/drone_files/IITI_SOC/gcs_ws/install/drone_interfaces/share/drone_interfaces/hook/ld_library_path_lib.dsv'
[4.145s] INFO:colcon.colcon_core.shell:Creating environment hook '/home/chakrapani/drone_files/IITI_SOC/gcs_ws/install/drone_interfaces/share/drone_interfaces/hook/ld_library_path_lib.sh'
[4.145s] Level 1:colcon.colcon_core.environment:checking '/home/chakrapani/drone_files/IITI_SOC/gcs_ws/install/drone_interfaces/bin'
[4.146s] Level 1:colcon.colcon_core.environment:checking '/home/chakrapani/drone_files/IITI_SOC/gcs_ws/install/drone_interfaces/lib/pkgconfig/drone_interfaces.pc'
[4.146s] Level 1:colcon.colcon_core.environment:checking '/home/chakrapani/drone_files/IITI_SOC/gcs_ws/install/drone_interfaces/lib/python3.10/site-packages'
[4.146s] Level 1:colcon.colcon_core.environment:checking '/home/chakrapani/drone_files/IITI_SOC/gcs_ws/install/drone_interfaces/bin'
[4.147s] INFO:colcon.colcon_core.shell:Creating package script '/home/chakrapani/drone_files/IITI_SOC/gcs_ws/install/drone_interfaces/share/drone_interfaces/package.ps1'
[4.149s] INFO:colcon.colcon_core.shell:Creating package descriptor '/home/chakrapani/drone_files/IITI_SOC/gcs_ws/install/drone_interfaces/share/drone_interfaces/package.dsv'
[4.150s] INFO:colcon.colcon_core.shell:Creating package script '/home/chakrapani/drone_files/IITI_SOC/gcs_ws/install/drone_interfaces/share/drone_interfaces/package.sh'
[4.151s] INFO:colcon.colcon_core.shell:Creating package script '/home/chakrapani/drone_files/IITI_SOC/gcs_ws/install/drone_interfaces/share/drone_interfaces/package.bash'
[4.152s] INFO:colcon.colcon_core.shell:Creating package script '/home/chakrapani/drone_files/IITI_SOC/gcs_ws/install/drone_interfaces/share/drone_interfaces/package.zsh'
[4.154s] Level 1:colcon.colcon_core.environment:create_file_with_runtime_dependencies(/home/chakrapani/drone_files/IITI_SOC/gcs_ws/install/drone_interfaces/share/colcon-core/packages/drone_interfaces)
[4.156s] INFO:colcon.colcon_ros.task.ament_python.build:Building ROS package in '/home/chakrapani/drone_files/IITI_SOC/gcs_ws/src/drone_launch' with build type 'ament_python'
[4.158s] Level 1:colcon.colcon_core.shell:create_environment_hook('drone_launch', 'ament_prefix_path')
[4.158s] INFO:colcon.colcon_core.shell:Creating environment hook '/home/chakrapani/drone_files/IITI_SOC/gcs_ws/install/drone_launch/share/drone_launch/hook/ament_prefix_path.ps1'
[4.161s] INFO:colcon.colcon_core.shell:Creating environment descriptor '/home/chakrapani/drone_files/IITI_SOC/gcs_ws/install/drone_launch/share/drone_launch/hook/ament_prefix_path.dsv'
[4.163s] INFO:colcon.colcon_core.shell:Creating environment hook '/home/chakrapani/drone_files/IITI_SOC/gcs_ws/install/drone_launch/share/drone_launch/hook/ament_prefix_path.sh'
[4.170s] INFO:colcon.colcon_core.shell:Skip shell extension 'powershell' for command environment: Not usable outside of PowerShell
[4.171s] DEBUG:colcon.colcon_core.shell:Skip shell extension 'dsv' for command environment
[4.993s] INFO:colcon.colcon_core.task.python.build:Building Python package in '/home/chakrapani/drone_files/IITI_SOC/gcs_ws/src/drone_launch'
[4.993s] INFO:colcon.colcon_core.shell:Skip shell extension 'powershell' for command environment: Not usable outside of PowerShell
[4.994s] DEBUG:colcon.colcon_core.shell:Skip shell extension 'dsv' for command environment
[5.012s] Level 1:colcon.colcon_core.environment:checking '/home/chakrapani/drone_files/IITI_SOC/gcs_ws/install/mission_utils' for CMake module files
[5.012s] Level 1:colcon.colcon_core.environment:checking '/home/chakrapani/drone_files/IITI_SOC/gcs_ws/install/mission_utils' for CMake config files
[5.013s] DEBUG:colcon.colcon_core.event_handler.log_command:Invoked command in '/home/chakrapani/drone_files/IITI_SOC/gcs_ws/src/mission_utils' returned '0': PYTHONPATH=/home/chakrapani/drone_files/IITI_SOC/gcs_ws/build/mission_utils/prefix_override:/usr/lib/python3/dist-packages/colcon_core/task/python/colcon_distutils_commands:/home/chakrapani/drone_files/IITI_SOC/gcs_ws/install/mission_utils/lib/python3.10/site-packages:${PYTHONPATH} /usr/bin/python3 -W ignore:setup.py install is deprecated -W ignore:easy_install command is deprecated setup.py egg_info --egg-base ../../build/mission_utils build --build-base /home/chakrapani/drone_files/IITI_SOC/gcs_ws/build/mission_utils/build install --record /home/chakrapani/drone_files/IITI_SOC/gcs_ws/build/mission_utils/install.log --single-version-externally-managed install_data
[5.014s] Level 1:colcon.colcon_core.environment:checking '/home/chakrapani/drone_files/IITI_SOC/gcs_ws/install/mission_utils/lib'
[5.014s] Level 1:colcon.colcon_core.environment:checking '/home/chakrapani/drone_files/IITI_SOC/gcs_ws/install/mission_utils/bin'
[5.014s] Level 1:colcon.colcon_core.environment:checking '/home/chakrapani/drone_files/IITI_SOC/gcs_ws/install/mission_utils/lib/pkgconfig/mission_utils.pc'
[5.014s] Level 1:colcon.colcon_core.environment:checking '/home/chakrapani/drone_files/IITI_SOC/gcs_ws/install/mission_utils/lib/python3.10/site-packages'
[5.015s] Level 1:colcon.colcon_core.shell:create_environment_hook('mission_utils', 'pythonpath')
[5.015s] INFO:colcon.colcon_core.shell:Creating environment hook '/home/chakrapani/drone_files/IITI_SOC/gcs_ws/install/mission_utils/share/mission_utils/hook/pythonpath.ps1'
[5.015s] INFO:colcon.colcon_core.shell:Creating environment descriptor '/home/chakrapani/drone_files/IITI_SOC/gcs_ws/install/mission_utils/share/mission_utils/hook/pythonpath.dsv'
[5.016s] INFO:colcon.colcon_core.shell:Creating environment hook '/home/chakrapani/drone_files/IITI_SOC/gcs_ws/install/mission_utils/share/mission_utils/hook/pythonpath.sh'
[5.017s] Level 1:colcon.colcon_core.environment:checking '/home/chakrapani/drone_files/IITI_SOC/gcs_ws/install/mission_utils/bin'
[5.017s] Level 1:colcon.colcon_core.environment:create_environment_scripts_only(mission_utils)
[5.017s] INFO:colcon.colcon_core.shell:Creating package script '/home/chakrapani/drone_files/IITI_SOC/gcs_ws/install/mission_utils/share/mission_utils/package.ps1'
[5.018s] INFO:colcon.colcon_core.shell:Creating package descriptor '/home/chakrapani/drone_files/IITI_SOC/gcs_ws/install/mission_utils/share/mission_utils/package.dsv'
[5.019s] INFO:colcon.colcon_core.shell:Creating package script '/home/chakrapani/drone_files/IITI_SOC/gcs_ws/install/mission_utils/share/mission_utils/package.sh'
[5.020s] INFO:colcon.colcon_core.shell:Creating package script '/home/chakrapani/drone_files/IITI_SOC/gcs_ws/install/mission_utils/share/mission_utils/package.bash'
[5.020s] INFO:colcon.colcon_core.shell:Creating package script '/home/chakrapani/drone_files/IITI_SOC/gcs_ws/install/mission_utils/share/mission_utils/package.zsh'
[5.021s] Level 1:colcon.colcon_core.environment:create_file_with_runtime_dependencies(/home/chakrapani/drone_files/IITI_SOC/gcs_ws/install/mission_utils/share/colcon-core/packages/mission_utils)
[5.022s] INFO:colcon.colcon_ros.task.ament_python.build:Building ROS package in '/home/chakrapani/drone_files/IITI_SOC/gcs_ws/src/drone_1_manager' with build type 'ament_python'
[5.023s] Level 1:colcon.colcon_core.shell:create_environment_hook('drone_1_manager', 'ament_prefix_path')
[5.024s] INFO:colcon.colcon_core.shell:Creating environment hook '/home/chakrapani/drone_files/IITI_SOC/gcs_ws/install/drone_1_manager/share/drone_1_manager/hook/ament_prefix_path.ps1'
[5.025s] INFO:colcon.colcon_core.shell:Creating environment descriptor '/home/chakrapani/drone_files/IITI_SOC/gcs_ws/install/drone_1_manager/share/drone_1_manager/hook/ament_prefix_path.dsv'
[5.027s] INFO:colcon.colcon_core.shell:Creating environment hook '/home/chakrapani/drone_files/IITI_SOC/gcs_ws/install/drone_1_manager/share/drone_1_manager/hook/ament_prefix_path.sh'
[5.031s] INFO:colcon.colcon_core.shell:Skip shell extension 'powershell' for command environment: Not usable outside of PowerShell
[5.031s] DEBUG:colcon.colcon_core.shell:Skip shell extension 'dsv' for command environment
[5.900s] INFO:colcon.colcon_core.task.python.build:Building Python package in '/home/chakrapani/drone_files/IITI_SOC/gcs_ws/src/drone_1_manager'
[5.901s] INFO:colcon.colcon_core.shell:Skip shell extension 'powershell' for command environment: Not usable outside of PowerShell
[5.901s] DEBUG:colcon.colcon_core.shell:Skip shell extension 'dsv' for command environment
[6.618s] DEBUG:colcon.colcon_core.event_handler.log_command:Invoking command in '/home/chakrapani/drone_files/IITI_SOC/gcs_ws/src/drone_launch': PYTHONPATH=/home/chakrapani/drone_files/IITI_SOC/gcs_ws/build/drone_launch/prefix_override:/usr/lib/python3/dist-packages/colcon_core/task/python/colcon_distutils_commands:/home/chakrapani/drone_files/IITI_SOC/gcs_ws/install/drone_launch/lib/python3.10/site-packages:${PYTHONPATH} /usr/bin/python3 -W ignore:setup.py install is deprecated -W ignore:easy_install command is deprecated setup.py egg_info --egg-base ../../build/drone_launch build --build-base /home/chakrapani/drone_files/IITI_SOC/gcs_ws/build/drone_launch/build install --record /home/chakrapani/drone_files/IITI_SOC/gcs_ws/build/drone_launch/install.log --single-version-externally-managed install_data
[7.029s] DEBUG:colcon.colcon_core.event_handler.log_command:Invoking command in '/home/chakrapani/drone_files/IITI_SOC/gcs_ws/src/drone_1_manager': CMAKE_PREFIX_PATH=/home/chakrapani/drone_files/IITI_SOC/gcs_ws/install/drone_interfaces:/home/chakrapani/px4_ros_ws/install/px4_msgs:/home/chakrapani/ros2_px4_offboard_example_ws/install/px4_msgs:/home/chakrapani/octomap_ws/install/rtabmap_msgs:/home/chakrapani/octomap_ws/install/octomap_mapping:/home/chakrapani/octomap_ws/install/octomap_server:/home/chakrapani/octomap_ws/install/octomap_ros:/home/chakrapani/drone_files/drone_repos/install/px4_ros_com:/home/chakrapani/drone_files/drone_repos/install/px4_msgs LD_LIBRARY_PATH=/home/chakrapani/drone_files/IITI_SOC/gcs_ws/install/drone_interfaces/lib:/home/chakrapani/px4_ros_ws/install/px4_msgs/lib:/home/chakrapani/ros2_px4_offboard_example_ws/install/px4_msgs/lib:/home/chakrapani/octomap_ws/install/rtabmap_msgs/lib:/home/chakrapani/octomap_ws/install/octomap_server/lib:/home/chakrapani/octomap_ws/install/octomap_ros/lib:/home/chakrapani/drone_files/drone_repos/install/px4_ros_com/lib:/home/chakrapani/drone_files/drone_repos/install/px4_msgs/lib:/usr/lib/x86_64-linux-gnu/gazebo-11/plugins:/opt/ros/humble/opt/rviz_ogre_vendor/lib:/opt/ros/humble/lib/x86_64-linux-gnu:/opt/ros/humble/lib PYTHONPATH=/home/chakrapani/drone_files/IITI_SOC/gcs_ws/build/drone_1_manager/prefix_override:/usr/lib/python3/dist-packages/colcon_core/task/python/colcon_distutils_commands:/home/chakrapani/drone_files/IITI_SOC/gcs_ws/install/drone_1_manager/lib/python3.10/site-packages:${PYTHONPATH} /usr/bin/python3 -W ignore:setup.py install is deprecated -W ignore:easy_install command is deprecated setup.py egg_info --egg-base ../../build/drone_1_manager build --build-base /home/chakrapani/drone_files/IITI_SOC/gcs_ws/build/drone_1_manager/build install --record /home/chakrapani/drone_files/IITI_SOC/gcs_ws/build/drone_1_manager/install.log --single-version-externally-managed install_data
[8.059s] Level 1:colcon.colcon_core.environment:checking '/home/chakrapani/drone_files/IITI_SOC/gcs_ws/install/drone_1_manager' for CMake module files
[8.061s] DEBUG:colcon.colcon_core.event_handler.log_command:Invoked command in '/home/chakrapani/drone_files/IITI_SOC/gcs_ws/src/drone_1_manager' returned '0': CMAKE_PREFIX_PATH=/home/chakrapani/drone_files/IITI_SOC/gcs_ws/install/drone_interfaces:/home/chakrapani/px4_ros_ws/install/px4_msgs:/home/chakrapani/ros2_px4_offboard_example_ws/install/px4_msgs:/home/chakrapani/octomap_ws/install/rtabmap_msgs:/home/chakrapani/octomap_ws/install/octomap_mapping:/home/chakrapani/octomap_ws/install/octomap_server:/home/chakrapani/octomap_ws/install/octomap_ros:/home/chakrapani/drone_files/drone_repos/install/px4_ros_com:/home/chakrapani/drone_files/drone_repos/install/px4_msgs LD_LIBRARY_PATH=/home/chakrapani/drone_files/IITI_SOC/gcs_ws/install/drone_interfaces/lib:/home/chakrapani/px4_ros_ws/install/px4_msgs/lib:/home/chakrapani/ros2_px4_offboard_example_ws/install/px4_msgs/lib:/home/chakrapani/octomap_ws/install/rtabmap_msgs/lib:/home/chakrapani/octomap_ws/install/octomap_server/lib:/home/chakrapani/octomap_ws/install/octomap_ros/lib:/home/chakrapani/drone_files/drone_repos/install/px4_ros_com/lib:/home/chakrapani/drone_files/drone_repos/install/px4_msgs/lib:/usr/lib/x86_64-linux-gnu/gazebo-11/plugins:/opt/ros/humble/opt/rviz_ogre_vendor/lib:/opt/ros/humble/lib/x86_64-linux-gnu:/opt/ros/humble/lib PYTHONPATH=/home/chakrapani/drone_files/IITI_SOC/gcs_ws/build/drone_1_manager/prefix_override:/usr/lib/python3/dist-packages/colcon_core/task/python/colcon_distutils_commands:/home/chakrapani/drone_files/IITI_SOC/gcs_ws/install/drone_1_manager/lib/python3.10/site-packages:${PYTHONPATH} /usr/bin/python3 -W ignore:setup.py install is deprecated -W ignore:easy_install command is deprecated setup.py egg_info --egg-base ../../build/drone_1_manager build --build-base /home/chakrapani/drone_files/IITI_SOC/gcs_ws/build/drone_1_manager/build install --record /home/chakrapani/drone_files/IITI_SOC/gcs_ws/build/drone_1_manager/install.log --single-version-externally-managed install_data
[8.062s] Level 1:colcon.colcon_core.environment:checking '/home/chakrapani/drone_files/IITI_SOC/gcs_ws/install/drone_1_manager' for CMake config files
[8.063s] Level 1:colcon.colcon_core.environment:checking '/home/chakrapani/drone_files/IITI_SOC/gcs_ws/install/drone_1_manager/lib'
[8.065s] Level 1:colcon.colcon_core.environment:checking '/home/chakrapani/drone_files/IITI_SOC/gcs_ws/install/drone_1_manager/bin'
[8.065s] Level 1:colcon.colcon_core.environment:checking '/home/chakrapani/drone_files/IITI_SOC/gcs_ws/install/drone_1_manager/lib/pkgconfig/drone_1_manager.pc'
[8.066s] Level 1:colcon.colcon_core.environment:checking '/home/chakrapani/drone_files/IITI_SOC/gcs_ws/install/drone_1_manager/lib/python3.10/site-packages'
[8.066s] Level 1:colcon.colcon_core.shell:create_environment_hook('drone_1_manager', 'pythonpath')
[8.066s] INFO:colcon.colcon_core.shell:Creating environment hook '/home/chakrapani/drone_files/IITI_SOC/gcs_ws/install/drone_1_manager/share/drone_1_manager/hook/pythonpath.ps1'
[8.069s] INFO:colcon.colcon_core.shell:Creating environment descriptor '/home/chakrapani/drone_files/IITI_SOC/gcs_ws/install/drone_1_manager/share/drone_1_manager/hook/pythonpath.dsv'
[8.071s] INFO:colcon.colcon_core.shell:Creating environment hook '/home/chakrapani/drone_files/IITI_SOC/gcs_ws/install/drone_1_manager/share/drone_1_manager/hook/pythonpath.sh'
[8.073s] Level 1:colcon.colcon_core.environment:checking '/home/chakrapani/drone_files/IITI_SOC/gcs_ws/install/drone_1_manager/bin'
[8.073s] Level 1:colcon.colcon_core.environment:create_environment_scripts_only(drone_1_manager)
[8.074s] INFO:colcon.colcon_core.shell:Creating package script '/home/chakrapani/drone_files/IITI_SOC/gcs_ws/install/drone_1_manager/share/drone_1_manager/package.ps1'
[8.075s] INFO:colcon.colcon_core.shell:Creating package descriptor '/home/chakrapani/drone_files/IITI_SOC/gcs_ws/install/drone_1_manager/share/drone_1_manager/package.dsv'
[8.077s] INFO:colcon.colcon_core.shell:Creating package script '/home/chakrapani/drone_files/IITI_SOC/gcs_ws/install/drone_1_manager/share/drone_1_manager/package.sh'
[8.081s] INFO:colcon.colcon_core.shell:Creating package script '/home/chakrapani/drone_files/IITI_SOC/gcs_ws/install/drone_1_manager/share/drone_1_manager/package.bash'
[8.086s] INFO:colcon.colcon_core.shell:Creating package script '/home/chakrapani/drone_files/IITI_SOC/gcs_ws/install/drone_1_manager/share/drone_1_manager/package.zsh'
[8.090s] Level 1:colcon.colcon_core.environment:create_file_with_runtime_dependencies(/home/chakrapani/drone_files/IITI_SOC/gcs_ws/install/drone_1_manager/share/colcon-core/packages/drone_1_manager)
[8.091s] INFO:colcon.colcon_ros.task.ament_python.build:Building ROS package in '/home/chakrapani/drone_files/IITI_SOC/gcs_ws/src/drone_2_manager' with build type 'ament_python'
[8.092s] Level 1:colcon.colcon_core.shell:create_environment_hook('drone_2_manager', 'ament_prefix_path')
[8.092s] INFO:colcon.colcon_core.shell:Creating environment hook '/home/chakrapani/drone_files/IITI_SOC/gcs_ws/install/drone_2_manager/share/drone_2_manager/hook/ament_prefix_path.ps1'
[8.094s] INFO:colcon.colcon_core.shell:Creating environment descriptor '/home/chakrapani/drone_files/IITI_SOC/gcs_ws/install/drone_2_manager/share/drone_2_manager/hook/ament_prefix_path.dsv'
[8.096s] INFO:colcon.colcon_core.shell:Creating environment hook '/home/chakrapani/drone_files/IITI_SOC/gcs_ws/install/drone_2_manager/share/drone_2_manager/hook/ament_prefix_path.sh'
[8.097s] INFO:colcon.colcon_core.shell:Skip shell extension 'powershell' for command environment: Not usable outside of PowerShell
[8.097s] DEBUG:colcon.colcon_core.shell:Skip shell extension 'dsv' for command environment
[8.745s] INFO:colcon.colcon_core.task.python.build:Building Python package in '/home/chakrapani/drone_files/IITI_SOC/gcs_ws/src/drone_2_manager'
[8.747s] INFO:colcon.colcon_core.shell:Skip shell extension 'powershell' for command environment: Not usable outside of PowerShell
[8.747s] DEBUG:colcon.colcon_core.shell:Skip shell extension 'dsv' for command environment
[8.767s] Level 1:colcon.colcon_core.environment:checking '/home/chakrapani/drone_files/IITI_SOC/gcs_ws/install/drone_launch' for CMake module files
[8.767s] Level 1:colcon.colcon_core.environment:checking '/home/chakrapani/drone_files/IITI_SOC/gcs_ws/install/drone_launch' for CMake config files
[8.768s] Level 1:colcon.colcon_core.environment:checking '/home/chakrapani/drone_files/IITI_SOC/gcs_ws/install/drone_launch/lib'
[8.769s] Level 1:colcon.colcon_core.environment:checking '/home/chakrapani/drone_files/IITI_SOC/gcs_ws/install/drone_launch/bin'
[8.769s] Level 1:colcon.colcon_core.environment:checking '/home/chakrapani/drone_files/IITI_SOC/gcs_ws/install/drone_launch/lib/pkgconfig/drone_launch.pc'
[8.768s] DEBUG:colcon.colcon_core.event_handler.log_command:Invoked command in '/home/chakrapani/drone_files/IITI_SOC/gcs_ws/src/drone_launch' returned '0': PYTHONPATH=/home/chakrapani/drone_files/IITI_SOC/gcs_ws/build/drone_launch/prefix_override:/usr/lib/python3/dist-packages/colcon_core/task/python/colcon_distutils_commands:/home/chakrapani/drone_files/IITI_SOC/gcs_ws/install/drone_launch/lib/python3.10/site-packages:${PYTHONPATH} /usr/bin/python3 -W ignore:setup.py install is deprecated -W ignore:easy_install command is deprecated setup.py egg_info --egg-base ../../build/drone_launch build --build-base /home/chakrapani/drone_files/IITI_SOC/gcs_ws/build/drone_launch/build install --record /home/chakrapani/drone_files/IITI_SOC/gcs_ws/build/drone_launch/install.log --single-version-externally-managed install_data
[8.769s] Level 1:colcon.colcon_core.environment:checking '/home/chakrapani/drone_files/IITI_SOC/gcs_ws/install/drone_launch/lib/python3.10/site-packages'
[8.769s] Level 1:colcon.colcon_core.shell:create_environment_hook('drone_launch', 'pythonpath')
[8.770s] INFO:colcon.colcon_core.shell:Creating environment hook '/home/chakrapani/drone_files/IITI_SOC/gcs_ws/install/drone_launch/share/drone_launch/hook/pythonpath.ps1'
[8.770s] INFO:colcon.colcon_core.shell:Creating environment descriptor '/home/chakrapani/drone_files/IITI_SOC/gcs_ws/install/drone_launch/share/drone_launch/hook/pythonpath.dsv'
[8.771s] INFO:colcon.colcon_core.shell:Creating environment hook '/home/chakrapani/drone_files/IITI_SOC/gcs_ws/install/drone_launch/share/drone_launch/hook/pythonpath.sh'
[8.772s] Level 1:colcon.colcon_core.environment:checking '/home/chakrapani/drone_files/IITI_SOC/gcs_ws/install/drone_launch/bin'
[8.772s] Level 1:colcon.colcon_core.environment:create_environment_scripts_only(drone_launch)
[8.773s] INFO:colcon.colcon_core.shell:Creating package script '/home/chakrapani/drone_files/IITI_SOC/gcs_ws/install/drone_launch/share/drone_launch/package.ps1'
[8.774s] INFO:colcon.colcon_core.shell:Creating package descriptor '/home/chakrapani/drone_files/IITI_SOC/gcs_ws/install/drone_launch/share/drone_launch/package.dsv'
[8.775s] INFO:colcon.colcon_core.shell:Creating package script '/home/chakrapani/drone_files/IITI_SOC/gcs_ws/install/drone_launch/share/drone_launch/package.sh'
[8.776s] INFO:colcon.colcon_core.shell:Creating package script '/home/chakrapani/drone_files/IITI_SOC/gcs_ws/install/drone_launch/share/drone_launch/package.bash'
[8.777s] INFO:colcon.colcon_core.shell:Creating package script '/home/chakrapani/drone_files/IITI_SOC/gcs_ws/install/drone_launch/share/drone_launch/package.zsh'
[8.778s] Level 1:colcon.colcon_core.environment:create_file_with_runtime_dependencies(/home/chakrapani/drone_files/IITI_SOC/gcs_ws/install/drone_launch/share/colcon-core/packages/drone_launch)
[8.781s] INFO:colcon.colcon_ros.task.ament_python.build:Building ROS package in '/home/chakrapani/drone_files/IITI_SOC/gcs_ws/src/gcs_controller' with build type 'ament_python'
[8.782s] Level 1:colcon.colcon_core.shell:create_environment_hook('gcs_controller', 'ament_prefix_path')
[8.783s] INFO:colcon.colcon_core.shell:Creating environment hook '/home/chakrapani/drone_files/IITI_SOC/gcs_ws/install/gcs_controller/share/gcs_controller/hook/ament_prefix_path.ps1'
[8.785s] INFO:colcon.colcon_core.shell:Creating environment descriptor '/home/chakrapani/drone_files/IITI_SOC/gcs_ws/install/gcs_controller/share/gcs_controller/hook/ament_prefix_path.dsv'
[8.789s] INFO:colcon.colcon_core.shell:Creating environment hook '/home/chakrapani/drone_files/IITI_SOC/gcs_ws/install/gcs_controller/share/gcs_controller/hook/ament_prefix_path.sh'
[8.791s] INFO:colcon.colcon_core.shell:Skip shell extension 'powershell' for command environment: Not usable outside of PowerShell
[8.791s] DEBUG:colcon.colcon_core.shell:Skip shell extension 'dsv' for command environment
[9.836s] INFO:colcon.colcon_core.task.python.build:Building Python package in '/home/chakrapani/drone_files/IITI_SOC/gcs_ws/src/gcs_controller'
[9.836s] INFO:colcon.colcon_core.shell:Skip shell extension 'powershell' for command environment: Not usable outside of PowerShell
[9.836s] DEBUG:colcon.colcon_core.shell:Skip shell extension 'dsv' for command environment
[10.245s] DEBUG:colcon.colcon_core.event_handler.log_command:Invoking command in '/home/chakrapani/drone_files/IITI_SOC/gcs_ws/src/drone_2_manager': CMAKE_PREFIX_PATH=/home/chakrapani/drone_files/IITI_SOC/gcs_ws/install/drone_interfaces:/home/chakrapani/px4_ros_ws/install/px4_msgs:/home/chakrapani/ros2_px4_offboard_example_ws/install/px4_msgs:/home/chakrapani/octomap_ws/install/rtabmap_msgs:/home/chakrapani/octomap_ws/install/octomap_mapping:/home/chakrapani/octomap_ws/install/octomap_server:/home/chakrapani/octomap_ws/install/octomap_ros:/home/chakrapani/drone_files/drone_repos/install/px4_ros_com:/home/chakrapani/drone_files/drone_repos/install/px4_msgs LD_LIBRARY_PATH=/home/chakrapani/drone_files/IITI_SOC/gcs_ws/install/drone_interfaces/lib:/home/chakrapani/px4_ros_ws/install/px4_msgs/lib:/home/chakrapani/ros2_px4_offboard_example_ws/install/px4_msgs/lib:/home/chakrapani/octomap_ws/install/rtabmap_msgs/lib:/home/chakrapani/octomap_ws/install/octomap_server/lib:/home/chakrapani/octomap_ws/install/octomap_ros/lib:/home/chakrapani/drone_files/drone_repos/install/px4_ros_com/lib:/home/chakrapani/drone_files/drone_repos/install/px4_msgs/lib:/usr/lib/x86_64-linux-gnu/gazebo-11/plugins:/opt/ros/humble/opt/rviz_ogre_vendor/lib:/opt/ros/humble/lib/x86_64-linux-gnu:/opt/ros/humble/lib PYTHONPATH=/home/chakrapani/drone_files/IITI_SOC/gcs_ws/build/drone_2_manager/prefix_override:/usr/lib/python3/dist-packages/colcon_core/task/python/colcon_distutils_commands:/home/chakrapani/drone_files/IITI_SOC/gcs_ws/install/drone_2_manager/lib/python3.10/site-packages:${PYTHONPATH} /usr/bin/python3 -W ignore:setup.py install is deprecated -W ignore:easy_install command is deprecated setup.py egg_info --egg-base ../../build/drone_2_manager build --build-base /home/chakrapani/drone_files/IITI_SOC/gcs_ws/build/drone_2_manager/build install --record /home/chakrapani/drone_files/IITI_SOC/gcs_ws/build/drone_2_manager/install.log --single-version-externally-managed install_data
[10.936s] DEBUG:colcon.colcon_core.event_handler.log_command:Invoking command in '/home/chakrapani/drone_files/IITI_SOC/gcs_ws/src/gcs_controller': AMENT_PREFIX_PATH=/home/chakrapani/drone_files/IITI_SOC/gcs_ws/install/mission_utils:/home/chakrapani/px4_ros_ws/install/px4_offboard:/home/chakrapani/px4_ros_ws/install/px4_gps:/home/chakrapani/px4_ros_ws/install/px4_msgs:/home/chakrapani/ros2_px4_offboard_example_ws/install/px4_offboard:/home/chakrapani/ros2_px4_offboard_example_ws/install/px4_msgs:/home/chakrapani/octomap_ws/install/rtabmap_msgs:/home/chakrapani/octomap_ws/install/px4_odometry_converter:/home/chakrapani/octomap_ws/install/px4_localization:/home/chakrapani/octomap_ws/install/octomap_mapping:/home/chakrapani/octomap_ws/install/octomap_server:/home/chakrapani/octomap_ws/install/octomap_ros:/home/chakrapani/drone_files/drone_repos/install/px4_ros_com:/home/chakrapani/drone_files/drone_repos/install/px4_msgs:/home/chakrapani/drone_files/IITI_SOC/gcs_ws/install/gcs_controller:/home/chakrapani/drone_files/IITI_SOC/gcs_ws/install/drone_launch:/home/chakrapani/drone_files/IITI_SOC/gcs_ws/install/drone_2_manager:/home/chakrapani/drone_files/IITI_SOC/gcs_ws/install/drone_1_manager:/home/chakrapani/drone_files/IITI_SOC/gcs_ws/install/drone_interfaces:/opt/ros/humble CMAKE_PREFIX_PATH=/home/chakrapani/drone_files/IITI_SOC/gcs_ws/install/drone_interfaces:/home/chakrapani/px4_ros_ws/install/px4_msgs:/home/chakrapani/ros2_px4_offboard_example_ws/install/px4_msgs:/home/chakrapani/octomap_ws/install/rtabmap_msgs:/home/chakrapani/octomap_ws/install/octomap_mapping:/home/chakrapani/octomap_ws/install/octomap_server:/home/chakrapani/octomap_ws/install/octomap_ros:/home/chakrapani/drone_files/drone_repos/install/px4_ros_com:/home/chakrapani/drone_files/drone_repos/install/px4_msgs LD_LIBRARY_PATH=/home/chakrapani/drone_files/IITI_SOC/gcs_ws/install/drone_interfaces/lib:/home/chakrapani/px4_ros_ws/install/px4_msgs/lib:/home/chakrapani/ros2_px4_offboard_example_ws/install/px4_msgs/lib:/home/chakrapani/octomap_ws/install/rtabmap_msgs/lib:/home/chakrapani/octomap_ws/install/octomap_server/lib:/home/chakrapani/octomap_ws/install/octomap_ros/lib:/home/chakrapani/drone_files/drone_repos/install/px4_ros_com/lib:/home/chakrapani/drone_files/drone_repos/install/px4_msgs/lib:/usr/lib/x86_64-linux-gnu/gazebo-11/plugins:/opt/ros/humble/opt/rviz_ogre_vendor/lib:/opt/ros/humble/lib/x86_64-linux-gnu:/opt/ros/humble/lib PYTHONPATH=/home/chakrapani/drone_files/IITI_SOC/gcs_ws/build/gcs_controller/prefix_override:/usr/lib/python3/dist-packages/colcon_core/task/python/colcon_distutils_commands:/home/chakrapani/drone_files/IITI_SOC/gcs_ws/install/gcs_controller/lib/python3.10/site-packages:/home/chakrapani/drone_files/IITI_SOC/gcs_ws/install/mission_utils/lib/python3.10/site-packages:/home/chakrapani/px4_ros_ws/install/px4_offboard/lib/python3.10/site-packages:/home/chakrapani/px4_ros_ws/install/px4_gps/lib/python3.10/site-packages:/home/chakrapani/px4_ros_ws/install/px4_msgs/local/lib/python3.10/dist-packages:/home/chakrapani/ros2_px4_offboard_example_ws/install/px4_offboard/lib/python3.10/site-packages:/home/chakrapani/ros2_px4_offboard_example_ws/install/px4_msgs/local/lib/python3.10/dist-packages:/home/chakrapani/octomap_ws/install/rtabmap_msgs/local/lib/python3.10/dist-packages:/home/chakrapani/octomap_ws/install/px4_odometry_converter/lib/python3.10/site-packages:/home/chakrapani/octomap_ws/install/px4_localization/lib/python3.10/site-packages:/home/chakrapani/drone_files/drone_repos/install/px4_ros_com/local/lib/python3.10/dist-packages:/home/chakrapani/drone_files/drone_repos/install/px4_msgs/local/lib/python3.10/dist-packages:/home/chakrapani/drone_files/IITI_SOC/gcs_ws/install/gcs_controller/lib/python3.10/site-packages:/home/chakrapani/drone_files/IITI_SOC/gcs_ws/install/drone_launch/lib/python3.10/site-packages:/home/chakrapani/drone_files/IITI_SOC/gcs_ws/install/drone_2_manager/lib/python3.10/site-packages:/home/chakrapani/drone_files/IITI_SOC/gcs_ws/install/drone_1_manager/lib/python3.10/site-packages:/home/chakrapani/drone_files/IITI_SOC/gcs_ws/install/drone_interfaces/local/lib/python3.10/dist-packages:/opt/ros/humble/lib/python3.10/site-packages:/opt/ros/humble/local/lib/python3.10/dist-packages /usr/bin/python3 -W ignore:setup.py install is deprecated -W ignore:easy_install command is deprecated setup.py egg_info --egg-base ../../build/gcs_controller build --build-base /home/chakrapani/drone_files/IITI_SOC/gcs_ws/build/gcs_controller/build install --record /home/chakrapani/drone_files/IITI_SOC/gcs_ws/build/gcs_controller/install.log --single-version-externally-managed install_data
[11.895s] Level 1:colcon.colcon_core.environment:checking '/home/chakrapani/drone_files/IITI_SOC/gcs_ws/install/drone_2_manager' for CMake module files
[11.895s] DEBUG:colcon.colcon_core.event_handler.log_command:Invoked command in '/home/chakrapani/drone_files/IITI_SOC/gcs_ws/src/drone_2_manager' returned '0': CMAKE_PREFIX_PATH=/home/chakrapani/drone_files/IITI_SOC/gcs_ws/install/drone_interfaces:/home/chakrapani/px4_ros_ws/install/px4_msgs:/home/chakrapani/ros2_px4_offboard_example_ws/install/px4_msgs:/home/chakrapani/octomap_ws/install/rtabmap_msgs:/home/chakrapani/octomap_ws/install/octomap_mapping:/home/chakrapani/octomap_ws/install/octomap_server:/home/chakrapani/octomap_ws/install/octomap_ros:/home/chakrapani/drone_files/drone_repos/install/px4_ros_com:/home/chakrapani/drone_files/drone_repos/install/px4_msgs LD_LIBRARY_PATH=/home/chakrapani/drone_files/IITI_SOC/gcs_ws/install/drone_interfaces/lib:/home/chakrapani/px4_ros_ws/install/px4_msgs/lib:/home/chakrapani/ros2_px4_offboard_example_ws/install/px4_msgs/lib:/home/chakrapani/octomap_ws/install/rtabmap_msgs/lib:/home/chakrapani/octomap_ws/install/octomap_server/lib:/home/chakrapani/octomap_ws/install/octomap_ros/lib:/home/chakrapani/drone_files/drone_repos/install/px4_ros_com/lib:/home/chakrapani/drone_files/drone_repos/install/px4_msgs/lib:/usr/lib/x86_64-linux-gnu/gazebo-11/plugins:/opt/ros/humble/opt/rviz_ogre_vendor/lib:/opt/ros/humble/lib/x86_64-linux-gnu:/opt/ros/humble/lib PYTHONPATH=/home/chakrapani/drone_files/IITI_SOC/gcs_ws/build/drone_2_manager/prefix_override:/usr/lib/python3/dist-packages/colcon_core/task/python/colcon_distutils_commands:/home/chakrapani/drone_files/IITI_SOC/gcs_ws/install/drone_2_manager/lib/python3.10/site-packages:${PYTHONPATH} /usr/bin/python3 -W ignore:setup.py install is deprecated -W ignore:easy_install command is deprecated setup.py egg_info --egg-base ../../build/drone_2_manager build --build-base /home/chakrapani/drone_files/IITI_SOC/gcs_ws/build/drone_2_manager/build install --record /home/chakrapani/drone_files/IITI_SOC/gcs_ws/build/drone_2_manager/install.log --single-version-externally-managed install_data
[11.896s] Level 1:colcon.colcon_core.environment:checking '/home/chakrapani/drone_files/IITI_SOC/gcs_ws/install/drone_2_manager' for CMake config files
[11.896s] Level 1:colcon.colcon_core.environment:checking '/home/chakrapani/drone_files/IITI_SOC/gcs_ws/install/drone_2_manager/lib'
[11.897s] Level 1:colcon.colcon_core.environment:checking '/home/chakrapani/drone_files/IITI_SOC/gcs_ws/install/drone_2_manager/bin'
[11.897s] Level 1:colcon.colcon_core.environment:checking '/home/chakrapani/drone_files/IITI_SOC/gcs_ws/install/drone_2_manager/lib/pkgconfig/drone_2_manager.pc'
[11.897s] Level 1:colcon.colcon_core.environment:checking '/home/chakrapani/drone_files/IITI_SOC/gcs_ws/install/drone_2_manager/lib/python3.10/site-packages'
[11.898s] Level 1:colcon.colcon_core.shell:create_environment_hook('drone_2_manager', 'pythonpath')
[11.898s] INFO:colcon.colcon_core.shell:Creating environment hook '/home/chakrapani/drone_files/IITI_SOC/gcs_ws/install/drone_2_manager/share/drone_2_manager/hook/pythonpath.ps1'
[11.901s] INFO:colcon.colcon_core.shell:Creating environment descriptor '/home/chakrapani/drone_files/IITI_SOC/gcs_ws/install/drone_2_manager/share/drone_2_manager/hook/pythonpath.dsv'
[11.912s] INFO:colcon.colcon_core.shell:Creating environment hook '/home/chakrapani/drone_files/IITI_SOC/gcs_ws/install/drone_2_manager/share/drone_2_manager/hook/pythonpath.sh'
[11.915s] Level 1:colcon.colcon_core.environment:checking '/home/chakrapani/drone_files/IITI_SOC/gcs_ws/install/drone_2_manager/bin'
[11.915s] Level 1:colcon.colcon_core.environment:create_environment_scripts_only(drone_2_manager)
[11.916s] INFO:colcon.colcon_core.shell:Creating package script '/home/chakrapani/drone_files/IITI_SOC/gcs_ws/install/drone_2_manager/share/drone_2_manager/package.ps1'
[11.917s] INFO:colcon.colcon_core.shell:Creating package descriptor '/home/chakrapani/drone_files/IITI_SOC/gcs_ws/install/drone_2_manager/share/drone_2_manager/package.dsv'
[11.920s] INFO:colcon.colcon_core.shell:Creating package script '/home/chakrapani/drone_files/IITI_SOC/gcs_ws/install/drone_2_manager/share/drone_2_manager/package.sh'
[11.921s] INFO:colcon.colcon_core.shell:Creating package script '/home/chakrapani/drone_files/IITI_SOC/gcs_ws/install/drone_2_manager/share/drone_2_manager/package.bash'
[11.922s] INFO:colcon.colcon_core.shell:Creating package script '/home/chakrapani/drone_files/IITI_SOC/gcs_ws/install/drone_2_manager/share/drone_2_manager/package.zsh'
[11.922s] Level 1:colcon.colcon_core.environment:create_file_with_runtime_dependencies(/home/chakrapani/drone_files/IITI_SOC/gcs_ws/install/drone_2_manager/share/colcon-core/packages/drone_2_manager)
[12.057s] Level 1:colcon.colcon_core.environment:checking '/home/chakrapani/drone_files/IITI_SOC/gcs_ws/install/gcs_controller' for CMake module files
[12.058s] DEBUG:colcon.colcon_core.event_handler.log_command:Invoked command in '/home/chakrapani/drone_files/IITI_SOC/gcs_ws/src/gcs_controller' returned '0': AMENT_PREFIX_PATH=/home/chakrapani/drone_files/IITI_SOC/gcs_ws/install/mission_utils:/home/chakrapani/px4_ros_ws/install/px4_offboard:/home/chakrapani/px4_ros_ws/install/px4_gps:/home/chakrapani/px4_ros_ws/install/px4_msgs:/home/chakrapani/ros2_px4_offboard_example_ws/install/px4_offboard:/home/chakrapani/ros2_px4_offboard_example_ws/install/px4_msgs:/home/chakrapani/octomap_ws/install/rtabmap_msgs:/home/chakrapani/octomap_ws/install/px4_odometry_converter:/home/chakrapani/octomap_ws/install/px4_localization:/home/chakrapani/octomap_ws/install/octomap_mapping:/home/chakrapani/octomap_ws/install/octomap_server:/home/chakrapani/octomap_ws/install/octomap_ros:/home/chakrapani/drone_files/drone_repos/install/px4_ros_com:/home/chakrapani/drone_files/drone_repos/install/px4_msgs:/home/chakrapani/drone_files/IITI_SOC/gcs_ws/install/gcs_controller:/home/chakrapani/drone_files/IITI_SOC/gcs_ws/install/drone_launch:/home/chakrapani/drone_files/IITI_SOC/gcs_ws/install/drone_2_manager:/home/chakrapani/drone_files/IITI_SOC/gcs_ws/install/drone_1_manager:/home/chakrapani/drone_files/IITI_SOC/gcs_ws/install/drone_interfaces:/opt/ros/humble CMAKE_PREFIX_PATH=/home/chakrapani/drone_files/IITI_SOC/gcs_ws/install/drone_interfaces:/home/chakrapani/px4_ros_ws/install/px4_msgs:/home/chakrapani/ros2_px4_offboard_example_ws/install/px4_msgs:/home/chakrapani/octomap_ws/install/rtabmap_msgs:/home/chakrapani/octomap_ws/install/octomap_mapping:/home/chakrapani/octomap_ws/install/octomap_server:/home/chakrapani/octomap_ws/install/octomap_ros:/home/chakrapani/drone_files/drone_repos/install/px4_ros_com:/home/chakrapani/drone_files/drone_repos/install/px4_msgs LD_LIBRARY_PATH=/home/chakrapani/drone_files/IITI_SOC/gcs_ws/install/drone_interfaces/lib:/home/chakrapani/px4_ros_ws/install/px4_msgs/lib:/home/chakrapani/ros2_px4_offboard_example_ws/install/px4_msgs/lib:/home/chakrapani/octomap_ws/install/rtabmap_msgs/lib:/home/chakrapani/octomap_ws/install/octomap_server/lib:/home/chakrapani/octomap_ws/install/octomap_ros/lib:/home/chakrapani/drone_files/drone_repos/install/px4_ros_com/lib:/home/chakrapani/drone_files/drone_repos/install/px4_msgs/lib:/usr/lib/x86_64-linux-gnu/gazebo-11/plugins:/opt/ros/humble/opt/rviz_ogre_vendor/lib:/opt/ros/humble/lib/x86_64-linux-gnu:/opt/ros/humble/lib PYTHONPATH=/home/chakrapani/drone_files/IITI_SOC/gcs_ws/build/gcs_controller/prefix_override:/usr/lib/python3/dist-packages/colcon_core/task/python/colcon_distutils_commands:/home/chakrapani/drone_files/IITI_SOC/gcs_ws/install/gcs_controller/lib/python3.10/site-packages:/home/chakrapani/drone_files/IITI_SOC/gcs_ws/install/mission_utils/lib/python3.10/site-packages:/home/chakrapani/px4_ros_ws/install/px4_offboard/lib/python3.10/site-packages:/home/chakrapani/px4_ros_ws/install/px4_gps/lib/python3.10/site-packages:/home/chakrapani/px4_ros_ws/install/px4_msgs/local/lib/python3.10/dist-packages:/home/chakrapani/ros2_px4_offboard_example_ws/install/px4_offboard/lib/python3.10/site-packages:/home/chakrapani/ros2_px4_offboard_example_ws/install/px4_msgs/local/lib/python3.10/dist-packages:/home/chakrapani/octomap_ws/install/rtabmap_msgs/local/lib/python3.10/dist-packages:/home/chakrapani/octomap_ws/install/px4_odometry_converter/lib/python3.10/site-packages:/home/chakrapani/octomap_ws/install/px4_localization/lib/python3.10/site-packages:/home/chakrapani/drone_files/drone_repos/install/px4_ros_com/local/lib/python3.10/dist-packages:/home/chakrapani/drone_files/drone_repos/install/px4_msgs/local/lib/python3.10/dist-packages:/home/chakrapani/drone_files/IITI_SOC/gcs_ws/install/gcs_controller/lib/python3.10/site-packages:/home/chakrapani/drone_files/IITI_SOC/gcs_ws/install/drone_launch/lib/python3.10/site-packages:/home/chakrapani/drone_files/IITI_SOC/gcs_ws/install/drone_2_manager/lib/python3.10/site-packages:/home/chakrapani/drone_files/IITI_SOC/gcs_ws/install/drone_1_manager/lib/python3.10/site-packages:/home/chakrapani/drone_files/IITI_SOC/gcs_ws/install/drone_interfaces/local/lib/python3.10/dist-packages:/opt/ros/humble/lib/python3.10/site-packages:/opt/ros/humble/local/lib/python3.10/dist-packages /usr/bin/python3 -W ignore:setup.py install is deprecated -W ignore:easy_install command is deprecated setup.py egg_info --egg-base ../../build/gcs_controller build --build-base /home/chakrapani/drone_files/IITI_SOC/gcs_ws/build/gcs_controller/build install --record /home/chakrapani/drone_files/IITI_SOC/gcs_ws/build/gcs_controller/install.log --single-version-externally-managed install_data
[12.059s] Level 1:colcon.colcon_core.environment:checking '/home/chakrapani/drone_files/IITI_SOC/gcs_ws/install/gcs_controller' for CMake config files
[12.059s] Level 1:colcon.colcon_core.environment:checking '/home/chakrapani/drone_files/IITI_SOC/gcs_ws/install/gcs_controller/lib'
[12.060s] Level 1:colcon.colcon_core.environment:checking '/home/chakrapani/drone_files/IITI_SOC/gcs_ws/install/gcs_controller/bin'
[12.060s] Level 1:colcon.colcon_core.environment:checking '/home/chakrapani/drone_files/IITI_SOC/gcs_ws/install/gcs_controller/lib/pkgconfig/gcs_controller.pc'
[12.060s] Level 1:colcon.colcon_core.environment:checking '/home/chakrapani/drone_files/IITI_SOC/gcs_ws/install/gcs_controller/lib/python3.10/site-packages'
[12.060s] Level 1:colcon.colcon_core.shell:create_environment_hook('gcs_controller', 'pythonpath')
[12.060s] INFO:colcon.colcon_core.shell:Creating environment hook '/home/chakrapani/drone_files/IITI_SOC/gcs_ws/install/gcs_controller/share/gcs_controller/hook/pythonpath.ps1'
[12.061s] INFO:colcon.colcon_core.shell:Creating environment descriptor '/home/chakrapani/drone_files/IITI_SOC/gcs_ws/install/gcs_controller/share/gcs_controller/hook/pythonpath.dsv'
[12.062s] INFO:colcon.colcon_core.shell:Creating environment hook '/home/chakrapani/drone_files/IITI_SOC/gcs_ws/install/gcs_controller/share/gcs_controller/hook/pythonpath.sh'
[12.064s] Level 1:colcon.colcon_core.environment:checking '/home/chakrapani/drone_files/IITI_SOC/gcs_ws/install/gcs_controller/bin'
[12.064s] Level 1:colcon.colcon_core.environment:create_environment_scripts_only(gcs_controller)
[12.064s] INFO:colcon.colcon_core.shell:Creating package script '/home/chakrapani/drone_files/IITI_SOC/gcs_ws/install/gcs_controller/share/gcs_controller/package.ps1'
[12.066s] INFO:colcon.colcon_core.shell:Creating package descriptor '/home/chakrapani/drone_files/IITI_SOC/gcs_ws/install/gcs_controller/share/gcs_controller/package.dsv'
[12.072s] INFO:colcon.colcon_core.shell:Creating package script '/home/chakrapani/drone_files/IITI_SOC/gcs_ws/install/gcs_controller/share/gcs_controller/package.sh'
[12.081s] INFO:colcon.colcon_core.shell:Creating package script '/home/chakrapani/drone_files/IITI_SOC/gcs_ws/install/gcs_controller/share/gcs_controller/package.bash'
[12.081s] INFO:colcon.colcon_core.shell:Creating package script '/home/chakrapani/drone_files/IITI_SOC/gcs_ws/install/gcs_controller/share/gcs_controller/package.zsh'
[12.082s] Level 1:colcon.colcon_core.environment:create_file_with_runtime_dependencies(/home/chakrapani/drone_files/IITI_SOC/gcs_ws/install/gcs_controller/share/colcon-core/packages/gcs_controller)
[12.082s] DEBUG:colcon.colcon_parallel_executor.executor.parallel:closing loop
[12.083s] DEBUG:colcon.colcon_parallel_executor.executor.parallel:loop closed
[12.083s] DEBUG:colcon.colcon_parallel_executor.executor.parallel:run_until_complete finished with '0'
[12.083s] DEBUG:colcon.colcon_core.event_reactor:joining thread
[12.092s] INFO:colcon.colcon_core.plugin_system:Skipping extension 'colcon_notification.desktop_notification.terminal_notifier': Not used on non-Darwin systems
[12.093s] INFO:colcon.colcon_core.plugin_system:Skipping extension 'colcon_notification.desktop_notification.win32': Not used on non-Windows systems
[12.093s] INFO:colcon.colcon_notification.desktop_notification:Sending desktop notification using 'notify2'
[12.148s] DEBUG:colcon.colcon_core.event_reactor:joined thread
[12.153s] INFO:colcon.colcon_core.shell:Creating prefix script '/home/chakrapani/drone_files/IITI_SOC/gcs_ws/install/local_setup.ps1'
[12.164s] INFO:colcon.colcon_core.shell:Creating prefix util module '/home/chakrapani/drone_files/IITI_SOC/gcs_ws/install/_local_setup_util_ps1.py'
[12.167s] INFO:colcon.colcon_core.shell:Creating prefix chain script '/home/chakrapani/drone_files/IITI_SOC/gcs_ws/install/setup.ps1'
[12.173s] INFO:colcon.colcon_core.shell:Creating prefix script '/home/chakrapani/drone_files/IITI_SOC/gcs_ws/install/local_setup.sh'
[12.174s] INFO:colcon.colcon_core.shell:Creating prefix util module '/home/chakrapani/drone_files/IITI_SOC/gcs_ws/install/_local_setup_util_sh.py'
[12.176s] INFO:colcon.colcon_core.shell:Creating prefix chain script '/home/chakrapani/drone_files/IITI_SOC/gcs_ws/install/setup.sh'
[12.188s] INFO:colcon.colcon_core.shell:Creating prefix script '/home/chakrapani/drone_files/IITI_SOC/gcs_ws/install/local_setup.bash'
[12.191s] INFO:colcon.colcon_core.shell:Creating prefix chain script '/home/chakrapani/drone_files/IITI_SOC/gcs_ws/install/setup.bash'
[12.194s] INFO:colcon.colcon_core.shell:Creating prefix script '/home/chakrapani/drone_files/IITI_SOC/gcs_ws/install/local_setup.zsh'
[12.195s] INFO:colcon.colcon_core.shell:Creating prefix chain script '/home/chakrapani/drone_files/IITI_SOC/gcs_ws/install/setup.zsh'
