[0.814s] Invoking command in '/home/bhav/IITISoC-25-IVR09/gcs_ws/src/mission_utils': PYTHONPATH=/home/bhav/IITISoC-25-IVR09/gcs_ws/build/mission_utils/prefix_override:/home/bhav/.local/lib/python3.10/site-packages/colcon_core/task/python/colcon_distutils_commands:/home/bhav/IITISoC-25-IVR09/gcs_ws/install/mission_utils/lib/python3.10/site-packages:${PYTHONPATH} /usr/bin/python3 -W ignore:setup.py install is deprecated -W ignore:easy_install command is deprecated setup.py egg_info --egg-base ../../build/mission_utils build --build-base /home/bhav/IITISoC-25-IVR09/gcs_ws/build/mission_utils/build install --record /home/bhav/IITISoC-25-IVR09/gcs_ws/build/mission_utils/install.log --single-version-externally-managed install_data
[0.971s] running egg_info
[0.972s] writing ../../build/mission_utils/mission_utils.egg-info/PKG-INFO
[0.972s] writing dependency_links to ../../build/mission_utils/mission_utils.egg-info/dependency_links.txt
[0.972s] writing entry points to ../../build/mission_utils/mission_utils.egg-info/entry_points.txt
[0.972s] writing requirements to ../../build/mission_utils/mission_utils.egg-info/requires.txt
[0.972s] writing top-level names to ../../build/mission_utils/mission_utils.egg-info/top_level.txt
[0.973s] reading manifest file '../../build/mission_utils/mission_utils.egg-info/SOURCES.txt'
[0.974s] writing manifest file '../../build/mission_utils/mission_utils.egg-info/SOURCES.txt'
[0.974s] running build
[0.974s] running build_py
[0.974s] running install
[0.974s] running install_lib
[0.975s] running install_data
[0.975s] running install_egg_info
[0.976s] removing '/home/bhav/IITISoC-25-IVR09/gcs_ws/install/mission_utils/lib/python3.10/site-packages/mission_utils-0.0.0-py3.10.egg-info' (and everything under it)
[0.977s] Copying ../../build/mission_utils/mission_utils.egg-info to /home/bhav/IITISoC-25-IVR09/gcs_ws/install/mission_utils/lib/python3.10/site-packages/mission_utils-0.0.0-py3.10.egg-info
[0.977s] running install_scripts
[0.992s] Installing geotags_dataset script to /home/bhav/IITISoC-25-IVR09/gcs_ws/install/mission_utils/lib/mission_utils
[0.992s] Installing geotags_visited_updater script to /home/bhav/IITISoC-25-IVR09/gcs_ws/install/mission_utils/lib/mission_utils
[0.992s] Installing surveillance_monitor_node script to /home/bhav/IITISoC-25-IVR09/gcs_ws/install/mission_utils/lib/mission_utils
[0.992s] Installing waypoints_dataset script to /home/bhav/IITISoC-25-IVR09/gcs_ws/install/mission_utils/lib/mission_utils
[0.993s] writing list of installed files to '/home/bhav/IITISoC-25-IVR09/gcs_ws/build/mission_utils/install.log'
