[0.085s] Invoking command in '/home/chakrapani/drone_files/IITI_SOC/gcs_ws/build/drone_interfaces': CMAKE_PREFIX_PATH=${CMAKE_PREFIX_PATH}:/home/chakrapani/drone_files/IITI_SOC/gcs_ws/install/gcs_controller:/home/chakrapani/drone_files/IITI_SOC/gcs_ws/install/mission_utils:/home/chakrapani/drone_files/IITI_SOC/gcs_ws/install/drone_launch:/home/chakrapani/drone_files/IITI_SOC/gcs_ws/install/drone_2_manager:/home/chakrapani/drone_files/IITI_SOC/gcs_ws/install/drone_1_manager:/opt/ros/humble /usr/bin/cmake --build /home/chakrapani/drone_files/IITI_SOC/gcs_ws/build/drone_interfaces -- -j2 -l2
[0.324s] [  0%] Built target drone_interfaces__cpp
[0.417s] [ 12%] Built target drone_interfaces__rosidl_generator_c
[0.564s] [ 12%] Built target ament_cmake_python_copy_drone_interfaces
[0.628s] [ 24%] Built target drone_interfaces__rosidl_typesupport_cpp
[0.691s] [ 36%] Built target drone_interfaces__rosidl_typesupport_fastrtps_c
[0.781s] [ 48%] Built target drone_interfaces__rosidl_typesupport_introspection_c
[0.862s] [ 60%] Built target drone_interfaces__rosidl_typesupport_c
[0.961s] [ 71%] Built target drone_interfaces__rosidl_typesupport_fastrtps_cpp
[1.034s] [ 83%] Built target drone_interfaces__rosidl_typesupport_introspection_cpp
[2.614s] running egg_info
[2.615s] writing drone_interfaces.egg-info/PKG-INFO
[2.619s] writing dependency_links to drone_interfaces.egg-info/dependency_links.txt
[2.621s] writing top-level names to drone_interfaces.egg-info/top_level.txt
[2.646s] reading manifest file 'drone_interfaces.egg-info/SOURCES.txt'
[2.651s] writing manifest file 'drone_interfaces.egg-info/SOURCES.txt'
[2.861s] [ 83%] Built target ament_cmake_python_build_drone_interfaces_egg
[2.969s] [ 83%] Built target drone_interfaces
[3.061s] [ 84%] Built target drone_interfaces__py
[3.151s] [ 95%] Built target drone_interfaces__rosidl_generator_py
[3.241s] [ 97%] Built target drone_interfaces__rosidl_typesupport_fastrtps_c__pyext
[3.335s] [ 99%] Built target drone_interfaces__rosidl_typesupport_introspection_c__pyext
[3.416s] [100%] Built target drone_interfaces__rosidl_typesupport_c__pyext
[3.478s] Invoked command in '/home/chakrapani/drone_files/IITI_SOC/gcs_ws/build/drone_interfaces' returned '0': CMAKE_PREFIX_PATH=${CMAKE_PREFIX_PATH}:/home/chakrapani/drone_files/IITI_SOC/gcs_ws/install/gcs_controller:/home/chakrapani/drone_files/IITI_SOC/gcs_ws/install/mission_utils:/home/chakrapani/drone_files/IITI_SOC/gcs_ws/install/drone_launch:/home/chakrapani/drone_files/IITI_SOC/gcs_ws/install/drone_2_manager:/home/chakrapani/drone_files/IITI_SOC/gcs_ws/install/drone_1_manager:/opt/ros/humble /usr/bin/cmake --build /home/chakrapani/drone_files/IITI_SOC/gcs_ws/build/drone_interfaces -- -j2 -l2
[3.540s] Invoking command in '/home/chakrapani/drone_files/IITI_SOC/gcs_ws/build/drone_interfaces': CMAKE_PREFIX_PATH=${CMAKE_PREFIX_PATH}:/home/chakrapani/drone_files/IITI_SOC/gcs_ws/install/gcs_controller:/home/chakrapani/drone_files/IITI_SOC/gcs_ws/install/mission_utils:/home/chakrapani/drone_files/IITI_SOC/gcs_ws/install/drone_launch:/home/chakrapani/drone_files/IITI_SOC/gcs_ws/install/drone_2_manager:/home/chakrapani/drone_files/IITI_SOC/gcs_ws/install/drone_1_manager:/opt/ros/humble /usr/bin/cmake --install /home/chakrapani/drone_files/IITI_SOC/gcs_ws/build/drone_interfaces
[3.562s] -- Install configuration: ""
[3.563s] -- Up-to-date: /home/chakrapani/drone_files/IITI_SOC/gcs_ws/install/drone_interfaces/share/ament_index/resource_index/rosidl_interfaces/drone_interfaces
[3.563s] -- Up-to-date: /home/chakrapani/drone_files/IITI_SOC/gcs_ws/install/drone_interfaces/include/drone_interfaces/drone_interfaces
[3.564s] -- Up-to-date: /home/chakrapani/drone_files/IITI_SOC/gcs_ws/install/drone_interfaces/include/drone_interfaces/drone_interfaces/msg
[3.564s] -- Up-to-date: /home/chakrapani/drone_files/IITI_SOC/gcs_ws/install/drone_interfaces/include/drone_interfaces/drone_interfaces/msg/detail
[3.564s] -- Up-to-date: /home/chakrapani/drone_files/IITI_SOC/gcs_ws/install/drone_interfaces/include/drone_interfaces/drone_interfaces/msg/detail/drone_type_change__struct.h
[3.564s] -- Up-to-date: /home/chakrapani/drone_files/IITI_SOC/gcs_ws/install/drone_interfaces/include/drone_interfaces/drone_interfaces/msg/detail/geotag__functions.c
[3.564s] -- Up-to-date: /home/chakrapani/drone_files/IITI_SOC/gcs_ws/install/drone_interfaces/include/drone_interfaces/drone_interfaces/msg/detail/drone_status__struct.h
[3.565s] -- Up-to-date: /home/chakrapani/drone_files/IITI_SOC/gcs_ws/install/drone_interfaces/include/drone_interfaces/drone_interfaces/msg/detail/waypoint_array__type_support.h
[3.565s] -- Up-to-date: /home/chakrapani/drone_files/IITI_SOC/gcs_ws/install/drone_interfaces/include/drone_interfaces/drone_interfaces/msg/detail/geotag__struct.h
[3.565s] -- Up-to-date: /home/chakrapani/drone_files/IITI_SOC/gcs_ws/install/drone_interfaces/include/drone_interfaces/drone_interfaces/msg/detail/drone_status_update__functions.h
[3.565s] -- Up-to-date: /home/chakrapani/drone_files/IITI_SOC/gcs_ws/install/drone_interfaces/include/drone_interfaces/drone_interfaces/msg/detail/waypoint__functions.c
[3.566s] -- Up-to-date: /home/chakrapani/drone_files/IITI_SOC/gcs_ws/install/drone_interfaces/include/drone_interfaces/drone_interfaces/msg/detail/geotag__functions.h
[3.566s] -- Up-to-date: /home/chakrapani/drone_files/IITI_SOC/gcs_ws/install/drone_interfaces/include/drone_interfaces/drone_interfaces/msg/detail/geotag_array__struct.h
[3.567s] -- Up-to-date: /home/chakrapani/drone_files/IITI_SOC/gcs_ws/install/drone_interfaces/include/drone_interfaces/drone_interfaces/msg/detail/waypoint_request__functions.h
[3.567s] -- Up-to-date: /home/chakrapani/drone_files/IITI_SOC/gcs_ws/install/drone_interfaces/include/drone_interfaces/drone_interfaces/msg/detail/waypoint__struct.h
[3.567s] -- Up-to-date: /home/chakrapani/drone_files/IITI_SOC/gcs_ws/install/drone_interfaces/include/drone_interfaces/drone_interfaces/msg/detail/drone_status_update__functions.c
[3.567s] -- Up-to-date: /home/chakrapani/drone_files/IITI_SOC/gcs_ws/install/drone_interfaces/include/drone_interfaces/drone_interfaces/msg/detail/drone_status__functions.h
[3.567s] -- Up-to-date: /home/chakrapani/drone_files/IITI_SOC/gcs_ws/install/drone_interfaces/include/drone_interfaces/drone_interfaces/msg/detail/drone_type_change__type_support.h
[3.567s] -- Up-to-date: /home/chakrapani/drone_files/IITI_SOC/gcs_ws/install/drone_interfaces/include/drone_interfaces/drone_interfaces/msg/detail/waypoint_request__type_support.h
[3.567s] -- Up-to-date: /home/chakrapani/drone_files/IITI_SOC/gcs_ws/install/drone_interfaces/include/drone_interfaces/drone_interfaces/msg/detail/waypoint_visited__functions.c
[3.567s] -- Up-to-date: /home/chakrapani/drone_files/IITI_SOC/gcs_ws/install/drone_interfaces/include/drone_interfaces/drone_interfaces/msg/detail/geotag_array__functions.c
[3.569s] -- Up-to-date: /home/chakrapani/drone_files/IITI_SOC/gcs_ws/install/drone_interfaces/include/drone_interfaces/drone_interfaces/msg/detail/geotag_request__struct.h
[3.569s] -- Up-to-date: /home/chakrapani/drone_files/IITI_SOC/gcs_ws/install/drone_interfaces/include/drone_interfaces/drone_interfaces/msg/detail/waypoint_array__struct.h
[3.569s] -- Up-to-date: /home/chakrapani/drone_files/IITI_SOC/gcs_ws/install/drone_interfaces/include/drone_interfaces/drone_interfaces/msg/detail/geotag__type_support.h
[3.569s] -- Up-to-date: /home/chakrapani/drone_files/IITI_SOC/gcs_ws/install/drone_interfaces/include/drone_interfaces/drone_interfaces/msg/detail/geotag_request__functions.h
[3.569s] -- Up-to-date: /home/chakrapani/drone_files/IITI_SOC/gcs_ws/install/drone_interfaces/include/drone_interfaces/drone_interfaces/msg/detail/geotag_request__functions.c
[3.569s] -- Up-to-date: /home/chakrapani/drone_files/IITI_SOC/gcs_ws/install/drone_interfaces/include/drone_interfaces/drone_interfaces/msg/detail/geotag_request__type_support.h
[3.570s] -- Up-to-date: /home/chakrapani/drone_files/IITI_SOC/gcs_ws/install/drone_interfaces/include/drone_interfaces/drone_interfaces/msg/detail/waypoint_array__functions.c
[3.571s] -- Up-to-date: /home/chakrapani/drone_files/IITI_SOC/gcs_ws/install/drone_interfaces/include/drone_interfaces/drone_interfaces/msg/detail/waypoint__functions.h
[3.577s] -- Up-to-date: /home/chakrapani/drone_files/IITI_SOC/gcs_ws/install/drone_interfaces/include/drone_interfaces/drone_interfaces/msg/detail/waypoint_visited__type_support.h
[3.578s] -- Up-to-date: /home/chakrapani/drone_files/IITI_SOC/gcs_ws/install/drone_interfaces/include/drone_interfaces/drone_interfaces/msg/detail/waypoint_array__functions.h
[3.579s] -- Up-to-date: /home/chakrapani/drone_files/IITI_SOC/gcs_ws/install/drone_interfaces/include/drone_interfaces/drone_interfaces/msg/detail/geotag_array__type_support.h
[3.580s] -- Up-to-date: /home/chakrapani/drone_files/IITI_SOC/gcs_ws/install/drone_interfaces/include/drone_interfaces/drone_interfaces/msg/detail/waypoint__type_support.h
[3.583s] -- Up-to-date: /home/chakrapani/drone_files/IITI_SOC/gcs_ws/install/drone_interfaces/include/drone_interfaces/drone_interfaces/msg/detail/waypoint_request__functions.c
[3.583s] -- Up-to-date: /home/chakrapani/drone_files/IITI_SOC/gcs_ws/install/drone_interfaces/include/drone_interfaces/drone_interfaces/msg/detail/drone_status_update__struct.h
[3.584s] -- Up-to-date: /home/chakrapani/drone_files/IITI_SOC/gcs_ws/install/drone_interfaces/include/drone_interfaces/drone_interfaces/msg/detail/drone_status__functions.c
[3.584s] -- Up-to-date: /home/chakrapani/drone_files/IITI_SOC/gcs_ws/install/drone_interfaces/include/drone_interfaces/drone_interfaces/msg/detail/geotag_array__functions.h
[3.586s] -- Up-to-date: /home/chakrapani/drone_files/IITI_SOC/gcs_ws/install/drone_interfaces/include/drone_interfaces/drone_interfaces/msg/detail/drone_type_change__functions.c
[3.586s] -- Up-to-date: /home/chakrapani/drone_files/IITI_SOC/gcs_ws/install/drone_interfaces/include/drone_interfaces/drone_interfaces/msg/detail/waypoint_visited__struct.h
[3.586s] -- Up-to-date: /home/chakrapani/drone_files/IITI_SOC/gcs_ws/install/drone_interfaces/include/drone_interfaces/drone_interfaces/msg/detail/drone_status__type_support.h
[3.586s] -- Up-to-date: /home/chakrapani/drone_files/IITI_SOC/gcs_ws/install/drone_interfaces/include/drone_interfaces/drone_interfaces/msg/detail/drone_type_change__functions.h
[3.586s] -- Up-to-date: /home/chakrapani/drone_files/IITI_SOC/gcs_ws/install/drone_interfaces/include/drone_interfaces/drone_interfaces/msg/detail/drone_status_update__type_support.h
[3.588s] -- Up-to-date: /home/chakrapani/drone_files/IITI_SOC/gcs_ws/install/drone_interfaces/include/drone_interfaces/drone_interfaces/msg/detail/waypoint_request__struct.h
[3.588s] -- Up-to-date: /home/chakrapani/drone_files/IITI_SOC/gcs_ws/install/drone_interfaces/include/drone_interfaces/drone_interfaces/msg/detail/waypoint_visited__functions.h
[3.588s] -- Up-to-date: /home/chakrapani/drone_files/IITI_SOC/gcs_ws/install/drone_interfaces/include/drone_interfaces/drone_interfaces/msg/geotag_request.h
[3.588s] -- Up-to-date: /home/chakrapani/drone_files/IITI_SOC/gcs_ws/install/drone_interfaces/include/drone_interfaces/drone_interfaces/msg/drone_type_change.h
[3.589s] -- Up-to-date: /home/chakrapani/drone_files/IITI_SOC/gcs_ws/install/drone_interfaces/include/drone_interfaces/drone_interfaces/msg/rosidl_generator_c__visibility_control.h
[3.589s] -- Up-to-date: /home/chakrapani/drone_files/IITI_SOC/gcs_ws/install/drone_interfaces/include/drone_interfaces/drone_interfaces/msg/geotag.h
[3.589s] -- Up-to-date: /home/chakrapani/drone_files/IITI_SOC/gcs_ws/install/drone_interfaces/include/drone_interfaces/drone_interfaces/msg/waypoint.h
[3.589s] -- Up-to-date: /home/chakrapani/drone_files/IITI_SOC/gcs_ws/install/drone_interfaces/include/drone_interfaces/drone_interfaces/msg/waypoint_visited.h
[3.590s] -- Up-to-date: /home/chakrapani/drone_files/IITI_SOC/gcs_ws/install/drone_interfaces/include/drone_interfaces/drone_interfaces/msg/waypoint_array.h
[3.590s] -- Up-to-date: /home/chakrapani/drone_files/IITI_SOC/gcs_ws/install/drone_interfaces/include/drone_interfaces/drone_interfaces/msg/drone_status_update.h
[3.590s] -- Up-to-date: /home/chakrapani/drone_files/IITI_SOC/gcs_ws/install/drone_interfaces/include/drone_interfaces/drone_interfaces/msg/drone_status.h
[3.590s] -- Up-to-date: /home/chakrapani/drone_files/IITI_SOC/gcs_ws/install/drone_interfaces/include/drone_interfaces/drone_interfaces/msg/waypoint_request.h
[3.591s] -- Up-to-date: /home/chakrapani/drone_files/IITI_SOC/gcs_ws/install/drone_interfaces/include/drone_interfaces/drone_interfaces/msg/geotag_array.h
[3.591s] -- Up-to-date: /home/chakrapani/drone_files/IITI_SOC/gcs_ws/install/drone_interfaces/include/drone_interfaces/drone_interfaces/srv
[3.591s] -- Up-to-date: /home/chakrapani/drone_files/IITI_SOC/gcs_ws/install/drone_interfaces/include/drone_interfaces/drone_interfaces/srv/detail
[3.591s] -- Up-to-date: /home/chakrapani/drone_files/IITI_SOC/gcs_ws/install/drone_interfaces/include/drone_interfaces/drone_interfaces/srv/detail/get_severity_score__type_support.h
[3.591s] -- Up-to-date: /home/chakrapani/drone_files/IITI_SOC/gcs_ws/install/drone_interfaces/include/drone_interfaces/drone_interfaces/srv/detail/get_severity_score__struct.h
[3.591s] -- Up-to-date: /home/chakrapani/drone_files/IITI_SOC/gcs_ws/install/drone_interfaces/include/drone_interfaces/drone_interfaces/srv/detail/get_severity_score__functions.h
[3.591s] -- Up-to-date: /home/chakrapani/drone_files/IITI_SOC/gcs_ws/install/drone_interfaces/include/drone_interfaces/drone_interfaces/srv/detail/get_severity_score__functions.c
[3.592s] -- Up-to-date: /home/chakrapani/drone_files/IITI_SOC/gcs_ws/install/drone_interfaces/include/drone_interfaces/drone_interfaces/srv/get_severity_score.h
[3.592s] -- Up-to-date: /home/chakrapani/drone_files/IITI_SOC/gcs_ws/install/drone_interfaces/share/drone_interfaces/environment/library_path.sh
[3.592s] -- Up-to-date: /home/chakrapani/drone_files/IITI_SOC/gcs_ws/install/drone_interfaces/share/drone_interfaces/environment/library_path.dsv
[3.593s] -- Up-to-date: /home/chakrapani/drone_files/IITI_SOC/gcs_ws/install/drone_interfaces/lib/libdrone_interfaces__rosidl_generator_c.so
[3.593s] -- Up-to-date: /home/chakrapani/drone_files/IITI_SOC/gcs_ws/install/drone_interfaces/include/drone_interfaces/drone_interfaces
[3.593s] -- Up-to-date: /home/chakrapani/drone_files/IITI_SOC/gcs_ws/install/drone_interfaces/include/drone_interfaces/drone_interfaces/msg
[3.594s] -- Up-to-date: /home/chakrapani/drone_files/IITI_SOC/gcs_ws/install/drone_interfaces/include/drone_interfaces/drone_interfaces/msg/detail
[3.594s] -- Up-to-date: /home/chakrapani/drone_files/IITI_SOC/gcs_ws/install/drone_interfaces/include/drone_interfaces/drone_interfaces/msg/detail/drone_status__rosidl_typesupport_fastrtps_c.h
[3.594s] -- Up-to-date: /home/chakrapani/drone_files/IITI_SOC/gcs_ws/install/drone_interfaces/include/drone_interfaces/drone_interfaces/msg/detail/waypoint_request__rosidl_typesupport_fastrtps_c.h
[3.594s] -- Up-to-date: /home/chakrapani/drone_files/IITI_SOC/gcs_ws/install/drone_interfaces/include/drone_interfaces/drone_interfaces/msg/detail/geotag_request__rosidl_typesupport_fastrtps_c.h
[3.594s] -- Up-to-date: /home/chakrapani/drone_files/IITI_SOC/gcs_ws/install/drone_interfaces/include/drone_interfaces/drone_interfaces/msg/detail/drone_type_change__rosidl_typesupport_fastrtps_c.h
[3.594s] -- Up-to-date: /home/chakrapani/drone_files/IITI_SOC/gcs_ws/install/drone_interfaces/include/drone_interfaces/drone_interfaces/msg/detail/waypoint_visited__rosidl_typesupport_fastrtps_c.h
[3.594s] -- Up-to-date: /home/chakrapani/drone_files/IITI_SOC/gcs_ws/install/drone_interfaces/include/drone_interfaces/drone_interfaces/msg/detail/drone_status_update__rosidl_typesupport_fastrtps_c.h
[3.594s] -- Up-to-date: /home/chakrapani/drone_files/IITI_SOC/gcs_ws/install/drone_interfaces/include/drone_interfaces/drone_interfaces/msg/detail/waypoint_array__rosidl_typesupport_fastrtps_c.h
[3.594s] -- Up-to-date: /home/chakrapani/drone_files/IITI_SOC/gcs_ws/install/drone_interfaces/include/drone_interfaces/drone_interfaces/msg/detail/waypoint__rosidl_typesupport_fastrtps_c.h
[3.594s] -- Up-to-date: /home/chakrapani/drone_files/IITI_SOC/gcs_ws/install/drone_interfaces/include/drone_interfaces/drone_interfaces/msg/detail/geotag__rosidl_typesupport_fastrtps_c.h
[3.594s] -- Up-to-date: /home/chakrapani/drone_files/IITI_SOC/gcs_ws/install/drone_interfaces/include/drone_interfaces/drone_interfaces/msg/detail/geotag_array__rosidl_typesupport_fastrtps_c.h
[3.594s] -- Up-to-date: /home/chakrapani/drone_files/IITI_SOC/gcs_ws/install/drone_interfaces/include/drone_interfaces/drone_interfaces/msg/rosidl_typesupport_fastrtps_c__visibility_control.h
[3.594s] -- Up-to-date: /home/chakrapani/drone_files/IITI_SOC/gcs_ws/install/drone_interfaces/include/drone_interfaces/drone_interfaces/srv
[3.595s] -- Up-to-date: /home/chakrapani/drone_files/IITI_SOC/gcs_ws/install/drone_interfaces/include/drone_interfaces/drone_interfaces/srv/detail
[3.595s] -- Up-to-date: /home/chakrapani/drone_files/IITI_SOC/gcs_ws/install/drone_interfaces/include/drone_interfaces/drone_interfaces/srv/detail/get_severity_score__rosidl_typesupport_fastrtps_c.h
[3.595s] -- Up-to-date: /home/chakrapani/drone_files/IITI_SOC/gcs_ws/install/drone_interfaces/lib/libdrone_interfaces__rosidl_typesupport_fastrtps_c.so
[3.595s] -- Up-to-date: /home/chakrapani/drone_files/IITI_SOC/gcs_ws/install/drone_interfaces/include/drone_interfaces/drone_interfaces
[3.596s] -- Up-to-date: /home/chakrapani/drone_files/IITI_SOC/gcs_ws/install/drone_interfaces/include/drone_interfaces/drone_interfaces/msg
[3.597s] -- Up-to-date: /home/chakrapani/drone_files/IITI_SOC/gcs_ws/install/drone_interfaces/include/drone_interfaces/drone_interfaces/msg/detail
[3.597s] -- Up-to-date: /home/chakrapani/drone_files/IITI_SOC/gcs_ws/install/drone_interfaces/include/drone_interfaces/drone_interfaces/msg/detail/drone_type_change__rosidl_typesupport_introspection_c.h
[3.597s] -- Up-to-date: /home/chakrapani/drone_files/IITI_SOC/gcs_ws/install/drone_interfaces/include/drone_interfaces/drone_interfaces/msg/detail/geotag__rosidl_typesupport_introspection_c.h
[3.597s] -- Up-to-date: /home/chakrapani/drone_files/IITI_SOC/gcs_ws/install/drone_interfaces/include/drone_interfaces/drone_interfaces/msg/detail/waypoint_request__rosidl_typesupport_introspection_c.h
[3.597s] -- Up-to-date: /home/chakrapani/drone_files/IITI_SOC/gcs_ws/install/drone_interfaces/include/drone_interfaces/drone_interfaces/msg/detail/drone_status__type_support.c
[3.598s] -- Up-to-date: /home/chakrapani/drone_files/IITI_SOC/gcs_ws/install/drone_interfaces/include/drone_interfaces/drone_interfaces/msg/detail/waypoint_visited__type_support.c
[3.598s] -- Up-to-date: /home/chakrapani/drone_files/IITI_SOC/gcs_ws/install/drone_interfaces/include/drone_interfaces/drone_interfaces/msg/detail/waypoint_array__rosidl_typesupport_introspection_c.h
[3.598s] -- Up-to-date: /home/chakrapani/drone_files/IITI_SOC/gcs_ws/install/drone_interfaces/include/drone_interfaces/drone_interfaces/msg/detail/geotag_request__type_support.c
[3.598s] -- Up-to-date: /home/chakrapani/drone_files/IITI_SOC/gcs_ws/install/drone_interfaces/include/drone_interfaces/drone_interfaces/msg/detail/drone_type_change__type_support.c
[3.598s] -- Up-to-date: /home/chakrapani/drone_files/IITI_SOC/gcs_ws/install/drone_interfaces/include/drone_interfaces/drone_interfaces/msg/detail/waypoint_visited__rosidl_typesupport_introspection_c.h
[3.598s] -- Up-to-date: /home/chakrapani/drone_files/IITI_SOC/gcs_ws/install/drone_interfaces/include/drone_interfaces/drone_interfaces/msg/detail/waypoint_array__type_support.c
[3.598s] -- Up-to-date: /home/chakrapani/drone_files/IITI_SOC/gcs_ws/install/drone_interfaces/include/drone_interfaces/drone_interfaces/msg/detail/drone_status__rosidl_typesupport_introspection_c.h
[3.598s] -- Up-to-date: /home/chakrapani/drone_files/IITI_SOC/gcs_ws/install/drone_interfaces/include/drone_interfaces/drone_interfaces/msg/detail/drone_status_update__rosidl_typesupport_introspection_c.h
[3.598s] -- Up-to-date: /home/chakrapani/drone_files/IITI_SOC/gcs_ws/install/drone_interfaces/include/drone_interfaces/drone_interfaces/msg/detail/waypoint_request__type_support.c
[3.598s] -- Up-to-date: /home/chakrapani/drone_files/IITI_SOC/gcs_ws/install/drone_interfaces/include/drone_interfaces/drone_interfaces/msg/detail/geotag_array__type_support.c
[3.598s] -- Up-to-date: /home/chakrapani/drone_files/IITI_SOC/gcs_ws/install/drone_interfaces/include/drone_interfaces/drone_interfaces/msg/detail/drone_status_update__type_support.c
[3.600s] -- Up-to-date: /home/chakrapani/drone_files/IITI_SOC/gcs_ws/install/drone_interfaces/include/drone_interfaces/drone_interfaces/msg/detail/geotag_request__rosidl_typesupport_introspection_c.h
[3.600s] -- Up-to-date: /home/chakrapani/drone_files/IITI_SOC/gcs_ws/install/drone_interfaces/include/drone_interfaces/drone_interfaces/msg/detail/geotag__type_support.c
[3.600s] -- Up-to-date: /home/chakrapani/drone_files/IITI_SOC/gcs_ws/install/drone_interfaces/include/drone_interfaces/drone_interfaces/msg/detail/waypoint__type_support.c
[3.600s] -- Up-to-date: /home/chakrapani/drone_files/IITI_SOC/gcs_ws/install/drone_interfaces/include/drone_interfaces/drone_interfaces/msg/detail/waypoint__rosidl_typesupport_introspection_c.h
[3.600s] -- Up-to-date: /home/chakrapani/drone_files/IITI_SOC/gcs_ws/install/drone_interfaces/include/drone_interfaces/drone_interfaces/msg/detail/geotag_array__rosidl_typesupport_introspection_c.h
[3.600s] -- Up-to-date: /home/chakrapani/drone_files/IITI_SOC/gcs_ws/install/drone_interfaces/include/drone_interfaces/drone_interfaces/msg/rosidl_typesupport_introspection_c__visibility_control.h
[3.600s] -- Up-to-date: /home/chakrapani/drone_files/IITI_SOC/gcs_ws/install/drone_interfaces/include/drone_interfaces/drone_interfaces/srv
[3.600s] -- Up-to-date: /home/chakrapani/drone_files/IITI_SOC/gcs_ws/install/drone_interfaces/include/drone_interfaces/drone_interfaces/srv/detail
[3.600s] -- Up-to-date: /home/chakrapani/drone_files/IITI_SOC/gcs_ws/install/drone_interfaces/include/drone_interfaces/drone_interfaces/srv/detail/get_severity_score__rosidl_typesupport_introspection_c.h
[3.600s] -- Up-to-date: /home/chakrapani/drone_files/IITI_SOC/gcs_ws/install/drone_interfaces/include/drone_interfaces/drone_interfaces/srv/detail/get_severity_score__type_support.c
[3.600s] -- Up-to-date: /home/chakrapani/drone_files/IITI_SOC/gcs_ws/install/drone_interfaces/lib/libdrone_interfaces__rosidl_typesupport_introspection_c.so
[3.604s] -- Up-to-date: /home/chakrapani/drone_files/IITI_SOC/gcs_ws/install/drone_interfaces/lib/libdrone_interfaces__rosidl_typesupport_c.so
[3.608s] -- Up-to-date: /home/chakrapani/drone_files/IITI_SOC/gcs_ws/install/drone_interfaces/include/drone_interfaces/drone_interfaces
[3.608s] -- Up-to-date: /home/chakrapani/drone_files/IITI_SOC/gcs_ws/install/drone_interfaces/include/drone_interfaces/drone_interfaces/msg
[3.608s] -- Up-to-date: /home/chakrapani/drone_files/IITI_SOC/gcs_ws/install/drone_interfaces/include/drone_interfaces/drone_interfaces/msg/detail
[3.609s] -- Up-to-date: /home/chakrapani/drone_files/IITI_SOC/gcs_ws/install/drone_interfaces/include/drone_interfaces/drone_interfaces/msg/detail/drone_type_change__traits.hpp
[3.609s] -- Up-to-date: /home/chakrapani/drone_files/IITI_SOC/gcs_ws/install/drone_interfaces/include/drone_interfaces/drone_interfaces/msg/detail/waypoint__type_support.hpp
[3.610s] -- Up-to-date: /home/chakrapani/drone_files/IITI_SOC/gcs_ws/install/drone_interfaces/include/drone_interfaces/drone_interfaces/msg/detail/waypoint_array__struct.hpp
[3.610s] -- Up-to-date: /home/chakrapani/drone_files/IITI_SOC/gcs_ws/install/drone_interfaces/include/drone_interfaces/drone_interfaces/msg/detail/waypoint_request__builder.hpp
[3.610s] -- Up-to-date: /home/chakrapani/drone_files/IITI_SOC/gcs_ws/install/drone_interfaces/include/drone_interfaces/drone_interfaces/msg/detail/drone_status__type_support.hpp
[3.610s] -- Up-to-date: /home/chakrapani/drone_files/IITI_SOC/gcs_ws/install/drone_interfaces/include/drone_interfaces/drone_interfaces/msg/detail/waypoint_array__type_support.hpp
[3.610s] -- Up-to-date: /home/chakrapani/drone_files/IITI_SOC/gcs_ws/install/drone_interfaces/include/drone_interfaces/drone_interfaces/msg/detail/waypoint__traits.hpp
[3.610s] -- Up-to-date: /home/chakrapani/drone_files/IITI_SOC/gcs_ws/install/drone_interfaces/include/drone_interfaces/drone_interfaces/msg/detail/drone_status__traits.hpp
[3.610s] -- Up-to-date: /home/chakrapani/drone_files/IITI_SOC/gcs_ws/install/drone_interfaces/include/drone_interfaces/drone_interfaces/msg/detail/geotag__type_support.hpp
[3.612s] -- Up-to-date: /home/chakrapani/drone_files/IITI_SOC/gcs_ws/install/drone_interfaces/include/drone_interfaces/drone_interfaces/msg/detail/waypoint_visited__struct.hpp
[3.612s] -- Up-to-date: /home/chakrapani/drone_files/IITI_SOC/gcs_ws/install/drone_interfaces/include/drone_interfaces/drone_interfaces/msg/detail/geotag_request__type_support.hpp
[3.614s] -- Up-to-date: /home/chakrapani/drone_files/IITI_SOC/gcs_ws/install/drone_interfaces/include/drone_interfaces/drone_interfaces/msg/detail/geotag__builder.hpp
[3.617s] -- Up-to-date: /home/chakrapani/drone_files/IITI_SOC/gcs_ws/install/drone_interfaces/include/drone_interfaces/drone_interfaces/msg/detail/waypoint_array__builder.hpp
[3.617s] -- Up-to-date: /home/chakrapani/drone_files/IITI_SOC/gcs_ws/install/drone_interfaces/include/drone_interfaces/drone_interfaces/msg/detail/geotag_array__struct.hpp
[3.617s] -- Up-to-date: /home/chakrapani/drone_files/IITI_SOC/gcs_ws/install/drone_interfaces/include/drone_interfaces/drone_interfaces/msg/detail/geotag__traits.hpp
[3.617s] -- Up-to-date: /home/chakrapani/drone_files/IITI_SOC/gcs_ws/install/drone_interfaces/include/drone_interfaces/drone_interfaces/msg/detail/waypoint__builder.hpp
[3.617s] -- Up-to-date: /home/chakrapani/drone_files/IITI_SOC/gcs_ws/install/drone_interfaces/include/drone_interfaces/drone_interfaces/msg/detail/drone_status_update__struct.hpp
[3.617s] -- Up-to-date: /home/chakrapani/drone_files/IITI_SOC/gcs_ws/install/drone_interfaces/include/drone_interfaces/drone_interfaces/msg/detail/drone_type_change__type_support.hpp
[3.617s] -- Up-to-date: /home/chakrapani/drone_files/IITI_SOC/gcs_ws/install/drone_interfaces/include/drone_interfaces/drone_interfaces/msg/detail/drone_status_update__builder.hpp
[3.617s] -- Up-to-date: /home/chakrapani/drone_files/IITI_SOC/gcs_ws/install/drone_interfaces/include/drone_interfaces/drone_interfaces/msg/detail/geotag_array__traits.hpp
[3.618s] -- Up-to-date: /home/chakrapani/drone_files/IITI_SOC/gcs_ws/install/drone_interfaces/include/drone_interfaces/drone_interfaces/msg/detail/geotag_request__builder.hpp
[3.618s] -- Up-to-date: /home/chakrapani/drone_files/IITI_SOC/gcs_ws/install/drone_interfaces/include/drone_interfaces/drone_interfaces/msg/detail/drone_type_change__struct.hpp
[3.618s] -- Up-to-date: /home/chakrapani/drone_files/IITI_SOC/gcs_ws/install/drone_interfaces/include/drone_interfaces/drone_interfaces/msg/detail/waypoint__struct.hpp
[3.618s] -- Up-to-date: /home/chakrapani/drone_files/IITI_SOC/gcs_ws/install/drone_interfaces/include/drone_interfaces/drone_interfaces/msg/detail/geotag_request__traits.hpp
[3.618s] -- Up-to-date: /home/chakrapani/drone_files/IITI_SOC/gcs_ws/install/drone_interfaces/include/drone_interfaces/drone_interfaces/msg/detail/drone_status_update__traits.hpp
[3.618s] -- Up-to-date: /home/chakrapani/drone_files/IITI_SOC/gcs_ws/install/drone_interfaces/include/drone_interfaces/drone_interfaces/msg/detail/geotag_array__type_support.hpp
[3.621s] -- Up-to-date: /home/chakrapani/drone_files/IITI_SOC/gcs_ws/install/drone_interfaces/include/drone_interfaces/drone_interfaces/msg/detail/geotag_array__builder.hpp
[3.622s] -- Up-to-date: /home/chakrapani/drone_files/IITI_SOC/gcs_ws/install/drone_interfaces/include/drone_interfaces/drone_interfaces/msg/detail/waypoint_visited__builder.hpp
[3.624s] -- Up-to-date: /home/chakrapani/drone_files/IITI_SOC/gcs_ws/install/drone_interfaces/include/drone_interfaces/drone_interfaces/msg/detail/waypoint_array__traits.hpp
[3.625s] -- Up-to-date: /home/chakrapani/drone_files/IITI_SOC/gcs_ws/install/drone_interfaces/include/drone_interfaces/drone_interfaces/msg/detail/waypoint_request__traits.hpp
[3.625s] -- Up-to-date: /home/chakrapani/drone_files/IITI_SOC/gcs_ws/install/drone_interfaces/include/drone_interfaces/drone_interfaces/msg/detail/drone_status_update__type_support.hpp
[3.625s] -- Up-to-date: /home/chakrapani/drone_files/IITI_SOC/gcs_ws/install/drone_interfaces/include/drone_interfaces/drone_interfaces/msg/detail/drone_type_change__builder.hpp
[3.625s] -- Up-to-date: /home/chakrapani/drone_files/IITI_SOC/gcs_ws/install/drone_interfaces/include/drone_interfaces/drone_interfaces/msg/detail/drone_status__builder.hpp
[3.625s] -- Up-to-date: /home/chakrapani/drone_files/IITI_SOC/gcs_ws/install/drone_interfaces/include/drone_interfaces/drone_interfaces/msg/detail/waypoint_request__struct.hpp
[3.625s] -- Up-to-date: /home/chakrapani/drone_files/IITI_SOC/gcs_ws/install/drone_interfaces/include/drone_interfaces/drone_interfaces/msg/detail/geotag_request__struct.hpp
[3.625s] -- Up-to-date: /home/chakrapani/drone_files/IITI_SOC/gcs_ws/install/drone_interfaces/include/drone_interfaces/drone_interfaces/msg/detail/drone_status__struct.hpp
[3.625s] -- Up-to-date: /home/chakrapani/drone_files/IITI_SOC/gcs_ws/install/drone_interfaces/include/drone_interfaces/drone_interfaces/msg/detail/waypoint_visited__type_support.hpp
[3.625s] -- Up-to-date: /home/chakrapani/drone_files/IITI_SOC/gcs_ws/install/drone_interfaces/include/drone_interfaces/drone_interfaces/msg/detail/waypoint_visited__traits.hpp
[3.625s] -- Up-to-date: /home/chakrapani/drone_files/IITI_SOC/gcs_ws/install/drone_interfaces/include/drone_interfaces/drone_interfaces/msg/detail/geotag__struct.hpp
[3.625s] -- Up-to-date: /home/chakrapani/drone_files/IITI_SOC/gcs_ws/install/drone_interfaces/include/drone_interfaces/drone_interfaces/msg/detail/waypoint_request__type_support.hpp
[3.628s] -- Up-to-date: /home/chakrapani/drone_files/IITI_SOC/gcs_ws/install/drone_interfaces/include/drone_interfaces/drone_interfaces/msg/drone_status.hpp
[3.629s] -- Up-to-date: /home/chakrapani/drone_files/IITI_SOC/gcs_ws/install/drone_interfaces/include/drone_interfaces/drone_interfaces/msg/waypoint_request.hpp
[3.630s] -- Up-to-date: /home/chakrapani/drone_files/IITI_SOC/gcs_ws/install/drone_interfaces/include/drone_interfaces/drone_interfaces/msg/drone_status_update.hpp
[3.630s] -- Up-to-date: /home/chakrapani/drone_files/IITI_SOC/gcs_ws/install/drone_interfaces/include/drone_interfaces/drone_interfaces/msg/geotag_array.hpp
[3.630s] -- Up-to-date: /home/chakrapani/drone_files/IITI_SOC/gcs_ws/install/drone_interfaces/include/drone_interfaces/drone_interfaces/msg/waypoint_array.hpp
[3.630s] -- Up-to-date: /home/chakrapani/drone_files/IITI_SOC/gcs_ws/install/drone_interfaces/include/drone_interfaces/drone_interfaces/msg/rosidl_generator_cpp__visibility_control.hpp
[3.630s] -- Up-to-date: /home/chakrapani/drone_files/IITI_SOC/gcs_ws/install/drone_interfaces/include/drone_interfaces/drone_interfaces/msg/waypoint_visited.hpp
[3.630s] -- Up-to-date: /home/chakrapani/drone_files/IITI_SOC/gcs_ws/install/drone_interfaces/include/drone_interfaces/drone_interfaces/msg/waypoint.hpp
[3.630s] -- Up-to-date: /home/chakrapani/drone_files/IITI_SOC/gcs_ws/install/drone_interfaces/include/drone_interfaces/drone_interfaces/msg/geotag.hpp
[3.630s] -- Up-to-date: /home/chakrapani/drone_files/IITI_SOC/gcs_ws/install/drone_interfaces/include/drone_interfaces/drone_interfaces/msg/drone_type_change.hpp
[3.630s] -- Up-to-date: /home/chakrapani/drone_files/IITI_SOC/gcs_ws/install/drone_interfaces/include/drone_interfaces/drone_interfaces/msg/geotag_request.hpp
[3.630s] -- Up-to-date: /home/chakrapani/drone_files/IITI_SOC/gcs_ws/install/drone_interfaces/include/drone_interfaces/drone_interfaces/srv
[3.630s] -- Up-to-date: /home/chakrapani/drone_files/IITI_SOC/gcs_ws/install/drone_interfaces/include/drone_interfaces/drone_interfaces/srv/detail
[3.630s] -- Up-to-date: /home/chakrapani/drone_files/IITI_SOC/gcs_ws/install/drone_interfaces/include/drone_interfaces/drone_interfaces/srv/detail/get_severity_score__traits.hpp
[3.631s] -- Up-to-date: /home/chakrapani/drone_files/IITI_SOC/gcs_ws/install/drone_interfaces/include/drone_interfaces/drone_interfaces/srv/detail/get_severity_score__type_support.hpp
[3.637s] -- Up-to-date: /home/chakrapani/drone_files/IITI_SOC/gcs_ws/install/drone_interfaces/include/drone_interfaces/drone_interfaces/srv/detail/get_severity_score__struct.hpp
[3.642s] -- Up-to-date: /home/chakrapani/drone_files/IITI_SOC/gcs_ws/install/drone_interfaces/include/drone_interfaces/drone_interfaces/srv/detail/get_severity_score__builder.hpp
[3.644s] -- Up-to-date: /home/chakrapani/drone_files/IITI_SOC/gcs_ws/install/drone_interfaces/include/drone_interfaces/drone_interfaces/srv/get_severity_score.hpp
[3.645s] -- Up-to-date: /home/chakrapani/drone_files/IITI_SOC/gcs_ws/install/drone_interfaces/include/drone_interfaces/drone_interfaces
[3.645s] -- Up-to-date: /home/chakrapani/drone_files/IITI_SOC/gcs_ws/install/drone_interfaces/include/drone_interfaces/drone_interfaces/msg
[3.645s] -- Up-to-date: /home/chakrapani/drone_files/IITI_SOC/gcs_ws/install/drone_interfaces/include/drone_interfaces/drone_interfaces/msg/detail
[3.647s] -- Up-to-date: /home/chakrapani/drone_files/IITI_SOC/gcs_ws/install/drone_interfaces/include/drone_interfaces/drone_interfaces/msg/detail/geotag__rosidl_typesupport_fastrtps_cpp.hpp
[3.648s] -- Up-to-date: /home/chakrapani/drone_files/IITI_SOC/gcs_ws/install/drone_interfaces/include/drone_interfaces/drone_interfaces/msg/detail/geotag_request__rosidl_typesupport_fastrtps_cpp.hpp
[3.649s] -- Up-to-date: /home/chakrapani/drone_files/IITI_SOC/gcs_ws/install/drone_interfaces/include/drone_interfaces/drone_interfaces/msg/detail/dds_fastrtps
[3.650s] -- Up-to-date: /home/chakrapani/drone_files/IITI_SOC/gcs_ws/install/drone_interfaces/include/drone_interfaces/drone_interfaces/msg/detail/geotag_array__rosidl_typesupport_fastrtps_cpp.hpp
[3.650s] -- Up-to-date: /home/chakrapani/drone_files/IITI_SOC/gcs_ws/install/drone_interfaces/include/drone_interfaces/drone_interfaces/msg/detail/waypoint__rosidl_typesupport_fastrtps_cpp.hpp
[3.650s] -- Up-to-date: /home/chakrapani/drone_files/IITI_SOC/gcs_ws/install/drone_interfaces/include/drone_interfaces/drone_interfaces/msg/detail/waypoint_array__rosidl_typesupport_fastrtps_cpp.hpp
[3.650s] -- Up-to-date: /home/chakrapani/drone_files/IITI_SOC/gcs_ws/install/drone_interfaces/include/drone_interfaces/drone_interfaces/msg/detail/waypoint_request__rosidl_typesupport_fastrtps_cpp.hpp
[3.650s] -- Up-to-date: /home/chakrapani/drone_files/IITI_SOC/gcs_ws/install/drone_interfaces/include/drone_interfaces/drone_interfaces/msg/detail/drone_type_change__rosidl_typesupport_fastrtps_cpp.hpp
[3.651s] -- Up-to-date: /home/chakrapani/drone_files/IITI_SOC/gcs_ws/install/drone_interfaces/include/drone_interfaces/drone_interfaces/msg/detail/drone_status_update__rosidl_typesupport_fastrtps_cpp.hpp
[3.652s] -- Up-to-date: /home/chakrapani/drone_files/IITI_SOC/gcs_ws/install/drone_interfaces/include/drone_interfaces/drone_interfaces/msg/detail/drone_status__rosidl_typesupport_fastrtps_cpp.hpp
[3.652s] -- Up-to-date: /home/chakrapani/drone_files/IITI_SOC/gcs_ws/install/drone_interfaces/include/drone_interfaces/drone_interfaces/msg/detail/waypoint_visited__rosidl_typesupport_fastrtps_cpp.hpp
[3.652s] -- Up-to-date: /home/chakrapani/drone_files/IITI_SOC/gcs_ws/install/drone_interfaces/include/drone_interfaces/drone_interfaces/msg/rosidl_typesupport_fastrtps_cpp__visibility_control.h
[3.652s] -- Up-to-date: /home/chakrapani/drone_files/IITI_SOC/gcs_ws/install/drone_interfaces/include/drone_interfaces/drone_interfaces/srv
[3.653s] -- Up-to-date: /home/chakrapani/drone_files/IITI_SOC/gcs_ws/install/drone_interfaces/include/drone_interfaces/drone_interfaces/srv/detail
[3.653s] -- Up-to-date: /home/chakrapani/drone_files/IITI_SOC/gcs_ws/install/drone_interfaces/include/drone_interfaces/drone_interfaces/srv/detail/dds_fastrtps
[3.655s] -- Up-to-date: /home/chakrapani/drone_files/IITI_SOC/gcs_ws/install/drone_interfaces/include/drone_interfaces/drone_interfaces/srv/detail/get_severity_score__rosidl_typesupport_fastrtps_cpp.hpp
[3.655s] -- Up-to-date: /home/chakrapani/drone_files/IITI_SOC/gcs_ws/install/drone_interfaces/lib/libdrone_interfaces__rosidl_typesupport_fastrtps_cpp.so
[3.655s] -- Up-to-date: /home/chakrapani/drone_files/IITI_SOC/gcs_ws/install/drone_interfaces/include/drone_interfaces/drone_interfaces
[3.655s] -- Up-to-date: /home/chakrapani/drone_files/IITI_SOC/gcs_ws/install/drone_interfaces/include/drone_interfaces/drone_interfaces/msg
[3.655s] -- Up-to-date: /home/chakrapani/drone_files/IITI_SOC/gcs_ws/install/drone_interfaces/include/drone_interfaces/drone_interfaces/msg/detail
[3.659s] -- Up-to-date: /home/chakrapani/drone_files/IITI_SOC/gcs_ws/install/drone_interfaces/include/drone_interfaces/drone_interfaces/msg/detail/waypoint_request__type_support.cpp
[3.659s] -- Up-to-date: /home/chakrapani/drone_files/IITI_SOC/gcs_ws/install/drone_interfaces/include/drone_interfaces/drone_interfaces/msg/detail/waypoint_visited__rosidl_typesupport_introspection_cpp.hpp
[3.659s] -- Up-to-date: /home/chakrapani/drone_files/IITI_SOC/gcs_ws/install/drone_interfaces/include/drone_interfaces/drone_interfaces/msg/detail/waypoint_array__type_support.cpp
[3.661s] -- Up-to-date: /home/chakrapani/drone_files/IITI_SOC/gcs_ws/install/drone_interfaces/include/drone_interfaces/drone_interfaces/msg/detail/geotag__rosidl_typesupport_introspection_cpp.hpp
[3.662s] -- Up-to-date: /home/chakrapani/drone_files/IITI_SOC/gcs_ws/install/drone_interfaces/include/drone_interfaces/drone_interfaces/msg/detail/drone_status__type_support.cpp
[3.662s] -- Up-to-date: /home/chakrapani/drone_files/IITI_SOC/gcs_ws/install/drone_interfaces/include/drone_interfaces/drone_interfaces/msg/detail/geotag_array__type_support.cpp
[3.662s] -- Up-to-date: /home/chakrapani/drone_files/IITI_SOC/gcs_ws/install/drone_interfaces/include/drone_interfaces/drone_interfaces/msg/detail/drone_type_change__rosidl_typesupport_introspection_cpp.hpp
[3.662s] -- Up-to-date: /home/chakrapani/drone_files/IITI_SOC/gcs_ws/install/drone_interfaces/include/drone_interfaces/drone_interfaces/msg/detail/waypoint_array__rosidl_typesupport_introspection_cpp.hpp
[3.662s] -- Up-to-date: /home/chakrapani/drone_files/IITI_SOC/gcs_ws/install/drone_interfaces/include/drone_interfaces/drone_interfaces/msg/detail/drone_status__rosidl_typesupport_introspection_cpp.hpp
[3.663s] -- Up-to-date: /home/chakrapani/drone_files/IITI_SOC/gcs_ws/install/drone_interfaces/include/drone_interfaces/drone_interfaces/msg/detail/geotag_array__rosidl_typesupport_introspection_cpp.hpp
[3.665s] -- Up-to-date: /home/chakrapani/drone_files/IITI_SOC/gcs_ws/install/drone_interfaces/include/drone_interfaces/drone_interfaces/msg/detail/waypoint_visited__type_support.cpp
[3.666s] -- Up-to-date: /home/chakrapani/drone_files/IITI_SOC/gcs_ws/install/drone_interfaces/include/drone_interfaces/drone_interfaces/msg/detail/drone_type_change__type_support.cpp
[3.666s] -- Up-to-date: /home/chakrapani/drone_files/IITI_SOC/gcs_ws/install/drone_interfaces/include/drone_interfaces/drone_interfaces/msg/detail/geotag_request__type_support.cpp
[3.666s] -- Up-to-date: /home/chakrapani/drone_files/IITI_SOC/gcs_ws/install/drone_interfaces/include/drone_interfaces/drone_interfaces/msg/detail/waypoint__type_support.cpp
[3.673s] -- Up-to-date: /home/chakrapani/drone_files/IITI_SOC/gcs_ws/install/drone_interfaces/include/drone_interfaces/drone_interfaces/msg/detail/geotag__type_support.cpp
[3.674s] -- Up-to-date: /home/chakrapani/drone_files/IITI_SOC/gcs_ws/install/drone_interfaces/include/drone_interfaces/drone_interfaces/msg/detail/waypoint__rosidl_typesupport_introspection_cpp.hpp
[3.679s] -- Up-to-date: /home/chakrapani/drone_files/IITI_SOC/gcs_ws/install/drone_interfaces/include/drone_interfaces/drone_interfaces/msg/detail/geotag_request__rosidl_typesupport_introspection_cpp.hpp
[3.679s] -- Up-to-date: /home/chakrapani/drone_files/IITI_SOC/gcs_ws/install/drone_interfaces/include/drone_interfaces/drone_interfaces/msg/detail/waypoint_request__rosidl_typesupport_introspection_cpp.hpp
[3.679s] -- Up-to-date: /home/chakrapani/drone_files/IITI_SOC/gcs_ws/install/drone_interfaces/include/drone_interfaces/drone_interfaces/msg/detail/drone_status_update__rosidl_typesupport_introspection_cpp.hpp
[3.679s] -- Up-to-date: /home/chakrapani/drone_files/IITI_SOC/gcs_ws/install/drone_interfaces/include/drone_interfaces/drone_interfaces/msg/detail/drone_status_update__type_support.cpp
[3.679s] -- Up-to-date: /home/chakrapani/drone_files/IITI_SOC/gcs_ws/install/drone_interfaces/include/drone_interfaces/drone_interfaces/srv
[3.679s] -- Up-to-date: /home/chakrapani/drone_files/IITI_SOC/gcs_ws/install/drone_interfaces/include/drone_interfaces/drone_interfaces/srv/detail
[3.679s] -- Up-to-date: /home/chakrapani/drone_files/IITI_SOC/gcs_ws/install/drone_interfaces/include/drone_interfaces/drone_interfaces/srv/detail/get_severity_score__type_support.cpp
[3.679s] -- Up-to-date: /home/chakrapani/drone_files/IITI_SOC/gcs_ws/install/drone_interfaces/include/drone_interfaces/drone_interfaces/srv/detail/get_severity_score__rosidl_typesupport_introspection_cpp.hpp
[3.680s] -- Up-to-date: /home/chakrapani/drone_files/IITI_SOC/gcs_ws/install/drone_interfaces/lib/libdrone_interfaces__rosidl_typesupport_introspection_cpp.so
[3.680s] -- Up-to-date: /home/chakrapani/drone_files/IITI_SOC/gcs_ws/install/drone_interfaces/lib/libdrone_interfaces__rosidl_typesupport_cpp.so
[3.682s] -- Up-to-date: /home/chakrapani/drone_files/IITI_SOC/gcs_ws/install/drone_interfaces/share/drone_interfaces/environment/pythonpath.sh
[3.682s] -- Up-to-date: /home/chakrapani/drone_files/IITI_SOC/gcs_ws/install/drone_interfaces/share/drone_interfaces/environment/pythonpath.dsv
[3.685s] -- Up-to-date: /home/chakrapani/drone_files/IITI_SOC/gcs_ws/install/drone_interfaces/local/lib/python3.10/dist-packages/drone_interfaces-0.0.0-py3.10.egg-info
[3.685s] -- Installing: /home/chakrapani/drone_files/IITI_SOC/gcs_ws/install/drone_interfaces/local/lib/python3.10/dist-packages/drone_interfaces-0.0.0-py3.10.egg-info/top_level.txt
[3.686s] -- Installing: /home/chakrapani/drone_files/IITI_SOC/gcs_ws/install/drone_interfaces/local/lib/python3.10/dist-packages/drone_interfaces-0.0.0-py3.10.egg-info/dependency_links.txt
[3.686s] -- Installing: /home/chakrapani/drone_files/IITI_SOC/gcs_ws/install/drone_interfaces/local/lib/python3.10/dist-packages/drone_interfaces-0.0.0-py3.10.egg-info/PKG-INFO
[3.686s] -- Installing: /home/chakrapani/drone_files/IITI_SOC/gcs_ws/install/drone_interfaces/local/lib/python3.10/dist-packages/drone_interfaces-0.0.0-py3.10.egg-info/SOURCES.txt
[3.686s] -- Up-to-date: /home/chakrapani/drone_files/IITI_SOC/gcs_ws/install/drone_interfaces/local/lib/python3.10/dist-packages/drone_interfaces
[3.686s] -- Up-to-date: /home/chakrapani/drone_files/IITI_SOC/gcs_ws/install/drone_interfaces/local/lib/python3.10/dist-packages/drone_interfaces/_drone_interfaces_s.ep.rosidl_typesupport_c.c
[3.686s] -- Up-to-date: /home/chakrapani/drone_files/IITI_SOC/gcs_ws/install/drone_interfaces/local/lib/python3.10/dist-packages/drone_interfaces/__init__.py
[3.686s] -- Up-to-date: /home/chakrapani/drone_files/IITI_SOC/gcs_ws/install/drone_interfaces/local/lib/python3.10/dist-packages/drone_interfaces/msg
[3.686s] -- Up-to-date: /home/chakrapani/drone_files/IITI_SOC/gcs_ws/install/drone_interfaces/local/lib/python3.10/dist-packages/drone_interfaces/msg/_geotag_request_s.c
[3.687s] -- Up-to-date: /home/chakrapani/drone_files/IITI_SOC/gcs_ws/install/drone_interfaces/local/lib/python3.10/dist-packages/drone_interfaces/msg/__init__.py
[3.688s] -- Up-to-date: /home/chakrapani/drone_files/IITI_SOC/gcs_ws/install/drone_interfaces/local/lib/python3.10/dist-packages/drone_interfaces/msg/_waypoint_visited.py
[3.688s] -- Up-to-date: /home/chakrapani/drone_files/IITI_SOC/gcs_ws/install/drone_interfaces/local/lib/python3.10/dist-packages/drone_interfaces/msg/_drone_status_s.c
[3.688s] -- Up-to-date: /home/chakrapani/drone_files/IITI_SOC/gcs_ws/install/drone_interfaces/local/lib/python3.10/dist-packages/drone_interfaces/msg/_waypoint.py
[3.688s] -- Up-to-date: /home/chakrapani/drone_files/IITI_SOC/gcs_ws/install/drone_interfaces/local/lib/python3.10/dist-packages/drone_interfaces/msg/_geotag_request.py
[3.688s] -- Up-to-date: /home/chakrapani/drone_files/IITI_SOC/gcs_ws/install/drone_interfaces/local/lib/python3.10/dist-packages/drone_interfaces/msg/_waypoint_array_s.c
[3.688s] -- Up-to-date: /home/chakrapani/drone_files/IITI_SOC/gcs_ws/install/drone_interfaces/local/lib/python3.10/dist-packages/drone_interfaces/msg/_geotag_array_s.c
[3.693s] -- Up-to-date: /home/chakrapani/drone_files/IITI_SOC/gcs_ws/install/drone_interfaces/local/lib/python3.10/dist-packages/drone_interfaces/msg/_geotag_s.c
[3.694s] -- Up-to-date: /home/chakrapani/drone_files/IITI_SOC/gcs_ws/install/drone_interfaces/local/lib/python3.10/dist-packages/drone_interfaces/msg/_waypoint_request.py
[3.699s] -- Up-to-date: /home/chakrapani/drone_files/IITI_SOC/gcs_ws/install/drone_interfaces/local/lib/python3.10/dist-packages/drone_interfaces/msg/_waypoint_request_s.c
[3.700s] -- Up-to-date: /home/chakrapani/drone_files/IITI_SOC/gcs_ws/install/drone_interfaces/local/lib/python3.10/dist-packages/drone_interfaces/msg/_geotag.py
[3.700s] -- Up-to-date: /home/chakrapani/drone_files/IITI_SOC/gcs_ws/install/drone_interfaces/local/lib/python3.10/dist-packages/drone_interfaces/msg/_geotag_array.py
[3.700s] -- Up-to-date: /home/chakrapani/drone_files/IITI_SOC/gcs_ws/install/drone_interfaces/local/lib/python3.10/dist-packages/drone_interfaces/msg/_waypoint_s.c
[3.700s] -- Up-to-date: /home/chakrapani/drone_files/IITI_SOC/gcs_ws/install/drone_interfaces/local/lib/python3.10/dist-packages/drone_interfaces/msg/_drone_type_change_s.c
[3.707s] -- Up-to-date: /home/chakrapani/drone_files/IITI_SOC/gcs_ws/install/drone_interfaces/local/lib/python3.10/dist-packages/drone_interfaces/msg/_waypoint_array.py
[3.707s] -- Up-to-date: /home/chakrapani/drone_files/IITI_SOC/gcs_ws/install/drone_interfaces/local/lib/python3.10/dist-packages/drone_interfaces/msg/_drone_status_update_s.c
[3.707s] -- Up-to-date: /home/chakrapani/drone_files/IITI_SOC/gcs_ws/install/drone_interfaces/local/lib/python3.10/dist-packages/drone_interfaces/msg/_waypoint_visited_s.c
[3.707s] -- Up-to-date: /home/chakrapani/drone_files/IITI_SOC/gcs_ws/install/drone_interfaces/local/lib/python3.10/dist-packages/drone_interfaces/msg/_drone_status.py
[3.707s] -- Up-to-date: /home/chakrapani/drone_files/IITI_SOC/gcs_ws/install/drone_interfaces/local/lib/python3.10/dist-packages/drone_interfaces/msg/_drone_type_change.py
[3.707s] -- Up-to-date: /home/chakrapani/drone_files/IITI_SOC/gcs_ws/install/drone_interfaces/local/lib/python3.10/dist-packages/drone_interfaces/msg/_drone_status_update.py
[3.707s] -- Up-to-date: /home/chakrapani/drone_files/IITI_SOC/gcs_ws/install/drone_interfaces/local/lib/python3.10/dist-packages/drone_interfaces/drone_interfaces_s__rosidl_typesupport_introspection_c.cpython-310-x86_64-linux-gnu.so
[3.707s] -- Up-to-date: /home/chakrapani/drone_files/IITI_SOC/gcs_ws/install/drone_interfaces/local/lib/python3.10/dist-packages/drone_interfaces/drone_interfaces_s__rosidl_typesupport_fastrtps_c.cpython-310-x86_64-linux-gnu.so
[3.707s] -- Up-to-date: /home/chakrapani/drone_files/IITI_SOC/gcs_ws/install/drone_interfaces/local/lib/python3.10/dist-packages/drone_interfaces/_drone_interfaces_s.ep.rosidl_typesupport_introspection_c.c
[3.707s] -- Up-to-date: /home/chakrapani/drone_files/IITI_SOC/gcs_ws/install/drone_interfaces/local/lib/python3.10/dist-packages/drone_interfaces/libdrone_interfaces__rosidl_generator_py.so
[3.707s] -- Up-to-date: /home/chakrapani/drone_files/IITI_SOC/gcs_ws/install/drone_interfaces/local/lib/python3.10/dist-packages/drone_interfaces/_drone_interfaces_s.ep.rosidl_typesupport_fastrtps_c.c
[3.707s] -- Up-to-date: /home/chakrapani/drone_files/IITI_SOC/gcs_ws/install/drone_interfaces/local/lib/python3.10/dist-packages/drone_interfaces/drone_interfaces_s__rosidl_typesupport_c.cpython-310-x86_64-linux-gnu.so
[3.710s] -- Up-to-date: /home/chakrapani/drone_files/IITI_SOC/gcs_ws/install/drone_interfaces/local/lib/python3.10/dist-packages/drone_interfaces/srv
[3.711s] -- Up-to-date: /home/chakrapani/drone_files/IITI_SOC/gcs_ws/install/drone_interfaces/local/lib/python3.10/dist-packages/drone_interfaces/srv/__init__.py
[3.711s] -- Up-to-date: /home/chakrapani/drone_files/IITI_SOC/gcs_ws/install/drone_interfaces/local/lib/python3.10/dist-packages/drone_interfaces/srv/_get_severity_score.py
[3.711s] -- Up-to-date: /home/chakrapani/drone_files/IITI_SOC/gcs_ws/install/drone_interfaces/local/lib/python3.10/dist-packages/drone_interfaces/srv/_get_severity_score_s.c
[3.894s] Listing '/home/chakrapani/drone_files/IITI_SOC/gcs_ws/install/drone_interfaces/local/lib/python3.10/dist-packages/drone_interfaces'...
[3.894s] Listing '/home/chakrapani/drone_files/IITI_SOC/gcs_ws/install/drone_interfaces/local/lib/python3.10/dist-packages/drone_interfaces/msg'...
[3.894s] Listing '/home/chakrapani/drone_files/IITI_SOC/gcs_ws/install/drone_interfaces/local/lib/python3.10/dist-packages/drone_interfaces/srv'...
[3.915s] -- Up-to-date: /home/chakrapani/drone_files/IITI_SOC/gcs_ws/install/drone_interfaces/local/lib/python3.10/dist-packages/drone_interfaces/drone_interfaces_s__rosidl_typesupport_fastrtps_c.cpython-310-x86_64-linux-gnu.so
[3.918s] -- Up-to-date: /home/chakrapani/drone_files/IITI_SOC/gcs_ws/install/drone_interfaces/local/lib/python3.10/dist-packages/drone_interfaces/drone_interfaces_s__rosidl_typesupport_introspection_c.cpython-310-x86_64-linux-gnu.so
[3.921s] -- Up-to-date: /home/chakrapani/drone_files/IITI_SOC/gcs_ws/install/drone_interfaces/local/lib/python3.10/dist-packages/drone_interfaces/drone_interfaces_s__rosidl_typesupport_c.cpython-310-x86_64-linux-gnu.so
[3.923s] -- Up-to-date: /home/chakrapani/drone_files/IITI_SOC/gcs_ws/install/drone_interfaces/lib/libdrone_interfaces__rosidl_generator_py.so
[3.925s] -- Up-to-date: /home/chakrapani/drone_files/IITI_SOC/gcs_ws/install/drone_interfaces/share/drone_interfaces/msg/Waypoint.idl
[3.927s] -- Up-to-date: /home/chakrapani/drone_files/IITI_SOC/gcs_ws/install/drone_interfaces/share/drone_interfaces/msg/WaypointArray.idl
[3.938s] -- Up-to-date: /home/chakrapani/drone_files/IITI_SOC/gcs_ws/install/drone_interfaces/share/drone_interfaces/msg/DroneStatus.idl
[3.938s] -- Up-to-date: /home/chakrapani/drone_files/IITI_SOC/gcs_ws/install/drone_interfaces/share/drone_interfaces/msg/WaypointRequest.idl
[3.938s] -- Up-to-date: /home/chakrapani/drone_files/IITI_SOC/gcs_ws/install/drone_interfaces/share/drone_interfaces/msg/WaypointVisited.idl
[3.942s] -- Up-to-date: /home/chakrapani/drone_files/IITI_SOC/gcs_ws/install/drone_interfaces/share/drone_interfaces/msg/DroneStatusUpdate.idl
[3.942s] -- Up-to-date: /home/chakrapani/drone_files/IITI_SOC/gcs_ws/install/drone_interfaces/share/drone_interfaces/msg/DroneTypeChange.idl
[3.942s] -- Up-to-date: /home/chakrapani/drone_files/IITI_SOC/gcs_ws/install/drone_interfaces/share/drone_interfaces/msg/Geotag.idl
[3.942s] -- Up-to-date: /home/chakrapani/drone_files/IITI_SOC/gcs_ws/install/drone_interfaces/share/drone_interfaces/msg/GeotagArray.idl
[3.943s] -- Up-to-date: /home/chakrapani/drone_files/IITI_SOC/gcs_ws/install/drone_interfaces/share/drone_interfaces/msg/GeotagRequest.idl
[3.943s] -- Up-to-date: /home/chakrapani/drone_files/IITI_SOC/gcs_ws/install/drone_interfaces/share/drone_interfaces/srv/GetSeverityScore.idl
[3.943s] -- Up-to-date: /home/chakrapani/drone_files/IITI_SOC/gcs_ws/install/drone_interfaces/share/drone_interfaces/msg/Waypoint.msg
[3.943s] -- Up-to-date: /home/chakrapani/drone_files/IITI_SOC/gcs_ws/install/drone_interfaces/share/drone_interfaces/msg/WaypointArray.msg
[3.943s] -- Up-to-date: /home/chakrapani/drone_files/IITI_SOC/gcs_ws/install/drone_interfaces/share/drone_interfaces/msg/DroneStatus.msg
[3.943s] -- Up-to-date: /home/chakrapani/drone_files/IITI_SOC/gcs_ws/install/drone_interfaces/share/drone_interfaces/msg/WaypointRequest.msg
[3.943s] -- Up-to-date: /home/chakrapani/drone_files/IITI_SOC/gcs_ws/install/drone_interfaces/share/drone_interfaces/msg/WaypointVisited.msg
[3.943s] -- Up-to-date: /home/chakrapani/drone_files/IITI_SOC/gcs_ws/install/drone_interfaces/share/drone_interfaces/msg/DroneStatusUpdate.msg
[3.943s] -- Up-to-date: /home/chakrapani/drone_files/IITI_SOC/gcs_ws/install/drone_interfaces/share/drone_interfaces/msg/DroneTypeChange.msg
[3.943s] -- Up-to-date: /home/chakrapani/drone_files/IITI_SOC/gcs_ws/install/drone_interfaces/share/drone_interfaces/msg/Geotag.msg
[3.943s] -- Up-to-date: /home/chakrapani/drone_files/IITI_SOC/gcs_ws/install/drone_interfaces/share/drone_interfaces/msg/GeotagArray.msg
[3.951s] -- Up-to-date: /home/chakrapani/drone_files/IITI_SOC/gcs_ws/install/drone_interfaces/share/drone_interfaces/msg/GeotagRequest.msg
[3.951s] -- Up-to-date: /home/chakrapani/drone_files/IITI_SOC/gcs_ws/install/drone_interfaces/share/drone_interfaces/srv/GetSeverityScore.srv
[3.951s] -- Up-to-date: /home/chakrapani/drone_files/IITI_SOC/gcs_ws/install/drone_interfaces/share/drone_interfaces/srv/GetSeverityScore_Request.msg
[3.951s] -- Up-to-date: /home/chakrapani/drone_files/IITI_SOC/gcs_ws/install/drone_interfaces/share/drone_interfaces/srv/GetSeverityScore_Response.msg
[3.953s] -- Up-to-date: /home/chakrapani/drone_files/IITI_SOC/gcs_ws/install/drone_interfaces/share/ament_index/resource_index/package_run_dependencies/drone_interfaces
[3.954s] -- Up-to-date: /home/chakrapani/drone_files/IITI_SOC/gcs_ws/install/drone_interfaces/share/ament_index/resource_index/parent_prefix_path/drone_interfaces
[3.955s] -- Up-to-date: /home/chakrapani/drone_files/IITI_SOC/gcs_ws/install/drone_interfaces/share/drone_interfaces/environment/ament_prefix_path.sh
[3.955s] -- Up-to-date: /home/chakrapani/drone_files/IITI_SOC/gcs_ws/install/drone_interfaces/share/drone_interfaces/environment/ament_prefix_path.dsv
[3.955s] -- Up-to-date: /home/chakrapani/drone_files/IITI_SOC/gcs_ws/install/drone_interfaces/share/drone_interfaces/environment/path.sh
[3.955s] -- Up-to-date: /home/chakrapani/drone_files/IITI_SOC/gcs_ws/install/drone_interfaces/share/drone_interfaces/environment/path.dsv
[3.955s] -- Up-to-date: /home/chakrapani/drone_files/IITI_SOC/gcs_ws/install/drone_interfaces/share/drone_interfaces/local_setup.bash
[3.955s] -- Up-to-date: /home/chakrapani/drone_files/IITI_SOC/gcs_ws/install/drone_interfaces/share/drone_interfaces/local_setup.sh
[3.955s] -- Up-to-date: /home/chakrapani/drone_files/IITI_SOC/gcs_ws/install/drone_interfaces/share/drone_interfaces/local_setup.zsh
[3.955s] -- Up-to-date: /home/chakrapani/drone_files/IITI_SOC/gcs_ws/install/drone_interfaces/share/drone_interfaces/local_setup.dsv
[3.955s] -- Installing: /home/chakrapani/drone_files/IITI_SOC/gcs_ws/install/drone_interfaces/share/drone_interfaces/package.dsv
[3.955s] -- Up-to-date: /home/chakrapani/drone_files/IITI_SOC/gcs_ws/install/drone_interfaces/share/ament_index/resource_index/packages/drone_interfaces
[3.966s] -- Up-to-date: /home/chakrapani/drone_files/IITI_SOC/gcs_ws/install/drone_interfaces/share/drone_interfaces/cmake/export_drone_interfaces__rosidl_generator_cExport.cmake
[3.971s] -- Up-to-date: /home/chakrapani/drone_files/IITI_SOC/gcs_ws/install/drone_interfaces/share/drone_interfaces/cmake/export_drone_interfaces__rosidl_generator_cExport-noconfig.cmake
[3.971s] -- Up-to-date: /home/chakrapani/drone_files/IITI_SOC/gcs_ws/install/drone_interfaces/share/drone_interfaces/cmake/export_drone_interfaces__rosidl_typesupport_fastrtps_cExport.cmake
[3.971s] -- Up-to-date: /home/chakrapani/drone_files/IITI_SOC/gcs_ws/install/drone_interfaces/share/drone_interfaces/cmake/export_drone_interfaces__rosidl_typesupport_fastrtps_cExport-noconfig.cmake
[3.971s] -- Up-to-date: /home/chakrapani/drone_files/IITI_SOC/gcs_ws/install/drone_interfaces/share/drone_interfaces/cmake/drone_interfaces__rosidl_typesupport_introspection_cExport.cmake
[3.972s] -- Up-to-date: /home/chakrapani/drone_files/IITI_SOC/gcs_ws/install/drone_interfaces/share/drone_interfaces/cmake/drone_interfaces__rosidl_typesupport_introspection_cExport-noconfig.cmake
[3.975s] -- Up-to-date: /home/chakrapani/drone_files/IITI_SOC/gcs_ws/install/drone_interfaces/share/drone_interfaces/cmake/drone_interfaces__rosidl_typesupport_cExport.cmake
[3.976s] -- Up-to-date: /home/chakrapani/drone_files/IITI_SOC/gcs_ws/install/drone_interfaces/share/drone_interfaces/cmake/drone_interfaces__rosidl_typesupport_cExport-noconfig.cmake
[3.980s] -- Up-to-date: /home/chakrapani/drone_files/IITI_SOC/gcs_ws/install/drone_interfaces/share/drone_interfaces/cmake/export_drone_interfaces__rosidl_generator_cppExport.cmake
[3.982s] -- Up-to-date: /home/chakrapani/drone_files/IITI_SOC/gcs_ws/install/drone_interfaces/share/drone_interfaces/cmake/export_drone_interfaces__rosidl_typesupport_fastrtps_cppExport.cmake
[3.984s] -- Up-to-date: /home/chakrapani/drone_files/IITI_SOC/gcs_ws/install/drone_interfaces/share/drone_interfaces/cmake/export_drone_interfaces__rosidl_typesupport_fastrtps_cppExport-noconfig.cmake
[3.990s] -- Up-to-date: /home/chakrapani/drone_files/IITI_SOC/gcs_ws/install/drone_interfaces/share/drone_interfaces/cmake/drone_interfaces__rosidl_typesupport_introspection_cppExport.cmake
[3.991s] -- Up-to-date: /home/chakrapani/drone_files/IITI_SOC/gcs_ws/install/drone_interfaces/share/drone_interfaces/cmake/drone_interfaces__rosidl_typesupport_introspection_cppExport-noconfig.cmake
[3.991s] -- Up-to-date: /home/chakrapani/drone_files/IITI_SOC/gcs_ws/install/drone_interfaces/share/drone_interfaces/cmake/drone_interfaces__rosidl_typesupport_cppExport.cmake
[3.993s] -- Up-to-date: /home/chakrapani/drone_files/IITI_SOC/gcs_ws/install/drone_interfaces/share/drone_interfaces/cmake/drone_interfaces__rosidl_typesupport_cppExport-noconfig.cmake
[3.995s] -- Up-to-date: /home/chakrapani/drone_files/IITI_SOC/gcs_ws/install/drone_interfaces/share/drone_interfaces/cmake/export_drone_interfaces__rosidl_generator_pyExport.cmake
[3.996s] -- Up-to-date: /home/chakrapani/drone_files/IITI_SOC/gcs_ws/install/drone_interfaces/share/drone_interfaces/cmake/export_drone_interfaces__rosidl_generator_pyExport-noconfig.cmake
[3.999s] -- Up-to-date: /home/chakrapani/drone_files/IITI_SOC/gcs_ws/install/drone_interfaces/share/drone_interfaces/cmake/rosidl_cmake-extras.cmake
[3.999s] -- Up-to-date: /home/chakrapani/drone_files/IITI_SOC/gcs_ws/install/drone_interfaces/share/drone_interfaces/cmake/ament_cmake_export_include_directories-extras.cmake
[3.999s] -- Up-to-date: /home/chakrapani/drone_files/IITI_SOC/gcs_ws/install/drone_interfaces/share/drone_interfaces/cmake/ament_cmake_export_libraries-extras.cmake
[4.003s] -- Up-to-date: /home/chakrapani/drone_files/IITI_SOC/gcs_ws/install/drone_interfaces/share/drone_interfaces/cmake/ament_cmake_export_targets-extras.cmake
[4.004s] -- Up-to-date: /home/chakrapani/drone_files/IITI_SOC/gcs_ws/install/drone_interfaces/share/drone_interfaces/cmake/rosidl_cmake_export_typesupport_targets-extras.cmake
[4.004s] -- Up-to-date: /home/chakrapani/drone_files/IITI_SOC/gcs_ws/install/drone_interfaces/share/drone_interfaces/cmake/ament_cmake_export_dependencies-extras.cmake
[4.004s] -- Up-to-date: /home/chakrapani/drone_files/IITI_SOC/gcs_ws/install/drone_interfaces/share/drone_interfaces/cmake/rosidl_cmake_export_typesupport_libraries-extras.cmake
[4.004s] -- Up-to-date: /home/chakrapani/drone_files/IITI_SOC/gcs_ws/install/drone_interfaces/share/drone_interfaces/cmake/drone_interfacesConfig.cmake
[4.004s] -- Up-to-date: /home/chakrapani/drone_files/IITI_SOC/gcs_ws/install/drone_interfaces/share/drone_interfaces/cmake/drone_interfacesConfig-version.cmake
[4.004s] -- Up-to-date: /home/chakrapani/drone_files/IITI_SOC/gcs_ws/install/drone_interfaces/share/drone_interfaces/package.xml
[4.016s] Invoked command in '/home/chakrapani/drone_files/IITI_SOC/gcs_ws/build/drone_interfaces' returned '0': CMAKE_PREFIX_PATH=${CMAKE_PREFIX_PATH}:/home/chakrapani/drone_files/IITI_SOC/gcs_ws/install/gcs_controller:/home/chakrapani/drone_files/IITI_SOC/gcs_ws/install/mission_utils:/home/chakrapani/drone_files/IITI_SOC/gcs_ws/install/drone_launch:/home/chakrapani/drone_files/IITI_SOC/gcs_ws/install/drone_2_manager:/home/chakrapani/drone_files/IITI_SOC/gcs_ws/install/drone_1_manager:/opt/ros/humble /usr/bin/cmake --install /home/chakrapani/drone_files/IITI_SOC/gcs_ws/build/drone_interfaces
