[  0%] Built target drone_interfaces__cpp
[ 12%] Built target drone_interfaces__rosidl_generator_c
[ 12%] Built target ament_cmake_python_copy_drone_interfaces
[ 24%] Built target drone_interfaces__rosidl_typesupport_introspection_c
[ 36%] Built target drone_interfaces__rosidl_typesupport_cpp
[ 48%] Built target drone_interfaces__rosidl_typesupport_fastrtps_cpp
[ 60%] Built target drone_interfaces__rosidl_typesupport_introspection_cpp
[ 72%] Built target drone_interfaces__rosidl_typesupport_fastrtps_c
[ 84%] Built target drone_interfaces__rosidl_typesupport_c
[ 84%] Built target drone_interfaces
[ 85%] Built target drone_interfaces__py
[ 96%] Built target drone_interfaces__rosidl_generator_py
[ 97%] Built target drone_interfaces__rosidl_typesupport_fastrtps_c__pyext
[ 99%] Built target drone_interfaces__rosidl_typesupport_introspection_c__pyext
[100%] Built target drone_interfaces__rosidl_typesupport_c__pyext
running egg_info
writing drone_interfaces.egg-info/PKG-INFO
writing dependency_links to drone_interfaces.egg-info/dependency_links.txt
writing top-level names to drone_interfaces.egg-info/top_level.txt
reading manifest file 'drone_interfaces.egg-info/SOURCES.txt'
writing manifest file 'drone_interfaces.egg-info/SOURCES.txt'
[100%] Built target ament_cmake_python_build_drone_interfaces_egg
-- Install configuration: ""
-- Up-to-date: /home/bhav/IITISoC-25-IVR09/gcs_ws/install/drone_interfaces/share/ament_index/resource_index/rosidl_interfaces/drone_interfaces
-- Up-to-date: /home/bhav/IITISoC-25-IVR09/gcs_ws/install/drone_interfaces/include/drone_interfaces/drone_interfaces
-- Up-to-date: /home/bhav/IITISoC-25-IVR09/gcs_ws/install/drone_interfaces/include/drone_interfaces/drone_interfaces/srv
-- Up-to-date: /home/bhav/IITISoC-25-IVR09/gcs_ws/install/drone_interfaces/include/drone_interfaces/drone_interfaces/srv/get_severity_score.h
-- Up-to-date: /home/bhav/IITISoC-25-IVR09/gcs_ws/install/drone_interfaces/include/drone_interfaces/drone_interfaces/srv/detail
-- Up-to-date: /home/bhav/IITISoC-25-IVR09/gcs_ws/install/drone_interfaces/include/drone_interfaces/drone_interfaces/srv/detail/get_severity_score__type_support.h
-- Up-to-date: /home/bhav/IITISoC-25-IVR09/gcs_ws/install/drone_interfaces/include/drone_interfaces/drone_interfaces/srv/detail/get_severity_score__struct.h
-- Up-to-date: /home/bhav/IITISoC-25-IVR09/gcs_ws/install/drone_interfaces/include/drone_interfaces/drone_interfaces/srv/detail/get_severity_score__functions.c
-- Up-to-date: /home/bhav/IITISoC-25-IVR09/gcs_ws/install/drone_interfaces/include/drone_interfaces/drone_interfaces/srv/detail/get_severity_score__functions.h
-- Up-to-date: /home/bhav/IITISoC-25-IVR09/gcs_ws/install/drone_interfaces/include/drone_interfaces/drone_interfaces/msg
-- Up-to-date: /home/bhav/IITISoC-25-IVR09/gcs_ws/install/drone_interfaces/include/drone_interfaces/drone_interfaces/msg/waypoint_request.h
-- Up-to-date: /home/bhav/IITISoC-25-IVR09/gcs_ws/install/drone_interfaces/include/drone_interfaces/drone_interfaces/msg/surveillance_status.h
-- Up-to-date: /home/bhav/IITISoC-25-IVR09/gcs_ws/install/drone_interfaces/include/drone_interfaces/drone_interfaces/msg/geotag_array.h
-- Up-to-date: /home/bhav/IITISoC-25-IVR09/gcs_ws/install/drone_interfaces/include/drone_interfaces/drone_interfaces/msg/geotag.h
-- Up-to-date: /home/bhav/IITISoC-25-IVR09/gcs_ws/install/drone_interfaces/include/drone_interfaces/drone_interfaces/msg/rosidl_generator_c__visibility_control.h
-- Up-to-date: /home/bhav/IITISoC-25-IVR09/gcs_ws/install/drone_interfaces/include/drone_interfaces/drone_interfaces/msg/drone_status.h
-- Up-to-date: /home/bhav/IITISoC-25-IVR09/gcs_ws/install/drone_interfaces/include/drone_interfaces/drone_interfaces/msg/geotag_visited.h
-- Up-to-date: /home/bhav/IITISoC-25-IVR09/gcs_ws/install/drone_interfaces/include/drone_interfaces/drone_interfaces/msg/drone_status_update.h
-- Up-to-date: /home/bhav/IITISoC-25-IVR09/gcs_ws/install/drone_interfaces/include/drone_interfaces/drone_interfaces/msg/detail
-- Up-to-date: /home/bhav/IITISoC-25-IVR09/gcs_ws/install/drone_interfaces/include/drone_interfaces/drone_interfaces/msg/detail/geotag__type_support.h
-- Up-to-date: /home/bhav/IITISoC-25-IVR09/gcs_ws/install/drone_interfaces/include/drone_interfaces/drone_interfaces/msg/detail/drone_type_change__type_support.h
-- Up-to-date: /home/bhav/IITISoC-25-IVR09/gcs_ws/install/drone_interfaces/include/drone_interfaces/drone_interfaces/msg/detail/drone_status_update__functions.c
-- Up-to-date: /home/bhav/IITISoC-25-IVR09/gcs_ws/install/drone_interfaces/include/drone_interfaces/drone_interfaces/msg/detail/geotag_array__functions.h
-- Up-to-date: /home/bhav/IITISoC-25-IVR09/gcs_ws/install/drone_interfaces/include/drone_interfaces/drone_interfaces/msg/detail/drone_status__functions.h
-- Up-to-date: /home/bhav/IITISoC-25-IVR09/gcs_ws/install/drone_interfaces/include/drone_interfaces/drone_interfaces/msg/detail/waypoint_visited__struct.h
-- Up-to-date: /home/bhav/IITISoC-25-IVR09/gcs_ws/install/drone_interfaces/include/drone_interfaces/drone_interfaces/msg/detail/geotag_request__functions.c
-- Up-to-date: /home/bhav/IITISoC-25-IVR09/gcs_ws/install/drone_interfaces/include/drone_interfaces/drone_interfaces/msg/detail/waypoint_visited__type_support.h
-- Up-to-date: /home/bhav/IITISoC-25-IVR09/gcs_ws/install/drone_interfaces/include/drone_interfaces/drone_interfaces/msg/detail/waypoint_request__functions.h
-- Up-to-date: /home/bhav/IITISoC-25-IVR09/gcs_ws/install/drone_interfaces/include/drone_interfaces/drone_interfaces/msg/detail/drone_status_update__struct.h
-- Up-to-date: /home/bhav/IITISoC-25-IVR09/gcs_ws/install/drone_interfaces/include/drone_interfaces/drone_interfaces/msg/detail/waypoint_request__struct.h
-- Up-to-date: /home/bhav/IITISoC-25-IVR09/gcs_ws/install/drone_interfaces/include/drone_interfaces/drone_interfaces/msg/detail/surveillance_status__functions.h
-- Up-to-date: /home/bhav/IITISoC-25-IVR09/gcs_ws/install/drone_interfaces/include/drone_interfaces/drone_interfaces/msg/detail/waypoint__functions.h
-- Up-to-date: /home/bhav/IITISoC-25-IVR09/gcs_ws/install/drone_interfaces/include/drone_interfaces/drone_interfaces/msg/detail/geotag_request__functions.h
-- Up-to-date: /home/bhav/IITISoC-25-IVR09/gcs_ws/install/drone_interfaces/include/drone_interfaces/drone_interfaces/msg/detail/geotag_request__struct.h
-- Up-to-date: /home/bhav/IITISoC-25-IVR09/gcs_ws/install/drone_interfaces/include/drone_interfaces/drone_interfaces/msg/detail/drone_status__struct.h
-- Up-to-date: /home/bhav/IITISoC-25-IVR09/gcs_ws/install/drone_interfaces/include/drone_interfaces/drone_interfaces/msg/detail/surveillance_status__functions.c
-- Up-to-date: /home/bhav/IITISoC-25-IVR09/gcs_ws/install/drone_interfaces/include/drone_interfaces/drone_interfaces/msg/detail/waypoint__type_support.h
-- Up-to-date: /home/bhav/IITISoC-25-IVR09/gcs_ws/install/drone_interfaces/include/drone_interfaces/drone_interfaces/msg/detail/drone_type_change__functions.c
-- Up-to-date: /home/bhav/IITISoC-25-IVR09/gcs_ws/install/drone_interfaces/include/drone_interfaces/drone_interfaces/msg/detail/geotag_visited__struct.h
-- Up-to-date: /home/bhav/IITISoC-25-IVR09/gcs_ws/install/drone_interfaces/include/drone_interfaces/drone_interfaces/msg/detail/waypoint_array__functions.c
-- Up-to-date: /home/bhav/IITISoC-25-IVR09/gcs_ws/install/drone_interfaces/include/drone_interfaces/drone_interfaces/msg/detail/geotag_array__struct.h
-- Up-to-date: /home/bhav/IITISoC-25-IVR09/gcs_ws/install/drone_interfaces/include/drone_interfaces/drone_interfaces/msg/detail/waypoint_array__functions.h
-- Up-to-date: /home/bhav/IITISoC-25-IVR09/gcs_ws/install/drone_interfaces/include/drone_interfaces/drone_interfaces/msg/detail/geotag_visited__functions.h
-- Up-to-date: /home/bhav/IITISoC-25-IVR09/gcs_ws/install/drone_interfaces/include/drone_interfaces/drone_interfaces/msg/detail/waypoint_visited__functions.c
-- Up-to-date: /home/bhav/IITISoC-25-IVR09/gcs_ws/install/drone_interfaces/include/drone_interfaces/drone_interfaces/msg/detail/waypoint_visited__functions.h
-- Up-to-date: /home/bhav/IITISoC-25-IVR09/gcs_ws/install/drone_interfaces/include/drone_interfaces/drone_interfaces/msg/detail/geotag__functions.h
-- Up-to-date: /home/bhav/IITISoC-25-IVR09/gcs_ws/install/drone_interfaces/include/drone_interfaces/drone_interfaces/msg/detail/drone_type_change__struct.h
-- Up-to-date: /home/bhav/IITISoC-25-IVR09/gcs_ws/install/drone_interfaces/include/drone_interfaces/drone_interfaces/msg/detail/waypoint_array__struct.h
-- Up-to-date: /home/bhav/IITISoC-25-IVR09/gcs_ws/install/drone_interfaces/include/drone_interfaces/drone_interfaces/msg/detail/waypoint__functions.c
-- Up-to-date: /home/bhav/IITISoC-25-IVR09/gcs_ws/install/drone_interfaces/include/drone_interfaces/drone_interfaces/msg/detail/geotag_array__type_support.h
-- Up-to-date: /home/bhav/IITISoC-25-IVR09/gcs_ws/install/drone_interfaces/include/drone_interfaces/drone_interfaces/msg/detail/waypoint_array__type_support.h
-- Up-to-date: /home/bhav/IITISoC-25-IVR09/gcs_ws/install/drone_interfaces/include/drone_interfaces/drone_interfaces/msg/detail/drone_type_change__functions.h
-- Up-to-date: /home/bhav/IITISoC-25-IVR09/gcs_ws/install/drone_interfaces/include/drone_interfaces/drone_interfaces/msg/detail/waypoint_request__type_support.h
-- Up-to-date: /home/bhav/IITISoC-25-IVR09/gcs_ws/install/drone_interfaces/include/drone_interfaces/drone_interfaces/msg/detail/geotag__struct.h
-- Up-to-date: /home/bhav/IITISoC-25-IVR09/gcs_ws/install/drone_interfaces/include/drone_interfaces/drone_interfaces/msg/detail/geotag_visited__functions.c
-- Up-to-date: /home/bhav/IITISoC-25-IVR09/gcs_ws/install/drone_interfaces/include/drone_interfaces/drone_interfaces/msg/detail/geotag_visited__type_support.h
-- Up-to-date: /home/bhav/IITISoC-25-IVR09/gcs_ws/install/drone_interfaces/include/drone_interfaces/drone_interfaces/msg/detail/surveillance_status__type_support.h
-- Up-to-date: /home/bhav/IITISoC-25-IVR09/gcs_ws/install/drone_interfaces/include/drone_interfaces/drone_interfaces/msg/detail/drone_status_update__functions.h
-- Up-to-date: /home/bhav/IITISoC-25-IVR09/gcs_ws/install/drone_interfaces/include/drone_interfaces/drone_interfaces/msg/detail/drone_status__functions.c
-- Up-to-date: /home/bhav/IITISoC-25-IVR09/gcs_ws/install/drone_interfaces/include/drone_interfaces/drone_interfaces/msg/detail/geotag_request__type_support.h
-- Up-to-date: /home/bhav/IITISoC-25-IVR09/gcs_ws/install/drone_interfaces/include/drone_interfaces/drone_interfaces/msg/detail/waypoint__struct.h
-- Up-to-date: /home/bhav/IITISoC-25-IVR09/gcs_ws/install/drone_interfaces/include/drone_interfaces/drone_interfaces/msg/detail/geotag__functions.c
-- Up-to-date: /home/bhav/IITISoC-25-IVR09/gcs_ws/install/drone_interfaces/include/drone_interfaces/drone_interfaces/msg/detail/geotag_array__functions.c
-- Up-to-date: /home/bhav/IITISoC-25-IVR09/gcs_ws/install/drone_interfaces/include/drone_interfaces/drone_interfaces/msg/detail/drone_status__type_support.h
-- Up-to-date: /home/bhav/IITISoC-25-IVR09/gcs_ws/install/drone_interfaces/include/drone_interfaces/drone_interfaces/msg/detail/waypoint_request__functions.c
-- Up-to-date: /home/bhav/IITISoC-25-IVR09/gcs_ws/install/drone_interfaces/include/drone_interfaces/drone_interfaces/msg/detail/drone_status_update__type_support.h
-- Up-to-date: /home/bhav/IITISoC-25-IVR09/gcs_ws/install/drone_interfaces/include/drone_interfaces/drone_interfaces/msg/detail/surveillance_status__struct.h
-- Up-to-date: /home/bhav/IITISoC-25-IVR09/gcs_ws/install/drone_interfaces/include/drone_interfaces/drone_interfaces/msg/waypoint_array.h
-- Up-to-date: /home/bhav/IITISoC-25-IVR09/gcs_ws/install/drone_interfaces/include/drone_interfaces/drone_interfaces/msg/drone_type_change.h
-- Up-to-date: /home/bhav/IITISoC-25-IVR09/gcs_ws/install/drone_interfaces/include/drone_interfaces/drone_interfaces/msg/waypoint.h
-- Up-to-date: /home/bhav/IITISoC-25-IVR09/gcs_ws/install/drone_interfaces/include/drone_interfaces/drone_interfaces/msg/waypoint_visited.h
-- Up-to-date: /home/bhav/IITISoC-25-IVR09/gcs_ws/install/drone_interfaces/include/drone_interfaces/drone_interfaces/msg/geotag_request.h
-- Up-to-date: /home/bhav/IITISoC-25-IVR09/gcs_ws/install/drone_interfaces/share/drone_interfaces/environment/library_path.sh
-- Up-to-date: /home/bhav/IITISoC-25-IVR09/gcs_ws/install/drone_interfaces/share/drone_interfaces/environment/library_path.dsv
-- Up-to-date: /home/bhav/IITISoC-25-IVR09/gcs_ws/install/drone_interfaces/lib/libdrone_interfaces__rosidl_generator_c.so
-- Up-to-date: /home/bhav/IITISoC-25-IVR09/gcs_ws/install/drone_interfaces/include/drone_interfaces/drone_interfaces
-- Up-to-date: /home/bhav/IITISoC-25-IVR09/gcs_ws/install/drone_interfaces/include/drone_interfaces/drone_interfaces/srv
-- Up-to-date: /home/bhav/IITISoC-25-IVR09/gcs_ws/install/drone_interfaces/include/drone_interfaces/drone_interfaces/srv/detail
-- Up-to-date: /home/bhav/IITISoC-25-IVR09/gcs_ws/install/drone_interfaces/include/drone_interfaces/drone_interfaces/srv/detail/get_severity_score__rosidl_typesupport_fastrtps_c.h
-- Up-to-date: /home/bhav/IITISoC-25-IVR09/gcs_ws/install/drone_interfaces/include/drone_interfaces/drone_interfaces/msg
-- Up-to-date: /home/bhav/IITISoC-25-IVR09/gcs_ws/install/drone_interfaces/include/drone_interfaces/drone_interfaces/msg/rosidl_typesupport_fastrtps_c__visibility_control.h
-- Up-to-date: /home/bhav/IITISoC-25-IVR09/gcs_ws/install/drone_interfaces/include/drone_interfaces/drone_interfaces/msg/detail
-- Up-to-date: /home/bhav/IITISoC-25-IVR09/gcs_ws/install/drone_interfaces/include/drone_interfaces/drone_interfaces/msg/detail/drone_status__rosidl_typesupport_fastrtps_c.h
-- Up-to-date: /home/bhav/IITISoC-25-IVR09/gcs_ws/install/drone_interfaces/include/drone_interfaces/drone_interfaces/msg/detail/surveillance_status__rosidl_typesupport_fastrtps_c.h
-- Up-to-date: /home/bhav/IITISoC-25-IVR09/gcs_ws/install/drone_interfaces/include/drone_interfaces/drone_interfaces/msg/detail/drone_status_update__rosidl_typesupport_fastrtps_c.h
-- Up-to-date: /home/bhav/IITISoC-25-IVR09/gcs_ws/install/drone_interfaces/include/drone_interfaces/drone_interfaces/msg/detail/geotag_array__rosidl_typesupport_fastrtps_c.h
-- Up-to-date: /home/bhav/IITISoC-25-IVR09/gcs_ws/install/drone_interfaces/include/drone_interfaces/drone_interfaces/msg/detail/waypoint_array__rosidl_typesupport_fastrtps_c.h
-- Up-to-date: /home/bhav/IITISoC-25-IVR09/gcs_ws/install/drone_interfaces/include/drone_interfaces/drone_interfaces/msg/detail/geotag__rosidl_typesupport_fastrtps_c.h
-- Up-to-date: /home/bhav/IITISoC-25-IVR09/gcs_ws/install/drone_interfaces/include/drone_interfaces/drone_interfaces/msg/detail/drone_type_change__rosidl_typesupport_fastrtps_c.h
-- Up-to-date: /home/bhav/IITISoC-25-IVR09/gcs_ws/install/drone_interfaces/include/drone_interfaces/drone_interfaces/msg/detail/waypoint_visited__rosidl_typesupport_fastrtps_c.h
-- Up-to-date: /home/bhav/IITISoC-25-IVR09/gcs_ws/install/drone_interfaces/include/drone_interfaces/drone_interfaces/msg/detail/geotag_visited__rosidl_typesupport_fastrtps_c.h
-- Up-to-date: /home/bhav/IITISoC-25-IVR09/gcs_ws/install/drone_interfaces/include/drone_interfaces/drone_interfaces/msg/detail/geotag_request__rosidl_typesupport_fastrtps_c.h
-- Up-to-date: /home/bhav/IITISoC-25-IVR09/gcs_ws/install/drone_interfaces/include/drone_interfaces/drone_interfaces/msg/detail/waypoint_request__rosidl_typesupport_fastrtps_c.h
-- Up-to-date: /home/bhav/IITISoC-25-IVR09/gcs_ws/install/drone_interfaces/include/drone_interfaces/drone_interfaces/msg/detail/waypoint__rosidl_typesupport_fastrtps_c.h
-- Up-to-date: /home/bhav/IITISoC-25-IVR09/gcs_ws/install/drone_interfaces/lib/libdrone_interfaces__rosidl_typesupport_fastrtps_c.so
-- Up-to-date: /home/bhav/IITISoC-25-IVR09/gcs_ws/install/drone_interfaces/include/drone_interfaces/drone_interfaces
-- Up-to-date: /home/bhav/IITISoC-25-IVR09/gcs_ws/install/drone_interfaces/include/drone_interfaces/drone_interfaces/srv
-- Up-to-date: /home/bhav/IITISoC-25-IVR09/gcs_ws/install/drone_interfaces/include/drone_interfaces/drone_interfaces/srv/detail
-- Up-to-date: /home/bhav/IITISoC-25-IVR09/gcs_ws/install/drone_interfaces/include/drone_interfaces/drone_interfaces/srv/detail/get_severity_score__type_support.c
-- Up-to-date: /home/bhav/IITISoC-25-IVR09/gcs_ws/install/drone_interfaces/include/drone_interfaces/drone_interfaces/srv/detail/get_severity_score__rosidl_typesupport_introspection_c.h
-- Up-to-date: /home/bhav/IITISoC-25-IVR09/gcs_ws/install/drone_interfaces/include/drone_interfaces/drone_interfaces/msg
-- Up-to-date: /home/bhav/IITISoC-25-IVR09/gcs_ws/install/drone_interfaces/include/drone_interfaces/drone_interfaces/msg/rosidl_typesupport_introspection_c__visibility_control.h
-- Up-to-date: /home/bhav/IITISoC-25-IVR09/gcs_ws/install/drone_interfaces/include/drone_interfaces/drone_interfaces/msg/detail
-- Up-to-date: /home/bhav/IITISoC-25-IVR09/gcs_ws/install/drone_interfaces/include/drone_interfaces/drone_interfaces/msg/detail/geotag__rosidl_typesupport_introspection_c.h
-- Up-to-date: /home/bhav/IITISoC-25-IVR09/gcs_ws/install/drone_interfaces/include/drone_interfaces/drone_interfaces/msg/detail/waypoint_visited__rosidl_typesupport_introspection_c.h
-- Up-to-date: /home/bhav/IITISoC-25-IVR09/gcs_ws/install/drone_interfaces/include/drone_interfaces/drone_interfaces/msg/detail/geotag_visited__type_support.c
-- Up-to-date: /home/bhav/IITISoC-25-IVR09/gcs_ws/install/drone_interfaces/include/drone_interfaces/drone_interfaces/msg/detail/drone_type_change__type_support.c
-- Up-to-date: /home/bhav/IITISoC-25-IVR09/gcs_ws/install/drone_interfaces/include/drone_interfaces/drone_interfaces/msg/detail/waypoint__rosidl_typesupport_introspection_c.h
-- Up-to-date: /home/bhav/IITISoC-25-IVR09/gcs_ws/install/drone_interfaces/include/drone_interfaces/drone_interfaces/msg/detail/drone_status_update__rosidl_typesupport_introspection_c.h
-- Up-to-date: /home/bhav/IITISoC-25-IVR09/gcs_ws/install/drone_interfaces/include/drone_interfaces/drone_interfaces/msg/detail/geotag_request__rosidl_typesupport_introspection_c.h
-- Up-to-date: /home/bhav/IITISoC-25-IVR09/gcs_ws/install/drone_interfaces/include/drone_interfaces/drone_interfaces/msg/detail/drone_status__rosidl_typesupport_introspection_c.h
-- Up-to-date: /home/bhav/IITISoC-25-IVR09/gcs_ws/install/drone_interfaces/include/drone_interfaces/drone_interfaces/msg/detail/waypoint_request__rosidl_typesupport_introspection_c.h
-- Up-to-date: /home/bhav/IITISoC-25-IVR09/gcs_ws/install/drone_interfaces/include/drone_interfaces/drone_interfaces/msg/detail/waypoint__type_support.c
-- Up-to-date: /home/bhav/IITISoC-25-IVR09/gcs_ws/install/drone_interfaces/include/drone_interfaces/drone_interfaces/msg/detail/drone_status__type_support.c
-- Up-to-date: /home/bhav/IITISoC-25-IVR09/gcs_ws/install/drone_interfaces/include/drone_interfaces/drone_interfaces/msg/detail/geotag_array__type_support.c
-- Up-to-date: /home/bhav/IITISoC-25-IVR09/gcs_ws/install/drone_interfaces/include/drone_interfaces/drone_interfaces/msg/detail/surveillance_status__rosidl_typesupport_introspection_c.h
-- Up-to-date: /home/bhav/IITISoC-25-IVR09/gcs_ws/install/drone_interfaces/include/drone_interfaces/drone_interfaces/msg/detail/geotag__type_support.c
-- Up-to-date: /home/bhav/IITISoC-25-IVR09/gcs_ws/install/drone_interfaces/include/drone_interfaces/drone_interfaces/msg/detail/drone_status_update__type_support.c
-- Up-to-date: /home/bhav/IITISoC-25-IVR09/gcs_ws/install/drone_interfaces/include/drone_interfaces/drone_interfaces/msg/detail/geotag_request__type_support.c
-- Up-to-date: /home/bhav/IITISoC-25-IVR09/gcs_ws/install/drone_interfaces/include/drone_interfaces/drone_interfaces/msg/detail/drone_type_change__rosidl_typesupport_introspection_c.h
-- Up-to-date: /home/bhav/IITISoC-25-IVR09/gcs_ws/install/drone_interfaces/include/drone_interfaces/drone_interfaces/msg/detail/geotag_visited__rosidl_typesupport_introspection_c.h
-- Up-to-date: /home/bhav/IITISoC-25-IVR09/gcs_ws/install/drone_interfaces/include/drone_interfaces/drone_interfaces/msg/detail/waypoint_visited__type_support.c
-- Up-to-date: /home/bhav/IITISoC-25-IVR09/gcs_ws/install/drone_interfaces/include/drone_interfaces/drone_interfaces/msg/detail/waypoint_array__type_support.c
-- Up-to-date: /home/bhav/IITISoC-25-IVR09/gcs_ws/install/drone_interfaces/include/drone_interfaces/drone_interfaces/msg/detail/waypoint_array__rosidl_typesupport_introspection_c.h
-- Up-to-date: /home/bhav/IITISoC-25-IVR09/gcs_ws/install/drone_interfaces/include/drone_interfaces/drone_interfaces/msg/detail/geotag_array__rosidl_typesupport_introspection_c.h
-- Up-to-date: /home/bhav/IITISoC-25-IVR09/gcs_ws/install/drone_interfaces/include/drone_interfaces/drone_interfaces/msg/detail/waypoint_request__type_support.c
-- Up-to-date: /home/bhav/IITISoC-25-IVR09/gcs_ws/install/drone_interfaces/include/drone_interfaces/drone_interfaces/msg/detail/surveillance_status__type_support.c
-- Up-to-date: /home/bhav/IITISoC-25-IVR09/gcs_ws/install/drone_interfaces/lib/libdrone_interfaces__rosidl_typesupport_introspection_c.so
-- Up-to-date: /home/bhav/IITISoC-25-IVR09/gcs_ws/install/drone_interfaces/lib/libdrone_interfaces__rosidl_typesupport_c.so
-- Up-to-date: /home/bhav/IITISoC-25-IVR09/gcs_ws/install/drone_interfaces/include/drone_interfaces/drone_interfaces
-- Up-to-date: /home/bhav/IITISoC-25-IVR09/gcs_ws/install/drone_interfaces/include/drone_interfaces/drone_interfaces/srv
-- Up-to-date: /home/bhav/IITISoC-25-IVR09/gcs_ws/install/drone_interfaces/include/drone_interfaces/drone_interfaces/srv/get_severity_score.hpp
-- Up-to-date: /home/bhav/IITISoC-25-IVR09/gcs_ws/install/drone_interfaces/include/drone_interfaces/drone_interfaces/srv/detail
-- Up-to-date: /home/bhav/IITISoC-25-IVR09/gcs_ws/install/drone_interfaces/include/drone_interfaces/drone_interfaces/srv/detail/get_severity_score__struct.hpp
-- Up-to-date: /home/bhav/IITISoC-25-IVR09/gcs_ws/install/drone_interfaces/include/drone_interfaces/drone_interfaces/srv/detail/get_severity_score__traits.hpp
-- Up-to-date: /home/bhav/IITISoC-25-IVR09/gcs_ws/install/drone_interfaces/include/drone_interfaces/drone_interfaces/srv/detail/get_severity_score__builder.hpp
-- Up-to-date: /home/bhav/IITISoC-25-IVR09/gcs_ws/install/drone_interfaces/include/drone_interfaces/drone_interfaces/srv/detail/get_severity_score__type_support.hpp
-- Up-to-date: /home/bhav/IITISoC-25-IVR09/gcs_ws/install/drone_interfaces/include/drone_interfaces/drone_interfaces/msg
-- Up-to-date: /home/bhav/IITISoC-25-IVR09/gcs_ws/install/drone_interfaces/include/drone_interfaces/drone_interfaces/msg/rosidl_generator_cpp__visibility_control.hpp
-- Up-to-date: /home/bhav/IITISoC-25-IVR09/gcs_ws/install/drone_interfaces/include/drone_interfaces/drone_interfaces/msg/surveillance_status.hpp
-- Up-to-date: /home/bhav/IITISoC-25-IVR09/gcs_ws/install/drone_interfaces/include/drone_interfaces/drone_interfaces/msg/geotag.hpp
-- Up-to-date: /home/bhav/IITISoC-25-IVR09/gcs_ws/install/drone_interfaces/include/drone_interfaces/drone_interfaces/msg/drone_status.hpp
-- Up-to-date: /home/bhav/IITISoC-25-IVR09/gcs_ws/install/drone_interfaces/include/drone_interfaces/drone_interfaces/msg/drone_status_update.hpp
-- Up-to-date: /home/bhav/IITISoC-25-IVR09/gcs_ws/install/drone_interfaces/include/drone_interfaces/drone_interfaces/msg/waypoint_array.hpp
-- Up-to-date: /home/bhav/IITISoC-25-IVR09/gcs_ws/install/drone_interfaces/include/drone_interfaces/drone_interfaces/msg/waypoint_visited.hpp
-- Up-to-date: /home/bhav/IITISoC-25-IVR09/gcs_ws/install/drone_interfaces/include/drone_interfaces/drone_interfaces/msg/waypoint_request.hpp
-- Up-to-date: /home/bhav/IITISoC-25-IVR09/gcs_ws/install/drone_interfaces/include/drone_interfaces/drone_interfaces/msg/geotag_visited.hpp
-- Up-to-date: /home/bhav/IITISoC-25-IVR09/gcs_ws/install/drone_interfaces/include/drone_interfaces/drone_interfaces/msg/detail
-- Up-to-date: /home/bhav/IITISoC-25-IVR09/gcs_ws/install/drone_interfaces/include/drone_interfaces/drone_interfaces/msg/detail/geotag__traits.hpp
-- Up-to-date: /home/bhav/IITISoC-25-IVR09/gcs_ws/install/drone_interfaces/include/drone_interfaces/drone_interfaces/msg/detail/waypoint_visited__struct.hpp
-- Up-to-date: /home/bhav/IITISoC-25-IVR09/gcs_ws/install/drone_interfaces/include/drone_interfaces/drone_interfaces/msg/detail/drone_status_update__traits.hpp
-- Up-to-date: /home/bhav/IITISoC-25-IVR09/gcs_ws/install/drone_interfaces/include/drone_interfaces/drone_interfaces/msg/detail/waypoint_array__struct.hpp
-- Up-to-date: /home/bhav/IITISoC-25-IVR09/gcs_ws/install/drone_interfaces/include/drone_interfaces/drone_interfaces/msg/detail/drone_status__struct.hpp
-- Up-to-date: /home/bhav/IITISoC-25-IVR09/gcs_ws/install/drone_interfaces/include/drone_interfaces/drone_interfaces/msg/detail/drone_type_change__type_support.hpp
-- Up-to-date: /home/bhav/IITISoC-25-IVR09/gcs_ws/install/drone_interfaces/include/drone_interfaces/drone_interfaces/msg/detail/geotag__struct.hpp
-- Up-to-date: /home/bhav/IITISoC-25-IVR09/gcs_ws/install/drone_interfaces/include/drone_interfaces/drone_interfaces/msg/detail/surveillance_status__traits.hpp
-- Up-to-date: /home/bhav/IITISoC-25-IVR09/gcs_ws/install/drone_interfaces/include/drone_interfaces/drone_interfaces/msg/detail/waypoint_request__builder.hpp
-- Up-to-date: /home/bhav/IITISoC-25-IVR09/gcs_ws/install/drone_interfaces/include/drone_interfaces/drone_interfaces/msg/detail/geotag_array__traits.hpp
-- Up-to-date: /home/bhav/IITISoC-25-IVR09/gcs_ws/install/drone_interfaces/include/drone_interfaces/drone_interfaces/msg/detail/surveillance_status__type_support.hpp
-- Up-to-date: /home/bhav/IITISoC-25-IVR09/gcs_ws/install/drone_interfaces/include/drone_interfaces/drone_interfaces/msg/detail/waypoint__struct.hpp
-- Up-to-date: /home/bhav/IITISoC-25-IVR09/gcs_ws/install/drone_interfaces/include/drone_interfaces/drone_interfaces/msg/detail/drone_status_update__builder.hpp
-- Up-to-date: /home/bhav/IITISoC-25-IVR09/gcs_ws/install/drone_interfaces/include/drone_interfaces/drone_interfaces/msg/detail/geotag_array__type_support.hpp
-- Up-to-date: /home/bhav/IITISoC-25-IVR09/gcs_ws/install/drone_interfaces/include/drone_interfaces/drone_interfaces/msg/detail/waypoint__type_support.hpp
-- Up-to-date: /home/bhav/IITISoC-25-IVR09/gcs_ws/install/drone_interfaces/include/drone_interfaces/drone_interfaces/msg/detail/geotag_visited__traits.hpp
-- Up-to-date: /home/bhav/IITISoC-25-IVR09/gcs_ws/install/drone_interfaces/include/drone_interfaces/drone_interfaces/msg/detail/geotag__type_support.hpp
-- Up-to-date: /home/bhav/IITISoC-25-IVR09/gcs_ws/install/drone_interfaces/include/drone_interfaces/drone_interfaces/msg/detail/waypoint_request__traits.hpp
-- Up-to-date: /home/bhav/IITISoC-25-IVR09/gcs_ws/install/drone_interfaces/include/drone_interfaces/drone_interfaces/msg/detail/waypoint__builder.hpp
-- Up-to-date: /home/bhav/IITISoC-25-IVR09/gcs_ws/install/drone_interfaces/include/drone_interfaces/drone_interfaces/msg/detail/waypoint_visited__traits.hpp
-- Up-to-date: /home/bhav/IITISoC-25-IVR09/gcs_ws/install/drone_interfaces/include/drone_interfaces/drone_interfaces/msg/detail/drone_status_update__type_support.hpp
-- Up-to-date: /home/bhav/IITISoC-25-IVR09/gcs_ws/install/drone_interfaces/include/drone_interfaces/drone_interfaces/msg/detail/drone_type_change__struct.hpp
-- Up-to-date: /home/bhav/IITISoC-25-IVR09/gcs_ws/install/drone_interfaces/include/drone_interfaces/drone_interfaces/msg/detail/geotag_request__builder.hpp
-- Up-to-date: /home/bhav/IITISoC-25-IVR09/gcs_ws/install/drone_interfaces/include/drone_interfaces/drone_interfaces/msg/detail/waypoint_visited__builder.hpp
-- Up-to-date: /home/bhav/IITISoC-25-IVR09/gcs_ws/install/drone_interfaces/include/drone_interfaces/drone_interfaces/msg/detail/geotag_request__struct.hpp
-- Up-to-date: /home/bhav/IITISoC-25-IVR09/gcs_ws/install/drone_interfaces/include/drone_interfaces/drone_interfaces/msg/detail/waypoint_array__type_support.hpp
-- Up-to-date: /home/bhav/IITISoC-25-IVR09/gcs_ws/install/drone_interfaces/include/drone_interfaces/drone_interfaces/msg/detail/waypoint_request__struct.hpp
-- Up-to-date: /home/bhav/IITISoC-25-IVR09/gcs_ws/install/drone_interfaces/include/drone_interfaces/drone_interfaces/msg/detail/drone_status__traits.hpp
-- Up-to-date: /home/bhav/IITISoC-25-IVR09/gcs_ws/install/drone_interfaces/include/drone_interfaces/drone_interfaces/msg/detail/geotag_array__builder.hpp
-- Up-to-date: /home/bhav/IITISoC-25-IVR09/gcs_ws/install/drone_interfaces/include/drone_interfaces/drone_interfaces/msg/detail/geotag_visited__struct.hpp
-- Up-to-date: /home/bhav/IITISoC-25-IVR09/gcs_ws/install/drone_interfaces/include/drone_interfaces/drone_interfaces/msg/detail/waypoint__traits.hpp
-- Up-to-date: /home/bhav/IITISoC-25-IVR09/gcs_ws/install/drone_interfaces/include/drone_interfaces/drone_interfaces/msg/detail/drone_status__type_support.hpp
-- Up-to-date: /home/bhav/IITISoC-25-IVR09/gcs_ws/install/drone_interfaces/include/drone_interfaces/drone_interfaces/msg/detail/geotag__builder.hpp
-- Up-to-date: /home/bhav/IITISoC-25-IVR09/gcs_ws/install/drone_interfaces/include/drone_interfaces/drone_interfaces/msg/detail/geotag_request__traits.hpp
-- Up-to-date: /home/bhav/IITISoC-25-IVR09/gcs_ws/install/drone_interfaces/include/drone_interfaces/drone_interfaces/msg/detail/geotag_visited__builder.hpp
-- Up-to-date: /home/bhav/IITISoC-25-IVR09/gcs_ws/install/drone_interfaces/include/drone_interfaces/drone_interfaces/msg/detail/geotag_visited__type_support.hpp
-- Up-to-date: /home/bhav/IITISoC-25-IVR09/gcs_ws/install/drone_interfaces/include/drone_interfaces/drone_interfaces/msg/detail/drone_type_change__traits.hpp
-- Up-to-date: /home/bhav/IITISoC-25-IVR09/gcs_ws/install/drone_interfaces/include/drone_interfaces/drone_interfaces/msg/detail/drone_type_change__builder.hpp
-- Up-to-date: /home/bhav/IITISoC-25-IVR09/gcs_ws/install/drone_interfaces/include/drone_interfaces/drone_interfaces/msg/detail/geotag_array__struct.hpp
-- Up-to-date: /home/bhav/IITISoC-25-IVR09/gcs_ws/install/drone_interfaces/include/drone_interfaces/drone_interfaces/msg/detail/drone_status_update__struct.hpp
-- Up-to-date: /home/bhav/IITISoC-25-IVR09/gcs_ws/install/drone_interfaces/include/drone_interfaces/drone_interfaces/msg/detail/geotag_request__type_support.hpp
-- Up-to-date: /home/bhav/IITISoC-25-IVR09/gcs_ws/install/drone_interfaces/include/drone_interfaces/drone_interfaces/msg/detail/waypoint_request__type_support.hpp
-- Up-to-date: /home/bhav/IITISoC-25-IVR09/gcs_ws/install/drone_interfaces/include/drone_interfaces/drone_interfaces/msg/detail/waypoint_array__traits.hpp
-- Up-to-date: /home/bhav/IITISoC-25-IVR09/gcs_ws/install/drone_interfaces/include/drone_interfaces/drone_interfaces/msg/detail/drone_status__builder.hpp
-- Up-to-date: /home/bhav/IITISoC-25-IVR09/gcs_ws/install/drone_interfaces/include/drone_interfaces/drone_interfaces/msg/detail/surveillance_status__builder.hpp
-- Up-to-date: /home/bhav/IITISoC-25-IVR09/gcs_ws/install/drone_interfaces/include/drone_interfaces/drone_interfaces/msg/detail/surveillance_status__struct.hpp
-- Up-to-date: /home/bhav/IITISoC-25-IVR09/gcs_ws/install/drone_interfaces/include/drone_interfaces/drone_interfaces/msg/detail/waypoint_visited__type_support.hpp
-- Up-to-date: /home/bhav/IITISoC-25-IVR09/gcs_ws/install/drone_interfaces/include/drone_interfaces/drone_interfaces/msg/detail/waypoint_array__builder.hpp
-- Up-to-date: /home/bhav/IITISoC-25-IVR09/gcs_ws/install/drone_interfaces/include/drone_interfaces/drone_interfaces/msg/drone_type_change.hpp
-- Up-to-date: /home/bhav/IITISoC-25-IVR09/gcs_ws/install/drone_interfaces/include/drone_interfaces/drone_interfaces/msg/geotag_array.hpp
-- Up-to-date: /home/bhav/IITISoC-25-IVR09/gcs_ws/install/drone_interfaces/include/drone_interfaces/drone_interfaces/msg/geotag_request.hpp
-- Up-to-date: /home/bhav/IITISoC-25-IVR09/gcs_ws/install/drone_interfaces/include/drone_interfaces/drone_interfaces/msg/waypoint.hpp
-- Up-to-date: /home/bhav/IITISoC-25-IVR09/gcs_ws/install/drone_interfaces/include/drone_interfaces/drone_interfaces
-- Up-to-date: /home/bhav/IITISoC-25-IVR09/gcs_ws/install/drone_interfaces/include/drone_interfaces/drone_interfaces/srv
-- Up-to-date: /home/bhav/IITISoC-25-IVR09/gcs_ws/install/drone_interfaces/include/drone_interfaces/drone_interfaces/srv/detail
-- Up-to-date: /home/bhav/IITISoC-25-IVR09/gcs_ws/install/drone_interfaces/include/drone_interfaces/drone_interfaces/srv/detail/get_severity_score__rosidl_typesupport_fastrtps_cpp.hpp
-- Up-to-date: /home/bhav/IITISoC-25-IVR09/gcs_ws/install/drone_interfaces/include/drone_interfaces/drone_interfaces/srv/detail/dds_fastrtps
-- Up-to-date: /home/bhav/IITISoC-25-IVR09/gcs_ws/install/drone_interfaces/include/drone_interfaces/drone_interfaces/msg
-- Up-to-date: /home/bhav/IITISoC-25-IVR09/gcs_ws/install/drone_interfaces/include/drone_interfaces/drone_interfaces/msg/detail
-- Up-to-date: /home/bhav/IITISoC-25-IVR09/gcs_ws/install/drone_interfaces/include/drone_interfaces/drone_interfaces/msg/detail/geotag_visited__rosidl_typesupport_fastrtps_cpp.hpp
-- Up-to-date: /home/bhav/IITISoC-25-IVR09/gcs_ws/install/drone_interfaces/include/drone_interfaces/drone_interfaces/msg/detail/waypoint__rosidl_typesupport_fastrtps_cpp.hpp
-- Up-to-date: /home/bhav/IITISoC-25-IVR09/gcs_ws/install/drone_interfaces/include/drone_interfaces/drone_interfaces/msg/detail/geotag_request__rosidl_typesupport_fastrtps_cpp.hpp
-- Up-to-date: /home/bhav/IITISoC-25-IVR09/gcs_ws/install/drone_interfaces/include/drone_interfaces/drone_interfaces/msg/detail/dds_fastrtps
-- Up-to-date: /home/bhav/IITISoC-25-IVR09/gcs_ws/install/drone_interfaces/include/drone_interfaces/drone_interfaces/msg/detail/geotag__rosidl_typesupport_fastrtps_cpp.hpp
-- Up-to-date: /home/bhav/IITISoC-25-IVR09/gcs_ws/install/drone_interfaces/include/drone_interfaces/drone_interfaces/msg/detail/waypoint_visited__rosidl_typesupport_fastrtps_cpp.hpp
-- Up-to-date: /home/bhav/IITISoC-25-IVR09/gcs_ws/install/drone_interfaces/include/drone_interfaces/drone_interfaces/msg/detail/drone_status__rosidl_typesupport_fastrtps_cpp.hpp
-- Up-to-date: /home/bhav/IITISoC-25-IVR09/gcs_ws/install/drone_interfaces/include/drone_interfaces/drone_interfaces/msg/detail/drone_status_update__rosidl_typesupport_fastrtps_cpp.hpp
-- Up-to-date: /home/bhav/IITISoC-25-IVR09/gcs_ws/install/drone_interfaces/include/drone_interfaces/drone_interfaces/msg/detail/waypoint_array__rosidl_typesupport_fastrtps_cpp.hpp
-- Up-to-date: /home/bhav/IITISoC-25-IVR09/gcs_ws/install/drone_interfaces/include/drone_interfaces/drone_interfaces/msg/detail/drone_type_change__rosidl_typesupport_fastrtps_cpp.hpp
-- Up-to-date: /home/bhav/IITISoC-25-IVR09/gcs_ws/install/drone_interfaces/include/drone_interfaces/drone_interfaces/msg/detail/waypoint_request__rosidl_typesupport_fastrtps_cpp.hpp
-- Up-to-date: /home/bhav/IITISoC-25-IVR09/gcs_ws/install/drone_interfaces/include/drone_interfaces/drone_interfaces/msg/detail/surveillance_status__rosidl_typesupport_fastrtps_cpp.hpp
-- Up-to-date: /home/bhav/IITISoC-25-IVR09/gcs_ws/install/drone_interfaces/include/drone_interfaces/drone_interfaces/msg/detail/geotag_array__rosidl_typesupport_fastrtps_cpp.hpp
-- Up-to-date: /home/bhav/IITISoC-25-IVR09/gcs_ws/install/drone_interfaces/include/drone_interfaces/drone_interfaces/msg/rosidl_typesupport_fastrtps_cpp__visibility_control.h
-- Up-to-date: /home/bhav/IITISoC-25-IVR09/gcs_ws/install/drone_interfaces/lib/libdrone_interfaces__rosidl_typesupport_fastrtps_cpp.so
-- Up-to-date: /home/bhav/IITISoC-25-IVR09/gcs_ws/install/drone_interfaces/include/drone_interfaces/drone_interfaces
-- Up-to-date: /home/bhav/IITISoC-25-IVR09/gcs_ws/install/drone_interfaces/include/drone_interfaces/drone_interfaces/srv
-- Up-to-date: /home/bhav/IITISoC-25-IVR09/gcs_ws/install/drone_interfaces/include/drone_interfaces/drone_interfaces/srv/detail
-- Up-to-date: /home/bhav/IITISoC-25-IVR09/gcs_ws/install/drone_interfaces/include/drone_interfaces/drone_interfaces/srv/detail/get_severity_score__rosidl_typesupport_introspection_cpp.hpp
-- Up-to-date: /home/bhav/IITISoC-25-IVR09/gcs_ws/install/drone_interfaces/include/drone_interfaces/drone_interfaces/srv/detail/get_severity_score__type_support.cpp
-- Up-to-date: /home/bhav/IITISoC-25-IVR09/gcs_ws/install/drone_interfaces/include/drone_interfaces/drone_interfaces/msg
-- Up-to-date: /home/bhav/IITISoC-25-IVR09/gcs_ws/install/drone_interfaces/include/drone_interfaces/drone_interfaces/msg/detail
-- Up-to-date: /home/bhav/IITISoC-25-IVR09/gcs_ws/install/drone_interfaces/include/drone_interfaces/drone_interfaces/msg/detail/drone_status__rosidl_typesupport_introspection_cpp.hpp
-- Up-to-date: /home/bhav/IITISoC-25-IVR09/gcs_ws/install/drone_interfaces/include/drone_interfaces/drone_interfaces/msg/detail/drone_status__type_support.cpp
-- Up-to-date: /home/bhav/IITISoC-25-IVR09/gcs_ws/install/drone_interfaces/include/drone_interfaces/drone_interfaces/msg/detail/waypoint__type_support.cpp
-- Up-to-date: /home/bhav/IITISoC-25-IVR09/gcs_ws/install/drone_interfaces/include/drone_interfaces/drone_interfaces/msg/detail/waypoint_array__rosidl_typesupport_introspection_cpp.hpp
-- Up-to-date: /home/bhav/IITISoC-25-IVR09/gcs_ws/install/drone_interfaces/include/drone_interfaces/drone_interfaces/msg/detail/geotag_request__type_support.cpp
-- Up-to-date: /home/bhav/IITISoC-25-IVR09/gcs_ws/install/drone_interfaces/include/drone_interfaces/drone_interfaces/msg/detail/drone_status_update__type_support.cpp
-- Up-to-date: /home/bhav/IITISoC-25-IVR09/gcs_ws/install/drone_interfaces/include/drone_interfaces/drone_interfaces/msg/detail/geotag_array__rosidl_typesupport_introspection_cpp.hpp
-- Up-to-date: /home/bhav/IITISoC-25-IVR09/gcs_ws/install/drone_interfaces/include/drone_interfaces/drone_interfaces/msg/detail/surveillance_status__type_support.cpp
-- Up-to-date: /home/bhav/IITISoC-25-IVR09/gcs_ws/install/drone_interfaces/include/drone_interfaces/drone_interfaces/msg/detail/waypoint_visited__rosidl_typesupport_introspection_cpp.hpp
-- Up-to-date: /home/bhav/IITISoC-25-IVR09/gcs_ws/install/drone_interfaces/include/drone_interfaces/drone_interfaces/msg/detail/waypoint_request__type_support.cpp
-- Up-to-date: /home/bhav/IITISoC-25-IVR09/gcs_ws/install/drone_interfaces/include/drone_interfaces/drone_interfaces/msg/detail/geotag_array__type_support.cpp
-- Up-to-date: /home/bhav/IITISoC-25-IVR09/gcs_ws/install/drone_interfaces/include/drone_interfaces/drone_interfaces/msg/detail/geotag_visited__type_support.cpp
-- Up-to-date: /home/bhav/IITISoC-25-IVR09/gcs_ws/install/drone_interfaces/include/drone_interfaces/drone_interfaces/msg/detail/drone_status_update__rosidl_typesupport_introspection_cpp.hpp
-- Up-to-date: /home/bhav/IITISoC-25-IVR09/gcs_ws/install/drone_interfaces/include/drone_interfaces/drone_interfaces/msg/detail/waypoint__rosidl_typesupport_introspection_cpp.hpp
-- Up-to-date: /home/bhav/IITISoC-25-IVR09/gcs_ws/install/drone_interfaces/include/drone_interfaces/drone_interfaces/msg/detail/geotag__type_support.cpp
-- Up-to-date: /home/bhav/IITISoC-25-IVR09/gcs_ws/install/drone_interfaces/include/drone_interfaces/drone_interfaces/msg/detail/geotag__rosidl_typesupport_introspection_cpp.hpp
-- Up-to-date: /home/bhav/IITISoC-25-IVR09/gcs_ws/install/drone_interfaces/include/drone_interfaces/drone_interfaces/msg/detail/geotag_request__rosidl_typesupport_introspection_cpp.hpp
-- Up-to-date: /home/bhav/IITISoC-25-IVR09/gcs_ws/install/drone_interfaces/include/drone_interfaces/drone_interfaces/msg/detail/waypoint_request__rosidl_typesupport_introspection_cpp.hpp
-- Up-to-date: /home/bhav/IITISoC-25-IVR09/gcs_ws/install/drone_interfaces/include/drone_interfaces/drone_interfaces/msg/detail/waypoint_array__type_support.cpp
-- Up-to-date: /home/bhav/IITISoC-25-IVR09/gcs_ws/install/drone_interfaces/include/drone_interfaces/drone_interfaces/msg/detail/drone_type_change__type_support.cpp
-- Up-to-date: /home/bhav/IITISoC-25-IVR09/gcs_ws/install/drone_interfaces/include/drone_interfaces/drone_interfaces/msg/detail/waypoint_visited__type_support.cpp
-- Up-to-date: /home/bhav/IITISoC-25-IVR09/gcs_ws/install/drone_interfaces/include/drone_interfaces/drone_interfaces/msg/detail/surveillance_status__rosidl_typesupport_introspection_cpp.hpp
-- Up-to-date: /home/bhav/IITISoC-25-IVR09/gcs_ws/install/drone_interfaces/include/drone_interfaces/drone_interfaces/msg/detail/drone_type_change__rosidl_typesupport_introspection_cpp.hpp
-- Up-to-date: /home/bhav/IITISoC-25-IVR09/gcs_ws/install/drone_interfaces/include/drone_interfaces/drone_interfaces/msg/detail/geotag_visited__rosidl_typesupport_introspection_cpp.hpp
-- Up-to-date: /home/bhav/IITISoC-25-IVR09/gcs_ws/install/drone_interfaces/lib/libdrone_interfaces__rosidl_typesupport_introspection_cpp.so
-- Up-to-date: /home/bhav/IITISoC-25-IVR09/gcs_ws/install/drone_interfaces/lib/libdrone_interfaces__rosidl_typesupport_cpp.so
-- Up-to-date: /home/bhav/IITISoC-25-IVR09/gcs_ws/install/drone_interfaces/share/drone_interfaces/environment/pythonpath.sh
-- Up-to-date: /home/bhav/IITISoC-25-IVR09/gcs_ws/install/drone_interfaces/share/drone_interfaces/environment/pythonpath.dsv
-- Up-to-date: /home/bhav/IITISoC-25-IVR09/gcs_ws/install/drone_interfaces/local/lib/python3.10/dist-packages/drone_interfaces-0.0.0-py3.10.egg-info
-- Installing: /home/bhav/IITISoC-25-IVR09/gcs_ws/install/drone_interfaces/local/lib/python3.10/dist-packages/drone_interfaces-0.0.0-py3.10.egg-info/top_level.txt
-- Installing: /home/bhav/IITISoC-25-IVR09/gcs_ws/install/drone_interfaces/local/lib/python3.10/dist-packages/drone_interfaces-0.0.0-py3.10.egg-info/SOURCES.txt
-- Installing: /home/bhav/IITISoC-25-IVR09/gcs_ws/install/drone_interfaces/local/lib/python3.10/dist-packages/drone_interfaces-0.0.0-py3.10.egg-info/dependency_links.txt
-- Installing: /home/bhav/IITISoC-25-IVR09/gcs_ws/install/drone_interfaces/local/lib/python3.10/dist-packages/drone_interfaces-0.0.0-py3.10.egg-info/PKG-INFO
-- Up-to-date: /home/bhav/IITISoC-25-IVR09/gcs_ws/install/drone_interfaces/local/lib/python3.10/dist-packages/drone_interfaces
-- Up-to-date: /home/bhav/IITISoC-25-IVR09/gcs_ws/install/drone_interfaces/local/lib/python3.10/dist-packages/drone_interfaces/drone_interfaces_s__rosidl_typesupport_fastrtps_c.cpython-310-x86_64-linux-gnu.so
-- Up-to-date: /home/bhav/IITISoC-25-IVR09/gcs_ws/install/drone_interfaces/local/lib/python3.10/dist-packages/drone_interfaces/libdrone_interfaces__rosidl_generator_py.so
-- Up-to-date: /home/bhav/IITISoC-25-IVR09/gcs_ws/install/drone_interfaces/local/lib/python3.10/dist-packages/drone_interfaces/srv
-- Up-to-date: /home/bhav/IITISoC-25-IVR09/gcs_ws/install/drone_interfaces/local/lib/python3.10/dist-packages/drone_interfaces/srv/_get_severity_score_s.c
-- Up-to-date: /home/bhav/IITISoC-25-IVR09/gcs_ws/install/drone_interfaces/local/lib/python3.10/dist-packages/drone_interfaces/srv/_get_severity_score.py
-- Up-to-date: /home/bhav/IITISoC-25-IVR09/gcs_ws/install/drone_interfaces/local/lib/python3.10/dist-packages/drone_interfaces/srv/__init__.py
-- Up-to-date: /home/bhav/IITISoC-25-IVR09/gcs_ws/install/drone_interfaces/local/lib/python3.10/dist-packages/drone_interfaces/_drone_interfaces_s.ep.rosidl_typesupport_fastrtps_c.c
-- Up-to-date: /home/bhav/IITISoC-25-IVR09/gcs_ws/install/drone_interfaces/local/lib/python3.10/dist-packages/drone_interfaces/msg
-- Up-to-date: /home/bhav/IITISoC-25-IVR09/gcs_ws/install/drone_interfaces/local/lib/python3.10/dist-packages/drone_interfaces/msg/_drone_status_s.c
-- Up-to-date: /home/bhav/IITISoC-25-IVR09/gcs_ws/install/drone_interfaces/local/lib/python3.10/dist-packages/drone_interfaces/msg/_geotag_array.py
-- Up-to-date: /home/bhav/IITISoC-25-IVR09/gcs_ws/install/drone_interfaces/local/lib/python3.10/dist-packages/drone_interfaces/msg/_waypoint_request_s.c
-- Up-to-date: /home/bhav/IITISoC-25-IVR09/gcs_ws/install/drone_interfaces/local/lib/python3.10/dist-packages/drone_interfaces/msg/_geotag_visited.py
-- Up-to-date: /home/bhav/IITISoC-25-IVR09/gcs_ws/install/drone_interfaces/local/lib/python3.10/dist-packages/drone_interfaces/msg/_drone_status.py
-- Up-to-date: /home/bhav/IITISoC-25-IVR09/gcs_ws/install/drone_interfaces/local/lib/python3.10/dist-packages/drone_interfaces/msg/_waypoint.py
-- Up-to-date: /home/bhav/IITISoC-25-IVR09/gcs_ws/install/drone_interfaces/local/lib/python3.10/dist-packages/drone_interfaces/msg/_geotag_array_s.c
-- Up-to-date: /home/bhav/IITISoC-25-IVR09/gcs_ws/install/drone_interfaces/local/lib/python3.10/dist-packages/drone_interfaces/msg/_waypoint_array_s.c
-- Up-to-date: /home/bhav/IITISoC-25-IVR09/gcs_ws/install/drone_interfaces/local/lib/python3.10/dist-packages/drone_interfaces/msg/_drone_status_update.py
-- Up-to-date: /home/bhav/IITISoC-25-IVR09/gcs_ws/install/drone_interfaces/local/lib/python3.10/dist-packages/drone_interfaces/msg/_waypoint_request.py
-- Up-to-date: /home/bhav/IITISoC-25-IVR09/gcs_ws/install/drone_interfaces/local/lib/python3.10/dist-packages/drone_interfaces/msg/_geotag_request.py
-- Up-to-date: /home/bhav/IITISoC-25-IVR09/gcs_ws/install/drone_interfaces/local/lib/python3.10/dist-packages/drone_interfaces/msg/_geotag_request_s.c
-- Up-to-date: /home/bhav/IITISoC-25-IVR09/gcs_ws/install/drone_interfaces/local/lib/python3.10/dist-packages/drone_interfaces/msg/_surveillance_status_s.c
-- Up-to-date: /home/bhav/IITISoC-25-IVR09/gcs_ws/install/drone_interfaces/local/lib/python3.10/dist-packages/drone_interfaces/msg/_waypoint_array.py
-- Up-to-date: /home/bhav/IITISoC-25-IVR09/gcs_ws/install/drone_interfaces/local/lib/python3.10/dist-packages/drone_interfaces/msg/_drone_status_update_s.c
-- Up-to-date: /home/bhav/IITISoC-25-IVR09/gcs_ws/install/drone_interfaces/local/lib/python3.10/dist-packages/drone_interfaces/msg/_waypoint_visited.py
-- Up-to-date: /home/bhav/IITISoC-25-IVR09/gcs_ws/install/drone_interfaces/local/lib/python3.10/dist-packages/drone_interfaces/msg/_drone_type_change_s.c
-- Up-to-date: /home/bhav/IITISoC-25-IVR09/gcs_ws/install/drone_interfaces/local/lib/python3.10/dist-packages/drone_interfaces/msg/_waypoint_s.c
-- Up-to-date: /home/bhav/IITISoC-25-IVR09/gcs_ws/install/drone_interfaces/local/lib/python3.10/dist-packages/drone_interfaces/msg/_geotag_visited_s.c
-- Up-to-date: /home/bhav/IITISoC-25-IVR09/gcs_ws/install/drone_interfaces/local/lib/python3.10/dist-packages/drone_interfaces/msg/_geotag_s.c
-- Up-to-date: /home/bhav/IITISoC-25-IVR09/gcs_ws/install/drone_interfaces/local/lib/python3.10/dist-packages/drone_interfaces/msg/_geotag.py
-- Up-to-date: /home/bhav/IITISoC-25-IVR09/gcs_ws/install/drone_interfaces/local/lib/python3.10/dist-packages/drone_interfaces/msg/__init__.py
-- Up-to-date: /home/bhav/IITISoC-25-IVR09/gcs_ws/install/drone_interfaces/local/lib/python3.10/dist-packages/drone_interfaces/msg/_surveillance_status.py
-- Up-to-date: /home/bhav/IITISoC-25-IVR09/gcs_ws/install/drone_interfaces/local/lib/python3.10/dist-packages/drone_interfaces/msg/_drone_type_change.py
-- Up-to-date: /home/bhav/IITISoC-25-IVR09/gcs_ws/install/drone_interfaces/local/lib/python3.10/dist-packages/drone_interfaces/msg/_waypoint_visited_s.c
-- Up-to-date: /home/bhav/IITISoC-25-IVR09/gcs_ws/install/drone_interfaces/local/lib/python3.10/dist-packages/drone_interfaces/_drone_interfaces_s.ep.rosidl_typesupport_introspection_c.c
-- Up-to-date: /home/bhav/IITISoC-25-IVR09/gcs_ws/install/drone_interfaces/local/lib/python3.10/dist-packages/drone_interfaces/_drone_interfaces_s.ep.rosidl_typesupport_c.c
-- Up-to-date: /home/bhav/IITISoC-25-IVR09/gcs_ws/install/drone_interfaces/local/lib/python3.10/dist-packages/drone_interfaces/drone_interfaces_s__rosidl_typesupport_introspection_c.cpython-310-x86_64-linux-gnu.so
-- Up-to-date: /home/bhav/IITISoC-25-IVR09/gcs_ws/install/drone_interfaces/local/lib/python3.10/dist-packages/drone_interfaces/__init__.py
-- Up-to-date: /home/bhav/IITISoC-25-IVR09/gcs_ws/install/drone_interfaces/local/lib/python3.10/dist-packages/drone_interfaces/drone_interfaces_s__rosidl_typesupport_c.cpython-310-x86_64-linux-gnu.so
Listing '/home/bhav/IITISoC-25-IVR09/gcs_ws/install/drone_interfaces/local/lib/python3.10/dist-packages/drone_interfaces'...
Listing '/home/bhav/IITISoC-25-IVR09/gcs_ws/install/drone_interfaces/local/lib/python3.10/dist-packages/drone_interfaces/msg'...
Listing '/home/bhav/IITISoC-25-IVR09/gcs_ws/install/drone_interfaces/local/lib/python3.10/dist-packages/drone_interfaces/srv'...
-- Up-to-date: /home/bhav/IITISoC-25-IVR09/gcs_ws/install/drone_interfaces/local/lib/python3.10/dist-packages/drone_interfaces/drone_interfaces_s__rosidl_typesupport_fastrtps_c.cpython-310-x86_64-linux-gnu.so
-- Up-to-date: /home/bhav/IITISoC-25-IVR09/gcs_ws/install/drone_interfaces/local/lib/python3.10/dist-packages/drone_interfaces/drone_interfaces_s__rosidl_typesupport_introspection_c.cpython-310-x86_64-linux-gnu.so
-- Up-to-date: /home/bhav/IITISoC-25-IVR09/gcs_ws/install/drone_interfaces/local/lib/python3.10/dist-packages/drone_interfaces/drone_interfaces_s__rosidl_typesupport_c.cpython-310-x86_64-linux-gnu.so
-- Up-to-date: /home/bhav/IITISoC-25-IVR09/gcs_ws/install/drone_interfaces/lib/libdrone_interfaces__rosidl_generator_py.so
-- Up-to-date: /home/bhav/IITISoC-25-IVR09/gcs_ws/install/drone_interfaces/share/drone_interfaces/msg/Waypoint.idl
-- Up-to-date: /home/bhav/IITISoC-25-IVR09/gcs_ws/install/drone_interfaces/share/drone_interfaces/msg/WaypointArray.idl
-- Up-to-date: /home/bhav/IITISoC-25-IVR09/gcs_ws/install/drone_interfaces/share/drone_interfaces/msg/DroneStatus.idl
-- Up-to-date: /home/bhav/IITISoC-25-IVR09/gcs_ws/install/drone_interfaces/share/drone_interfaces/msg/WaypointRequest.idl
-- Up-to-date: /home/bhav/IITISoC-25-IVR09/gcs_ws/install/drone_interfaces/share/drone_interfaces/msg/WaypointVisited.idl
-- Up-to-date: /home/bhav/IITISoC-25-IVR09/gcs_ws/install/drone_interfaces/share/drone_interfaces/msg/DroneStatusUpdate.idl
-- Up-to-date: /home/bhav/IITISoC-25-IVR09/gcs_ws/install/drone_interfaces/share/drone_interfaces/msg/DroneTypeChange.idl
-- Up-to-date: /home/bhav/IITISoC-25-IVR09/gcs_ws/install/drone_interfaces/share/drone_interfaces/msg/Geotag.idl
-- Up-to-date: /home/bhav/IITISoC-25-IVR09/gcs_ws/install/drone_interfaces/share/drone_interfaces/msg/GeotagArray.idl
-- Up-to-date: /home/bhav/IITISoC-25-IVR09/gcs_ws/install/drone_interfaces/share/drone_interfaces/msg/GeotagRequest.idl
-- Up-to-date: /home/bhav/IITISoC-25-IVR09/gcs_ws/install/drone_interfaces/share/drone_interfaces/msg/GeotagVisited.idl
-- Up-to-date: /home/bhav/IITISoC-25-IVR09/gcs_ws/install/drone_interfaces/share/drone_interfaces/msg/SurveillanceStatus.idl
-- Up-to-date: /home/bhav/IITISoC-25-IVR09/gcs_ws/install/drone_interfaces/share/drone_interfaces/srv/GetSeverityScore.idl
-- Up-to-date: /home/bhav/IITISoC-25-IVR09/gcs_ws/install/drone_interfaces/share/drone_interfaces/msg/Waypoint.msg
-- Up-to-date: /home/bhav/IITISoC-25-IVR09/gcs_ws/install/drone_interfaces/share/drone_interfaces/msg/WaypointArray.msg
-- Up-to-date: /home/bhav/IITISoC-25-IVR09/gcs_ws/install/drone_interfaces/share/drone_interfaces/msg/DroneStatus.msg
-- Up-to-date: /home/bhav/IITISoC-25-IVR09/gcs_ws/install/drone_interfaces/share/drone_interfaces/msg/WaypointRequest.msg
-- Up-to-date: /home/bhav/IITISoC-25-IVR09/gcs_ws/install/drone_interfaces/share/drone_interfaces/msg/WaypointVisited.msg
-- Up-to-date: /home/bhav/IITISoC-25-IVR09/gcs_ws/install/drone_interfaces/share/drone_interfaces/msg/DroneStatusUpdate.msg
-- Up-to-date: /home/bhav/IITISoC-25-IVR09/gcs_ws/install/drone_interfaces/share/drone_interfaces/msg/DroneTypeChange.msg
-- Up-to-date: /home/bhav/IITISoC-25-IVR09/gcs_ws/install/drone_interfaces/share/drone_interfaces/msg/Geotag.msg
-- Up-to-date: /home/bhav/IITISoC-25-IVR09/gcs_ws/install/drone_interfaces/share/drone_interfaces/msg/GeotagArray.msg
-- Up-to-date: /home/bhav/IITISoC-25-IVR09/gcs_ws/install/drone_interfaces/share/drone_interfaces/msg/GeotagRequest.msg
-- Up-to-date: /home/bhav/IITISoC-25-IVR09/gcs_ws/install/drone_interfaces/share/drone_interfaces/msg/GeotagVisited.msg
-- Up-to-date: /home/bhav/IITISoC-25-IVR09/gcs_ws/install/drone_interfaces/share/drone_interfaces/msg/SurveillanceStatus.msg
-- Up-to-date: /home/bhav/IITISoC-25-IVR09/gcs_ws/install/drone_interfaces/share/drone_interfaces/srv/GetSeverityScore.srv
-- Up-to-date: /home/bhav/IITISoC-25-IVR09/gcs_ws/install/drone_interfaces/share/drone_interfaces/srv/GetSeverityScore_Request.msg
-- Up-to-date: /home/bhav/IITISoC-25-IVR09/gcs_ws/install/drone_interfaces/share/drone_interfaces/srv/GetSeverityScore_Response.msg
-- Up-to-date: /home/bhav/IITISoC-25-IVR09/gcs_ws/install/drone_interfaces/share/ament_index/resource_index/package_run_dependencies/drone_interfaces
-- Up-to-date: /home/bhav/IITISoC-25-IVR09/gcs_ws/install/drone_interfaces/share/ament_index/resource_index/parent_prefix_path/drone_interfaces
-- Up-to-date: /home/bhav/IITISoC-25-IVR09/gcs_ws/install/drone_interfaces/share/drone_interfaces/environment/ament_prefix_path.sh
-- Up-to-date: /home/bhav/IITISoC-25-IVR09/gcs_ws/install/drone_interfaces/share/drone_interfaces/environment/ament_prefix_path.dsv
-- Up-to-date: /home/bhav/IITISoC-25-IVR09/gcs_ws/install/drone_interfaces/share/drone_interfaces/environment/path.sh
-- Up-to-date: /home/bhav/IITISoC-25-IVR09/gcs_ws/install/drone_interfaces/share/drone_interfaces/environment/path.dsv
-- Up-to-date: /home/bhav/IITISoC-25-IVR09/gcs_ws/install/drone_interfaces/share/drone_interfaces/local_setup.bash
-- Up-to-date: /home/bhav/IITISoC-25-IVR09/gcs_ws/install/drone_interfaces/share/drone_interfaces/local_setup.sh
-- Up-to-date: /home/bhav/IITISoC-25-IVR09/gcs_ws/install/drone_interfaces/share/drone_interfaces/local_setup.zsh
-- Up-to-date: /home/bhav/IITISoC-25-IVR09/gcs_ws/install/drone_interfaces/share/drone_interfaces/local_setup.dsv
-- Installing: /home/bhav/IITISoC-25-IVR09/gcs_ws/install/drone_interfaces/share/drone_interfaces/package.dsv
-- Up-to-date: /home/bhav/IITISoC-25-IVR09/gcs_ws/install/drone_interfaces/share/ament_index/resource_index/packages/drone_interfaces
-- Up-to-date: /home/bhav/IITISoC-25-IVR09/gcs_ws/install/drone_interfaces/share/drone_interfaces/cmake/export_drone_interfaces__rosidl_generator_cExport.cmake
-- Up-to-date: /home/bhav/IITISoC-25-IVR09/gcs_ws/install/drone_interfaces/share/drone_interfaces/cmake/export_drone_interfaces__rosidl_generator_cExport-noconfig.cmake
-- Up-to-date: /home/bhav/IITISoC-25-IVR09/gcs_ws/install/drone_interfaces/share/drone_interfaces/cmake/export_drone_interfaces__rosidl_typesupport_fastrtps_cExport.cmake
-- Up-to-date: /home/bhav/IITISoC-25-IVR09/gcs_ws/install/drone_interfaces/share/drone_interfaces/cmake/export_drone_interfaces__rosidl_typesupport_fastrtps_cExport-noconfig.cmake
-- Up-to-date: /home/bhav/IITISoC-25-IVR09/gcs_ws/install/drone_interfaces/share/drone_interfaces/cmake/drone_interfaces__rosidl_typesupport_introspection_cExport.cmake
-- Up-to-date: /home/bhav/IITISoC-25-IVR09/gcs_ws/install/drone_interfaces/share/drone_interfaces/cmake/drone_interfaces__rosidl_typesupport_introspection_cExport-noconfig.cmake
-- Up-to-date: /home/bhav/IITISoC-25-IVR09/gcs_ws/install/drone_interfaces/share/drone_interfaces/cmake/drone_interfaces__rosidl_typesupport_cExport.cmake
-- Up-to-date: /home/bhav/IITISoC-25-IVR09/gcs_ws/install/drone_interfaces/share/drone_interfaces/cmake/drone_interfaces__rosidl_typesupport_cExport-noconfig.cmake
-- Up-to-date: /home/bhav/IITISoC-25-IVR09/gcs_ws/install/drone_interfaces/share/drone_interfaces/cmake/export_drone_interfaces__rosidl_generator_cppExport.cmake
-- Up-to-date: /home/bhav/IITISoC-25-IVR09/gcs_ws/install/drone_interfaces/share/drone_interfaces/cmake/export_drone_interfaces__rosidl_typesupport_fastrtps_cppExport.cmake
-- Up-to-date: /home/bhav/IITISoC-25-IVR09/gcs_ws/install/drone_interfaces/share/drone_interfaces/cmake/export_drone_interfaces__rosidl_typesupport_fastrtps_cppExport-noconfig.cmake
-- Up-to-date: /home/bhav/IITISoC-25-IVR09/gcs_ws/install/drone_interfaces/share/drone_interfaces/cmake/drone_interfaces__rosidl_typesupport_introspection_cppExport.cmake
-- Up-to-date: /home/bhav/IITISoC-25-IVR09/gcs_ws/install/drone_interfaces/share/drone_interfaces/cmake/drone_interfaces__rosidl_typesupport_introspection_cppExport-noconfig.cmake
-- Up-to-date: /home/bhav/IITISoC-25-IVR09/gcs_ws/install/drone_interfaces/share/drone_interfaces/cmake/drone_interfaces__rosidl_typesupport_cppExport.cmake
-- Up-to-date: /home/bhav/IITISoC-25-IVR09/gcs_ws/install/drone_interfaces/share/drone_interfaces/cmake/drone_interfaces__rosidl_typesupport_cppExport-noconfig.cmake
-- Up-to-date: /home/bhav/IITISoC-25-IVR09/gcs_ws/install/drone_interfaces/share/drone_interfaces/cmake/export_drone_interfaces__rosidl_generator_pyExport.cmake
-- Up-to-date: /home/bhav/IITISoC-25-IVR09/gcs_ws/install/drone_interfaces/share/drone_interfaces/cmake/export_drone_interfaces__rosidl_generator_pyExport-noconfig.cmake
-- Up-to-date: /home/bhav/IITISoC-25-IVR09/gcs_ws/install/drone_interfaces/share/drone_interfaces/cmake/rosidl_cmake-extras.cmake
-- Up-to-date: /home/bhav/IITISoC-25-IVR09/gcs_ws/install/drone_interfaces/share/drone_interfaces/cmake/ament_cmake_export_include_directories-extras.cmake
-- Up-to-date: /home/bhav/IITISoC-25-IVR09/gcs_ws/install/drone_interfaces/share/drone_interfaces/cmake/ament_cmake_export_libraries-extras.cmake
-- Up-to-date: /home/bhav/IITISoC-25-IVR09/gcs_ws/install/drone_interfaces/share/drone_interfaces/cmake/ament_cmake_export_targets-extras.cmake
-- Up-to-date: /home/bhav/IITISoC-25-IVR09/gcs_ws/install/drone_interfaces/share/drone_interfaces/cmake/rosidl_cmake_export_typesupport_targets-extras.cmake
-- Up-to-date: /home/bhav/IITISoC-25-IVR09/gcs_ws/install/drone_interfaces/share/drone_interfaces/cmake/ament_cmake_export_dependencies-extras.cmake
-- Up-to-date: /home/bhav/IITISoC-25-IVR09/gcs_ws/install/drone_interfaces/share/drone_interfaces/cmake/rosidl_cmake_export_typesupport_libraries-extras.cmake
-- Up-to-date: /home/bhav/IITISoC-25-IVR09/gcs_ws/install/drone_interfaces/share/drone_interfaces/cmake/drone_interfacesConfig.cmake
-- Up-to-date: /home/bhav/IITISoC-25-IVR09/gcs_ws/install/drone_interfaces/share/drone_interfaces/cmake/drone_interfacesConfig-version.cmake
-- Up-to-date: /home/bhav/IITISoC-25-IVR09/gcs_ws/install/drone_interfaces/share/drone_interfaces/package.xml
