[0.148s] DEBUG:colcon:Command line arguments: ['/usr/bin/colcon', 'build']
[0.148s] DEBUG:colcon:Parsed command line arguments: Namespace(log_base=None, log_level=None, verb_name='build', build_base='build', install_base='install', merge_install=False, symlink_install=False, test_result_base=None, continue_on_error=False, executor='parallel', parallel_workers=2, event_handlers=None, ignore_user_meta=False, metas=['./colcon.meta'], base_paths=['.'], packages_ignore=None, packages_ignore_regex=None, paths=None, packages_up_to=None, packages_up_to_regex=None, packages_above=None, packages_above_and_dependencies=None, packages_above_depth=None, packages_select_by_dep=None, packages_skip_by_dep=None, packages_skip_up_to=None, packages_select_build_failed=False, packages_skip_build_finished=False, packages_select_test_failures=False, packages_skip_test_passed=False, packages_select=None, packages_skip=None, packages_select_regex=None, packages_skip_regex=None, packages_start=None, packages_end=None, allow_overriding=[], cmake_args=None, cmake_target=None, cmake_target_skip_unavailable=False, cmake_clean_cache=False, cmake_clean_first=False, cmake_force_configure=False, ament_cmake_args=None, catkin_cmake_args=None, catkin_skip_building_tests=False, mixin_files=None, mixin=None, verb_parser=<colcon_mixin.mixin.mixin_argument.MixinArgumentDecorator object at 0x7a93d8a57880>, verb_extension=<colcon_core.verb.build.BuildVerb object at 0x7a93d8ba4670>, main=<bound method BuildVerb.main of <colcon_core.verb.build.BuildVerb object at 0x7a93d8ba4670>>, mixin_verb=('build',))
[0.420s] Level 1:colcon.colcon_core.package_discovery:discover_packages(colcon_meta) check parameters
[0.421s] Level 1:colcon.colcon_core.package_discovery:discover_packages(recursive) check parameters
[0.421s] Level 1:colcon.colcon_core.package_discovery:discover_packages(ignore) check parameters
[0.421s] Level 1:colcon.colcon_core.package_discovery:discover_packages(path) check parameters
[0.421s] Level 1:colcon.colcon_core.package_discovery:discover_packages(colcon_meta) discover
[0.421s] Level 1:colcon.colcon_core.package_discovery:discover_packages(recursive) discover
[0.421s] INFO:colcon.colcon_core.package_discovery:Crawling recursively for packages in '/home/chakrapani/drone_files/IITI_SOC/gcs_ws'
[0.421s] Level 1:colcon.colcon_core.package_identification:_identify(.) by extensions ['ignore', 'ignore_ament_install']
[0.422s] Level 1:colcon.colcon_core.package_identification:_identify(.) by extension 'ignore'
[0.422s] Level 1:colcon.colcon_core.package_identification:_identify(.) by extension 'ignore_ament_install'
[0.422s] Level 1:colcon.colcon_core.package_identification:_identify(.) by extensions ['colcon_pkg']
[0.422s] Level 1:colcon.colcon_core.package_identification:_identify(.) by extension 'colcon_pkg'
[0.422s] Level 1:colcon.colcon_core.package_identification:_identify(.) by extensions ['colcon_meta']
[0.422s] Level 1:colcon.colcon_core.package_identification:_identify(.) by extension 'colcon_meta'
[0.422s] Level 1:colcon.colcon_core.package_identification:_identify(.) by extensions ['ros']
[0.422s] Level 1:colcon.colcon_core.package_identification:_identify(.) by extension 'ros'
[0.435s] Level 1:colcon.colcon_core.package_identification:_identify(.) by extensions ['cmake', 'python']
[0.435s] Level 1:colcon.colcon_core.package_identification:_identify(.) by extension 'cmake'
[0.435s] Level 1:colcon.colcon_core.package_identification:_identify(.) by extension 'python'
[0.436s] Level 1:colcon.colcon_core.package_identification:_identify(.) by extensions ['python_setup_py']
[0.436s] Level 1:colcon.colcon_core.package_identification:_identify(.) by extension 'python_setup_py'
[0.436s] Level 1:colcon.colcon_core.package_identification:_identify(build) by extensions ['ignore', 'ignore_ament_install']
[0.436s] Level 1:colcon.colcon_core.package_identification:_identify(build) by extension 'ignore'
[0.436s] Level 1:colcon.colcon_core.package_identification:_identify(build) ignored
[0.436s] Level 1:colcon.colcon_core.package_identification:_identify(install) by extensions ['ignore', 'ignore_ament_install']
[0.436s] Level 1:colcon.colcon_core.package_identification:_identify(install) by extension 'ignore'
[0.436s] Level 1:colcon.colcon_core.package_identification:_identify(install) ignored
[0.436s] Level 1:colcon.colcon_core.package_identification:_identify(log) by extensions ['ignore', 'ignore_ament_install']
[0.436s] Level 1:colcon.colcon_core.package_identification:_identify(log) by extension 'ignore'
[0.437s] Level 1:colcon.colcon_core.package_identification:_identify(log) ignored
[0.437s] Level 1:colcon.colcon_core.package_identification:_identify(src) by extensions ['ignore', 'ignore_ament_install']
[0.437s] Level 1:colcon.colcon_core.package_identification:_identify(src) by extension 'ignore'
[0.437s] Level 1:colcon.colcon_core.package_identification:_identify(src) by extension 'ignore_ament_install'
[0.437s] Level 1:colcon.colcon_core.package_identification:_identify(src) by extensions ['colcon_pkg']
[0.437s] Level 1:colcon.colcon_core.package_identification:_identify(src) by extension 'colcon_pkg'
[0.437s] Level 1:colcon.colcon_core.package_identification:_identify(src) by extensions ['colcon_meta']
[0.437s] Level 1:colcon.colcon_core.package_identification:_identify(src) by extension 'colcon_meta'
[0.437s] Level 1:colcon.colcon_core.package_identification:_identify(src) by extensions ['ros']
[0.437s] Level 1:colcon.colcon_core.package_identification:_identify(src) by extension 'ros'
[0.438s] Level 1:colcon.colcon_core.package_identification:_identify(src) by extensions ['cmake', 'python']
[0.438s] Level 1:colcon.colcon_core.package_identification:_identify(src) by extension 'cmake'
[0.438s] Level 1:colcon.colcon_core.package_identification:_identify(src) by extension 'python'
[0.438s] Level 1:colcon.colcon_core.package_identification:_identify(src) by extensions ['python_setup_py']
[0.438s] Level 1:colcon.colcon_core.package_identification:_identify(src) by extension 'python_setup_py'
[0.438s] Level 1:colcon.colcon_core.package_identification:_identify(src/drone_1_manager) by extensions ['ignore', 'ignore_ament_install']
[0.438s] Level 1:colcon.colcon_core.package_identification:_identify(src/drone_1_manager) by extension 'ignore'
[0.438s] Level 1:colcon.colcon_core.package_identification:_identify(src/drone_1_manager) by extension 'ignore_ament_install'
[0.438s] Level 1:colcon.colcon_core.package_identification:_identify(src/drone_1_manager) by extensions ['colcon_pkg']
[0.438s] Level 1:colcon.colcon_core.package_identification:_identify(src/drone_1_manager) by extension 'colcon_pkg'
[0.438s] Level 1:colcon.colcon_core.package_identification:_identify(src/drone_1_manager) by extensions ['colcon_meta']
[0.438s] Level 1:colcon.colcon_core.package_identification:_identify(src/drone_1_manager) by extension 'colcon_meta'
[0.438s] Level 1:colcon.colcon_core.package_identification:_identify(src/drone_1_manager) by extensions ['ros']
[0.438s] Level 1:colcon.colcon_core.package_identification:_identify(src/drone_1_manager) by extension 'ros'
[0.442s] DEBUG:colcon.colcon_core.package_identification:Package 'src/drone_1_manager' with type 'ros.ament_python' and name 'drone_1_manager'
[0.442s] Level 1:colcon.colcon_core.package_identification:_identify(src/drone_2_manager) by extensions ['ignore', 'ignore_ament_install']
[0.442s] Level 1:colcon.colcon_core.package_identification:_identify(src/drone_2_manager) by extension 'ignore'
[0.442s] Level 1:colcon.colcon_core.package_identification:_identify(src/drone_2_manager) by extension 'ignore_ament_install'
[0.442s] Level 1:colcon.colcon_core.package_identification:_identify(src/drone_2_manager) by extensions ['colcon_pkg']
[0.442s] Level 1:colcon.colcon_core.package_identification:_identify(src/drone_2_manager) by extension 'colcon_pkg'
[0.442s] Level 1:colcon.colcon_core.package_identification:_identify(src/drone_2_manager) by extensions ['colcon_meta']
[0.442s] Level 1:colcon.colcon_core.package_identification:_identify(src/drone_2_manager) by extension 'colcon_meta'
[0.442s] Level 1:colcon.colcon_core.package_identification:_identify(src/drone_2_manager) by extensions ['ros']
[0.443s] Level 1:colcon.colcon_core.package_identification:_identify(src/drone_2_manager) by extension 'ros'
[0.443s] DEBUG:colcon.colcon_core.package_identification:Package 'src/drone_2_manager' with type 'ros.ament_python' and name 'drone_2_manager'
[0.444s] Level 1:colcon.colcon_core.package_identification:_identify(src/drone_interfaces) by extensions ['ignore', 'ignore_ament_install']
[0.444s] Level 1:colcon.colcon_core.package_identification:_identify(src/drone_interfaces) by extension 'ignore'
[0.444s] Level 1:colcon.colcon_core.package_identification:_identify(src/drone_interfaces) by extension 'ignore_ament_install'
[0.444s] Level 1:colcon.colcon_core.package_identification:_identify(src/drone_interfaces) by extensions ['colcon_pkg']
[0.444s] Level 1:colcon.colcon_core.package_identification:_identify(src/drone_interfaces) by extension 'colcon_pkg'
[0.444s] Level 1:colcon.colcon_core.package_identification:_identify(src/drone_interfaces) by extensions ['colcon_meta']
[0.444s] Level 1:colcon.colcon_core.package_identification:_identify(src/drone_interfaces) by extension 'colcon_meta'
[0.444s] Level 1:colcon.colcon_core.package_identification:_identify(src/drone_interfaces) by extensions ['ros']
[0.444s] Level 1:colcon.colcon_core.package_identification:_identify(src/drone_interfaces) by extension 'ros'
[0.445s] DEBUG:colcon.colcon_core.package_identification:Package 'src/drone_interfaces' with type 'ros.ament_cmake' and name 'drone_interfaces'
[0.445s] Level 1:colcon.colcon_core.package_identification:_identify(src/drone_launch) by extensions ['ignore', 'ignore_ament_install']
[0.445s] Level 1:colcon.colcon_core.package_identification:_identify(src/drone_launch) by extension 'ignore'
[0.446s] Level 1:colcon.colcon_core.package_identification:_identify(src/drone_launch) by extension 'ignore_ament_install'
[0.446s] Level 1:colcon.colcon_core.package_identification:_identify(src/drone_launch) by extensions ['colcon_pkg']
[0.446s] Level 1:colcon.colcon_core.package_identification:_identify(src/drone_launch) by extension 'colcon_pkg'
[0.446s] Level 1:colcon.colcon_core.package_identification:_identify(src/drone_launch) by extensions ['colcon_meta']
[0.446s] Level 1:colcon.colcon_core.package_identification:_identify(src/drone_launch) by extension 'colcon_meta'
[0.446s] Level 1:colcon.colcon_core.package_identification:_identify(src/drone_launch) by extensions ['ros']
[0.446s] Level 1:colcon.colcon_core.package_identification:_identify(src/drone_launch) by extension 'ros'
[0.447s] DEBUG:colcon.colcon_core.package_identification:Package 'src/drone_launch' with type 'ros.ament_python' and name 'drone_launch'
[0.447s] Level 1:colcon.colcon_core.package_identification:_identify(src/gcs_controller) by extensions ['ignore', 'ignore_ament_install']
[0.447s] Level 1:colcon.colcon_core.package_identification:_identify(src/gcs_controller) by extension 'ignore'
[0.447s] Level 1:colcon.colcon_core.package_identification:_identify(src/gcs_controller) by extension 'ignore_ament_install'
[0.447s] Level 1:colcon.colcon_core.package_identification:_identify(src/gcs_controller) by extensions ['colcon_pkg']
[0.447s] Level 1:colcon.colcon_core.package_identification:_identify(src/gcs_controller) by extension 'colcon_pkg'
[0.447s] Level 1:colcon.colcon_core.package_identification:_identify(src/gcs_controller) by extensions ['colcon_meta']
[0.447s] Level 1:colcon.colcon_core.package_identification:_identify(src/gcs_controller) by extension 'colcon_meta'
[0.447s] Level 1:colcon.colcon_core.package_identification:_identify(src/gcs_controller) by extensions ['ros']
[0.447s] Level 1:colcon.colcon_core.package_identification:_identify(src/gcs_controller) by extension 'ros'
[0.448s] DEBUG:colcon.colcon_core.package_identification:Package 'src/gcs_controller' with type 'ros.ament_python' and name 'gcs_controller'
[0.449s] Level 1:colcon.colcon_core.package_identification:_identify(src/mission_utils) by extensions ['ignore', 'ignore_ament_install']
[0.449s] Level 1:colcon.colcon_core.package_identification:_identify(src/mission_utils) by extension 'ignore'
[0.449s] Level 1:colcon.colcon_core.package_identification:_identify(src/mission_utils) by extension 'ignore_ament_install'
[0.449s] Level 1:colcon.colcon_core.package_identification:_identify(src/mission_utils) by extensions ['colcon_pkg']
[0.449s] Level 1:colcon.colcon_core.package_identification:_identify(src/mission_utils) by extension 'colcon_pkg'
[0.449s] Level 1:colcon.colcon_core.package_identification:_identify(src/mission_utils) by extensions ['colcon_meta']
[0.449s] Level 1:colcon.colcon_core.package_identification:_identify(src/mission_utils) by extension 'colcon_meta'
[0.449s] Level 1:colcon.colcon_core.package_identification:_identify(src/mission_utils) by extensions ['ros']
[0.449s] Level 1:colcon.colcon_core.package_identification:_identify(src/mission_utils) by extension 'ros'
[0.450s] DEBUG:colcon.colcon_core.package_identification:Package 'src/mission_utils' with type 'ros.ament_python' and name 'mission_utils'
[0.450s] Level 1:colcon.colcon_core.package_discovery:discover_packages(recursive) using defaults
[0.450s] Level 1:colcon.colcon_core.package_discovery:discover_packages(ignore) discover
[0.450s] Level 1:colcon.colcon_core.package_discovery:discover_packages(ignore) using defaults
[0.450s] Level 1:colcon.colcon_core.package_discovery:discover_packages(path) discover
[0.450s] Level 1:colcon.colcon_core.package_discovery:discover_packages(path) using defaults
[0.507s] Level 1:colcon.colcon_core.package_discovery:discover_packages(prefix_path) check parameters
[0.507s] Level 1:colcon.colcon_core.package_discovery:discover_packages(prefix_path) discover
[0.511s] DEBUG:colcon.colcon_installed_package_information.package_discovery:Found 6 installed packages in /home/chakrapani/drone_files/IITI_SOC/gcs_ws/install
[0.512s] DEBUG:colcon.colcon_installed_package_information.package_discovery:Found 1 installed packages in /home/chakrapani/px4_ros_ws/install
[0.512s] DEBUG:colcon.colcon_installed_package_information.package_discovery:Found 7 installed packages in /home/chakrapani/octomap_ws/install
[0.513s] DEBUG:colcon.colcon_installed_package_information.package_discovery:Found 2 installed packages in /home/chakrapani/drone_files/drone_repos/install
[0.516s] DEBUG:colcon.colcon_installed_package_information.package_discovery:Found 341 installed packages in /opt/ros/humble
[0.518s] Level 1:colcon.colcon_core.package_discovery:discover_packages(prefix_path) using defaults
[0.597s] Level 5:colcon.colcon_core.verb:set package 'drone_interfaces' build argument 'cmake_args' from command line to 'None'
[0.599s] Level 5:colcon.colcon_core.verb:set package 'drone_interfaces' build argument 'cmake_target' from command line to 'None'
[0.599s] Level 5:colcon.colcon_core.verb:set package 'drone_interfaces' build argument 'cmake_target_skip_unavailable' from command line to 'False'
[0.599s] Level 5:colcon.colcon_core.verb:set package 'drone_interfaces' build argument 'cmake_clean_cache' from command line to 'False'
[0.599s] Level 5:colcon.colcon_core.verb:set package 'drone_interfaces' build argument 'cmake_clean_first' from command line to 'False'
[0.599s] Level 5:colcon.colcon_core.verb:set package 'drone_interfaces' build argument 'cmake_force_configure' from command line to 'False'
[0.599s] Level 5:colcon.colcon_core.verb:set package 'drone_interfaces' build argument 'ament_cmake_args' from command line to 'None'
[0.599s] Level 5:colcon.colcon_core.verb:set package 'drone_interfaces' build argument 'catkin_cmake_args' from command line to 'None'
[0.599s] Level 5:colcon.colcon_core.verb:set package 'drone_interfaces' build argument 'catkin_skip_building_tests' from command line to 'False'
[0.599s] DEBUG:colcon.colcon_core.verb:Building package 'drone_interfaces' with the following arguments: {'ament_cmake_args': None, 'build_base': '/home/chakrapani/drone_files/IITI_SOC/gcs_ws/build/drone_interfaces', 'catkin_cmake_args': None, 'catkin_skip_building_tests': False, 'cmake_args': None, 'cmake_clean_cache': False, 'cmake_clean_first': False, 'cmake_force_configure': False, 'cmake_target': None, 'cmake_target_skip_unavailable': False, 'install_base': '/home/chakrapani/drone_files/IITI_SOC/gcs_ws/install/drone_interfaces', 'merge_install': False, 'path': '/home/chakrapani/drone_files/IITI_SOC/gcs_ws/src/drone_interfaces', 'symlink_install': False, 'test_result_base': None}
[0.600s] Level 5:colcon.colcon_core.verb:set package 'drone_launch' build argument 'cmake_args' from command line to 'None'
[0.600s] Level 5:colcon.colcon_core.verb:set package 'drone_launch' build argument 'cmake_target' from command line to 'None'
[0.600s] Level 5:colcon.colcon_core.verb:set package 'drone_launch' build argument 'cmake_target_skip_unavailable' from command line to 'False'
[0.600s] Level 5:colcon.colcon_core.verb:set package 'drone_launch' build argument 'cmake_clean_cache' from command line to 'False'
[0.600s] Level 5:colcon.colcon_core.verb:set package 'drone_launch' build argument 'cmake_clean_first' from command line to 'False'
[0.600s] Level 5:colcon.colcon_core.verb:set package 'drone_launch' build argument 'cmake_force_configure' from command line to 'False'
[0.600s] Level 5:colcon.colcon_core.verb:set package 'drone_launch' build argument 'ament_cmake_args' from command line to 'None'
[0.600s] Level 5:colcon.colcon_core.verb:set package 'drone_launch' build argument 'catkin_cmake_args' from command line to 'None'
[0.600s] Level 5:colcon.colcon_core.verb:set package 'drone_launch' build argument 'catkin_skip_building_tests' from command line to 'False'
[0.600s] DEBUG:colcon.colcon_core.verb:Building package 'drone_launch' with the following arguments: {'ament_cmake_args': None, 'build_base': '/home/chakrapani/drone_files/IITI_SOC/gcs_ws/build/drone_launch', 'catkin_cmake_args': None, 'catkin_skip_building_tests': False, 'cmake_args': None, 'cmake_clean_cache': False, 'cmake_clean_first': False, 'cmake_force_configure': False, 'cmake_target': None, 'cmake_target_skip_unavailable': False, 'install_base': '/home/chakrapani/drone_files/IITI_SOC/gcs_ws/install/drone_launch', 'merge_install': False, 'path': '/home/chakrapani/drone_files/IITI_SOC/gcs_ws/src/drone_launch', 'symlink_install': False, 'test_result_base': None}
[0.600s] Level 5:colcon.colcon_core.verb:set package 'mission_utils' build argument 'cmake_args' from command line to 'None'
[0.600s] Level 5:colcon.colcon_core.verb:set package 'mission_utils' build argument 'cmake_target' from command line to 'None'
[0.600s] Level 5:colcon.colcon_core.verb:set package 'mission_utils' build argument 'cmake_target_skip_unavailable' from command line to 'False'
[0.600s] Level 5:colcon.colcon_core.verb:set package 'mission_utils' build argument 'cmake_clean_cache' from command line to 'False'
[0.600s] Level 5:colcon.colcon_core.verb:set package 'mission_utils' build argument 'cmake_clean_first' from command line to 'False'
[0.600s] Level 5:colcon.colcon_core.verb:set package 'mission_utils' build argument 'cmake_force_configure' from command line to 'False'
[0.600s] Level 5:colcon.colcon_core.verb:set package 'mission_utils' build argument 'ament_cmake_args' from command line to 'None'
[0.601s] Level 5:colcon.colcon_core.verb:set package 'mission_utils' build argument 'catkin_cmake_args' from command line to 'None'
[0.601s] Level 5:colcon.colcon_core.verb:set package 'mission_utils' build argument 'catkin_skip_building_tests' from command line to 'False'
[0.601s] DEBUG:colcon.colcon_core.verb:Building package 'mission_utils' with the following arguments: {'ament_cmake_args': None, 'build_base': '/home/chakrapani/drone_files/IITI_SOC/gcs_ws/build/mission_utils', 'catkin_cmake_args': None, 'catkin_skip_building_tests': False, 'cmake_args': None, 'cmake_clean_cache': False, 'cmake_clean_first': False, 'cmake_force_configure': False, 'cmake_target': None, 'cmake_target_skip_unavailable': False, 'install_base': '/home/chakrapani/drone_files/IITI_SOC/gcs_ws/install/mission_utils', 'merge_install': False, 'path': '/home/chakrapani/drone_files/IITI_SOC/gcs_ws/src/mission_utils', 'symlink_install': False, 'test_result_base': None}
[0.601s] Level 5:colcon.colcon_core.verb:set package 'drone_1_manager' build argument 'cmake_args' from command line to 'None'
[0.601s] Level 5:colcon.colcon_core.verb:set package 'drone_1_manager' build argument 'cmake_target' from command line to 'None'
[0.601s] Level 5:colcon.colcon_core.verb:set package 'drone_1_manager' build argument 'cmake_target_skip_unavailable' from command line to 'False'
[0.601s] Level 5:colcon.colcon_core.verb:set package 'drone_1_manager' build argument 'cmake_clean_cache' from command line to 'False'
[0.601s] Level 5:colcon.colcon_core.verb:set package 'drone_1_manager' build argument 'cmake_clean_first' from command line to 'False'
[0.601s] Level 5:colcon.colcon_core.verb:set package 'drone_1_manager' build argument 'cmake_force_configure' from command line to 'False'
[0.603s] Level 5:colcon.colcon_core.verb:set package 'drone_1_manager' build argument 'ament_cmake_args' from command line to 'None'
[0.603s] Level 5:colcon.colcon_core.verb:set package 'drone_1_manager' build argument 'catkin_cmake_args' from command line to 'None'
[0.603s] Level 5:colcon.colcon_core.verb:set package 'drone_1_manager' build argument 'catkin_skip_building_tests' from command line to 'False'
[0.603s] DEBUG:colcon.colcon_core.verb:Building package 'drone_1_manager' with the following arguments: {'ament_cmake_args': None, 'build_base': '/home/chakrapani/drone_files/IITI_SOC/gcs_ws/build/drone_1_manager', 'catkin_cmake_args': None, 'catkin_skip_building_tests': False, 'cmake_args': None, 'cmake_clean_cache': False, 'cmake_clean_first': False, 'cmake_force_configure': False, 'cmake_target': None, 'cmake_target_skip_unavailable': False, 'install_base': '/home/chakrapani/drone_files/IITI_SOC/gcs_ws/install/drone_1_manager', 'merge_install': False, 'path': '/home/chakrapani/drone_files/IITI_SOC/gcs_ws/src/drone_1_manager', 'symlink_install': False, 'test_result_base': None}
[0.604s] Level 5:colcon.colcon_core.verb:set package 'drone_2_manager' build argument 'cmake_args' from command line to 'None'
[0.604s] Level 5:colcon.colcon_core.verb:set package 'drone_2_manager' build argument 'cmake_target' from command line to 'None'
[0.604s] Level 5:colcon.colcon_core.verb:set package 'drone_2_manager' build argument 'cmake_target_skip_unavailable' from command line to 'False'
[0.604s] Level 5:colcon.colcon_core.verb:set package 'drone_2_manager' build argument 'cmake_clean_cache' from command line to 'False'
[0.604s] Level 5:colcon.colcon_core.verb:set package 'drone_2_manager' build argument 'cmake_clean_first' from command line to 'False'
[0.604s] Level 5:colcon.colcon_core.verb:set package 'drone_2_manager' build argument 'cmake_force_configure' from command line to 'False'
[0.604s] Level 5:colcon.colcon_core.verb:set package 'drone_2_manager' build argument 'ament_cmake_args' from command line to 'None'
[0.604s] Level 5:colcon.colcon_core.verb:set package 'drone_2_manager' build argument 'catkin_cmake_args' from command line to 'None'
[0.604s] Level 5:colcon.colcon_core.verb:set package 'drone_2_manager' build argument 'catkin_skip_building_tests' from command line to 'False'
[0.604s] DEBUG:colcon.colcon_core.verb:Building package 'drone_2_manager' with the following arguments: {'ament_cmake_args': None, 'build_base': '/home/chakrapani/drone_files/IITI_SOC/gcs_ws/build/drone_2_manager', 'catkin_cmake_args': None, 'catkin_skip_building_tests': False, 'cmake_args': None, 'cmake_clean_cache': False, 'cmake_clean_first': False, 'cmake_force_configure': False, 'cmake_target': None, 'cmake_target_skip_unavailable': False, 'install_base': '/home/chakrapani/drone_files/IITI_SOC/gcs_ws/install/drone_2_manager', 'merge_install': False, 'path': '/home/chakrapani/drone_files/IITI_SOC/gcs_ws/src/drone_2_manager', 'symlink_install': False, 'test_result_base': None}
[0.605s] Level 5:colcon.colcon_core.verb:set package 'gcs_controller' build argument 'cmake_args' from command line to 'None'
[0.605s] Level 5:colcon.colcon_core.verb:set package 'gcs_controller' build argument 'cmake_target' from command line to 'None'
[0.605s] Level 5:colcon.colcon_core.verb:set package 'gcs_controller' build argument 'cmake_target_skip_unavailable' from command line to 'False'
[0.605s] Level 5:colcon.colcon_core.verb:set package 'gcs_controller' build argument 'cmake_clean_cache' from command line to 'False'
[0.605s] Level 5:colcon.colcon_core.verb:set package 'gcs_controller' build argument 'cmake_clean_first' from command line to 'False'
[0.605s] Level 5:colcon.colcon_core.verb:set package 'gcs_controller' build argument 'cmake_force_configure' from command line to 'False'
[0.605s] Level 5:colcon.colcon_core.verb:set package 'gcs_controller' build argument 'ament_cmake_args' from command line to 'None'
[0.605s] Level 5:colcon.colcon_core.verb:set package 'gcs_controller' build argument 'catkin_cmake_args' from command line to 'None'
[0.605s] Level 5:colcon.colcon_core.verb:set package 'gcs_controller' build argument 'catkin_skip_building_tests' from command line to 'False'
[0.605s] DEBUG:colcon.colcon_core.verb:Building package 'gcs_controller' with the following arguments: {'ament_cmake_args': None, 'build_base': '/home/chakrapani/drone_files/IITI_SOC/gcs_ws/build/gcs_controller', 'catkin_cmake_args': None, 'catkin_skip_building_tests': False, 'cmake_args': None, 'cmake_clean_cache': False, 'cmake_clean_first': False, 'cmake_force_configure': False, 'cmake_target': None, 'cmake_target_skip_unavailable': False, 'install_base': '/home/chakrapani/drone_files/IITI_SOC/gcs_ws/install/gcs_controller', 'merge_install': False, 'path': '/home/chakrapani/drone_files/IITI_SOC/gcs_ws/src/gcs_controller', 'symlink_install': False, 'test_result_base': None}
[0.605s] INFO:colcon.colcon_core.executor:Executing jobs using 'parallel' executor
[0.606s] DEBUG:colcon.colcon_parallel_executor.executor.parallel:run_until_complete
[0.607s] INFO:colcon.colcon_ros.task.ament_cmake.build:Building ROS package in '/home/chakrapani/drone_files/IITI_SOC/gcs_ws/src/drone_interfaces' with build type 'ament_cmake'
[0.607s] INFO:colcon.colcon_cmake.task.cmake.build:Building CMake package in '/home/chakrapani/drone_files/IITI_SOC/gcs_ws/src/drone_interfaces'
[0.613s] INFO:colcon.colcon_core.plugin_system:Skipping extension 'colcon_core.shell.bat': Not used on non-Windows systems
[0.613s] INFO:colcon.colcon_core.shell:Skip shell extension 'powershell' for command environment: Not usable outside of PowerShell
[0.613s] DEBUG:colcon.colcon_core.shell:Skip shell extension 'dsv' for command environment
[0.626s] INFO:colcon.colcon_ros.task.ament_python.build:Building ROS package in '/home/chakrapani/drone_files/IITI_SOC/gcs_ws/src/mission_utils' with build type 'ament_python'
[0.626s] Level 1:colcon.colcon_core.shell:create_environment_hook('mission_utils', 'ament_prefix_path')
[0.627s] INFO:colcon.colcon_core.shell:Creating environment hook '/home/chakrapani/drone_files/IITI_SOC/gcs_ws/install/mission_utils/share/mission_utils/hook/ament_prefix_path.ps1'
[0.628s] INFO:colcon.colcon_core.shell:Creating environment descriptor '/home/chakrapani/drone_files/IITI_SOC/gcs_ws/install/mission_utils/share/mission_utils/hook/ament_prefix_path.dsv'
[0.629s] INFO:colcon.colcon_core.shell:Creating environment hook '/home/chakrapani/drone_files/IITI_SOC/gcs_ws/install/mission_utils/share/mission_utils/hook/ament_prefix_path.sh'
[0.632s] INFO:colcon.colcon_core.shell:Skip shell extension 'powershell' for command environment: Not usable outside of PowerShell
[0.632s] DEBUG:colcon.colcon_core.shell:Skip shell extension 'dsv' for command environment
[0.644s] DEBUG:colcon.colcon_core.event_handler.log_command:Invoking command in '/home/chakrapani/drone_files/IITI_SOC/gcs_ws/build/drone_interfaces': CMAKE_PREFIX_PATH=${CMAKE_PREFIX_PATH}:/home/chakrapani/drone_files/IITI_SOC/gcs_ws/install/gcs_controller:/home/chakrapani/drone_files/IITI_SOC/gcs_ws/install/mission_utils:/home/chakrapani/drone_files/IITI_SOC/gcs_ws/install/drone_launch:/home/chakrapani/drone_files/IITI_SOC/gcs_ws/install/drone_2_manager:/home/chakrapani/drone_files/IITI_SOC/gcs_ws/install/drone_1_manager:/home/chakrapani/octomap_ws/install/px4_odometry_converter:/home/chakrapani/octomap_ws/install/px4_localization:/opt/ros/humble /usr/bin/cmake --build /home/chakrapani/drone_files/IITI_SOC/gcs_ws/build/drone_interfaces -- -j2 -l2
[1.143s] INFO:colcon.colcon_core.task.python.build:Building Python package in '/home/chakrapani/drone_files/IITI_SOC/gcs_ws/src/mission_utils'
[1.144s] INFO:colcon.colcon_core.shell:Skip shell extension 'powershell' for command environment: Not usable outside of PowerShell
[1.144s] DEBUG:colcon.colcon_core.shell:Skip shell extension 'dsv' for command environment
[1.742s] DEBUG:colcon.colcon_core.event_handler.log_command:Invoking command in '/home/chakrapani/drone_files/IITI_SOC/gcs_ws/src/mission_utils': PYTHONPATH=/home/chakrapani/drone_files/IITI_SOC/gcs_ws/build/mission_utils/prefix_override:/usr/lib/python3/dist-packages/colcon_core/task/python/colcon_distutils_commands:/home/chakrapani/drone_files/IITI_SOC/gcs_ws/install/mission_utils/lib/python3.10/site-packages:${PYTHONPATH} /usr/bin/python3 -W ignore:setup.py install is deprecated -W ignore:easy_install command is deprecated setup.py egg_info --egg-base ../../build/mission_utils build --build-base /home/chakrapani/drone_files/IITI_SOC/gcs_ws/build/mission_utils/build install --record /home/chakrapani/drone_files/IITI_SOC/gcs_ws/build/mission_utils/install.log --single-version-externally-managed install_data
[2.002s] DEBUG:colcon.colcon_core.event_handler.log_command:Invoked command in '/home/chakrapani/drone_files/IITI_SOC/gcs_ws/build/drone_interfaces' returned '0': CMAKE_PREFIX_PATH=${CMAKE_PREFIX_PATH}:/home/chakrapani/drone_files/IITI_SOC/gcs_ws/install/gcs_controller:/home/chakrapani/drone_files/IITI_SOC/gcs_ws/install/mission_utils:/home/chakrapani/drone_files/IITI_SOC/gcs_ws/install/drone_launch:/home/chakrapani/drone_files/IITI_SOC/gcs_ws/install/drone_2_manager:/home/chakrapani/drone_files/IITI_SOC/gcs_ws/install/drone_1_manager:/home/chakrapani/octomap_ws/install/px4_odometry_converter:/home/chakrapani/octomap_ws/install/px4_localization:/opt/ros/humble /usr/bin/cmake --build /home/chakrapani/drone_files/IITI_SOC/gcs_ws/build/drone_interfaces -- -j2 -l2
[2.029s] DEBUG:colcon.colcon_core.event_handler.log_command:Invoking command in '/home/chakrapani/drone_files/IITI_SOC/gcs_ws/build/drone_interfaces': CMAKE_PREFIX_PATH=${CMAKE_PREFIX_PATH}:/home/chakrapani/drone_files/IITI_SOC/gcs_ws/install/gcs_controller:/home/chakrapani/drone_files/IITI_SOC/gcs_ws/install/mission_utils:/home/chakrapani/drone_files/IITI_SOC/gcs_ws/install/drone_launch:/home/chakrapani/drone_files/IITI_SOC/gcs_ws/install/drone_2_manager:/home/chakrapani/drone_files/IITI_SOC/gcs_ws/install/drone_1_manager:/home/chakrapani/octomap_ws/install/px4_odometry_converter:/home/chakrapani/octomap_ws/install/px4_localization:/opt/ros/humble /usr/bin/cmake --install /home/chakrapani/drone_files/IITI_SOC/gcs_ws/build/drone_interfaces
[2.221s] Level 1:colcon.colcon_core.environment:create_environment_scripts_only(drone_interfaces)
[2.224s] DEBUG:colcon.colcon_core.event_handler.log_command:Invoked command in '/home/chakrapani/drone_files/IITI_SOC/gcs_ws/build/drone_interfaces' returned '0': CMAKE_PREFIX_PATH=${CMAKE_PREFIX_PATH}:/home/chakrapani/drone_files/IITI_SOC/gcs_ws/install/gcs_controller:/home/chakrapani/drone_files/IITI_SOC/gcs_ws/install/mission_utils:/home/chakrapani/drone_files/IITI_SOC/gcs_ws/install/drone_launch:/home/chakrapani/drone_files/IITI_SOC/gcs_ws/install/drone_2_manager:/home/chakrapani/drone_files/IITI_SOC/gcs_ws/install/drone_1_manager:/home/chakrapani/octomap_ws/install/px4_odometry_converter:/home/chakrapani/octomap_ws/install/px4_localization:/opt/ros/humble /usr/bin/cmake --install /home/chakrapani/drone_files/IITI_SOC/gcs_ws/build/drone_interfaces
[2.230s] Level 1:colcon.colcon_core.environment:checking '/home/chakrapani/drone_files/IITI_SOC/gcs_ws/install/drone_interfaces' for CMake module files
[2.233s] Level 1:colcon.colcon_core.environment:checking '/home/chakrapani/drone_files/IITI_SOC/gcs_ws/install/drone_interfaces' for CMake config files
[2.233s] Level 1:colcon.colcon_core.shell:create_environment_hook('drone_interfaces', 'cmake_prefix_path')
[2.233s] INFO:colcon.colcon_core.shell:Creating environment hook '/home/chakrapani/drone_files/IITI_SOC/gcs_ws/install/drone_interfaces/share/drone_interfaces/hook/cmake_prefix_path.ps1'
[2.234s] INFO:colcon.colcon_core.shell:Creating environment descriptor '/home/chakrapani/drone_files/IITI_SOC/gcs_ws/install/drone_interfaces/share/drone_interfaces/hook/cmake_prefix_path.dsv'
[2.237s] INFO:colcon.colcon_core.shell:Creating environment hook '/home/chakrapani/drone_files/IITI_SOC/gcs_ws/install/drone_interfaces/share/drone_interfaces/hook/cmake_prefix_path.sh'
[2.239s] Level 1:colcon.colcon_core.environment:checking '/home/chakrapani/drone_files/IITI_SOC/gcs_ws/install/drone_interfaces/lib'
[2.240s] Level 1:colcon.colcon_core.shell:create_environment_hook('drone_interfaces', 'ld_library_path_lib')
[2.240s] INFO:colcon.colcon_core.shell:Creating environment hook '/home/chakrapani/drone_files/IITI_SOC/gcs_ws/install/drone_interfaces/share/drone_interfaces/hook/ld_library_path_lib.ps1'
[2.241s] INFO:colcon.colcon_core.shell:Creating environment descriptor '/home/chakrapani/drone_files/IITI_SOC/gcs_ws/install/drone_interfaces/share/drone_interfaces/hook/ld_library_path_lib.dsv'
[2.244s] INFO:colcon.colcon_core.shell:Creating environment hook '/home/chakrapani/drone_files/IITI_SOC/gcs_ws/install/drone_interfaces/share/drone_interfaces/hook/ld_library_path_lib.sh'
[2.245s] Level 1:colcon.colcon_core.environment:checking '/home/chakrapani/drone_files/IITI_SOC/gcs_ws/install/drone_interfaces/bin'
[2.245s] Level 1:colcon.colcon_core.environment:checking '/home/chakrapani/drone_files/IITI_SOC/gcs_ws/install/drone_interfaces/lib/pkgconfig/drone_interfaces.pc'
[2.245s] Level 1:colcon.colcon_core.environment:checking '/home/chakrapani/drone_files/IITI_SOC/gcs_ws/install/drone_interfaces/lib/python3.10/site-packages'
[2.245s] Level 1:colcon.colcon_core.environment:checking '/home/chakrapani/drone_files/IITI_SOC/gcs_ws/install/drone_interfaces/bin'
[2.246s] INFO:colcon.colcon_core.shell:Creating package script '/home/chakrapani/drone_files/IITI_SOC/gcs_ws/install/drone_interfaces/share/drone_interfaces/package.ps1'
[2.249s] INFO:colcon.colcon_core.shell:Creating package descriptor '/home/chakrapani/drone_files/IITI_SOC/gcs_ws/install/drone_interfaces/share/drone_interfaces/package.dsv'
[2.250s] INFO:colcon.colcon_core.shell:Creating package script '/home/chakrapani/drone_files/IITI_SOC/gcs_ws/install/drone_interfaces/share/drone_interfaces/package.sh'
[2.264s] INFO:colcon.colcon_core.shell:Creating package script '/home/chakrapani/drone_files/IITI_SOC/gcs_ws/install/drone_interfaces/share/drone_interfaces/package.bash'
[2.267s] INFO:colcon.colcon_core.shell:Creating package script '/home/chakrapani/drone_files/IITI_SOC/gcs_ws/install/drone_interfaces/share/drone_interfaces/package.zsh'
[2.268s] Level 1:colcon.colcon_core.environment:create_file_with_runtime_dependencies(/home/chakrapani/drone_files/IITI_SOC/gcs_ws/install/drone_interfaces/share/colcon-core/packages/drone_interfaces)
[2.272s] Level 1:colcon.colcon_core.environment:create_environment_scripts_only(drone_interfaces)
[2.272s] Level 1:colcon.colcon_core.environment:checking '/home/chakrapani/drone_files/IITI_SOC/gcs_ws/install/drone_interfaces' for CMake module files
[2.273s] Level 1:colcon.colcon_core.environment:checking '/home/chakrapani/drone_files/IITI_SOC/gcs_ws/install/drone_interfaces' for CMake config files
[2.275s] Level 1:colcon.colcon_core.shell:create_environment_hook('drone_interfaces', 'cmake_prefix_path')
[2.276s] INFO:colcon.colcon_core.shell:Creating environment hook '/home/chakrapani/drone_files/IITI_SOC/gcs_ws/install/drone_interfaces/share/drone_interfaces/hook/cmake_prefix_path.ps1'
[2.276s] INFO:colcon.colcon_core.shell:Creating environment descriptor '/home/chakrapani/drone_files/IITI_SOC/gcs_ws/install/drone_interfaces/share/drone_interfaces/hook/cmake_prefix_path.dsv'
[2.277s] INFO:colcon.colcon_core.shell:Creating environment hook '/home/chakrapani/drone_files/IITI_SOC/gcs_ws/install/drone_interfaces/share/drone_interfaces/hook/cmake_prefix_path.sh'
[2.279s] Level 1:colcon.colcon_core.environment:checking '/home/chakrapani/drone_files/IITI_SOC/gcs_ws/install/drone_interfaces/lib'
[2.280s] Level 1:colcon.colcon_core.shell:create_environment_hook('drone_interfaces', 'ld_library_path_lib')
[2.280s] INFO:colcon.colcon_core.shell:Creating environment hook '/home/chakrapani/drone_files/IITI_SOC/gcs_ws/install/drone_interfaces/share/drone_interfaces/hook/ld_library_path_lib.ps1'
[2.280s] INFO:colcon.colcon_core.shell:Creating environment descriptor '/home/chakrapani/drone_files/IITI_SOC/gcs_ws/install/drone_interfaces/share/drone_interfaces/hook/ld_library_path_lib.dsv'
[2.281s] INFO:colcon.colcon_core.shell:Creating environment hook '/home/chakrapani/drone_files/IITI_SOC/gcs_ws/install/drone_interfaces/share/drone_interfaces/hook/ld_library_path_lib.sh'
[2.284s] Level 1:colcon.colcon_core.environment:checking '/home/chakrapani/drone_files/IITI_SOC/gcs_ws/install/drone_interfaces/bin'
[2.284s] Level 1:colcon.colcon_core.environment:checking '/home/chakrapani/drone_files/IITI_SOC/gcs_ws/install/drone_interfaces/lib/pkgconfig/drone_interfaces.pc'
[2.284s] Level 1:colcon.colcon_core.environment:checking '/home/chakrapani/drone_files/IITI_SOC/gcs_ws/install/drone_interfaces/lib/python3.10/site-packages'
[2.285s] Level 1:colcon.colcon_core.environment:checking '/home/chakrapani/drone_files/IITI_SOC/gcs_ws/install/drone_interfaces/bin'
[2.287s] INFO:colcon.colcon_core.shell:Creating package script '/home/chakrapani/drone_files/IITI_SOC/gcs_ws/install/drone_interfaces/share/drone_interfaces/package.ps1'
[2.287s] INFO:colcon.colcon_core.shell:Creating package descriptor '/home/chakrapani/drone_files/IITI_SOC/gcs_ws/install/drone_interfaces/share/drone_interfaces/package.dsv'
[2.289s] INFO:colcon.colcon_core.shell:Creating package script '/home/chakrapani/drone_files/IITI_SOC/gcs_ws/install/drone_interfaces/share/drone_interfaces/package.sh'
[2.290s] INFO:colcon.colcon_core.shell:Creating package script '/home/chakrapani/drone_files/IITI_SOC/gcs_ws/install/drone_interfaces/share/drone_interfaces/package.bash'
[2.292s] INFO:colcon.colcon_core.shell:Creating package script '/home/chakrapani/drone_files/IITI_SOC/gcs_ws/install/drone_interfaces/share/drone_interfaces/package.zsh'
[2.292s] Level 1:colcon.colcon_core.environment:create_file_with_runtime_dependencies(/home/chakrapani/drone_files/IITI_SOC/gcs_ws/install/drone_interfaces/share/colcon-core/packages/drone_interfaces)
[2.295s] INFO:colcon.colcon_ros.task.ament_python.build:Building ROS package in '/home/chakrapani/drone_files/IITI_SOC/gcs_ws/src/drone_launch' with build type 'ament_python'
[2.295s] Level 1:colcon.colcon_core.shell:create_environment_hook('drone_launch', 'ament_prefix_path')
[2.295s] INFO:colcon.colcon_core.shell:Creating environment hook '/home/chakrapani/drone_files/IITI_SOC/gcs_ws/install/drone_launch/share/drone_launch/hook/ament_prefix_path.ps1'
[2.296s] INFO:colcon.colcon_core.shell:Creating environment descriptor '/home/chakrapani/drone_files/IITI_SOC/gcs_ws/install/drone_launch/share/drone_launch/hook/ament_prefix_path.dsv'
[2.298s] INFO:colcon.colcon_core.shell:Creating environment hook '/home/chakrapani/drone_files/IITI_SOC/gcs_ws/install/drone_launch/share/drone_launch/hook/ament_prefix_path.sh'
[2.298s] INFO:colcon.colcon_core.shell:Skip shell extension 'powershell' for command environment: Not usable outside of PowerShell
[2.298s] DEBUG:colcon.colcon_core.shell:Skip shell extension 'dsv' for command environment
[2.651s] INFO:colcon.colcon_core.task.python.build:Building Python package in '/home/chakrapani/drone_files/IITI_SOC/gcs_ws/src/drone_launch'
[2.651s] INFO:colcon.colcon_core.shell:Skip shell extension 'powershell' for command environment: Not usable outside of PowerShell
[2.651s] DEBUG:colcon.colcon_core.shell:Skip shell extension 'dsv' for command environment
[2.657s] Level 1:colcon.colcon_core.environment:checking '/home/chakrapani/drone_files/IITI_SOC/gcs_ws/install/mission_utils' for CMake module files
[2.658s] Level 1:colcon.colcon_core.environment:checking '/home/chakrapani/drone_files/IITI_SOC/gcs_ws/install/mission_utils' for CMake config files
[2.658s] DEBUG:colcon.colcon_core.event_handler.log_command:Invoked command in '/home/chakrapani/drone_files/IITI_SOC/gcs_ws/src/mission_utils' returned '0': PYTHONPATH=/home/chakrapani/drone_files/IITI_SOC/gcs_ws/build/mission_utils/prefix_override:/usr/lib/python3/dist-packages/colcon_core/task/python/colcon_distutils_commands:/home/chakrapani/drone_files/IITI_SOC/gcs_ws/install/mission_utils/lib/python3.10/site-packages:${PYTHONPATH} /usr/bin/python3 -W ignore:setup.py install is deprecated -W ignore:easy_install command is deprecated setup.py egg_info --egg-base ../../build/mission_utils build --build-base /home/chakrapani/drone_files/IITI_SOC/gcs_ws/build/mission_utils/build install --record /home/chakrapani/drone_files/IITI_SOC/gcs_ws/build/mission_utils/install.log --single-version-externally-managed install_data
[2.659s] Level 1:colcon.colcon_core.environment:checking '/home/chakrapani/drone_files/IITI_SOC/gcs_ws/install/mission_utils/lib'
[2.659s] Level 1:colcon.colcon_core.environment:checking '/home/chakrapani/drone_files/IITI_SOC/gcs_ws/install/mission_utils/bin'
[2.659s] Level 1:colcon.colcon_core.environment:checking '/home/chakrapani/drone_files/IITI_SOC/gcs_ws/install/mission_utils/lib/pkgconfig/mission_utils.pc'
[2.659s] Level 1:colcon.colcon_core.environment:checking '/home/chakrapani/drone_files/IITI_SOC/gcs_ws/install/mission_utils/lib/python3.10/site-packages'
[2.660s] Level 1:colcon.colcon_core.shell:create_environment_hook('mission_utils', 'pythonpath')
[2.660s] INFO:colcon.colcon_core.shell:Creating environment hook '/home/chakrapani/drone_files/IITI_SOC/gcs_ws/install/mission_utils/share/mission_utils/hook/pythonpath.ps1'
[2.661s] INFO:colcon.colcon_core.shell:Creating environment descriptor '/home/chakrapani/drone_files/IITI_SOC/gcs_ws/install/mission_utils/share/mission_utils/hook/pythonpath.dsv'
[2.661s] INFO:colcon.colcon_core.shell:Creating environment hook '/home/chakrapani/drone_files/IITI_SOC/gcs_ws/install/mission_utils/share/mission_utils/hook/pythonpath.sh'
[2.662s] Level 1:colcon.colcon_core.environment:checking '/home/chakrapani/drone_files/IITI_SOC/gcs_ws/install/mission_utils/bin'
[2.662s] Level 1:colcon.colcon_core.environment:create_environment_scripts_only(mission_utils)
[2.662s] INFO:colcon.colcon_core.shell:Creating package script '/home/chakrapani/drone_files/IITI_SOC/gcs_ws/install/mission_utils/share/mission_utils/package.ps1'
[2.663s] INFO:colcon.colcon_core.shell:Creating package descriptor '/home/chakrapani/drone_files/IITI_SOC/gcs_ws/install/mission_utils/share/mission_utils/package.dsv'
[2.663s] INFO:colcon.colcon_core.shell:Creating package script '/home/chakrapani/drone_files/IITI_SOC/gcs_ws/install/mission_utils/share/mission_utils/package.sh'
[2.664s] INFO:colcon.colcon_core.shell:Creating package script '/home/chakrapani/drone_files/IITI_SOC/gcs_ws/install/mission_utils/share/mission_utils/package.bash'
[2.664s] INFO:colcon.colcon_core.shell:Creating package script '/home/chakrapani/drone_files/IITI_SOC/gcs_ws/install/mission_utils/share/mission_utils/package.zsh'
[2.665s] Level 1:colcon.colcon_core.environment:create_file_with_runtime_dependencies(/home/chakrapani/drone_files/IITI_SOC/gcs_ws/install/mission_utils/share/colcon-core/packages/mission_utils)
[2.665s] INFO:colcon.colcon_ros.task.ament_python.build:Building ROS package in '/home/chakrapani/drone_files/IITI_SOC/gcs_ws/src/drone_1_manager' with build type 'ament_python'
[2.665s] Level 1:colcon.colcon_core.shell:create_environment_hook('drone_1_manager', 'ament_prefix_path')
[2.666s] INFO:colcon.colcon_core.shell:Creating environment hook '/home/chakrapani/drone_files/IITI_SOC/gcs_ws/install/drone_1_manager/share/drone_1_manager/hook/ament_prefix_path.ps1'
[2.666s] INFO:colcon.colcon_core.shell:Creating environment descriptor '/home/chakrapani/drone_files/IITI_SOC/gcs_ws/install/drone_1_manager/share/drone_1_manager/hook/ament_prefix_path.dsv'
[2.667s] INFO:colcon.colcon_core.shell:Creating environment hook '/home/chakrapani/drone_files/IITI_SOC/gcs_ws/install/drone_1_manager/share/drone_1_manager/hook/ament_prefix_path.sh'
[2.668s] INFO:colcon.colcon_core.shell:Skip shell extension 'powershell' for command environment: Not usable outside of PowerShell
[2.668s] DEBUG:colcon.colcon_core.shell:Skip shell extension 'dsv' for command environment
[3.032s] INFO:colcon.colcon_core.task.python.build:Building Python package in '/home/chakrapani/drone_files/IITI_SOC/gcs_ws/src/drone_1_manager'
[3.032s] INFO:colcon.colcon_core.shell:Skip shell extension 'powershell' for command environment: Not usable outside of PowerShell
[3.032s] DEBUG:colcon.colcon_core.shell:Skip shell extension 'dsv' for command environment
[3.164s] DEBUG:colcon.colcon_core.event_handler.log_command:Invoking command in '/home/chakrapani/drone_files/IITI_SOC/gcs_ws/src/drone_launch': PYTHONPATH=/home/chakrapani/drone_files/IITI_SOC/gcs_ws/build/drone_launch/prefix_override:/usr/lib/python3/dist-packages/colcon_core/task/python/colcon_distutils_commands:/home/chakrapani/drone_files/IITI_SOC/gcs_ws/install/drone_launch/lib/python3.10/site-packages:${PYTHONPATH} /usr/bin/python3 -W ignore:setup.py install is deprecated -W ignore:easy_install command is deprecated setup.py egg_info --egg-base ../../build/drone_launch build --build-base /home/chakrapani/drone_files/IITI_SOC/gcs_ws/build/drone_launch/build install --record /home/chakrapani/drone_files/IITI_SOC/gcs_ws/build/drone_launch/install.log --single-version-externally-managed install_data
[3.748s] Level 1:colcon.colcon_core.environment:checking '/home/chakrapani/drone_files/IITI_SOC/gcs_ws/install/drone_launch' for CMake module files
[3.750s] Level 1:colcon.colcon_core.environment:checking '/home/chakrapani/drone_files/IITI_SOC/gcs_ws/install/drone_launch' for CMake config files
[3.749s] DEBUG:colcon.colcon_core.event_handler.log_command:Invoked command in '/home/chakrapani/drone_files/IITI_SOC/gcs_ws/src/drone_launch' returned '0': PYTHONPATH=/home/chakrapani/drone_files/IITI_SOC/gcs_ws/build/drone_launch/prefix_override:/usr/lib/python3/dist-packages/colcon_core/task/python/colcon_distutils_commands:/home/chakrapani/drone_files/IITI_SOC/gcs_ws/install/drone_launch/lib/python3.10/site-packages:${PYTHONPATH} /usr/bin/python3 -W ignore:setup.py install is deprecated -W ignore:easy_install command is deprecated setup.py egg_info --egg-base ../../build/drone_launch build --build-base /home/chakrapani/drone_files/IITI_SOC/gcs_ws/build/drone_launch/build install --record /home/chakrapani/drone_files/IITI_SOC/gcs_ws/build/drone_launch/install.log --single-version-externally-managed install_data
[3.751s] Level 1:colcon.colcon_core.environment:checking '/home/chakrapani/drone_files/IITI_SOC/gcs_ws/install/drone_launch/lib'
[3.751s] Level 1:colcon.colcon_core.environment:checking '/home/chakrapani/drone_files/IITI_SOC/gcs_ws/install/drone_launch/bin'
[3.752s] Level 1:colcon.colcon_core.environment:checking '/home/chakrapani/drone_files/IITI_SOC/gcs_ws/install/drone_launch/lib/pkgconfig/drone_launch.pc'
[3.752s] Level 1:colcon.colcon_core.environment:checking '/home/chakrapani/drone_files/IITI_SOC/gcs_ws/install/drone_launch/lib/python3.10/site-packages'
[3.752s] Level 1:colcon.colcon_core.shell:create_environment_hook('drone_launch', 'pythonpath')
[3.753s] INFO:colcon.colcon_core.shell:Creating environment hook '/home/chakrapani/drone_files/IITI_SOC/gcs_ws/install/drone_launch/share/drone_launch/hook/pythonpath.ps1'
[3.753s] INFO:colcon.colcon_core.shell:Creating environment descriptor '/home/chakrapani/drone_files/IITI_SOC/gcs_ws/install/drone_launch/share/drone_launch/hook/pythonpath.dsv'
[3.754s] INFO:colcon.colcon_core.shell:Creating environment hook '/home/chakrapani/drone_files/IITI_SOC/gcs_ws/install/drone_launch/share/drone_launch/hook/pythonpath.sh'
[3.755s] Level 1:colcon.colcon_core.environment:checking '/home/chakrapani/drone_files/IITI_SOC/gcs_ws/install/drone_launch/bin'
[3.756s] Level 1:colcon.colcon_core.environment:create_environment_scripts_only(drone_launch)
[3.756s] INFO:colcon.colcon_core.shell:Creating package script '/home/chakrapani/drone_files/IITI_SOC/gcs_ws/install/drone_launch/share/drone_launch/package.ps1'
[3.757s] INFO:colcon.colcon_core.shell:Creating package descriptor '/home/chakrapani/drone_files/IITI_SOC/gcs_ws/install/drone_launch/share/drone_launch/package.dsv'
[3.758s] INFO:colcon.colcon_core.shell:Creating package script '/home/chakrapani/drone_files/IITI_SOC/gcs_ws/install/drone_launch/share/drone_launch/package.sh'
[3.759s] INFO:colcon.colcon_core.shell:Creating package script '/home/chakrapani/drone_files/IITI_SOC/gcs_ws/install/drone_launch/share/drone_launch/package.bash'
[3.760s] INFO:colcon.colcon_core.shell:Creating package script '/home/chakrapani/drone_files/IITI_SOC/gcs_ws/install/drone_launch/share/drone_launch/package.zsh'
[3.761s] Level 1:colcon.colcon_core.environment:create_file_with_runtime_dependencies(/home/chakrapani/drone_files/IITI_SOC/gcs_ws/install/drone_launch/share/colcon-core/packages/drone_launch)
[3.764s] INFO:colcon.colcon_ros.task.ament_python.build:Building ROS package in '/home/chakrapani/drone_files/IITI_SOC/gcs_ws/src/drone_2_manager' with build type 'ament_python'
[3.764s] Level 1:colcon.colcon_core.shell:create_environment_hook('drone_2_manager', 'ament_prefix_path')
[3.765s] INFO:colcon.colcon_core.shell:Creating environment hook '/home/chakrapani/drone_files/IITI_SOC/gcs_ws/install/drone_2_manager/share/drone_2_manager/hook/ament_prefix_path.ps1'
[3.766s] INFO:colcon.colcon_core.shell:Creating environment descriptor '/home/chakrapani/drone_files/IITI_SOC/gcs_ws/install/drone_2_manager/share/drone_2_manager/hook/ament_prefix_path.dsv'
[3.767s] INFO:colcon.colcon_core.shell:Creating environment hook '/home/chakrapani/drone_files/IITI_SOC/gcs_ws/install/drone_2_manager/share/drone_2_manager/hook/ament_prefix_path.sh'
[3.768s] INFO:colcon.colcon_core.shell:Skip shell extension 'powershell' for command environment: Not usable outside of PowerShell
[3.768s] DEBUG:colcon.colcon_core.shell:Skip shell extension 'dsv' for command environment
[3.784s] DEBUG:colcon.colcon_core.event_handler.log_command:Invoking command in '/home/chakrapani/drone_files/IITI_SOC/gcs_ws/src/drone_1_manager': PYTHONPATH=/home/chakrapani/drone_files/IITI_SOC/gcs_ws/build/drone_1_manager/prefix_override:/usr/lib/python3/dist-packages/colcon_core/task/python/colcon_distutils_commands:/home/chakrapani/drone_files/IITI_SOC/gcs_ws/install/drone_1_manager/lib/python3.10/site-packages:${PYTHONPATH} /usr/bin/python3 -W ignore:setup.py install is deprecated -W ignore:easy_install command is deprecated setup.py egg_info --egg-base ../../build/drone_1_manager build --build-base /home/chakrapani/drone_files/IITI_SOC/gcs_ws/build/drone_1_manager/build install --record /home/chakrapani/drone_files/IITI_SOC/gcs_ws/build/drone_1_manager/install.log --single-version-externally-managed install_data
[4.308s] INFO:colcon.colcon_core.task.python.build:Building Python package in '/home/chakrapani/drone_files/IITI_SOC/gcs_ws/src/drone_2_manager'
[4.309s] INFO:colcon.colcon_core.shell:Skip shell extension 'powershell' for command environment: Not usable outside of PowerShell
[4.310s] DEBUG:colcon.colcon_core.shell:Skip shell extension 'dsv' for command environment
[4.735s] Level 1:colcon.colcon_core.environment:checking '/home/chakrapani/drone_files/IITI_SOC/gcs_ws/install/drone_1_manager' for CMake module files
[4.738s] DEBUG:colcon.colcon_core.event_handler.log_command:Invoked command in '/home/chakrapani/drone_files/IITI_SOC/gcs_ws/src/drone_1_manager' returned '0': PYTHONPATH=/home/chakrapani/drone_files/IITI_SOC/gcs_ws/build/drone_1_manager/prefix_override:/usr/lib/python3/dist-packages/colcon_core/task/python/colcon_distutils_commands:/home/chakrapani/drone_files/IITI_SOC/gcs_ws/install/drone_1_manager/lib/python3.10/site-packages:${PYTHONPATH} /usr/bin/python3 -W ignore:setup.py install is deprecated -W ignore:easy_install command is deprecated setup.py egg_info --egg-base ../../build/drone_1_manager build --build-base /home/chakrapani/drone_files/IITI_SOC/gcs_ws/build/drone_1_manager/build install --record /home/chakrapani/drone_files/IITI_SOC/gcs_ws/build/drone_1_manager/install.log --single-version-externally-managed install_data
[4.739s] Level 1:colcon.colcon_core.environment:checking '/home/chakrapani/drone_files/IITI_SOC/gcs_ws/install/drone_1_manager' for CMake config files
[4.742s] Level 1:colcon.colcon_core.environment:checking '/home/chakrapani/drone_files/IITI_SOC/gcs_ws/install/drone_1_manager/lib'
[4.742s] Level 1:colcon.colcon_core.environment:checking '/home/chakrapani/drone_files/IITI_SOC/gcs_ws/install/drone_1_manager/bin'
[4.743s] Level 1:colcon.colcon_core.environment:checking '/home/chakrapani/drone_files/IITI_SOC/gcs_ws/install/drone_1_manager/lib/pkgconfig/drone_1_manager.pc'
[4.744s] Level 1:colcon.colcon_core.environment:checking '/home/chakrapani/drone_files/IITI_SOC/gcs_ws/install/drone_1_manager/lib/python3.10/site-packages'
[4.744s] Level 1:colcon.colcon_core.shell:create_environment_hook('drone_1_manager', 'pythonpath')
[4.744s] INFO:colcon.colcon_core.shell:Creating environment hook '/home/chakrapani/drone_files/IITI_SOC/gcs_ws/install/drone_1_manager/share/drone_1_manager/hook/pythonpath.ps1'
[4.746s] INFO:colcon.colcon_core.shell:Creating environment descriptor '/home/chakrapani/drone_files/IITI_SOC/gcs_ws/install/drone_1_manager/share/drone_1_manager/hook/pythonpath.dsv'
[4.747s] INFO:colcon.colcon_core.shell:Creating environment hook '/home/chakrapani/drone_files/IITI_SOC/gcs_ws/install/drone_1_manager/share/drone_1_manager/hook/pythonpath.sh'
[4.748s] Level 1:colcon.colcon_core.environment:checking '/home/chakrapani/drone_files/IITI_SOC/gcs_ws/install/drone_1_manager/bin'
[4.748s] Level 1:colcon.colcon_core.environment:create_environment_scripts_only(drone_1_manager)
[4.749s] INFO:colcon.colcon_core.shell:Creating package script '/home/chakrapani/drone_files/IITI_SOC/gcs_ws/install/drone_1_manager/share/drone_1_manager/package.ps1'
[4.749s] INFO:colcon.colcon_core.shell:Creating package descriptor '/home/chakrapani/drone_files/IITI_SOC/gcs_ws/install/drone_1_manager/share/drone_1_manager/package.dsv'
[4.750s] INFO:colcon.colcon_core.shell:Creating package script '/home/chakrapani/drone_files/IITI_SOC/gcs_ws/install/drone_1_manager/share/drone_1_manager/package.sh'
[4.750s] INFO:colcon.colcon_core.shell:Creating package script '/home/chakrapani/drone_files/IITI_SOC/gcs_ws/install/drone_1_manager/share/drone_1_manager/package.bash'
[4.751s] INFO:colcon.colcon_core.shell:Creating package script '/home/chakrapani/drone_files/IITI_SOC/gcs_ws/install/drone_1_manager/share/drone_1_manager/package.zsh'
[4.751s] Level 1:colcon.colcon_core.environment:create_file_with_runtime_dependencies(/home/chakrapani/drone_files/IITI_SOC/gcs_ws/install/drone_1_manager/share/colcon-core/packages/drone_1_manager)
[4.753s] INFO:colcon.colcon_ros.task.ament_python.build:Building ROS package in '/home/chakrapani/drone_files/IITI_SOC/gcs_ws/src/gcs_controller' with build type 'ament_python'
[4.755s] Level 1:colcon.colcon_core.shell:create_environment_hook('gcs_controller', 'ament_prefix_path')
[4.756s] INFO:colcon.colcon_core.shell:Creating environment hook '/home/chakrapani/drone_files/IITI_SOC/gcs_ws/install/gcs_controller/share/gcs_controller/hook/ament_prefix_path.ps1'
[4.757s] INFO:colcon.colcon_core.shell:Creating environment descriptor '/home/chakrapani/drone_files/IITI_SOC/gcs_ws/install/gcs_controller/share/gcs_controller/hook/ament_prefix_path.dsv'
[4.758s] INFO:colcon.colcon_core.shell:Creating environment hook '/home/chakrapani/drone_files/IITI_SOC/gcs_ws/install/gcs_controller/share/gcs_controller/hook/ament_prefix_path.sh'
[4.759s] INFO:colcon.colcon_core.shell:Skip shell extension 'powershell' for command environment: Not usable outside of PowerShell
[4.760s] DEBUG:colcon.colcon_core.shell:Skip shell extension 'dsv' for command environment
[5.353s] INFO:colcon.colcon_core.task.python.build:Building Python package in '/home/chakrapani/drone_files/IITI_SOC/gcs_ws/src/gcs_controller'
[5.356s] INFO:colcon.colcon_core.shell:Skip shell extension 'powershell' for command environment: Not usable outside of PowerShell
[5.356s] DEBUG:colcon.colcon_core.shell:Skip shell extension 'dsv' for command environment
[5.390s] DEBUG:colcon.colcon_core.event_handler.log_command:Invoking command in '/home/chakrapani/drone_files/IITI_SOC/gcs_ws/src/drone_2_manager': PYTHONPATH=/home/chakrapani/drone_files/IITI_SOC/gcs_ws/build/drone_2_manager/prefix_override:/usr/lib/python3/dist-packages/colcon_core/task/python/colcon_distutils_commands:/home/chakrapani/drone_files/IITI_SOC/gcs_ws/install/drone_2_manager/lib/python3.10/site-packages:${PYTHONPATH} /usr/bin/python3 -W ignore:setup.py install is deprecated -W ignore:easy_install command is deprecated setup.py egg_info --egg-base ../../build/drone_2_manager build --build-base /home/chakrapani/drone_files/IITI_SOC/gcs_ws/build/drone_2_manager/build install --record /home/chakrapani/drone_files/IITI_SOC/gcs_ws/build/drone_2_manager/install.log --single-version-externally-managed install_data
[6.062s] Level 1:colcon.colcon_core.environment:checking '/home/chakrapani/drone_files/IITI_SOC/gcs_ws/install/drone_2_manager' for CMake module files
[6.063s] Level 1:colcon.colcon_core.environment:checking '/home/chakrapani/drone_files/IITI_SOC/gcs_ws/install/drone_2_manager' for CMake config files
[6.062s] DEBUG:colcon.colcon_core.event_handler.log_command:Invoked command in '/home/chakrapani/drone_files/IITI_SOC/gcs_ws/src/drone_2_manager' returned '0': PYTHONPATH=/home/chakrapani/drone_files/IITI_SOC/gcs_ws/build/drone_2_manager/prefix_override:/usr/lib/python3/dist-packages/colcon_core/task/python/colcon_distutils_commands:/home/chakrapani/drone_files/IITI_SOC/gcs_ws/install/drone_2_manager/lib/python3.10/site-packages:${PYTHONPATH} /usr/bin/python3 -W ignore:setup.py install is deprecated -W ignore:easy_install command is deprecated setup.py egg_info --egg-base ../../build/drone_2_manager build --build-base /home/chakrapani/drone_files/IITI_SOC/gcs_ws/build/drone_2_manager/build install --record /home/chakrapani/drone_files/IITI_SOC/gcs_ws/build/drone_2_manager/install.log --single-version-externally-managed install_data
[6.064s] Level 1:colcon.colcon_core.environment:checking '/home/chakrapani/drone_files/IITI_SOC/gcs_ws/install/drone_2_manager/lib'
[6.064s] Level 1:colcon.colcon_core.environment:checking '/home/chakrapani/drone_files/IITI_SOC/gcs_ws/install/drone_2_manager/bin'
[6.064s] Level 1:colcon.colcon_core.environment:checking '/home/chakrapani/drone_files/IITI_SOC/gcs_ws/install/drone_2_manager/lib/pkgconfig/drone_2_manager.pc'
[6.065s] Level 1:colcon.colcon_core.environment:checking '/home/chakrapani/drone_files/IITI_SOC/gcs_ws/install/drone_2_manager/lib/python3.10/site-packages'
[6.065s] Level 1:colcon.colcon_core.shell:create_environment_hook('drone_2_manager', 'pythonpath')
[6.066s] INFO:colcon.colcon_core.shell:Creating environment hook '/home/chakrapani/drone_files/IITI_SOC/gcs_ws/install/drone_2_manager/share/drone_2_manager/hook/pythonpath.ps1'
[6.067s] INFO:colcon.colcon_core.shell:Creating environment descriptor '/home/chakrapani/drone_files/IITI_SOC/gcs_ws/install/drone_2_manager/share/drone_2_manager/hook/pythonpath.dsv'
[6.068s] INFO:colcon.colcon_core.shell:Creating environment hook '/home/chakrapani/drone_files/IITI_SOC/gcs_ws/install/drone_2_manager/share/drone_2_manager/hook/pythonpath.sh'
[6.069s] Level 1:colcon.colcon_core.environment:checking '/home/chakrapani/drone_files/IITI_SOC/gcs_ws/install/drone_2_manager/bin'
[6.069s] Level 1:colcon.colcon_core.environment:create_environment_scripts_only(drone_2_manager)
[6.070s] INFO:colcon.colcon_core.shell:Creating package script '/home/chakrapani/drone_files/IITI_SOC/gcs_ws/install/drone_2_manager/share/drone_2_manager/package.ps1'
[6.071s] INFO:colcon.colcon_core.shell:Creating package descriptor '/home/chakrapani/drone_files/IITI_SOC/gcs_ws/install/drone_2_manager/share/drone_2_manager/package.dsv'
[6.072s] INFO:colcon.colcon_core.shell:Creating package script '/home/chakrapani/drone_files/IITI_SOC/gcs_ws/install/drone_2_manager/share/drone_2_manager/package.sh'
[6.073s] INFO:colcon.colcon_core.shell:Creating package script '/home/chakrapani/drone_files/IITI_SOC/gcs_ws/install/drone_2_manager/share/drone_2_manager/package.bash'
[6.073s] INFO:colcon.colcon_core.shell:Creating package script '/home/chakrapani/drone_files/IITI_SOC/gcs_ws/install/drone_2_manager/share/drone_2_manager/package.zsh'
[6.073s] Level 1:colcon.colcon_core.environment:create_file_with_runtime_dependencies(/home/chakrapani/drone_files/IITI_SOC/gcs_ws/install/drone_2_manager/share/colcon-core/packages/drone_2_manager)
[6.267s] DEBUG:colcon.colcon_core.event_handler.log_command:Invoking command in '/home/chakrapani/drone_files/IITI_SOC/gcs_ws/src/gcs_controller': AMENT_PREFIX_PATH=/home/chakrapani/drone_files/IITI_SOC/gcs_ws/install/mission_utils:/home/chakrapani/drone_files/IITI_SOC/gcs_ws/install/gcs_controller:/home/chakrapani/drone_files/IITI_SOC/gcs_ws/install/drone_launch:/home/chakrapani/drone_files/IITI_SOC/gcs_ws/install/drone_2_manager:/home/chakrapani/drone_files/IITI_SOC/gcs_ws/install/drone_1_manager:/home/chakrapani/drone_files/IITI_SOC/gcs_ws/install/drone_interfaces:/home/chakrapani/px4_ros_ws/install/px4_msgs:/home/chakrapani/octomap_ws/install/rtabmap_msgs:/home/chakrapani/octomap_ws/install/px4_odometry_converter:/home/chakrapani/octomap_ws/install/px4_localization:/home/chakrapani/octomap_ws/install/octomap_mapping:/home/chakrapani/octomap_ws/install/octomap_server:/home/chakrapani/octomap_ws/install/octomap_ros:/home/chakrapani/drone_files/drone_repos/install/px4_ros_com:/home/chakrapani/drone_files/drone_repos/install/px4_msgs:/opt/ros/humble PYTHONPATH=/home/chakrapani/drone_files/IITI_SOC/gcs_ws/build/gcs_controller/prefix_override:/usr/lib/python3/dist-packages/colcon_core/task/python/colcon_distutils_commands:/home/chakrapani/drone_files/IITI_SOC/gcs_ws/install/gcs_controller/lib/python3.10/site-packages:/home/chakrapani/drone_files/IITI_SOC/gcs_ws/install/mission_utils/lib/python3.10/site-packages:/home/chakrapani/drone_files/IITI_SOC/gcs_ws/install/gcs_controller/lib/python3.10/site-packages:/home/chakrapani/drone_files/IITI_SOC/gcs_ws/install/drone_launch/lib/python3.10/site-packages:/home/chakrapani/drone_files/IITI_SOC/gcs_ws/install/drone_2_manager/lib/python3.10/site-packages:/home/chakrapani/drone_files/IITI_SOC/gcs_ws/install/drone_1_manager/lib/python3.10/site-packages:/home/chakrapani/drone_files/IITI_SOC/gcs_ws/install/drone_interfaces/local/lib/python3.10/dist-packages:/home/chakrapani/px4_ros_ws/install/px4_msgs/local/lib/python3.10/dist-packages:/home/chakrapani/octomap_ws/install/rtabmap_msgs/local/lib/python3.10/dist-packages:/home/chakrapani/octomap_ws/install/px4_odometry_converter/lib/python3.10/site-packages:/home/chakrapani/octomap_ws/install/px4_localization/lib/python3.10/site-packages:/home/chakrapani/drone_files/drone_repos/install/px4_ros_com/local/lib/python3.10/dist-packages:/home/chakrapani/drone_files/drone_repos/install/px4_msgs/local/lib/python3.10/dist-packages:/opt/ros/humble/lib/python3.10/site-packages:/opt/ros/humble/local/lib/python3.10/dist-packages /usr/bin/python3 -W ignore:setup.py install is deprecated -W ignore:easy_install command is deprecated setup.py egg_info --egg-base ../../build/gcs_controller build --build-base /home/chakrapani/drone_files/IITI_SOC/gcs_ws/build/gcs_controller/build install --record /home/chakrapani/drone_files/IITI_SOC/gcs_ws/build/gcs_controller/install.log --single-version-externally-managed install_data
[6.784s] Level 1:colcon.colcon_core.environment:checking '/home/chakrapani/drone_files/IITI_SOC/gcs_ws/install/gcs_controller' for CMake module files
[6.785s] DEBUG:colcon.colcon_core.event_handler.log_command:Invoked command in '/home/chakrapani/drone_files/IITI_SOC/gcs_ws/src/gcs_controller' returned '0': AMENT_PREFIX_PATH=/home/chakrapani/drone_files/IITI_SOC/gcs_ws/install/mission_utils:/home/chakrapani/drone_files/IITI_SOC/gcs_ws/install/gcs_controller:/home/chakrapani/drone_files/IITI_SOC/gcs_ws/install/drone_launch:/home/chakrapani/drone_files/IITI_SOC/gcs_ws/install/drone_2_manager:/home/chakrapani/drone_files/IITI_SOC/gcs_ws/install/drone_1_manager:/home/chakrapani/drone_files/IITI_SOC/gcs_ws/install/drone_interfaces:/home/chakrapani/px4_ros_ws/install/px4_msgs:/home/chakrapani/octomap_ws/install/rtabmap_msgs:/home/chakrapani/octomap_ws/install/px4_odometry_converter:/home/chakrapani/octomap_ws/install/px4_localization:/home/chakrapani/octomap_ws/install/octomap_mapping:/home/chakrapani/octomap_ws/install/octomap_server:/home/chakrapani/octomap_ws/install/octomap_ros:/home/chakrapani/drone_files/drone_repos/install/px4_ros_com:/home/chakrapani/drone_files/drone_repos/install/px4_msgs:/opt/ros/humble PYTHONPATH=/home/chakrapani/drone_files/IITI_SOC/gcs_ws/build/gcs_controller/prefix_override:/usr/lib/python3/dist-packages/colcon_core/task/python/colcon_distutils_commands:/home/chakrapani/drone_files/IITI_SOC/gcs_ws/install/gcs_controller/lib/python3.10/site-packages:/home/chakrapani/drone_files/IITI_SOC/gcs_ws/install/mission_utils/lib/python3.10/site-packages:/home/chakrapani/drone_files/IITI_SOC/gcs_ws/install/gcs_controller/lib/python3.10/site-packages:/home/chakrapani/drone_files/IITI_SOC/gcs_ws/install/drone_launch/lib/python3.10/site-packages:/home/chakrapani/drone_files/IITI_SOC/gcs_ws/install/drone_2_manager/lib/python3.10/site-packages:/home/chakrapani/drone_files/IITI_SOC/gcs_ws/install/drone_1_manager/lib/python3.10/site-packages:/home/chakrapani/drone_files/IITI_SOC/gcs_ws/install/drone_interfaces/local/lib/python3.10/dist-packages:/home/chakrapani/px4_ros_ws/install/px4_msgs/local/lib/python3.10/dist-packages:/home/chakrapani/octomap_ws/install/rtabmap_msgs/local/lib/python3.10/dist-packages:/home/chakrapani/octomap_ws/install/px4_odometry_converter/lib/python3.10/site-packages:/home/chakrapani/octomap_ws/install/px4_localization/lib/python3.10/site-packages:/home/chakrapani/drone_files/drone_repos/install/px4_ros_com/local/lib/python3.10/dist-packages:/home/chakrapani/drone_files/drone_repos/install/px4_msgs/local/lib/python3.10/dist-packages:/opt/ros/humble/lib/python3.10/site-packages:/opt/ros/humble/local/lib/python3.10/dist-packages /usr/bin/python3 -W ignore:setup.py install is deprecated -W ignore:easy_install command is deprecated setup.py egg_info --egg-base ../../build/gcs_controller build --build-base /home/chakrapani/drone_files/IITI_SOC/gcs_ws/build/gcs_controller/build install --record /home/chakrapani/drone_files/IITI_SOC/gcs_ws/build/gcs_controller/install.log --single-version-externally-managed install_data
[6.785s] Level 1:colcon.colcon_core.environment:checking '/home/chakrapani/drone_files/IITI_SOC/gcs_ws/install/gcs_controller' for CMake config files
[6.786s] Level 1:colcon.colcon_core.environment:checking '/home/chakrapani/drone_files/IITI_SOC/gcs_ws/install/gcs_controller/lib'
[6.786s] Level 1:colcon.colcon_core.environment:checking '/home/chakrapani/drone_files/IITI_SOC/gcs_ws/install/gcs_controller/bin'
[6.786s] Level 1:colcon.colcon_core.environment:checking '/home/chakrapani/drone_files/IITI_SOC/gcs_ws/install/gcs_controller/lib/pkgconfig/gcs_controller.pc'
[6.787s] Level 1:colcon.colcon_core.environment:checking '/home/chakrapani/drone_files/IITI_SOC/gcs_ws/install/gcs_controller/lib/python3.10/site-packages'
[6.787s] Level 1:colcon.colcon_core.shell:create_environment_hook('gcs_controller', 'pythonpath')
[6.787s] INFO:colcon.colcon_core.shell:Creating environment hook '/home/chakrapani/drone_files/IITI_SOC/gcs_ws/install/gcs_controller/share/gcs_controller/hook/pythonpath.ps1'
[6.788s] INFO:colcon.colcon_core.shell:Creating environment descriptor '/home/chakrapani/drone_files/IITI_SOC/gcs_ws/install/gcs_controller/share/gcs_controller/hook/pythonpath.dsv'
[6.789s] INFO:colcon.colcon_core.shell:Creating environment hook '/home/chakrapani/drone_files/IITI_SOC/gcs_ws/install/gcs_controller/share/gcs_controller/hook/pythonpath.sh'
[6.791s] Level 1:colcon.colcon_core.environment:checking '/home/chakrapani/drone_files/IITI_SOC/gcs_ws/install/gcs_controller/bin'
[6.792s] Level 1:colcon.colcon_core.environment:create_environment_scripts_only(gcs_controller)
[6.792s] INFO:colcon.colcon_core.shell:Creating package script '/home/chakrapani/drone_files/IITI_SOC/gcs_ws/install/gcs_controller/share/gcs_controller/package.ps1'
[6.794s] INFO:colcon.colcon_core.shell:Creating package descriptor '/home/chakrapani/drone_files/IITI_SOC/gcs_ws/install/gcs_controller/share/gcs_controller/package.dsv'
[6.795s] INFO:colcon.colcon_core.shell:Creating package script '/home/chakrapani/drone_files/IITI_SOC/gcs_ws/install/gcs_controller/share/gcs_controller/package.sh'
[6.796s] INFO:colcon.colcon_core.shell:Creating package script '/home/chakrapani/drone_files/IITI_SOC/gcs_ws/install/gcs_controller/share/gcs_controller/package.bash'
[6.797s] INFO:colcon.colcon_core.shell:Creating package script '/home/chakrapani/drone_files/IITI_SOC/gcs_ws/install/gcs_controller/share/gcs_controller/package.zsh'
[6.797s] Level 1:colcon.colcon_core.environment:create_file_with_runtime_dependencies(/home/chakrapani/drone_files/IITI_SOC/gcs_ws/install/gcs_controller/share/colcon-core/packages/gcs_controller)
[6.798s] DEBUG:colcon.colcon_parallel_executor.executor.parallel:closing loop
[6.798s] DEBUG:colcon.colcon_parallel_executor.executor.parallel:loop closed
[6.798s] DEBUG:colcon.colcon_parallel_executor.executor.parallel:run_until_complete finished with '0'
[6.798s] DEBUG:colcon.colcon_core.event_reactor:joining thread
[6.810s] INFO:colcon.colcon_core.plugin_system:Skipping extension 'colcon_notification.desktop_notification.terminal_notifier': Not used on non-Darwin systems
[6.810s] INFO:colcon.colcon_core.plugin_system:Skipping extension 'colcon_notification.desktop_notification.win32': Not used on non-Windows systems
[6.810s] INFO:colcon.colcon_notification.desktop_notification:Sending desktop notification using 'notify2'
[6.829s] DEBUG:colcon.colcon_core.event_reactor:joined thread
[6.829s] INFO:colcon.colcon_core.shell:Creating prefix script '/home/chakrapani/drone_files/IITI_SOC/gcs_ws/install/local_setup.ps1'
[6.830s] INFO:colcon.colcon_core.shell:Creating prefix util module '/home/chakrapani/drone_files/IITI_SOC/gcs_ws/install/_local_setup_util_ps1.py'
[6.832s] INFO:colcon.colcon_core.shell:Creating prefix chain script '/home/chakrapani/drone_files/IITI_SOC/gcs_ws/install/setup.ps1'
[6.835s] INFO:colcon.colcon_core.shell:Creating prefix script '/home/chakrapani/drone_files/IITI_SOC/gcs_ws/install/local_setup.sh'
[6.837s] INFO:colcon.colcon_core.shell:Creating prefix util module '/home/chakrapani/drone_files/IITI_SOC/gcs_ws/install/_local_setup_util_sh.py'
[6.838s] INFO:colcon.colcon_core.shell:Creating prefix chain script '/home/chakrapani/drone_files/IITI_SOC/gcs_ws/install/setup.sh'
[6.841s] INFO:colcon.colcon_core.shell:Creating prefix script '/home/chakrapani/drone_files/IITI_SOC/gcs_ws/install/local_setup.bash'
[6.842s] INFO:colcon.colcon_core.shell:Creating prefix chain script '/home/chakrapani/drone_files/IITI_SOC/gcs_ws/install/setup.bash'
[6.845s] INFO:colcon.colcon_core.shell:Creating prefix script '/home/chakrapani/drone_files/IITI_SOC/gcs_ws/install/local_setup.zsh'
[6.846s] INFO:colcon.colcon_core.shell:Creating prefix chain script '/home/chakrapani/drone_files/IITI_SOC/gcs_ws/install/setup.zsh'
