running egg_info
writing ../../build/mission_utils/mission_utils.egg-info/PKG-INFO
writing dependency_links to ../../build/mission_utils/mission_utils.egg-info/dependency_links.txt
writing entry points to ../../build/mission_utils/mission_utils.egg-info/entry_points.txt
writing requirements to ../../build/mission_utils/mission_utils.egg-info/requires.txt
writing top-level names to ../../build/mission_utils/mission_utils.egg-info/top_level.txt
reading manifest file '../../build/mission_utils/mission_utils.egg-info/SOURCES.txt'
writing manifest file '../../build/mission_utils/mission_utils.egg-info/SOURCES.txt'
running build
running build_py
running install
running install_lib
running install_data
running install_egg_info
removing '/home/chakrapani/drone_files/IITI_SOC/gcs_ws/install/mission_utils/lib/python3.10/site-packages/mission_utils-0.0.0-py3.10.egg-info' (and everything under it)
Copying ../../build/mission_utils/mission_utils.egg-info to /home/chakrapani/drone_files/IITI_SOC/gcs_ws/install/mission_utils/lib/python3.10/site-packages/mission_utils-0.0.0-py3.10.egg-info
running install_scripts
Installing geotags_dataset script to /home/chakrapani/drone_files/IITI_SOC/gcs_ws/install/mission_utils/lib/mission_utils
Installing waypoints_dataset script to /home/chakrapani/drone_files/IITI_SOC/gcs_ws/install/mission_utils/lib/mission_utils
writing list of installed files to '/home/chakrapani/drone_files/IITI_SOC/gcs_ws/build/mission_utils/install.log'
