[2.460s] Invoking command in '/home/chakrapani/drone_files/IITI_SOC/gcs_ws/src/drone_launch': PYTHONPATH=/home/chakrapani/drone_files/IITI_SOC/gcs_ws/build/drone_launch/prefix_override:/usr/lib/python3/dist-packages/colcon_core/task/python/colcon_distutils_commands:/home/chakrapani/drone_files/IITI_SOC/gcs_ws/install/drone_launch/lib/python3.10/site-packages:${PYTHONPATH} /usr/bin/python3 -W ignore:setup.py install is deprecated -W ignore:easy_install command is deprecated setup.py egg_info --egg-base ../../build/drone_launch build --build-base /home/chakrapani/drone_files/IITI_SOC/gcs_ws/build/drone_launch/build install --record /home/chakrapani/drone_files/IITI_SOC/gcs_ws/build/drone_launch/install.log --single-version-externally-managed install_data
[3.689s] running egg_info
[3.692s] writing ../../build/drone_launch/drone_launch.egg-info/PKG-INFO
[3.693s] writing dependency_links to ../../build/drone_launch/drone_launch.egg-info/dependency_links.txt
[3.693s] writing entry points to ../../build/drone_launch/drone_launch.egg-info/entry_points.txt
[3.693s] writing requirements to ../../build/drone_launch/drone_launch.egg-info/requires.txt
[3.693s] writing top-level names to ../../build/drone_launch/drone_launch.egg-info/top_level.txt
[3.710s] reading manifest file '../../build/drone_launch/drone_launch.egg-info/SOURCES.txt'
[3.714s] writing manifest file '../../build/drone_launch/drone_launch.egg-info/SOURCES.txt'
[3.714s] running build
[3.715s] running build_py
[3.716s] running install
[3.717s] running install_lib
[3.722s] running install_data
[3.722s] running install_egg_info
[3.735s] removing '/home/chakrapani/drone_files/IITI_SOC/gcs_ws/install/drone_launch/lib/python3.10/site-packages/drone_launch-0.0.0-py3.10.egg-info' (and everything under it)
[3.739s] Copying ../../build/drone_launch/drone_launch.egg-info to /home/chakrapani/drone_files/IITI_SOC/gcs_ws/install/drone_launch/lib/python3.10/site-packages/drone_launch-0.0.0-py3.10.egg-info
[3.740s] running install_scripts
[3.865s] writing list of installed files to '/home/chakrapani/drone_files/IITI_SOC/gcs_ws/build/drone_launch/install.log'
[4.611s] Invoked command in '/home/chakrapani/drone_files/IITI_SOC/gcs_ws/src/drone_launch' returned '0': PYTHONPATH=/home/chakrapani/drone_files/IITI_SOC/gcs_ws/build/drone_launch/prefix_override:/usr/lib/python3/dist-packages/colcon_core/task/python/colcon_distutils_commands:/home/chakrapani/drone_files/IITI_SOC/gcs_ws/install/drone_launch/lib/python3.10/site-packages:${PYTHONPATH} /usr/bin/python3 -W ignore:setup.py install is deprecated -W ignore:easy_install command is deprecated setup.py egg_info --egg-base ../../build/drone_launch build --build-base /home/chakrapani/drone_files/IITI_SOC/gcs_ws/build/drone_launch/build install --record /home/chakrapani/drone_files/IITI_SOC/gcs_ws/build/drone_launch/install.log --single-version-externally-managed install_data
