[2.593s] Invoking command in '/home/chakrapani/drone_files/IITI_SOC/gcs_ws/src/gcs_controller': AMENT_PREFIX_PATH=/home/chakrapani/drone_files/IITI_SOC/gcs_ws/install/mission_utils:/home/chakrapani/drone_files/IITI_SOC/gcs_ws/install/gcs_controller:/home/chakrapani/drone_files/IITI_SOC/gcs_ws/install/drone_launch:/home/chakrapani/drone_files/IITI_SOC/gcs_ws/install/drone_2_manager:/home/chakrapani/drone_files/IITI_SOC/gcs_ws/install/drone_1_manager:/home/chakrapani/drone_files/IITI_SOC/gcs_ws/install/drone_interfaces:/opt/ros/humble PYTHONPATH=/home/chakrapani/drone_files/IITI_SOC/gcs_ws/build/gcs_controller/prefix_override:/usr/lib/python3/dist-packages/colcon_core/task/python/colcon_distutils_commands:/home/chakrapani/drone_files/IITI_SOC/gcs_ws/install/gcs_controller/lib/python3.10/site-packages:/home/chakrapani/drone_files/IITI_SOC/gcs_ws/install/mission_utils/lib/python3.10/site-packages:/home/chakrapani/drone_files/IITI_SOC/gcs_ws/install/gcs_controller/lib/python3.10/site-packages:/home/chakrapani/drone_files/IITI_SOC/gcs_ws/install/drone_launch/lib/python3.10/site-packages:/home/chakrapani/drone_files/IITI_SOC/gcs_ws/install/drone_2_manager/lib/python3.10/site-packages:/home/chakrapani/drone_files/IITI_SOC/gcs_ws/install/drone_1_manager/lib/python3.10/site-packages:/home/chakrapani/drone_files/IITI_SOC/gcs_ws/install/drone_interfaces/local/lib/python3.10/dist-packages:/opt/ros/humble/lib/python3.10/site-packages:/opt/ros/humble/local/lib/python3.10/dist-packages /usr/bin/python3 -W ignore:setup.py install is deprecated -W ignore:easy_install command is deprecated setup.py egg_info --egg-base ../../build/gcs_controller build --build-base /home/chakrapani/drone_files/IITI_SOC/gcs_ws/build/gcs_controller/build install --record /home/chakrapani/drone_files/IITI_SOC/gcs_ws/build/gcs_controller/install.log --single-version-externally-managed install_data
[3.355s] running egg_info
[3.356s] creating ../../build/gcs_controller/gcs_controller.egg-info
[3.361s] writing ../../build/gcs_controller/gcs_controller.egg-info/PKG-INFO
[3.361s] writing dependency_links to ../../build/gcs_controller/gcs_controller.egg-info/dependency_links.txt
[3.363s] writing entry points to ../../build/gcs_controller/gcs_controller.egg-info/entry_points.txt
[3.367s] writing requirements to ../../build/gcs_controller/gcs_controller.egg-info/requires.txt
[3.367s] writing top-level names to ../../build/gcs_controller/gcs_controller.egg-info/top_level.txt
[3.367s] writing manifest file '../../build/gcs_controller/gcs_controller.egg-info/SOURCES.txt'
[3.379s] reading manifest file '../../build/gcs_controller/gcs_controller.egg-info/SOURCES.txt'
[3.381s] writing manifest file '../../build/gcs_controller/gcs_controller.egg-info/SOURCES.txt'
[3.385s] running build
[3.385s] running build_py
[3.386s] creating /home/chakrapani/drone_files/IITI_SOC/gcs_ws/build/gcs_controller/build
[3.386s] creating /home/chakrapani/drone_files/IITI_SOC/gcs_ws/build/gcs_controller/build/lib
[3.386s] creating /home/chakrapani/drone_files/IITI_SOC/gcs_ws/build/gcs_controller/build/lib/gcs_controller
[3.387s] copying gcs_controller/__init__.py -> /home/chakrapani/drone_files/IITI_SOC/gcs_ws/build/gcs_controller/build/lib/gcs_controller
[3.387s] copying gcs_controller/geotag_manager_node.py -> /home/chakrapani/drone_files/IITI_SOC/gcs_ws/build/gcs_controller/build/lib/gcs_controller
[3.388s] copying gcs_controller/swarm_supervisor_node.py -> /home/chakrapani/drone_files/IITI_SOC/gcs_ws/build/gcs_controller/build/lib/gcs_controller
[3.388s] copying gcs_controller/waypoint_manager_node.py -> /home/chakrapani/drone_files/IITI_SOC/gcs_ws/build/gcs_controller/build/lib/gcs_controller
[3.390s] running install
[3.390s] running install_lib
[3.392s] creating /home/chakrapani/drone_files/IITI_SOC/gcs_ws/install/gcs_controller/lib/python3.10/site-packages/gcs_controller
[3.392s] copying /home/chakrapani/drone_files/IITI_SOC/gcs_ws/build/gcs_controller/build/lib/gcs_controller/__init__.py -> /home/chakrapani/drone_files/IITI_SOC/gcs_ws/install/gcs_controller/lib/python3.10/site-packages/gcs_controller
[3.393s] copying /home/chakrapani/drone_files/IITI_SOC/gcs_ws/build/gcs_controller/build/lib/gcs_controller/geotag_manager_node.py -> /home/chakrapani/drone_files/IITI_SOC/gcs_ws/install/gcs_controller/lib/python3.10/site-packages/gcs_controller
[3.393s] copying /home/chakrapani/drone_files/IITI_SOC/gcs_ws/build/gcs_controller/build/lib/gcs_controller/swarm_supervisor_node.py -> /home/chakrapani/drone_files/IITI_SOC/gcs_ws/install/gcs_controller/lib/python3.10/site-packages/gcs_controller
[3.394s] copying /home/chakrapani/drone_files/IITI_SOC/gcs_ws/build/gcs_controller/build/lib/gcs_controller/waypoint_manager_node.py -> /home/chakrapani/drone_files/IITI_SOC/gcs_ws/install/gcs_controller/lib/python3.10/site-packages/gcs_controller
[3.397s] byte-compiling /home/chakrapani/drone_files/IITI_SOC/gcs_ws/install/gcs_controller/lib/python3.10/site-packages/gcs_controller/__init__.py to __init__.cpython-310.pyc
[3.398s] byte-compiling /home/chakrapani/drone_files/IITI_SOC/gcs_ws/install/gcs_controller/lib/python3.10/site-packages/gcs_controller/geotag_manager_node.py to geotag_manager_node.cpython-310.pyc
[3.400s] byte-compiling /home/chakrapani/drone_files/IITI_SOC/gcs_ws/install/gcs_controller/lib/python3.10/site-packages/gcs_controller/swarm_supervisor_node.py to swarm_supervisor_node.cpython-310.pyc
[3.407s] byte-compiling /home/chakrapani/drone_files/IITI_SOC/gcs_ws/install/gcs_controller/lib/python3.10/site-packages/gcs_controller/waypoint_manager_node.py to waypoint_manager_node.cpython-310.pyc
[3.407s] running install_data
[3.408s] creating /home/chakrapani/drone_files/IITI_SOC/gcs_ws/install/gcs_controller/share/ament_index
[3.410s] creating /home/chakrapani/drone_files/IITI_SOC/gcs_ws/install/gcs_controller/share/ament_index/resource_index
[3.412s] creating /home/chakrapani/drone_files/IITI_SOC/gcs_ws/install/gcs_controller/share/ament_index/resource_index/packages
[3.412s] copying resource/gcs_controller -> /home/chakrapani/drone_files/IITI_SOC/gcs_ws/install/gcs_controller/share/ament_index/resource_index/packages
[3.414s] copying package.xml -> /home/chakrapani/drone_files/IITI_SOC/gcs_ws/install/gcs_controller/share/gcs_controller
[3.416s] creating /home/chakrapani/drone_files/IITI_SOC/gcs_ws/install/gcs_controller/share/gcs_controller/launch
[3.418s] copying launch/gcs.launch.py -> /home/chakrapani/drone_files/IITI_SOC/gcs_ws/install/gcs_controller/share/gcs_controller/launch
[3.418s] running install_egg_info
[3.420s] Copying ../../build/gcs_controller/gcs_controller.egg-info to /home/chakrapani/drone_files/IITI_SOC/gcs_ws/install/gcs_controller/lib/python3.10/site-packages/gcs_controller-0.0.0-py3.10.egg-info
[3.422s] running install_scripts
[3.473s] Installing geotag_manager_node script to /home/chakrapani/drone_files/IITI_SOC/gcs_ws/install/gcs_controller/lib/gcs_controller
[3.476s] Installing swarm_supervisor_node script to /home/chakrapani/drone_files/IITI_SOC/gcs_ws/install/gcs_controller/lib/gcs_controller
[3.477s] Installing waypoint_manager_node script to /home/chakrapani/drone_files/IITI_SOC/gcs_ws/install/gcs_controller/lib/gcs_controller
[3.479s] writing list of installed files to '/home/chakrapani/drone_files/IITI_SOC/gcs_ws/build/gcs_controller/install.log'
[3.574s] Invoked command in '/home/chakrapani/drone_files/IITI_SOC/gcs_ws/src/gcs_controller' returned '0': AMENT_PREFIX_PATH=/home/chakrapani/drone_files/IITI_SOC/gcs_ws/install/mission_utils:/home/chakrapani/drone_files/IITI_SOC/gcs_ws/install/gcs_controller:/home/chakrapani/drone_files/IITI_SOC/gcs_ws/install/drone_launch:/home/chakrapani/drone_files/IITI_SOC/gcs_ws/install/drone_2_manager:/home/chakrapani/drone_files/IITI_SOC/gcs_ws/install/drone_1_manager:/home/chakrapani/drone_files/IITI_SOC/gcs_ws/install/drone_interfaces:/opt/ros/humble PYTHONPATH=/home/chakrapani/drone_files/IITI_SOC/gcs_ws/build/gcs_controller/prefix_override:/usr/lib/python3/dist-packages/colcon_core/task/python/colcon_distutils_commands:/home/chakrapani/drone_files/IITI_SOC/gcs_ws/install/gcs_controller/lib/python3.10/site-packages:/home/chakrapani/drone_files/IITI_SOC/gcs_ws/install/mission_utils/lib/python3.10/site-packages:/home/chakrapani/drone_files/IITI_SOC/gcs_ws/install/gcs_controller/lib/python3.10/site-packages:/home/chakrapani/drone_files/IITI_SOC/gcs_ws/install/drone_launch/lib/python3.10/site-packages:/home/chakrapani/drone_files/IITI_SOC/gcs_ws/install/drone_2_manager/lib/python3.10/site-packages:/home/chakrapani/drone_files/IITI_SOC/gcs_ws/install/drone_1_manager/lib/python3.10/site-packages:/home/chakrapani/drone_files/IITI_SOC/gcs_ws/install/drone_interfaces/local/lib/python3.10/dist-packages:/opt/ros/humble/lib/python3.10/site-packages:/opt/ros/humble/local/lib/python3.10/dist-packages /usr/bin/python3 -W ignore:setup.py install is deprecated -W ignore:easy_install command is deprecated setup.py egg_info --egg-base ../../build/gcs_controller build --build-base /home/chakrapani/drone_files/IITI_SOC/gcs_ws/build/gcs_controller/build install --record /home/chakrapani/drone_files/IITI_SOC/gcs_ws/build/gcs_controller/install.log --single-version-externally-managed install_data
