[3.943s] Invoking command in '/home/chakrapani/drone_files/IITI_SOC/gcs_ws/src/drone_1_manager': PYTHONPATH=/home/chakrapani/drone_files/IITI_SOC/gcs_ws/build/drone_1_manager/prefix_override:/usr/lib/python3/dist-packages/colcon_core/task/python/colcon_distutils_commands:/home/chakrapani/drone_files/IITI_SOC/gcs_ws/install/drone_1_manager/lib/python3.10/site-packages:${PYTHONPATH} /usr/bin/python3 -W ignore:setup.py install is deprecated -W ignore:easy_install command is deprecated setup.py egg_info --egg-base ../../build/drone_1_manager build --build-base /home/chakrapani/drone_files/IITI_SOC/gcs_ws/build/drone_1_manager/build install --record /home/chakrapani/drone_files/IITI_SOC/gcs_ws/build/drone_1_manager/install.log --single-version-externally-managed install_data
[5.682s] running egg_info
[5.683s] writing ../../build/drone_1_manager/drone_1_manager.egg-info/PKG-INFO
[5.686s] writing dependency_links to ../../build/drone_1_manager/drone_1_manager.egg-info/dependency_links.txt
[5.688s] writing entry points to ../../build/drone_1_manager/drone_1_manager.egg-info/entry_points.txt
[5.697s] writing requirements to ../../build/drone_1_manager/drone_1_manager.egg-info/requires.txt
[5.701s] writing top-level names to ../../build/drone_1_manager/drone_1_manager.egg-info/top_level.txt
[5.710s] reading manifest file '../../build/drone_1_manager/drone_1_manager.egg-info/SOURCES.txt'
[5.724s] writing manifest file '../../build/drone_1_manager/drone_1_manager.egg-info/SOURCES.txt'
[5.726s] running build
[5.727s] running build_py
[5.730s] copying drone_1_manager/mission_handler_node.py -> /home/chakrapani/drone_files/IITI_SOC/gcs_ws/build/drone_1_manager/build/lib/drone_1_manager
[5.735s] running install
[5.739s] running install_lib
[5.748s] copying /home/chakrapani/drone_files/IITI_SOC/gcs_ws/build/drone_1_manager/build/lib/drone_1_manager/mission_handler_node.py -> /home/chakrapani/drone_files/IITI_SOC/gcs_ws/install/drone_1_manager/lib/python3.10/site-packages/drone_1_manager
[5.748s] byte-compiling /home/chakrapani/drone_files/IITI_SOC/gcs_ws/install/drone_1_manager/lib/python3.10/site-packages/drone_1_manager/mission_handler_node.py to mission_handler_node.cpython-310.pyc
[5.774s] running install_data
[5.774s] running install_egg_info
[5.780s] removing '/home/chakrapani/drone_files/IITI_SOC/gcs_ws/install/drone_1_manager/lib/python3.10/site-packages/drone_1_manager-0.0.0-py3.10.egg-info' (and everything under it)
[5.790s] Copying ../../build/drone_1_manager/drone_1_manager.egg-info to /home/chakrapani/drone_files/IITI_SOC/gcs_ws/install/drone_1_manager/lib/python3.10/site-packages/drone_1_manager-0.0.0-py3.10.egg-info
[5.790s] running install_scripts
[5.985s] Installing mission_handler_node script to /home/chakrapani/drone_files/IITI_SOC/gcs_ws/install/drone_1_manager/lib/drone_1_manager
[5.991s] Installing status_publisher_node script to /home/chakrapani/drone_files/IITI_SOC/gcs_ws/install/drone_1_manager/lib/drone_1_manager
[5.994s] writing list of installed files to '/home/chakrapani/drone_files/IITI_SOC/gcs_ws/build/drone_1_manager/install.log'
[6.738s] Invoked command in '/home/chakrapani/drone_files/IITI_SOC/gcs_ws/src/drone_1_manager' returned '0': PYTHONPATH=/home/chakrapani/drone_files/IITI_SOC/gcs_ws/build/drone_1_manager/prefix_override:/usr/lib/python3/dist-packages/colcon_core/task/python/colcon_distutils_commands:/home/chakrapani/drone_files/IITI_SOC/gcs_ws/install/drone_1_manager/lib/python3.10/site-packages:${PYTHONPATH} /usr/bin/python3 -W ignore:setup.py install is deprecated -W ignore:easy_install command is deprecated setup.py egg_info --egg-base ../../build/drone_1_manager build --build-base /home/chakrapani/drone_files/IITI_SOC/gcs_ws/build/drone_1_manager/build install --record /home/chakrapani/drone_files/IITI_SOC/gcs_ws/build/drone_1_manager/install.log --single-version-externally-managed install_data
