[1.001s] Invoking command in '/home/bhav/IITISoC-25-IVR09/gcs_ws/src/drone_2_manager': PYTHONPATH=/home/bhav/IITISoC-25-IVR09/build/drone_2_manager/prefix_override:/home/bhav/.local/lib/python3.10/site-packages/colcon_core/task/python/colcon_distutils_commands:/home/bhav/IITISoC-25-IVR09/install/drone_2_manager/lib/python3.10/site-packages:${PYTHONPATH} /usr/bin/python3 -W ignore:setup.py install is deprecated -W ignore:easy_install command is deprecated setup.py egg_info --egg-base ../../../build/drone_2_manager build --build-base /home/bhav/IITISoC-25-IVR09/build/drone_2_manager/build install --record /home/bhav/IITISoC-25-IVR09/build/drone_2_manager/install.log --single-version-externally-managed install_data
[1.184s] running egg_info
[1.185s] writing ../../../build/drone_2_manager/drone_2_manager.egg-info/PKG-INFO
[1.185s] writing dependency_links to ../../../build/drone_2_manager/drone_2_manager.egg-info/dependency_links.txt
[1.185s] writing entry points to ../../../build/drone_2_manager/drone_2_manager.egg-info/entry_points.txt
[1.185s] writing requirements to ../../../build/drone_2_manager/drone_2_manager.egg-info/requires.txt
[1.185s] writing top-level names to ../../../build/drone_2_manager/drone_2_manager.egg-info/top_level.txt
[1.187s] reading manifest file '../../../build/drone_2_manager/drone_2_manager.egg-info/SOURCES.txt'
[1.187s] writing manifest file '../../../build/drone_2_manager/drone_2_manager.egg-info/SOURCES.txt'
[1.187s] running build
[1.188s] running build_py
[1.188s] running install
[1.188s] running install_lib
[1.189s] running install_data
[1.189s] running install_egg_info
[1.191s] removing '/home/bhav/IITISoC-25-IVR09/install/drone_2_manager/lib/python3.10/site-packages/drone_2_manager-0.0.0-py3.10.egg-info' (and everything under it)
[1.191s] Copying ../../../build/drone_2_manager/drone_2_manager.egg-info to /home/bhav/IITISoC-25-IVR09/install/drone_2_manager/lib/python3.10/site-packages/drone_2_manager-0.0.0-py3.10.egg-info
[1.191s] running install_scripts
[1.210s] Installing geotagging_node script to /home/bhav/IITISoC-25-IVR09/install/drone_2_manager/lib/drone_2_manager
[1.210s] Installing mission_handler_node script to /home/bhav/IITISoC-25-IVR09/install/drone_2_manager/lib/drone_2_manager
[1.210s] Installing offboard_controller_node script to /home/bhav/IITISoC-25-IVR09/install/drone_2_manager/lib/drone_2_manager
[1.210s] Installing recharge_node script to /home/bhav/IITISoC-25-IVR09/install/drone_2_manager/lib/drone_2_manager
[1.210s] Installing status_publisher_node script to /home/bhav/IITISoC-25-IVR09/install/drone_2_manager/lib/drone_2_manager
[1.210s] Installing water_level script to /home/bhav/IITISoC-25-IVR09/install/drone_2_manager/lib/drone_2_manager
[1.211s] writing list of installed files to '/home/bhav/IITISoC-25-IVR09/build/drone_2_manager/install.log'
[1.244s] Invoked command in '/home/bhav/IITISoC-25-IVR09/gcs_ws/src/drone_2_manager' returned '0': PYTHONPATH=/home/bhav/IITISoC-25-IVR09/build/drone_2_manager/prefix_override:/home/bhav/.local/lib/python3.10/site-packages/colcon_core/task/python/colcon_distutils_commands:/home/bhav/IITISoC-25-IVR09/install/drone_2_manager/lib/python3.10/site-packages:${PYTHONPATH} /usr/bin/python3 -W ignore:setup.py install is deprecated -W ignore:easy_install command is deprecated setup.py egg_info --egg-base ../../../build/drone_2_manager build --build-base /home/bhav/IITISoC-25-IVR09/build/drone_2_manager/build install --record /home/bhav/IITISoC-25-IVR09/build/drone_2_manager/install.log --single-version-externally-managed install_data
