[0.127s] DEBUG:colcon:Command line arguments: ['/home/bhav/.local/bin/colcon', 'build']
[0.127s] DEBUG:colcon:Parsed command line arguments: Namespace(log_base=None, log_level=None, verb_name='build', build_base='build', install_base='install', merge_install=False, symlink_install=False, test_result_base=None, continue_on_error=False, executor='parallel', parallel_workers=12, event_handlers=None, ignore_user_meta=False, metas=['./colcon.meta'], base_paths=['.'], packages_ignore=None, packages_ignore_regex=None, paths=None, packages_up_to=None, packages_up_to_regex=None, packages_above=None, packages_above_and_dependencies=None, packages_above_depth=None, packages_select_by_dep=None, packages_skip_by_dep=None, packages_skip_up_to=None, packages_select_build_failed=False, packages_skip_build_finished=False, packages_select_test_failures=False, packages_skip_test_passed=False, packages_select=None, packages_skip=None, packages_select_regex=None, packages_skip_regex=None, packages_start=None, packages_end=None, cmake_args=None, cmake_target=None, cmake_target_skip_unavailable=False, cmake_clean_cache=False, cmake_clean_first=False, cmake_force_configure=False, ament_cmake_args=None, catkin_cmake_args=None, catkin_skip_building_tests=False, verb_parser=<colcon_defaults.argument_parser.defaults.DefaultArgumentsDecorator object at 0x70d8f354a650>, verb_extension=<colcon_core.verb.build.BuildVerb object at 0x70d8f362fc40>, main=<bound method BuildVerb.main of <colcon_core.verb.build.BuildVerb object at 0x70d8f362fc40>>)
[0.235s] Level 1:colcon.colcon_core.package_discovery:discover_packages(colcon_meta) check parameters
[0.235s] Level 1:colcon.colcon_core.package_discovery:discover_packages(recursive) check parameters
[0.235s] Level 1:colcon.colcon_core.package_discovery:discover_packages(ignore) check parameters
[0.235s] Level 1:colcon.colcon_core.package_discovery:discover_packages(path) check parameters
[0.235s] Level 1:colcon.colcon_core.package_discovery:discover_packages(colcon_meta) discover
[0.235s] Level 1:colcon.colcon_core.package_discovery:discover_packages(recursive) discover
[0.235s] INFO:colcon.colcon_core.package_discovery:Crawling recursively for packages in '/home/bhav/IITISoC-25-IVR09'
[0.235s] Level 1:colcon.colcon_core.package_identification:_identify(.) by extensions ['ignore', 'ignore_ament_install']
[0.236s] Level 1:colcon.colcon_core.package_identification:_identify(.) by extension 'ignore'
[0.236s] Level 1:colcon.colcon_core.package_identification:_identify(.) by extension 'ignore_ament_install'
[0.236s] Level 1:colcon.colcon_core.package_identification:_identify(.) by extensions ['colcon_pkg']
[0.236s] Level 1:colcon.colcon_core.package_identification:_identify(.) by extension 'colcon_pkg'
[0.236s] Level 1:colcon.colcon_core.package_identification:_identify(.) by extensions ['colcon_meta']
[0.236s] Level 1:colcon.colcon_core.package_identification:_identify(.) by extension 'colcon_meta'
[0.236s] Level 1:colcon.colcon_core.package_identification:_identify(.) by extensions ['ros']
[0.236s] Level 1:colcon.colcon_core.package_identification:_identify(.) by extension 'ros'
[0.244s] Level 1:colcon.colcon_core.package_identification:_identify(.) by extensions ['cmake', 'python']
[0.244s] Level 1:colcon.colcon_core.package_identification:_identify(.) by extension 'cmake'
[0.244s] Level 1:colcon.colcon_core.package_identification:_identify(.) by extension 'python'
[0.244s] Level 1:colcon.colcon_core.package_identification:_identify(.) by extensions ['python_setup_py']
[0.244s] Level 1:colcon.colcon_core.package_identification:_identify(.) by extension 'python_setup_py'
[0.244s] Level 1:colcon.colcon_core.package_identification:_identify(build) by extensions ['ignore', 'ignore_ament_install']
[0.245s] Level 1:colcon.colcon_core.package_identification:_identify(build) by extension 'ignore'
[0.245s] Level 1:colcon.colcon_core.package_identification:_identify(build) ignored
[0.245s] Level 1:colcon.colcon_core.package_identification:_identify(firmware_files) by extensions ['ignore', 'ignore_ament_install']
[0.245s] Level 1:colcon.colcon_core.package_identification:_identify(firmware_files) by extension 'ignore'
[0.245s] Level 1:colcon.colcon_core.package_identification:_identify(firmware_files) by extension 'ignore_ament_install'
[0.245s] Level 1:colcon.colcon_core.package_identification:_identify(firmware_files) by extensions ['colcon_pkg']
[0.245s] Level 1:colcon.colcon_core.package_identification:_identify(firmware_files) by extension 'colcon_pkg'
[0.245s] Level 1:colcon.colcon_core.package_identification:_identify(firmware_files) by extensions ['colcon_meta']
[0.245s] Level 1:colcon.colcon_core.package_identification:_identify(firmware_files) by extension 'colcon_meta'
[0.245s] Level 1:colcon.colcon_core.package_identification:_identify(firmware_files) by extensions ['ros']
[0.245s] Level 1:colcon.colcon_core.package_identification:_identify(firmware_files) by extension 'ros'
[0.245s] Level 1:colcon.colcon_core.package_identification:_identify(firmware_files) by extensions ['cmake', 'python']
[0.245s] Level 1:colcon.colcon_core.package_identification:_identify(firmware_files) by extension 'cmake'
[0.245s] Level 1:colcon.colcon_core.package_identification:_identify(firmware_files) by extension 'python'
[0.245s] Level 1:colcon.colcon_core.package_identification:_identify(firmware_files) by extensions ['python_setup_py']
[0.245s] Level 1:colcon.colcon_core.package_identification:_identify(firmware_files) by extension 'python_setup_py'
[0.245s] Level 1:colcon.colcon_core.package_identification:_identify(gcs_ws) by extensions ['ignore', 'ignore_ament_install']
[0.245s] Level 1:colcon.colcon_core.package_identification:_identify(gcs_ws) by extension 'ignore'
[0.245s] Level 1:colcon.colcon_core.package_identification:_identify(gcs_ws) by extension 'ignore_ament_install'
[0.245s] Level 1:colcon.colcon_core.package_identification:_identify(gcs_ws) by extensions ['colcon_pkg']
[0.245s] Level 1:colcon.colcon_core.package_identification:_identify(gcs_ws) by extension 'colcon_pkg'
[0.245s] Level 1:colcon.colcon_core.package_identification:_identify(gcs_ws) by extensions ['colcon_meta']
[0.245s] Level 1:colcon.colcon_core.package_identification:_identify(gcs_ws) by extension 'colcon_meta'
[0.245s] Level 1:colcon.colcon_core.package_identification:_identify(gcs_ws) by extensions ['ros']
[0.245s] Level 1:colcon.colcon_core.package_identification:_identify(gcs_ws) by extension 'ros'
[0.245s] Level 1:colcon.colcon_core.package_identification:_identify(gcs_ws) by extensions ['cmake', 'python']
[0.245s] Level 1:colcon.colcon_core.package_identification:_identify(gcs_ws) by extension 'cmake'
[0.245s] Level 1:colcon.colcon_core.package_identification:_identify(gcs_ws) by extension 'python'
[0.245s] Level 1:colcon.colcon_core.package_identification:_identify(gcs_ws) by extensions ['python_setup_py']
[0.245s] Level 1:colcon.colcon_core.package_identification:_identify(gcs_ws) by extension 'python_setup_py'
[0.245s] Level 1:colcon.colcon_core.package_identification:_identify(gcs_ws/mission_files) by extensions ['ignore', 'ignore_ament_install']
[0.245s] Level 1:colcon.colcon_core.package_identification:_identify(gcs_ws/mission_files) by extension 'ignore'
[0.245s] Level 1:colcon.colcon_core.package_identification:_identify(gcs_ws/mission_files) by extension 'ignore_ament_install'
[0.246s] Level 1:colcon.colcon_core.package_identification:_identify(gcs_ws/mission_files) by extensions ['colcon_pkg']
[0.246s] Level 1:colcon.colcon_core.package_identification:_identify(gcs_ws/mission_files) by extension 'colcon_pkg'
[0.246s] Level 1:colcon.colcon_core.package_identification:_identify(gcs_ws/mission_files) by extensions ['colcon_meta']
[0.246s] Level 1:colcon.colcon_core.package_identification:_identify(gcs_ws/mission_files) by extension 'colcon_meta'
[0.246s] Level 1:colcon.colcon_core.package_identification:_identify(gcs_ws/mission_files) by extensions ['ros']
[0.246s] Level 1:colcon.colcon_core.package_identification:_identify(gcs_ws/mission_files) by extension 'ros'
[0.246s] Level 1:colcon.colcon_core.package_identification:_identify(gcs_ws/mission_files) by extensions ['cmake', 'python']
[0.246s] Level 1:colcon.colcon_core.package_identification:_identify(gcs_ws/mission_files) by extension 'cmake'
[0.246s] Level 1:colcon.colcon_core.package_identification:_identify(gcs_ws/mission_files) by extension 'python'
[0.246s] Level 1:colcon.colcon_core.package_identification:_identify(gcs_ws/mission_files) by extensions ['python_setup_py']
[0.246s] Level 1:colcon.colcon_core.package_identification:_identify(gcs_ws/mission_files) by extension 'python_setup_py'
[0.246s] Level 1:colcon.colcon_core.package_identification:_identify(gcs_ws/src) by extensions ['ignore', 'ignore_ament_install']
[0.246s] Level 1:colcon.colcon_core.package_identification:_identify(gcs_ws/src) by extension 'ignore'
[0.246s] Level 1:colcon.colcon_core.package_identification:_identify(gcs_ws/src) by extension 'ignore_ament_install'
[0.246s] Level 1:colcon.colcon_core.package_identification:_identify(gcs_ws/src) by extensions ['colcon_pkg']
[0.246s] Level 1:colcon.colcon_core.package_identification:_identify(gcs_ws/src) by extension 'colcon_pkg'
[0.246s] Level 1:colcon.colcon_core.package_identification:_identify(gcs_ws/src) by extensions ['colcon_meta']
[0.246s] Level 1:colcon.colcon_core.package_identification:_identify(gcs_ws/src) by extension 'colcon_meta'
[0.246s] Level 1:colcon.colcon_core.package_identification:_identify(gcs_ws/src) by extensions ['ros']
[0.246s] Level 1:colcon.colcon_core.package_identification:_identify(gcs_ws/src) by extension 'ros'
[0.246s] Level 1:colcon.colcon_core.package_identification:_identify(gcs_ws/src) by extensions ['cmake', 'python']
[0.246s] Level 1:colcon.colcon_core.package_identification:_identify(gcs_ws/src) by extension 'cmake'
[0.246s] Level 1:colcon.colcon_core.package_identification:_identify(gcs_ws/src) by extension 'python'
[0.246s] Level 1:colcon.colcon_core.package_identification:_identify(gcs_ws/src) by extensions ['python_setup_py']
[0.246s] Level 1:colcon.colcon_core.package_identification:_identify(gcs_ws/src) by extension 'python_setup_py'
[0.246s] Level 1:colcon.colcon_core.package_identification:_identify(gcs_ws/src/drone_1_manager) by extensions ['ignore', 'ignore_ament_install']
[0.246s] Level 1:colcon.colcon_core.package_identification:_identify(gcs_ws/src/drone_1_manager) by extension 'ignore'
[0.246s] Level 1:colcon.colcon_core.package_identification:_identify(gcs_ws/src/drone_1_manager) by extension 'ignore_ament_install'
[0.246s] Level 1:colcon.colcon_core.package_identification:_identify(gcs_ws/src/drone_1_manager) by extensions ['colcon_pkg']
[0.246s] Level 1:colcon.colcon_core.package_identification:_identify(gcs_ws/src/drone_1_manager) by extension 'colcon_pkg'
[0.246s] Level 1:colcon.colcon_core.package_identification:_identify(gcs_ws/src/drone_1_manager) by extensions ['colcon_meta']
[0.246s] Level 1:colcon.colcon_core.package_identification:_identify(gcs_ws/src/drone_1_manager) by extension 'colcon_meta'
[0.246s] Level 1:colcon.colcon_core.package_identification:_identify(gcs_ws/src/drone_1_manager) by extensions ['ros']
[0.246s] Level 1:colcon.colcon_core.package_identification:_identify(gcs_ws/src/drone_1_manager) by extension 'ros'
[0.248s] DEBUG:colcon.colcon_core.package_identification:Package 'gcs_ws/src/drone_1_manager' with type 'ros.ament_python' and name 'drone_1_manager'
[0.248s] Level 1:colcon.colcon_core.package_identification:_identify(gcs_ws/src/drone_2_manager) by extensions ['ignore', 'ignore_ament_install']
[0.248s] Level 1:colcon.colcon_core.package_identification:_identify(gcs_ws/src/drone_2_manager) by extension 'ignore'
[0.248s] Level 1:colcon.colcon_core.package_identification:_identify(gcs_ws/src/drone_2_manager) by extension 'ignore_ament_install'
[0.248s] Level 1:colcon.colcon_core.package_identification:_identify(gcs_ws/src/drone_2_manager) by extensions ['colcon_pkg']
[0.248s] Level 1:colcon.colcon_core.package_identification:_identify(gcs_ws/src/drone_2_manager) by extension 'colcon_pkg'
[0.248s] Level 1:colcon.colcon_core.package_identification:_identify(gcs_ws/src/drone_2_manager) by extensions ['colcon_meta']
[0.248s] Level 1:colcon.colcon_core.package_identification:_identify(gcs_ws/src/drone_2_manager) by extension 'colcon_meta'
[0.248s] Level 1:colcon.colcon_core.package_identification:_identify(gcs_ws/src/drone_2_manager) by extensions ['ros']
[0.249s] Level 1:colcon.colcon_core.package_identification:_identify(gcs_ws/src/drone_2_manager) by extension 'ros'
[0.249s] DEBUG:colcon.colcon_core.package_identification:Package 'gcs_ws/src/drone_2_manager' with type 'ros.ament_python' and name 'drone_2_manager'
[0.249s] Level 1:colcon.colcon_core.package_identification:_identify(gcs_ws/src/drone_interfaces) by extensions ['ignore', 'ignore_ament_install']
[0.249s] Level 1:colcon.colcon_core.package_identification:_identify(gcs_ws/src/drone_interfaces) by extension 'ignore'
[0.249s] Level 1:colcon.colcon_core.package_identification:_identify(gcs_ws/src/drone_interfaces) by extension 'ignore_ament_install'
[0.249s] Level 1:colcon.colcon_core.package_identification:_identify(gcs_ws/src/drone_interfaces) by extensions ['colcon_pkg']
[0.249s] Level 1:colcon.colcon_core.package_identification:_identify(gcs_ws/src/drone_interfaces) by extension 'colcon_pkg'
[0.249s] Level 1:colcon.colcon_core.package_identification:_identify(gcs_ws/src/drone_interfaces) by extensions ['colcon_meta']
[0.249s] Level 1:colcon.colcon_core.package_identification:_identify(gcs_ws/src/drone_interfaces) by extension 'colcon_meta'
[0.249s] Level 1:colcon.colcon_core.package_identification:_identify(gcs_ws/src/drone_interfaces) by extensions ['ros']
[0.249s] Level 1:colcon.colcon_core.package_identification:_identify(gcs_ws/src/drone_interfaces) by extension 'ros'
[0.250s] DEBUG:colcon.colcon_core.package_identification:Package 'gcs_ws/src/drone_interfaces' with type 'ros.ament_cmake' and name 'drone_interfaces'
[0.250s] Level 1:colcon.colcon_core.package_identification:_identify(gcs_ws/src/drone_launch) by extensions ['ignore', 'ignore_ament_install']
[0.250s] Level 1:colcon.colcon_core.package_identification:_identify(gcs_ws/src/drone_launch) by extension 'ignore'
[0.250s] Level 1:colcon.colcon_core.package_identification:_identify(gcs_ws/src/drone_launch) by extension 'ignore_ament_install'
[0.250s] Level 1:colcon.colcon_core.package_identification:_identify(gcs_ws/src/drone_launch) by extensions ['colcon_pkg']
[0.250s] Level 1:colcon.colcon_core.package_identification:_identify(gcs_ws/src/drone_launch) by extension 'colcon_pkg'
[0.250s] Level 1:colcon.colcon_core.package_identification:_identify(gcs_ws/src/drone_launch) by extensions ['colcon_meta']
[0.250s] Level 1:colcon.colcon_core.package_identification:_identify(gcs_ws/src/drone_launch) by extension 'colcon_meta'
[0.250s] Level 1:colcon.colcon_core.package_identification:_identify(gcs_ws/src/drone_launch) by extensions ['ros']
[0.250s] Level 1:colcon.colcon_core.package_identification:_identify(gcs_ws/src/drone_launch) by extension 'ros'
[0.250s] DEBUG:colcon.colcon_core.package_identification:Package 'gcs_ws/src/drone_launch' with type 'ros.ament_python' and name 'drone_launch'
[0.250s] Level 1:colcon.colcon_core.package_identification:_identify(gcs_ws/src/gcs_controller) by extensions ['ignore', 'ignore_ament_install']
[0.250s] Level 1:colcon.colcon_core.package_identification:_identify(gcs_ws/src/gcs_controller) by extension 'ignore'
[0.250s] Level 1:colcon.colcon_core.package_identification:_identify(gcs_ws/src/gcs_controller) by extension 'ignore_ament_install'
[0.250s] Level 1:colcon.colcon_core.package_identification:_identify(gcs_ws/src/gcs_controller) by extensions ['colcon_pkg']
[0.250s] Level 1:colcon.colcon_core.package_identification:_identify(gcs_ws/src/gcs_controller) by extension 'colcon_pkg'
[0.250s] Level 1:colcon.colcon_core.package_identification:_identify(gcs_ws/src/gcs_controller) by extensions ['colcon_meta']
[0.250s] Level 1:colcon.colcon_core.package_identification:_identify(gcs_ws/src/gcs_controller) by extension 'colcon_meta'
[0.251s] Level 1:colcon.colcon_core.package_identification:_identify(gcs_ws/src/gcs_controller) by extensions ['ros']
[0.251s] Level 1:colcon.colcon_core.package_identification:_identify(gcs_ws/src/gcs_controller) by extension 'ros'
[0.251s] DEBUG:colcon.colcon_core.package_identification:Package 'gcs_ws/src/gcs_controller' with type 'ros.ament_python' and name 'gcs_controller'
[0.251s] Level 1:colcon.colcon_core.package_identification:_identify(gcs_ws/src/mission_utils) by extensions ['ignore', 'ignore_ament_install']
[0.251s] Level 1:colcon.colcon_core.package_identification:_identify(gcs_ws/src/mission_utils) by extension 'ignore'
[0.251s] Level 1:colcon.colcon_core.package_identification:_identify(gcs_ws/src/mission_utils) by extension 'ignore_ament_install'
[0.251s] Level 1:colcon.colcon_core.package_identification:_identify(gcs_ws/src/mission_utils) by extensions ['colcon_pkg']
[0.251s] Level 1:colcon.colcon_core.package_identification:_identify(gcs_ws/src/mission_utils) by extension 'colcon_pkg'
[0.251s] Level 1:colcon.colcon_core.package_identification:_identify(gcs_ws/src/mission_utils) by extensions ['colcon_meta']
[0.251s] Level 1:colcon.colcon_core.package_identification:_identify(gcs_ws/src/mission_utils) by extension 'colcon_meta'
[0.251s] Level 1:colcon.colcon_core.package_identification:_identify(gcs_ws/src/mission_utils) by extensions ['ros']
[0.251s] Level 1:colcon.colcon_core.package_identification:_identify(gcs_ws/src/mission_utils) by extension 'ros'
[0.252s] DEBUG:colcon.colcon_core.package_identification:Package 'gcs_ws/src/mission_utils' with type 'ros.ament_python' and name 'mission_utils'
[0.252s] Level 1:colcon.colcon_core.package_identification:_identify(install) by extensions ['ignore', 'ignore_ament_install']
[0.252s] Level 1:colcon.colcon_core.package_identification:_identify(install) by extension 'ignore'
[0.252s] Level 1:colcon.colcon_core.package_identification:_identify(install) ignored
[0.252s] Level 1:colcon.colcon_core.package_identification:_identify(log) by extensions ['ignore', 'ignore_ament_install']
[0.252s] Level 1:colcon.colcon_core.package_identification:_identify(log) by extension 'ignore'
[0.252s] Level 1:colcon.colcon_core.package_identification:_identify(log) ignored
[0.252s] Level 1:colcon.colcon_core.package_identification:_identify(scripts) by extensions ['ignore', 'ignore_ament_install']
[0.252s] Level 1:colcon.colcon_core.package_identification:_identify(scripts) by extension 'ignore'
[0.252s] Level 1:colcon.colcon_core.package_identification:_identify(scripts) by extension 'ignore_ament_install'
[0.252s] Level 1:colcon.colcon_core.package_identification:_identify(scripts) by extensions ['colcon_pkg']
[0.252s] Level 1:colcon.colcon_core.package_identification:_identify(scripts) by extension 'colcon_pkg'
[0.252s] Level 1:colcon.colcon_core.package_identification:_identify(scripts) by extensions ['colcon_meta']
[0.252s] Level 1:colcon.colcon_core.package_identification:_identify(scripts) by extension 'colcon_meta'
[0.252s] Level 1:colcon.colcon_core.package_identification:_identify(scripts) by extensions ['ros']
[0.252s] Level 1:colcon.colcon_core.package_identification:_identify(scripts) by extension 'ros'
[0.252s] Level 1:colcon.colcon_core.package_identification:_identify(scripts) by extensions ['cmake', 'python']
[0.252s] Level 1:colcon.colcon_core.package_identification:_identify(scripts) by extension 'cmake'
[0.252s] Level 1:colcon.colcon_core.package_identification:_identify(scripts) by extension 'python'
[0.252s] Level 1:colcon.colcon_core.package_identification:_identify(scripts) by extensions ['python_setup_py']
[0.252s] Level 1:colcon.colcon_core.package_identification:_identify(scripts) by extension 'python_setup_py'
[0.252s] Level 1:colcon.colcon_core.package_discovery:discover_packages(recursive) using defaults
[0.252s] Level 1:colcon.colcon_core.package_discovery:discover_packages(ignore) discover
[0.252s] Level 1:colcon.colcon_core.package_discovery:discover_packages(ignore) using defaults
[0.252s] Level 1:colcon.colcon_core.package_discovery:discover_packages(path) discover
[0.252s] Level 1:colcon.colcon_core.package_discovery:discover_packages(path) using defaults
[0.268s] Level 5:colcon.colcon_core.verb:set package 'drone_interfaces' build argument 'cmake_args' from command line to 'None'
[0.269s] Level 5:colcon.colcon_core.verb:set package 'drone_interfaces' build argument 'cmake_target' from command line to 'None'
[0.269s] Level 5:colcon.colcon_core.verb:set package 'drone_interfaces' build argument 'cmake_target_skip_unavailable' from command line to 'False'
[0.269s] Level 5:colcon.colcon_core.verb:set package 'drone_interfaces' build argument 'cmake_clean_cache' from command line to 'False'
[0.269s] Level 5:colcon.colcon_core.verb:set package 'drone_interfaces' build argument 'cmake_clean_first' from command line to 'False'
[0.269s] Level 5:colcon.colcon_core.verb:set package 'drone_interfaces' build argument 'cmake_force_configure' from command line to 'False'
[0.269s] Level 5:colcon.colcon_core.verb:set package 'drone_interfaces' build argument 'ament_cmake_args' from command line to 'None'
[0.269s] Level 5:colcon.colcon_core.verb:set package 'drone_interfaces' build argument 'catkin_cmake_args' from command line to 'None'
[0.269s] Level 5:colcon.colcon_core.verb:set package 'drone_interfaces' build argument 'catkin_skip_building_tests' from command line to 'False'
[0.269s] DEBUG:colcon.colcon_core.verb:Building package 'drone_interfaces' with the following arguments: {'ament_cmake_args': None, 'build_base': '/home/bhav/IITISoC-25-IVR09/build/drone_interfaces', 'catkin_cmake_args': None, 'catkin_skip_building_tests': False, 'cmake_args': None, 'cmake_clean_cache': False, 'cmake_clean_first': False, 'cmake_force_configure': False, 'cmake_target': None, 'cmake_target_skip_unavailable': False, 'install_base': '/home/bhav/IITISoC-25-IVR09/install/drone_interfaces', 'merge_install': False, 'path': '/home/bhav/IITISoC-25-IVR09/gcs_ws/src/drone_interfaces', 'symlink_install': False, 'test_result_base': None}
[0.269s] Level 5:colcon.colcon_core.verb:set package 'drone_launch' build argument 'cmake_args' from command line to 'None'
[0.269s] Level 5:colcon.colcon_core.verb:set package 'drone_launch' build argument 'cmake_target' from command line to 'None'
[0.269s] Level 5:colcon.colcon_core.verb:set package 'drone_launch' build argument 'cmake_target_skip_unavailable' from command line to 'False'
[0.269s] Level 5:colcon.colcon_core.verb:set package 'drone_launch' build argument 'cmake_clean_cache' from command line to 'False'
[0.269s] Level 5:colcon.colcon_core.verb:set package 'drone_launch' build argument 'cmake_clean_first' from command line to 'False'
[0.269s] Level 5:colcon.colcon_core.verb:set package 'drone_launch' build argument 'cmake_force_configure' from command line to 'False'
[0.269s] Level 5:colcon.colcon_core.verb:set package 'drone_launch' build argument 'ament_cmake_args' from command line to 'None'
[0.269s] Level 5:colcon.colcon_core.verb:set package 'drone_launch' build argument 'catkin_cmake_args' from command line to 'None'
[0.269s] Level 5:colcon.colcon_core.verb:set package 'drone_launch' build argument 'catkin_skip_building_tests' from command line to 'False'
[0.269s] DEBUG:colcon.colcon_core.verb:Building package 'drone_launch' with the following arguments: {'ament_cmake_args': None, 'build_base': '/home/bhav/IITISoC-25-IVR09/build/drone_launch', 'catkin_cmake_args': None, 'catkin_skip_building_tests': False, 'cmake_args': None, 'cmake_clean_cache': False, 'cmake_clean_first': False, 'cmake_force_configure': False, 'cmake_target': None, 'cmake_target_skip_unavailable': False, 'install_base': '/home/bhav/IITISoC-25-IVR09/install/drone_launch', 'merge_install': False, 'path': '/home/bhav/IITISoC-25-IVR09/gcs_ws/src/drone_launch', 'symlink_install': False, 'test_result_base': None}
[0.269s] Level 5:colcon.colcon_core.verb:set package 'mission_utils' build argument 'cmake_args' from command line to 'None'
[0.269s] Level 5:colcon.colcon_core.verb:set package 'mission_utils' build argument 'cmake_target' from command line to 'None'
[0.269s] Level 5:colcon.colcon_core.verb:set package 'mission_utils' build argument 'cmake_target_skip_unavailable' from command line to 'False'
[0.269s] Level 5:colcon.colcon_core.verb:set package 'mission_utils' build argument 'cmake_clean_cache' from command line to 'False'
[0.269s] Level 5:colcon.colcon_core.verb:set package 'mission_utils' build argument 'cmake_clean_first' from command line to 'False'
[0.269s] Level 5:colcon.colcon_core.verb:set package 'mission_utils' build argument 'cmake_force_configure' from command line to 'False'
[0.269s] Level 5:colcon.colcon_core.verb:set package 'mission_utils' build argument 'ament_cmake_args' from command line to 'None'
[0.269s] Level 5:colcon.colcon_core.verb:set package 'mission_utils' build argument 'catkin_cmake_args' from command line to 'None'
[0.269s] Level 5:colcon.colcon_core.verb:set package 'mission_utils' build argument 'catkin_skip_building_tests' from command line to 'False'
[0.269s] DEBUG:colcon.colcon_core.verb:Building package 'mission_utils' with the following arguments: {'ament_cmake_args': None, 'build_base': '/home/bhav/IITISoC-25-IVR09/build/mission_utils', 'catkin_cmake_args': None, 'catkin_skip_building_tests': False, 'cmake_args': None, 'cmake_clean_cache': False, 'cmake_clean_first': False, 'cmake_force_configure': False, 'cmake_target': None, 'cmake_target_skip_unavailable': False, 'install_base': '/home/bhav/IITISoC-25-IVR09/install/mission_utils', 'merge_install': False, 'path': '/home/bhav/IITISoC-25-IVR09/gcs_ws/src/mission_utils', 'symlink_install': False, 'test_result_base': None}
[0.270s] Level 5:colcon.colcon_core.verb:set package 'drone_1_manager' build argument 'cmake_args' from command line to 'None'
[0.270s] Level 5:colcon.colcon_core.verb:set package 'drone_1_manager' build argument 'cmake_target' from command line to 'None'
[0.270s] Level 5:colcon.colcon_core.verb:set package 'drone_1_manager' build argument 'cmake_target_skip_unavailable' from command line to 'False'
[0.270s] Level 5:colcon.colcon_core.verb:set package 'drone_1_manager' build argument 'cmake_clean_cache' from command line to 'False'
[0.270s] Level 5:colcon.colcon_core.verb:set package 'drone_1_manager' build argument 'cmake_clean_first' from command line to 'False'
[0.270s] Level 5:colcon.colcon_core.verb:set package 'drone_1_manager' build argument 'cmake_force_configure' from command line to 'False'
[0.270s] Level 5:colcon.colcon_core.verb:set package 'drone_1_manager' build argument 'ament_cmake_args' from command line to 'None'
[0.270s] Level 5:colcon.colcon_core.verb:set package 'drone_1_manager' build argument 'catkin_cmake_args' from command line to 'None'
[0.270s] Level 5:colcon.colcon_core.verb:set package 'drone_1_manager' build argument 'catkin_skip_building_tests' from command line to 'False'
[0.270s] DEBUG:colcon.colcon_core.verb:Building package 'drone_1_manager' with the following arguments: {'ament_cmake_args': None, 'build_base': '/home/bhav/IITISoC-25-IVR09/build/drone_1_manager', 'catkin_cmake_args': None, 'catkin_skip_building_tests': False, 'cmake_args': None, 'cmake_clean_cache': False, 'cmake_clean_first': False, 'cmake_force_configure': False, 'cmake_target': None, 'cmake_target_skip_unavailable': False, 'install_base': '/home/bhav/IITISoC-25-IVR09/install/drone_1_manager', 'merge_install': False, 'path': '/home/bhav/IITISoC-25-IVR09/gcs_ws/src/drone_1_manager', 'symlink_install': False, 'test_result_base': None}
[0.270s] Level 5:colcon.colcon_core.verb:set package 'drone_2_manager' build argument 'cmake_args' from command line to 'None'
[0.270s] Level 5:colcon.colcon_core.verb:set package 'drone_2_manager' build argument 'cmake_target' from command line to 'None'
[0.270s] Level 5:colcon.colcon_core.verb:set package 'drone_2_manager' build argument 'cmake_target_skip_unavailable' from command line to 'False'
[0.270s] Level 5:colcon.colcon_core.verb:set package 'drone_2_manager' build argument 'cmake_clean_cache' from command line to 'False'
[0.270s] Level 5:colcon.colcon_core.verb:set package 'drone_2_manager' build argument 'cmake_clean_first' from command line to 'False'
[0.270s] Level 5:colcon.colcon_core.verb:set package 'drone_2_manager' build argument 'cmake_force_configure' from command line to 'False'
[0.270s] Level 5:colcon.colcon_core.verb:set package 'drone_2_manager' build argument 'ament_cmake_args' from command line to 'None'
[0.270s] Level 5:colcon.colcon_core.verb:set package 'drone_2_manager' build argument 'catkin_cmake_args' from command line to 'None'
[0.270s] Level 5:colcon.colcon_core.verb:set package 'drone_2_manager' build argument 'catkin_skip_building_tests' from command line to 'False'
[0.270s] DEBUG:colcon.colcon_core.verb:Building package 'drone_2_manager' with the following arguments: {'ament_cmake_args': None, 'build_base': '/home/bhav/IITISoC-25-IVR09/build/drone_2_manager', 'catkin_cmake_args': None, 'catkin_skip_building_tests': False, 'cmake_args': None, 'cmake_clean_cache': False, 'cmake_clean_first': False, 'cmake_force_configure': False, 'cmake_target': None, 'cmake_target_skip_unavailable': False, 'install_base': '/home/bhav/IITISoC-25-IVR09/install/drone_2_manager', 'merge_install': False, 'path': '/home/bhav/IITISoC-25-IVR09/gcs_ws/src/drone_2_manager', 'symlink_install': False, 'test_result_base': None}
[0.270s] Level 5:colcon.colcon_core.verb:set package 'gcs_controller' build argument 'cmake_args' from command line to 'None'
[0.270s] Level 5:colcon.colcon_core.verb:set package 'gcs_controller' build argument 'cmake_target' from command line to 'None'
[0.270s] Level 5:colcon.colcon_core.verb:set package 'gcs_controller' build argument 'cmake_target_skip_unavailable' from command line to 'False'
[0.270s] Level 5:colcon.colcon_core.verb:set package 'gcs_controller' build argument 'cmake_clean_cache' from command line to 'False'
[0.270s] Level 5:colcon.colcon_core.verb:set package 'gcs_controller' build argument 'cmake_clean_first' from command line to 'False'
[0.270s] Level 5:colcon.colcon_core.verb:set package 'gcs_controller' build argument 'cmake_force_configure' from command line to 'False'
[0.270s] Level 5:colcon.colcon_core.verb:set package 'gcs_controller' build argument 'ament_cmake_args' from command line to 'None'
[0.270s] Level 5:colcon.colcon_core.verb:set package 'gcs_controller' build argument 'catkin_cmake_args' from command line to 'None'
[0.270s] Level 5:colcon.colcon_core.verb:set package 'gcs_controller' build argument 'catkin_skip_building_tests' from command line to 'False'
[0.270s] DEBUG:colcon.colcon_core.verb:Building package 'gcs_controller' with the following arguments: {'ament_cmake_args': None, 'build_base': '/home/bhav/IITISoC-25-IVR09/build/gcs_controller', 'catkin_cmake_args': None, 'catkin_skip_building_tests': False, 'cmake_args': None, 'cmake_clean_cache': False, 'cmake_clean_first': False, 'cmake_force_configure': False, 'cmake_target': None, 'cmake_target_skip_unavailable': False, 'install_base': '/home/bhav/IITISoC-25-IVR09/install/gcs_controller', 'merge_install': False, 'path': '/home/bhav/IITISoC-25-IVR09/gcs_ws/src/gcs_controller', 'symlink_install': False, 'test_result_base': None}
[0.271s] INFO:colcon.colcon_core.executor:Executing jobs using 'parallel' executor
[0.280s] DEBUG:colcon.colcon_parallel_executor.executor.parallel:run_until_complete
[0.280s] INFO:colcon.colcon_ros.task.ament_cmake.build:Building ROS package in '/home/bhav/IITISoC-25-IVR09/gcs_ws/src/drone_interfaces' with build type 'ament_cmake'
[0.280s] INFO:colcon.colcon_cmake.task.cmake.build:Building CMake package in '/home/bhav/IITISoC-25-IVR09/gcs_ws/src/drone_interfaces'
[0.282s] INFO:colcon.colcon_core.plugin_system:Skipping extension 'colcon_core.shell.bat': Not used on non-Windows systems
[0.282s] INFO:colcon.colcon_core.shell:Skip shell extension 'powershell' for command environment: Not usable outside of PowerShell
[0.283s] DEBUG:colcon.colcon_core.shell:Skip shell extension 'dsv' for command environment
[0.287s] INFO:colcon.colcon_ros.task.ament_python.build:Building ROS package in '/home/bhav/IITISoC-25-IVR09/gcs_ws/src/mission_utils' with build type 'ament_python'
[0.287s] Level 1:colcon.colcon_core.shell:create_environment_hook('mission_utils', 'ament_prefix_path')
[0.287s] INFO:colcon.colcon_core.shell:Creating environment hook '/home/bhav/IITISoC-25-IVR09/install/mission_utils/share/mission_utils/hook/ament_prefix_path.ps1'
[0.288s] INFO:colcon.colcon_core.shell:Creating environment descriptor '/home/bhav/IITISoC-25-IVR09/install/mission_utils/share/mission_utils/hook/ament_prefix_path.dsv'
[0.288s] INFO:colcon.colcon_core.shell:Creating environment hook '/home/bhav/IITISoC-25-IVR09/install/mission_utils/share/mission_utils/hook/ament_prefix_path.sh'
[0.288s] INFO:colcon.colcon_core.shell:Skip shell extension 'powershell' for command environment: Not usable outside of PowerShell
[0.289s] DEBUG:colcon.colcon_core.shell:Skip shell extension 'dsv' for command environment
[0.291s] INFO:colcon.colcon_ros.task.ament_python.build:Building ROS package in '/home/bhav/IITISoC-25-IVR09/gcs_ws/src/drone_launch' with build type 'ament_python'
[0.291s] Level 1:colcon.colcon_core.shell:create_environment_hook('drone_launch', 'ament_prefix_path')
[0.291s] INFO:colcon.colcon_core.shell:Creating environment hook '/home/bhav/IITISoC-25-IVR09/install/drone_launch/share/drone_launch/hook/ament_prefix_path.ps1'
[0.292s] INFO:colcon.colcon_core.shell:Creating environment descriptor '/home/bhav/IITISoC-25-IVR09/install/drone_launch/share/drone_launch/hook/ament_prefix_path.dsv'
[0.292s] INFO:colcon.colcon_core.shell:Creating environment hook '/home/bhav/IITISoC-25-IVR09/install/drone_launch/share/drone_launch/hook/ament_prefix_path.sh'
[0.292s] INFO:colcon.colcon_core.shell:Skip shell extension 'powershell' for command environment: Not usable outside of PowerShell
[0.292s] DEBUG:colcon.colcon_core.shell:Skip shell extension 'dsv' for command environment
[0.300s] DEBUG:colcon.colcon_core.event_handler.log_command:Invoking command in '/home/bhav/IITISoC-25-IVR09/build/drone_interfaces': CMAKE_PREFIX_PATH=${CMAKE_PREFIX_PATH}:/home/bhav/IITISoC-25-IVR09/install/gcs_controller:/home/bhav/IITISoC-25-IVR09/install/mission_utils:/home/bhav/IITISoC-25-IVR09/install/drone_launch:/home/bhav/IITISoC-25-IVR09/install/drone_2_manager:/home/bhav/IITISoC-25-IVR09/install/drone_1_manager:/opt/ros/humble /usr/bin/cmake --build /home/bhav/IITISoC-25-IVR09/build/drone_interfaces -- -j12 -l12
[0.533s] INFO:colcon.colcon_core.task.python.build:Building Python package in '/home/bhav/IITISoC-25-IVR09/gcs_ws/src/mission_utils'
[0.533s] INFO:colcon.colcon_core.shell:Skip shell extension 'powershell' for command environment: Not usable outside of PowerShell
[0.533s] DEBUG:colcon.colcon_core.shell:Skip shell extension 'dsv' for command environment
[0.736s] INFO:colcon.colcon_core.task.python.build:Building Python package in '/home/bhav/IITISoC-25-IVR09/gcs_ws/src/drone_launch'
[0.737s] INFO:colcon.colcon_core.shell:Skip shell extension 'powershell' for command environment: Not usable outside of PowerShell
[0.737s] DEBUG:colcon.colcon_core.shell:Skip shell extension 'dsv' for command environment
[0.750s] DEBUG:colcon.colcon_core.event_handler.log_command:Invoked command in '/home/bhav/IITISoC-25-IVR09/build/drone_interfaces' returned '0': CMAKE_PREFIX_PATH=${CMAKE_PREFIX_PATH}:/home/bhav/IITISoC-25-IVR09/install/gcs_controller:/home/bhav/IITISoC-25-IVR09/install/mission_utils:/home/bhav/IITISoC-25-IVR09/install/drone_launch:/home/bhav/IITISoC-25-IVR09/install/drone_2_manager:/home/bhav/IITISoC-25-IVR09/install/drone_1_manager:/opt/ros/humble /usr/bin/cmake --build /home/bhav/IITISoC-25-IVR09/build/drone_interfaces -- -j12 -l12
[0.767s] DEBUG:colcon.colcon_core.event_handler.log_command:Invoking command in '/home/bhav/IITISoC-25-IVR09/build/drone_interfaces': CMAKE_PREFIX_PATH=${CMAKE_PREFIX_PATH}:/home/bhav/IITISoC-25-IVR09/install/gcs_controller:/home/bhav/IITISoC-25-IVR09/install/mission_utils:/home/bhav/IITISoC-25-IVR09/install/drone_launch:/home/bhav/IITISoC-25-IVR09/install/drone_2_manager:/home/bhav/IITISoC-25-IVR09/install/drone_1_manager:/opt/ros/humble /usr/bin/cmake --install /home/bhav/IITISoC-25-IVR09/build/drone_interfaces
[0.836s] Level 1:colcon.colcon_core.environment:create_environment_scripts_only(drone_interfaces)
[0.838s] DEBUG:colcon.colcon_core.event_handler.log_command:Invoked command in '/home/bhav/IITISoC-25-IVR09/build/drone_interfaces' returned '0': CMAKE_PREFIX_PATH=${CMAKE_PREFIX_PATH}:/home/bhav/IITISoC-25-IVR09/install/gcs_controller:/home/bhav/IITISoC-25-IVR09/install/mission_utils:/home/bhav/IITISoC-25-IVR09/install/drone_launch:/home/bhav/IITISoC-25-IVR09/install/drone_2_manager:/home/bhav/IITISoC-25-IVR09/install/drone_1_manager:/opt/ros/humble /usr/bin/cmake --install /home/bhav/IITISoC-25-IVR09/build/drone_interfaces
[0.839s] Level 1:colcon.colcon_core.environment:checking '/home/bhav/IITISoC-25-IVR09/install/drone_interfaces' for CMake module files
[0.839s] Level 1:colcon.colcon_core.environment:checking '/home/bhav/IITISoC-25-IVR09/install/drone_interfaces' for CMake config files
[0.840s] Level 1:colcon.colcon_core.shell:create_environment_hook('drone_interfaces', 'cmake_prefix_path')
[0.840s] INFO:colcon.colcon_core.shell:Creating environment hook '/home/bhav/IITISoC-25-IVR09/install/drone_interfaces/share/drone_interfaces/hook/cmake_prefix_path.ps1'
[0.840s] INFO:colcon.colcon_core.shell:Creating environment descriptor '/home/bhav/IITISoC-25-IVR09/install/drone_interfaces/share/drone_interfaces/hook/cmake_prefix_path.dsv'
[0.841s] INFO:colcon.colcon_core.shell:Creating environment hook '/home/bhav/IITISoC-25-IVR09/install/drone_interfaces/share/drone_interfaces/hook/cmake_prefix_path.sh'
[0.841s] Level 1:colcon.colcon_core.environment:checking '/home/bhav/IITISoC-25-IVR09/install/drone_interfaces/lib'
[0.841s] Level 1:colcon.colcon_core.shell:create_environment_hook('drone_interfaces', 'ld_library_path_lib')
[0.841s] INFO:colcon.colcon_core.shell:Creating environment hook '/home/bhav/IITISoC-25-IVR09/install/drone_interfaces/share/drone_interfaces/hook/ld_library_path_lib.ps1'
[0.842s] INFO:colcon.colcon_core.shell:Creating environment descriptor '/home/bhav/IITISoC-25-IVR09/install/drone_interfaces/share/drone_interfaces/hook/ld_library_path_lib.dsv'
[0.842s] INFO:colcon.colcon_core.shell:Creating environment hook '/home/bhav/IITISoC-25-IVR09/install/drone_interfaces/share/drone_interfaces/hook/ld_library_path_lib.sh'
[0.842s] Level 1:colcon.colcon_core.environment:checking '/home/bhav/IITISoC-25-IVR09/install/drone_interfaces/bin'
[0.842s] Level 1:colcon.colcon_core.environment:checking '/home/bhav/IITISoC-25-IVR09/install/drone_interfaces/lib/pkgconfig/drone_interfaces.pc'
[0.842s] Level 1:colcon.colcon_core.environment:checking '/home/bhav/IITISoC-25-IVR09/install/drone_interfaces/lib/python3.10/site-packages'
[0.842s] Level 1:colcon.colcon_core.environment:checking '/home/bhav/IITISoC-25-IVR09/install/drone_interfaces/bin'
[0.843s] INFO:colcon.colcon_core.shell:Creating package script '/home/bhav/IITISoC-25-IVR09/install/drone_interfaces/share/drone_interfaces/package.ps1'
[0.844s] INFO:colcon.colcon_core.shell:Creating package descriptor '/home/bhav/IITISoC-25-IVR09/install/drone_interfaces/share/drone_interfaces/package.dsv'
[0.844s] INFO:colcon.colcon_core.shell:Creating package script '/home/bhav/IITISoC-25-IVR09/install/drone_interfaces/share/drone_interfaces/package.sh'
[0.844s] INFO:colcon.colcon_core.shell:Creating package script '/home/bhav/IITISoC-25-IVR09/install/drone_interfaces/share/drone_interfaces/package.bash'
[0.845s] INFO:colcon.colcon_core.shell:Creating package script '/home/bhav/IITISoC-25-IVR09/install/drone_interfaces/share/drone_interfaces/package.zsh'
[0.845s] Level 1:colcon.colcon_core.environment:create_file_with_runtime_dependencies(/home/bhav/IITISoC-25-IVR09/install/drone_interfaces/share/colcon-core/packages/drone_interfaces)
[0.846s] Level 1:colcon.colcon_core.environment:create_environment_scripts_only(drone_interfaces)
[0.846s] Level 1:colcon.colcon_core.environment:checking '/home/bhav/IITISoC-25-IVR09/install/drone_interfaces' for CMake module files
[0.846s] Level 1:colcon.colcon_core.environment:checking '/home/bhav/IITISoC-25-IVR09/install/drone_interfaces' for CMake config files
[0.847s] Level 1:colcon.colcon_core.shell:create_environment_hook('drone_interfaces', 'cmake_prefix_path')
[0.847s] INFO:colcon.colcon_core.shell:Creating environment hook '/home/bhav/IITISoC-25-IVR09/install/drone_interfaces/share/drone_interfaces/hook/cmake_prefix_path.ps1'
[0.847s] INFO:colcon.colcon_core.shell:Creating environment descriptor '/home/bhav/IITISoC-25-IVR09/install/drone_interfaces/share/drone_interfaces/hook/cmake_prefix_path.dsv'
[0.848s] INFO:colcon.colcon_core.shell:Creating environment hook '/home/bhav/IITISoC-25-IVR09/install/drone_interfaces/share/drone_interfaces/hook/cmake_prefix_path.sh'
[0.848s] Level 1:colcon.colcon_core.environment:checking '/home/bhav/IITISoC-25-IVR09/install/drone_interfaces/lib'
[0.848s] Level 1:colcon.colcon_core.shell:create_environment_hook('drone_interfaces', 'ld_library_path_lib')
[0.848s] INFO:colcon.colcon_core.shell:Creating environment hook '/home/bhav/IITISoC-25-IVR09/install/drone_interfaces/share/drone_interfaces/hook/ld_library_path_lib.ps1'
[0.848s] INFO:colcon.colcon_core.shell:Creating environment descriptor '/home/bhav/IITISoC-25-IVR09/install/drone_interfaces/share/drone_interfaces/hook/ld_library_path_lib.dsv'
[0.849s] INFO:colcon.colcon_core.shell:Creating environment hook '/home/bhav/IITISoC-25-IVR09/install/drone_interfaces/share/drone_interfaces/hook/ld_library_path_lib.sh'
[0.849s] Level 1:colcon.colcon_core.environment:checking '/home/bhav/IITISoC-25-IVR09/install/drone_interfaces/bin'
[0.849s] Level 1:colcon.colcon_core.environment:checking '/home/bhav/IITISoC-25-IVR09/install/drone_interfaces/lib/pkgconfig/drone_interfaces.pc'
[0.849s] Level 1:colcon.colcon_core.environment:checking '/home/bhav/IITISoC-25-IVR09/install/drone_interfaces/lib/python3.10/site-packages'
[0.849s] Level 1:colcon.colcon_core.environment:checking '/home/bhav/IITISoC-25-IVR09/install/drone_interfaces/bin'
[0.849s] INFO:colcon.colcon_core.shell:Creating package script '/home/bhav/IITISoC-25-IVR09/install/drone_interfaces/share/drone_interfaces/package.ps1'
[0.850s] INFO:colcon.colcon_core.shell:Creating package descriptor '/home/bhav/IITISoC-25-IVR09/install/drone_interfaces/share/drone_interfaces/package.dsv'
[0.850s] INFO:colcon.colcon_core.shell:Creating package script '/home/bhav/IITISoC-25-IVR09/install/drone_interfaces/share/drone_interfaces/package.sh'
[0.850s] INFO:colcon.colcon_core.shell:Creating package script '/home/bhav/IITISoC-25-IVR09/install/drone_interfaces/share/drone_interfaces/package.bash'
[0.850s] INFO:colcon.colcon_core.shell:Creating package script '/home/bhav/IITISoC-25-IVR09/install/drone_interfaces/share/drone_interfaces/package.zsh'
[0.851s] Level 1:colcon.colcon_core.environment:create_file_with_runtime_dependencies(/home/bhav/IITISoC-25-IVR09/install/drone_interfaces/share/colcon-core/packages/drone_interfaces)
[0.851s] INFO:colcon.colcon_ros.task.ament_python.build:Building ROS package in '/home/bhav/IITISoC-25-IVR09/gcs_ws/src/drone_1_manager' with build type 'ament_python'
[0.851s] Level 1:colcon.colcon_core.shell:create_environment_hook('drone_1_manager', 'ament_prefix_path')
[0.851s] INFO:colcon.colcon_core.shell:Creating environment hook '/home/bhav/IITISoC-25-IVR09/install/drone_1_manager/share/drone_1_manager/hook/ament_prefix_path.ps1'
[0.852s] INFO:colcon.colcon_core.shell:Creating environment descriptor '/home/bhav/IITISoC-25-IVR09/install/drone_1_manager/share/drone_1_manager/hook/ament_prefix_path.dsv'
[0.852s] INFO:colcon.colcon_core.shell:Creating environment hook '/home/bhav/IITISoC-25-IVR09/install/drone_1_manager/share/drone_1_manager/hook/ament_prefix_path.sh'
[0.852s] INFO:colcon.colcon_core.shell:Skip shell extension 'powershell' for command environment: Not usable outside of PowerShell
[0.852s] DEBUG:colcon.colcon_core.shell:Skip shell extension 'dsv' for command environment
[0.855s] INFO:colcon.colcon_ros.task.ament_python.build:Building ROS package in '/home/bhav/IITISoC-25-IVR09/gcs_ws/src/drone_2_manager' with build type 'ament_python'
[0.855s] Level 1:colcon.colcon_core.shell:create_environment_hook('drone_2_manager', 'ament_prefix_path')
[0.855s] INFO:colcon.colcon_core.shell:Creating environment hook '/home/bhav/IITISoC-25-IVR09/install/drone_2_manager/share/drone_2_manager/hook/ament_prefix_path.ps1'
[0.856s] INFO:colcon.colcon_core.shell:Creating environment descriptor '/home/bhav/IITISoC-25-IVR09/install/drone_2_manager/share/drone_2_manager/hook/ament_prefix_path.dsv'
[0.856s] INFO:colcon.colcon_core.shell:Creating environment hook '/home/bhav/IITISoC-25-IVR09/install/drone_2_manager/share/drone_2_manager/hook/ament_prefix_path.sh'
[0.857s] INFO:colcon.colcon_core.shell:Skip shell extension 'powershell' for command environment: Not usable outside of PowerShell
[0.857s] DEBUG:colcon.colcon_core.shell:Skip shell extension 'dsv' for command environment
[1.106s] INFO:colcon.colcon_core.task.python.build:Building Python package in '/home/bhav/IITISoC-25-IVR09/gcs_ws/src/drone_1_manager'
[1.107s] INFO:colcon.colcon_core.shell:Skip shell extension 'powershell' for command environment: Not usable outside of PowerShell
[1.107s] DEBUG:colcon.colcon_core.shell:Skip shell extension 'dsv' for command environment
[1.322s] INFO:colcon.colcon_core.task.python.build:Building Python package in '/home/bhav/IITISoC-25-IVR09/gcs_ws/src/drone_2_manager'
[1.322s] INFO:colcon.colcon_core.shell:Skip shell extension 'powershell' for command environment: Not usable outside of PowerShell
[1.322s] DEBUG:colcon.colcon_core.shell:Skip shell extension 'dsv' for command environment
[1.332s] DEBUG:colcon.colcon_core.event_handler.log_command:Invoking command in '/home/bhav/IITISoC-25-IVR09/gcs_ws/src/drone_launch': PYTHONPATH=/home/bhav/IITISoC-25-IVR09/build/drone_launch/prefix_override:/home/bhav/.local/lib/python3.10/site-packages/colcon_core/task/python/colcon_distutils_commands:/home/bhav/IITISoC-25-IVR09/install/drone_launch/lib/python3.10/site-packages:${PYTHONPATH} /usr/bin/python3 -W ignore:setup.py install is deprecated -W ignore:easy_install command is deprecated setup.py egg_info --egg-base ../../../build/drone_launch build --build-base /home/bhav/IITISoC-25-IVR09/build/drone_launch/build install --record /home/bhav/IITISoC-25-IVR09/build/drone_launch/install.log --single-version-externally-managed install_data
[1.336s] DEBUG:colcon.colcon_core.event_handler.log_command:Invoking command in '/home/bhav/IITISoC-25-IVR09/gcs_ws/src/mission_utils': PYTHONPATH=/home/bhav/IITISoC-25-IVR09/build/mission_utils/prefix_override:/home/bhav/.local/lib/python3.10/site-packages/colcon_core/task/python/colcon_distutils_commands:/home/bhav/IITISoC-25-IVR09/install/mission_utils/lib/python3.10/site-packages:${PYTHONPATH} /usr/bin/python3 -W ignore:setup.py install is deprecated -W ignore:easy_install command is deprecated setup.py egg_info --egg-base ../../../build/mission_utils build --build-base /home/bhav/IITISoC-25-IVR09/build/mission_utils/build install --record /home/bhav/IITISoC-25-IVR09/build/mission_utils/install.log --single-version-externally-managed install_data
[1.561s] Level 1:colcon.colcon_core.environment:checking '/home/bhav/IITISoC-25-IVR09/install/drone_launch' for CMake module files
[1.561s] DEBUG:colcon.colcon_core.event_handler.log_command:Invoked command in '/home/bhav/IITISoC-25-IVR09/gcs_ws/src/drone_launch' returned '0': PYTHONPATH=/home/bhav/IITISoC-25-IVR09/build/drone_launch/prefix_override:/home/bhav/.local/lib/python3.10/site-packages/colcon_core/task/python/colcon_distutils_commands:/home/bhav/IITISoC-25-IVR09/install/drone_launch/lib/python3.10/site-packages:${PYTHONPATH} /usr/bin/python3 -W ignore:setup.py install is deprecated -W ignore:easy_install command is deprecated setup.py egg_info --egg-base ../../../build/drone_launch build --build-base /home/bhav/IITISoC-25-IVR09/build/drone_launch/build install --record /home/bhav/IITISoC-25-IVR09/build/drone_launch/install.log --single-version-externally-managed install_data
[1.561s] Level 1:colcon.colcon_core.environment:checking '/home/bhav/IITISoC-25-IVR09/install/drone_launch' for CMake config files
[1.562s] Level 1:colcon.colcon_core.environment:checking '/home/bhav/IITISoC-25-IVR09/install/drone_launch/lib'
[1.562s] Level 1:colcon.colcon_core.environment:checking '/home/bhav/IITISoC-25-IVR09/install/drone_launch/bin'
[1.562s] Level 1:colcon.colcon_core.environment:checking '/home/bhav/IITISoC-25-IVR09/install/drone_launch/lib/pkgconfig/drone_launch.pc'
[1.562s] Level 1:colcon.colcon_core.environment:checking '/home/bhav/IITISoC-25-IVR09/install/drone_launch/lib/python3.10/site-packages'
[1.562s] Level 1:colcon.colcon_core.shell:create_environment_hook('drone_launch', 'pythonpath')
[1.562s] INFO:colcon.colcon_core.shell:Creating environment hook '/home/bhav/IITISoC-25-IVR09/install/drone_launch/share/drone_launch/hook/pythonpath.ps1'
[1.563s] INFO:colcon.colcon_core.shell:Creating environment descriptor '/home/bhav/IITISoC-25-IVR09/install/drone_launch/share/drone_launch/hook/pythonpath.dsv'
[1.564s] INFO:colcon.colcon_core.shell:Creating environment hook '/home/bhav/IITISoC-25-IVR09/install/drone_launch/share/drone_launch/hook/pythonpath.sh'
[1.564s] Level 1:colcon.colcon_core.environment:checking '/home/bhav/IITISoC-25-IVR09/install/drone_launch/bin'
[1.564s] Level 1:colcon.colcon_core.environment:create_environment_scripts_only(drone_launch)
[1.565s] INFO:colcon.colcon_core.shell:Creating package script '/home/bhav/IITISoC-25-IVR09/install/drone_launch/share/drone_launch/package.ps1'
[1.565s] INFO:colcon.colcon_core.shell:Creating package descriptor '/home/bhav/IITISoC-25-IVR09/install/drone_launch/share/drone_launch/package.dsv'
[1.566s] INFO:colcon.colcon_core.shell:Creating package script '/home/bhav/IITISoC-25-IVR09/install/drone_launch/share/drone_launch/package.sh'
[1.566s] INFO:colcon.colcon_core.shell:Creating package script '/home/bhav/IITISoC-25-IVR09/install/drone_launch/share/drone_launch/package.bash'
[1.567s] INFO:colcon.colcon_core.shell:Creating package script '/home/bhav/IITISoC-25-IVR09/install/drone_launch/share/drone_launch/package.zsh'
[1.568s] Level 1:colcon.colcon_core.environment:create_file_with_runtime_dependencies(/home/bhav/IITISoC-25-IVR09/install/drone_launch/share/colcon-core/packages/drone_launch)
[1.622s] Level 1:colcon.colcon_core.environment:checking '/home/bhav/IITISoC-25-IVR09/install/mission_utils' for CMake module files
[1.623s] DEBUG:colcon.colcon_core.event_handler.log_command:Invoked command in '/home/bhav/IITISoC-25-IVR09/gcs_ws/src/mission_utils' returned '0': PYTHONPATH=/home/bhav/IITISoC-25-IVR09/build/mission_utils/prefix_override:/home/bhav/.local/lib/python3.10/site-packages/colcon_core/task/python/colcon_distutils_commands:/home/bhav/IITISoC-25-IVR09/install/mission_utils/lib/python3.10/site-packages:${PYTHONPATH} /usr/bin/python3 -W ignore:setup.py install is deprecated -W ignore:easy_install command is deprecated setup.py egg_info --egg-base ../../../build/mission_utils build --build-base /home/bhav/IITISoC-25-IVR09/build/mission_utils/build install --record /home/bhav/IITISoC-25-IVR09/build/mission_utils/install.log --single-version-externally-managed install_data
[1.623s] Level 1:colcon.colcon_core.environment:checking '/home/bhav/IITISoC-25-IVR09/install/mission_utils' for CMake config files
[1.624s] Level 1:colcon.colcon_core.environment:checking '/home/bhav/IITISoC-25-IVR09/install/mission_utils/lib'
[1.624s] Level 1:colcon.colcon_core.environment:checking '/home/bhav/IITISoC-25-IVR09/install/mission_utils/bin'
[1.624s] Level 1:colcon.colcon_core.environment:checking '/home/bhav/IITISoC-25-IVR09/install/mission_utils/lib/pkgconfig/mission_utils.pc'
[1.624s] Level 1:colcon.colcon_core.environment:checking '/home/bhav/IITISoC-25-IVR09/install/mission_utils/lib/python3.10/site-packages'
[1.624s] Level 1:colcon.colcon_core.shell:create_environment_hook('mission_utils', 'pythonpath')
[1.625s] INFO:colcon.colcon_core.shell:Creating environment hook '/home/bhav/IITISoC-25-IVR09/install/mission_utils/share/mission_utils/hook/pythonpath.ps1'
[1.625s] INFO:colcon.colcon_core.shell:Creating environment descriptor '/home/bhav/IITISoC-25-IVR09/install/mission_utils/share/mission_utils/hook/pythonpath.dsv'
[1.625s] INFO:colcon.colcon_core.shell:Creating environment hook '/home/bhav/IITISoC-25-IVR09/install/mission_utils/share/mission_utils/hook/pythonpath.sh'
[1.626s] Level 1:colcon.colcon_core.environment:checking '/home/bhav/IITISoC-25-IVR09/install/mission_utils/bin'
[1.626s] Level 1:colcon.colcon_core.environment:create_environment_scripts_only(mission_utils)
[1.626s] INFO:colcon.colcon_core.shell:Creating package script '/home/bhav/IITISoC-25-IVR09/install/mission_utils/share/mission_utils/package.ps1'
[1.627s] INFO:colcon.colcon_core.shell:Creating package descriptor '/home/bhav/IITISoC-25-IVR09/install/mission_utils/share/mission_utils/package.dsv'
[1.627s] INFO:colcon.colcon_core.shell:Creating package script '/home/bhav/IITISoC-25-IVR09/install/mission_utils/share/mission_utils/package.sh'
[1.628s] INFO:colcon.colcon_core.shell:Creating package script '/home/bhav/IITISoC-25-IVR09/install/mission_utils/share/mission_utils/package.bash'
[1.628s] INFO:colcon.colcon_core.shell:Creating package script '/home/bhav/IITISoC-25-IVR09/install/mission_utils/share/mission_utils/package.zsh'
[1.628s] Level 1:colcon.colcon_core.environment:create_file_with_runtime_dependencies(/home/bhav/IITISoC-25-IVR09/install/mission_utils/share/colcon-core/packages/mission_utils)
[1.629s] INFO:colcon.colcon_ros.task.ament_python.build:Building ROS package in '/home/bhav/IITISoC-25-IVR09/gcs_ws/src/gcs_controller' with build type 'ament_python'
[1.629s] Level 1:colcon.colcon_core.shell:create_environment_hook('gcs_controller', 'ament_prefix_path')
[1.629s] INFO:colcon.colcon_core.shell:Creating environment hook '/home/bhav/IITISoC-25-IVR09/install/gcs_controller/share/gcs_controller/hook/ament_prefix_path.ps1'
[1.630s] INFO:colcon.colcon_core.shell:Creating environment descriptor '/home/bhav/IITISoC-25-IVR09/install/gcs_controller/share/gcs_controller/hook/ament_prefix_path.dsv'
[1.630s] INFO:colcon.colcon_core.shell:Creating environment hook '/home/bhav/IITISoC-25-IVR09/install/gcs_controller/share/gcs_controller/hook/ament_prefix_path.sh'
[1.631s] INFO:colcon.colcon_core.shell:Skip shell extension 'powershell' for command environment: Not usable outside of PowerShell
[1.631s] DEBUG:colcon.colcon_core.shell:Skip shell extension 'dsv' for command environment
[1.843s] INFO:colcon.colcon_core.task.python.build:Building Python package in '/home/bhav/IITISoC-25-IVR09/gcs_ws/src/gcs_controller'
[1.844s] INFO:colcon.colcon_core.shell:Skip shell extension 'powershell' for command environment: Not usable outside of PowerShell
[1.844s] DEBUG:colcon.colcon_core.shell:Skip shell extension 'dsv' for command environment
[1.854s] DEBUG:colcon.colcon_core.event_handler.log_command:Invoking command in '/home/bhav/IITISoC-25-IVR09/gcs_ws/src/drone_1_manager': PYTHONPATH=/home/bhav/IITISoC-25-IVR09/build/drone_1_manager/prefix_override:/home/bhav/.local/lib/python3.10/site-packages/colcon_core/task/python/colcon_distutils_commands:/home/bhav/IITISoC-25-IVR09/install/drone_1_manager/lib/python3.10/site-packages:${PYTHONPATH} /usr/bin/python3 -W ignore:setup.py install is deprecated -W ignore:easy_install command is deprecated setup.py egg_info --egg-base ../../../build/drone_1_manager build --build-base /home/bhav/IITISoC-25-IVR09/build/drone_1_manager/build install --record /home/bhav/IITISoC-25-IVR09/build/drone_1_manager/install.log --single-version-externally-managed install_data
[1.856s] DEBUG:colcon.colcon_core.event_handler.log_command:Invoking command in '/home/bhav/IITISoC-25-IVR09/gcs_ws/src/drone_2_manager': PYTHONPATH=/home/bhav/IITISoC-25-IVR09/build/drone_2_manager/prefix_override:/home/bhav/.local/lib/python3.10/site-packages/colcon_core/task/python/colcon_distutils_commands:/home/bhav/IITISoC-25-IVR09/install/drone_2_manager/lib/python3.10/site-packages:${PYTHONPATH} /usr/bin/python3 -W ignore:setup.py install is deprecated -W ignore:easy_install command is deprecated setup.py egg_info --egg-base ../../../build/drone_2_manager build --build-base /home/bhav/IITISoC-25-IVR09/build/drone_2_manager/build install --record /home/bhav/IITISoC-25-IVR09/build/drone_2_manager/install.log --single-version-externally-managed install_data
[2.088s] Level 1:colcon.colcon_core.environment:checking '/home/bhav/IITISoC-25-IVR09/install/drone_1_manager' for CMake module files
[2.089s] DEBUG:colcon.colcon_core.event_handler.log_command:Invoked command in '/home/bhav/IITISoC-25-IVR09/gcs_ws/src/drone_1_manager' returned '0': PYTHONPATH=/home/bhav/IITISoC-25-IVR09/build/drone_1_manager/prefix_override:/home/bhav/.local/lib/python3.10/site-packages/colcon_core/task/python/colcon_distutils_commands:/home/bhav/IITISoC-25-IVR09/install/drone_1_manager/lib/python3.10/site-packages:${PYTHONPATH} /usr/bin/python3 -W ignore:setup.py install is deprecated -W ignore:easy_install command is deprecated setup.py egg_info --egg-base ../../../build/drone_1_manager build --build-base /home/bhav/IITISoC-25-IVR09/build/drone_1_manager/build install --record /home/bhav/IITISoC-25-IVR09/build/drone_1_manager/install.log --single-version-externally-managed install_data
[2.089s] Level 1:colcon.colcon_core.environment:checking '/home/bhav/IITISoC-25-IVR09/install/drone_1_manager' for CMake config files
[2.090s] Level 1:colcon.colcon_core.environment:checking '/home/bhav/IITISoC-25-IVR09/install/drone_1_manager/lib'
[2.090s] Level 1:colcon.colcon_core.environment:checking '/home/bhav/IITISoC-25-IVR09/install/drone_1_manager/bin'
[2.090s] Level 1:colcon.colcon_core.environment:checking '/home/bhav/IITISoC-25-IVR09/install/drone_1_manager/lib/pkgconfig/drone_1_manager.pc'
[2.090s] Level 1:colcon.colcon_core.environment:checking '/home/bhav/IITISoC-25-IVR09/install/drone_1_manager/lib/python3.10/site-packages'
[2.091s] Level 1:colcon.colcon_core.shell:create_environment_hook('drone_1_manager', 'pythonpath')
[2.091s] INFO:colcon.colcon_core.shell:Creating environment hook '/home/bhav/IITISoC-25-IVR09/install/drone_1_manager/share/drone_1_manager/hook/pythonpath.ps1'
[2.092s] INFO:colcon.colcon_core.shell:Creating environment descriptor '/home/bhav/IITISoC-25-IVR09/install/drone_1_manager/share/drone_1_manager/hook/pythonpath.dsv'
[2.092s] INFO:colcon.colcon_core.shell:Creating environment hook '/home/bhav/IITISoC-25-IVR09/install/drone_1_manager/share/drone_1_manager/hook/pythonpath.sh'
[2.092s] Level 1:colcon.colcon_core.environment:checking '/home/bhav/IITISoC-25-IVR09/install/drone_1_manager/bin'
[2.092s] Level 1:colcon.colcon_core.environment:create_environment_scripts_only(drone_1_manager)
[2.093s] INFO:colcon.colcon_core.shell:Creating package script '/home/bhav/IITISoC-25-IVR09/install/drone_1_manager/share/drone_1_manager/package.ps1'
[2.093s] INFO:colcon.colcon_core.shell:Creating package descriptor '/home/bhav/IITISoC-25-IVR09/install/drone_1_manager/share/drone_1_manager/package.dsv'
[2.093s] INFO:colcon.colcon_core.shell:Creating package script '/home/bhav/IITISoC-25-IVR09/install/drone_1_manager/share/drone_1_manager/package.sh'
[2.094s] INFO:colcon.colcon_core.shell:Creating package script '/home/bhav/IITISoC-25-IVR09/install/drone_1_manager/share/drone_1_manager/package.bash'
[2.094s] INFO:colcon.colcon_core.shell:Creating package script '/home/bhav/IITISoC-25-IVR09/install/drone_1_manager/share/drone_1_manager/package.zsh'
[2.094s] Level 1:colcon.colcon_core.environment:create_file_with_runtime_dependencies(/home/bhav/IITISoC-25-IVR09/install/drone_1_manager/share/colcon-core/packages/drone_1_manager)
[2.099s] Level 1:colcon.colcon_core.environment:checking '/home/bhav/IITISoC-25-IVR09/install/drone_2_manager' for CMake module files
[2.100s] DEBUG:colcon.colcon_core.event_handler.log_command:Invoked command in '/home/bhav/IITISoC-25-IVR09/gcs_ws/src/drone_2_manager' returned '0': PYTHONPATH=/home/bhav/IITISoC-25-IVR09/build/drone_2_manager/prefix_override:/home/bhav/.local/lib/python3.10/site-packages/colcon_core/task/python/colcon_distutils_commands:/home/bhav/IITISoC-25-IVR09/install/drone_2_manager/lib/python3.10/site-packages:${PYTHONPATH} /usr/bin/python3 -W ignore:setup.py install is deprecated -W ignore:easy_install command is deprecated setup.py egg_info --egg-base ../../../build/drone_2_manager build --build-base /home/bhav/IITISoC-25-IVR09/build/drone_2_manager/build install --record /home/bhav/IITISoC-25-IVR09/build/drone_2_manager/install.log --single-version-externally-managed install_data
[2.100s] Level 1:colcon.colcon_core.environment:checking '/home/bhav/IITISoC-25-IVR09/install/drone_2_manager' for CMake config files
[2.101s] Level 1:colcon.colcon_core.environment:checking '/home/bhav/IITISoC-25-IVR09/install/drone_2_manager/lib'
[2.101s] Level 1:colcon.colcon_core.environment:checking '/home/bhav/IITISoC-25-IVR09/install/drone_2_manager/bin'
[2.101s] Level 1:colcon.colcon_core.environment:checking '/home/bhav/IITISoC-25-IVR09/install/drone_2_manager/lib/pkgconfig/drone_2_manager.pc'
[2.101s] Level 1:colcon.colcon_core.environment:checking '/home/bhav/IITISoC-25-IVR09/install/drone_2_manager/lib/python3.10/site-packages'
[2.101s] Level 1:colcon.colcon_core.shell:create_environment_hook('drone_2_manager', 'pythonpath')
[2.102s] INFO:colcon.colcon_core.shell:Creating environment hook '/home/bhav/IITISoC-25-IVR09/install/drone_2_manager/share/drone_2_manager/hook/pythonpath.ps1'
[2.102s] INFO:colcon.colcon_core.shell:Creating environment descriptor '/home/bhav/IITISoC-25-IVR09/install/drone_2_manager/share/drone_2_manager/hook/pythonpath.dsv'
[2.103s] INFO:colcon.colcon_core.shell:Creating environment hook '/home/bhav/IITISoC-25-IVR09/install/drone_2_manager/share/drone_2_manager/hook/pythonpath.sh'
[2.104s] Level 1:colcon.colcon_core.environment:checking '/home/bhav/IITISoC-25-IVR09/install/drone_2_manager/bin'
[2.104s] Level 1:colcon.colcon_core.environment:create_environment_scripts_only(drone_2_manager)
[2.104s] INFO:colcon.colcon_core.shell:Creating package script '/home/bhav/IITISoC-25-IVR09/install/drone_2_manager/share/drone_2_manager/package.ps1'
[2.106s] INFO:colcon.colcon_core.shell:Creating package descriptor '/home/bhav/IITISoC-25-IVR09/install/drone_2_manager/share/drone_2_manager/package.dsv'
[2.106s] INFO:colcon.colcon_core.shell:Creating package script '/home/bhav/IITISoC-25-IVR09/install/drone_2_manager/share/drone_2_manager/package.sh'
[2.107s] INFO:colcon.colcon_core.shell:Creating package script '/home/bhav/IITISoC-25-IVR09/install/drone_2_manager/share/drone_2_manager/package.bash'
[2.108s] INFO:colcon.colcon_core.shell:Creating package script '/home/bhav/IITISoC-25-IVR09/install/drone_2_manager/share/drone_2_manager/package.zsh'
[2.108s] Level 1:colcon.colcon_core.environment:create_file_with_runtime_dependencies(/home/bhav/IITISoC-25-IVR09/install/drone_2_manager/share/colcon-core/packages/drone_2_manager)
[2.148s] DEBUG:colcon.colcon_core.event_handler.log_command:Invoking command in '/home/bhav/IITISoC-25-IVR09/gcs_ws/src/gcs_controller': AMENT_PREFIX_PATH=/home/bhav/IITISoC-25-IVR09/install/mission_utils:/home/bhav/IITISoC-25-IVR09/install/gcs_controller:/home/bhav/IITISoC-25-IVR09/install/drone_launch:/home/bhav/IITISoC-25-IVR09/install/drone_2_manager:/home/bhav/IITISoC-25-IVR09/install/drone_1_manager:/home/bhav/IITISoC-25-IVR09/install/drone_interfaces:/opt/ros/humble PYTHONPATH=/home/bhav/IITISoC-25-IVR09/build/gcs_controller/prefix_override:/home/bhav/.local/lib/python3.10/site-packages/colcon_core/task/python/colcon_distutils_commands:/home/bhav/IITISoC-25-IVR09/install/gcs_controller/lib/python3.10/site-packages:/home/bhav/IITISoC-25-IVR09/install/mission_utils/lib/python3.10/site-packages:/home/bhav/IITISoC-25-IVR09/install/gcs_controller/lib/python3.10/site-packages:/home/bhav/IITISoC-25-IVR09/install/drone_launch/lib/python3.10/site-packages:/home/bhav/IITISoC-25-IVR09/install/drone_2_manager/lib/python3.10/site-packages:/home/bhav/IITISoC-25-IVR09/install/drone_1_manager/lib/python3.10/site-packages:/home/bhav/IITISoC-25-IVR09/install/drone_interfaces/local/lib/python3.10/dist-packages:/opt/ros/humble/lib/python3.10/site-packages:/opt/ros/humble/local/lib/python3.10/dist-packages /usr/bin/python3 -W ignore:setup.py install is deprecated -W ignore:easy_install command is deprecated setup.py egg_info --egg-base ../../../build/gcs_controller build --build-base /home/bhav/IITISoC-25-IVR09/build/gcs_controller/build install --record /home/bhav/IITISoC-25-IVR09/build/gcs_controller/install.log --single-version-externally-managed install_data
[2.391s] Level 1:colcon.colcon_core.environment:checking '/home/bhav/IITISoC-25-IVR09/install/gcs_controller' for CMake module files
[2.391s] DEBUG:colcon.colcon_core.event_handler.log_command:Invoked command in '/home/bhav/IITISoC-25-IVR09/gcs_ws/src/gcs_controller' returned '0': AMENT_PREFIX_PATH=/home/bhav/IITISoC-25-IVR09/install/mission_utils:/home/bhav/IITISoC-25-IVR09/install/gcs_controller:/home/bhav/IITISoC-25-IVR09/install/drone_launch:/home/bhav/IITISoC-25-IVR09/install/drone_2_manager:/home/bhav/IITISoC-25-IVR09/install/drone_1_manager:/home/bhav/IITISoC-25-IVR09/install/drone_interfaces:/opt/ros/humble PYTHONPATH=/home/bhav/IITISoC-25-IVR09/build/gcs_controller/prefix_override:/home/bhav/.local/lib/python3.10/site-packages/colcon_core/task/python/colcon_distutils_commands:/home/bhav/IITISoC-25-IVR09/install/gcs_controller/lib/python3.10/site-packages:/home/bhav/IITISoC-25-IVR09/install/mission_utils/lib/python3.10/site-packages:/home/bhav/IITISoC-25-IVR09/install/gcs_controller/lib/python3.10/site-packages:/home/bhav/IITISoC-25-IVR09/install/drone_launch/lib/python3.10/site-packages:/home/bhav/IITISoC-25-IVR09/install/drone_2_manager/lib/python3.10/site-packages:/home/bhav/IITISoC-25-IVR09/install/drone_1_manager/lib/python3.10/site-packages:/home/bhav/IITISoC-25-IVR09/install/drone_interfaces/local/lib/python3.10/dist-packages:/opt/ros/humble/lib/python3.10/site-packages:/opt/ros/humble/local/lib/python3.10/dist-packages /usr/bin/python3 -W ignore:setup.py install is deprecated -W ignore:easy_install command is deprecated setup.py egg_info --egg-base ../../../build/gcs_controller build --build-base /home/bhav/IITISoC-25-IVR09/build/gcs_controller/build install --record /home/bhav/IITISoC-25-IVR09/build/gcs_controller/install.log --single-version-externally-managed install_data
[2.392s] Level 1:colcon.colcon_core.environment:checking '/home/bhav/IITISoC-25-IVR09/install/gcs_controller' for CMake config files
[2.393s] Level 1:colcon.colcon_core.environment:checking '/home/bhav/IITISoC-25-IVR09/install/gcs_controller/lib'
[2.393s] Level 1:colcon.colcon_core.environment:checking '/home/bhav/IITISoC-25-IVR09/install/gcs_controller/bin'
[2.393s] Level 1:colcon.colcon_core.environment:checking '/home/bhav/IITISoC-25-IVR09/install/gcs_controller/lib/pkgconfig/gcs_controller.pc'
[2.393s] Level 1:colcon.colcon_core.environment:checking '/home/bhav/IITISoC-25-IVR09/install/gcs_controller/lib/python3.10/site-packages'
[2.393s] Level 1:colcon.colcon_core.shell:create_environment_hook('gcs_controller', 'pythonpath')
[2.394s] INFO:colcon.colcon_core.shell:Creating environment hook '/home/bhav/IITISoC-25-IVR09/install/gcs_controller/share/gcs_controller/hook/pythonpath.ps1'
[2.394s] INFO:colcon.colcon_core.shell:Creating environment descriptor '/home/bhav/IITISoC-25-IVR09/install/gcs_controller/share/gcs_controller/hook/pythonpath.dsv'
[2.395s] INFO:colcon.colcon_core.shell:Creating environment hook '/home/bhav/IITISoC-25-IVR09/install/gcs_controller/share/gcs_controller/hook/pythonpath.sh'
[2.395s] Level 1:colcon.colcon_core.environment:checking '/home/bhav/IITISoC-25-IVR09/install/gcs_controller/bin'
[2.396s] Level 1:colcon.colcon_core.environment:create_environment_scripts_only(gcs_controller)
[2.396s] INFO:colcon.colcon_core.shell:Creating package script '/home/bhav/IITISoC-25-IVR09/install/gcs_controller/share/gcs_controller/package.ps1'
[2.397s] INFO:colcon.colcon_core.shell:Creating package descriptor '/home/bhav/IITISoC-25-IVR09/install/gcs_controller/share/gcs_controller/package.dsv'
[2.397s] INFO:colcon.colcon_core.shell:Creating package script '/home/bhav/IITISoC-25-IVR09/install/gcs_controller/share/gcs_controller/package.sh'
[2.398s] INFO:colcon.colcon_core.shell:Creating package script '/home/bhav/IITISoC-25-IVR09/install/gcs_controller/share/gcs_controller/package.bash'
[2.398s] INFO:colcon.colcon_core.shell:Creating package script '/home/bhav/IITISoC-25-IVR09/install/gcs_controller/share/gcs_controller/package.zsh'
[2.398s] Level 1:colcon.colcon_core.environment:create_file_with_runtime_dependencies(/home/bhav/IITISoC-25-IVR09/install/gcs_controller/share/colcon-core/packages/gcs_controller)
[2.399s] DEBUG:colcon.colcon_parallel_executor.executor.parallel:closing loop
[2.399s] DEBUG:colcon.colcon_parallel_executor.executor.parallel:loop closed
[2.399s] DEBUG:colcon.colcon_parallel_executor.executor.parallel:run_until_complete finished with '0'
[2.399s] DEBUG:colcon.colcon_core.event_reactor:joining thread
[2.406s] INFO:colcon.colcon_core.plugin_system:Skipping extension 'colcon_notification.desktop_notification.terminal_notifier': Not used on non-Darwin systems
[2.406s] INFO:colcon.colcon_core.plugin_system:Skipping extension 'colcon_notification.desktop_notification.win32': Not used on non-Windows systems
[2.406s] INFO:colcon.colcon_notification.desktop_notification:Sending desktop notification using 'notify2'
[2.416s] DEBUG:colcon.colcon_core.event_reactor:joined thread
[2.416s] INFO:colcon.colcon_core.shell:Creating prefix script '/home/bhav/IITISoC-25-IVR09/install/local_setup.ps1'
[2.417s] INFO:colcon.colcon_core.shell:Creating prefix util module '/home/bhav/IITISoC-25-IVR09/install/_local_setup_util_ps1.py'
[2.419s] INFO:colcon.colcon_core.shell:Creating prefix chain script '/home/bhav/IITISoC-25-IVR09/install/setup.ps1'
[2.420s] INFO:colcon.colcon_core.shell:Creating prefix script '/home/bhav/IITISoC-25-IVR09/install/local_setup.sh'
[2.421s] INFO:colcon.colcon_core.shell:Creating prefix util module '/home/bhav/IITISoC-25-IVR09/install/_local_setup_util_sh.py'
[2.421s] INFO:colcon.colcon_core.shell:Creating prefix chain script '/home/bhav/IITISoC-25-IVR09/install/setup.sh'
[2.422s] INFO:colcon.colcon_core.shell:Creating prefix script '/home/bhav/IITISoC-25-IVR09/install/local_setup.bash'
[2.423s] INFO:colcon.colcon_core.shell:Creating prefix chain script '/home/bhav/IITISoC-25-IVR09/install/setup.bash'
[2.423s] INFO:colcon.colcon_core.shell:Creating prefix script '/home/bhav/IITISoC-25-IVR09/install/local_setup.zsh'
[2.424s] INFO:colcon.colcon_core.shell:Creating prefix chain script '/home/bhav/IITISoC-25-IVR09/install/setup.zsh'
