[0.063s] Invoking command in '/home/chakrapani/drone_files/IITI_SOC/gcs_ws/build/drone_interfaces': CMAKE_PREFIX_PATH=${CMAKE_PREFIX_PATH}:/home/chakrapani/drone_files/IITI_SOC/gcs_ws/install/gcs_controller:/home/chakrapani/drone_files/IITI_SOC/gcs_ws/install/mission_utils:/home/chakrapani/drone_files/IITI_SOC/gcs_ws/install/drone_launch:/home/chakrapani/drone_files/IITI_SOC/gcs_ws/install/drone_2_manager:/home/chakrapani/drone_files/IITI_SOC/gcs_ws/install/drone_1_manager:/home/chakrapani/octomap_ws/install/px4_odometry_converter:/home/chakrapani/octomap_ws/install/px4_localization:/opt/ros/humble /usr/bin/cmake --build /home/chakrapani/drone_files/IITI_SOC/gcs_ws/build/drone_interfaces -- -j2 -l2
[0.200s] -- Found ament_cmake: 1.3.11 (/opt/ros/humble/share/ament_cmake/cmake)
[0.719s] -- Found rosidl_default_generators: 1.2.0 (/opt/ros/humble/share/rosidl_default_generators/cmake)
[0.725s] -- Using all available rosidl_typesupport_c: rosidl_typesupport_fastrtps_c;rosidl_typesupport_introspection_c
[0.728s] -- Found rosidl_adapter: 3.1.6 (/opt/ros/humble/share/rosidl_adapter/cmake)
[0.793s] -- Using all available rosidl_typesupport_cpp: rosidl_typesupport_fastrtps_cpp;rosidl_typesupport_introspection_cpp
[0.865s] -- Found ament_lint_auto: 0.12.11 (/opt/ros/humble/share/ament_lint_auto/cmake)
[1.835s] -- Found ament_cmake_ros: 0.10.0 (/opt/ros/humble/share/ament_cmake_ros/cmake)
[2.318s] -- Using all available rosidl_typesupport_c: rosidl_typesupport_fastrtps_c;rosidl_typesupport_introspection_c
[3.003s] -- Using all available rosidl_typesupport_cpp: rosidl_typesupport_fastrtps_cpp;rosidl_typesupport_introspection_cpp
[3.086s] -- Found python_cmake_module: 0.10.0 (/opt/ros/humble/share/python_cmake_module/cmake)
[3.151s] -- Using PYTHON_EXECUTABLE: /usr/bin/python3
[3.151s] -- Using PYTHON_INCLUDE_DIRS: /usr/include/python3.10
[3.151s] -- Using PYTHON_LIBRARIES: /usr/lib/x86_64-linux-gnu/libpython3.10.so
[3.286s] -- Added test 'lint_cmake' to check CMake code style
[3.297s] -- Added test 'xmllint' to check XML markup files
[3.393s] -- Configuring done
[3.811s] -- Generating done
[3.865s] -- Build files have been written to: /home/chakrapani/drone_files/IITI_SOC/gcs_ws/build/drone_interfaces
[4.488s] [  1%] Built target drone_interfaces__cpp
[5.174s] [35m[1mConsolidate compiler generated dependencies of target drone_interfaces__rosidl_generator_c[0m
[5.222s] [  2%] [32mBuilding C object CMakeFiles/drone_interfaces__rosidl_generator_c.dir/rosidl_generator_c/drone_interfaces/msg/detail/waypoint__functions.c.o[0m
[5.332s] [  3%] [32mBuilding C object CMakeFiles/drone_interfaces__rosidl_generator_c.dir/rosidl_generator_c/drone_interfaces/msg/detail/waypoint_array__functions.c.o[0m
[5.458s] [  5%] [32mBuilding C object CMakeFiles/drone_interfaces__rosidl_generator_c.dir/rosidl_generator_c/drone_interfaces/msg/detail/drone_status__functions.c.o[0m
[5.589s] [  6%] [32mBuilding C object CMakeFiles/drone_interfaces__rosidl_generator_c.dir/rosidl_generator_c/drone_interfaces/msg/detail/waypoint_request__functions.c.o[0m
[5.699s] [  7%] [32mBuilding C object CMakeFiles/drone_interfaces__rosidl_generator_c.dir/rosidl_generator_c/drone_interfaces/msg/detail/waypoint_visited__functions.c.o[0m
[5.825s] [  8%] [32mBuilding C object CMakeFiles/drone_interfaces__rosidl_generator_c.dir/rosidl_generator_c/drone_interfaces/msg/detail/drone_status_update__functions.c.o[0m
[5.933s] [ 10%] [32mBuilding C object CMakeFiles/drone_interfaces__rosidl_generator_c.dir/rosidl_generator_c/drone_interfaces/msg/detail/drone_type_change__functions.c.o[0m
[6.052s] [ 11%] [32m[1mLinking C shared library libdrone_interfaces__rosidl_generator_c.so[0m
[6.134s] [ 12%] Built target drone_interfaces__rosidl_generator_c
[6.231s] [ 12%] Built target ament_cmake_python_copy_drone_interfaces
[6.257s] [35m[1mConsolidate compiler generated dependencies of target drone_interfaces__rosidl_typesupport_cpp[0m
[6.286s] [ 13%] [32mBuilding CXX object CMakeFiles/drone_interfaces__rosidl_typesupport_cpp.dir/rosidl_typesupport_cpp/drone_interfaces/msg/waypoint__type_support.cpp.o[0m
[6.747s] [ 15%] [32mBuilding CXX object CMakeFiles/drone_interfaces__rosidl_typesupport_cpp.dir/rosidl_typesupport_cpp/drone_interfaces/msg/waypoint_array__type_support.cpp.o[0m
[7.165s] [ 16%] [32mBuilding CXX object CMakeFiles/drone_interfaces__rosidl_typesupport_cpp.dir/rosidl_typesupport_cpp/drone_interfaces/msg/drone_status__type_support.cpp.o[0m
[7.599s] [ 17%] [32mBuilding CXX object CMakeFiles/drone_interfaces__rosidl_typesupport_cpp.dir/rosidl_typesupport_cpp/drone_interfaces/msg/waypoint_request__type_support.cpp.o[0m
[8.073s] [ 18%] [32mBuilding CXX object CMakeFiles/drone_interfaces__rosidl_typesupport_cpp.dir/rosidl_typesupport_cpp/drone_interfaces/msg/waypoint_visited__type_support.cpp.o[0m
[8.555s] [ 20%] [32mBuilding CXX object CMakeFiles/drone_interfaces__rosidl_typesupport_cpp.dir/rosidl_typesupport_cpp/drone_interfaces/msg/drone_status_update__type_support.cpp.o[0m
[9.037s] [ 21%] [32mBuilding CXX object CMakeFiles/drone_interfaces__rosidl_typesupport_cpp.dir/rosidl_typesupport_cpp/drone_interfaces/msg/drone_type_change__type_support.cpp.o[0m
[9.490s] [ 22%] [32m[1mLinking CXX shared library libdrone_interfaces__rosidl_typesupport_cpp.so[0m
[9.577s] [ 24%] Built target drone_interfaces__rosidl_typesupport_cpp
[9.684s] [35m[1mConsolidate compiler generated dependencies of target drone_interfaces__rosidl_typesupport_fastrtps_c[0m
[9.715s] [ 25%] [32mBuilding CXX object CMakeFiles/drone_interfaces__rosidl_typesupport_fastrtps_c.dir/rosidl_typesupport_fastrtps_c/drone_interfaces/msg/detail/waypoint__type_support_c.cpp.o[0m
[10.338s] [ 26%] [32mBuilding CXX object CMakeFiles/drone_interfaces__rosidl_typesupport_fastrtps_c.dir/rosidl_typesupport_fastrtps_c/drone_interfaces/msg/detail/waypoint_array__type_support_c.cpp.o[0m
[10.907s] [ 27%] [32mBuilding CXX object CMakeFiles/drone_interfaces__rosidl_typesupport_fastrtps_c.dir/rosidl_typesupport_fastrtps_c/drone_interfaces/msg/detail/drone_status__type_support_c.cpp.o[0m
[11.514s] [ 29%] [32mBuilding CXX object CMakeFiles/drone_interfaces__rosidl_typesupport_fastrtps_c.dir/rosidl_typesupport_fastrtps_c/drone_interfaces/msg/detail/waypoint_request__type_support_c.cpp.o[0m
[12.113s] [ 30%] [32mBuilding CXX object CMakeFiles/drone_interfaces__rosidl_typesupport_fastrtps_c.dir/rosidl_typesupport_fastrtps_c/drone_interfaces/msg/detail/waypoint_visited__type_support_c.cpp.o[0m
[12.855s] [ 31%] [32mBuilding CXX object CMakeFiles/drone_interfaces__rosidl_typesupport_fastrtps_c.dir/rosidl_typesupport_fastrtps_c/drone_interfaces/msg/detail/drone_status_update__type_support_c.cpp.o[0m
[13.464s] [ 32%] [32mBuilding CXX object CMakeFiles/drone_interfaces__rosidl_typesupport_fastrtps_c.dir/rosidl_typesupport_fastrtps_c/drone_interfaces/msg/detail/drone_type_change__type_support_c.cpp.o[0m
[14.085s] [ 34%] [32m[1mLinking CXX shared library libdrone_interfaces__rosidl_typesupport_fastrtps_c.so[0m
[14.245s] [ 35%] Built target drone_interfaces__rosidl_typesupport_fastrtps_c
[14.267s] [35m[1mConsolidate compiler generated dependencies of target drone_interfaces__rosidl_typesupport_introspection_c[0m
[14.290s] [ 36%] [32mBuilding C object CMakeFiles/drone_interfaces__rosidl_typesupport_introspection_c.dir/rosidl_typesupport_introspection_c/drone_interfaces/msg/detail/waypoint__type_support.c.o[0m
[14.362s] [ 37%] [32mBuilding C object CMakeFiles/drone_interfaces__rosidl_typesupport_introspection_c.dir/rosidl_typesupport_introspection_c/drone_interfaces/msg/detail/waypoint_array__type_support.c.o[0m
[14.444s] [ 39%] [32mBuilding C object CMakeFiles/drone_interfaces__rosidl_typesupport_introspection_c.dir/rosidl_typesupport_introspection_c/drone_interfaces/msg/detail/drone_status__type_support.c.o[0m
[14.498s] [ 40%] [32mBuilding C object CMakeFiles/drone_interfaces__rosidl_typesupport_introspection_c.dir/rosidl_typesupport_introspection_c/drone_interfaces/msg/detail/waypoint_request__type_support.c.o[0m
[14.574s] [ 41%] [32mBuilding C object CMakeFiles/drone_interfaces__rosidl_typesupport_introspection_c.dir/rosidl_typesupport_introspection_c/drone_interfaces/msg/detail/waypoint_visited__type_support.c.o[0m
[14.636s] [ 43%] [32mBuilding C object CMakeFiles/drone_interfaces__rosidl_typesupport_introspection_c.dir/rosidl_typesupport_introspection_c/drone_interfaces/msg/detail/drone_status_update__type_support.c.o[0m
[14.694s] [ 44%] [32mBuilding C object CMakeFiles/drone_interfaces__rosidl_typesupport_introspection_c.dir/rosidl_typesupport_introspection_c/drone_interfaces/msg/detail/drone_type_change__type_support.c.o[0m
[14.753s] [ 45%] [32m[1mLinking C shared library libdrone_interfaces__rosidl_typesupport_introspection_c.so[0m
[14.813s] [ 46%] Built target drone_interfaces__rosidl_typesupport_introspection_c
[14.833s] [35m[1mConsolidate compiler generated dependencies of target drone_interfaces__rosidl_typesupport_c[0m
[14.861s] [ 48%] [32mBuilding CXX object CMakeFiles/drone_interfaces__rosidl_typesupport_c.dir/rosidl_typesupport_c/drone_interfaces/msg/waypoint__type_support.cpp.o[0m
[14.926s] [ 49%] [32mBuilding CXX object CMakeFiles/drone_interfaces__rosidl_typesupport_c.dir/rosidl_typesupport_c/drone_interfaces/msg/waypoint_array__type_support.cpp.o[0m
[14.983s] [ 50%] [32mBuilding CXX object CMakeFiles/drone_interfaces__rosidl_typesupport_c.dir/rosidl_typesupport_c/drone_interfaces/msg/drone_status__type_support.cpp.o[0m
[15.049s] [ 51%] [32mBuilding CXX object CMakeFiles/drone_interfaces__rosidl_typesupport_c.dir/rosidl_typesupport_c/drone_interfaces/msg/waypoint_request__type_support.cpp.o[0m
[15.100s] [ 53%] [32mBuilding CXX object CMakeFiles/drone_interfaces__rosidl_typesupport_c.dir/rosidl_typesupport_c/drone_interfaces/msg/waypoint_visited__type_support.cpp.o[0m
[15.155s] [ 54%] [32mBuilding CXX object CMakeFiles/drone_interfaces__rosidl_typesupport_c.dir/rosidl_typesupport_c/drone_interfaces/msg/drone_status_update__type_support.cpp.o[0m
[15.200s] [ 55%] [32mBuilding CXX object CMakeFiles/drone_interfaces__rosidl_typesupport_c.dir/rosidl_typesupport_c/drone_interfaces/msg/drone_type_change__type_support.cpp.o[0m
[15.255s] [ 56%] [32m[1mLinking CXX shared library libdrone_interfaces__rosidl_typesupport_c.so[0m
[15.342s] [ 58%] Built target drone_interfaces__rosidl_typesupport_c
[15.395s] [35m[1mConsolidate compiler generated dependencies of target drone_interfaces__rosidl_typesupport_fastrtps_cpp[0m
[15.423s] [ 59%] [32mBuilding CXX object CMakeFiles/drone_interfaces__rosidl_typesupport_fastrtps_cpp.dir/rosidl_typesupport_fastrtps_cpp/drone_interfaces/msg/detail/dds_fastrtps/waypoint__type_support.cpp.o[0m
[16.148s] [ 60%] [32mBuilding CXX object CMakeFiles/drone_interfaces__rosidl_typesupport_fastrtps_cpp.dir/rosidl_typesupport_fastrtps_cpp/drone_interfaces/msg/detail/dds_fastrtps/waypoint_array__type_support.cpp.o[0m
[17.055s] [ 62%] [32mBuilding CXX object CMakeFiles/drone_interfaces__rosidl_typesupport_fastrtps_cpp.dir/rosidl_typesupport_fastrtps_cpp/drone_interfaces/msg/detail/dds_fastrtps/drone_status__type_support.cpp.o[0m
[17.698s] [ 63%] [32mBuilding CXX object CMakeFiles/drone_interfaces__rosidl_typesupport_fastrtps_cpp.dir/rosidl_typesupport_fastrtps_cpp/drone_interfaces/msg/detail/dds_fastrtps/waypoint_request__type_support.cpp.o[0m
[18.340s] [ 64%] [32mBuilding CXX object CMakeFiles/drone_interfaces__rosidl_typesupport_fastrtps_cpp.dir/rosidl_typesupport_fastrtps_cpp/drone_interfaces/msg/detail/dds_fastrtps/waypoint_visited__type_support.cpp.o[0m
[19.040s] [ 65%] [32mBuilding CXX object CMakeFiles/drone_interfaces__rosidl_typesupport_fastrtps_cpp.dir/rosidl_typesupport_fastrtps_cpp/drone_interfaces/msg/detail/dds_fastrtps/drone_status_update__type_support.cpp.o[0m
[19.736s] [ 67%] [32mBuilding CXX object CMakeFiles/drone_interfaces__rosidl_typesupport_fastrtps_cpp.dir/rosidl_typesupport_fastrtps_cpp/drone_interfaces/msg/detail/dds_fastrtps/drone_type_change__type_support.cpp.o[0m
[20.404s] [ 68%] [32m[1mLinking CXX shared library libdrone_interfaces__rosidl_typesupport_fastrtps_cpp.so[0m
[20.566s] [ 69%] Built target drone_interfaces__rosidl_typesupport_fastrtps_cpp
[20.594s] [35m[1mConsolidate compiler generated dependencies of target drone_interfaces__rosidl_typesupport_introspection_cpp[0m
[20.623s] [ 70%] [32mBuilding CXX object CMakeFiles/drone_interfaces__rosidl_typesupport_introspection_cpp.dir/rosidl_typesupport_introspection_cpp/drone_interfaces/msg/detail/waypoint__type_support.cpp.o[0m
[21.252s] [ 72%] [32mBuilding CXX object CMakeFiles/drone_interfaces__rosidl_typesupport_introspection_cpp.dir/rosidl_typesupport_introspection_cpp/drone_interfaces/msg/detail/waypoint_array__type_support.cpp.o[0m
[21.933s] [ 73%] [32mBuilding CXX object CMakeFiles/drone_interfaces__rosidl_typesupport_introspection_cpp.dir/rosidl_typesupport_introspection_cpp/drone_interfaces/msg/detail/drone_status__type_support.cpp.o[0m
[22.592s] [ 74%] [32mBuilding CXX object CMakeFiles/drone_interfaces__rosidl_typesupport_introspection_cpp.dir/rosidl_typesupport_introspection_cpp/drone_interfaces/msg/detail/waypoint_request__type_support.cpp.o[0m
[23.267s] [ 75%] [32mBuilding CXX object CMakeFiles/drone_interfaces__rosidl_typesupport_introspection_cpp.dir/rosidl_typesupport_introspection_cpp/drone_interfaces/msg/detail/waypoint_visited__type_support.cpp.o[0m
[23.917s] [ 77%] [32mBuilding CXX object CMakeFiles/drone_interfaces__rosidl_typesupport_introspection_cpp.dir/rosidl_typesupport_introspection_cpp/drone_interfaces/msg/detail/drone_status_update__type_support.cpp.o[0m
[24.611s] [ 78%] [32mBuilding CXX object CMakeFiles/drone_interfaces__rosidl_typesupport_introspection_cpp.dir/rosidl_typesupport_introspection_cpp/drone_interfaces/msg/detail/drone_type_change__type_support.cpp.o[0m
[25.283s] [ 79%] [32m[1mLinking CXX shared library libdrone_interfaces__rosidl_typesupport_introspection_cpp.so[0m
[25.444s] [ 81%] Built target drone_interfaces__rosidl_typesupport_introspection_cpp
[25.957s] running egg_info
[25.958s] writing drone_interfaces.egg-info/PKG-INFO
[25.958s] writing dependency_links to drone_interfaces.egg-info/dependency_links.txt
[25.958s] writing top-level names to drone_interfaces.egg-info/top_level.txt
[25.962s] reading manifest file 'drone_interfaces.egg-info/SOURCES.txt'
[25.963s] writing manifest file 'drone_interfaces.egg-info/SOURCES.txt'
[26.033s] [ 81%] Built target ament_cmake_python_build_drone_interfaces_egg
[26.068s] [ 81%] Built target drone_interfaces
[26.125s] [ 82%] Built target drone_interfaces__py
[26.149s] [35m[1mConsolidate compiler generated dependencies of target drone_interfaces__rosidl_generator_py[0m
[26.177s] [ 83%] [32mBuilding C object CMakeFiles/drone_interfaces__rosidl_generator_py.dir/rosidl_generator_py/drone_interfaces/msg/_waypoint_s.c.o[0m
[26.387s] [ 84%] [32mBuilding C object CMakeFiles/drone_interfaces__rosidl_generator_py.dir/rosidl_generator_py/drone_interfaces/msg/_waypoint_array_s.c.o[0m
[26.562s] [ 86%] [32mBuilding C object CMakeFiles/drone_interfaces__rosidl_generator_py.dir/rosidl_generator_py/drone_interfaces/msg/_drone_status_s.c.o[0m
[26.742s] [ 87%] [32mBuilding C object CMakeFiles/drone_interfaces__rosidl_generator_py.dir/rosidl_generator_py/drone_interfaces/msg/_waypoint_request_s.c.o[0m
[26.895s] [ 88%] [32mBuilding C object CMakeFiles/drone_interfaces__rosidl_generator_py.dir/rosidl_generator_py/drone_interfaces/msg/_waypoint_visited_s.c.o[0m
[27.053s] [ 89%] [32mBuilding C object CMakeFiles/drone_interfaces__rosidl_generator_py.dir/rosidl_generator_py/drone_interfaces/msg/_drone_status_update_s.c.o[0m
[27.208s] [ 91%] [32mBuilding C object CMakeFiles/drone_interfaces__rosidl_generator_py.dir/rosidl_generator_py/drone_interfaces/msg/_drone_type_change_s.c.o[0m
[27.359s] [ 92%] [32m[1mLinking C shared library rosidl_generator_py/drone_interfaces/libdrone_interfaces__rosidl_generator_py.so[0m
[27.448s] [ 92%] Built target drone_interfaces__rosidl_generator_py
[27.478s] [35m[1mConsolidate compiler generated dependencies of target drone_interfaces__rosidl_typesupport_fastrtps_c__pyext[0m
[27.504s] [ 93%] [32mBuilding C object CMakeFiles/drone_interfaces__rosidl_typesupport_fastrtps_c__pyext.dir/rosidl_generator_py/drone_interfaces/_drone_interfaces_s.ep.rosidl_typesupport_fastrtps_c.c.o[0m
[27.741s] [ 94%] [32m[1mLinking C shared library rosidl_generator_py/drone_interfaces/drone_interfaces_s__rosidl_typesupport_fastrtps_c.cpython-310-x86_64-linux-gnu.so[0m
[27.805s] [ 94%] Built target drone_interfaces__rosidl_typesupport_fastrtps_c__pyext
[27.821s] [35m[1mConsolidate compiler generated dependencies of target drone_interfaces__rosidl_typesupport_introspection_c__pyext[0m
[27.847s] [ 96%] [32mBuilding C object CMakeFiles/drone_interfaces__rosidl_typesupport_introspection_c__pyext.dir/rosidl_generator_py/drone_interfaces/_drone_interfaces_s.ep.rosidl_typesupport_introspection_c.c.o[0m
[28.026s] [ 97%] [32m[1mLinking C shared library rosidl_generator_py/drone_interfaces/drone_interfaces_s__rosidl_typesupport_introspection_c.cpython-310-x86_64-linux-gnu.so[0m
[28.092s] [ 97%] Built target drone_interfaces__rosidl_typesupport_introspection_c__pyext
[28.112s] [35m[1mConsolidate compiler generated dependencies of target drone_interfaces__rosidl_typesupport_c__pyext[0m
[28.137s] [ 98%] [32mBuilding C object CMakeFiles/drone_interfaces__rosidl_typesupport_c__pyext.dir/rosidl_generator_py/drone_interfaces/_drone_interfaces_s.ep.rosidl_typesupport_c.c.o[0m
[28.424s] [100%] [32m[1mLinking C shared library rosidl_generator_py/drone_interfaces/drone_interfaces_s__rosidl_typesupport_c.cpython-310-x86_64-linux-gnu.so[0m
[28.534s] [100%] Built target drone_interfaces__rosidl_typesupport_c__pyext
[28.581s] Invoked command in '/home/chakrapani/drone_files/IITI_SOC/gcs_ws/build/drone_interfaces' returned '0': CMAKE_PREFIX_PATH=${CMAKE_PREFIX_PATH}:/home/chakrapani/drone_files/IITI_SOC/gcs_ws/install/gcs_controller:/home/chakrapani/drone_files/IITI_SOC/gcs_ws/install/mission_utils:/home/chakrapani/drone_files/IITI_SOC/gcs_ws/install/drone_launch:/home/chakrapani/drone_files/IITI_SOC/gcs_ws/install/drone_2_manager:/home/chakrapani/drone_files/IITI_SOC/gcs_ws/install/drone_1_manager:/home/chakrapani/octomap_ws/install/px4_odometry_converter:/home/chakrapani/octomap_ws/install/px4_localization:/opt/ros/humble /usr/bin/cmake --build /home/chakrapani/drone_files/IITI_SOC/gcs_ws/build/drone_interfaces -- -j2 -l2
[28.613s] Invoking command in '/home/chakrapani/drone_files/IITI_SOC/gcs_ws/build/drone_interfaces': CMAKE_PREFIX_PATH=${CMAKE_PREFIX_PATH}:/home/chakrapani/drone_files/IITI_SOC/gcs_ws/install/gcs_controller:/home/chakrapani/drone_files/IITI_SOC/gcs_ws/install/mission_utils:/home/chakrapani/drone_files/IITI_SOC/gcs_ws/install/drone_launch:/home/chakrapani/drone_files/IITI_SOC/gcs_ws/install/drone_2_manager:/home/chakrapani/drone_files/IITI_SOC/gcs_ws/install/drone_1_manager:/home/chakrapani/octomap_ws/install/px4_odometry_converter:/home/chakrapani/octomap_ws/install/px4_localization:/opt/ros/humble /usr/bin/cmake --install /home/chakrapani/drone_files/IITI_SOC/gcs_ws/build/drone_interfaces
[28.623s] -- Install configuration: ""
[28.623s] -- Up-to-date: /home/chakrapani/drone_files/IITI_SOC/gcs_ws/install/drone_interfaces/share/ament_index/resource_index/rosidl_interfaces/drone_interfaces
[28.624s] -- Up-to-date: /home/chakrapani/drone_files/IITI_SOC/gcs_ws/install/drone_interfaces/include/drone_interfaces/drone_interfaces
[28.624s] -- Up-to-date: /home/chakrapani/drone_files/IITI_SOC/gcs_ws/install/drone_interfaces/include/drone_interfaces/drone_interfaces/msg
[28.624s] -- Up-to-date: /home/chakrapani/drone_files/IITI_SOC/gcs_ws/install/drone_interfaces/include/drone_interfaces/drone_interfaces/msg/detail
[28.624s] -- Installing: /home/chakrapani/drone_files/IITI_SOC/gcs_ws/install/drone_interfaces/include/drone_interfaces/drone_interfaces/msg/detail/drone_type_change__struct.h
[28.624s] -- Installing: /home/chakrapani/drone_files/IITI_SOC/gcs_ws/install/drone_interfaces/include/drone_interfaces/drone_interfaces/msg/detail/drone_status__struct.h
[28.624s] -- Installing: /home/chakrapani/drone_files/IITI_SOC/gcs_ws/install/drone_interfaces/include/drone_interfaces/drone_interfaces/msg/detail/waypoint_array__type_support.h
[28.625s] -- Installing: /home/chakrapani/drone_files/IITI_SOC/gcs_ws/install/drone_interfaces/include/drone_interfaces/drone_interfaces/msg/detail/drone_status_update__functions.h
[28.626s] -- Installing: /home/chakrapani/drone_files/IITI_SOC/gcs_ws/install/drone_interfaces/include/drone_interfaces/drone_interfaces/msg/detail/waypoint__functions.c
[28.626s] -- Installing: /home/chakrapani/drone_files/IITI_SOC/gcs_ws/install/drone_interfaces/include/drone_interfaces/drone_interfaces/msg/detail/waypoint_request__functions.h
[28.626s] -- Installing: /home/chakrapani/drone_files/IITI_SOC/gcs_ws/install/drone_interfaces/include/drone_interfaces/drone_interfaces/msg/detail/waypoint__struct.h
[28.626s] -- Installing: /home/chakrapani/drone_files/IITI_SOC/gcs_ws/install/drone_interfaces/include/drone_interfaces/drone_interfaces/msg/detail/drone_status_update__functions.c
[28.626s] -- Installing: /home/chakrapani/drone_files/IITI_SOC/gcs_ws/install/drone_interfaces/include/drone_interfaces/drone_interfaces/msg/detail/drone_status__functions.h
[28.628s] -- Installing: /home/chakrapani/drone_files/IITI_SOC/gcs_ws/install/drone_interfaces/include/drone_interfaces/drone_interfaces/msg/detail/drone_type_change__type_support.h
[28.628s] -- Installing: /home/chakrapani/drone_files/IITI_SOC/gcs_ws/install/drone_interfaces/include/drone_interfaces/drone_interfaces/msg/detail/waypoint_request__type_support.h
[28.630s] -- Installing: /home/chakrapani/drone_files/IITI_SOC/gcs_ws/install/drone_interfaces/include/drone_interfaces/drone_interfaces/msg/detail/waypoint_visited__functions.c
[28.632s] -- Installing: /home/chakrapani/drone_files/IITI_SOC/gcs_ws/install/drone_interfaces/include/drone_interfaces/drone_interfaces/msg/detail/waypoint_array__struct.h
[28.635s] -- Installing: /home/chakrapani/drone_files/IITI_SOC/gcs_ws/install/drone_interfaces/include/drone_interfaces/drone_interfaces/msg/detail/waypoint_array__functions.c
[28.635s] -- Installing: /home/chakrapani/drone_files/IITI_SOC/gcs_ws/install/drone_interfaces/include/drone_interfaces/drone_interfaces/msg/detail/waypoint__functions.h
[28.636s] -- Installing: /home/chakrapani/drone_files/IITI_SOC/gcs_ws/install/drone_interfaces/include/drone_interfaces/drone_interfaces/msg/detail/waypoint_visited__type_support.h
[28.639s] -- Installing: /home/chakrapani/drone_files/IITI_SOC/gcs_ws/install/drone_interfaces/include/drone_interfaces/drone_interfaces/msg/detail/waypoint_array__functions.h
[28.639s] -- Installing: /home/chakrapani/drone_files/IITI_SOC/gcs_ws/install/drone_interfaces/include/drone_interfaces/drone_interfaces/msg/detail/waypoint__type_support.h
[28.639s] -- Installing: /home/chakrapani/drone_files/IITI_SOC/gcs_ws/install/drone_interfaces/include/drone_interfaces/drone_interfaces/msg/detail/waypoint_request__functions.c
[28.639s] -- Installing: /home/chakrapani/drone_files/IITI_SOC/gcs_ws/install/drone_interfaces/include/drone_interfaces/drone_interfaces/msg/detail/drone_status_update__struct.h
[28.639s] -- Installing: /home/chakrapani/drone_files/IITI_SOC/gcs_ws/install/drone_interfaces/include/drone_interfaces/drone_interfaces/msg/detail/drone_status__functions.c
[28.643s] -- Installing: /home/chakrapani/drone_files/IITI_SOC/gcs_ws/install/drone_interfaces/include/drone_interfaces/drone_interfaces/msg/detail/drone_type_change__functions.c
[28.647s] -- Installing: /home/chakrapani/drone_files/IITI_SOC/gcs_ws/install/drone_interfaces/include/drone_interfaces/drone_interfaces/msg/detail/waypoint_visited__struct.h
[28.647s] -- Installing: /home/chakrapani/drone_files/IITI_SOC/gcs_ws/install/drone_interfaces/include/drone_interfaces/drone_interfaces/msg/detail/drone_status__type_support.h
[28.647s] -- Installing: /home/chakrapani/drone_files/IITI_SOC/gcs_ws/install/drone_interfaces/include/drone_interfaces/drone_interfaces/msg/detail/drone_type_change__functions.h
[28.647s] -- Installing: /home/chakrapani/drone_files/IITI_SOC/gcs_ws/install/drone_interfaces/include/drone_interfaces/drone_interfaces/msg/detail/drone_status_update__type_support.h
[28.648s] -- Installing: /home/chakrapani/drone_files/IITI_SOC/gcs_ws/install/drone_interfaces/include/drone_interfaces/drone_interfaces/msg/detail/waypoint_request__struct.h
[28.648s] -- Installing: /home/chakrapani/drone_files/IITI_SOC/gcs_ws/install/drone_interfaces/include/drone_interfaces/drone_interfaces/msg/detail/waypoint_visited__functions.h
[28.648s] -- Installing: /home/chakrapani/drone_files/IITI_SOC/gcs_ws/install/drone_interfaces/include/drone_interfaces/drone_interfaces/msg/drone_type_change.h
[28.648s] -- Up-to-date: /home/chakrapani/drone_files/IITI_SOC/gcs_ws/install/drone_interfaces/include/drone_interfaces/drone_interfaces/msg/rosidl_generator_c__visibility_control.h
[28.648s] -- Up-to-date: /home/chakrapani/drone_files/IITI_SOC/gcs_ws/install/drone_interfaces/include/drone_interfaces/drone_interfaces/msg/waypoint.h
[28.648s] -- Up-to-date: /home/chakrapani/drone_files/IITI_SOC/gcs_ws/install/drone_interfaces/include/drone_interfaces/drone_interfaces/msg/waypoint_visited.h
[28.648s] -- Up-to-date: /home/chakrapani/drone_files/IITI_SOC/gcs_ws/install/drone_interfaces/include/drone_interfaces/drone_interfaces/msg/waypoint_array.h
[28.648s] -- Installing: /home/chakrapani/drone_files/IITI_SOC/gcs_ws/install/drone_interfaces/include/drone_interfaces/drone_interfaces/msg/drone_status_update.h
[28.648s] -- Installing: /home/chakrapani/drone_files/IITI_SOC/gcs_ws/install/drone_interfaces/include/drone_interfaces/drone_interfaces/msg/drone_status.h
[28.648s] -- Up-to-date: /home/chakrapani/drone_files/IITI_SOC/gcs_ws/install/drone_interfaces/include/drone_interfaces/drone_interfaces/msg/waypoint_request.h
[28.648s] -- Installing: /home/chakrapani/drone_files/IITI_SOC/gcs_ws/install/drone_interfaces/share/drone_interfaces/environment/library_path.sh
[28.650s] -- Installing: /home/chakrapani/drone_files/IITI_SOC/gcs_ws/install/drone_interfaces/share/drone_interfaces/environment/library_path.dsv
[28.650s] -- Installing: /home/chakrapani/drone_files/IITI_SOC/gcs_ws/install/drone_interfaces/lib/libdrone_interfaces__rosidl_generator_c.so
[28.650s] -- Set runtime path of "/home/chakrapani/drone_files/IITI_SOC/gcs_ws/install/drone_interfaces/lib/libdrone_interfaces__rosidl_generator_c.so" to ""
[28.651s] -- Up-to-date: /home/chakrapani/drone_files/IITI_SOC/gcs_ws/install/drone_interfaces/include/drone_interfaces/drone_interfaces
[28.651s] -- Up-to-date: /home/chakrapani/drone_files/IITI_SOC/gcs_ws/install/drone_interfaces/include/drone_interfaces/drone_interfaces/msg
[28.651s] -- Up-to-date: /home/chakrapani/drone_files/IITI_SOC/gcs_ws/install/drone_interfaces/include/drone_interfaces/drone_interfaces/msg/detail
[28.651s] -- Installing: /home/chakrapani/drone_files/IITI_SOC/gcs_ws/install/drone_interfaces/include/drone_interfaces/drone_interfaces/msg/detail/drone_status__rosidl_typesupport_fastrtps_c.h
[28.651s] -- Up-to-date: /home/chakrapani/drone_files/IITI_SOC/gcs_ws/install/drone_interfaces/include/drone_interfaces/drone_interfaces/msg/detail/waypoint_request__rosidl_typesupport_fastrtps_c.h
[28.651s] -- Installing: /home/chakrapani/drone_files/IITI_SOC/gcs_ws/install/drone_interfaces/include/drone_interfaces/drone_interfaces/msg/detail/drone_type_change__rosidl_typesupport_fastrtps_c.h
[28.651s] -- Up-to-date: /home/chakrapani/drone_files/IITI_SOC/gcs_ws/install/drone_interfaces/include/drone_interfaces/drone_interfaces/msg/detail/waypoint_visited__rosidl_typesupport_fastrtps_c.h
[28.651s] -- Installing: /home/chakrapani/drone_files/IITI_SOC/gcs_ws/install/drone_interfaces/include/drone_interfaces/drone_interfaces/msg/detail/drone_status_update__rosidl_typesupport_fastrtps_c.h
[28.651s] -- Up-to-date: /home/chakrapani/drone_files/IITI_SOC/gcs_ws/install/drone_interfaces/include/drone_interfaces/drone_interfaces/msg/detail/waypoint_array__rosidl_typesupport_fastrtps_c.h
[28.651s] -- Up-to-date: /home/chakrapani/drone_files/IITI_SOC/gcs_ws/install/drone_interfaces/include/drone_interfaces/drone_interfaces/msg/detail/waypoint__rosidl_typesupport_fastrtps_c.h
[28.651s] -- Up-to-date: /home/chakrapani/drone_files/IITI_SOC/gcs_ws/install/drone_interfaces/include/drone_interfaces/drone_interfaces/msg/rosidl_typesupport_fastrtps_c__visibility_control.h
[28.651s] -- Installing: /home/chakrapani/drone_files/IITI_SOC/gcs_ws/install/drone_interfaces/lib/libdrone_interfaces__rosidl_typesupport_fastrtps_c.so
[28.652s] -- Set runtime path of "/home/chakrapani/drone_files/IITI_SOC/gcs_ws/install/drone_interfaces/lib/libdrone_interfaces__rosidl_typesupport_fastrtps_c.so" to ""
[28.653s] -- Up-to-date: /home/chakrapani/drone_files/IITI_SOC/gcs_ws/install/drone_interfaces/include/drone_interfaces/drone_interfaces
[28.654s] -- Up-to-date: /home/chakrapani/drone_files/IITI_SOC/gcs_ws/install/drone_interfaces/include/drone_interfaces/drone_interfaces/msg
[28.654s] -- Up-to-date: /home/chakrapani/drone_files/IITI_SOC/gcs_ws/install/drone_interfaces/include/drone_interfaces/drone_interfaces/msg/detail
[28.654s] -- Up-to-date: /home/chakrapani/drone_files/IITI_SOC/gcs_ws/install/drone_interfaces/include/drone_interfaces/drone_interfaces/msg/detail/drone_type_change__rosidl_typesupport_introspection_c.h
[28.654s] -- Up-to-date: /home/chakrapani/drone_files/IITI_SOC/gcs_ws/install/drone_interfaces/include/drone_interfaces/drone_interfaces/msg/detail/waypoint_request__rosidl_typesupport_introspection_c.h
[28.654s] -- Up-to-date: /home/chakrapani/drone_files/IITI_SOC/gcs_ws/install/drone_interfaces/include/drone_interfaces/drone_interfaces/msg/detail/drone_status__type_support.c
[28.655s] -- Up-to-date: /home/chakrapani/drone_files/IITI_SOC/gcs_ws/install/drone_interfaces/include/drone_interfaces/drone_interfaces/msg/detail/waypoint_visited__type_support.c
[28.655s] -- Up-to-date: /home/chakrapani/drone_files/IITI_SOC/gcs_ws/install/drone_interfaces/include/drone_interfaces/drone_interfaces/msg/detail/waypoint_array__rosidl_typesupport_introspection_c.h
[28.655s] -- Up-to-date: /home/chakrapani/drone_files/IITI_SOC/gcs_ws/install/drone_interfaces/include/drone_interfaces/drone_interfaces/msg/detail/drone_type_change__type_support.c
[28.655s] -- Up-to-date: /home/chakrapani/drone_files/IITI_SOC/gcs_ws/install/drone_interfaces/include/drone_interfaces/drone_interfaces/msg/detail/waypoint_visited__rosidl_typesupport_introspection_c.h
[28.655s] -- Up-to-date: /home/chakrapani/drone_files/IITI_SOC/gcs_ws/install/drone_interfaces/include/drone_interfaces/drone_interfaces/msg/detail/waypoint_array__type_support.c
[28.655s] -- Up-to-date: /home/chakrapani/drone_files/IITI_SOC/gcs_ws/install/drone_interfaces/include/drone_interfaces/drone_interfaces/msg/detail/drone_status__rosidl_typesupport_introspection_c.h
[28.657s] -- Up-to-date: /home/chakrapani/drone_files/IITI_SOC/gcs_ws/install/drone_interfaces/include/drone_interfaces/drone_interfaces/msg/detail/drone_status_update__rosidl_typesupport_introspection_c.h
[28.657s] -- Up-to-date: /home/chakrapani/drone_files/IITI_SOC/gcs_ws/install/drone_interfaces/include/drone_interfaces/drone_interfaces/msg/detail/waypoint_request__type_support.c
[28.657s] -- Up-to-date: /home/chakrapani/drone_files/IITI_SOC/gcs_ws/install/drone_interfaces/include/drone_interfaces/drone_interfaces/msg/detail/drone_status_update__type_support.c
[28.657s] -- Up-to-date: /home/chakrapani/drone_files/IITI_SOC/gcs_ws/install/drone_interfaces/include/drone_interfaces/drone_interfaces/msg/detail/waypoint__type_support.c
[28.657s] -- Up-to-date: /home/chakrapani/drone_files/IITI_SOC/gcs_ws/install/drone_interfaces/include/drone_interfaces/drone_interfaces/msg/detail/waypoint__rosidl_typesupport_introspection_c.h
[28.658s] -- Up-to-date: /home/chakrapani/drone_files/IITI_SOC/gcs_ws/install/drone_interfaces/include/drone_interfaces/drone_interfaces/msg/rosidl_typesupport_introspection_c__visibility_control.h
[28.658s] -- Installing: /home/chakrapani/drone_files/IITI_SOC/gcs_ws/install/drone_interfaces/lib/libdrone_interfaces__rosidl_typesupport_introspection_c.so
[28.658s] -- Set runtime path of "/home/chakrapani/drone_files/IITI_SOC/gcs_ws/install/drone_interfaces/lib/libdrone_interfaces__rosidl_typesupport_introspection_c.so" to ""
[28.658s] -- Installing: /home/chakrapani/drone_files/IITI_SOC/gcs_ws/install/drone_interfaces/lib/libdrone_interfaces__rosidl_typesupport_c.so
[28.658s] -- Set runtime path of "/home/chakrapani/drone_files/IITI_SOC/gcs_ws/install/drone_interfaces/lib/libdrone_interfaces__rosidl_typesupport_c.so" to ""
[28.658s] -- Up-to-date: /home/chakrapani/drone_files/IITI_SOC/gcs_ws/install/drone_interfaces/include/drone_interfaces/drone_interfaces
[28.658s] -- Up-to-date: /home/chakrapani/drone_files/IITI_SOC/gcs_ws/install/drone_interfaces/include/drone_interfaces/drone_interfaces/msg
[28.659s] -- Up-to-date: /home/chakrapani/drone_files/IITI_SOC/gcs_ws/install/drone_interfaces/include/drone_interfaces/drone_interfaces/msg/detail
[28.659s] -- Installing: /home/chakrapani/drone_files/IITI_SOC/gcs_ws/install/drone_interfaces/include/drone_interfaces/drone_interfaces/msg/detail/drone_type_change__traits.hpp
[28.660s] -- Installing: /home/chakrapani/drone_files/IITI_SOC/gcs_ws/install/drone_interfaces/include/drone_interfaces/drone_interfaces/msg/detail/waypoint__type_support.hpp
[28.664s] -- Installing: /home/chakrapani/drone_files/IITI_SOC/gcs_ws/install/drone_interfaces/include/drone_interfaces/drone_interfaces/msg/detail/waypoint_array__struct.hpp
[28.664s] -- Installing: /home/chakrapani/drone_files/IITI_SOC/gcs_ws/install/drone_interfaces/include/drone_interfaces/drone_interfaces/msg/detail/waypoint_request__builder.hpp
[28.666s] -- Installing: /home/chakrapani/drone_files/IITI_SOC/gcs_ws/install/drone_interfaces/include/drone_interfaces/drone_interfaces/msg/detail/drone_status__type_support.hpp
[28.667s] -- Installing: /home/chakrapani/drone_files/IITI_SOC/gcs_ws/install/drone_interfaces/include/drone_interfaces/drone_interfaces/msg/detail/waypoint_array__type_support.hpp
[28.670s] -- Installing: /home/chakrapani/drone_files/IITI_SOC/gcs_ws/install/drone_interfaces/include/drone_interfaces/drone_interfaces/msg/detail/waypoint__traits.hpp
[28.670s] -- Installing: /home/chakrapani/drone_files/IITI_SOC/gcs_ws/install/drone_interfaces/include/drone_interfaces/drone_interfaces/msg/detail/drone_status__traits.hpp
[28.673s] -- Up-to-date: /home/chakrapani/drone_files/IITI_SOC/gcs_ws/install/drone_interfaces/include/drone_interfaces/drone_interfaces/msg/detail/waypoint_visited__struct.hpp
[28.673s] -- Installing: /home/chakrapani/drone_files/IITI_SOC/gcs_ws/install/drone_interfaces/include/drone_interfaces/drone_interfaces/msg/detail/waypoint_array__builder.hpp
[28.673s] -- Installing: /home/chakrapani/drone_files/IITI_SOC/gcs_ws/install/drone_interfaces/include/drone_interfaces/drone_interfaces/msg/detail/waypoint__builder.hpp
[28.673s] -- Installing: /home/chakrapani/drone_files/IITI_SOC/gcs_ws/install/drone_interfaces/include/drone_interfaces/drone_interfaces/msg/detail/drone_status_update__struct.hpp
[28.673s] -- Installing: /home/chakrapani/drone_files/IITI_SOC/gcs_ws/install/drone_interfaces/include/drone_interfaces/drone_interfaces/msg/detail/drone_type_change__type_support.hpp
[28.674s] -- Installing: /home/chakrapani/drone_files/IITI_SOC/gcs_ws/install/drone_interfaces/include/drone_interfaces/drone_interfaces/msg/detail/drone_status_update__builder.hpp
[28.674s] -- Installing: /home/chakrapani/drone_files/IITI_SOC/gcs_ws/install/drone_interfaces/include/drone_interfaces/drone_interfaces/msg/detail/drone_type_change__struct.hpp
[28.674s] -- Installing: /home/chakrapani/drone_files/IITI_SOC/gcs_ws/install/drone_interfaces/include/drone_interfaces/drone_interfaces/msg/detail/waypoint__struct.hpp
[28.675s] -- Installing: /home/chakrapani/drone_files/IITI_SOC/gcs_ws/install/drone_interfaces/include/drone_interfaces/drone_interfaces/msg/detail/drone_status_update__traits.hpp
[28.675s] -- Up-to-date: /home/chakrapani/drone_files/IITI_SOC/gcs_ws/install/drone_interfaces/include/drone_interfaces/drone_interfaces/msg/detail/waypoint_visited__builder.hpp
[28.675s] -- Installing: /home/chakrapani/drone_files/IITI_SOC/gcs_ws/install/drone_interfaces/include/drone_interfaces/drone_interfaces/msg/detail/waypoint_array__traits.hpp
[28.676s] -- Installing: /home/chakrapani/drone_files/IITI_SOC/gcs_ws/install/drone_interfaces/include/drone_interfaces/drone_interfaces/msg/detail/waypoint_request__traits.hpp
[28.676s] -- Installing: /home/chakrapani/drone_files/IITI_SOC/gcs_ws/install/drone_interfaces/include/drone_interfaces/drone_interfaces/msg/detail/drone_status_update__type_support.hpp
[28.677s] -- Installing: /home/chakrapani/drone_files/IITI_SOC/gcs_ws/install/drone_interfaces/include/drone_interfaces/drone_interfaces/msg/detail/drone_type_change__builder.hpp
[28.678s] -- Installing: /home/chakrapani/drone_files/IITI_SOC/gcs_ws/install/drone_interfaces/include/drone_interfaces/drone_interfaces/msg/detail/drone_status__builder.hpp
[28.678s] -- Installing: /home/chakrapani/drone_files/IITI_SOC/gcs_ws/install/drone_interfaces/include/drone_interfaces/drone_interfaces/msg/detail/waypoint_request__struct.hpp
[28.680s] -- Installing: /home/chakrapani/drone_files/IITI_SOC/gcs_ws/install/drone_interfaces/include/drone_interfaces/drone_interfaces/msg/detail/drone_status__struct.hpp
[28.680s] -- Up-to-date: /home/chakrapani/drone_files/IITI_SOC/gcs_ws/install/drone_interfaces/include/drone_interfaces/drone_interfaces/msg/detail/waypoint_visited__type_support.hpp
[28.680s] -- Up-to-date: /home/chakrapani/drone_files/IITI_SOC/gcs_ws/install/drone_interfaces/include/drone_interfaces/drone_interfaces/msg/detail/waypoint_visited__traits.hpp
[28.680s] -- Installing: /home/chakrapani/drone_files/IITI_SOC/gcs_ws/install/drone_interfaces/include/drone_interfaces/drone_interfaces/msg/detail/waypoint_request__type_support.hpp
[28.680s] -- Up-to-date: /home/chakrapani/drone_files/IITI_SOC/gcs_ws/install/drone_interfaces/include/drone_interfaces/drone_interfaces/msg/drone_status.hpp
[28.681s] -- Up-to-date: /home/chakrapani/drone_files/IITI_SOC/gcs_ws/install/drone_interfaces/include/drone_interfaces/drone_interfaces/msg/waypoint_request.hpp
[28.681s] -- Up-to-date: /home/chakrapani/drone_files/IITI_SOC/gcs_ws/install/drone_interfaces/include/drone_interfaces/drone_interfaces/msg/drone_status_update.hpp
[28.681s] -- Up-to-date: /home/chakrapani/drone_files/IITI_SOC/gcs_ws/install/drone_interfaces/include/drone_interfaces/drone_interfaces/msg/waypoint_array.hpp
[28.681s] -- Up-to-date: /home/chakrapani/drone_files/IITI_SOC/gcs_ws/install/drone_interfaces/include/drone_interfaces/drone_interfaces/msg/rosidl_generator_cpp__visibility_control.hpp
[28.681s] -- Up-to-date: /home/chakrapani/drone_files/IITI_SOC/gcs_ws/install/drone_interfaces/include/drone_interfaces/drone_interfaces/msg/waypoint_visited.hpp
[28.681s] -- Up-to-date: /home/chakrapani/drone_files/IITI_SOC/gcs_ws/install/drone_interfaces/include/drone_interfaces/drone_interfaces/msg/waypoint.hpp
[28.682s] -- Up-to-date: /home/chakrapani/drone_files/IITI_SOC/gcs_ws/install/drone_interfaces/include/drone_interfaces/drone_interfaces/msg/drone_type_change.hpp
[28.682s] -- Up-to-date: /home/chakrapani/drone_files/IITI_SOC/gcs_ws/install/drone_interfaces/include/drone_interfaces/drone_interfaces
[28.682s] -- Up-to-date: /home/chakrapani/drone_files/IITI_SOC/gcs_ws/install/drone_interfaces/include/drone_interfaces/drone_interfaces/msg
[28.682s] -- Up-to-date: /home/chakrapani/drone_files/IITI_SOC/gcs_ws/install/drone_interfaces/include/drone_interfaces/drone_interfaces/msg/detail
[28.683s] -- Up-to-date: /home/chakrapani/drone_files/IITI_SOC/gcs_ws/install/drone_interfaces/include/drone_interfaces/drone_interfaces/msg/detail/dds_fastrtps
[28.683s] -- Up-to-date: /home/chakrapani/drone_files/IITI_SOC/gcs_ws/install/drone_interfaces/include/drone_interfaces/drone_interfaces/msg/detail/waypoint__rosidl_typesupport_fastrtps_cpp.hpp
[28.683s] -- Up-to-date: /home/chakrapani/drone_files/IITI_SOC/gcs_ws/install/drone_interfaces/include/drone_interfaces/drone_interfaces/msg/detail/waypoint_array__rosidl_typesupport_fastrtps_cpp.hpp
[28.683s] -- Up-to-date: /home/chakrapani/drone_files/IITI_SOC/gcs_ws/install/drone_interfaces/include/drone_interfaces/drone_interfaces/msg/detail/waypoint_request__rosidl_typesupport_fastrtps_cpp.hpp
[28.684s] -- Up-to-date: /home/chakrapani/drone_files/IITI_SOC/gcs_ws/install/drone_interfaces/include/drone_interfaces/drone_interfaces/msg/detail/drone_type_change__rosidl_typesupport_fastrtps_cpp.hpp
[28.684s] -- Up-to-date: /home/chakrapani/drone_files/IITI_SOC/gcs_ws/install/drone_interfaces/include/drone_interfaces/drone_interfaces/msg/detail/drone_status_update__rosidl_typesupport_fastrtps_cpp.hpp
[28.684s] -- Up-to-date: /home/chakrapani/drone_files/IITI_SOC/gcs_ws/install/drone_interfaces/include/drone_interfaces/drone_interfaces/msg/detail/drone_status__rosidl_typesupport_fastrtps_cpp.hpp
[28.684s] -- Up-to-date: /home/chakrapani/drone_files/IITI_SOC/gcs_ws/install/drone_interfaces/include/drone_interfaces/drone_interfaces/msg/detail/waypoint_visited__rosidl_typesupport_fastrtps_cpp.hpp
[28.684s] -- Up-to-date: /home/chakrapani/drone_files/IITI_SOC/gcs_ws/install/drone_interfaces/include/drone_interfaces/drone_interfaces/msg/rosidl_typesupport_fastrtps_cpp__visibility_control.h
[28.700s] -- Installing: /home/chakrapani/drone_files/IITI_SOC/gcs_ws/install/drone_interfaces/lib/libdrone_interfaces__rosidl_typesupport_fastrtps_cpp.so
[28.703s] -- Set runtime path of "/home/chakrapani/drone_files/IITI_SOC/gcs_ws/install/drone_interfaces/lib/libdrone_interfaces__rosidl_typesupport_fastrtps_cpp.so" to ""
[28.703s] -- Up-to-date: /home/chakrapani/drone_files/IITI_SOC/gcs_ws/install/drone_interfaces/include/drone_interfaces/drone_interfaces
[28.703s] -- Up-to-date: /home/chakrapani/drone_files/IITI_SOC/gcs_ws/install/drone_interfaces/include/drone_interfaces/drone_interfaces/msg
[28.703s] -- Up-to-date: /home/chakrapani/drone_files/IITI_SOC/gcs_ws/install/drone_interfaces/include/drone_interfaces/drone_interfaces/msg/detail
[28.704s] -- Up-to-date: /home/chakrapani/drone_files/IITI_SOC/gcs_ws/install/drone_interfaces/include/drone_interfaces/drone_interfaces/msg/detail/waypoint_request__type_support.cpp
[28.704s] -- Up-to-date: /home/chakrapani/drone_files/IITI_SOC/gcs_ws/install/drone_interfaces/include/drone_interfaces/drone_interfaces/msg/detail/waypoint_visited__rosidl_typesupport_introspection_cpp.hpp
[28.704s] -- Up-to-date: /home/chakrapani/drone_files/IITI_SOC/gcs_ws/install/drone_interfaces/include/drone_interfaces/drone_interfaces/msg/detail/waypoint_array__type_support.cpp
[28.704s] -- Up-to-date: /home/chakrapani/drone_files/IITI_SOC/gcs_ws/install/drone_interfaces/include/drone_interfaces/drone_interfaces/msg/detail/drone_status__type_support.cpp
[28.704s] -- Up-to-date: /home/chakrapani/drone_files/IITI_SOC/gcs_ws/install/drone_interfaces/include/drone_interfaces/drone_interfaces/msg/detail/drone_type_change__rosidl_typesupport_introspection_cpp.hpp
[28.705s] -- Up-to-date: /home/chakrapani/drone_files/IITI_SOC/gcs_ws/install/drone_interfaces/include/drone_interfaces/drone_interfaces/msg/detail/waypoint_array__rosidl_typesupport_introspection_cpp.hpp
[28.705s] -- Up-to-date: /home/chakrapani/drone_files/IITI_SOC/gcs_ws/install/drone_interfaces/include/drone_interfaces/drone_interfaces/msg/detail/drone_status__rosidl_typesupport_introspection_cpp.hpp
[28.705s] -- Up-to-date: /home/chakrapani/drone_files/IITI_SOC/gcs_ws/install/drone_interfaces/include/drone_interfaces/drone_interfaces/msg/detail/waypoint_visited__type_support.cpp
[28.705s] -- Up-to-date: /home/chakrapani/drone_files/IITI_SOC/gcs_ws/install/drone_interfaces/include/drone_interfaces/drone_interfaces/msg/detail/drone_type_change__type_support.cpp
[28.705s] -- Up-to-date: /home/chakrapani/drone_files/IITI_SOC/gcs_ws/install/drone_interfaces/include/drone_interfaces/drone_interfaces/msg/detail/waypoint__type_support.cpp
[28.705s] -- Up-to-date: /home/chakrapani/drone_files/IITI_SOC/gcs_ws/install/drone_interfaces/include/drone_interfaces/drone_interfaces/msg/detail/waypoint__rosidl_typesupport_introspection_cpp.hpp
[28.705s] -- Up-to-date: /home/chakrapani/drone_files/IITI_SOC/gcs_ws/install/drone_interfaces/include/drone_interfaces/drone_interfaces/msg/detail/waypoint_request__rosidl_typesupport_introspection_cpp.hpp
[28.707s] -- Up-to-date: /home/chakrapani/drone_files/IITI_SOC/gcs_ws/install/drone_interfaces/include/drone_interfaces/drone_interfaces/msg/detail/drone_status_update__rosidl_typesupport_introspection_cpp.hpp
[28.708s] -- Up-to-date: /home/chakrapani/drone_files/IITI_SOC/gcs_ws/install/drone_interfaces/include/drone_interfaces/drone_interfaces/msg/detail/drone_status_update__type_support.cpp
[28.708s] -- Installing: /home/chakrapani/drone_files/IITI_SOC/gcs_ws/install/drone_interfaces/lib/libdrone_interfaces__rosidl_typesupport_introspection_cpp.so
[28.708s] -- Set runtime path of "/home/chakrapani/drone_files/IITI_SOC/gcs_ws/install/drone_interfaces/lib/libdrone_interfaces__rosidl_typesupport_introspection_cpp.so" to ""
[28.711s] -- Installing: /home/chakrapani/drone_files/IITI_SOC/gcs_ws/install/drone_interfaces/lib/libdrone_interfaces__rosidl_typesupport_cpp.so
[28.713s] -- Set runtime path of "/home/chakrapani/drone_files/IITI_SOC/gcs_ws/install/drone_interfaces/lib/libdrone_interfaces__rosidl_typesupport_cpp.so" to ""
[28.714s] -- Up-to-date: /home/chakrapani/drone_files/IITI_SOC/gcs_ws/install/drone_interfaces/share/drone_interfaces/environment/pythonpath.sh
[28.715s] -- Installing: /home/chakrapani/drone_files/IITI_SOC/gcs_ws/install/drone_interfaces/share/drone_interfaces/environment/pythonpath.dsv
[28.715s] -- Up-to-date: /home/chakrapani/drone_files/IITI_SOC/gcs_ws/install/drone_interfaces/local/lib/python3.10/dist-packages/drone_interfaces-0.0.0-py3.10.egg-info
[28.715s] -- Installing: /home/chakrapani/drone_files/IITI_SOC/gcs_ws/install/drone_interfaces/local/lib/python3.10/dist-packages/drone_interfaces-0.0.0-py3.10.egg-info/top_level.txt
[28.717s] -- Installing: /home/chakrapani/drone_files/IITI_SOC/gcs_ws/install/drone_interfaces/local/lib/python3.10/dist-packages/drone_interfaces-0.0.0-py3.10.egg-info/dependency_links.txt
[28.717s] -- Installing: /home/chakrapani/drone_files/IITI_SOC/gcs_ws/install/drone_interfaces/local/lib/python3.10/dist-packages/drone_interfaces-0.0.0-py3.10.egg-info/PKG-INFO
[28.718s] -- Installing: /home/chakrapani/drone_files/IITI_SOC/gcs_ws/install/drone_interfaces/local/lib/python3.10/dist-packages/drone_interfaces-0.0.0-py3.10.egg-info/SOURCES.txt
[28.718s] -- Up-to-date: /home/chakrapani/drone_files/IITI_SOC/gcs_ws/install/drone_interfaces/local/lib/python3.10/dist-packages/drone_interfaces
[28.718s] -- Installing: /home/chakrapani/drone_files/IITI_SOC/gcs_ws/install/drone_interfaces/local/lib/python3.10/dist-packages/drone_interfaces/_drone_interfaces_s.ep.rosidl_typesupport_c.c
[28.718s] -- Installing: /home/chakrapani/drone_files/IITI_SOC/gcs_ws/install/drone_interfaces/local/lib/python3.10/dist-packages/drone_interfaces/__init__.py
[28.718s] -- Up-to-date: /home/chakrapani/drone_files/IITI_SOC/gcs_ws/install/drone_interfaces/local/lib/python3.10/dist-packages/drone_interfaces/msg
[28.718s] -- Up-to-date: /home/chakrapani/drone_files/IITI_SOC/gcs_ws/install/drone_interfaces/local/lib/python3.10/dist-packages/drone_interfaces/msg/__init__.py
[28.718s] -- Up-to-date: /home/chakrapani/drone_files/IITI_SOC/gcs_ws/install/drone_interfaces/local/lib/python3.10/dist-packages/drone_interfaces/msg/_waypoint_visited.py
[28.718s] -- Up-to-date: /home/chakrapani/drone_files/IITI_SOC/gcs_ws/install/drone_interfaces/local/lib/python3.10/dist-packages/drone_interfaces/msg/_drone_status_s.c
[28.718s] -- Up-to-date: /home/chakrapani/drone_files/IITI_SOC/gcs_ws/install/drone_interfaces/local/lib/python3.10/dist-packages/drone_interfaces/msg/_waypoint.py
[28.719s] -- Up-to-date: /home/chakrapani/drone_files/IITI_SOC/gcs_ws/install/drone_interfaces/local/lib/python3.10/dist-packages/drone_interfaces/msg/_waypoint_array_s.c
[28.719s] -- Up-to-date: /home/chakrapani/drone_files/IITI_SOC/gcs_ws/install/drone_interfaces/local/lib/python3.10/dist-packages/drone_interfaces/msg/_waypoint_request.py
[28.719s] -- Up-to-date: /home/chakrapani/drone_files/IITI_SOC/gcs_ws/install/drone_interfaces/local/lib/python3.10/dist-packages/drone_interfaces/msg/_waypoint_request_s.c
[28.719s] -- Up-to-date: /home/chakrapani/drone_files/IITI_SOC/gcs_ws/install/drone_interfaces/local/lib/python3.10/dist-packages/drone_interfaces/msg/_waypoint_s.c
[28.719s] -- Up-to-date: /home/chakrapani/drone_files/IITI_SOC/gcs_ws/install/drone_interfaces/local/lib/python3.10/dist-packages/drone_interfaces/msg/_drone_type_change_s.c
[28.719s] -- Up-to-date: /home/chakrapani/drone_files/IITI_SOC/gcs_ws/install/drone_interfaces/local/lib/python3.10/dist-packages/drone_interfaces/msg/_waypoint_array.py
[28.719s] -- Up-to-date: /home/chakrapani/drone_files/IITI_SOC/gcs_ws/install/drone_interfaces/local/lib/python3.10/dist-packages/drone_interfaces/msg/_drone_status_update_s.c
[28.719s] -- Up-to-date: /home/chakrapani/drone_files/IITI_SOC/gcs_ws/install/drone_interfaces/local/lib/python3.10/dist-packages/drone_interfaces/msg/_waypoint_visited_s.c
[28.719s] -- Up-to-date: /home/chakrapani/drone_files/IITI_SOC/gcs_ws/install/drone_interfaces/local/lib/python3.10/dist-packages/drone_interfaces/msg/_drone_status.py
[28.719s] -- Up-to-date: /home/chakrapani/drone_files/IITI_SOC/gcs_ws/install/drone_interfaces/local/lib/python3.10/dist-packages/drone_interfaces/msg/_drone_type_change.py
[28.719s] -- Up-to-date: /home/chakrapani/drone_files/IITI_SOC/gcs_ws/install/drone_interfaces/local/lib/python3.10/dist-packages/drone_interfaces/msg/_drone_status_update.py
[28.719s] -- Installing: /home/chakrapani/drone_files/IITI_SOC/gcs_ws/install/drone_interfaces/local/lib/python3.10/dist-packages/drone_interfaces/drone_interfaces_s__rosidl_typesupport_introspection_c.cpython-310-x86_64-linux-gnu.so
[28.719s] -- Installing: /home/chakrapani/drone_files/IITI_SOC/gcs_ws/install/drone_interfaces/local/lib/python3.10/dist-packages/drone_interfaces/drone_interfaces_s__rosidl_typesupport_fastrtps_c.cpython-310-x86_64-linux-gnu.so
[28.719s] -- Up-to-date: /home/chakrapani/drone_files/IITI_SOC/gcs_ws/install/drone_interfaces/local/lib/python3.10/dist-packages/drone_interfaces/_drone_interfaces_s.ep.rosidl_typesupport_introspection_c.c
[28.720s] -- Installing: /home/chakrapani/drone_files/IITI_SOC/gcs_ws/install/drone_interfaces/local/lib/python3.10/dist-packages/drone_interfaces/libdrone_interfaces__rosidl_generator_py.so
[28.720s] -- Up-to-date: /home/chakrapani/drone_files/IITI_SOC/gcs_ws/install/drone_interfaces/local/lib/python3.10/dist-packages/drone_interfaces/_drone_interfaces_s.ep.rosidl_typesupport_fastrtps_c.c
[28.720s] -- Installing: /home/chakrapani/drone_files/IITI_SOC/gcs_ws/install/drone_interfaces/local/lib/python3.10/dist-packages/drone_interfaces/drone_interfaces_s__rosidl_typesupport_c.cpython-310-x86_64-linux-gnu.so
[28.835s] Listing '/home/chakrapani/drone_files/IITI_SOC/gcs_ws/install/drone_interfaces/local/lib/python3.10/dist-packages/drone_interfaces'...
[28.835s] Compiling '/home/chakrapani/drone_files/IITI_SOC/gcs_ws/install/drone_interfaces/local/lib/python3.10/dist-packages/drone_interfaces/__init__.py'...
[28.835s] Listing '/home/chakrapani/drone_files/IITI_SOC/gcs_ws/install/drone_interfaces/local/lib/python3.10/dist-packages/drone_interfaces/msg'...
[28.859s] -- Installing: /home/chakrapani/drone_files/IITI_SOC/gcs_ws/install/drone_interfaces/local/lib/python3.10/dist-packages/drone_interfaces/drone_interfaces_s__rosidl_typesupport_fastrtps_c.cpython-310-x86_64-linux-gnu.so
[28.859s] -- Set runtime path of "/home/chakrapani/drone_files/IITI_SOC/gcs_ws/install/drone_interfaces/local/lib/python3.10/dist-packages/drone_interfaces/drone_interfaces_s__rosidl_typesupport_fastrtps_c.cpython-310-x86_64-linux-gnu.so" to ""
[28.859s] -- Installing: /home/chakrapani/drone_files/IITI_SOC/gcs_ws/install/drone_interfaces/local/lib/python3.10/dist-packages/drone_interfaces/drone_interfaces_s__rosidl_typesupport_introspection_c.cpython-310-x86_64-linux-gnu.so
[28.861s] -- Set runtime path of "/home/chakrapani/drone_files/IITI_SOC/gcs_ws/install/drone_interfaces/local/lib/python3.10/dist-packages/drone_interfaces/drone_interfaces_s__rosidl_typesupport_introspection_c.cpython-310-x86_64-linux-gnu.so" to ""
[28.862s] -- Installing: /home/chakrapani/drone_files/IITI_SOC/gcs_ws/install/drone_interfaces/local/lib/python3.10/dist-packages/drone_interfaces/drone_interfaces_s__rosidl_typesupport_c.cpython-310-x86_64-linux-gnu.so
[28.864s] -- Set runtime path of "/home/chakrapani/drone_files/IITI_SOC/gcs_ws/install/drone_interfaces/local/lib/python3.10/dist-packages/drone_interfaces/drone_interfaces_s__rosidl_typesupport_c.cpython-310-x86_64-linux-gnu.so" to ""
[28.864s] -- Installing: /home/chakrapani/drone_files/IITI_SOC/gcs_ws/install/drone_interfaces/lib/libdrone_interfaces__rosidl_generator_py.so
[28.864s] -- Set runtime path of "/home/chakrapani/drone_files/IITI_SOC/gcs_ws/install/drone_interfaces/lib/libdrone_interfaces__rosidl_generator_py.so" to ""
[28.864s] -- Up-to-date: /home/chakrapani/drone_files/IITI_SOC/gcs_ws/install/drone_interfaces/share/drone_interfaces/msg/Waypoint.idl
[28.864s] -- Up-to-date: /home/chakrapani/drone_files/IITI_SOC/gcs_ws/install/drone_interfaces/share/drone_interfaces/msg/WaypointArray.idl
[28.864s] -- Up-to-date: /home/chakrapani/drone_files/IITI_SOC/gcs_ws/install/drone_interfaces/share/drone_interfaces/msg/DroneStatus.idl
[28.865s] -- Up-to-date: /home/chakrapani/drone_files/IITI_SOC/gcs_ws/install/drone_interfaces/share/drone_interfaces/msg/WaypointRequest.idl
[28.865s] -- Up-to-date: /home/chakrapani/drone_files/IITI_SOC/gcs_ws/install/drone_interfaces/share/drone_interfaces/msg/WaypointVisited.idl
[28.865s] -- Up-to-date: /home/chakrapani/drone_files/IITI_SOC/gcs_ws/install/drone_interfaces/share/drone_interfaces/msg/DroneStatusUpdate.idl
[28.865s] -- Up-to-date: /home/chakrapani/drone_files/IITI_SOC/gcs_ws/install/drone_interfaces/share/drone_interfaces/msg/DroneTypeChange.idl
[28.865s] -- Installing: /home/chakrapani/drone_files/IITI_SOC/gcs_ws/install/drone_interfaces/share/drone_interfaces/msg/Waypoint.msg
[28.867s] -- Installing: /home/chakrapani/drone_files/IITI_SOC/gcs_ws/install/drone_interfaces/share/drone_interfaces/msg/WaypointArray.msg
[28.868s] -- Installing: /home/chakrapani/drone_files/IITI_SOC/gcs_ws/install/drone_interfaces/share/drone_interfaces/msg/DroneStatus.msg
[28.868s] -- Installing: /home/chakrapani/drone_files/IITI_SOC/gcs_ws/install/drone_interfaces/share/drone_interfaces/msg/WaypointRequest.msg
[28.868s] -- Installing: /home/chakrapani/drone_files/IITI_SOC/gcs_ws/install/drone_interfaces/share/drone_interfaces/msg/WaypointVisited.msg
[28.868s] -- Installing: /home/chakrapani/drone_files/IITI_SOC/gcs_ws/install/drone_interfaces/share/drone_interfaces/msg/DroneStatusUpdate.msg
[28.868s] -- Installing: /home/chakrapani/drone_files/IITI_SOC/gcs_ws/install/drone_interfaces/share/drone_interfaces/msg/DroneTypeChange.msg
[28.868s] -- Up-to-date: /home/chakrapani/drone_files/IITI_SOC/gcs_ws/install/drone_interfaces/share/ament_index/resource_index/package_run_dependencies/drone_interfaces
[28.869s] -- Installing: /home/chakrapani/drone_files/IITI_SOC/gcs_ws/install/drone_interfaces/share/ament_index/resource_index/parent_prefix_path/drone_interfaces
[28.869s] -- Installing: /home/chakrapani/drone_files/IITI_SOC/gcs_ws/install/drone_interfaces/share/drone_interfaces/environment/ament_prefix_path.sh
[28.869s] -- Installing: /home/chakrapani/drone_files/IITI_SOC/gcs_ws/install/drone_interfaces/share/drone_interfaces/environment/ament_prefix_path.dsv
[28.869s] -- Installing: /home/chakrapani/drone_files/IITI_SOC/gcs_ws/install/drone_interfaces/share/drone_interfaces/environment/path.sh
[28.869s] -- Installing: /home/chakrapani/drone_files/IITI_SOC/gcs_ws/install/drone_interfaces/share/drone_interfaces/environment/path.dsv
[28.869s] -- Up-to-date: /home/chakrapani/drone_files/IITI_SOC/gcs_ws/install/drone_interfaces/share/drone_interfaces/local_setup.bash
[28.869s] -- Up-to-date: /home/chakrapani/drone_files/IITI_SOC/gcs_ws/install/drone_interfaces/share/drone_interfaces/local_setup.sh
[28.869s] -- Up-to-date: /home/chakrapani/drone_files/IITI_SOC/gcs_ws/install/drone_interfaces/share/drone_interfaces/local_setup.zsh
[28.869s] -- Installing: /home/chakrapani/drone_files/IITI_SOC/gcs_ws/install/drone_interfaces/share/drone_interfaces/local_setup.dsv
[28.869s] -- Installing: /home/chakrapani/drone_files/IITI_SOC/gcs_ws/install/drone_interfaces/share/drone_interfaces/package.dsv
[28.869s] -- Up-to-date: /home/chakrapani/drone_files/IITI_SOC/gcs_ws/install/drone_interfaces/share/ament_index/resource_index/packages/drone_interfaces
[28.870s] -- Up-to-date: /home/chakrapani/drone_files/IITI_SOC/gcs_ws/install/drone_interfaces/share/drone_interfaces/cmake/export_drone_interfaces__rosidl_generator_cExport.cmake
[28.870s] -- Up-to-date: /home/chakrapani/drone_files/IITI_SOC/gcs_ws/install/drone_interfaces/share/drone_interfaces/cmake/export_drone_interfaces__rosidl_generator_cExport-noconfig.cmake
[28.871s] -- Up-to-date: /home/chakrapani/drone_files/IITI_SOC/gcs_ws/install/drone_interfaces/share/drone_interfaces/cmake/export_drone_interfaces__rosidl_typesupport_fastrtps_cExport.cmake
[28.871s] -- Up-to-date: /home/chakrapani/drone_files/IITI_SOC/gcs_ws/install/drone_interfaces/share/drone_interfaces/cmake/export_drone_interfaces__rosidl_typesupport_fastrtps_cExport-noconfig.cmake
[28.872s] -- Up-to-date: /home/chakrapani/drone_files/IITI_SOC/gcs_ws/install/drone_interfaces/share/drone_interfaces/cmake/drone_interfaces__rosidl_typesupport_introspection_cExport.cmake
[28.872s] -- Up-to-date: /home/chakrapani/drone_files/IITI_SOC/gcs_ws/install/drone_interfaces/share/drone_interfaces/cmake/drone_interfaces__rosidl_typesupport_introspection_cExport-noconfig.cmake
[28.872s] -- Up-to-date: /home/chakrapani/drone_files/IITI_SOC/gcs_ws/install/drone_interfaces/share/drone_interfaces/cmake/drone_interfaces__rosidl_typesupport_cExport.cmake
[28.873s] -- Up-to-date: /home/chakrapani/drone_files/IITI_SOC/gcs_ws/install/drone_interfaces/share/drone_interfaces/cmake/drone_interfaces__rosidl_typesupport_cExport-noconfig.cmake
[28.874s] -- Up-to-date: /home/chakrapani/drone_files/IITI_SOC/gcs_ws/install/drone_interfaces/share/drone_interfaces/cmake/export_drone_interfaces__rosidl_generator_cppExport.cmake
[28.874s] -- Up-to-date: /home/chakrapani/drone_files/IITI_SOC/gcs_ws/install/drone_interfaces/share/drone_interfaces/cmake/export_drone_interfaces__rosidl_typesupport_fastrtps_cppExport.cmake
[28.874s] -- Up-to-date: /home/chakrapani/drone_files/IITI_SOC/gcs_ws/install/drone_interfaces/share/drone_interfaces/cmake/export_drone_interfaces__rosidl_typesupport_fastrtps_cppExport-noconfig.cmake
[28.874s] -- Up-to-date: /home/chakrapani/drone_files/IITI_SOC/gcs_ws/install/drone_interfaces/share/drone_interfaces/cmake/drone_interfaces__rosidl_typesupport_introspection_cppExport.cmake
[28.874s] -- Up-to-date: /home/chakrapani/drone_files/IITI_SOC/gcs_ws/install/drone_interfaces/share/drone_interfaces/cmake/drone_interfaces__rosidl_typesupport_introspection_cppExport-noconfig.cmake
[28.875s] -- Up-to-date: /home/chakrapani/drone_files/IITI_SOC/gcs_ws/install/drone_interfaces/share/drone_interfaces/cmake/drone_interfaces__rosidl_typesupport_cppExport.cmake
[28.875s] -- Up-to-date: /home/chakrapani/drone_files/IITI_SOC/gcs_ws/install/drone_interfaces/share/drone_interfaces/cmake/drone_interfaces__rosidl_typesupport_cppExport-noconfig.cmake
[28.875s] -- Up-to-date: /home/chakrapani/drone_files/IITI_SOC/gcs_ws/install/drone_interfaces/share/drone_interfaces/cmake/export_drone_interfaces__rosidl_generator_pyExport.cmake
[28.876s] -- Up-to-date: /home/chakrapani/drone_files/IITI_SOC/gcs_ws/install/drone_interfaces/share/drone_interfaces/cmake/export_drone_interfaces__rosidl_generator_pyExport-noconfig.cmake
[28.876s] -- Up-to-date: /home/chakrapani/drone_files/IITI_SOC/gcs_ws/install/drone_interfaces/share/drone_interfaces/cmake/rosidl_cmake-extras.cmake
[28.876s] -- Up-to-date: /home/chakrapani/drone_files/IITI_SOC/gcs_ws/install/drone_interfaces/share/drone_interfaces/cmake/ament_cmake_export_include_directories-extras.cmake
[28.877s] -- Up-to-date: /home/chakrapani/drone_files/IITI_SOC/gcs_ws/install/drone_interfaces/share/drone_interfaces/cmake/ament_cmake_export_libraries-extras.cmake
[28.877s] -- Up-to-date: /home/chakrapani/drone_files/IITI_SOC/gcs_ws/install/drone_interfaces/share/drone_interfaces/cmake/ament_cmake_export_targets-extras.cmake
[28.877s] -- Up-to-date: /home/chakrapani/drone_files/IITI_SOC/gcs_ws/install/drone_interfaces/share/drone_interfaces/cmake/rosidl_cmake_export_typesupport_targets-extras.cmake
[28.878s] -- Up-to-date: /home/chakrapani/drone_files/IITI_SOC/gcs_ws/install/drone_interfaces/share/drone_interfaces/cmake/ament_cmake_export_dependencies-extras.cmake
[28.878s] -- Up-to-date: /home/chakrapani/drone_files/IITI_SOC/gcs_ws/install/drone_interfaces/share/drone_interfaces/cmake/rosidl_cmake_export_typesupport_libraries-extras.cmake
[28.878s] -- Up-to-date: /home/chakrapani/drone_files/IITI_SOC/gcs_ws/install/drone_interfaces/share/drone_interfaces/cmake/drone_interfacesConfig.cmake
[28.879s] -- Up-to-date: /home/chakrapani/drone_files/IITI_SOC/gcs_ws/install/drone_interfaces/share/drone_interfaces/cmake/drone_interfacesConfig-version.cmake
[28.879s] -- Installing: /home/chakrapani/drone_files/IITI_SOC/gcs_ws/install/drone_interfaces/share/drone_interfaces/package.xml
[28.896s] Invoked command in '/home/chakrapani/drone_files/IITI_SOC/gcs_ws/build/drone_interfaces' returned '0': CMAKE_PREFIX_PATH=${CMAKE_PREFIX_PATH}:/home/chakrapani/drone_files/IITI_SOC/gcs_ws/install/gcs_controller:/home/chakrapani/drone_files/IITI_SOC/gcs_ws/install/mission_utils:/home/chakrapani/drone_files/IITI_SOC/gcs_ws/install/drone_launch:/home/chakrapani/drone_files/IITI_SOC/gcs_ws/install/drone_2_manager:/home/chakrapani/drone_files/IITI_SOC/gcs_ws/install/drone_1_manager:/home/chakrapani/octomap_ws/install/px4_odometry_converter:/home/chakrapani/octomap_ws/install/px4_localization:/opt/ros/humble /usr/bin/cmake --install /home/chakrapani/drone_files/IITI_SOC/gcs_ws/build/drone_interfaces
