[0.765s] Invoking command in '/home/bhav/IITISoC-25-IVR09/gcs_ws/src/drone_1_manager': CMAKE_PREFIX_PATH=/home/bhav/IITISoC-25-IVR09/gcs_ws/install/drone_interfaces:/home/bhav/px4_ros2_ws/install/px4_msgs LD_LIBRARY_PATH=/home/bhav/IITISoC-25-IVR09/gcs_ws/install/drone_interfaces/lib:/home/bhav/px4_ros2_ws/install/px4_msgs/lib:/usr/local/lib:/usr/lib/x86_64-linux-gnu/gazebo-11/plugins:/opt/ros/humble/opt/rviz_ogre_vendor/lib:/opt/ros/humble/lib/x86_64-linux-gnu:/opt/ros/humble/lib:/home/bhav/natnetsdk/lib PYTHONPATH=/home/bhav/IITISoC-25-IVR09/gcs_ws/build/drone_1_manager/prefix_override:/home/bhav/.local/lib/python3.10/site-packages/colcon_core/task/python/colcon_distutils_commands:/home/bhav/IITISoC-25-IVR09/gcs_ws/install/drone_1_manager/lib/python3.10/site-packages:${PYTHONPATH} /usr/bin/python3 -W ignore:setup.py install is deprecated -W ignore:easy_install command is deprecated setup.py egg_info --egg-base ../../build/drone_1_manager build --build-base /home/bhav/IITISoC-25-IVR09/gcs_ws/build/drone_1_manager/build install --record /home/bhav/IITISoC-25-IVR09/gcs_ws/build/drone_1_manager/install.log --single-version-externally-managed install_data
[0.924s] running egg_info
[0.925s] writing ../../build/drone_1_manager/drone_1_manager.egg-info/PKG-INFO
[0.925s] writing dependency_links to ../../build/drone_1_manager/drone_1_manager.egg-info/dependency_links.txt
[0.925s] writing entry points to ../../build/drone_1_manager/drone_1_manager.egg-info/entry_points.txt
[0.925s] writing requirements to ../../build/drone_1_manager/drone_1_manager.egg-info/requires.txt
[0.925s] writing top-level names to ../../build/drone_1_manager/drone_1_manager.egg-info/top_level.txt
[0.926s] reading manifest file '../../build/drone_1_manager/drone_1_manager.egg-info/SOURCES.txt'
[0.927s] writing manifest file '../../build/drone_1_manager/drone_1_manager.egg-info/SOURCES.txt'
[0.927s] running build
[0.927s] running build_py
[0.927s] copying drone_1_manager/recharge_node.py -> /home/bhav/IITISoC-25-IVR09/gcs_ws/build/drone_1_manager/build/lib/drone_1_manager
[0.927s] running install
[0.928s] running install_lib
[0.929s] copying /home/bhav/IITISoC-25-IVR09/gcs_ws/build/drone_1_manager/build/lib/drone_1_manager/recharge_node.py -> /home/bhav/IITISoC-25-IVR09/gcs_ws/install/drone_1_manager/lib/python3.10/site-packages/drone_1_manager
[0.930s] byte-compiling /home/bhav/IITISoC-25-IVR09/gcs_ws/install/drone_1_manager/lib/python3.10/site-packages/drone_1_manager/recharge_node.py to recharge_node.cpython-310.pyc
[0.932s] running install_data
[0.932s] running install_egg_info
[0.934s] removing '/home/bhav/IITISoC-25-IVR09/gcs_ws/install/drone_1_manager/lib/python3.10/site-packages/drone_1_manager-0.0.0-py3.10.egg-info' (and everything under it)
[0.934s] Copying ../../build/drone_1_manager/drone_1_manager.egg-info to /home/bhav/IITISoC-25-IVR09/gcs_ws/install/drone_1_manager/lib/python3.10/site-packages/drone_1_manager-0.0.0-py3.10.egg-info
[0.934s] running install_scripts
[0.951s] Installing geotagging_node script to /home/bhav/IITISoC-25-IVR09/gcs_ws/install/drone_1_manager/lib/drone_1_manager
[0.951s] Installing mission_handler_node script to /home/bhav/IITISoC-25-IVR09/gcs_ws/install/drone_1_manager/lib/drone_1_manager
[0.951s] Installing offboard_controller_node script to /home/bhav/IITISoC-25-IVR09/gcs_ws/install/drone_1_manager/lib/drone_1_manager
[0.951s] Installing recharge_node script to /home/bhav/IITISoC-25-IVR09/gcs_ws/install/drone_1_manager/lib/drone_1_manager
[0.951s] Installing status_publisher_node script to /home/bhav/IITISoC-25-IVR09/gcs_ws/install/drone_1_manager/lib/drone_1_manager
[0.952s] Installing water_level script to /home/bhav/IITISoC-25-IVR09/gcs_ws/install/drone_1_manager/lib/drone_1_manager
[0.952s] writing list of installed files to '/home/bhav/IITISoC-25-IVR09/gcs_ws/build/drone_1_manager/install.log'
[0.986s] Invoked command in '/home/bhav/IITISoC-25-IVR09/gcs_ws/src/drone_1_manager' returned '0': CMAKE_PREFIX_PATH=/home/bhav/IITISoC-25-IVR09/gcs_ws/install/drone_interfaces:/home/bhav/px4_ros2_ws/install/px4_msgs LD_LIBRARY_PATH=/home/bhav/IITISoC-25-IVR09/gcs_ws/install/drone_interfaces/lib:/home/bhav/px4_ros2_ws/install/px4_msgs/lib:/usr/local/lib:/usr/lib/x86_64-linux-gnu/gazebo-11/plugins:/opt/ros/humble/opt/rviz_ogre_vendor/lib:/opt/ros/humble/lib/x86_64-linux-gnu:/opt/ros/humble/lib:/home/bhav/natnetsdk/lib PYTHONPATH=/home/bhav/IITISoC-25-IVR09/gcs_ws/build/drone_1_manager/prefix_override:/home/bhav/.local/lib/python3.10/site-packages/colcon_core/task/python/colcon_distutils_commands:/home/bhav/IITISoC-25-IVR09/gcs_ws/install/drone_1_manager/lib/python3.10/site-packages:${PYTHONPATH} /usr/bin/python3 -W ignore:setup.py install is deprecated -W ignore:easy_install command is deprecated setup.py egg_info --egg-base ../../build/drone_1_manager build --build-base /home/bhav/IITISoC-25-IVR09/gcs_ws/build/drone_1_manager/build install --record /home/bhav/IITISoC-25-IVR09/gcs_ws/build/drone_1_manager/install.log --single-version-externally-managed install_data
