[0.036s] Invoking command in '/home/bhav/IITISoC-25-IVR09/build/drone_interfaces': CMAKE_PREFIX_PATH=${CMAKE_PREFIX_PATH}:/home/bhav/IITISoC-25-IVR09/install/gcs_controller:/home/bhav/IITISoC-25-IVR09/install/mission_utils:/home/bhav/IITISoC-25-IVR09/install/drone_launch:/home/bhav/IITISoC-25-IVR09/install/drone_2_manager:/home/bhav/IITISoC-25-IVR09/install/drone_1_manager:/opt/ros/humble /usr/bin/cmake --build /home/bhav/IITISoC-25-IVR09/build/drone_interfaces -- -j12 -l12
[0.256s] -- Found ament_cmake: 1.3.11 (/opt/ros/humble/share/ament_cmake/cmake)
[0.256s] -- Found rosidl_default_generators: 1.2.0 (/opt/ros/humble/share/rosidl_default_generators/cmake)
[0.256s] -- Using all available rosidl_typesupport_c: rosidl_typesupport_fastrtps_c;rosidl_typesupport_introspection_c
[0.257s] -- Found rosidl_adapter: 3.1.6 (/opt/ros/humble/share/rosidl_adapter/cmake)
[0.257s] -- Using all available rosidl_typesupport_cpp: rosidl_typesupport_fastrtps_cpp;rosidl_typesupport_introspection_cpp
[0.257s] -- Found ament_lint_auto: 0.12.12 (/opt/ros/humble/share/ament_lint_auto/cmake)
[0.488s] -- Found ament_cmake_ros: 0.10.0 (/opt/ros/humble/share/ament_cmake_ros/cmake)
[0.650s] -- Using all available rosidl_typesupport_c: rosidl_typesupport_fastrtps_c;rosidl_typesupport_introspection_c
[0.921s] -- Using all available rosidl_typesupport_cpp: rosidl_typesupport_fastrtps_cpp;rosidl_typesupport_introspection_cpp
[0.940s] -- Found python_cmake_module: 0.10.0 (/opt/ros/humble/share/python_cmake_module/cmake)
[0.961s] -- Using PYTHON_EXECUTABLE: /usr/bin/python3
[0.961s] -- Using PYTHON_INCLUDE_DIRS: /usr/include/python3.10
[0.961s] -- Using PYTHON_LIBRARIES: /usr/lib/x86_64-linux-gnu/libpython3.10.so
[0.979s] -- Added test 'lint_cmake' to check CMake code style
[0.981s] -- Added test 'xmllint' to check XML markup files
[0.983s] -- Configuring done
[1.017s] -- Generating done
[1.027s] -- Build files have been written to: /home/bhav/IITISoC-25-IVR09/build/drone_interfaces
[1.053s] [  1%] [34m[1mGenerating C code for ROS interfaces[0m
[1.070s] [  1%] [34m[1mGenerating C++ code for ROS interfaces[0m
[1.076s] [  1%] Built target ament_cmake_python_copy_drone_interfaces
[1.271s] running egg_info
[1.272s] writing drone_interfaces.egg-info/PKG-INFO
[1.272s] writing dependency_links to drone_interfaces.egg-info/dependency_links.txt
[1.272s] writing top-level names to drone_interfaces.egg-info/top_level.txt
[1.274s] reading manifest file 'drone_interfaces.egg-info/SOURCES.txt'
[1.274s] writing manifest file 'drone_interfaces.egg-info/SOURCES.txt'
[1.300s] [  1%] Built target ament_cmake_python_build_drone_interfaces_egg
[1.710s] [35m[1mConsolidate compiler generated dependencies of target drone_interfaces__rosidl_generator_c[0m
[1.724s] [  2%] [32mBuilding C object CMakeFiles/drone_interfaces__rosidl_generator_c.dir/rosidl_generator_c/drone_interfaces/msg/detail/waypoint_request__functions.c.o[0m
[1.726s] [  3%] [32mBuilding C object CMakeFiles/drone_interfaces__rosidl_generator_c.dir/rosidl_generator_c/drone_interfaces/msg/detail/drone_status__functions.c.o[0m
[1.730s] [  4%] [32mBuilding C object CMakeFiles/drone_interfaces__rosidl_generator_c.dir/rosidl_generator_c/drone_interfaces/msg/detail/waypoint__functions.c.o[0m
[1.730s] [  4%] [32mBuilding C object CMakeFiles/drone_interfaces__rosidl_generator_c.dir/rosidl_generator_c/drone_interfaces/msg/detail/waypoint_array__functions.c.o[0m
[1.730s] [  5%] [32mBuilding C object CMakeFiles/drone_interfaces__rosidl_generator_c.dir/rosidl_generator_c/drone_interfaces/msg/detail/drone_status_update__functions.c.o[0m
[1.730s] [  6%] [32mBuilding C object CMakeFiles/drone_interfaces__rosidl_generator_c.dir/rosidl_generator_c/drone_interfaces/msg/detail/waypoint_visited__functions.c.o[0m
[1.734s] [  7%] [32mBuilding C object CMakeFiles/drone_interfaces__rosidl_generator_c.dir/rosidl_generator_c/drone_interfaces/msg/detail/geotag__functions.c.o[0m
[1.737s] [  7%] [32mBuilding C object CMakeFiles/drone_interfaces__rosidl_generator_c.dir/rosidl_generator_c/drone_interfaces/msg/detail/drone_type_change__functions.c.o[0m
[1.741s] [  8%] [32mBuilding C object CMakeFiles/drone_interfaces__rosidl_generator_c.dir/rosidl_generator_c/drone_interfaces/msg/detail/geotag_array__functions.c.o[0m
[1.749s] [  9%] [32mBuilding C object CMakeFiles/drone_interfaces__rosidl_generator_c.dir/rosidl_generator_c/drone_interfaces/msg/detail/geotag_request__functions.c.o[0m
[1.762s] [ 10%] [32mBuilding C object CMakeFiles/drone_interfaces__rosidl_generator_c.dir/rosidl_generator_c/drone_interfaces/msg/detail/geotag_visited__functions.c.o[0m
[1.789s] [ 10%] [32mBuilding C object CMakeFiles/drone_interfaces__rosidl_generator_c.dir/rosidl_generator_c/drone_interfaces/msg/detail/surveillance_status__functions.c.o[0m
[1.792s] [ 11%] [32mBuilding C object CMakeFiles/drone_interfaces__rosidl_generator_c.dir/rosidl_generator_c/drone_interfaces/srv/detail/get_severity_score__functions.c.o[0m
[1.852s] [ 11%] Built target drone_interfaces__cpp
[1.861s] [ 13%] [34m[1mGenerating C++ type support for eProsima Fast-RTPS[0m
[1.861s] [ 13%] [34m[1mGenerating C++ introspection for ROS interfaces[0m
[1.862s] [ 13%] [34m[1mGenerating C++ type support dispatch for ROS interfaces[0m
[1.870s] [ 14%] [32m[1mLinking C shared library libdrone_interfaces__rosidl_generator_c.so[0m
[1.908s] [ 14%] Built target drone_interfaces__rosidl_generator_c
[1.918s] [ 15%] [34m[1mGenerating C introspection for ROS interfaces[0m
[1.923s] [ 17%] [34m[1mGenerating C type support for eProsima Fast-RTPS[0m
[1.923s] [ 17%] [34m[1mGenerating C type support dispatch for ROS interfaces[0m
[2.210s] [35m[1mConsolidate compiler generated dependencies of target drone_interfaces__rosidl_typesupport_cpp[0m
[2.231s] [ 18%] [32mBuilding CXX object CMakeFiles/drone_interfaces__rosidl_typesupport_cpp.dir/rosidl_typesupport_cpp/drone_interfaces/msg/waypoint__type_support.cpp.o[0m
[2.231s] [ 19%] [32mBuilding CXX object CMakeFiles/drone_interfaces__rosidl_typesupport_cpp.dir/rosidl_typesupport_cpp/drone_interfaces/msg/waypoint_array__type_support.cpp.o[0m
[2.231s] [ 20%] [32mBuilding CXX object CMakeFiles/drone_interfaces__rosidl_typesupport_cpp.dir/rosidl_typesupport_cpp/drone_interfaces/msg/waypoint_request__type_support.cpp.o[0m
[2.232s] [ 21%] [32mBuilding CXX object CMakeFiles/drone_interfaces__rosidl_typesupport_cpp.dir/rosidl_typesupport_cpp/drone_interfaces/msg/waypoint_visited__type_support.cpp.o[0m
[2.239s] [ 21%] [32mBuilding CXX object CMakeFiles/drone_interfaces__rosidl_typesupport_cpp.dir/rosidl_typesupport_cpp/drone_interfaces/msg/drone_status__type_support.cpp.o[0m
[2.240s] [ 22%] [32mBuilding CXX object CMakeFiles/drone_interfaces__rosidl_typesupport_cpp.dir/rosidl_typesupport_cpp/drone_interfaces/msg/drone_status_update__type_support.cpp.o[0m
[2.249s] [ 23%] [32mBuilding CXX object CMakeFiles/drone_interfaces__rosidl_typesupport_cpp.dir/rosidl_typesupport_cpp/drone_interfaces/msg/drone_type_change__type_support.cpp.o[0m
[2.467s] [35m[1mConsolidate compiler generated dependencies of target drone_interfaces__rosidl_typesupport_c[0m
[2.486s] [ 23%] [32mBuilding CXX object CMakeFiles/drone_interfaces__rosidl_typesupport_c.dir/rosidl_typesupport_c/drone_interfaces/msg/waypoint__type_support.cpp.o[0m
[2.545s] [ 24%] [32mBuilding CXX object CMakeFiles/drone_interfaces__rosidl_typesupport_c.dir/rosidl_typesupport_c/drone_interfaces/msg/waypoint_array__type_support.cpp.o[0m
[2.571s] [ 25%] [32mBuilding CXX object CMakeFiles/drone_interfaces__rosidl_typesupport_c.dir/rosidl_typesupport_c/drone_interfaces/msg/drone_status__type_support.cpp.o[0m
[2.571s] [ 25%] [32mBuilding CXX object CMakeFiles/drone_interfaces__rosidl_typesupport_cpp.dir/rosidl_typesupport_cpp/drone_interfaces/msg/geotag__type_support.cpp.o[0m
[2.578s] [ 26%] [32mBuilding CXX object CMakeFiles/drone_interfaces__rosidl_typesupport_cpp.dir/rosidl_typesupport_cpp/drone_interfaces/msg/geotag_array__type_support.cpp.o[0m
[2.578s] [ 27%] [32mBuilding CXX object CMakeFiles/drone_interfaces__rosidl_typesupport_c.dir/rosidl_typesupport_c/drone_interfaces/msg/waypoint_request__type_support.cpp.o[0m
[2.591s] [ 28%] [32mBuilding CXX object CMakeFiles/drone_interfaces__rosidl_typesupport_cpp.dir/rosidl_typesupport_cpp/drone_interfaces/msg/geotag_request__type_support.cpp.o[0m
[2.613s] [ 29%] [32mBuilding CXX object CMakeFiles/drone_interfaces__rosidl_typesupport_c.dir/rosidl_typesupport_c/drone_interfaces/msg/waypoint_visited__type_support.cpp.o[0m
[2.614s] [ 30%] [32mBuilding CXX object CMakeFiles/drone_interfaces__rosidl_typesupport_cpp.dir/rosidl_typesupport_cpp/drone_interfaces/msg/geotag_visited__type_support.cpp.o[0m
[2.624s] [ 31%] [32mBuilding CXX object CMakeFiles/drone_interfaces__rosidl_typesupport_cpp.dir/rosidl_typesupport_cpp/drone_interfaces/msg/surveillance_status__type_support.cpp.o[0m
[2.643s] [ 31%] [32mBuilding CXX object CMakeFiles/drone_interfaces__rosidl_typesupport_cpp.dir/rosidl_typesupport_cpp/drone_interfaces/srv/get_severity_score__type_support.cpp.o[0m
[2.657s] [35m[1mConsolidate compiler generated dependencies of target drone_interfaces__rosidl_typesupport_introspection_cpp[0m
[2.663s] [ 31%] [32mBuilding CXX object CMakeFiles/drone_interfaces__rosidl_typesupport_c.dir/rosidl_typesupport_c/drone_interfaces/msg/drone_status_update__type_support.cpp.o[0m
[2.681s] [ 32%] [32mBuilding CXX object CMakeFiles/drone_interfaces__rosidl_typesupport_introspection_cpp.dir/rosidl_typesupport_introspection_cpp/drone_interfaces/msg/detail/waypoint__type_support.cpp.o[0m
[2.691s] [ 33%] [32mBuilding CXX object CMakeFiles/drone_interfaces__rosidl_typesupport_c.dir/rosidl_typesupport_c/drone_interfaces/msg/drone_type_change__type_support.cpp.o[0m
[2.701s] [ 34%] [32mBuilding CXX object CMakeFiles/drone_interfaces__rosidl_typesupport_c.dir/rosidl_typesupport_c/drone_interfaces/msg/geotag__type_support.cpp.o[0m
[2.749s] [ 35%] [32mBuilding CXX object CMakeFiles/drone_interfaces__rosidl_typesupport_introspection_cpp.dir/rosidl_typesupport_introspection_cpp/drone_interfaces/msg/detail/waypoint_array__type_support.cpp.o[0m
[2.768s] [ 36%] [32mBuilding CXX object CMakeFiles/drone_interfaces__rosidl_typesupport_c.dir/rosidl_typesupport_c/drone_interfaces/msg/geotag_array__type_support.cpp.o[0m
[2.777s] [35m[1mConsolidate compiler generated dependencies of target drone_interfaces__rosidl_typesupport_fastrtps_cpp[0m
[2.813s] [ 37%] [32mBuilding CXX object CMakeFiles/drone_interfaces__rosidl_typesupport_fastrtps_cpp.dir/rosidl_typesupport_fastrtps_cpp/drone_interfaces/msg/detail/dds_fastrtps/waypoint__type_support.cpp.o[0m
[2.826s] [ 38%] [32mBuilding CXX object CMakeFiles/drone_interfaces__rosidl_typesupport_c.dir/rosidl_typesupport_c/drone_interfaces/msg/geotag_request__type_support.cpp.o[0m
[2.867s] [ 38%] [32mBuilding CXX object CMakeFiles/drone_interfaces__rosidl_typesupport_c.dir/rosidl_typesupport_c/drone_interfaces/msg/geotag_visited__type_support.cpp.o[0m
[2.918s] [ 40%] [32mBuilding CXX object CMakeFiles/drone_interfaces__rosidl_typesupport_c.dir/rosidl_typesupport_c/drone_interfaces/msg/surveillance_status__type_support.cpp.o[0m
[2.918s] [ 40%] [32mBuilding CXX object CMakeFiles/drone_interfaces__rosidl_typesupport_c.dir/rosidl_typesupport_c/drone_interfaces/srv/get_severity_score__type_support.cpp.o[0m
[2.921s] [ 41%] [32mBuilding CXX object CMakeFiles/drone_interfaces__rosidl_typesupport_introspection_cpp.dir/rosidl_typesupport_introspection_cpp/drone_interfaces/msg/detail/drone_status__type_support.cpp.o[0m
[2.970s] [ 42%] [32mBuilding CXX object CMakeFiles/drone_interfaces__rosidl_typesupport_fastrtps_cpp.dir/rosidl_typesupport_fastrtps_cpp/drone_interfaces/msg/detail/dds_fastrtps/waypoint_array__type_support.cpp.o[0m
[2.974s] [ 43%] [32m[1mLinking CXX shared library libdrone_interfaces__rosidl_typesupport_c.so[0m
[2.998s] [ 44%] [32mBuilding CXX object CMakeFiles/drone_interfaces__rosidl_typesupport_fastrtps_cpp.dir/rosidl_typesupport_fastrtps_cpp/drone_interfaces/msg/detail/dds_fastrtps/drone_status__type_support.cpp.o[0m
[2.998s] [ 45%] [32mBuilding CXX object CMakeFiles/drone_interfaces__rosidl_typesupport_introspection_cpp.dir/rosidl_typesupport_introspection_cpp/drone_interfaces/msg/detail/waypoint_request__type_support.cpp.o[0m
[3.012s] [ 45%] [32mBuilding CXX object CMakeFiles/drone_interfaces__rosidl_typesupport_introspection_cpp.dir/rosidl_typesupport_introspection_cpp/drone_interfaces/msg/detail/waypoint_visited__type_support.cpp.o[0m
[3.034s] [ 45%] Built target drone_interfaces__rosidl_typesupport_c
[3.043s] [ 46%] [32m[1mLinking CXX shared library libdrone_interfaces__rosidl_typesupport_cpp.so[0m
[3.044s] [ 46%] [32mBuilding CXX object CMakeFiles/drone_interfaces__rosidl_typesupport_fastrtps_cpp.dir/rosidl_typesupport_fastrtps_cpp/drone_interfaces/msg/detail/dds_fastrtps/waypoint_request__type_support.cpp.o[0m
[3.127s] [ 46%] Built target drone_interfaces__rosidl_typesupport_cpp
[3.151s] [ 47%] [32mBuilding CXX object CMakeFiles/drone_interfaces__rosidl_typesupport_introspection_cpp.dir/rosidl_typesupport_introspection_cpp/drone_interfaces/msg/detail/drone_status_update__type_support.cpp.o[0m
[3.162s] [35m[1mConsolidate compiler generated dependencies of target drone_interfaces__rosidl_typesupport_fastrtps_c[0m
[3.176s] [35m[1mConsolidate compiler generated dependencies of target drone_interfaces__rosidl_typesupport_introspection_c[0m
[3.190s] [ 48%] [32mBuilding CXX object CMakeFiles/drone_interfaces__rosidl_typesupport_fastrtps_c.dir/rosidl_typesupport_fastrtps_c/drone_interfaces/msg/detail/waypoint__type_support_c.cpp.o[0m
[3.213s] [ 49%] [32mBuilding C object CMakeFiles/drone_interfaces__rosidl_typesupport_introspection_c.dir/rosidl_typesupport_introspection_c/drone_interfaces/msg/detail/waypoint__type_support.c.o[0m
[3.256s] [ 50%] [32mBuilding C object CMakeFiles/drone_interfaces__rosidl_typesupport_introspection_c.dir/rosidl_typesupport_introspection_c/drone_interfaces/msg/detail/waypoint_array__type_support.c.o[0m
[3.306s] [ 50%] [32mBuilding C object CMakeFiles/drone_interfaces__rosidl_typesupport_introspection_c.dir/rosidl_typesupport_introspection_c/drone_interfaces/msg/detail/drone_status__type_support.c.o[0m
[3.355s] [ 51%] [32mBuilding C object CMakeFiles/drone_interfaces__rosidl_typesupport_introspection_c.dir/rosidl_typesupport_introspection_c/drone_interfaces/msg/detail/waypoint_visited__type_support.c.o[0m
[3.359s] [ 52%] [32mBuilding C object CMakeFiles/drone_interfaces__rosidl_typesupport_introspection_c.dir/rosidl_typesupport_introspection_c/drone_interfaces/msg/detail/waypoint_request__type_support.c.o[0m
[3.402s] [ 53%] [32mBuilding CXX object CMakeFiles/drone_interfaces__rosidl_typesupport_fastrtps_cpp.dir/rosidl_typesupport_fastrtps_cpp/drone_interfaces/msg/detail/dds_fastrtps/waypoint_visited__type_support.cpp.o[0m
[3.424s] [ 54%] [32mBuilding C object CMakeFiles/drone_interfaces__rosidl_typesupport_introspection_c.dir/rosidl_typesupport_introspection_c/drone_interfaces/msg/detail/drone_status_update__type_support.c.o[0m
[3.450s] [ 55%] [32mBuilding CXX object CMakeFiles/drone_interfaces__rosidl_typesupport_introspection_cpp.dir/rosidl_typesupport_introspection_cpp/drone_interfaces/msg/detail/drone_type_change__type_support.cpp.o[0m
[3.453s] [ 56%] [32mBuilding CXX object CMakeFiles/drone_interfaces__rosidl_typesupport_fastrtps_cpp.dir/rosidl_typesupport_fastrtps_cpp/drone_interfaces/msg/detail/dds_fastrtps/drone_status_update__type_support.cpp.o[0m
[3.495s] [ 57%] [32mBuilding C object CMakeFiles/drone_interfaces__rosidl_typesupport_introspection_c.dir/rosidl_typesupport_introspection_c/drone_interfaces/msg/detail/drone_type_change__type_support.c.o[0m
[3.506s] [ 57%] [32mBuilding CXX object CMakeFiles/drone_interfaces__rosidl_typesupport_fastrtps_c.dir/rosidl_typesupport_fastrtps_c/drone_interfaces/msg/detail/waypoint_array__type_support_c.cpp.o[0m
[3.541s] [ 58%] [32mBuilding CXX object CMakeFiles/drone_interfaces__rosidl_typesupport_introspection_cpp.dir/rosidl_typesupport_introspection_cpp/drone_interfaces/msg/detail/geotag__type_support.cpp.o[0m
[3.557s] [ 58%] [32mBuilding C object CMakeFiles/drone_interfaces__rosidl_typesupport_introspection_c.dir/rosidl_typesupport_introspection_c/drone_interfaces/msg/detail/geotag__type_support.c.o[0m
[3.596s] [ 59%] [32mBuilding CXX object CMakeFiles/drone_interfaces__rosidl_typesupport_introspection_cpp.dir/rosidl_typesupport_introspection_cpp/drone_interfaces/msg/detail/geotag_array__type_support.cpp.o[0m
[3.596s] [ 60%] [32mBuilding CXX object CMakeFiles/drone_interfaces__rosidl_typesupport_fastrtps_cpp.dir/rosidl_typesupport_fastrtps_cpp/drone_interfaces/msg/detail/dds_fastrtps/drone_type_change__type_support.cpp.o[0m
[3.601s] [ 61%] [32mBuilding CXX object CMakeFiles/drone_interfaces__rosidl_typesupport_fastrtps_c.dir/rosidl_typesupport_fastrtps_c/drone_interfaces/msg/detail/drone_status__type_support_c.cpp.o[0m
[3.622s] [ 62%] [32mBuilding C object CMakeFiles/drone_interfaces__rosidl_typesupport_introspection_c.dir/rosidl_typesupport_introspection_c/drone_interfaces/msg/detail/geotag_array__type_support.c.o[0m
[3.668s] [ 63%] [32mBuilding CXX object CMakeFiles/drone_interfaces__rosidl_typesupport_fastrtps_c.dir/rosidl_typesupport_fastrtps_c/drone_interfaces/msg/detail/waypoint_request__type_support_c.cpp.o[0m
[3.698s] [ 63%] [32mBuilding CXX object CMakeFiles/drone_interfaces__rosidl_typesupport_introspection_cpp.dir/rosidl_typesupport_introspection_cpp/drone_interfaces/msg/detail/geotag_request__type_support.cpp.o[0m
[3.706s] [ 64%] [32mBuilding C object CMakeFiles/drone_interfaces__rosidl_typesupport_introspection_c.dir/rosidl_typesupport_introspection_c/drone_interfaces/msg/detail/geotag_request__type_support.c.o[0m
[3.753s] [ 65%] [32mBuilding C object CMakeFiles/drone_interfaces__rosidl_typesupport_introspection_c.dir/rosidl_typesupport_introspection_c/drone_interfaces/msg/detail/geotag_visited__type_support.c.o[0m
[3.794s] [ 66%] [32mBuilding CXX object CMakeFiles/drone_interfaces__rosidl_typesupport_introspection_cpp.dir/rosidl_typesupport_introspection_cpp/drone_interfaces/msg/detail/geotag_visited__type_support.cpp.o[0m
[3.799s] [ 67%] [32mBuilding C object CMakeFiles/drone_interfaces__rosidl_typesupport_introspection_c.dir/rosidl_typesupport_introspection_c/drone_interfaces/msg/detail/surveillance_status__type_support.c.o[0m
[3.882s] [ 67%] [32mBuilding C object CMakeFiles/drone_interfaces__rosidl_typesupport_introspection_c.dir/rosidl_typesupport_introspection_c/drone_interfaces/srv/detail/get_severity_score__type_support.c.o[0m
[3.924s] [ 68%] [32m[1mLinking C shared library libdrone_interfaces__rosidl_typesupport_introspection_c.so[0m
[3.968s] [ 69%] [32mBuilding CXX object CMakeFiles/drone_interfaces__rosidl_typesupport_introspection_cpp.dir/rosidl_typesupport_introspection_cpp/drone_interfaces/msg/detail/surveillance_status__type_support.cpp.o[0m
[3.999s] [ 69%] Built target drone_interfaces__rosidl_typesupport_introspection_c
[4.019s] [ 70%] [32mBuilding CXX object CMakeFiles/drone_interfaces__rosidl_typesupport_fastrtps_c.dir/rosidl_typesupport_fastrtps_c/drone_interfaces/msg/detail/waypoint_visited__type_support_c.cpp.o[0m
[4.029s] [ 71%] [32mBuilding CXX object CMakeFiles/drone_interfaces__rosidl_typesupport_introspection_cpp.dir/rosidl_typesupport_introspection_cpp/drone_interfaces/srv/detail/get_severity_score__type_support.cpp.o[0m
[4.052s] [ 72%] [32mBuilding CXX object CMakeFiles/drone_interfaces__rosidl_typesupport_fastrtps_c.dir/rosidl_typesupport_fastrtps_c/drone_interfaces/msg/detail/drone_status_update__type_support_c.cpp.o[0m
[4.113s] [ 72%] [32mBuilding CXX object CMakeFiles/drone_interfaces__rosidl_typesupport_fastrtps_c.dir/rosidl_typesupport_fastrtps_c/drone_interfaces/msg/detail/drone_type_change__type_support_c.cpp.o[0m
[4.132s] [ 73%] [32mBuilding CXX object CMakeFiles/drone_interfaces__rosidl_typesupport_fastrtps_cpp.dir/rosidl_typesupport_fastrtps_cpp/drone_interfaces/msg/detail/dds_fastrtps/geotag__type_support.cpp.o[0m
[4.164s] [ 73%] [32mBuilding CXX object CMakeFiles/drone_interfaces__rosidl_typesupport_fastrtps_cpp.dir/rosidl_typesupport_fastrtps_cpp/drone_interfaces/msg/detail/dds_fastrtps/geotag_array__type_support.cpp.o[0m
[4.172s] [ 74%] [32mBuilding CXX object CMakeFiles/drone_interfaces__rosidl_typesupport_fastrtps_c.dir/rosidl_typesupport_fastrtps_c/drone_interfaces/msg/detail/geotag__type_support_c.cpp.o[0m
[4.191s] [ 75%] [32mBuilding CXX object CMakeFiles/drone_interfaces__rosidl_typesupport_fastrtps_c.dir/rosidl_typesupport_fastrtps_c/drone_interfaces/msg/detail/geotag_array__type_support_c.cpp.o[0m
[4.239s] [ 76%] [32mBuilding CXX object CMakeFiles/drone_interfaces__rosidl_typesupport_fastrtps_c.dir/rosidl_typesupport_fastrtps_c/drone_interfaces/msg/detail/geotag_request__type_support_c.cpp.o[0m
[4.267s] [ 77%] [32mBuilding CXX object CMakeFiles/drone_interfaces__rosidl_typesupport_fastrtps_cpp.dir/rosidl_typesupport_fastrtps_cpp/drone_interfaces/msg/detail/dds_fastrtps/geotag_request__type_support.cpp.o[0m
[4.488s] [ 78%] [32mBuilding CXX object CMakeFiles/drone_interfaces__rosidl_typesupport_fastrtps_cpp.dir/rosidl_typesupport_fastrtps_cpp/drone_interfaces/msg/detail/dds_fastrtps/geotag_visited__type_support.cpp.o[0m
[4.556s] [ 79%] [32mBuilding CXX object CMakeFiles/drone_interfaces__rosidl_typesupport_fastrtps_cpp.dir/rosidl_typesupport_fastrtps_cpp/drone_interfaces/msg/detail/dds_fastrtps/surveillance_status__type_support.cpp.o[0m
[4.572s] [ 80%] [32mBuilding CXX object CMakeFiles/drone_interfaces__rosidl_typesupport_fastrtps_c.dir/rosidl_typesupport_fastrtps_c/drone_interfaces/msg/detail/geotag_visited__type_support_c.cpp.o[0m
[4.608s] [ 80%] [32mBuilding CXX object CMakeFiles/drone_interfaces__rosidl_typesupport_fastrtps_c.dir/rosidl_typesupport_fastrtps_c/drone_interfaces/msg/detail/surveillance_status__type_support_c.cpp.o[0m
[4.626s] [ 81%] [32mBuilding CXX object CMakeFiles/drone_interfaces__rosidl_typesupport_fastrtps_c.dir/rosidl_typesupport_fastrtps_c/drone_interfaces/srv/detail/get_severity_score__type_support_c.cpp.o[0m
[4.630s] [ 82%] [32m[1mLinking CXX shared library libdrone_interfaces__rosidl_typesupport_introspection_cpp.so[0m
[4.642s] [ 83%] [32mBuilding CXX object CMakeFiles/drone_interfaces__rosidl_typesupport_fastrtps_cpp.dir/rosidl_typesupport_fastrtps_cpp/drone_interfaces/srv/detail/dds_fastrtps/get_severity_score__type_support.cpp.o[0m
[4.808s] [ 83%] Built target drone_interfaces__rosidl_typesupport_introspection_cpp
[5.041s] [ 84%] [32m[1mLinking CXX shared library libdrone_interfaces__rosidl_typesupport_fastrtps_c.so[0m
[5.069s] [ 84%] [32m[1mLinking CXX shared library libdrone_interfaces__rosidl_typesupport_fastrtps_cpp.so[0m
[5.124s] [ 84%] Built target drone_interfaces__rosidl_typesupport_fastrtps_c
[5.154s] [ 84%] Built target drone_interfaces__rosidl_typesupport_fastrtps_cpp
[5.177s] [ 84%] Built target drone_interfaces
[5.214s] [ 85%] [34m[1mGenerating Python code for ROS interfaces[0m
[6.120s] [ 85%] Built target drone_interfaces__py
[6.131s] [35m[1mConsolidate compiler generated dependencies of target drone_interfaces__rosidl_generator_py[0m
[6.151s] [ 86%] [32mBuilding C object CMakeFiles/drone_interfaces__rosidl_generator_py.dir/rosidl_generator_py/drone_interfaces/msg/_waypoint_s.c.o[0m
[6.152s] [ 87%] [32mBuilding C object CMakeFiles/drone_interfaces__rosidl_generator_py.dir/rosidl_generator_py/drone_interfaces/msg/_waypoint_request_s.c.o[0m
[6.152s] [ 88%] [32mBuilding C object CMakeFiles/drone_interfaces__rosidl_generator_py.dir/rosidl_generator_py/drone_interfaces/msg/_drone_status_s.c.o[0m
[6.153s] [ 89%] [32mBuilding C object CMakeFiles/drone_interfaces__rosidl_generator_py.dir/rosidl_generator_py/drone_interfaces/msg/_geotag_s.c.o[0m
[6.154s] [ 89%] [32mBuilding C object CMakeFiles/drone_interfaces__rosidl_generator_py.dir/rosidl_generator_py/drone_interfaces/msg/_waypoint_array_s.c.o[0m
[6.154s] [ 90%] [32mBuilding C object CMakeFiles/drone_interfaces__rosidl_generator_py.dir/rosidl_generator_py/drone_interfaces/msg/_waypoint_visited_s.c.o[0m
[6.154s] [ 91%] [32mBuilding C object CMakeFiles/drone_interfaces__rosidl_generator_py.dir/rosidl_generator_py/drone_interfaces/msg/_geotag_array_s.c.o[0m
[6.157s] [ 92%] [32mBuilding C object CMakeFiles/drone_interfaces__rosidl_generator_py.dir/rosidl_generator_py/drone_interfaces/msg/_drone_status_update_s.c.o[0m
[6.157s] [ 93%] [32mBuilding C object CMakeFiles/drone_interfaces__rosidl_generator_py.dir/rosidl_generator_py/drone_interfaces/msg/_geotag_request_s.c.o[0m
[6.158s] [ 93%] [32mBuilding C object CMakeFiles/drone_interfaces__rosidl_generator_py.dir/rosidl_generator_py/drone_interfaces/msg/_drone_type_change_s.c.o[0m
[6.167s] [ 93%] [32mBuilding C object CMakeFiles/drone_interfaces__rosidl_generator_py.dir/rosidl_generator_py/drone_interfaces/msg/_surveillance_status_s.c.o[0m
[6.170s] [ 94%] [32mBuilding C object CMakeFiles/drone_interfaces__rosidl_generator_py.dir/rosidl_generator_py/drone_interfaces/msg/_geotag_visited_s.c.o[0m
[6.277s] [ 95%] [32mBuilding C object CMakeFiles/drone_interfaces__rosidl_generator_py.dir/rosidl_generator_py/drone_interfaces/srv/_get_severity_score_s.c.o[0m
[6.355s] [ 96%] [32m[1mLinking C shared library rosidl_generator_py/drone_interfaces/libdrone_interfaces__rosidl_generator_py.so[0m
[6.408s] [ 96%] Built target drone_interfaces__rosidl_generator_py
[6.431s] [35m[1mConsolidate compiler generated dependencies of target drone_interfaces__rosidl_typesupport_c__pyext[0m
[6.431s] [35m[1mConsolidate compiler generated dependencies of target drone_interfaces__rosidl_typesupport_fastrtps_c__pyext[0m
[6.435s] [35m[1mConsolidate compiler generated dependencies of target drone_interfaces__rosidl_typesupport_introspection_c__pyext[0m
[6.459s] [ 97%] [32mBuilding C object CMakeFiles/drone_interfaces__rosidl_typesupport_c__pyext.dir/rosidl_generator_py/drone_interfaces/_drone_interfaces_s.ep.rosidl_typesupport_c.c.o[0m
[6.461s] [ 98%] [32mBuilding C object CMakeFiles/drone_interfaces__rosidl_typesupport_introspection_c__pyext.dir/rosidl_generator_py/drone_interfaces/_drone_interfaces_s.ep.rosidl_typesupport_introspection_c.c.o[0m
[6.461s] [ 99%] [32mBuilding C object CMakeFiles/drone_interfaces__rosidl_typesupport_fastrtps_c__pyext.dir/rosidl_generator_py/drone_interfaces/_drone_interfaces_s.ep.rosidl_typesupport_fastrtps_c.c.o[0m
[6.562s] [ 99%] [32m[1mLinking C shared library rosidl_generator_py/drone_interfaces/drone_interfaces_s__rosidl_typesupport_c.cpython-310-x86_64-linux-gnu.so[0m
[6.563s] [ 99%] [32m[1mLinking C shared library rosidl_generator_py/drone_interfaces/drone_interfaces_s__rosidl_typesupport_fastrtps_c.cpython-310-x86_64-linux-gnu.so[0m
[6.583s] [100%] [32m[1mLinking C shared library rosidl_generator_py/drone_interfaces/drone_interfaces_s__rosidl_typesupport_introspection_c.cpython-310-x86_64-linux-gnu.so[0m
[6.591s] [100%] Built target drone_interfaces__rosidl_typesupport_c__pyext
[6.596s] [100%] Built target drone_interfaces__rosidl_typesupport_fastrtps_c__pyext
[6.613s] [100%] Built target drone_interfaces__rosidl_typesupport_introspection_c__pyext
[6.627s] Invoked command in '/home/bhav/IITISoC-25-IVR09/build/drone_interfaces' returned '0': CMAKE_PREFIX_PATH=${CMAKE_PREFIX_PATH}:/home/bhav/IITISoC-25-IVR09/install/gcs_controller:/home/bhav/IITISoC-25-IVR09/install/mission_utils:/home/bhav/IITISoC-25-IVR09/install/drone_launch:/home/bhav/IITISoC-25-IVR09/install/drone_2_manager:/home/bhav/IITISoC-25-IVR09/install/drone_1_manager:/opt/ros/humble /usr/bin/cmake --build /home/bhav/IITISoC-25-IVR09/build/drone_interfaces -- -j12 -l12
[6.638s] Invoking command in '/home/bhav/IITISoC-25-IVR09/build/drone_interfaces': CMAKE_PREFIX_PATH=${CMAKE_PREFIX_PATH}:/home/bhav/IITISoC-25-IVR09/install/gcs_controller:/home/bhav/IITISoC-25-IVR09/install/mission_utils:/home/bhav/IITISoC-25-IVR09/install/drone_launch:/home/bhav/IITISoC-25-IVR09/install/drone_2_manager:/home/bhav/IITISoC-25-IVR09/install/drone_1_manager:/opt/ros/humble /usr/bin/cmake --install /home/bhav/IITISoC-25-IVR09/build/drone_interfaces
[6.645s] -- Install configuration: ""
[6.645s] -- Installing: /home/bhav/IITISoC-25-IVR09/install/drone_interfaces/share/ament_index/resource_index/rosidl_interfaces/drone_interfaces
[6.645s] -- Up-to-date: /home/bhav/IITISoC-25-IVR09/install/drone_interfaces/include/drone_interfaces/drone_interfaces
[6.645s] -- Up-to-date: /home/bhav/IITISoC-25-IVR09/install/drone_interfaces/include/drone_interfaces/drone_interfaces/srv
[6.645s] -- Installing: /home/bhav/IITISoC-25-IVR09/install/drone_interfaces/include/drone_interfaces/drone_interfaces/srv/get_severity_score.h
[6.645s] -- Up-to-date: /home/bhav/IITISoC-25-IVR09/install/drone_interfaces/include/drone_interfaces/drone_interfaces/srv/detail
[6.645s] -- Installing: /home/bhav/IITISoC-25-IVR09/install/drone_interfaces/include/drone_interfaces/drone_interfaces/srv/detail/get_severity_score__type_support.h
[6.646s] -- Installing: /home/bhav/IITISoC-25-IVR09/install/drone_interfaces/include/drone_interfaces/drone_interfaces/srv/detail/get_severity_score__struct.h
[6.646s] -- Installing: /home/bhav/IITISoC-25-IVR09/install/drone_interfaces/include/drone_interfaces/drone_interfaces/srv/detail/get_severity_score__functions.c
[6.646s] -- Installing: /home/bhav/IITISoC-25-IVR09/install/drone_interfaces/include/drone_interfaces/drone_interfaces/srv/detail/get_severity_score__functions.h
[6.646s] -- Up-to-date: /home/bhav/IITISoC-25-IVR09/install/drone_interfaces/include/drone_interfaces/drone_interfaces/msg
[6.646s] -- Installing: /home/bhav/IITISoC-25-IVR09/install/drone_interfaces/include/drone_interfaces/drone_interfaces/msg/waypoint_request.h
[6.646s] -- Installing: /home/bhav/IITISoC-25-IVR09/install/drone_interfaces/include/drone_interfaces/drone_interfaces/msg/surveillance_status.h
[6.646s] -- Installing: /home/bhav/IITISoC-25-IVR09/install/drone_interfaces/include/drone_interfaces/drone_interfaces/msg/geotag_array.h
[6.646s] -- Installing: /home/bhav/IITISoC-25-IVR09/install/drone_interfaces/include/drone_interfaces/drone_interfaces/msg/geotag.h
[6.646s] -- Up-to-date: /home/bhav/IITISoC-25-IVR09/install/drone_interfaces/include/drone_interfaces/drone_interfaces/msg/rosidl_generator_c__visibility_control.h
[6.646s] -- Installing: /home/bhav/IITISoC-25-IVR09/install/drone_interfaces/include/drone_interfaces/drone_interfaces/msg/drone_status.h
[6.646s] -- Installing: /home/bhav/IITISoC-25-IVR09/install/drone_interfaces/include/drone_interfaces/drone_interfaces/msg/geotag_visited.h
[6.646s] -- Installing: /home/bhav/IITISoC-25-IVR09/install/drone_interfaces/include/drone_interfaces/drone_interfaces/msg/drone_status_update.h
[6.646s] -- Up-to-date: /home/bhav/IITISoC-25-IVR09/install/drone_interfaces/include/drone_interfaces/drone_interfaces/msg/detail
[6.646s] -- Installing: /home/bhav/IITISoC-25-IVR09/install/drone_interfaces/include/drone_interfaces/drone_interfaces/msg/detail/geotag__type_support.h
[6.646s] -- Installing: /home/bhav/IITISoC-25-IVR09/install/drone_interfaces/include/drone_interfaces/drone_interfaces/msg/detail/drone_type_change__type_support.h
[6.646s] -- Installing: /home/bhav/IITISoC-25-IVR09/install/drone_interfaces/include/drone_interfaces/drone_interfaces/msg/detail/drone_status_update__functions.c
[6.646s] -- Installing: /home/bhav/IITISoC-25-IVR09/install/drone_interfaces/include/drone_interfaces/drone_interfaces/msg/detail/geotag_array__functions.h
[6.647s] -- Installing: /home/bhav/IITISoC-25-IVR09/install/drone_interfaces/include/drone_interfaces/drone_interfaces/msg/detail/drone_status__functions.h
[6.647s] -- Installing: /home/bhav/IITISoC-25-IVR09/install/drone_interfaces/include/drone_interfaces/drone_interfaces/msg/detail/waypoint_visited__struct.h
[6.647s] -- Installing: /home/bhav/IITISoC-25-IVR09/install/drone_interfaces/include/drone_interfaces/drone_interfaces/msg/detail/geotag_request__functions.c
[6.647s] -- Installing: /home/bhav/IITISoC-25-IVR09/install/drone_interfaces/include/drone_interfaces/drone_interfaces/msg/detail/waypoint_visited__type_support.h
[6.647s] -- Installing: /home/bhav/IITISoC-25-IVR09/install/drone_interfaces/include/drone_interfaces/drone_interfaces/msg/detail/waypoint_request__functions.h
[6.647s] -- Installing: /home/bhav/IITISoC-25-IVR09/install/drone_interfaces/include/drone_interfaces/drone_interfaces/msg/detail/drone_status_update__struct.h
[6.647s] -- Installing: /home/bhav/IITISoC-25-IVR09/install/drone_interfaces/include/drone_interfaces/drone_interfaces/msg/detail/waypoint_request__struct.h
[6.647s] -- Installing: /home/bhav/IITISoC-25-IVR09/install/drone_interfaces/include/drone_interfaces/drone_interfaces/msg/detail/surveillance_status__functions.h
[6.647s] -- Installing: /home/bhav/IITISoC-25-IVR09/install/drone_interfaces/include/drone_interfaces/drone_interfaces/msg/detail/waypoint__functions.h
[6.647s] -- Installing: /home/bhav/IITISoC-25-IVR09/install/drone_interfaces/include/drone_interfaces/drone_interfaces/msg/detail/geotag_request__functions.h
[6.647s] -- Installing: /home/bhav/IITISoC-25-IVR09/install/drone_interfaces/include/drone_interfaces/drone_interfaces/msg/detail/geotag_request__struct.h
[6.647s] -- Installing: /home/bhav/IITISoC-25-IVR09/install/drone_interfaces/include/drone_interfaces/drone_interfaces/msg/detail/drone_status__struct.h
[6.647s] -- Installing: /home/bhav/IITISoC-25-IVR09/install/drone_interfaces/include/drone_interfaces/drone_interfaces/msg/detail/surveillance_status__functions.c
[6.647s] -- Installing: /home/bhav/IITISoC-25-IVR09/install/drone_interfaces/include/drone_interfaces/drone_interfaces/msg/detail/waypoint__type_support.h
[6.647s] -- Installing: /home/bhav/IITISoC-25-IVR09/install/drone_interfaces/include/drone_interfaces/drone_interfaces/msg/detail/drone_type_change__functions.c
[6.647s] -- Installing: /home/bhav/IITISoC-25-IVR09/install/drone_interfaces/include/drone_interfaces/drone_interfaces/msg/detail/geotag_visited__struct.h
[6.647s] -- Installing: /home/bhav/IITISoC-25-IVR09/install/drone_interfaces/include/drone_interfaces/drone_interfaces/msg/detail/waypoint_array__functions.c
[6.647s] -- Installing: /home/bhav/IITISoC-25-IVR09/install/drone_interfaces/include/drone_interfaces/drone_interfaces/msg/detail/geotag_array__struct.h
[6.647s] -- Installing: /home/bhav/IITISoC-25-IVR09/install/drone_interfaces/include/drone_interfaces/drone_interfaces/msg/detail/waypoint_array__functions.h
[6.647s] -- Installing: /home/bhav/IITISoC-25-IVR09/install/drone_interfaces/include/drone_interfaces/drone_interfaces/msg/detail/geotag_visited__functions.h
[6.647s] -- Installing: /home/bhav/IITISoC-25-IVR09/install/drone_interfaces/include/drone_interfaces/drone_interfaces/msg/detail/waypoint_visited__functions.c
[6.647s] -- Installing: /home/bhav/IITISoC-25-IVR09/install/drone_interfaces/include/drone_interfaces/drone_interfaces/msg/detail/waypoint_visited__functions.h
[6.647s] -- Installing: /home/bhav/IITISoC-25-IVR09/install/drone_interfaces/include/drone_interfaces/drone_interfaces/msg/detail/geotag__functions.h
[6.647s] -- Installing: /home/bhav/IITISoC-25-IVR09/install/drone_interfaces/include/drone_interfaces/drone_interfaces/msg/detail/drone_type_change__struct.h
[6.647s] -- Installing: /home/bhav/IITISoC-25-IVR09/install/drone_interfaces/include/drone_interfaces/drone_interfaces/msg/detail/waypoint_array__struct.h
[6.648s] -- Installing: /home/bhav/IITISoC-25-IVR09/install/drone_interfaces/include/drone_interfaces/drone_interfaces/msg/detail/waypoint__functions.c
[6.648s] -- Installing: /home/bhav/IITISoC-25-IVR09/install/drone_interfaces/include/drone_interfaces/drone_interfaces/msg/detail/geotag_array__type_support.h
[6.648s] -- Installing: /home/bhav/IITISoC-25-IVR09/install/drone_interfaces/include/drone_interfaces/drone_interfaces/msg/detail/waypoint_array__type_support.h
[6.648s] -- Installing: /home/bhav/IITISoC-25-IVR09/install/drone_interfaces/include/drone_interfaces/drone_interfaces/msg/detail/drone_type_change__functions.h
[6.648s] -- Installing: /home/bhav/IITISoC-25-IVR09/install/drone_interfaces/include/drone_interfaces/drone_interfaces/msg/detail/waypoint_request__type_support.h
[6.648s] -- Installing: /home/bhav/IITISoC-25-IVR09/install/drone_interfaces/include/drone_interfaces/drone_interfaces/msg/detail/geotag__struct.h
[6.648s] -- Installing: /home/bhav/IITISoC-25-IVR09/install/drone_interfaces/include/drone_interfaces/drone_interfaces/msg/detail/geotag_visited__functions.c
[6.648s] -- Installing: /home/bhav/IITISoC-25-IVR09/install/drone_interfaces/include/drone_interfaces/drone_interfaces/msg/detail/geotag_visited__type_support.h
[6.648s] -- Installing: /home/bhav/IITISoC-25-IVR09/install/drone_interfaces/include/drone_interfaces/drone_interfaces/msg/detail/surveillance_status__type_support.h
[6.648s] -- Installing: /home/bhav/IITISoC-25-IVR09/install/drone_interfaces/include/drone_interfaces/drone_interfaces/msg/detail/drone_status_update__functions.h
[6.648s] -- Installing: /home/bhav/IITISoC-25-IVR09/install/drone_interfaces/include/drone_interfaces/drone_interfaces/msg/detail/drone_status__functions.c
[6.648s] -- Installing: /home/bhav/IITISoC-25-IVR09/install/drone_interfaces/include/drone_interfaces/drone_interfaces/msg/detail/geotag_request__type_support.h
[6.648s] -- Installing: /home/bhav/IITISoC-25-IVR09/install/drone_interfaces/include/drone_interfaces/drone_interfaces/msg/detail/waypoint__struct.h
[6.648s] -- Installing: /home/bhav/IITISoC-25-IVR09/install/drone_interfaces/include/drone_interfaces/drone_interfaces/msg/detail/geotag__functions.c
[6.648s] -- Installing: /home/bhav/IITISoC-25-IVR09/install/drone_interfaces/include/drone_interfaces/drone_interfaces/msg/detail/geotag_array__functions.c
[6.648s] -- Installing: /home/bhav/IITISoC-25-IVR09/install/drone_interfaces/include/drone_interfaces/drone_interfaces/msg/detail/drone_status__type_support.h
[6.648s] -- Installing: /home/bhav/IITISoC-25-IVR09/install/drone_interfaces/include/drone_interfaces/drone_interfaces/msg/detail/waypoint_request__functions.c
[6.649s] -- Installing: /home/bhav/IITISoC-25-IVR09/install/drone_interfaces/include/drone_interfaces/drone_interfaces/msg/detail/drone_status_update__type_support.h
[6.649s] -- Installing: /home/bhav/IITISoC-25-IVR09/install/drone_interfaces/include/drone_interfaces/drone_interfaces/msg/detail/surveillance_status__struct.h
[6.649s] -- Installing: /home/bhav/IITISoC-25-IVR09/install/drone_interfaces/include/drone_interfaces/drone_interfaces/msg/waypoint_array.h
[6.649s] -- Installing: /home/bhav/IITISoC-25-IVR09/install/drone_interfaces/include/drone_interfaces/drone_interfaces/msg/drone_type_change.h
[6.649s] -- Installing: /home/bhav/IITISoC-25-IVR09/install/drone_interfaces/include/drone_interfaces/drone_interfaces/msg/waypoint.h
[6.649s] -- Installing: /home/bhav/IITISoC-25-IVR09/install/drone_interfaces/include/drone_interfaces/drone_interfaces/msg/waypoint_visited.h
[6.649s] -- Installing: /home/bhav/IITISoC-25-IVR09/install/drone_interfaces/include/drone_interfaces/drone_interfaces/msg/geotag_request.h
[6.649s] -- Up-to-date: /home/bhav/IITISoC-25-IVR09/install/drone_interfaces/share/drone_interfaces/environment/library_path.sh
[6.649s] -- Installing: /home/bhav/IITISoC-25-IVR09/install/drone_interfaces/share/drone_interfaces/environment/library_path.dsv
[6.649s] -- Installing: /home/bhav/IITISoC-25-IVR09/install/drone_interfaces/lib/libdrone_interfaces__rosidl_generator_c.so
[6.649s] -- Set runtime path of "/home/bhav/IITISoC-25-IVR09/install/drone_interfaces/lib/libdrone_interfaces__rosidl_generator_c.so" to ""
[6.649s] -- Up-to-date: /home/bhav/IITISoC-25-IVR09/install/drone_interfaces/include/drone_interfaces/drone_interfaces
[6.649s] -- Up-to-date: /home/bhav/IITISoC-25-IVR09/install/drone_interfaces/include/drone_interfaces/drone_interfaces/srv
[6.649s] -- Up-to-date: /home/bhav/IITISoC-25-IVR09/install/drone_interfaces/include/drone_interfaces/drone_interfaces/srv/detail
[6.649s] -- Installing: /home/bhav/IITISoC-25-IVR09/install/drone_interfaces/include/drone_interfaces/drone_interfaces/srv/detail/get_severity_score__rosidl_typesupport_fastrtps_c.h
[6.650s] -- Up-to-date: /home/bhav/IITISoC-25-IVR09/install/drone_interfaces/include/drone_interfaces/drone_interfaces/msg
[6.650s] -- Up-to-date: /home/bhav/IITISoC-25-IVR09/install/drone_interfaces/include/drone_interfaces/drone_interfaces/msg/rosidl_typesupport_fastrtps_c__visibility_control.h
[6.650s] -- Up-to-date: /home/bhav/IITISoC-25-IVR09/install/drone_interfaces/include/drone_interfaces/drone_interfaces/msg/detail
[6.650s] -- Installing: /home/bhav/IITISoC-25-IVR09/install/drone_interfaces/include/drone_interfaces/drone_interfaces/msg/detail/drone_status__rosidl_typesupport_fastrtps_c.h
[6.650s] -- Installing: /home/bhav/IITISoC-25-IVR09/install/drone_interfaces/include/drone_interfaces/drone_interfaces/msg/detail/surveillance_status__rosidl_typesupport_fastrtps_c.h
[6.650s] -- Installing: /home/bhav/IITISoC-25-IVR09/install/drone_interfaces/include/drone_interfaces/drone_interfaces/msg/detail/drone_status_update__rosidl_typesupport_fastrtps_c.h
[6.650s] -- Installing: /home/bhav/IITISoC-25-IVR09/install/drone_interfaces/include/drone_interfaces/drone_interfaces/msg/detail/geotag_array__rosidl_typesupport_fastrtps_c.h
[6.650s] -- Installing: /home/bhav/IITISoC-25-IVR09/install/drone_interfaces/include/drone_interfaces/drone_interfaces/msg/detail/waypoint_array__rosidl_typesupport_fastrtps_c.h
[6.650s] -- Installing: /home/bhav/IITISoC-25-IVR09/install/drone_interfaces/include/drone_interfaces/drone_interfaces/msg/detail/geotag__rosidl_typesupport_fastrtps_c.h
[6.650s] -- Installing: /home/bhav/IITISoC-25-IVR09/install/drone_interfaces/include/drone_interfaces/drone_interfaces/msg/detail/drone_type_change__rosidl_typesupport_fastrtps_c.h
[6.650s] -- Installing: /home/bhav/IITISoC-25-IVR09/install/drone_interfaces/include/drone_interfaces/drone_interfaces/msg/detail/waypoint_visited__rosidl_typesupport_fastrtps_c.h
[6.650s] -- Installing: /home/bhav/IITISoC-25-IVR09/install/drone_interfaces/include/drone_interfaces/drone_interfaces/msg/detail/geotag_visited__rosidl_typesupport_fastrtps_c.h
[6.650s] -- Installing: /home/bhav/IITISoC-25-IVR09/install/drone_interfaces/include/drone_interfaces/drone_interfaces/msg/detail/geotag_request__rosidl_typesupport_fastrtps_c.h
[6.650s] -- Installing: /home/bhav/IITISoC-25-IVR09/install/drone_interfaces/include/drone_interfaces/drone_interfaces/msg/detail/waypoint_request__rosidl_typesupport_fastrtps_c.h
[6.650s] -- Installing: /home/bhav/IITISoC-25-IVR09/install/drone_interfaces/include/drone_interfaces/drone_interfaces/msg/detail/waypoint__rosidl_typesupport_fastrtps_c.h
[6.650s] -- Installing: /home/bhav/IITISoC-25-IVR09/install/drone_interfaces/lib/libdrone_interfaces__rosidl_typesupport_fastrtps_c.so
[6.650s] -- Set runtime path of "/home/bhav/IITISoC-25-IVR09/install/drone_interfaces/lib/libdrone_interfaces__rosidl_typesupport_fastrtps_c.so" to ""
[6.650s] -- Up-to-date: /home/bhav/IITISoC-25-IVR09/install/drone_interfaces/include/drone_interfaces/drone_interfaces
[6.650s] -- Up-to-date: /home/bhav/IITISoC-25-IVR09/install/drone_interfaces/include/drone_interfaces/drone_interfaces/srv
[6.651s] -- Up-to-date: /home/bhav/IITISoC-25-IVR09/install/drone_interfaces/include/drone_interfaces/drone_interfaces/srv/detail
[6.651s] -- Installing: /home/bhav/IITISoC-25-IVR09/install/drone_interfaces/include/drone_interfaces/drone_interfaces/srv/detail/get_severity_score__type_support.c
[6.651s] -- Installing: /home/bhav/IITISoC-25-IVR09/install/drone_interfaces/include/drone_interfaces/drone_interfaces/srv/detail/get_severity_score__rosidl_typesupport_introspection_c.h
[6.651s] -- Up-to-date: /home/bhav/IITISoC-25-IVR09/install/drone_interfaces/include/drone_interfaces/drone_interfaces/msg
[6.651s] -- Up-to-date: /home/bhav/IITISoC-25-IVR09/install/drone_interfaces/include/drone_interfaces/drone_interfaces/msg/rosidl_typesupport_introspection_c__visibility_control.h
[6.651s] -- Up-to-date: /home/bhav/IITISoC-25-IVR09/install/drone_interfaces/include/drone_interfaces/drone_interfaces/msg/detail
[6.651s] -- Installing: /home/bhav/IITISoC-25-IVR09/install/drone_interfaces/include/drone_interfaces/drone_interfaces/msg/detail/geotag__rosidl_typesupport_introspection_c.h
[6.651s] -- Installing: /home/bhav/IITISoC-25-IVR09/install/drone_interfaces/include/drone_interfaces/drone_interfaces/msg/detail/waypoint_visited__rosidl_typesupport_introspection_c.h
[6.651s] -- Installing: /home/bhav/IITISoC-25-IVR09/install/drone_interfaces/include/drone_interfaces/drone_interfaces/msg/detail/geotag_visited__type_support.c
[6.651s] -- Installing: /home/bhav/IITISoC-25-IVR09/install/drone_interfaces/include/drone_interfaces/drone_interfaces/msg/detail/drone_type_change__type_support.c
[6.651s] -- Installing: /home/bhav/IITISoC-25-IVR09/install/drone_interfaces/include/drone_interfaces/drone_interfaces/msg/detail/waypoint__rosidl_typesupport_introspection_c.h
[6.651s] -- Installing: /home/bhav/IITISoC-25-IVR09/install/drone_interfaces/include/drone_interfaces/drone_interfaces/msg/detail/drone_status_update__rosidl_typesupport_introspection_c.h
[6.651s] -- Installing: /home/bhav/IITISoC-25-IVR09/install/drone_interfaces/include/drone_interfaces/drone_interfaces/msg/detail/geotag_request__rosidl_typesupport_introspection_c.h
[6.651s] -- Installing: /home/bhav/IITISoC-25-IVR09/install/drone_interfaces/include/drone_interfaces/drone_interfaces/msg/detail/drone_status__rosidl_typesupport_introspection_c.h
[6.651s] -- Installing: /home/bhav/IITISoC-25-IVR09/install/drone_interfaces/include/drone_interfaces/drone_interfaces/msg/detail/waypoint_request__rosidl_typesupport_introspection_c.h
[6.651s] -- Installing: /home/bhav/IITISoC-25-IVR09/install/drone_interfaces/include/drone_interfaces/drone_interfaces/msg/detail/waypoint__type_support.c
[6.651s] -- Installing: /home/bhav/IITISoC-25-IVR09/install/drone_interfaces/include/drone_interfaces/drone_interfaces/msg/detail/drone_status__type_support.c
[6.651s] -- Installing: /home/bhav/IITISoC-25-IVR09/install/drone_interfaces/include/drone_interfaces/drone_interfaces/msg/detail/geotag_array__type_support.c
[6.651s] -- Installing: /home/bhav/IITISoC-25-IVR09/install/drone_interfaces/include/drone_interfaces/drone_interfaces/msg/detail/surveillance_status__rosidl_typesupport_introspection_c.h
[6.651s] -- Installing: /home/bhav/IITISoC-25-IVR09/install/drone_interfaces/include/drone_interfaces/drone_interfaces/msg/detail/geotag__type_support.c
[6.651s] -- Installing: /home/bhav/IITISoC-25-IVR09/install/drone_interfaces/include/drone_interfaces/drone_interfaces/msg/detail/drone_status_update__type_support.c
[6.651s] -- Installing: /home/bhav/IITISoC-25-IVR09/install/drone_interfaces/include/drone_interfaces/drone_interfaces/msg/detail/geotag_request__type_support.c
[6.652s] -- Installing: /home/bhav/IITISoC-25-IVR09/install/drone_interfaces/include/drone_interfaces/drone_interfaces/msg/detail/drone_type_change__rosidl_typesupport_introspection_c.h
[6.652s] -- Installing: /home/bhav/IITISoC-25-IVR09/install/drone_interfaces/include/drone_interfaces/drone_interfaces/msg/detail/geotag_visited__rosidl_typesupport_introspection_c.h
[6.652s] -- Installing: /home/bhav/IITISoC-25-IVR09/install/drone_interfaces/include/drone_interfaces/drone_interfaces/msg/detail/waypoint_visited__type_support.c
[6.652s] -- Installing: /home/bhav/IITISoC-25-IVR09/install/drone_interfaces/include/drone_interfaces/drone_interfaces/msg/detail/waypoint_array__type_support.c
[6.652s] -- Installing: /home/bhav/IITISoC-25-IVR09/install/drone_interfaces/include/drone_interfaces/drone_interfaces/msg/detail/waypoint_array__rosidl_typesupport_introspection_c.h
[6.652s] -- Installing: /home/bhav/IITISoC-25-IVR09/install/drone_interfaces/include/drone_interfaces/drone_interfaces/msg/detail/geotag_array__rosidl_typesupport_introspection_c.h
[6.652s] -- Installing: /home/bhav/IITISoC-25-IVR09/install/drone_interfaces/include/drone_interfaces/drone_interfaces/msg/detail/waypoint_request__type_support.c
[6.652s] -- Installing: /home/bhav/IITISoC-25-IVR09/install/drone_interfaces/include/drone_interfaces/drone_interfaces/msg/detail/surveillance_status__type_support.c
[6.652s] -- Installing: /home/bhav/IITISoC-25-IVR09/install/drone_interfaces/lib/libdrone_interfaces__rosidl_typesupport_introspection_c.so
[6.652s] -- Set runtime path of "/home/bhav/IITISoC-25-IVR09/install/drone_interfaces/lib/libdrone_interfaces__rosidl_typesupport_introspection_c.so" to ""
[6.652s] -- Installing: /home/bhav/IITISoC-25-IVR09/install/drone_interfaces/lib/libdrone_interfaces__rosidl_typesupport_c.so
[6.652s] -- Set runtime path of "/home/bhav/IITISoC-25-IVR09/install/drone_interfaces/lib/libdrone_interfaces__rosidl_typesupport_c.so" to ""
[6.653s] -- Up-to-date: /home/bhav/IITISoC-25-IVR09/install/drone_interfaces/include/drone_interfaces/drone_interfaces
[6.653s] -- Up-to-date: /home/bhav/IITISoC-25-IVR09/install/drone_interfaces/include/drone_interfaces/drone_interfaces/srv
[6.653s] -- Installing: /home/bhav/IITISoC-25-IVR09/install/drone_interfaces/include/drone_interfaces/drone_interfaces/srv/get_severity_score.hpp
[6.653s] -- Up-to-date: /home/bhav/IITISoC-25-IVR09/install/drone_interfaces/include/drone_interfaces/drone_interfaces/srv/detail
[6.653s] -- Installing: /home/bhav/IITISoC-25-IVR09/install/drone_interfaces/include/drone_interfaces/drone_interfaces/srv/detail/get_severity_score__struct.hpp
[6.653s] -- Installing: /home/bhav/IITISoC-25-IVR09/install/drone_interfaces/include/drone_interfaces/drone_interfaces/srv/detail/get_severity_score__traits.hpp
[6.653s] -- Installing: /home/bhav/IITISoC-25-IVR09/install/drone_interfaces/include/drone_interfaces/drone_interfaces/srv/detail/get_severity_score__builder.hpp
[6.653s] -- Installing: /home/bhav/IITISoC-25-IVR09/install/drone_interfaces/include/drone_interfaces/drone_interfaces/srv/detail/get_severity_score__type_support.hpp
[6.653s] -- Up-to-date: /home/bhav/IITISoC-25-IVR09/install/drone_interfaces/include/drone_interfaces/drone_interfaces/msg
[6.653s] -- Up-to-date: /home/bhav/IITISoC-25-IVR09/install/drone_interfaces/include/drone_interfaces/drone_interfaces/msg/rosidl_generator_cpp__visibility_control.hpp
[6.653s] -- Installing: /home/bhav/IITISoC-25-IVR09/install/drone_interfaces/include/drone_interfaces/drone_interfaces/msg/surveillance_status.hpp
[6.653s] -- Installing: /home/bhav/IITISoC-25-IVR09/install/drone_interfaces/include/drone_interfaces/drone_interfaces/msg/geotag.hpp
[6.653s] -- Installing: /home/bhav/IITISoC-25-IVR09/install/drone_interfaces/include/drone_interfaces/drone_interfaces/msg/drone_status.hpp
[6.653s] -- Installing: /home/bhav/IITISoC-25-IVR09/install/drone_interfaces/include/drone_interfaces/drone_interfaces/msg/drone_status_update.hpp
[6.653s] -- Installing: /home/bhav/IITISoC-25-IVR09/install/drone_interfaces/include/drone_interfaces/drone_interfaces/msg/waypoint_array.hpp
[6.653s] -- Installing: /home/bhav/IITISoC-25-IVR09/install/drone_interfaces/include/drone_interfaces/drone_interfaces/msg/waypoint_visited.hpp
[6.653s] -- Installing: /home/bhav/IITISoC-25-IVR09/install/drone_interfaces/include/drone_interfaces/drone_interfaces/msg/waypoint_request.hpp
[6.653s] -- Installing: /home/bhav/IITISoC-25-IVR09/install/drone_interfaces/include/drone_interfaces/drone_interfaces/msg/geotag_visited.hpp
[6.653s] -- Up-to-date: /home/bhav/IITISoC-25-IVR09/install/drone_interfaces/include/drone_interfaces/drone_interfaces/msg/detail
[6.653s] -- Installing: /home/bhav/IITISoC-25-IVR09/install/drone_interfaces/include/drone_interfaces/drone_interfaces/msg/detail/geotag__traits.hpp
[6.653s] -- Installing: /home/bhav/IITISoC-25-IVR09/install/drone_interfaces/include/drone_interfaces/drone_interfaces/msg/detail/waypoint_visited__struct.hpp
[6.653s] -- Installing: /home/bhav/IITISoC-25-IVR09/install/drone_interfaces/include/drone_interfaces/drone_interfaces/msg/detail/drone_status_update__traits.hpp
[6.654s] -- Installing: /home/bhav/IITISoC-25-IVR09/install/drone_interfaces/include/drone_interfaces/drone_interfaces/msg/detail/waypoint_array__struct.hpp
[6.654s] -- Installing: /home/bhav/IITISoC-25-IVR09/install/drone_interfaces/include/drone_interfaces/drone_interfaces/msg/detail/drone_status__struct.hpp
[6.654s] -- Installing: /home/bhav/IITISoC-25-IVR09/install/drone_interfaces/include/drone_interfaces/drone_interfaces/msg/detail/drone_type_change__type_support.hpp
[6.654s] -- Installing: /home/bhav/IITISoC-25-IVR09/install/drone_interfaces/include/drone_interfaces/drone_interfaces/msg/detail/geotag__struct.hpp
[6.654s] -- Installing: /home/bhav/IITISoC-25-IVR09/install/drone_interfaces/include/drone_interfaces/drone_interfaces/msg/detail/surveillance_status__traits.hpp
[6.654s] -- Installing: /home/bhav/IITISoC-25-IVR09/install/drone_interfaces/include/drone_interfaces/drone_interfaces/msg/detail/waypoint_request__builder.hpp
[6.654s] -- Installing: /home/bhav/IITISoC-25-IVR09/install/drone_interfaces/include/drone_interfaces/drone_interfaces/msg/detail/geotag_array__traits.hpp
[6.654s] -- Installing: /home/bhav/IITISoC-25-IVR09/install/drone_interfaces/include/drone_interfaces/drone_interfaces/msg/detail/surveillance_status__type_support.hpp
[6.654s] -- Installing: /home/bhav/IITISoC-25-IVR09/install/drone_interfaces/include/drone_interfaces/drone_interfaces/msg/detail/waypoint__struct.hpp
[6.654s] -- Installing: /home/bhav/IITISoC-25-IVR09/install/drone_interfaces/include/drone_interfaces/drone_interfaces/msg/detail/drone_status_update__builder.hpp
[6.654s] -- Installing: /home/bhav/IITISoC-25-IVR09/install/drone_interfaces/include/drone_interfaces/drone_interfaces/msg/detail/geotag_array__type_support.hpp
[6.654s] -- Installing: /home/bhav/IITISoC-25-IVR09/install/drone_interfaces/include/drone_interfaces/drone_interfaces/msg/detail/waypoint__type_support.hpp
[6.654s] -- Installing: /home/bhav/IITISoC-25-IVR09/install/drone_interfaces/include/drone_interfaces/drone_interfaces/msg/detail/geotag_visited__traits.hpp
[6.654s] -- Installing: /home/bhav/IITISoC-25-IVR09/install/drone_interfaces/include/drone_interfaces/drone_interfaces/msg/detail/geotag__type_support.hpp
[6.654s] -- Installing: /home/bhav/IITISoC-25-IVR09/install/drone_interfaces/include/drone_interfaces/drone_interfaces/msg/detail/waypoint_request__traits.hpp
[6.654s] -- Installing: /home/bhav/IITISoC-25-IVR09/install/drone_interfaces/include/drone_interfaces/drone_interfaces/msg/detail/waypoint__builder.hpp
[6.654s] -- Installing: /home/bhav/IITISoC-25-IVR09/install/drone_interfaces/include/drone_interfaces/drone_interfaces/msg/detail/waypoint_visited__traits.hpp
[6.654s] -- Installing: /home/bhav/IITISoC-25-IVR09/install/drone_interfaces/include/drone_interfaces/drone_interfaces/msg/detail/drone_status_update__type_support.hpp
[6.654s] -- Installing: /home/bhav/IITISoC-25-IVR09/install/drone_interfaces/include/drone_interfaces/drone_interfaces/msg/detail/drone_type_change__struct.hpp
[6.654s] -- Installing: /home/bhav/IITISoC-25-IVR09/install/drone_interfaces/include/drone_interfaces/drone_interfaces/msg/detail/geotag_request__builder.hpp
[6.654s] -- Installing: /home/bhav/IITISoC-25-IVR09/install/drone_interfaces/include/drone_interfaces/drone_interfaces/msg/detail/waypoint_visited__builder.hpp
[6.655s] -- Installing: /home/bhav/IITISoC-25-IVR09/install/drone_interfaces/include/drone_interfaces/drone_interfaces/msg/detail/geotag_request__struct.hpp
[6.655s] -- Installing: /home/bhav/IITISoC-25-IVR09/install/drone_interfaces/include/drone_interfaces/drone_interfaces/msg/detail/waypoint_array__type_support.hpp
[6.655s] -- Installing: /home/bhav/IITISoC-25-IVR09/install/drone_interfaces/include/drone_interfaces/drone_interfaces/msg/detail/waypoint_request__struct.hpp
[6.655s] -- Installing: /home/bhav/IITISoC-25-IVR09/install/drone_interfaces/include/drone_interfaces/drone_interfaces/msg/detail/drone_status__traits.hpp
[6.655s] -- Installing: /home/bhav/IITISoC-25-IVR09/install/drone_interfaces/include/drone_interfaces/drone_interfaces/msg/detail/geotag_array__builder.hpp
[6.655s] -- Installing: /home/bhav/IITISoC-25-IVR09/install/drone_interfaces/include/drone_interfaces/drone_interfaces/msg/detail/geotag_visited__struct.hpp
[6.655s] -- Installing: /home/bhav/IITISoC-25-IVR09/install/drone_interfaces/include/drone_interfaces/drone_interfaces/msg/detail/waypoint__traits.hpp
[6.655s] -- Installing: /home/bhav/IITISoC-25-IVR09/install/drone_interfaces/include/drone_interfaces/drone_interfaces/msg/detail/drone_status__type_support.hpp
[6.655s] -- Installing: /home/bhav/IITISoC-25-IVR09/install/drone_interfaces/include/drone_interfaces/drone_interfaces/msg/detail/geotag__builder.hpp
[6.655s] -- Installing: /home/bhav/IITISoC-25-IVR09/install/drone_interfaces/include/drone_interfaces/drone_interfaces/msg/detail/geotag_request__traits.hpp
[6.655s] -- Installing: /home/bhav/IITISoC-25-IVR09/install/drone_interfaces/include/drone_interfaces/drone_interfaces/msg/detail/geotag_visited__builder.hpp
[6.655s] -- Installing: /home/bhav/IITISoC-25-IVR09/install/drone_interfaces/include/drone_interfaces/drone_interfaces/msg/detail/geotag_visited__type_support.hpp
[6.655s] -- Installing: /home/bhav/IITISoC-25-IVR09/install/drone_interfaces/include/drone_interfaces/drone_interfaces/msg/detail/drone_type_change__traits.hpp
[6.655s] -- Installing: /home/bhav/IITISoC-25-IVR09/install/drone_interfaces/include/drone_interfaces/drone_interfaces/msg/detail/drone_type_change__builder.hpp
[6.655s] -- Installing: /home/bhav/IITISoC-25-IVR09/install/drone_interfaces/include/drone_interfaces/drone_interfaces/msg/detail/geotag_array__struct.hpp
[6.655s] -- Installing: /home/bhav/IITISoC-25-IVR09/install/drone_interfaces/include/drone_interfaces/drone_interfaces/msg/detail/drone_status_update__struct.hpp
[6.655s] -- Installing: /home/bhav/IITISoC-25-IVR09/install/drone_interfaces/include/drone_interfaces/drone_interfaces/msg/detail/geotag_request__type_support.hpp
[6.655s] -- Installing: /home/bhav/IITISoC-25-IVR09/install/drone_interfaces/include/drone_interfaces/drone_interfaces/msg/detail/waypoint_request__type_support.hpp
[6.655s] -- Installing: /home/bhav/IITISoC-25-IVR09/install/drone_interfaces/include/drone_interfaces/drone_interfaces/msg/detail/waypoint_array__traits.hpp
[6.655s] -- Installing: /home/bhav/IITISoC-25-IVR09/install/drone_interfaces/include/drone_interfaces/drone_interfaces/msg/detail/drone_status__builder.hpp
[6.655s] -- Installing: /home/bhav/IITISoC-25-IVR09/install/drone_interfaces/include/drone_interfaces/drone_interfaces/msg/detail/surveillance_status__builder.hpp
[6.656s] -- Installing: /home/bhav/IITISoC-25-IVR09/install/drone_interfaces/include/drone_interfaces/drone_interfaces/msg/detail/surveillance_status__struct.hpp
[6.656s] -- Installing: /home/bhav/IITISoC-25-IVR09/install/drone_interfaces/include/drone_interfaces/drone_interfaces/msg/detail/waypoint_visited__type_support.hpp
[6.656s] -- Installing: /home/bhav/IITISoC-25-IVR09/install/drone_interfaces/include/drone_interfaces/drone_interfaces/msg/detail/waypoint_array__builder.hpp
[6.656s] -- Installing: /home/bhav/IITISoC-25-IVR09/install/drone_interfaces/include/drone_interfaces/drone_interfaces/msg/drone_type_change.hpp
[6.656s] -- Installing: /home/bhav/IITISoC-25-IVR09/install/drone_interfaces/include/drone_interfaces/drone_interfaces/msg/geotag_array.hpp
[6.656s] -- Installing: /home/bhav/IITISoC-25-IVR09/install/drone_interfaces/include/drone_interfaces/drone_interfaces/msg/geotag_request.hpp
[6.656s] -- Installing: /home/bhav/IITISoC-25-IVR09/install/drone_interfaces/include/drone_interfaces/drone_interfaces/msg/waypoint.hpp
[6.656s] -- Up-to-date: /home/bhav/IITISoC-25-IVR09/install/drone_interfaces/include/drone_interfaces/drone_interfaces
[6.656s] -- Up-to-date: /home/bhav/IITISoC-25-IVR09/install/drone_interfaces/include/drone_interfaces/drone_interfaces/srv
[6.656s] -- Up-to-date: /home/bhav/IITISoC-25-IVR09/install/drone_interfaces/include/drone_interfaces/drone_interfaces/srv/detail
[6.656s] -- Installing: /home/bhav/IITISoC-25-IVR09/install/drone_interfaces/include/drone_interfaces/drone_interfaces/srv/detail/get_severity_score__rosidl_typesupport_fastrtps_cpp.hpp
[6.657s] -- Up-to-date: /home/bhav/IITISoC-25-IVR09/install/drone_interfaces/include/drone_interfaces/drone_interfaces/srv/detail/dds_fastrtps
[6.657s] -- Up-to-date: /home/bhav/IITISoC-25-IVR09/install/drone_interfaces/include/drone_interfaces/drone_interfaces/msg
[6.657s] -- Up-to-date: /home/bhav/IITISoC-25-IVR09/install/drone_interfaces/include/drone_interfaces/drone_interfaces/msg/detail
[6.657s] -- Installing: /home/bhav/IITISoC-25-IVR09/install/drone_interfaces/include/drone_interfaces/drone_interfaces/msg/detail/geotag_visited__rosidl_typesupport_fastrtps_cpp.hpp
[6.657s] -- Installing: /home/bhav/IITISoC-25-IVR09/install/drone_interfaces/include/drone_interfaces/drone_interfaces/msg/detail/waypoint__rosidl_typesupport_fastrtps_cpp.hpp
[6.657s] -- Installing: /home/bhav/IITISoC-25-IVR09/install/drone_interfaces/include/drone_interfaces/drone_interfaces/msg/detail/geotag_request__rosidl_typesupport_fastrtps_cpp.hpp
[6.657s] -- Up-to-date: /home/bhav/IITISoC-25-IVR09/install/drone_interfaces/include/drone_interfaces/drone_interfaces/msg/detail/dds_fastrtps
[6.657s] -- Installing: /home/bhav/IITISoC-25-IVR09/install/drone_interfaces/include/drone_interfaces/drone_interfaces/msg/detail/geotag__rosidl_typesupport_fastrtps_cpp.hpp
[6.657s] -- Installing: /home/bhav/IITISoC-25-IVR09/install/drone_interfaces/include/drone_interfaces/drone_interfaces/msg/detail/waypoint_visited__rosidl_typesupport_fastrtps_cpp.hpp
[6.657s] -- Installing: /home/bhav/IITISoC-25-IVR09/install/drone_interfaces/include/drone_interfaces/drone_interfaces/msg/detail/drone_status__rosidl_typesupport_fastrtps_cpp.hpp
[6.657s] -- Installing: /home/bhav/IITISoC-25-IVR09/install/drone_interfaces/include/drone_interfaces/drone_interfaces/msg/detail/drone_status_update__rosidl_typesupport_fastrtps_cpp.hpp
[6.657s] -- Installing: /home/bhav/IITISoC-25-IVR09/install/drone_interfaces/include/drone_interfaces/drone_interfaces/msg/detail/waypoint_array__rosidl_typesupport_fastrtps_cpp.hpp
[6.657s] -- Installing: /home/bhav/IITISoC-25-IVR09/install/drone_interfaces/include/drone_interfaces/drone_interfaces/msg/detail/drone_type_change__rosidl_typesupport_fastrtps_cpp.hpp
[6.657s] -- Installing: /home/bhav/IITISoC-25-IVR09/install/drone_interfaces/include/drone_interfaces/drone_interfaces/msg/detail/waypoint_request__rosidl_typesupport_fastrtps_cpp.hpp
[6.658s] -- Installing: /home/bhav/IITISoC-25-IVR09/install/drone_interfaces/include/drone_interfaces/drone_interfaces/msg/detail/surveillance_status__rosidl_typesupport_fastrtps_cpp.hpp
[6.658s] -- Installing: /home/bhav/IITISoC-25-IVR09/install/drone_interfaces/include/drone_interfaces/drone_interfaces/msg/detail/geotag_array__rosidl_typesupport_fastrtps_cpp.hpp
[6.658s] -- Up-to-date: /home/bhav/IITISoC-25-IVR09/install/drone_interfaces/include/drone_interfaces/drone_interfaces/msg/rosidl_typesupport_fastrtps_cpp__visibility_control.h
[6.658s] -- Installing: /home/bhav/IITISoC-25-IVR09/install/drone_interfaces/lib/libdrone_interfaces__rosidl_typesupport_fastrtps_cpp.so
[6.658s] -- Set runtime path of "/home/bhav/IITISoC-25-IVR09/install/drone_interfaces/lib/libdrone_interfaces__rosidl_typesupport_fastrtps_cpp.so" to ""
[6.658s] -- Up-to-date: /home/bhav/IITISoC-25-IVR09/install/drone_interfaces/include/drone_interfaces/drone_interfaces
[6.658s] -- Up-to-date: /home/bhav/IITISoC-25-IVR09/install/drone_interfaces/include/drone_interfaces/drone_interfaces/srv
[6.658s] -- Up-to-date: /home/bhav/IITISoC-25-IVR09/install/drone_interfaces/include/drone_interfaces/drone_interfaces/srv/detail
[6.658s] -- Installing: /home/bhav/IITISoC-25-IVR09/install/drone_interfaces/include/drone_interfaces/drone_interfaces/srv/detail/get_severity_score__rosidl_typesupport_introspection_cpp.hpp
[6.658s] -- Installing: /home/bhav/IITISoC-25-IVR09/install/drone_interfaces/include/drone_interfaces/drone_interfaces/srv/detail/get_severity_score__type_support.cpp
[6.658s] -- Up-to-date: /home/bhav/IITISoC-25-IVR09/install/drone_interfaces/include/drone_interfaces/drone_interfaces/msg
[6.658s] -- Up-to-date: /home/bhav/IITISoC-25-IVR09/install/drone_interfaces/include/drone_interfaces/drone_interfaces/msg/detail
[6.658s] -- Installing: /home/bhav/IITISoC-25-IVR09/install/drone_interfaces/include/drone_interfaces/drone_interfaces/msg/detail/drone_status__rosidl_typesupport_introspection_cpp.hpp
[6.658s] -- Installing: /home/bhav/IITISoC-25-IVR09/install/drone_interfaces/include/drone_interfaces/drone_interfaces/msg/detail/drone_status__type_support.cpp
[6.658s] -- Installing: /home/bhav/IITISoC-25-IVR09/install/drone_interfaces/include/drone_interfaces/drone_interfaces/msg/detail/waypoint__type_support.cpp
[6.658s] -- Installing: /home/bhav/IITISoC-25-IVR09/install/drone_interfaces/include/drone_interfaces/drone_interfaces/msg/detail/waypoint_array__rosidl_typesupport_introspection_cpp.hpp
[6.658s] -- Installing: /home/bhav/IITISoC-25-IVR09/install/drone_interfaces/include/drone_interfaces/drone_interfaces/msg/detail/geotag_request__type_support.cpp
[6.659s] -- Installing: /home/bhav/IITISoC-25-IVR09/install/drone_interfaces/include/drone_interfaces/drone_interfaces/msg/detail/drone_status_update__type_support.cpp
[6.659s] -- Installing: /home/bhav/IITISoC-25-IVR09/install/drone_interfaces/include/drone_interfaces/drone_interfaces/msg/detail/geotag_array__rosidl_typesupport_introspection_cpp.hpp
[6.659s] -- Installing: /home/bhav/IITISoC-25-IVR09/install/drone_interfaces/include/drone_interfaces/drone_interfaces/msg/detail/surveillance_status__type_support.cpp
[6.659s] -- Installing: /home/bhav/IITISoC-25-IVR09/install/drone_interfaces/include/drone_interfaces/drone_interfaces/msg/detail/waypoint_visited__rosidl_typesupport_introspection_cpp.hpp
[6.659s] -- Installing: /home/bhav/IITISoC-25-IVR09/install/drone_interfaces/include/drone_interfaces/drone_interfaces/msg/detail/waypoint_request__type_support.cpp
[6.659s] -- Installing: /home/bhav/IITISoC-25-IVR09/install/drone_interfaces/include/drone_interfaces/drone_interfaces/msg/detail/geotag_array__type_support.cpp
[6.659s] -- Installing: /home/bhav/IITISoC-25-IVR09/install/drone_interfaces/include/drone_interfaces/drone_interfaces/msg/detail/geotag_visited__type_support.cpp
[6.659s] -- Installing: /home/bhav/IITISoC-25-IVR09/install/drone_interfaces/include/drone_interfaces/drone_interfaces/msg/detail/drone_status_update__rosidl_typesupport_introspection_cpp.hpp
[6.659s] -- Installing: /home/bhav/IITISoC-25-IVR09/install/drone_interfaces/include/drone_interfaces/drone_interfaces/msg/detail/waypoint__rosidl_typesupport_introspection_cpp.hpp
[6.659s] -- Installing: /home/bhav/IITISoC-25-IVR09/install/drone_interfaces/include/drone_interfaces/drone_interfaces/msg/detail/geotag__type_support.cpp
[6.659s] -- Installing: /home/bhav/IITISoC-25-IVR09/install/drone_interfaces/include/drone_interfaces/drone_interfaces/msg/detail/geotag__rosidl_typesupport_introspection_cpp.hpp
[6.659s] -- Installing: /home/bhav/IITISoC-25-IVR09/install/drone_interfaces/include/drone_interfaces/drone_interfaces/msg/detail/geotag_request__rosidl_typesupport_introspection_cpp.hpp
[6.659s] -- Installing: /home/bhav/IITISoC-25-IVR09/install/drone_interfaces/include/drone_interfaces/drone_interfaces/msg/detail/waypoint_request__rosidl_typesupport_introspection_cpp.hpp
[6.659s] -- Installing: /home/bhav/IITISoC-25-IVR09/install/drone_interfaces/include/drone_interfaces/drone_interfaces/msg/detail/waypoint_array__type_support.cpp
[6.659s] -- Installing: /home/bhav/IITISoC-25-IVR09/install/drone_interfaces/include/drone_interfaces/drone_interfaces/msg/detail/drone_type_change__type_support.cpp
[6.659s] -- Installing: /home/bhav/IITISoC-25-IVR09/install/drone_interfaces/include/drone_interfaces/drone_interfaces/msg/detail/waypoint_visited__type_support.cpp
[6.659s] -- Installing: /home/bhav/IITISoC-25-IVR09/install/drone_interfaces/include/drone_interfaces/drone_interfaces/msg/detail/surveillance_status__rosidl_typesupport_introspection_cpp.hpp
[6.659s] -- Installing: /home/bhav/IITISoC-25-IVR09/install/drone_interfaces/include/drone_interfaces/drone_interfaces/msg/detail/drone_type_change__rosidl_typesupport_introspection_cpp.hpp
[6.659s] -- Installing: /home/bhav/IITISoC-25-IVR09/install/drone_interfaces/include/drone_interfaces/drone_interfaces/msg/detail/geotag_visited__rosidl_typesupport_introspection_cpp.hpp
[6.659s] -- Installing: /home/bhav/IITISoC-25-IVR09/install/drone_interfaces/lib/libdrone_interfaces__rosidl_typesupport_introspection_cpp.so
[6.660s] -- Set runtime path of "/home/bhav/IITISoC-25-IVR09/install/drone_interfaces/lib/libdrone_interfaces__rosidl_typesupport_introspection_cpp.so" to ""
[6.660s] -- Installing: /home/bhav/IITISoC-25-IVR09/install/drone_interfaces/lib/libdrone_interfaces__rosidl_typesupport_cpp.so
[6.660s] -- Set runtime path of "/home/bhav/IITISoC-25-IVR09/install/drone_interfaces/lib/libdrone_interfaces__rosidl_typesupport_cpp.so" to ""
[6.660s] -- Up-to-date: /home/bhav/IITISoC-25-IVR09/install/drone_interfaces/share/drone_interfaces/environment/pythonpath.sh
[6.660s] -- Installing: /home/bhav/IITISoC-25-IVR09/install/drone_interfaces/share/drone_interfaces/environment/pythonpath.dsv
[6.660s] -- Up-to-date: /home/bhav/IITISoC-25-IVR09/install/drone_interfaces/local/lib/python3.10/dist-packages/drone_interfaces-0.0.0-py3.10.egg-info
[6.660s] -- Installing: /home/bhav/IITISoC-25-IVR09/install/drone_interfaces/local/lib/python3.10/dist-packages/drone_interfaces-0.0.0-py3.10.egg-info/top_level.txt
[6.661s] -- Installing: /home/bhav/IITISoC-25-IVR09/install/drone_interfaces/local/lib/python3.10/dist-packages/drone_interfaces-0.0.0-py3.10.egg-info/SOURCES.txt
[6.661s] -- Installing: /home/bhav/IITISoC-25-IVR09/install/drone_interfaces/local/lib/python3.10/dist-packages/drone_interfaces-0.0.0-py3.10.egg-info/dependency_links.txt
[6.661s] -- Installing: /home/bhav/IITISoC-25-IVR09/install/drone_interfaces/local/lib/python3.10/dist-packages/drone_interfaces-0.0.0-py3.10.egg-info/PKG-INFO
[6.661s] -- Up-to-date: /home/bhav/IITISoC-25-IVR09/install/drone_interfaces/local/lib/python3.10/dist-packages/drone_interfaces
[6.661s] -- Installing: /home/bhav/IITISoC-25-IVR09/install/drone_interfaces/local/lib/python3.10/dist-packages/drone_interfaces/drone_interfaces_s__rosidl_typesupport_fastrtps_c.cpython-310-x86_64-linux-gnu.so
[6.661s] -- Installing: /home/bhav/IITISoC-25-IVR09/install/drone_interfaces/local/lib/python3.10/dist-packages/drone_interfaces/libdrone_interfaces__rosidl_generator_py.so
[6.661s] -- Up-to-date: /home/bhav/IITISoC-25-IVR09/install/drone_interfaces/local/lib/python3.10/dist-packages/drone_interfaces/srv
[6.661s] -- Installing: /home/bhav/IITISoC-25-IVR09/install/drone_interfaces/local/lib/python3.10/dist-packages/drone_interfaces/srv/_get_severity_score_s.c
[6.661s] -- Installing: /home/bhav/IITISoC-25-IVR09/install/drone_interfaces/local/lib/python3.10/dist-packages/drone_interfaces/srv/_get_severity_score.py
[6.662s] -- Installing: /home/bhav/IITISoC-25-IVR09/install/drone_interfaces/local/lib/python3.10/dist-packages/drone_interfaces/srv/__init__.py
[6.662s] -- Installing: /home/bhav/IITISoC-25-IVR09/install/drone_interfaces/local/lib/python3.10/dist-packages/drone_interfaces/_drone_interfaces_s.ep.rosidl_typesupport_fastrtps_c.c
[6.662s] -- Up-to-date: /home/bhav/IITISoC-25-IVR09/install/drone_interfaces/local/lib/python3.10/dist-packages/drone_interfaces/msg
[6.662s] -- Installing: /home/bhav/IITISoC-25-IVR09/install/drone_interfaces/local/lib/python3.10/dist-packages/drone_interfaces/msg/_drone_status_s.c
[6.662s] -- Installing: /home/bhav/IITISoC-25-IVR09/install/drone_interfaces/local/lib/python3.10/dist-packages/drone_interfaces/msg/_geotag_array.py
[6.662s] -- Installing: /home/bhav/IITISoC-25-IVR09/install/drone_interfaces/local/lib/python3.10/dist-packages/drone_interfaces/msg/_waypoint_request_s.c
[6.662s] -- Installing: /home/bhav/IITISoC-25-IVR09/install/drone_interfaces/local/lib/python3.10/dist-packages/drone_interfaces/msg/_geotag_visited.py
[6.662s] -- Installing: /home/bhav/IITISoC-25-IVR09/install/drone_interfaces/local/lib/python3.10/dist-packages/drone_interfaces/msg/_drone_status.py
[6.662s] -- Installing: /home/bhav/IITISoC-25-IVR09/install/drone_interfaces/local/lib/python3.10/dist-packages/drone_interfaces/msg/_waypoint.py
[6.662s] -- Installing: /home/bhav/IITISoC-25-IVR09/install/drone_interfaces/local/lib/python3.10/dist-packages/drone_interfaces/msg/_geotag_array_s.c
[6.662s] -- Installing: /home/bhav/IITISoC-25-IVR09/install/drone_interfaces/local/lib/python3.10/dist-packages/drone_interfaces/msg/_waypoint_array_s.c
[6.663s] -- Installing: /home/bhav/IITISoC-25-IVR09/install/drone_interfaces/local/lib/python3.10/dist-packages/drone_interfaces/msg/_drone_status_update.py
[6.663s] -- Installing: /home/bhav/IITISoC-25-IVR09/install/drone_interfaces/local/lib/python3.10/dist-packages/drone_interfaces/msg/_waypoint_request.py
[6.663s] -- Installing: /home/bhav/IITISoC-25-IVR09/install/drone_interfaces/local/lib/python3.10/dist-packages/drone_interfaces/msg/_geotag_request.py
[6.663s] -- Installing: /home/bhav/IITISoC-25-IVR09/install/drone_interfaces/local/lib/python3.10/dist-packages/drone_interfaces/msg/_geotag_request_s.c
[6.663s] -- Installing: /home/bhav/IITISoC-25-IVR09/install/drone_interfaces/local/lib/python3.10/dist-packages/drone_interfaces/msg/_surveillance_status_s.c
[6.663s] -- Installing: /home/bhav/IITISoC-25-IVR09/install/drone_interfaces/local/lib/python3.10/dist-packages/drone_interfaces/msg/_waypoint_array.py
[6.663s] -- Installing: /home/bhav/IITISoC-25-IVR09/install/drone_interfaces/local/lib/python3.10/dist-packages/drone_interfaces/msg/_drone_status_update_s.c
[6.663s] -- Installing: /home/bhav/IITISoC-25-IVR09/install/drone_interfaces/local/lib/python3.10/dist-packages/drone_interfaces/msg/_waypoint_visited.py
[6.663s] -- Installing: /home/bhav/IITISoC-25-IVR09/install/drone_interfaces/local/lib/python3.10/dist-packages/drone_interfaces/msg/_drone_type_change_s.c
[6.663s] -- Installing: /home/bhav/IITISoC-25-IVR09/install/drone_interfaces/local/lib/python3.10/dist-packages/drone_interfaces/msg/_waypoint_s.c
[6.663s] -- Installing: /home/bhav/IITISoC-25-IVR09/install/drone_interfaces/local/lib/python3.10/dist-packages/drone_interfaces/msg/_geotag_visited_s.c
[6.663s] -- Installing: /home/bhav/IITISoC-25-IVR09/install/drone_interfaces/local/lib/python3.10/dist-packages/drone_interfaces/msg/_geotag_s.c
[6.664s] -- Installing: /home/bhav/IITISoC-25-IVR09/install/drone_interfaces/local/lib/python3.10/dist-packages/drone_interfaces/msg/_geotag.py
[6.664s] -- Installing: /home/bhav/IITISoC-25-IVR09/install/drone_interfaces/local/lib/python3.10/dist-packages/drone_interfaces/msg/__init__.py
[6.664s] -- Installing: /home/bhav/IITISoC-25-IVR09/install/drone_interfaces/local/lib/python3.10/dist-packages/drone_interfaces/msg/_surveillance_status.py
[6.664s] -- Installing: /home/bhav/IITISoC-25-IVR09/install/drone_interfaces/local/lib/python3.10/dist-packages/drone_interfaces/msg/_drone_type_change.py
[6.664s] -- Installing: /home/bhav/IITISoC-25-IVR09/install/drone_interfaces/local/lib/python3.10/dist-packages/drone_interfaces/msg/_waypoint_visited_s.c
[6.664s] -- Installing: /home/bhav/IITISoC-25-IVR09/install/drone_interfaces/local/lib/python3.10/dist-packages/drone_interfaces/_drone_interfaces_s.ep.rosidl_typesupport_introspection_c.c
[6.664s] -- Installing: /home/bhav/IITISoC-25-IVR09/install/drone_interfaces/local/lib/python3.10/dist-packages/drone_interfaces/_drone_interfaces_s.ep.rosidl_typesupport_c.c
[6.664s] -- Installing: /home/bhav/IITISoC-25-IVR09/install/drone_interfaces/local/lib/python3.10/dist-packages/drone_interfaces/drone_interfaces_s__rosidl_typesupport_introspection_c.cpython-310-x86_64-linux-gnu.so
[6.664s] -- Installing: /home/bhav/IITISoC-25-IVR09/install/drone_interfaces/local/lib/python3.10/dist-packages/drone_interfaces/__init__.py
[6.664s] -- Installing: /home/bhav/IITISoC-25-IVR09/install/drone_interfaces/local/lib/python3.10/dist-packages/drone_interfaces/drone_interfaces_s__rosidl_typesupport_c.cpython-310-x86_64-linux-gnu.so
[6.704s] Listing '/home/bhav/IITISoC-25-IVR09/install/drone_interfaces/local/lib/python3.10/dist-packages/drone_interfaces'...
[6.704s] Compiling '/home/bhav/IITISoC-25-IVR09/install/drone_interfaces/local/lib/python3.10/dist-packages/drone_interfaces/__init__.py'...
[6.704s] Listing '/home/bhav/IITISoC-25-IVR09/install/drone_interfaces/local/lib/python3.10/dist-packages/drone_interfaces/msg'...
[6.705s] Compiling '/home/bhav/IITISoC-25-IVR09/install/drone_interfaces/local/lib/python3.10/dist-packages/drone_interfaces/msg/__init__.py'...
[6.705s] Compiling '/home/bhav/IITISoC-25-IVR09/install/drone_interfaces/local/lib/python3.10/dist-packages/drone_interfaces/msg/_drone_status.py'...
[6.705s] Compiling '/home/bhav/IITISoC-25-IVR09/install/drone_interfaces/local/lib/python3.10/dist-packages/drone_interfaces/msg/_drone_status_update.py'...
[6.705s] Compiling '/home/bhav/IITISoC-25-IVR09/install/drone_interfaces/local/lib/python3.10/dist-packages/drone_interfaces/msg/_drone_type_change.py'...
[6.705s] Compiling '/home/bhav/IITISoC-25-IVR09/install/drone_interfaces/local/lib/python3.10/dist-packages/drone_interfaces/msg/_geotag.py'...
[6.705s] Compiling '/home/bhav/IITISoC-25-IVR09/install/drone_interfaces/local/lib/python3.10/dist-packages/drone_interfaces/msg/_geotag_array.py'...
[6.705s] Compiling '/home/bhav/IITISoC-25-IVR09/install/drone_interfaces/local/lib/python3.10/dist-packages/drone_interfaces/msg/_geotag_request.py'...
[6.705s] Compiling '/home/bhav/IITISoC-25-IVR09/install/drone_interfaces/local/lib/python3.10/dist-packages/drone_interfaces/msg/_geotag_visited.py'...
[6.705s] Compiling '/home/bhav/IITISoC-25-IVR09/install/drone_interfaces/local/lib/python3.10/dist-packages/drone_interfaces/msg/_surveillance_status.py'...
[6.705s] Compiling '/home/bhav/IITISoC-25-IVR09/install/drone_interfaces/local/lib/python3.10/dist-packages/drone_interfaces/msg/_waypoint.py'...
[6.705s] Compiling '/home/bhav/IITISoC-25-IVR09/install/drone_interfaces/local/lib/python3.10/dist-packages/drone_interfaces/msg/_waypoint_array.py'...
[6.705s] Compiling '/home/bhav/IITISoC-25-IVR09/install/drone_interfaces/local/lib/python3.10/dist-packages/drone_interfaces/msg/_waypoint_request.py'...
[6.705s] Compiling '/home/bhav/IITISoC-25-IVR09/install/drone_interfaces/local/lib/python3.10/dist-packages/drone_interfaces/msg/_waypoint_visited.py'...
[6.705s] Listing '/home/bhav/IITISoC-25-IVR09/install/drone_interfaces/local/lib/python3.10/dist-packages/drone_interfaces/srv'...
[6.706s] Compiling '/home/bhav/IITISoC-25-IVR09/install/drone_interfaces/local/lib/python3.10/dist-packages/drone_interfaces/srv/__init__.py'...
[6.706s] Compiling '/home/bhav/IITISoC-25-IVR09/install/drone_interfaces/local/lib/python3.10/dist-packages/drone_interfaces/srv/_get_severity_score.py'...
[6.710s] -- Installing: /home/bhav/IITISoC-25-IVR09/install/drone_interfaces/local/lib/python3.10/dist-packages/drone_interfaces/drone_interfaces_s__rosidl_typesupport_fastrtps_c.cpython-310-x86_64-linux-gnu.so
[6.710s] -- Set runtime path of "/home/bhav/IITISoC-25-IVR09/install/drone_interfaces/local/lib/python3.10/dist-packages/drone_interfaces/drone_interfaces_s__rosidl_typesupport_fastrtps_c.cpython-310-x86_64-linux-gnu.so" to ""
[6.711s] -- Installing: /home/bhav/IITISoC-25-IVR09/install/drone_interfaces/local/lib/python3.10/dist-packages/drone_interfaces/drone_interfaces_s__rosidl_typesupport_introspection_c.cpython-310-x86_64-linux-gnu.so
[6.711s] -- Set runtime path of "/home/bhav/IITISoC-25-IVR09/install/drone_interfaces/local/lib/python3.10/dist-packages/drone_interfaces/drone_interfaces_s__rosidl_typesupport_introspection_c.cpython-310-x86_64-linux-gnu.so" to ""
[6.712s] -- Installing: /home/bhav/IITISoC-25-IVR09/install/drone_interfaces/local/lib/python3.10/dist-packages/drone_interfaces/drone_interfaces_s__rosidl_typesupport_c.cpython-310-x86_64-linux-gnu.so
[6.712s] -- Set runtime path of "/home/bhav/IITISoC-25-IVR09/install/drone_interfaces/local/lib/python3.10/dist-packages/drone_interfaces/drone_interfaces_s__rosidl_typesupport_c.cpython-310-x86_64-linux-gnu.so" to ""
[6.712s] -- Installing: /home/bhav/IITISoC-25-IVR09/install/drone_interfaces/lib/libdrone_interfaces__rosidl_generator_py.so
[6.713s] -- Set runtime path of "/home/bhav/IITISoC-25-IVR09/install/drone_interfaces/lib/libdrone_interfaces__rosidl_generator_py.so" to ""
[6.713s] -- Up-to-date: /home/bhav/IITISoC-25-IVR09/install/drone_interfaces/share/drone_interfaces/msg/Waypoint.idl
[6.713s] -- Up-to-date: /home/bhav/IITISoC-25-IVR09/install/drone_interfaces/share/drone_interfaces/msg/WaypointArray.idl
[6.713s] -- Up-to-date: /home/bhav/IITISoC-25-IVR09/install/drone_interfaces/share/drone_interfaces/msg/DroneStatus.idl
[6.713s] -- Up-to-date: /home/bhav/IITISoC-25-IVR09/install/drone_interfaces/share/drone_interfaces/msg/WaypointRequest.idl
[6.713s] -- Up-to-date: /home/bhav/IITISoC-25-IVR09/install/drone_interfaces/share/drone_interfaces/msg/WaypointVisited.idl
[6.713s] -- Up-to-date: /home/bhav/IITISoC-25-IVR09/install/drone_interfaces/share/drone_interfaces/msg/DroneStatusUpdate.idl
[6.714s] -- Up-to-date: /home/bhav/IITISoC-25-IVR09/install/drone_interfaces/share/drone_interfaces/msg/DroneTypeChange.idl
[6.714s] -- Up-to-date: /home/bhav/IITISoC-25-IVR09/install/drone_interfaces/share/drone_interfaces/msg/Geotag.idl
[6.714s] -- Up-to-date: /home/bhav/IITISoC-25-IVR09/install/drone_interfaces/share/drone_interfaces/msg/GeotagArray.idl
[6.714s] -- Up-to-date: /home/bhav/IITISoC-25-IVR09/install/drone_interfaces/share/drone_interfaces/msg/GeotagRequest.idl
[6.714s] -- Up-to-date: /home/bhav/IITISoC-25-IVR09/install/drone_interfaces/share/drone_interfaces/msg/GeotagVisited.idl
[6.714s] -- Installing: /home/bhav/IITISoC-25-IVR09/install/drone_interfaces/share/drone_interfaces/msg/SurveillanceStatus.idl
[6.715s] -- Up-to-date: /home/bhav/IITISoC-25-IVR09/install/drone_interfaces/share/drone_interfaces/srv/GetSeverityScore.idl
[6.715s] -- Up-to-date: /home/bhav/IITISoC-25-IVR09/install/drone_interfaces/share/drone_interfaces/msg/Waypoint.msg
[6.715s] -- Up-to-date: /home/bhav/IITISoC-25-IVR09/install/drone_interfaces/share/drone_interfaces/msg/WaypointArray.msg
[6.715s] -- Up-to-date: /home/bhav/IITISoC-25-IVR09/install/drone_interfaces/share/drone_interfaces/msg/DroneStatus.msg
[6.715s] -- Up-to-date: /home/bhav/IITISoC-25-IVR09/install/drone_interfaces/share/drone_interfaces/msg/WaypointRequest.msg
[6.715s] -- Up-to-date: /home/bhav/IITISoC-25-IVR09/install/drone_interfaces/share/drone_interfaces/msg/WaypointVisited.msg
[6.715s] -- Up-to-date: /home/bhav/IITISoC-25-IVR09/install/drone_interfaces/share/drone_interfaces/msg/DroneStatusUpdate.msg
[6.715s] -- Up-to-date: /home/bhav/IITISoC-25-IVR09/install/drone_interfaces/share/drone_interfaces/msg/DroneTypeChange.msg
[6.716s] -- Up-to-date: /home/bhav/IITISoC-25-IVR09/install/drone_interfaces/share/drone_interfaces/msg/Geotag.msg
[6.716s] -- Up-to-date: /home/bhav/IITISoC-25-IVR09/install/drone_interfaces/share/drone_interfaces/msg/GeotagArray.msg
[6.716s] -- Up-to-date: /home/bhav/IITISoC-25-IVR09/install/drone_interfaces/share/drone_interfaces/msg/GeotagRequest.msg
[6.716s] -- Up-to-date: /home/bhav/IITISoC-25-IVR09/install/drone_interfaces/share/drone_interfaces/msg/GeotagVisited.msg
[6.716s] -- Installing: /home/bhav/IITISoC-25-IVR09/install/drone_interfaces/share/drone_interfaces/msg/SurveillanceStatus.msg
[6.716s] -- Up-to-date: /home/bhav/IITISoC-25-IVR09/install/drone_interfaces/share/drone_interfaces/srv/GetSeverityScore.srv
[6.716s] -- Up-to-date: /home/bhav/IITISoC-25-IVR09/install/drone_interfaces/share/drone_interfaces/srv/GetSeverityScore_Request.msg
[6.716s] -- Up-to-date: /home/bhav/IITISoC-25-IVR09/install/drone_interfaces/share/drone_interfaces/srv/GetSeverityScore_Response.msg
[6.716s] -- Up-to-date: /home/bhav/IITISoC-25-IVR09/install/drone_interfaces/share/ament_index/resource_index/package_run_dependencies/drone_interfaces
[6.716s] -- Installing: /home/bhav/IITISoC-25-IVR09/install/drone_interfaces/share/ament_index/resource_index/parent_prefix_path/drone_interfaces
[6.716s] -- Up-to-date: /home/bhav/IITISoC-25-IVR09/install/drone_interfaces/share/drone_interfaces/environment/ament_prefix_path.sh
[6.716s] -- Installing: /home/bhav/IITISoC-25-IVR09/install/drone_interfaces/share/drone_interfaces/environment/ament_prefix_path.dsv
[6.717s] -- Up-to-date: /home/bhav/IITISoC-25-IVR09/install/drone_interfaces/share/drone_interfaces/environment/path.sh
[6.717s] -- Installing: /home/bhav/IITISoC-25-IVR09/install/drone_interfaces/share/drone_interfaces/environment/path.dsv
[6.717s] -- Up-to-date: /home/bhav/IITISoC-25-IVR09/install/drone_interfaces/share/drone_interfaces/local_setup.bash
[6.717s] -- Up-to-date: /home/bhav/IITISoC-25-IVR09/install/drone_interfaces/share/drone_interfaces/local_setup.sh
[6.717s] -- Up-to-date: /home/bhav/IITISoC-25-IVR09/install/drone_interfaces/share/drone_interfaces/local_setup.zsh
[6.717s] -- Installing: /home/bhav/IITISoC-25-IVR09/install/drone_interfaces/share/drone_interfaces/local_setup.dsv
[6.717s] -- Installing: /home/bhav/IITISoC-25-IVR09/install/drone_interfaces/share/drone_interfaces/package.dsv
[6.718s] -- Up-to-date: /home/bhav/IITISoC-25-IVR09/install/drone_interfaces/share/ament_index/resource_index/packages/drone_interfaces
[6.718s] -- Up-to-date: /home/bhav/IITISoC-25-IVR09/install/drone_interfaces/share/drone_interfaces/cmake/export_drone_interfaces__rosidl_generator_cExport.cmake
[6.718s] -- Up-to-date: /home/bhav/IITISoC-25-IVR09/install/drone_interfaces/share/drone_interfaces/cmake/export_drone_interfaces__rosidl_generator_cExport-noconfig.cmake
[6.718s] -- Up-to-date: /home/bhav/IITISoC-25-IVR09/install/drone_interfaces/share/drone_interfaces/cmake/export_drone_interfaces__rosidl_typesupport_fastrtps_cExport.cmake
[6.718s] -- Up-to-date: /home/bhav/IITISoC-25-IVR09/install/drone_interfaces/share/drone_interfaces/cmake/export_drone_interfaces__rosidl_typesupport_fastrtps_cExport-noconfig.cmake
[6.718s] -- Up-to-date: /home/bhav/IITISoC-25-IVR09/install/drone_interfaces/share/drone_interfaces/cmake/drone_interfaces__rosidl_typesupport_introspection_cExport.cmake
[6.718s] -- Up-to-date: /home/bhav/IITISoC-25-IVR09/install/drone_interfaces/share/drone_interfaces/cmake/drone_interfaces__rosidl_typesupport_introspection_cExport-noconfig.cmake
[6.718s] -- Up-to-date: /home/bhav/IITISoC-25-IVR09/install/drone_interfaces/share/drone_interfaces/cmake/drone_interfaces__rosidl_typesupport_cExport.cmake
[6.718s] -- Up-to-date: /home/bhav/IITISoC-25-IVR09/install/drone_interfaces/share/drone_interfaces/cmake/drone_interfaces__rosidl_typesupport_cExport-noconfig.cmake
[6.718s] -- Up-to-date: /home/bhav/IITISoC-25-IVR09/install/drone_interfaces/share/drone_interfaces/cmake/export_drone_interfaces__rosidl_generator_cppExport.cmake
[6.718s] -- Up-to-date: /home/bhav/IITISoC-25-IVR09/install/drone_interfaces/share/drone_interfaces/cmake/export_drone_interfaces__rosidl_typesupport_fastrtps_cppExport.cmake
[6.718s] -- Up-to-date: /home/bhav/IITISoC-25-IVR09/install/drone_interfaces/share/drone_interfaces/cmake/export_drone_interfaces__rosidl_typesupport_fastrtps_cppExport-noconfig.cmake
[6.718s] -- Up-to-date: /home/bhav/IITISoC-25-IVR09/install/drone_interfaces/share/drone_interfaces/cmake/drone_interfaces__rosidl_typesupport_introspection_cppExport.cmake
[6.718s] -- Up-to-date: /home/bhav/IITISoC-25-IVR09/install/drone_interfaces/share/drone_interfaces/cmake/drone_interfaces__rosidl_typesupport_introspection_cppExport-noconfig.cmake
[6.718s] -- Up-to-date: /home/bhav/IITISoC-25-IVR09/install/drone_interfaces/share/drone_interfaces/cmake/drone_interfaces__rosidl_typesupport_cppExport.cmake
[6.718s] -- Up-to-date: /home/bhav/IITISoC-25-IVR09/install/drone_interfaces/share/drone_interfaces/cmake/drone_interfaces__rosidl_typesupport_cppExport-noconfig.cmake
[6.718s] -- Up-to-date: /home/bhav/IITISoC-25-IVR09/install/drone_interfaces/share/drone_interfaces/cmake/export_drone_interfaces__rosidl_generator_pyExport.cmake
[6.718s] -- Up-to-date: /home/bhav/IITISoC-25-IVR09/install/drone_interfaces/share/drone_interfaces/cmake/export_drone_interfaces__rosidl_generator_pyExport-noconfig.cmake
[6.718s] -- Installing: /home/bhav/IITISoC-25-IVR09/install/drone_interfaces/share/drone_interfaces/cmake/rosidl_cmake-extras.cmake
[6.718s] -- Up-to-date: /home/bhav/IITISoC-25-IVR09/install/drone_interfaces/share/drone_interfaces/cmake/ament_cmake_export_include_directories-extras.cmake
[6.718s] -- Up-to-date: /home/bhav/IITISoC-25-IVR09/install/drone_interfaces/share/drone_interfaces/cmake/ament_cmake_export_libraries-extras.cmake
[6.718s] -- Up-to-date: /home/bhav/IITISoC-25-IVR09/install/drone_interfaces/share/drone_interfaces/cmake/ament_cmake_export_targets-extras.cmake
[6.718s] -- Up-to-date: /home/bhav/IITISoC-25-IVR09/install/drone_interfaces/share/drone_interfaces/cmake/rosidl_cmake_export_typesupport_targets-extras.cmake
[6.718s] -- Up-to-date: /home/bhav/IITISoC-25-IVR09/install/drone_interfaces/share/drone_interfaces/cmake/ament_cmake_export_dependencies-extras.cmake
[6.718s] -- Up-to-date: /home/bhav/IITISoC-25-IVR09/install/drone_interfaces/share/drone_interfaces/cmake/rosidl_cmake_export_typesupport_libraries-extras.cmake
[6.718s] -- Up-to-date: /home/bhav/IITISoC-25-IVR09/install/drone_interfaces/share/drone_interfaces/cmake/drone_interfacesConfig.cmake
[6.718s] -- Up-to-date: /home/bhav/IITISoC-25-IVR09/install/drone_interfaces/share/drone_interfaces/cmake/drone_interfacesConfig-version.cmake
[6.718s] -- Up-to-date: /home/bhav/IITISoC-25-IVR09/install/drone_interfaces/share/drone_interfaces/package.xml
[6.720s] Invoked command in '/home/bhav/IITISoC-25-IVR09/build/drone_interfaces' returned '0': CMAKE_PREFIX_PATH=${CMAKE_PREFIX_PATH}:/home/bhav/IITISoC-25-IVR09/install/gcs_controller:/home/bhav/IITISoC-25-IVR09/install/mission_utils:/home/bhav/IITISoC-25-IVR09/install/drone_launch:/home/bhav/IITISoC-25-IVR09/install/drone_2_manager:/home/bhav/IITISoC-25-IVR09/install/drone_1_manager:/opt/ros/humble /usr/bin/cmake --install /home/bhav/IITISoC-25-IVR09/build/drone_interfaces
