[5.826s] Invoking command in '/home/chakrapani/drone_files/IITI_SOC/gcs_ws/src/gcs_controller': AMENT_PREFIX_PATH=/home/chakrapani/drone_files/IITI_SOC/gcs_ws/install/mission_utils:/home/chakrapani/drone_files/IITI_SOC/gcs_ws/install/gcs_controller:/home/chakrapani/drone_files/IITI_SOC/gcs_ws/install/drone_launch:/home/chakrapani/drone_files/IITI_SOC/gcs_ws/install/drone_2_manager:/home/chakrapani/drone_files/IITI_SOC/gcs_ws/install/drone_1_manager:/home/chakrapani/drone_files/IITI_SOC/gcs_ws/install/drone_interfaces:/home/chakrapani/px4_ros_ws/install/px4_msgs:/opt/ros/humble PYTHONPATH=/home/chakrapani/drone_files/IITI_SOC/gcs_ws/build/gcs_controller/prefix_override:/usr/lib/python3/dist-packages/colcon_core/task/python/colcon_distutils_commands:/home/chakrapani/drone_files/IITI_SOC/gcs_ws/install/gcs_controller/lib/python3.10/site-packages:/home/chakrapani/drone_files/IITI_SOC/gcs_ws/install/mission_utils/lib/python3.10/site-packages:/home/chakrapani/drone_files/IITI_SOC/gcs_ws/install/gcs_controller/lib/python3.10/site-packages:/home/chakrapani/drone_files/IITI_SOC/gcs_ws/install/drone_launch/lib/python3.10/site-packages:/home/chakrapani/drone_files/IITI_SOC/gcs_ws/install/drone_2_manager/lib/python3.10/site-packages:/home/chakrapani/drone_files/IITI_SOC/gcs_ws/install/drone_1_manager/lib/python3.10/site-packages:/home/chakrapani/drone_files/IITI_SOC/gcs_ws/install/drone_interfaces/local/lib/python3.10/dist-packages:/home/chakrapani/px4_ros_ws/install/px4_msgs/local/lib/python3.10/dist-packages:/opt/ros/humble/lib/python3.10/site-packages:/opt/ros/humble/local/lib/python3.10/dist-packages /usr/bin/python3 -W ignore:setup.py install is deprecated -W ignore:easy_install command is deprecated setup.py egg_info --egg-base ../../build/gcs_controller build --build-base /home/chakrapani/drone_files/IITI_SOC/gcs_ws/build/gcs_controller/build install --record /home/chakrapani/drone_files/IITI_SOC/gcs_ws/build/gcs_controller/install.log --single-version-externally-managed install_data
[6.865s] running egg_info
[6.867s] writing ../../build/gcs_controller/gcs_controller.egg-info/PKG-INFO
[6.869s] writing dependency_links to ../../build/gcs_controller/gcs_controller.egg-info/dependency_links.txt
[6.870s] writing entry points to ../../build/gcs_controller/gcs_controller.egg-info/entry_points.txt
[6.873s] writing requirements to ../../build/gcs_controller/gcs_controller.egg-info/requires.txt
[6.874s] writing top-level names to ../../build/gcs_controller/gcs_controller.egg-info/top_level.txt
[6.881s] reading manifest file '../../build/gcs_controller/gcs_controller.egg-info/SOURCES.txt'
[6.882s] writing manifest file '../../build/gcs_controller/gcs_controller.egg-info/SOURCES.txt'
[6.882s] running build
[6.882s] running build_py
[6.883s] copying gcs_controller/swarm_supervisor_node.py -> /home/chakrapani/drone_files/IITI_SOC/gcs_ws/build/gcs_controller/build/lib/gcs_controller
[6.883s] running install
[6.886s] running install_lib
[6.890s] copying /home/chakrapani/drone_files/IITI_SOC/gcs_ws/build/gcs_controller/build/lib/gcs_controller/swarm_supervisor_node.py -> /home/chakrapani/drone_files/IITI_SOC/gcs_ws/install/gcs_controller/lib/python3.10/site-packages/gcs_controller
[6.900s] byte-compiling /home/chakrapani/drone_files/IITI_SOC/gcs_ws/install/gcs_controller/lib/python3.10/site-packages/gcs_controller/swarm_supervisor_node.py to swarm_supervisor_node.cpython-310.pyc
[6.913s] running install_data
[6.914s] running install_egg_info
[6.922s] removing '/home/chakrapani/drone_files/IITI_SOC/gcs_ws/install/gcs_controller/lib/python3.10/site-packages/gcs_controller-0.0.0-py3.10.egg-info' (and everything under it)
[6.922s] Copying ../../build/gcs_controller/gcs_controller.egg-info to /home/chakrapani/drone_files/IITI_SOC/gcs_ws/install/gcs_controller/lib/python3.10/site-packages/gcs_controller-0.0.0-py3.10.egg-info
[6.923s] running install_scripts
[6.998s] Installing geotag_manager_node script to /home/chakrapani/drone_files/IITI_SOC/gcs_ws/install/gcs_controller/lib/gcs_controller
[7.000s] Installing swarm_supervisor_node script to /home/chakrapani/drone_files/IITI_SOC/gcs_ws/install/gcs_controller/lib/gcs_controller
[7.001s] Installing waypoint_manager_node script to /home/chakrapani/drone_files/IITI_SOC/gcs_ws/install/gcs_controller/lib/gcs_controller
[7.003s] writing list of installed files to '/home/chakrapani/drone_files/IITI_SOC/gcs_ws/build/gcs_controller/install.log'
[7.216s] Invoked command in '/home/chakrapani/drone_files/IITI_SOC/gcs_ws/src/gcs_controller' returned '0': AMENT_PREFIX_PATH=/home/chakrapani/drone_files/IITI_SOC/gcs_ws/install/mission_utils:/home/chakrapani/drone_files/IITI_SOC/gcs_ws/install/gcs_controller:/home/chakrapani/drone_files/IITI_SOC/gcs_ws/install/drone_launch:/home/chakrapani/drone_files/IITI_SOC/gcs_ws/install/drone_2_manager:/home/chakrapani/drone_files/IITI_SOC/gcs_ws/install/drone_1_manager:/home/chakrapani/drone_files/IITI_SOC/gcs_ws/install/drone_interfaces:/home/chakrapani/px4_ros_ws/install/px4_msgs:/opt/ros/humble PYTHONPATH=/home/chakrapani/drone_files/IITI_SOC/gcs_ws/build/gcs_controller/prefix_override:/usr/lib/python3/dist-packages/colcon_core/task/python/colcon_distutils_commands:/home/chakrapani/drone_files/IITI_SOC/gcs_ws/install/gcs_controller/lib/python3.10/site-packages:/home/chakrapani/drone_files/IITI_SOC/gcs_ws/install/mission_utils/lib/python3.10/site-packages:/home/chakrapani/drone_files/IITI_SOC/gcs_ws/install/gcs_controller/lib/python3.10/site-packages:/home/chakrapani/drone_files/IITI_SOC/gcs_ws/install/drone_launch/lib/python3.10/site-packages:/home/chakrapani/drone_files/IITI_SOC/gcs_ws/install/drone_2_manager/lib/python3.10/site-packages:/home/chakrapani/drone_files/IITI_SOC/gcs_ws/install/drone_1_manager/lib/python3.10/site-packages:/home/chakrapani/drone_files/IITI_SOC/gcs_ws/install/drone_interfaces/local/lib/python3.10/dist-packages:/home/chakrapani/px4_ros_ws/install/px4_msgs/local/lib/python3.10/dist-packages:/opt/ros/humble/lib/python3.10/site-packages:/opt/ros/humble/local/lib/python3.10/dist-packages /usr/bin/python3 -W ignore:setup.py install is deprecated -W ignore:easy_install command is deprecated setup.py egg_info --egg-base ../../build/gcs_controller build --build-base /home/chakrapani/drone_files/IITI_SOC/gcs_ws/build/gcs_controller/build install --record /home/chakrapani/drone_files/IITI_SOC/gcs_ws/build/gcs_controller/install.log --single-version-externally-managed install_data
