[4.095s] Invoking command in '/home/chakrapani/drone_files/IITI_SOC/gcs_ws/src/drone_1_manager': PYTHONPATH=/home/chakrapani/drone_files/IITI_SOC/gcs_ws/build/drone_1_manager/prefix_override:/usr/lib/python3/dist-packages/colcon_core/task/python/colcon_distutils_commands:/home/chakrapani/drone_files/IITI_SOC/gcs_ws/install/drone_1_manager/lib/python3.10/site-packages:${PYTHONPATH} /usr/bin/python3 -W ignore:setup.py install is deprecated -W ignore:easy_install command is deprecated setup.py egg_info --egg-base ../../build/drone_1_manager build --build-base /home/chakrapani/drone_files/IITI_SOC/gcs_ws/build/drone_1_manager/build install --record /home/chakrapani/drone_files/IITI_SOC/gcs_ws/build/drone_1_manager/install.log --single-version-externally-managed install_data
[5.544s] running egg_info
[5.551s] writing ../../build/drone_1_manager/drone_1_manager.egg-info/PKG-INFO
[5.553s] writing dependency_links to ../../build/drone_1_manager/drone_1_manager.egg-info/dependency_links.txt
[5.553s] writing entry points to ../../build/drone_1_manager/drone_1_manager.egg-info/entry_points.txt
[5.553s] writing requirements to ../../build/drone_1_manager/drone_1_manager.egg-info/requires.txt
[5.553s] writing top-level names to ../../build/drone_1_manager/drone_1_manager.egg-info/top_level.txt
[5.559s] reading manifest file '../../build/drone_1_manager/drone_1_manager.egg-info/SOURCES.txt'
[5.559s] writing manifest file '../../build/drone_1_manager/drone_1_manager.egg-info/SOURCES.txt'
[5.560s] running build
[5.560s] running build_py
[5.560s] copying drone_1_manager/mission_handler_node.py -> /home/chakrapani/drone_files/IITI_SOC/gcs_ws/build/drone_1_manager/build/lib/drone_1_manager
[5.560s] running install
[5.563s] running install_lib
[5.577s] copying /home/chakrapani/drone_files/IITI_SOC/gcs_ws/build/drone_1_manager/build/lib/drone_1_manager/mission_handler_node.py -> /home/chakrapani/drone_files/IITI_SOC/gcs_ws/install/drone_1_manager/lib/python3.10/site-packages/drone_1_manager
[5.581s] byte-compiling /home/chakrapani/drone_files/IITI_SOC/gcs_ws/install/drone_1_manager/lib/python3.10/site-packages/drone_1_manager/mission_handler_node.py to mission_handler_node.cpython-310.pyc
[5.589s] running install_data
[5.590s] running install_egg_info
[5.602s] removing '/home/chakrapani/drone_files/IITI_SOC/gcs_ws/install/drone_1_manager/lib/python3.10/site-packages/drone_1_manager-0.0.0-py3.10.egg-info' (and everything under it)
[5.603s] Copying ../../build/drone_1_manager/drone_1_manager.egg-info to /home/chakrapani/drone_files/IITI_SOC/gcs_ws/install/drone_1_manager/lib/python3.10/site-packages/drone_1_manager-0.0.0-py3.10.egg-info
[5.606s] running install_scripts
[5.668s] Installing mission_handler_node script to /home/chakrapani/drone_files/IITI_SOC/gcs_ws/install/drone_1_manager/lib/drone_1_manager
[5.668s] Installing status_publisher_node script to /home/chakrapani/drone_files/IITI_SOC/gcs_ws/install/drone_1_manager/lib/drone_1_manager
[5.668s] writing list of installed files to '/home/chakrapani/drone_files/IITI_SOC/gcs_ws/build/drone_1_manager/install.log'
[6.295s] Invoked command in '/home/chakrapani/drone_files/IITI_SOC/gcs_ws/src/drone_1_manager' returned '0': PYTHONPATH=/home/chakrapani/drone_files/IITI_SOC/gcs_ws/build/drone_1_manager/prefix_override:/usr/lib/python3/dist-packages/colcon_core/task/python/colcon_distutils_commands:/home/chakrapani/drone_files/IITI_SOC/gcs_ws/install/drone_1_manager/lib/python3.10/site-packages:${PYTHONPATH} /usr/bin/python3 -W ignore:setup.py install is deprecated -W ignore:easy_install command is deprecated setup.py egg_info --egg-base ../../build/drone_1_manager build --build-base /home/chakrapani/drone_files/IITI_SOC/gcs_ws/build/drone_1_manager/build install --record /home/chakrapani/drone_files/IITI_SOC/gcs_ws/build/drone_1_manager/install.log --single-version-externally-managed install_data
