[0.761s] Invoking command in '/home/chakrapani/drone_files/IITI_SOC/gcs_ws/src/mission_utils': PYTHONPATH=/home/chakrapani/drone_files/IITI_SOC/gcs_ws/build/mission_utils/prefix_override:/usr/lib/python3/dist-packages/colcon_core/task/python/colcon_distutils_commands:/home/chakrapani/drone_files/IITI_SOC/gcs_ws/install/mission_utils/lib/python3.10/site-packages:${PYTHONPATH} /usr/bin/python3 -W ignore:setup.py install is deprecated -W ignore:easy_install command is deprecated setup.py egg_info --egg-base ../../build/mission_utils build --build-base /home/chakrapani/drone_files/IITI_SOC/gcs_ws/build/mission_utils/build install --record /home/chakrapani/drone_files/IITI_SOC/gcs_ws/build/mission_utils/install.log --single-version-externally-managed install_data
[1.037s] running egg_info
[1.040s] creating ../../build/mission_utils/mission_utils.egg-info
[1.041s] writing ../../build/mission_utils/mission_utils.egg-info/PKG-INFO
[1.041s] writing dependency_links to ../../build/mission_utils/mission_utils.egg-info/dependency_links.txt
[1.041s] writing entry points to ../../build/mission_utils/mission_utils.egg-info/entry_points.txt
[1.041s] writing requirements to ../../build/mission_utils/mission_utils.egg-info/requires.txt
[1.041s] writing top-level names to ../../build/mission_utils/mission_utils.egg-info/top_level.txt
[1.041s] writing manifest file '../../build/mission_utils/mission_utils.egg-info/SOURCES.txt'
[1.041s] reading manifest file '../../build/mission_utils/mission_utils.egg-info/SOURCES.txt'
[1.042s] writing manifest file '../../build/mission_utils/mission_utils.egg-info/SOURCES.txt'
[1.042s] running build
[1.042s] running build_py
[1.042s] creating /home/chakrapani/drone_files/IITI_SOC/gcs_ws/build/mission_utils/build
[1.042s] creating /home/chakrapani/drone_files/IITI_SOC/gcs_ws/build/mission_utils/build/lib
[1.043s] creating /home/chakrapani/drone_files/IITI_SOC/gcs_ws/build/mission_utils/build/lib/mission_utils
[1.043s] copying mission_utils/__init__.py -> /home/chakrapani/drone_files/IITI_SOC/gcs_ws/build/mission_utils/build/lib/mission_utils
[1.043s] running install
[1.043s] running install_lib
[1.044s] creating /home/chakrapani/drone_files/IITI_SOC/gcs_ws/install/mission_utils/lib/python3.10/site-packages/mission_utils
[1.044s] copying /home/chakrapani/drone_files/IITI_SOC/gcs_ws/build/mission_utils/build/lib/mission_utils/__init__.py -> /home/chakrapani/drone_files/IITI_SOC/gcs_ws/install/mission_utils/lib/python3.10/site-packages/mission_utils
[1.044s] byte-compiling /home/chakrapani/drone_files/IITI_SOC/gcs_ws/install/mission_utils/lib/python3.10/site-packages/mission_utils/__init__.py to __init__.cpython-310.pyc
[1.045s] running install_data
[1.045s] creating /home/chakrapani/drone_files/IITI_SOC/gcs_ws/install/mission_utils/share/ament_index
[1.046s] creating /home/chakrapani/drone_files/IITI_SOC/gcs_ws/install/mission_utils/share/ament_index/resource_index
[1.046s] creating /home/chakrapani/drone_files/IITI_SOC/gcs_ws/install/mission_utils/share/ament_index/resource_index/packages
[1.046s] copying resource/mission_utils -> /home/chakrapani/drone_files/IITI_SOC/gcs_ws/install/mission_utils/share/ament_index/resource_index/packages
[1.047s] copying package.xml -> /home/chakrapani/drone_files/IITI_SOC/gcs_ws/install/mission_utils/share/mission_utils
[1.048s] running install_egg_info
[1.048s] Copying ../../build/mission_utils/mission_utils.egg-info to /home/chakrapani/drone_files/IITI_SOC/gcs_ws/install/mission_utils/lib/python3.10/site-packages/mission_utils-0.0.0-py3.10.egg-info
[1.048s] running install_scripts
[1.075s] writing list of installed files to '/home/chakrapani/drone_files/IITI_SOC/gcs_ws/build/mission_utils/install.log'
[1.115s] Invoked command in '/home/chakrapani/drone_files/IITI_SOC/gcs_ws/src/mission_utils' returned '0': PYTHONPATH=/home/chakrapani/drone_files/IITI_SOC/gcs_ws/build/mission_utils/prefix_override:/usr/lib/python3/dist-packages/colcon_core/task/python/colcon_distutils_commands:/home/chakrapani/drone_files/IITI_SOC/gcs_ws/install/mission_utils/lib/python3.10/site-packages:${PYTHONPATH} /usr/bin/python3 -W ignore:setup.py install is deprecated -W ignore:easy_install command is deprecated setup.py egg_info --egg-base ../../build/mission_utils build --build-base /home/chakrapani/drone_files/IITI_SOC/gcs_ws/build/mission_utils/build install --record /home/chakrapani/drone_files/IITI_SOC/gcs_ws/build/mission_utils/install.log --single-version-externally-managed install_data
