[1.088s] Invoking command in '/home/chakrapani/drone_files/IITI_SOC/gcs_ws/src/drone_2_manager': PYTHONPATH=/home/chakrapani/drone_files/IITI_SOC/gcs_ws/build/drone_2_manager/prefix_override:/usr/lib/python3/dist-packages/colcon_core/task/python/colcon_distutils_commands:/home/chakrapani/drone_files/IITI_SOC/gcs_ws/install/drone_2_manager/lib/python3.10/site-packages:${PYTHONPATH} /usr/bin/python3 -W ignore:setup.py install is deprecated -W ignore:easy_install command is deprecated setup.py egg_info --egg-base ../../build/drone_2_manager build --build-base /home/chakrapani/drone_files/IITI_SOC/gcs_ws/build/drone_2_manager/build install --record /home/chakrapani/drone_files/IITI_SOC/gcs_ws/build/drone_2_manager/install.log --single-version-externally-managed install_data
[1.603s] running egg_info
[1.605s] creating ../../build/drone_2_manager/drone_2_manager.egg-info
[1.605s] writing ../../build/drone_2_manager/drone_2_manager.egg-info/PKG-INFO
[1.611s] writing dependency_links to ../../build/drone_2_manager/drone_2_manager.egg-info/dependency_links.txt
[1.611s] writing entry points to ../../build/drone_2_manager/drone_2_manager.egg-info/entry_points.txt
[1.611s] writing requirements to ../../build/drone_2_manager/drone_2_manager.egg-info/requires.txt
[1.611s] writing top-level names to ../../build/drone_2_manager/drone_2_manager.egg-info/top_level.txt
[1.611s] writing manifest file '../../build/drone_2_manager/drone_2_manager.egg-info/SOURCES.txt'
[1.613s] reading manifest file '../../build/drone_2_manager/drone_2_manager.egg-info/SOURCES.txt'
[1.614s] writing manifest file '../../build/drone_2_manager/drone_2_manager.egg-info/SOURCES.txt'
[1.615s] running build
[1.615s] running build_py
[1.615s] creating /home/chakrapani/drone_files/IITI_SOC/gcs_ws/build/drone_2_manager/build
[1.615s] creating /home/chakrapani/drone_files/IITI_SOC/gcs_ws/build/drone_2_manager/build/lib
[1.616s] creating /home/chakrapani/drone_files/IITI_SOC/gcs_ws/build/drone_2_manager/build/lib/drone_2_manager
[1.616s] copying drone_2_manager/__init__.py -> /home/chakrapani/drone_files/IITI_SOC/gcs_ws/build/drone_2_manager/build/lib/drone_2_manager
[1.617s] copying drone_2_manager/status_publisher_node.py -> /home/chakrapani/drone_files/IITI_SOC/gcs_ws/build/drone_2_manager/build/lib/drone_2_manager
[1.617s] running install
[1.617s] running install_lib
[1.621s] creating /home/chakrapani/drone_files/IITI_SOC/gcs_ws/install/drone_2_manager/lib/python3.10/site-packages/drone_2_manager
[1.621s] copying /home/chakrapani/drone_files/IITI_SOC/gcs_ws/build/drone_2_manager/build/lib/drone_2_manager/__init__.py -> /home/chakrapani/drone_files/IITI_SOC/gcs_ws/install/drone_2_manager/lib/python3.10/site-packages/drone_2_manager
[1.621s] copying /home/chakrapani/drone_files/IITI_SOC/gcs_ws/build/drone_2_manager/build/lib/drone_2_manager/status_publisher_node.py -> /home/chakrapani/drone_files/IITI_SOC/gcs_ws/install/drone_2_manager/lib/python3.10/site-packages/drone_2_manager
[1.624s] byte-compiling /home/chakrapani/drone_files/IITI_SOC/gcs_ws/install/drone_2_manager/lib/python3.10/site-packages/drone_2_manager/__init__.py to __init__.cpython-310.pyc
[1.625s] byte-compiling /home/chakrapani/drone_files/IITI_SOC/gcs_ws/install/drone_2_manager/lib/python3.10/site-packages/drone_2_manager/status_publisher_node.py to status_publisher_node.cpython-310.pyc
[1.626s] running install_data
[1.631s] creating /home/chakrapani/drone_files/IITI_SOC/gcs_ws/install/drone_2_manager/share/ament_index
[1.631s] creating /home/chakrapani/drone_files/IITI_SOC/gcs_ws/install/drone_2_manager/share/ament_index/resource_index
[1.632s] creating /home/chakrapani/drone_files/IITI_SOC/gcs_ws/install/drone_2_manager/share/ament_index/resource_index/packages
[1.632s] copying resource/drone_2_manager -> /home/chakrapani/drone_files/IITI_SOC/gcs_ws/install/drone_2_manager/share/ament_index/resource_index/packages
[1.635s] copying package.xml -> /home/chakrapani/drone_files/IITI_SOC/gcs_ws/install/drone_2_manager/share/drone_2_manager
[1.637s] running install_egg_info
[1.639s] Copying ../../build/drone_2_manager/drone_2_manager.egg-info to /home/chakrapani/drone_files/IITI_SOC/gcs_ws/install/drone_2_manager/lib/python3.10/site-packages/drone_2_manager-0.0.0-py3.10.egg-info
[1.647s] running install_scripts
[1.722s] Installing mission_handler_node script to /home/chakrapani/drone_files/IITI_SOC/gcs_ws/install/drone_2_manager/lib/drone_2_manager
[1.723s] Installing status_publisher_node script to /home/chakrapani/drone_files/IITI_SOC/gcs_ws/install/drone_2_manager/lib/drone_2_manager
[1.724s] writing list of installed files to '/home/chakrapani/drone_files/IITI_SOC/gcs_ws/build/drone_2_manager/install.log'
[1.858s] Invoked command in '/home/chakrapani/drone_files/IITI_SOC/gcs_ws/src/drone_2_manager' returned '0': PYTHONPATH=/home/chakrapani/drone_files/IITI_SOC/gcs_ws/build/drone_2_manager/prefix_override:/usr/lib/python3/dist-packages/colcon_core/task/python/colcon_distutils_commands:/home/chakrapani/drone_files/IITI_SOC/gcs_ws/install/drone_2_manager/lib/python3.10/site-packages:${PYTHONPATH} /usr/bin/python3 -W ignore:setup.py install is deprecated -W ignore:easy_install command is deprecated setup.py egg_info --egg-base ../../build/drone_2_manager build --build-base /home/chakrapani/drone_files/IITI_SOC/gcs_ws/build/drone_2_manager/build install --record /home/chakrapani/drone_files/IITI_SOC/gcs_ws/build/drone_2_manager/install.log --single-version-externally-managed install_data
