[0.231s] DEBUG:colcon:Command line arguments: ['/home/bhav/.local/bin/colcon', 'build']
[0.231s] DEBUG:colcon:Parsed command line arguments: Namespace(log_base=None, log_level=None, verb_name='build', build_base='build', install_base='install', merge_install=False, symlink_install=False, test_result_base=None, continue_on_error=False, executor='parallel', parallel_workers=12, event_handlers=None, ignore_user_meta=False, metas=['./colcon.meta'], base_paths=['.'], packages_ignore=None, packages_ignore_regex=None, paths=None, packages_up_to=None, packages_up_to_regex=None, packages_above=None, packages_above_and_dependencies=None, packages_above_depth=None, packages_select_by_dep=None, packages_skip_by_dep=None, packages_skip_up_to=None, packages_select_build_failed=False, packages_skip_build_finished=False, packages_select_test_failures=False, packages_skip_test_passed=False, packages_select=None, packages_skip=None, packages_select_regex=None, packages_skip_regex=None, packages_start=None, packages_end=None, cmake_args=None, cmake_target=None, cmake_target_skip_unavailable=False, cmake_clean_cache=False, cmake_clean_first=False, cmake_force_configure=False, ament_cmake_args=None, catkin_cmake_args=None, catkin_skip_building_tests=False, verb_parser=<colcon_defaults.argument_parser.defaults.DefaultArgumentsDecorator object at 0x7d83def5e8f0>, verb_extension=<colcon_core.verb.build.BuildVerb object at 0x7d83df043ee0>, main=<bound method BuildVerb.main of <colcon_core.verb.build.BuildVerb object at 0x7d83df043ee0>>)
[0.475s] Level 1:colcon.colcon_core.package_discovery:discover_packages(colcon_meta) check parameters
[0.475s] Level 1:colcon.colcon_core.package_discovery:discover_packages(recursive) check parameters
[0.475s] Level 1:colcon.colcon_core.package_discovery:discover_packages(ignore) check parameters
[0.475s] Level 1:colcon.colcon_core.package_discovery:discover_packages(path) check parameters
[0.475s] Level 1:colcon.colcon_core.package_discovery:discover_packages(colcon_meta) discover
[0.475s] Level 1:colcon.colcon_core.package_discovery:discover_packages(recursive) discover
[0.475s] INFO:colcon.colcon_core.package_discovery:Crawling recursively for packages in '/home/bhav/IITISoC-25-IVR09/gcs_ws'
[0.475s] Level 1:colcon.colcon_core.package_identification:_identify(.) by extensions ['ignore', 'ignore_ament_install']
[0.476s] Level 1:colcon.colcon_core.package_identification:_identify(.) by extension 'ignore'
[0.476s] Level 1:colcon.colcon_core.package_identification:_identify(.) by extension 'ignore_ament_install'
[0.476s] Level 1:colcon.colcon_core.package_identification:_identify(.) by extensions ['colcon_pkg']
[0.476s] Level 1:colcon.colcon_core.package_identification:_identify(.) by extension 'colcon_pkg'
[0.476s] Level 1:colcon.colcon_core.package_identification:_identify(.) by extensions ['colcon_meta']
[0.476s] Level 1:colcon.colcon_core.package_identification:_identify(.) by extension 'colcon_meta'
[0.476s] Level 1:colcon.colcon_core.package_identification:_identify(.) by extensions ['ros']
[0.476s] Level 1:colcon.colcon_core.package_identification:_identify(.) by extension 'ros'
[0.496s] Level 1:colcon.colcon_core.package_identification:_identify(.) by extensions ['cmake', 'python']
[0.496s] Level 1:colcon.colcon_core.package_identification:_identify(.) by extension 'cmake'
[0.496s] Level 1:colcon.colcon_core.package_identification:_identify(.) by extension 'python'
[0.496s] Level 1:colcon.colcon_core.package_identification:_identify(.) by extensions ['python_setup_py']
[0.496s] Level 1:colcon.colcon_core.package_identification:_identify(.) by extension 'python_setup_py'
[0.497s] Level 1:colcon.colcon_core.package_identification:_identify(build) by extensions ['ignore', 'ignore_ament_install']
[0.497s] Level 1:colcon.colcon_core.package_identification:_identify(build) by extension 'ignore'
[0.497s] Level 1:colcon.colcon_core.package_identification:_identify(build) ignored
[0.497s] Level 1:colcon.colcon_core.package_identification:_identify(install) by extensions ['ignore', 'ignore_ament_install']
[0.497s] Level 1:colcon.colcon_core.package_identification:_identify(install) by extension 'ignore'
[0.497s] Level 1:colcon.colcon_core.package_identification:_identify(install) ignored
[0.497s] Level 1:colcon.colcon_core.package_identification:_identify(log) by extensions ['ignore', 'ignore_ament_install']
[0.497s] Level 1:colcon.colcon_core.package_identification:_identify(log) by extension 'ignore'
[0.498s] Level 1:colcon.colcon_core.package_identification:_identify(log) ignored
[0.498s] Level 1:colcon.colcon_core.package_identification:_identify(mission_files) by extensions ['ignore', 'ignore_ament_install']
[0.498s] Level 1:colcon.colcon_core.package_identification:_identify(mission_files) by extension 'ignore'
[0.498s] Level 1:colcon.colcon_core.package_identification:_identify(mission_files) by extension 'ignore_ament_install'
[0.498s] Level 1:colcon.colcon_core.package_identification:_identify(mission_files) by extensions ['colcon_pkg']
[0.498s] Level 1:colcon.colcon_core.package_identification:_identify(mission_files) by extension 'colcon_pkg'
[0.498s] Level 1:colcon.colcon_core.package_identification:_identify(mission_files) by extensions ['colcon_meta']
[0.498s] Level 1:colcon.colcon_core.package_identification:_identify(mission_files) by extension 'colcon_meta'
[0.498s] Level 1:colcon.colcon_core.package_identification:_identify(mission_files) by extensions ['ros']
[0.498s] Level 1:colcon.colcon_core.package_identification:_identify(mission_files) by extension 'ros'
[0.498s] Level 1:colcon.colcon_core.package_identification:_identify(mission_files) by extensions ['cmake', 'python']
[0.498s] Level 1:colcon.colcon_core.package_identification:_identify(mission_files) by extension 'cmake'
[0.498s] Level 1:colcon.colcon_core.package_identification:_identify(mission_files) by extension 'python'
[0.498s] Level 1:colcon.colcon_core.package_identification:_identify(mission_files) by extensions ['python_setup_py']
[0.498s] Level 1:colcon.colcon_core.package_identification:_identify(mission_files) by extension 'python_setup_py'
[0.499s] Level 1:colcon.colcon_core.package_identification:_identify(src) by extensions ['ignore', 'ignore_ament_install']
[0.499s] Level 1:colcon.colcon_core.package_identification:_identify(src) by extension 'ignore'
[0.499s] Level 1:colcon.colcon_core.package_identification:_identify(src) by extension 'ignore_ament_install'
[0.499s] Level 1:colcon.colcon_core.package_identification:_identify(src) by extensions ['colcon_pkg']
[0.499s] Level 1:colcon.colcon_core.package_identification:_identify(src) by extension 'colcon_pkg'
[0.499s] Level 1:colcon.colcon_core.package_identification:_identify(src) by extensions ['colcon_meta']
[0.499s] Level 1:colcon.colcon_core.package_identification:_identify(src) by extension 'colcon_meta'
[0.499s] Level 1:colcon.colcon_core.package_identification:_identify(src) by extensions ['ros']
[0.499s] Level 1:colcon.colcon_core.package_identification:_identify(src) by extension 'ros'
[0.499s] Level 1:colcon.colcon_core.package_identification:_identify(src) by extensions ['cmake', 'python']
[0.499s] Level 1:colcon.colcon_core.package_identification:_identify(src) by extension 'cmake'
[0.499s] Level 1:colcon.colcon_core.package_identification:_identify(src) by extension 'python'
[0.499s] Level 1:colcon.colcon_core.package_identification:_identify(src) by extensions ['python_setup_py']
[0.499s] Level 1:colcon.colcon_core.package_identification:_identify(src) by extension 'python_setup_py'
[0.500s] Level 1:colcon.colcon_core.package_identification:_identify(src/drone_1_manager) by extensions ['ignore', 'ignore_ament_install']
[0.500s] Level 1:colcon.colcon_core.package_identification:_identify(src/drone_1_manager) by extension 'ignore'
[0.500s] Level 1:colcon.colcon_core.package_identification:_identify(src/drone_1_manager) by extension 'ignore_ament_install'
[0.500s] Level 1:colcon.colcon_core.package_identification:_identify(src/drone_1_manager) by extensions ['colcon_pkg']
[0.500s] Level 1:colcon.colcon_core.package_identification:_identify(src/drone_1_manager) by extension 'colcon_pkg'
[0.500s] Level 1:colcon.colcon_core.package_identification:_identify(src/drone_1_manager) by extensions ['colcon_meta']
[0.500s] Level 1:colcon.colcon_core.package_identification:_identify(src/drone_1_manager) by extension 'colcon_meta'
[0.500s] Level 1:colcon.colcon_core.package_identification:_identify(src/drone_1_manager) by extensions ['ros']
[0.500s] Level 1:colcon.colcon_core.package_identification:_identify(src/drone_1_manager) by extension 'ros'
[0.505s] DEBUG:colcon.colcon_core.package_identification:Package 'src/drone_1_manager' with type 'ros.ament_python' and name 'drone_1_manager'
[0.505s] Level 1:colcon.colcon_core.package_identification:_identify(src/drone_2_manager) by extensions ['ignore', 'ignore_ament_install']
[0.505s] Level 1:colcon.colcon_core.package_identification:_identify(src/drone_2_manager) by extension 'ignore'
[0.505s] Level 1:colcon.colcon_core.package_identification:_identify(src/drone_2_manager) by extension 'ignore_ament_install'
[0.505s] Level 1:colcon.colcon_core.package_identification:_identify(src/drone_2_manager) by extensions ['colcon_pkg']
[0.505s] Level 1:colcon.colcon_core.package_identification:_identify(src/drone_2_manager) by extension 'colcon_pkg'
[0.506s] Level 1:colcon.colcon_core.package_identification:_identify(src/drone_2_manager) by extensions ['colcon_meta']
[0.506s] Level 1:colcon.colcon_core.package_identification:_identify(src/drone_2_manager) by extension 'colcon_meta'
[0.506s] Level 1:colcon.colcon_core.package_identification:_identify(src/drone_2_manager) by extensions ['ros']
[0.506s] Level 1:colcon.colcon_core.package_identification:_identify(src/drone_2_manager) by extension 'ros'
[0.507s] DEBUG:colcon.colcon_core.package_identification:Package 'src/drone_2_manager' with type 'ros.ament_python' and name 'drone_2_manager'
[0.507s] Level 1:colcon.colcon_core.package_identification:_identify(src/drone_interfaces) by extensions ['ignore', 'ignore_ament_install']
[0.507s] Level 1:colcon.colcon_core.package_identification:_identify(src/drone_interfaces) by extension 'ignore'
[0.507s] Level 1:colcon.colcon_core.package_identification:_identify(src/drone_interfaces) by extension 'ignore_ament_install'
[0.508s] Level 1:colcon.colcon_core.package_identification:_identify(src/drone_interfaces) by extensions ['colcon_pkg']
[0.508s] Level 1:colcon.colcon_core.package_identification:_identify(src/drone_interfaces) by extension 'colcon_pkg'
[0.508s] Level 1:colcon.colcon_core.package_identification:_identify(src/drone_interfaces) by extensions ['colcon_meta']
[0.508s] Level 1:colcon.colcon_core.package_identification:_identify(src/drone_interfaces) by extension 'colcon_meta'
[0.508s] Level 1:colcon.colcon_core.package_identification:_identify(src/drone_interfaces) by extensions ['ros']
[0.508s] Level 1:colcon.colcon_core.package_identification:_identify(src/drone_interfaces) by extension 'ros'
[0.509s] DEBUG:colcon.colcon_core.package_identification:Package 'src/drone_interfaces' with type 'ros.ament_cmake' and name 'drone_interfaces'
[0.509s] Level 1:colcon.colcon_core.package_identification:_identify(src/drone_launch) by extensions ['ignore', 'ignore_ament_install']
[0.509s] Level 1:colcon.colcon_core.package_identification:_identify(src/drone_launch) by extension 'ignore'
[0.509s] Level 1:colcon.colcon_core.package_identification:_identify(src/drone_launch) by extension 'ignore_ament_install'
[0.509s] Level 1:colcon.colcon_core.package_identification:_identify(src/drone_launch) by extensions ['colcon_pkg']
[0.509s] Level 1:colcon.colcon_core.package_identification:_identify(src/drone_launch) by extension 'colcon_pkg'
[0.510s] Level 1:colcon.colcon_core.package_identification:_identify(src/drone_launch) by extensions ['colcon_meta']
[0.510s] Level 1:colcon.colcon_core.package_identification:_identify(src/drone_launch) by extension 'colcon_meta'
[0.510s] Level 1:colcon.colcon_core.package_identification:_identify(src/drone_launch) by extensions ['ros']
[0.510s] Level 1:colcon.colcon_core.package_identification:_identify(src/drone_launch) by extension 'ros'
[0.511s] DEBUG:colcon.colcon_core.package_identification:Package 'src/drone_launch' with type 'ros.ament_python' and name 'drone_launch'
[0.511s] Level 1:colcon.colcon_core.package_identification:_identify(src/gcs_controller) by extensions ['ignore', 'ignore_ament_install']
[0.511s] Level 1:colcon.colcon_core.package_identification:_identify(src/gcs_controller) by extension 'ignore'
[0.511s] Level 1:colcon.colcon_core.package_identification:_identify(src/gcs_controller) by extension 'ignore_ament_install'
[0.511s] Level 1:colcon.colcon_core.package_identification:_identify(src/gcs_controller) by extensions ['colcon_pkg']
[0.511s] Level 1:colcon.colcon_core.package_identification:_identify(src/gcs_controller) by extension 'colcon_pkg'
[0.511s] Level 1:colcon.colcon_core.package_identification:_identify(src/gcs_controller) by extensions ['colcon_meta']
[0.511s] Level 1:colcon.colcon_core.package_identification:_identify(src/gcs_controller) by extension 'colcon_meta'
[0.511s] Level 1:colcon.colcon_core.package_identification:_identify(src/gcs_controller) by extensions ['ros']
[0.511s] Level 1:colcon.colcon_core.package_identification:_identify(src/gcs_controller) by extension 'ros'
[0.513s] DEBUG:colcon.colcon_core.package_identification:Package 'src/gcs_controller' with type 'ros.ament_python' and name 'gcs_controller'
[0.513s] Level 1:colcon.colcon_core.package_identification:_identify(src/mission_utils) by extensions ['ignore', 'ignore_ament_install']
[0.513s] Level 1:colcon.colcon_core.package_identification:_identify(src/mission_utils) by extension 'ignore'
[0.513s] Level 1:colcon.colcon_core.package_identification:_identify(src/mission_utils) by extension 'ignore_ament_install'
[0.513s] Level 1:colcon.colcon_core.package_identification:_identify(src/mission_utils) by extensions ['colcon_pkg']
[0.514s] Level 1:colcon.colcon_core.package_identification:_identify(src/mission_utils) by extension 'colcon_pkg'
[0.514s] Level 1:colcon.colcon_core.package_identification:_identify(src/mission_utils) by extensions ['colcon_meta']
[0.514s] Level 1:colcon.colcon_core.package_identification:_identify(src/mission_utils) by extension 'colcon_meta'
[0.514s] Level 1:colcon.colcon_core.package_identification:_identify(src/mission_utils) by extensions ['ros']
[0.514s] Level 1:colcon.colcon_core.package_identification:_identify(src/mission_utils) by extension 'ros'
[0.515s] DEBUG:colcon.colcon_core.package_identification:Package 'src/mission_utils' with type 'ros.ament_python' and name 'mission_utils'
[0.515s] Level 1:colcon.colcon_core.package_discovery:discover_packages(recursive) using defaults
[0.515s] Level 1:colcon.colcon_core.package_discovery:discover_packages(ignore) discover
[0.515s] Level 1:colcon.colcon_core.package_discovery:discover_packages(ignore) using defaults
[0.515s] Level 1:colcon.colcon_core.package_discovery:discover_packages(path) discover
[0.515s] Level 1:colcon.colcon_core.package_discovery:discover_packages(path) using defaults
[0.554s] Level 5:colcon.colcon_core.verb:set package 'drone_interfaces' build argument 'cmake_args' from command line to 'None'
[0.554s] Level 5:colcon.colcon_core.verb:set package 'drone_interfaces' build argument 'cmake_target' from command line to 'None'
[0.554s] Level 5:colcon.colcon_core.verb:set package 'drone_interfaces' build argument 'cmake_target_skip_unavailable' from command line to 'False'
[0.554s] Level 5:colcon.colcon_core.verb:set package 'drone_interfaces' build argument 'cmake_clean_cache' from command line to 'False'
[0.554s] Level 5:colcon.colcon_core.verb:set package 'drone_interfaces' build argument 'cmake_clean_first' from command line to 'False'
[0.554s] Level 5:colcon.colcon_core.verb:set package 'drone_interfaces' build argument 'cmake_force_configure' from command line to 'False'
[0.554s] Level 5:colcon.colcon_core.verb:set package 'drone_interfaces' build argument 'ament_cmake_args' from command line to 'None'
[0.554s] Level 5:colcon.colcon_core.verb:set package 'drone_interfaces' build argument 'catkin_cmake_args' from command line to 'None'
[0.554s] Level 5:colcon.colcon_core.verb:set package 'drone_interfaces' build argument 'catkin_skip_building_tests' from command line to 'False'
[0.554s] DEBUG:colcon.colcon_core.verb:Building package 'drone_interfaces' with the following arguments: {'ament_cmake_args': None, 'build_base': '/home/bhav/IITISoC-25-IVR09/gcs_ws/build/drone_interfaces', 'catkin_cmake_args': None, 'catkin_skip_building_tests': False, 'cmake_args': None, 'cmake_clean_cache': False, 'cmake_clean_first': False, 'cmake_force_configure': False, 'cmake_target': None, 'cmake_target_skip_unavailable': False, 'install_base': '/home/bhav/IITISoC-25-IVR09/gcs_ws/install/drone_interfaces', 'merge_install': False, 'path': '/home/bhav/IITISoC-25-IVR09/gcs_ws/src/drone_interfaces', 'symlink_install': False, 'test_result_base': None}
[0.555s] Level 5:colcon.colcon_core.verb:set package 'drone_launch' build argument 'cmake_args' from command line to 'None'
[0.555s] Level 5:colcon.colcon_core.verb:set package 'drone_launch' build argument 'cmake_target' from command line to 'None'
[0.555s] Level 5:colcon.colcon_core.verb:set package 'drone_launch' build argument 'cmake_target_skip_unavailable' from command line to 'False'
[0.555s] Level 5:colcon.colcon_core.verb:set package 'drone_launch' build argument 'cmake_clean_cache' from command line to 'False'
[0.555s] Level 5:colcon.colcon_core.verb:set package 'drone_launch' build argument 'cmake_clean_first' from command line to 'False'
[0.555s] Level 5:colcon.colcon_core.verb:set package 'drone_launch' build argument 'cmake_force_configure' from command line to 'False'
[0.555s] Level 5:colcon.colcon_core.verb:set package 'drone_launch' build argument 'ament_cmake_args' from command line to 'None'
[0.555s] Level 5:colcon.colcon_core.verb:set package 'drone_launch' build argument 'catkin_cmake_args' from command line to 'None'
[0.555s] Level 5:colcon.colcon_core.verb:set package 'drone_launch' build argument 'catkin_skip_building_tests' from command line to 'False'
[0.555s] DEBUG:colcon.colcon_core.verb:Building package 'drone_launch' with the following arguments: {'ament_cmake_args': None, 'build_base': '/home/bhav/IITISoC-25-IVR09/gcs_ws/build/drone_launch', 'catkin_cmake_args': None, 'catkin_skip_building_tests': False, 'cmake_args': None, 'cmake_clean_cache': False, 'cmake_clean_first': False, 'cmake_force_configure': False, 'cmake_target': None, 'cmake_target_skip_unavailable': False, 'install_base': '/home/bhav/IITISoC-25-IVR09/gcs_ws/install/drone_launch', 'merge_install': False, 'path': '/home/bhav/IITISoC-25-IVR09/gcs_ws/src/drone_launch', 'symlink_install': False, 'test_result_base': None}
[0.556s] Level 5:colcon.colcon_core.verb:set package 'mission_utils' build argument 'cmake_args' from command line to 'None'
[0.556s] Level 5:colcon.colcon_core.verb:set package 'mission_utils' build argument 'cmake_target' from command line to 'None'
[0.556s] Level 5:colcon.colcon_core.verb:set package 'mission_utils' build argument 'cmake_target_skip_unavailable' from command line to 'False'
[0.556s] Level 5:colcon.colcon_core.verb:set package 'mission_utils' build argument 'cmake_clean_cache' from command line to 'False'
[0.556s] Level 5:colcon.colcon_core.verb:set package 'mission_utils' build argument 'cmake_clean_first' from command line to 'False'
[0.556s] Level 5:colcon.colcon_core.verb:set package 'mission_utils' build argument 'cmake_force_configure' from command line to 'False'
[0.556s] Level 5:colcon.colcon_core.verb:set package 'mission_utils' build argument 'ament_cmake_args' from command line to 'None'
[0.556s] Level 5:colcon.colcon_core.verb:set package 'mission_utils' build argument 'catkin_cmake_args' from command line to 'None'
[0.556s] Level 5:colcon.colcon_core.verb:set package 'mission_utils' build argument 'catkin_skip_building_tests' from command line to 'False'
[0.556s] DEBUG:colcon.colcon_core.verb:Building package 'mission_utils' with the following arguments: {'ament_cmake_args': None, 'build_base': '/home/bhav/IITISoC-25-IVR09/gcs_ws/build/mission_utils', 'catkin_cmake_args': None, 'catkin_skip_building_tests': False, 'cmake_args': None, 'cmake_clean_cache': False, 'cmake_clean_first': False, 'cmake_force_configure': False, 'cmake_target': None, 'cmake_target_skip_unavailable': False, 'install_base': '/home/bhav/IITISoC-25-IVR09/gcs_ws/install/mission_utils', 'merge_install': False, 'path': '/home/bhav/IITISoC-25-IVR09/gcs_ws/src/mission_utils', 'symlink_install': False, 'test_result_base': None}
[0.557s] Level 5:colcon.colcon_core.verb:set package 'drone_1_manager' build argument 'cmake_args' from command line to 'None'
[0.557s] Level 5:colcon.colcon_core.verb:set package 'drone_1_manager' build argument 'cmake_target' from command line to 'None'
[0.557s] Level 5:colcon.colcon_core.verb:set package 'drone_1_manager' build argument 'cmake_target_skip_unavailable' from command line to 'False'
[0.557s] Level 5:colcon.colcon_core.verb:set package 'drone_1_manager' build argument 'cmake_clean_cache' from command line to 'False'
[0.557s] Level 5:colcon.colcon_core.verb:set package 'drone_1_manager' build argument 'cmake_clean_first' from command line to 'False'
[0.557s] Level 5:colcon.colcon_core.verb:set package 'drone_1_manager' build argument 'cmake_force_configure' from command line to 'False'
[0.557s] Level 5:colcon.colcon_core.verb:set package 'drone_1_manager' build argument 'ament_cmake_args' from command line to 'None'
[0.557s] Level 5:colcon.colcon_core.verb:set package 'drone_1_manager' build argument 'catkin_cmake_args' from command line to 'None'
[0.557s] Level 5:colcon.colcon_core.verb:set package 'drone_1_manager' build argument 'catkin_skip_building_tests' from command line to 'False'
[0.557s] DEBUG:colcon.colcon_core.verb:Building package 'drone_1_manager' with the following arguments: {'ament_cmake_args': None, 'build_base': '/home/bhav/IITISoC-25-IVR09/gcs_ws/build/drone_1_manager', 'catkin_cmake_args': None, 'catkin_skip_building_tests': False, 'cmake_args': None, 'cmake_clean_cache': False, 'cmake_clean_first': False, 'cmake_force_configure': False, 'cmake_target': None, 'cmake_target_skip_unavailable': False, 'install_base': '/home/bhav/IITISoC-25-IVR09/gcs_ws/install/drone_1_manager', 'merge_install': False, 'path': '/home/bhav/IITISoC-25-IVR09/gcs_ws/src/drone_1_manager', 'symlink_install': False, 'test_result_base': None}
[0.558s] Level 5:colcon.colcon_core.verb:set package 'drone_2_manager' build argument 'cmake_args' from command line to 'None'
[0.558s] Level 5:colcon.colcon_core.verb:set package 'drone_2_manager' build argument 'cmake_target' from command line to 'None'
[0.558s] Level 5:colcon.colcon_core.verb:set package 'drone_2_manager' build argument 'cmake_target_skip_unavailable' from command line to 'False'
[0.558s] Level 5:colcon.colcon_core.verb:set package 'drone_2_manager' build argument 'cmake_clean_cache' from command line to 'False'
[0.558s] Level 5:colcon.colcon_core.verb:set package 'drone_2_manager' build argument 'cmake_clean_first' from command line to 'False'
[0.558s] Level 5:colcon.colcon_core.verb:set package 'drone_2_manager' build argument 'cmake_force_configure' from command line to 'False'
[0.558s] Level 5:colcon.colcon_core.verb:set package 'drone_2_manager' build argument 'ament_cmake_args' from command line to 'None'
[0.558s] Level 5:colcon.colcon_core.verb:set package 'drone_2_manager' build argument 'catkin_cmake_args' from command line to 'None'
[0.558s] Level 5:colcon.colcon_core.verb:set package 'drone_2_manager' build argument 'catkin_skip_building_tests' from command line to 'False'
[0.558s] DEBUG:colcon.colcon_core.verb:Building package 'drone_2_manager' with the following arguments: {'ament_cmake_args': None, 'build_base': '/home/bhav/IITISoC-25-IVR09/gcs_ws/build/drone_2_manager', 'catkin_cmake_args': None, 'catkin_skip_building_tests': False, 'cmake_args': None, 'cmake_clean_cache': False, 'cmake_clean_first': False, 'cmake_force_configure': False, 'cmake_target': None, 'cmake_target_skip_unavailable': False, 'install_base': '/home/bhav/IITISoC-25-IVR09/gcs_ws/install/drone_2_manager', 'merge_install': False, 'path': '/home/bhav/IITISoC-25-IVR09/gcs_ws/src/drone_2_manager', 'symlink_install': False, 'test_result_base': None}
[0.559s] Level 5:colcon.colcon_core.verb:set package 'gcs_controller' build argument 'cmake_args' from command line to 'None'
[0.559s] Level 5:colcon.colcon_core.verb:set package 'gcs_controller' build argument 'cmake_target' from command line to 'None'
[0.559s] Level 5:colcon.colcon_core.verb:set package 'gcs_controller' build argument 'cmake_target_skip_unavailable' from command line to 'False'
[0.559s] Level 5:colcon.colcon_core.verb:set package 'gcs_controller' build argument 'cmake_clean_cache' from command line to 'False'
[0.559s] Level 5:colcon.colcon_core.verb:set package 'gcs_controller' build argument 'cmake_clean_first' from command line to 'False'
[0.559s] Level 5:colcon.colcon_core.verb:set package 'gcs_controller' build argument 'cmake_force_configure' from command line to 'False'
[0.559s] Level 5:colcon.colcon_core.verb:set package 'gcs_controller' build argument 'ament_cmake_args' from command line to 'None'
[0.559s] Level 5:colcon.colcon_core.verb:set package 'gcs_controller' build argument 'catkin_cmake_args' from command line to 'None'
[0.560s] Level 5:colcon.colcon_core.verb:set package 'gcs_controller' build argument 'catkin_skip_building_tests' from command line to 'False'
[0.560s] DEBUG:colcon.colcon_core.verb:Building package 'gcs_controller' with the following arguments: {'ament_cmake_args': None, 'build_base': '/home/bhav/IITISoC-25-IVR09/gcs_ws/build/gcs_controller', 'catkin_cmake_args': None, 'catkin_skip_building_tests': False, 'cmake_args': None, 'cmake_clean_cache': False, 'cmake_clean_first': False, 'cmake_force_configure': False, 'cmake_target': None, 'cmake_target_skip_unavailable': False, 'install_base': '/home/bhav/IITISoC-25-IVR09/gcs_ws/install/gcs_controller', 'merge_install': False, 'path': '/home/bhav/IITISoC-25-IVR09/gcs_ws/src/gcs_controller', 'symlink_install': False, 'test_result_base': None}
[0.560s] INFO:colcon.colcon_core.executor:Executing jobs using 'parallel' executor
[0.596s] DEBUG:colcon.colcon_parallel_executor.executor.parallel:run_until_complete
[0.597s] INFO:colcon.colcon_ros.task.ament_cmake.build:Building ROS package in '/home/bhav/IITISoC-25-IVR09/gcs_ws/src/drone_interfaces' with build type 'ament_cmake'
[0.598s] INFO:colcon.colcon_cmake.task.cmake.build:Building CMake package in '/home/bhav/IITISoC-25-IVR09/gcs_ws/src/drone_interfaces'
[0.601s] INFO:colcon.colcon_core.plugin_system:Skipping extension 'colcon_core.shell.bat': Not used on non-Windows systems
[0.602s] INFO:colcon.colcon_core.shell:Skip shell extension 'powershell' for command environment: Not usable outside of PowerShell
[0.602s] DEBUG:colcon.colcon_core.shell:Skip shell extension 'dsv' for command environment
[0.617s] INFO:colcon.colcon_ros.task.ament_python.build:Building ROS package in '/home/bhav/IITISoC-25-IVR09/gcs_ws/src/mission_utils' with build type 'ament_python'
[0.617s] Level 1:colcon.colcon_core.shell:create_environment_hook('mission_utils', 'ament_prefix_path')
[0.618s] INFO:colcon.colcon_core.shell:Creating environment hook '/home/bhav/IITISoC-25-IVR09/gcs_ws/install/mission_utils/share/mission_utils/hook/ament_prefix_path.ps1'
[0.619s] INFO:colcon.colcon_core.shell:Creating environment descriptor '/home/bhav/IITISoC-25-IVR09/gcs_ws/install/mission_utils/share/mission_utils/hook/ament_prefix_path.dsv'
[0.620s] INFO:colcon.colcon_core.shell:Creating environment hook '/home/bhav/IITISoC-25-IVR09/gcs_ws/install/mission_utils/share/mission_utils/hook/ament_prefix_path.sh'
[0.624s] INFO:colcon.colcon_core.shell:Skip shell extension 'powershell' for command environment: Not usable outside of PowerShell
[0.625s] DEBUG:colcon.colcon_core.shell:Skip shell extension 'dsv' for command environment
[0.641s] INFO:colcon.colcon_ros.task.ament_python.build:Building ROS package in '/home/bhav/IITISoC-25-IVR09/gcs_ws/src/drone_launch' with build type 'ament_python'
[0.642s] Level 1:colcon.colcon_core.shell:create_environment_hook('drone_launch', 'ament_prefix_path')
[0.643s] INFO:colcon.colcon_core.shell:Creating environment hook '/home/bhav/IITISoC-25-IVR09/gcs_ws/install/drone_launch/share/drone_launch/hook/ament_prefix_path.ps1'
[0.648s] INFO:colcon.colcon_core.shell:Creating environment descriptor '/home/bhav/IITISoC-25-IVR09/gcs_ws/install/drone_launch/share/drone_launch/hook/ament_prefix_path.dsv'
[0.649s] INFO:colcon.colcon_core.shell:Creating environment hook '/home/bhav/IITISoC-25-IVR09/gcs_ws/install/drone_launch/share/drone_launch/hook/ament_prefix_path.sh'
[0.650s] INFO:colcon.colcon_core.shell:Skip shell extension 'powershell' for command environment: Not usable outside of PowerShell
[0.651s] DEBUG:colcon.colcon_core.shell:Skip shell extension 'dsv' for command environment
[0.665s] DEBUG:colcon.colcon_core.event_handler.log_command:Invoking command in '/home/bhav/IITISoC-25-IVR09/gcs_ws/build/drone_interfaces': CMAKE_PREFIX_PATH=${CMAKE_PREFIX_PATH}:/home/bhav/IITISoC-25-IVR09/gcs_ws/install/gcs_controller:/home/bhav/IITISoC-25-IVR09/gcs_ws/install/mission_utils:/home/bhav/IITISoC-25-IVR09/gcs_ws/install/drone_launch:/home/bhav/IITISoC-25-IVR09/gcs_ws/install/drone_2_manager:/home/bhav/IITISoC-25-IVR09/gcs_ws/install/drone_1_manager:/opt/ros/humble /usr/bin/cmake --build /home/bhav/IITISoC-25-IVR09/gcs_ws/build/drone_interfaces -- -j12 -l12
[1.121s] INFO:colcon.colcon_core.task.python.build:Building Python package in '/home/bhav/IITISoC-25-IVR09/gcs_ws/src/mission_utils'
[1.121s] INFO:colcon.colcon_core.shell:Skip shell extension 'powershell' for command environment: Not usable outside of PowerShell
[1.121s] DEBUG:colcon.colcon_core.shell:Skip shell extension 'dsv' for command environment
[1.389s] INFO:colcon.colcon_core.task.python.build:Building Python package in '/home/bhav/IITISoC-25-IVR09/gcs_ws/src/drone_launch'
[1.389s] INFO:colcon.colcon_core.shell:Skip shell extension 'powershell' for command environment: Not usable outside of PowerShell
[1.389s] DEBUG:colcon.colcon_core.shell:Skip shell extension 'dsv' for command environment
[1.393s] DEBUG:colcon.colcon_core.event_handler.log_command:Invoked command in '/home/bhav/IITISoC-25-IVR09/gcs_ws/build/drone_interfaces' returned '0': CMAKE_PREFIX_PATH=${CMAKE_PREFIX_PATH}:/home/bhav/IITISoC-25-IVR09/gcs_ws/install/gcs_controller:/home/bhav/IITISoC-25-IVR09/gcs_ws/install/mission_utils:/home/bhav/IITISoC-25-IVR09/gcs_ws/install/drone_launch:/home/bhav/IITISoC-25-IVR09/gcs_ws/install/drone_2_manager:/home/bhav/IITISoC-25-IVR09/gcs_ws/install/drone_1_manager:/opt/ros/humble /usr/bin/cmake --build /home/bhav/IITISoC-25-IVR09/gcs_ws/build/drone_interfaces -- -j12 -l12
[1.405s] DEBUG:colcon.colcon_core.event_handler.log_command:Invoking command in '/home/bhav/IITISoC-25-IVR09/gcs_ws/build/drone_interfaces': CMAKE_PREFIX_PATH=${CMAKE_PREFIX_PATH}:/home/bhav/IITISoC-25-IVR09/gcs_ws/install/gcs_controller:/home/bhav/IITISoC-25-IVR09/gcs_ws/install/mission_utils:/home/bhav/IITISoC-25-IVR09/gcs_ws/install/drone_launch:/home/bhav/IITISoC-25-IVR09/gcs_ws/install/drone_2_manager:/home/bhav/IITISoC-25-IVR09/gcs_ws/install/drone_1_manager:/opt/ros/humble /usr/bin/cmake --install /home/bhav/IITISoC-25-IVR09/gcs_ws/build/drone_interfaces
[1.511s] Level 1:colcon.colcon_core.environment:create_environment_scripts_only(drone_interfaces)
[1.512s] DEBUG:colcon.colcon_core.event_handler.log_command:Invoked command in '/home/bhav/IITISoC-25-IVR09/gcs_ws/build/drone_interfaces' returned '0': CMAKE_PREFIX_PATH=${CMAKE_PREFIX_PATH}:/home/bhav/IITISoC-25-IVR09/gcs_ws/install/gcs_controller:/home/bhav/IITISoC-25-IVR09/gcs_ws/install/mission_utils:/home/bhav/IITISoC-25-IVR09/gcs_ws/install/drone_launch:/home/bhav/IITISoC-25-IVR09/gcs_ws/install/drone_2_manager:/home/bhav/IITISoC-25-IVR09/gcs_ws/install/drone_1_manager:/opt/ros/humble /usr/bin/cmake --install /home/bhav/IITISoC-25-IVR09/gcs_ws/build/drone_interfaces
[1.515s] Level 1:colcon.colcon_core.environment:checking '/home/bhav/IITISoC-25-IVR09/gcs_ws/install/drone_interfaces' for CMake module files
[1.516s] Level 1:colcon.colcon_core.environment:checking '/home/bhav/IITISoC-25-IVR09/gcs_ws/install/drone_interfaces' for CMake config files
[1.517s] Level 1:colcon.colcon_core.shell:create_environment_hook('drone_interfaces', 'cmake_prefix_path')
[1.518s] INFO:colcon.colcon_core.shell:Creating environment hook '/home/bhav/IITISoC-25-IVR09/gcs_ws/install/drone_interfaces/share/drone_interfaces/hook/cmake_prefix_path.ps1'
[1.519s] INFO:colcon.colcon_core.shell:Creating environment descriptor '/home/bhav/IITISoC-25-IVR09/gcs_ws/install/drone_interfaces/share/drone_interfaces/hook/cmake_prefix_path.dsv'
[1.519s] INFO:colcon.colcon_core.shell:Creating environment hook '/home/bhav/IITISoC-25-IVR09/gcs_ws/install/drone_interfaces/share/drone_interfaces/hook/cmake_prefix_path.sh'
[1.521s] Level 1:colcon.colcon_core.environment:checking '/home/bhav/IITISoC-25-IVR09/gcs_ws/install/drone_interfaces/lib'
[1.521s] Level 1:colcon.colcon_core.shell:create_environment_hook('drone_interfaces', 'ld_library_path_lib')
[1.521s] INFO:colcon.colcon_core.shell:Creating environment hook '/home/bhav/IITISoC-25-IVR09/gcs_ws/install/drone_interfaces/share/drone_interfaces/hook/ld_library_path_lib.ps1'
[1.522s] INFO:colcon.colcon_core.shell:Creating environment descriptor '/home/bhav/IITISoC-25-IVR09/gcs_ws/install/drone_interfaces/share/drone_interfaces/hook/ld_library_path_lib.dsv'
[1.523s] INFO:colcon.colcon_core.shell:Creating environment hook '/home/bhav/IITISoC-25-IVR09/gcs_ws/install/drone_interfaces/share/drone_interfaces/hook/ld_library_path_lib.sh'
[1.523s] Level 1:colcon.colcon_core.environment:checking '/home/bhav/IITISoC-25-IVR09/gcs_ws/install/drone_interfaces/bin'
[1.523s] Level 1:colcon.colcon_core.environment:checking '/home/bhav/IITISoC-25-IVR09/gcs_ws/install/drone_interfaces/lib/pkgconfig/drone_interfaces.pc'
[1.524s] Level 1:colcon.colcon_core.environment:checking '/home/bhav/IITISoC-25-IVR09/gcs_ws/install/drone_interfaces/lib/python3.10/site-packages'
[1.524s] Level 1:colcon.colcon_core.environment:checking '/home/bhav/IITISoC-25-IVR09/gcs_ws/install/drone_interfaces/bin'
[1.524s] INFO:colcon.colcon_core.shell:Creating package script '/home/bhav/IITISoC-25-IVR09/gcs_ws/install/drone_interfaces/share/drone_interfaces/package.ps1'
[1.525s] INFO:colcon.colcon_core.shell:Creating package descriptor '/home/bhav/IITISoC-25-IVR09/gcs_ws/install/drone_interfaces/share/drone_interfaces/package.dsv'
[1.526s] INFO:colcon.colcon_core.shell:Creating package script '/home/bhav/IITISoC-25-IVR09/gcs_ws/install/drone_interfaces/share/drone_interfaces/package.sh'
[1.526s] INFO:colcon.colcon_core.shell:Creating package script '/home/bhav/IITISoC-25-IVR09/gcs_ws/install/drone_interfaces/share/drone_interfaces/package.bash'
[1.527s] INFO:colcon.colcon_core.shell:Creating package script '/home/bhav/IITISoC-25-IVR09/gcs_ws/install/drone_interfaces/share/drone_interfaces/package.zsh'
[1.528s] Level 1:colcon.colcon_core.environment:create_file_with_runtime_dependencies(/home/bhav/IITISoC-25-IVR09/gcs_ws/install/drone_interfaces/share/colcon-core/packages/drone_interfaces)
[1.528s] Level 1:colcon.colcon_core.environment:create_environment_scripts_only(drone_interfaces)
[1.528s] Level 1:colcon.colcon_core.environment:checking '/home/bhav/IITISoC-25-IVR09/gcs_ws/install/drone_interfaces' for CMake module files
[1.529s] Level 1:colcon.colcon_core.environment:checking '/home/bhav/IITISoC-25-IVR09/gcs_ws/install/drone_interfaces' for CMake config files
[1.529s] Level 1:colcon.colcon_core.shell:create_environment_hook('drone_interfaces', 'cmake_prefix_path')
[1.529s] INFO:colcon.colcon_core.shell:Creating environment hook '/home/bhav/IITISoC-25-IVR09/gcs_ws/install/drone_interfaces/share/drone_interfaces/hook/cmake_prefix_path.ps1'
[1.530s] INFO:colcon.colcon_core.shell:Creating environment descriptor '/home/bhav/IITISoC-25-IVR09/gcs_ws/install/drone_interfaces/share/drone_interfaces/hook/cmake_prefix_path.dsv'
[1.530s] INFO:colcon.colcon_core.shell:Creating environment hook '/home/bhav/IITISoC-25-IVR09/gcs_ws/install/drone_interfaces/share/drone_interfaces/hook/cmake_prefix_path.sh'
[1.531s] Level 1:colcon.colcon_core.environment:checking '/home/bhav/IITISoC-25-IVR09/gcs_ws/install/drone_interfaces/lib'
[1.531s] Level 1:colcon.colcon_core.shell:create_environment_hook('drone_interfaces', 'ld_library_path_lib')
[1.531s] INFO:colcon.colcon_core.shell:Creating environment hook '/home/bhav/IITISoC-25-IVR09/gcs_ws/install/drone_interfaces/share/drone_interfaces/hook/ld_library_path_lib.ps1'
[1.531s] INFO:colcon.colcon_core.shell:Creating environment descriptor '/home/bhav/IITISoC-25-IVR09/gcs_ws/install/drone_interfaces/share/drone_interfaces/hook/ld_library_path_lib.dsv'
[1.532s] INFO:colcon.colcon_core.shell:Creating environment hook '/home/bhav/IITISoC-25-IVR09/gcs_ws/install/drone_interfaces/share/drone_interfaces/hook/ld_library_path_lib.sh'
[1.532s] Level 1:colcon.colcon_core.environment:checking '/home/bhav/IITISoC-25-IVR09/gcs_ws/install/drone_interfaces/bin'
[1.532s] Level 1:colcon.colcon_core.environment:checking '/home/bhav/IITISoC-25-IVR09/gcs_ws/install/drone_interfaces/lib/pkgconfig/drone_interfaces.pc'
[1.532s] Level 1:colcon.colcon_core.environment:checking '/home/bhav/IITISoC-25-IVR09/gcs_ws/install/drone_interfaces/lib/python3.10/site-packages'
[1.532s] Level 1:colcon.colcon_core.environment:checking '/home/bhav/IITISoC-25-IVR09/gcs_ws/install/drone_interfaces/bin'
[1.533s] INFO:colcon.colcon_core.shell:Creating package script '/home/bhav/IITISoC-25-IVR09/gcs_ws/install/drone_interfaces/share/drone_interfaces/package.ps1'
[1.533s] INFO:colcon.colcon_core.shell:Creating package descriptor '/home/bhav/IITISoC-25-IVR09/gcs_ws/install/drone_interfaces/share/drone_interfaces/package.dsv'
[1.534s] INFO:colcon.colcon_core.shell:Creating package script '/home/bhav/IITISoC-25-IVR09/gcs_ws/install/drone_interfaces/share/drone_interfaces/package.sh'
[1.534s] INFO:colcon.colcon_core.shell:Creating package script '/home/bhav/IITISoC-25-IVR09/gcs_ws/install/drone_interfaces/share/drone_interfaces/package.bash'
[1.534s] INFO:colcon.colcon_core.shell:Creating package script '/home/bhav/IITISoC-25-IVR09/gcs_ws/install/drone_interfaces/share/drone_interfaces/package.zsh'
[1.534s] Level 1:colcon.colcon_core.environment:create_file_with_runtime_dependencies(/home/bhav/IITISoC-25-IVR09/gcs_ws/install/drone_interfaces/share/colcon-core/packages/drone_interfaces)
[1.535s] INFO:colcon.colcon_ros.task.ament_python.build:Building ROS package in '/home/bhav/IITISoC-25-IVR09/gcs_ws/src/drone_1_manager' with build type 'ament_python'
[1.535s] Level 1:colcon.colcon_core.shell:create_environment_hook('drone_1_manager', 'ament_prefix_path')
[1.535s] INFO:colcon.colcon_core.shell:Creating environment hook '/home/bhav/IITISoC-25-IVR09/gcs_ws/install/drone_1_manager/share/drone_1_manager/hook/ament_prefix_path.ps1'
[1.536s] INFO:colcon.colcon_core.shell:Creating environment descriptor '/home/bhav/IITISoC-25-IVR09/gcs_ws/install/drone_1_manager/share/drone_1_manager/hook/ament_prefix_path.dsv'
[1.536s] INFO:colcon.colcon_core.shell:Creating environment hook '/home/bhav/IITISoC-25-IVR09/gcs_ws/install/drone_1_manager/share/drone_1_manager/hook/ament_prefix_path.sh'
[1.537s] INFO:colcon.colcon_core.shell:Skip shell extension 'powershell' for command environment: Not usable outside of PowerShell
[1.537s] DEBUG:colcon.colcon_core.shell:Skip shell extension 'dsv' for command environment
[1.540s] INFO:colcon.colcon_ros.task.ament_python.build:Building ROS package in '/home/bhav/IITISoC-25-IVR09/gcs_ws/src/drone_2_manager' with build type 'ament_python'
[1.541s] Level 1:colcon.colcon_core.shell:create_environment_hook('drone_2_manager', 'ament_prefix_path')
[1.541s] INFO:colcon.colcon_core.shell:Creating environment hook '/home/bhav/IITISoC-25-IVR09/gcs_ws/install/drone_2_manager/share/drone_2_manager/hook/ament_prefix_path.ps1'
[1.542s] INFO:colcon.colcon_core.shell:Creating environment descriptor '/home/bhav/IITISoC-25-IVR09/gcs_ws/install/drone_2_manager/share/drone_2_manager/hook/ament_prefix_path.dsv'
[1.542s] INFO:colcon.colcon_core.shell:Creating environment hook '/home/bhav/IITISoC-25-IVR09/gcs_ws/install/drone_2_manager/share/drone_2_manager/hook/ament_prefix_path.sh'
[1.543s] INFO:colcon.colcon_core.shell:Skip shell extension 'powershell' for command environment: Not usable outside of PowerShell
[1.543s] DEBUG:colcon.colcon_core.shell:Skip shell extension 'dsv' for command environment
[1.747s] INFO:colcon.colcon_core.task.python.build:Building Python package in '/home/bhav/IITISoC-25-IVR09/gcs_ws/src/drone_1_manager'
[1.747s] INFO:colcon.colcon_core.shell:Skip shell extension 'powershell' for command environment: Not usable outside of PowerShell
[1.747s] DEBUG:colcon.colcon_core.shell:Skip shell extension 'dsv' for command environment
[1.926s] INFO:colcon.colcon_core.task.python.build:Building Python package in '/home/bhav/IITISoC-25-IVR09/gcs_ws/src/drone_2_manager'
[1.926s] INFO:colcon.colcon_core.shell:Skip shell extension 'powershell' for command environment: Not usable outside of PowerShell
[1.926s] DEBUG:colcon.colcon_core.shell:Skip shell extension 'dsv' for command environment
[1.932s] DEBUG:colcon.colcon_core.event_handler.log_command:Invoking command in '/home/bhav/IITISoC-25-IVR09/gcs_ws/src/drone_launch': PYTHONPATH=/home/bhav/IITISoC-25-IVR09/gcs_ws/build/drone_launch/prefix_override:/home/bhav/.local/lib/python3.10/site-packages/colcon_core/task/python/colcon_distutils_commands:/home/bhav/IITISoC-25-IVR09/gcs_ws/install/drone_launch/lib/python3.10/site-packages:${PYTHONPATH} /usr/bin/python3 -W ignore:setup.py install is deprecated -W ignore:easy_install command is deprecated setup.py egg_info --egg-base ../../build/drone_launch build --build-base /home/bhav/IITISoC-25-IVR09/gcs_ws/build/drone_launch/build install --record /home/bhav/IITISoC-25-IVR09/gcs_ws/build/drone_launch/install.log --single-version-externally-managed install_data
[1.934s] DEBUG:colcon.colcon_core.event_handler.log_command:Invoking command in '/home/bhav/IITISoC-25-IVR09/gcs_ws/src/mission_utils': PYTHONPATH=/home/bhav/IITISoC-25-IVR09/gcs_ws/build/mission_utils/prefix_override:/home/bhav/.local/lib/python3.10/site-packages/colcon_core/task/python/colcon_distutils_commands:/home/bhav/IITISoC-25-IVR09/gcs_ws/install/mission_utils/lib/python3.10/site-packages:${PYTHONPATH} /usr/bin/python3 -W ignore:setup.py install is deprecated -W ignore:easy_install command is deprecated setup.py egg_info --egg-base ../../build/mission_utils build --build-base /home/bhav/IITISoC-25-IVR09/gcs_ws/build/mission_utils/build install --record /home/bhav/IITISoC-25-IVR09/gcs_ws/build/mission_utils/install.log --single-version-externally-managed install_data
[2.129s] Level 1:colcon.colcon_core.environment:checking '/home/bhav/IITISoC-25-IVR09/gcs_ws/install/drone_launch' for CMake module files
[2.130s] DEBUG:colcon.colcon_core.event_handler.log_command:Invoked command in '/home/bhav/IITISoC-25-IVR09/gcs_ws/src/drone_launch' returned '0': PYTHONPATH=/home/bhav/IITISoC-25-IVR09/gcs_ws/build/drone_launch/prefix_override:/home/bhav/.local/lib/python3.10/site-packages/colcon_core/task/python/colcon_distutils_commands:/home/bhav/IITISoC-25-IVR09/gcs_ws/install/drone_launch/lib/python3.10/site-packages:${PYTHONPATH} /usr/bin/python3 -W ignore:setup.py install is deprecated -W ignore:easy_install command is deprecated setup.py egg_info --egg-base ../../build/drone_launch build --build-base /home/bhav/IITISoC-25-IVR09/gcs_ws/build/drone_launch/build install --record /home/bhav/IITISoC-25-IVR09/gcs_ws/build/drone_launch/install.log --single-version-externally-managed install_data
[2.130s] Level 1:colcon.colcon_core.environment:checking '/home/bhav/IITISoC-25-IVR09/gcs_ws/install/drone_launch' for CMake config files
[2.131s] Level 1:colcon.colcon_core.environment:checking '/home/bhav/IITISoC-25-IVR09/gcs_ws/install/drone_launch/lib'
[2.131s] Level 1:colcon.colcon_core.environment:checking '/home/bhav/IITISoC-25-IVR09/gcs_ws/install/drone_launch/bin'
[2.131s] Level 1:colcon.colcon_core.environment:checking '/home/bhav/IITISoC-25-IVR09/gcs_ws/install/drone_launch/lib/pkgconfig/drone_launch.pc'
[2.131s] Level 1:colcon.colcon_core.environment:checking '/home/bhav/IITISoC-25-IVR09/gcs_ws/install/drone_launch/lib/python3.10/site-packages'
[2.131s] Level 1:colcon.colcon_core.shell:create_environment_hook('drone_launch', 'pythonpath')
[2.132s] INFO:colcon.colcon_core.shell:Creating environment hook '/home/bhav/IITISoC-25-IVR09/gcs_ws/install/drone_launch/share/drone_launch/hook/pythonpath.ps1'
[2.132s] INFO:colcon.colcon_core.shell:Creating environment descriptor '/home/bhav/IITISoC-25-IVR09/gcs_ws/install/drone_launch/share/drone_launch/hook/pythonpath.dsv'
[2.132s] INFO:colcon.colcon_core.shell:Creating environment hook '/home/bhav/IITISoC-25-IVR09/gcs_ws/install/drone_launch/share/drone_launch/hook/pythonpath.sh'
[2.133s] Level 1:colcon.colcon_core.environment:checking '/home/bhav/IITISoC-25-IVR09/gcs_ws/install/drone_launch/bin'
[2.133s] Level 1:colcon.colcon_core.environment:create_environment_scripts_only(drone_launch)
[2.134s] INFO:colcon.colcon_core.shell:Creating package script '/home/bhav/IITISoC-25-IVR09/gcs_ws/install/drone_launch/share/drone_launch/package.ps1'
[2.134s] INFO:colcon.colcon_core.shell:Creating package descriptor '/home/bhav/IITISoC-25-IVR09/gcs_ws/install/drone_launch/share/drone_launch/package.dsv'
[2.135s] INFO:colcon.colcon_core.shell:Creating package script '/home/bhav/IITISoC-25-IVR09/gcs_ws/install/drone_launch/share/drone_launch/package.sh'
[2.135s] INFO:colcon.colcon_core.shell:Creating package script '/home/bhav/IITISoC-25-IVR09/gcs_ws/install/drone_launch/share/drone_launch/package.bash'
[2.135s] INFO:colcon.colcon_core.shell:Creating package script '/home/bhav/IITISoC-25-IVR09/gcs_ws/install/drone_launch/share/drone_launch/package.zsh'
[2.136s] Level 1:colcon.colcon_core.environment:create_file_with_runtime_dependencies(/home/bhav/IITISoC-25-IVR09/gcs_ws/install/drone_launch/share/colcon-core/packages/drone_launch)
[2.137s] Level 1:colcon.colcon_core.environment:checking '/home/bhav/IITISoC-25-IVR09/gcs_ws/install/mission_utils' for CMake module files
[2.138s] DEBUG:colcon.colcon_core.event_handler.log_command:Invoked command in '/home/bhav/IITISoC-25-IVR09/gcs_ws/src/mission_utils' returned '0': PYTHONPATH=/home/bhav/IITISoC-25-IVR09/gcs_ws/build/mission_utils/prefix_override:/home/bhav/.local/lib/python3.10/site-packages/colcon_core/task/python/colcon_distutils_commands:/home/bhav/IITISoC-25-IVR09/gcs_ws/install/mission_utils/lib/python3.10/site-packages:${PYTHONPATH} /usr/bin/python3 -W ignore:setup.py install is deprecated -W ignore:easy_install command is deprecated setup.py egg_info --egg-base ../../build/mission_utils build --build-base /home/bhav/IITISoC-25-IVR09/gcs_ws/build/mission_utils/build install --record /home/bhav/IITISoC-25-IVR09/gcs_ws/build/mission_utils/install.log --single-version-externally-managed install_data
[2.138s] Level 1:colcon.colcon_core.environment:checking '/home/bhav/IITISoC-25-IVR09/gcs_ws/install/mission_utils' for CMake config files
[2.138s] Level 1:colcon.colcon_core.environment:checking '/home/bhav/IITISoC-25-IVR09/gcs_ws/install/mission_utils/lib'
[2.138s] Level 1:colcon.colcon_core.environment:checking '/home/bhav/IITISoC-25-IVR09/gcs_ws/install/mission_utils/bin'
[2.138s] Level 1:colcon.colcon_core.environment:checking '/home/bhav/IITISoC-25-IVR09/gcs_ws/install/mission_utils/lib/pkgconfig/mission_utils.pc'
[2.139s] Level 1:colcon.colcon_core.environment:checking '/home/bhav/IITISoC-25-IVR09/gcs_ws/install/mission_utils/lib/python3.10/site-packages'
[2.139s] Level 1:colcon.colcon_core.shell:create_environment_hook('mission_utils', 'pythonpath')
[2.139s] INFO:colcon.colcon_core.shell:Creating environment hook '/home/bhav/IITISoC-25-IVR09/gcs_ws/install/mission_utils/share/mission_utils/hook/pythonpath.ps1'
[2.139s] INFO:colcon.colcon_core.shell:Creating environment descriptor '/home/bhav/IITISoC-25-IVR09/gcs_ws/install/mission_utils/share/mission_utils/hook/pythonpath.dsv'
[2.139s] INFO:colcon.colcon_core.shell:Creating environment hook '/home/bhav/IITISoC-25-IVR09/gcs_ws/install/mission_utils/share/mission_utils/hook/pythonpath.sh'
[2.140s] Level 1:colcon.colcon_core.environment:checking '/home/bhav/IITISoC-25-IVR09/gcs_ws/install/mission_utils/bin'
[2.140s] Level 1:colcon.colcon_core.environment:create_environment_scripts_only(mission_utils)
[2.140s] INFO:colcon.colcon_core.shell:Creating package script '/home/bhav/IITISoC-25-IVR09/gcs_ws/install/mission_utils/share/mission_utils/package.ps1'
[2.140s] INFO:colcon.colcon_core.shell:Creating package descriptor '/home/bhav/IITISoC-25-IVR09/gcs_ws/install/mission_utils/share/mission_utils/package.dsv'
[2.140s] INFO:colcon.colcon_core.shell:Creating package script '/home/bhav/IITISoC-25-IVR09/gcs_ws/install/mission_utils/share/mission_utils/package.sh'
[2.141s] INFO:colcon.colcon_core.shell:Creating package script '/home/bhav/IITISoC-25-IVR09/gcs_ws/install/mission_utils/share/mission_utils/package.bash'
[2.141s] INFO:colcon.colcon_core.shell:Creating package script '/home/bhav/IITISoC-25-IVR09/gcs_ws/install/mission_utils/share/mission_utils/package.zsh'
[2.141s] Level 1:colcon.colcon_core.environment:create_file_with_runtime_dependencies(/home/bhav/IITISoC-25-IVR09/gcs_ws/install/mission_utils/share/colcon-core/packages/mission_utils)
[2.141s] INFO:colcon.colcon_ros.task.ament_python.build:Building ROS package in '/home/bhav/IITISoC-25-IVR09/gcs_ws/src/gcs_controller' with build type 'ament_python'
[2.141s] Level 1:colcon.colcon_core.shell:create_environment_hook('gcs_controller', 'ament_prefix_path')
[2.141s] INFO:colcon.colcon_core.shell:Creating environment hook '/home/bhav/IITISoC-25-IVR09/gcs_ws/install/gcs_controller/share/gcs_controller/hook/ament_prefix_path.ps1'
[2.142s] INFO:colcon.colcon_core.shell:Creating environment descriptor '/home/bhav/IITISoC-25-IVR09/gcs_ws/install/gcs_controller/share/gcs_controller/hook/ament_prefix_path.dsv'
[2.142s] INFO:colcon.colcon_core.shell:Creating environment hook '/home/bhav/IITISoC-25-IVR09/gcs_ws/install/gcs_controller/share/gcs_controller/hook/ament_prefix_path.sh'
[2.142s] INFO:colcon.colcon_core.shell:Skip shell extension 'powershell' for command environment: Not usable outside of PowerShell
[2.142s] DEBUG:colcon.colcon_core.shell:Skip shell extension 'dsv' for command environment
[2.322s] INFO:colcon.colcon_core.task.python.build:Building Python package in '/home/bhav/IITISoC-25-IVR09/gcs_ws/src/gcs_controller'
[2.323s] INFO:colcon.colcon_core.shell:Skip shell extension 'powershell' for command environment: Not usable outside of PowerShell
[2.323s] DEBUG:colcon.colcon_core.shell:Skip shell extension 'dsv' for command environment
[2.329s] DEBUG:colcon.colcon_core.event_handler.log_command:Invoking command in '/home/bhav/IITISoC-25-IVR09/gcs_ws/src/drone_1_manager': PYTHONPATH=/home/bhav/IITISoC-25-IVR09/gcs_ws/build/drone_1_manager/prefix_override:/home/bhav/.local/lib/python3.10/site-packages/colcon_core/task/python/colcon_distutils_commands:/home/bhav/IITISoC-25-IVR09/gcs_ws/install/drone_1_manager/lib/python3.10/site-packages:${PYTHONPATH} /usr/bin/python3 -W ignore:setup.py install is deprecated -W ignore:easy_install command is deprecated setup.py egg_info --egg-base ../../build/drone_1_manager build --build-base /home/bhav/IITISoC-25-IVR09/gcs_ws/build/drone_1_manager/build install --record /home/bhav/IITISoC-25-IVR09/gcs_ws/build/drone_1_manager/install.log --single-version-externally-managed install_data
[2.329s] DEBUG:colcon.colcon_core.event_handler.log_command:Invoking command in '/home/bhav/IITISoC-25-IVR09/gcs_ws/src/drone_2_manager': PYTHONPATH=/home/bhav/IITISoC-25-IVR09/gcs_ws/build/drone_2_manager/prefix_override:/home/bhav/.local/lib/python3.10/site-packages/colcon_core/task/python/colcon_distutils_commands:/home/bhav/IITISoC-25-IVR09/gcs_ws/install/drone_2_manager/lib/python3.10/site-packages:${PYTHONPATH} /usr/bin/python3 -W ignore:setup.py install is deprecated -W ignore:easy_install command is deprecated setup.py egg_info --egg-base ../../build/drone_2_manager build --build-base /home/bhav/IITISoC-25-IVR09/gcs_ws/build/drone_2_manager/build install --record /home/bhav/IITISoC-25-IVR09/gcs_ws/build/drone_2_manager/install.log --single-version-externally-managed install_data
[2.521s] Level 1:colcon.colcon_core.environment:checking '/home/bhav/IITISoC-25-IVR09/gcs_ws/install/drone_1_manager' for CMake module files
[2.522s] DEBUG:colcon.colcon_core.event_handler.log_command:Invoked command in '/home/bhav/IITISoC-25-IVR09/gcs_ws/src/drone_1_manager' returned '0': PYTHONPATH=/home/bhav/IITISoC-25-IVR09/gcs_ws/build/drone_1_manager/prefix_override:/home/bhav/.local/lib/python3.10/site-packages/colcon_core/task/python/colcon_distutils_commands:/home/bhav/IITISoC-25-IVR09/gcs_ws/install/drone_1_manager/lib/python3.10/site-packages:${PYTHONPATH} /usr/bin/python3 -W ignore:setup.py install is deprecated -W ignore:easy_install command is deprecated setup.py egg_info --egg-base ../../build/drone_1_manager build --build-base /home/bhav/IITISoC-25-IVR09/gcs_ws/build/drone_1_manager/build install --record /home/bhav/IITISoC-25-IVR09/gcs_ws/build/drone_1_manager/install.log --single-version-externally-managed install_data
[2.522s] Level 1:colcon.colcon_core.environment:checking '/home/bhav/IITISoC-25-IVR09/gcs_ws/install/drone_1_manager' for CMake config files
[2.522s] Level 1:colcon.colcon_core.environment:checking '/home/bhav/IITISoC-25-IVR09/gcs_ws/install/drone_1_manager/lib'
[2.522s] Level 1:colcon.colcon_core.environment:checking '/home/bhav/IITISoC-25-IVR09/gcs_ws/install/drone_1_manager/bin'
[2.522s] Level 1:colcon.colcon_core.environment:checking '/home/bhav/IITISoC-25-IVR09/gcs_ws/install/drone_1_manager/lib/pkgconfig/drone_1_manager.pc'
[2.523s] Level 1:colcon.colcon_core.environment:checking '/home/bhav/IITISoC-25-IVR09/gcs_ws/install/drone_1_manager/lib/python3.10/site-packages'
[2.523s] Level 1:colcon.colcon_core.shell:create_environment_hook('drone_1_manager', 'pythonpath')
[2.523s] INFO:colcon.colcon_core.shell:Creating environment hook '/home/bhav/IITISoC-25-IVR09/gcs_ws/install/drone_1_manager/share/drone_1_manager/hook/pythonpath.ps1'
[2.523s] INFO:colcon.colcon_core.shell:Creating environment descriptor '/home/bhav/IITISoC-25-IVR09/gcs_ws/install/drone_1_manager/share/drone_1_manager/hook/pythonpath.dsv'
[2.523s] INFO:colcon.colcon_core.shell:Creating environment hook '/home/bhav/IITISoC-25-IVR09/gcs_ws/install/drone_1_manager/share/drone_1_manager/hook/pythonpath.sh'
[2.524s] Level 1:colcon.colcon_core.environment:checking '/home/bhav/IITISoC-25-IVR09/gcs_ws/install/drone_1_manager/bin'
[2.524s] Level 1:colcon.colcon_core.environment:create_environment_scripts_only(drone_1_manager)
[2.524s] INFO:colcon.colcon_core.shell:Creating package script '/home/bhav/IITISoC-25-IVR09/gcs_ws/install/drone_1_manager/share/drone_1_manager/package.ps1'
[2.524s] INFO:colcon.colcon_core.shell:Creating package descriptor '/home/bhav/IITISoC-25-IVR09/gcs_ws/install/drone_1_manager/share/drone_1_manager/package.dsv'
[2.524s] INFO:colcon.colcon_core.shell:Creating package script '/home/bhav/IITISoC-25-IVR09/gcs_ws/install/drone_1_manager/share/drone_1_manager/package.sh'
[2.525s] INFO:colcon.colcon_core.shell:Creating package script '/home/bhav/IITISoC-25-IVR09/gcs_ws/install/drone_1_manager/share/drone_1_manager/package.bash'
[2.525s] INFO:colcon.colcon_core.shell:Creating package script '/home/bhav/IITISoC-25-IVR09/gcs_ws/install/drone_1_manager/share/drone_1_manager/package.zsh'
[2.525s] Level 1:colcon.colcon_core.environment:create_file_with_runtime_dependencies(/home/bhav/IITISoC-25-IVR09/gcs_ws/install/drone_1_manager/share/colcon-core/packages/drone_1_manager)
[2.525s] Level 1:colcon.colcon_core.environment:checking '/home/bhav/IITISoC-25-IVR09/gcs_ws/install/drone_2_manager' for CMake module files
[2.526s] Level 1:colcon.colcon_core.environment:checking '/home/bhav/IITISoC-25-IVR09/gcs_ws/install/drone_2_manager' for CMake config files
[2.526s] DEBUG:colcon.colcon_core.event_handler.log_command:Invoked command in '/home/bhav/IITISoC-25-IVR09/gcs_ws/src/drone_2_manager' returned '0': PYTHONPATH=/home/bhav/IITISoC-25-IVR09/gcs_ws/build/drone_2_manager/prefix_override:/home/bhav/.local/lib/python3.10/site-packages/colcon_core/task/python/colcon_distutils_commands:/home/bhav/IITISoC-25-IVR09/gcs_ws/install/drone_2_manager/lib/python3.10/site-packages:${PYTHONPATH} /usr/bin/python3 -W ignore:setup.py install is deprecated -W ignore:easy_install command is deprecated setup.py egg_info --egg-base ../../build/drone_2_manager build --build-base /home/bhav/IITISoC-25-IVR09/gcs_ws/build/drone_2_manager/build install --record /home/bhav/IITISoC-25-IVR09/gcs_ws/build/drone_2_manager/install.log --single-version-externally-managed install_data
[2.527s] Level 1:colcon.colcon_core.environment:checking '/home/bhav/IITISoC-25-IVR09/gcs_ws/install/drone_2_manager/lib'
[2.527s] Level 1:colcon.colcon_core.environment:checking '/home/bhav/IITISoC-25-IVR09/gcs_ws/install/drone_2_manager/bin'
[2.527s] Level 1:colcon.colcon_core.environment:checking '/home/bhav/IITISoC-25-IVR09/gcs_ws/install/drone_2_manager/lib/pkgconfig/drone_2_manager.pc'
[2.527s] Level 1:colcon.colcon_core.environment:checking '/home/bhav/IITISoC-25-IVR09/gcs_ws/install/drone_2_manager/lib/python3.10/site-packages'
[2.527s] Level 1:colcon.colcon_core.shell:create_environment_hook('drone_2_manager', 'pythonpath')
[2.527s] INFO:colcon.colcon_core.shell:Creating environment hook '/home/bhav/IITISoC-25-IVR09/gcs_ws/install/drone_2_manager/share/drone_2_manager/hook/pythonpath.ps1'
[2.528s] INFO:colcon.colcon_core.shell:Creating environment descriptor '/home/bhav/IITISoC-25-IVR09/gcs_ws/install/drone_2_manager/share/drone_2_manager/hook/pythonpath.dsv'
[2.528s] INFO:colcon.colcon_core.shell:Creating environment hook '/home/bhav/IITISoC-25-IVR09/gcs_ws/install/drone_2_manager/share/drone_2_manager/hook/pythonpath.sh'
[2.528s] Level 1:colcon.colcon_core.environment:checking '/home/bhav/IITISoC-25-IVR09/gcs_ws/install/drone_2_manager/bin'
[2.528s] Level 1:colcon.colcon_core.environment:create_environment_scripts_only(drone_2_manager)
[2.529s] INFO:colcon.colcon_core.shell:Creating package script '/home/bhav/IITISoC-25-IVR09/gcs_ws/install/drone_2_manager/share/drone_2_manager/package.ps1'
[2.529s] INFO:colcon.colcon_core.shell:Creating package descriptor '/home/bhav/IITISoC-25-IVR09/gcs_ws/install/drone_2_manager/share/drone_2_manager/package.dsv'
[2.529s] INFO:colcon.colcon_core.shell:Creating package script '/home/bhav/IITISoC-25-IVR09/gcs_ws/install/drone_2_manager/share/drone_2_manager/package.sh'
[2.529s] INFO:colcon.colcon_core.shell:Creating package script '/home/bhav/IITISoC-25-IVR09/gcs_ws/install/drone_2_manager/share/drone_2_manager/package.bash'
[2.529s] INFO:colcon.colcon_core.shell:Creating package script '/home/bhav/IITISoC-25-IVR09/gcs_ws/install/drone_2_manager/share/drone_2_manager/package.zsh'
[2.530s] Level 1:colcon.colcon_core.environment:create_file_with_runtime_dependencies(/home/bhav/IITISoC-25-IVR09/gcs_ws/install/drone_2_manager/share/colcon-core/packages/drone_2_manager)
[2.584s] DEBUG:colcon.colcon_core.event_handler.log_command:Invoking command in '/home/bhav/IITISoC-25-IVR09/gcs_ws/src/gcs_controller': AMENT_PREFIX_PATH=/home/bhav/IITISoC-25-IVR09/gcs_ws/install/mission_utils:/home/bhav/IITISoC-25-IVR09/gcs_ws/install/gcs_controller:/home/bhav/IITISoC-25-IVR09/gcs_ws/install/drone_launch:/home/bhav/IITISoC-25-IVR09/gcs_ws/install/drone_2_manager:/home/bhav/IITISoC-25-IVR09/gcs_ws/install/drone_1_manager:/home/bhav/IITISoC-25-IVR09/gcs_ws/install/drone_interfaces:/home/bhav/px4_ros2_ws/install/px4_msgs:/opt/ros/humble PYTHONPATH=/home/bhav/IITISoC-25-IVR09/gcs_ws/build/gcs_controller/prefix_override:/home/bhav/.local/lib/python3.10/site-packages/colcon_core/task/python/colcon_distutils_commands:/home/bhav/IITISoC-25-IVR09/gcs_ws/install/gcs_controller/lib/python3.10/site-packages:/home/bhav/IITISoC-25-IVR09/gcs_ws/install/mission_utils/lib/python3.10/site-packages:/home/bhav/IITISoC-25-IVR09/gcs_ws/install/gcs_controller/lib/python3.10/site-packages:/home/bhav/IITISoC-25-IVR09/gcs_ws/install/drone_launch/lib/python3.10/site-packages:/home/bhav/IITISoC-25-IVR09/gcs_ws/install/drone_2_manager/lib/python3.10/site-packages:/home/bhav/IITISoC-25-IVR09/gcs_ws/install/drone_1_manager/lib/python3.10/site-packages:/home/bhav/IITISoC-25-IVR09/gcs_ws/install/drone_interfaces/local/lib/python3.10/dist-packages:/home/bhav/px4_ros2_ws/install/px4_msgs/local/lib/python3.10/dist-packages:/opt/ros/humble/lib/python3.10/site-packages:/opt/ros/humble/local/lib/python3.10/dist-packages /usr/bin/python3 -W ignore:setup.py install is deprecated -W ignore:easy_install command is deprecated setup.py egg_info --egg-base ../../build/gcs_controller build --build-base /home/bhav/IITISoC-25-IVR09/gcs_ws/build/gcs_controller/build install --record /home/bhav/IITISoC-25-IVR09/gcs_ws/build/gcs_controller/install.log --single-version-externally-managed install_data
[2.768s] Level 1:colcon.colcon_core.environment:checking '/home/bhav/IITISoC-25-IVR09/gcs_ws/install/gcs_controller' for CMake module files
[2.769s] DEBUG:colcon.colcon_core.event_handler.log_command:Invoked command in '/home/bhav/IITISoC-25-IVR09/gcs_ws/src/gcs_controller' returned '0': AMENT_PREFIX_PATH=/home/bhav/IITISoC-25-IVR09/gcs_ws/install/mission_utils:/home/bhav/IITISoC-25-IVR09/gcs_ws/install/gcs_controller:/home/bhav/IITISoC-25-IVR09/gcs_ws/install/drone_launch:/home/bhav/IITISoC-25-IVR09/gcs_ws/install/drone_2_manager:/home/bhav/IITISoC-25-IVR09/gcs_ws/install/drone_1_manager:/home/bhav/IITISoC-25-IVR09/gcs_ws/install/drone_interfaces:/home/bhav/px4_ros2_ws/install/px4_msgs:/opt/ros/humble PYTHONPATH=/home/bhav/IITISoC-25-IVR09/gcs_ws/build/gcs_controller/prefix_override:/home/bhav/.local/lib/python3.10/site-packages/colcon_core/task/python/colcon_distutils_commands:/home/bhav/IITISoC-25-IVR09/gcs_ws/install/gcs_controller/lib/python3.10/site-packages:/home/bhav/IITISoC-25-IVR09/gcs_ws/install/mission_utils/lib/python3.10/site-packages:/home/bhav/IITISoC-25-IVR09/gcs_ws/install/gcs_controller/lib/python3.10/site-packages:/home/bhav/IITISoC-25-IVR09/gcs_ws/install/drone_launch/lib/python3.10/site-packages:/home/bhav/IITISoC-25-IVR09/gcs_ws/install/drone_2_manager/lib/python3.10/site-packages:/home/bhav/IITISoC-25-IVR09/gcs_ws/install/drone_1_manager/lib/python3.10/site-packages:/home/bhav/IITISoC-25-IVR09/gcs_ws/install/drone_interfaces/local/lib/python3.10/dist-packages:/home/bhav/px4_ros2_ws/install/px4_msgs/local/lib/python3.10/dist-packages:/opt/ros/humble/lib/python3.10/site-packages:/opt/ros/humble/local/lib/python3.10/dist-packages /usr/bin/python3 -W ignore:setup.py install is deprecated -W ignore:easy_install command is deprecated setup.py egg_info --egg-base ../../build/gcs_controller build --build-base /home/bhav/IITISoC-25-IVR09/gcs_ws/build/gcs_controller/build install --record /home/bhav/IITISoC-25-IVR09/gcs_ws/build/gcs_controller/install.log --single-version-externally-managed install_data
[2.769s] Level 1:colcon.colcon_core.environment:checking '/home/bhav/IITISoC-25-IVR09/gcs_ws/install/gcs_controller' for CMake config files
[2.769s] Level 1:colcon.colcon_core.environment:checking '/home/bhav/IITISoC-25-IVR09/gcs_ws/install/gcs_controller/lib'
[2.770s] Level 1:colcon.colcon_core.environment:checking '/home/bhav/IITISoC-25-IVR09/gcs_ws/install/gcs_controller/bin'
[2.770s] Level 1:colcon.colcon_core.environment:checking '/home/bhav/IITISoC-25-IVR09/gcs_ws/install/gcs_controller/lib/pkgconfig/gcs_controller.pc'
[2.770s] Level 1:colcon.colcon_core.environment:checking '/home/bhav/IITISoC-25-IVR09/gcs_ws/install/gcs_controller/lib/python3.10/site-packages'
[2.770s] Level 1:colcon.colcon_core.shell:create_environment_hook('gcs_controller', 'pythonpath')
[2.770s] INFO:colcon.colcon_core.shell:Creating environment hook '/home/bhav/IITISoC-25-IVR09/gcs_ws/install/gcs_controller/share/gcs_controller/hook/pythonpath.ps1'
[2.770s] INFO:colcon.colcon_core.shell:Creating environment descriptor '/home/bhav/IITISoC-25-IVR09/gcs_ws/install/gcs_controller/share/gcs_controller/hook/pythonpath.dsv'
[2.770s] INFO:colcon.colcon_core.shell:Creating environment hook '/home/bhav/IITISoC-25-IVR09/gcs_ws/install/gcs_controller/share/gcs_controller/hook/pythonpath.sh'
[2.771s] Level 1:colcon.colcon_core.environment:checking '/home/bhav/IITISoC-25-IVR09/gcs_ws/install/gcs_controller/bin'
[2.771s] Level 1:colcon.colcon_core.environment:create_environment_scripts_only(gcs_controller)
[2.771s] INFO:colcon.colcon_core.shell:Creating package script '/home/bhav/IITISoC-25-IVR09/gcs_ws/install/gcs_controller/share/gcs_controller/package.ps1'
[2.771s] INFO:colcon.colcon_core.shell:Creating package descriptor '/home/bhav/IITISoC-25-IVR09/gcs_ws/install/gcs_controller/share/gcs_controller/package.dsv'
[2.772s] INFO:colcon.colcon_core.shell:Creating package script '/home/bhav/IITISoC-25-IVR09/gcs_ws/install/gcs_controller/share/gcs_controller/package.sh'
[2.772s] INFO:colcon.colcon_core.shell:Creating package script '/home/bhav/IITISoC-25-IVR09/gcs_ws/install/gcs_controller/share/gcs_controller/package.bash'
[2.772s] INFO:colcon.colcon_core.shell:Creating package script '/home/bhav/IITISoC-25-IVR09/gcs_ws/install/gcs_controller/share/gcs_controller/package.zsh'
[2.772s] Level 1:colcon.colcon_core.environment:create_file_with_runtime_dependencies(/home/bhav/IITISoC-25-IVR09/gcs_ws/install/gcs_controller/share/colcon-core/packages/gcs_controller)
[2.772s] DEBUG:colcon.colcon_parallel_executor.executor.parallel:closing loop
[2.773s] DEBUG:colcon.colcon_parallel_executor.executor.parallel:loop closed
[2.773s] DEBUG:colcon.colcon_parallel_executor.executor.parallel:run_until_complete finished with '0'
[2.773s] DEBUG:colcon.colcon_core.event_reactor:joining thread
[2.778s] INFO:colcon.colcon_core.plugin_system:Skipping extension 'colcon_notification.desktop_notification.terminal_notifier': Not used on non-Darwin systems
[2.778s] INFO:colcon.colcon_core.plugin_system:Skipping extension 'colcon_notification.desktop_notification.win32': Not used on non-Windows systems
[2.778s] INFO:colcon.colcon_notification.desktop_notification:Sending desktop notification using 'notify2'
[2.786s] DEBUG:colcon.colcon_core.event_reactor:joined thread
[2.786s] INFO:colcon.colcon_core.shell:Creating prefix script '/home/bhav/IITISoC-25-IVR09/gcs_ws/install/local_setup.ps1'
[2.787s] INFO:colcon.colcon_core.shell:Creating prefix util module '/home/bhav/IITISoC-25-IVR09/gcs_ws/install/_local_setup_util_ps1.py'
[2.788s] INFO:colcon.colcon_core.shell:Creating prefix chain script '/home/bhav/IITISoC-25-IVR09/gcs_ws/install/setup.ps1'
[2.789s] INFO:colcon.colcon_core.shell:Creating prefix script '/home/bhav/IITISoC-25-IVR09/gcs_ws/install/local_setup.sh'
[2.790s] INFO:colcon.colcon_core.shell:Creating prefix util module '/home/bhav/IITISoC-25-IVR09/gcs_ws/install/_local_setup_util_sh.py'
[2.790s] INFO:colcon.colcon_core.shell:Creating prefix chain script '/home/bhav/IITISoC-25-IVR09/gcs_ws/install/setup.sh'
[2.791s] INFO:colcon.colcon_core.shell:Creating prefix script '/home/bhav/IITISoC-25-IVR09/gcs_ws/install/local_setup.bash'
[2.791s] INFO:colcon.colcon_core.shell:Creating prefix chain script '/home/bhav/IITISoC-25-IVR09/gcs_ws/install/setup.bash'
[2.792s] INFO:colcon.colcon_core.shell:Creating prefix script '/home/bhav/IITISoC-25-IVR09/gcs_ws/install/local_setup.zsh'
[2.792s] INFO:colcon.colcon_core.shell:Creating prefix chain script '/home/bhav/IITISoC-25-IVR09/gcs_ws/install/setup.zsh'
