[0.756s] Invoking command in '/home/bhav/IITISoC-25-IVR09/gcs_ws/src/drone_1_manager': PYTHONPATH=/home/bhav/IITISoC-25-IVR09/gcs_ws/build/drone_1_manager/prefix_override:/home/bhav/.local/lib/python3.10/site-packages/colcon_core/task/python/colcon_distutils_commands:/home/bhav/IITISoC-25-IVR09/gcs_ws/install/drone_1_manager/lib/python3.10/site-packages:${PYTHONPATH} /usr/bin/python3 -W ignore:setup.py install is deprecated -W ignore:easy_install command is deprecated setup.py egg_info --egg-base ../../build/drone_1_manager build --build-base /home/bhav/IITISoC-25-IVR09/gcs_ws/build/drone_1_manager/build install --record /home/bhav/IITISoC-25-IVR09/gcs_ws/build/drone_1_manager/install.log --single-version-externally-managed install_data
[0.906s] running egg_info
[0.907s] writing ../../build/drone_1_manager/drone_1_manager.egg-info/PKG-INFO
[0.907s] writing dependency_links to ../../build/drone_1_manager/drone_1_manager.egg-info/dependency_links.txt
[0.907s] writing entry points to ../../build/drone_1_manager/drone_1_manager.egg-info/entry_points.txt
[0.907s] writing requirements to ../../build/drone_1_manager/drone_1_manager.egg-info/requires.txt
[0.907s] writing top-level names to ../../build/drone_1_manager/drone_1_manager.egg-info/top_level.txt
[0.908s] reading manifest file '../../build/drone_1_manager/drone_1_manager.egg-info/SOURCES.txt'
[0.909s] writing manifest file '../../build/drone_1_manager/drone_1_manager.egg-info/SOURCES.txt'
[0.909s] running build
[0.909s] running build_py
[0.909s] copying drone_1_manager/recharge_node.py -> /home/bhav/IITISoC-25-IVR09/gcs_ws/build/drone_1_manager/build/lib/drone_1_manager
[0.909s] running install
[0.909s] running install_lib
[0.910s] copying /home/bhav/IITISoC-25-IVR09/gcs_ws/build/drone_1_manager/build/lib/drone_1_manager/recharge_node.py -> /home/bhav/IITISoC-25-IVR09/gcs_ws/install/drone_1_manager/lib/python3.10/site-packages/drone_1_manager
[0.910s] byte-compiling /home/bhav/IITISoC-25-IVR09/gcs_ws/install/drone_1_manager/lib/python3.10/site-packages/drone_1_manager/recharge_node.py to recharge_node.cpython-310.pyc
[0.911s] Sorry: TabError: inconsistent use of tabs and spaces in indentation (recharge_node.py, line 150)
[0.911s] running install_data
[0.911s] running install_egg_info
[0.912s] removing '/home/bhav/IITISoC-25-IVR09/gcs_ws/install/drone_1_manager/lib/python3.10/site-packages/drone_1_manager-0.0.0-py3.10.egg-info' (and everything under it)
[0.912s] Copying ../../build/drone_1_manager/drone_1_manager.egg-info to /home/bhav/IITISoC-25-IVR09/gcs_ws/install/drone_1_manager/lib/python3.10/site-packages/drone_1_manager-0.0.0-py3.10.egg-info
[0.913s] running install_scripts
[0.927s] Installing geotagging_node script to /home/bhav/IITISoC-25-IVR09/gcs_ws/install/drone_1_manager/lib/drone_1_manager
[0.927s] Installing mission_handler_node script to /home/bhav/IITISoC-25-IVR09/gcs_ws/install/drone_1_manager/lib/drone_1_manager
[0.927s] Installing offboard_controller_node script to /home/bhav/IITISoC-25-IVR09/gcs_ws/install/drone_1_manager/lib/drone_1_manager
[0.927s] Installing recharge_node script to /home/bhav/IITISoC-25-IVR09/gcs_ws/install/drone_1_manager/lib/drone_1_manager
[0.927s] Installing status_publisher_node script to /home/bhav/IITISoC-25-IVR09/gcs_ws/install/drone_1_manager/lib/drone_1_manager
[0.927s] Installing water_level script to /home/bhav/IITISoC-25-IVR09/gcs_ws/install/drone_1_manager/lib/drone_1_manager
[0.927s] writing list of installed files to '/home/bhav/IITISoC-25-IVR09/gcs_ws/build/drone_1_manager/install.log'
[0.948s] Invoked command in '/home/bhav/IITISoC-25-IVR09/gcs_ws/src/drone_1_manager' returned '0': PYTHONPATH=/home/bhav/IITISoC-25-IVR09/gcs_ws/build/drone_1_manager/prefix_override:/home/bhav/.local/lib/python3.10/site-packages/colcon_core/task/python/colcon_distutils_commands:/home/bhav/IITISoC-25-IVR09/gcs_ws/install/drone_1_manager/lib/python3.10/site-packages:${PYTHONPATH} /usr/bin/python3 -W ignore:setup.py install is deprecated -W ignore:easy_install command is deprecated setup.py egg_info --egg-base ../../build/drone_1_manager build --build-base /home/bhav/IITISoC-25-IVR09/gcs_ws/build/drone_1_manager/build install --record /home/bhav/IITISoC-25-IVR09/gcs_ws/build/drone_1_manager/install.log --single-version-externally-managed install_data
