[0.947s] Invoking command in '/home/bhav/IITISoC-25-IVR09/gcs_ws/src/drone_1_manager': AMENT_PREFIX_PATH=/home/bhav/IITISoC-25-IVR09/gcs_ws/install/drone_interfaces:${AMENT_PREFIX_PATH} CMAKE_PREFIX_PATH=/home/bhav/IITISoC-25-IVR09/gcs_ws/install/drone_interfaces:${CMAKE_PREFIX_PATH} LD_LIBRARY_PATH=/home/bhav/IITISoC-25-IVR09/gcs_ws/install/drone_interfaces/lib:${LD_LIBRARY_PATH} PYTHONPATH=/home/bhav/IITISoC-25-IVR09/gcs_ws/build/drone_1_manager/prefix_override:/home/bhav/.local/lib/python3.10/site-packages/colcon_core/task/python/colcon_distutils_commands:/home/bhav/IITISoC-25-IVR09/gcs_ws/install/drone_1_manager/lib/python3.10/site-packages:/home/bhav/IITISoC-25-IVR09/gcs_ws/install/drone_interfaces/local/lib/python3.10/dist-packages:${PYTHONPATH} /usr/bin/python3 -W ignore:setup.py install is deprecated -W ignore:easy_install command is deprecated setup.py egg_info --egg-base ../../build/drone_1_manager build --build-base /home/bhav/IITISoC-25-IVR09/gcs_ws/build/drone_1_manager/build install --record /home/bhav/IITISoC-25-IVR09/gcs_ws/build/drone_1_manager/install.log --single-version-externally-managed install_data
[1.113s] running egg_info
[1.114s] creating ../../build/drone_1_manager/drone_1_manager.egg-info
[1.114s] writing ../../build/drone_1_manager/drone_1_manager.egg-info/PKG-INFO
[1.114s] writing dependency_links to ../../build/drone_1_manager/drone_1_manager.egg-info/dependency_links.txt
[1.114s] writing entry points to ../../build/drone_1_manager/drone_1_manager.egg-info/entry_points.txt
[1.114s] writing requirements to ../../build/drone_1_manager/drone_1_manager.egg-info/requires.txt
[1.114s] writing top-level names to ../../build/drone_1_manager/drone_1_manager.egg-info/top_level.txt
[1.115s] writing manifest file '../../build/drone_1_manager/drone_1_manager.egg-info/SOURCES.txt'
[1.116s] reading manifest file '../../build/drone_1_manager/drone_1_manager.egg-info/SOURCES.txt'
[1.116s] writing manifest file '../../build/drone_1_manager/drone_1_manager.egg-info/SOURCES.txt'
[1.116s] running build
[1.116s] running build_py
[1.116s] creating /home/bhav/IITISoC-25-IVR09/gcs_ws/build/drone_1_manager/build
[1.116s] creating /home/bhav/IITISoC-25-IVR09/gcs_ws/build/drone_1_manager/build/lib
[1.117s] creating /home/bhav/IITISoC-25-IVR09/gcs_ws/build/drone_1_manager/build/lib/drone_1_manager
[1.117s] copying drone_1_manager/recharge_node.py -> /home/bhav/IITISoC-25-IVR09/gcs_ws/build/drone_1_manager/build/lib/drone_1_manager
[1.117s] copying drone_1_manager/mission_handler_node.py -> /home/bhav/IITISoC-25-IVR09/gcs_ws/build/drone_1_manager/build/lib/drone_1_manager
[1.117s] copying drone_1_manager/water_level.py -> /home/bhav/IITISoC-25-IVR09/gcs_ws/build/drone_1_manager/build/lib/drone_1_manager
[1.118s] copying drone_1_manager/status_publisher_node.py -> /home/bhav/IITISoC-25-IVR09/gcs_ws/build/drone_1_manager/build/lib/drone_1_manager
[1.118s] copying drone_1_manager/offboard_controller_node.py -> /home/bhav/IITISoC-25-IVR09/gcs_ws/build/drone_1_manager/build/lib/drone_1_manager
[1.118s] copying drone_1_manager/geotagging_node.py -> /home/bhav/IITISoC-25-IVR09/gcs_ws/build/drone_1_manager/build/lib/drone_1_manager
[1.118s] copying drone_1_manager/__init__.py -> /home/bhav/IITISoC-25-IVR09/gcs_ws/build/drone_1_manager/build/lib/drone_1_manager
[1.118s] running install
[1.118s] running install_lib
[1.119s] creating /home/bhav/IITISoC-25-IVR09/gcs_ws/install/drone_1_manager/lib/python3.10/site-packages/drone_1_manager
[1.119s] copying /home/bhav/IITISoC-25-IVR09/gcs_ws/build/drone_1_manager/build/lib/drone_1_manager/recharge_node.py -> /home/bhav/IITISoC-25-IVR09/gcs_ws/install/drone_1_manager/lib/python3.10/site-packages/drone_1_manager
[1.119s] copying /home/bhav/IITISoC-25-IVR09/gcs_ws/build/drone_1_manager/build/lib/drone_1_manager/mission_handler_node.py -> /home/bhav/IITISoC-25-IVR09/gcs_ws/install/drone_1_manager/lib/python3.10/site-packages/drone_1_manager
[1.119s] copying /home/bhav/IITISoC-25-IVR09/gcs_ws/build/drone_1_manager/build/lib/drone_1_manager/water_level.py -> /home/bhav/IITISoC-25-IVR09/gcs_ws/install/drone_1_manager/lib/python3.10/site-packages/drone_1_manager
[1.119s] copying /home/bhav/IITISoC-25-IVR09/gcs_ws/build/drone_1_manager/build/lib/drone_1_manager/status_publisher_node.py -> /home/bhav/IITISoC-25-IVR09/gcs_ws/install/drone_1_manager/lib/python3.10/site-packages/drone_1_manager
[1.119s] copying /home/bhav/IITISoC-25-IVR09/gcs_ws/build/drone_1_manager/build/lib/drone_1_manager/offboard_controller_node.py -> /home/bhav/IITISoC-25-IVR09/gcs_ws/install/drone_1_manager/lib/python3.10/site-packages/drone_1_manager
[1.119s] copying /home/bhav/IITISoC-25-IVR09/gcs_ws/build/drone_1_manager/build/lib/drone_1_manager/geotagging_node.py -> /home/bhav/IITISoC-25-IVR09/gcs_ws/install/drone_1_manager/lib/python3.10/site-packages/drone_1_manager
[1.119s] copying /home/bhav/IITISoC-25-IVR09/gcs_ws/build/drone_1_manager/build/lib/drone_1_manager/__init__.py -> /home/bhav/IITISoC-25-IVR09/gcs_ws/install/drone_1_manager/lib/python3.10/site-packages/drone_1_manager
[1.120s] byte-compiling /home/bhav/IITISoC-25-IVR09/gcs_ws/install/drone_1_manager/lib/python3.10/site-packages/drone_1_manager/recharge_node.py to recharge_node.cpython-310.pyc
[1.121s] byte-compiling /home/bhav/IITISoC-25-IVR09/gcs_ws/install/drone_1_manager/lib/python3.10/site-packages/drone_1_manager/mission_handler_node.py to mission_handler_node.cpython-310.pyc
[1.122s] byte-compiling /home/bhav/IITISoC-25-IVR09/gcs_ws/install/drone_1_manager/lib/python3.10/site-packages/drone_1_manager/water_level.py to water_level.cpython-310.pyc
[1.123s] byte-compiling /home/bhav/IITISoC-25-IVR09/gcs_ws/install/drone_1_manager/lib/python3.10/site-packages/drone_1_manager/status_publisher_node.py to status_publisher_node.cpython-310.pyc
[1.123s] byte-compiling /home/bhav/IITISoC-25-IVR09/gcs_ws/install/drone_1_manager/lib/python3.10/site-packages/drone_1_manager/offboard_controller_node.py to offboard_controller_node.cpython-310.pyc
[1.124s] byte-compiling /home/bhav/IITISoC-25-IVR09/gcs_ws/install/drone_1_manager/lib/python3.10/site-packages/drone_1_manager/geotagging_node.py to geotagging_node.cpython-310.pyc
[1.125s] byte-compiling /home/bhav/IITISoC-25-IVR09/gcs_ws/install/drone_1_manager/lib/python3.10/site-packages/drone_1_manager/__init__.py to __init__.cpython-310.pyc
[1.125s] running install_data
[1.125s] creating /home/bhav/IITISoC-25-IVR09/gcs_ws/install/drone_1_manager/share/ament_index
[1.125s] creating /home/bhav/IITISoC-25-IVR09/gcs_ws/install/drone_1_manager/share/ament_index/resource_index
[1.125s] creating /home/bhav/IITISoC-25-IVR09/gcs_ws/install/drone_1_manager/share/ament_index/resource_index/packages
[1.125s] copying resource/drone_1_manager -> /home/bhav/IITISoC-25-IVR09/gcs_ws/install/drone_1_manager/share/ament_index/resource_index/packages
[1.125s] copying package.xml -> /home/bhav/IITISoC-25-IVR09/gcs_ws/install/drone_1_manager/share/drone_1_manager
[1.125s] running install_egg_info
[1.127s] Copying ../../build/drone_1_manager/drone_1_manager.egg-info to /home/bhav/IITISoC-25-IVR09/gcs_ws/install/drone_1_manager/lib/python3.10/site-packages/drone_1_manager-0.0.0-py3.10.egg-info
[1.128s] running install_scripts
[1.144s] Installing geotagging_node script to /home/bhav/IITISoC-25-IVR09/gcs_ws/install/drone_1_manager/lib/drone_1_manager
[1.144s] Installing mission_handler_node script to /home/bhav/IITISoC-25-IVR09/gcs_ws/install/drone_1_manager/lib/drone_1_manager
[1.144s] Installing offboard_controller_node script to /home/bhav/IITISoC-25-IVR09/gcs_ws/install/drone_1_manager/lib/drone_1_manager
[1.144s] Installing recharge_node script to /home/bhav/IITISoC-25-IVR09/gcs_ws/install/drone_1_manager/lib/drone_1_manager
[1.144s] Installing status_publisher_node script to /home/bhav/IITISoC-25-IVR09/gcs_ws/install/drone_1_manager/lib/drone_1_manager
[1.144s] Installing water_level script to /home/bhav/IITISoC-25-IVR09/gcs_ws/install/drone_1_manager/lib/drone_1_manager
[1.144s] writing list of installed files to '/home/bhav/IITISoC-25-IVR09/gcs_ws/build/drone_1_manager/install.log'
[1.172s] Invoked command in '/home/bhav/IITISoC-25-IVR09/gcs_ws/src/drone_1_manager' returned '0': AMENT_PREFIX_PATH=/home/bhav/IITISoC-25-IVR09/gcs_ws/install/drone_interfaces:${AMENT_PREFIX_PATH} CMAKE_PREFIX_PATH=/home/bhav/IITISoC-25-IVR09/gcs_ws/install/drone_interfaces:${CMAKE_PREFIX_PATH} LD_LIBRARY_PATH=/home/bhav/IITISoC-25-IVR09/gcs_ws/install/drone_interfaces/lib:${LD_LIBRARY_PATH} PYTHONPATH=/home/bhav/IITISoC-25-IVR09/gcs_ws/build/drone_1_manager/prefix_override:/home/bhav/.local/lib/python3.10/site-packages/colcon_core/task/python/colcon_distutils_commands:/home/bhav/IITISoC-25-IVR09/gcs_ws/install/drone_1_manager/lib/python3.10/site-packages:/home/bhav/IITISoC-25-IVR09/gcs_ws/install/drone_interfaces/local/lib/python3.10/dist-packages:${PYTHONPATH} /usr/bin/python3 -W ignore:setup.py install is deprecated -W ignore:easy_install command is deprecated setup.py egg_info --egg-base ../../build/drone_1_manager build --build-base /home/bhav/IITISoC-25-IVR09/gcs_ws/build/drone_1_manager/build install --record /home/bhav/IITISoC-25-IVR09/gcs_ws/build/drone_1_manager/install.log --single-version-externally-managed install_data
