[0.933s] Invoking command in '/home/bhav/IITISoC-25-IVR09/gcs_ws/src/drone_launch': PYTHONPATH=/home/bhav/IITISoC-25-IVR09/gcs_ws/build/drone_launch/prefix_override:/home/bhav/.local/lib/python3.10/site-packages/colcon_core/task/python/colcon_distutils_commands:/home/bhav/IITISoC-25-IVR09/gcs_ws/install/drone_launch/lib/python3.10/site-packages:${PYTHONPATH} /usr/bin/python3 -W ignore:setup.py install is deprecated -W ignore:easy_install command is deprecated setup.py egg_info --egg-base ../../build/drone_launch build --build-base /home/bhav/IITISoC-25-IVR09/gcs_ws/build/drone_launch/build install --record /home/bhav/IITISoC-25-IVR09/gcs_ws/build/drone_launch/install.log --single-version-externally-managed install_data
[1.245s] running egg_info
[1.246s] writing ../../build/drone_launch/drone_launch.egg-info/PKG-INFO
[1.247s] writing dependency_links to ../../build/drone_launch/drone_launch.egg-info/dependency_links.txt
[1.247s] writing entry points to ../../build/drone_launch/drone_launch.egg-info/entry_points.txt
[1.247s] writing requirements to ../../build/drone_launch/drone_launch.egg-info/requires.txt
[1.247s] writing top-level names to ../../build/drone_launch/drone_launch.egg-info/top_level.txt
[1.250s] reading manifest file '../../build/drone_launch/drone_launch.egg-info/SOURCES.txt'
[1.251s] writing manifest file '../../build/drone_launch/drone_launch.egg-info/SOURCES.txt'
[1.252s] running build
[1.252s] running build_py
[1.252s] running install
[1.252s] running install_lib
[1.255s] running install_data
[1.255s] running install_egg_info
[1.257s] removing '/home/bhav/IITISoC-25-IVR09/gcs_ws/install/drone_launch/lib/python3.10/site-packages/drone_launch-0.0.0-py3.10.egg-info' (and everything under it)
[1.258s] Copying ../../build/drone_launch/drone_launch.egg-info to /home/bhav/IITISoC-25-IVR09/gcs_ws/install/drone_launch/lib/python3.10/site-packages/drone_launch-0.0.0-py3.10.egg-info
[1.259s] running install_scripts
[1.285s] writing list of installed files to '/home/bhav/IITISoC-25-IVR09/gcs_ws/build/drone_launch/install.log'
[1.513s] Invoked command in '/home/bhav/IITISoC-25-IVR09/gcs_ws/src/drone_launch' returned '0': PYTHONPATH=/home/bhav/IITISoC-25-IVR09/gcs_ws/build/drone_launch/prefix_override:/home/bhav/.local/lib/python3.10/site-packages/colcon_core/task/python/colcon_distutils_commands:/home/bhav/IITISoC-25-IVR09/gcs_ws/install/drone_launch/lib/python3.10/site-packages:${PYTHONPATH} /usr/bin/python3 -W ignore:setup.py install is deprecated -W ignore:easy_install command is deprecated setup.py egg_info --egg-base ../../build/drone_launch build --build-base /home/bhav/IITISoC-25-IVR09/gcs_ws/build/drone_launch/build install --record /home/bhav/IITISoC-25-IVR09/gcs_ws/build/drone_launch/install.log --single-version-externally-managed install_data
