[0.899s] Invoking command in '/home/chakrapani/drone_files/IITI_SOC/gcs_ws/src/drone_2_manager': PYTHONPATH=/home/chakrapani/drone_files/IITI_SOC/gcs_ws/build/drone_2_manager/prefix_override:/usr/lib/python3/dist-packages/colcon_core/task/python/colcon_distutils_commands:/home/chakrapani/drone_files/IITI_SOC/gcs_ws/install/drone_2_manager/lib/python3.10/site-packages:${PYTHONPATH} /usr/bin/python3 -W ignore:setup.py install is deprecated -W ignore:easy_install command is deprecated setup.py egg_info --egg-base ../../build/drone_2_manager build --build-base /home/chakrapani/drone_files/IITI_SOC/gcs_ws/build/drone_2_manager/build install --record /home/chakrapani/drone_files/IITI_SOC/gcs_ws/build/drone_2_manager/install.log --single-version-externally-managed install_data
[1.236s] running egg_info
[1.237s] writing ../../build/drone_2_manager/drone_2_manager.egg-info/PKG-INFO
[1.237s] writing dependency_links to ../../build/drone_2_manager/drone_2_manager.egg-info/dependency_links.txt
[1.239s] writing entry points to ../../build/drone_2_manager/drone_2_manager.egg-info/entry_points.txt
[1.239s] writing requirements to ../../build/drone_2_manager/drone_2_manager.egg-info/requires.txt
[1.239s] writing top-level names to ../../build/drone_2_manager/drone_2_manager.egg-info/top_level.txt
[1.240s] reading manifest file '../../build/drone_2_manager/drone_2_manager.egg-info/SOURCES.txt'
[1.242s] writing manifest file '../../build/drone_2_manager/drone_2_manager.egg-info/SOURCES.txt'
[1.243s] running build
[1.243s] running build_py
[1.243s] copying drone_2_manager/status_publisher_node.py -> /home/chakrapani/drone_files/IITI_SOC/gcs_ws/build/drone_2_manager/build/lib/drone_2_manager
[1.243s] copying drone_2_manager/mission_handler_node.py -> /home/chakrapani/drone_files/IITI_SOC/gcs_ws/build/drone_2_manager/build/lib/drone_2_manager
[1.243s] running install
[1.243s] running install_lib
[1.244s] copying /home/chakrapani/drone_files/IITI_SOC/gcs_ws/build/drone_2_manager/build/lib/drone_2_manager/status_publisher_node.py -> /home/chakrapani/drone_files/IITI_SOC/gcs_ws/install/drone_2_manager/lib/python3.10/site-packages/drone_2_manager
[1.247s] copying /home/chakrapani/drone_files/IITI_SOC/gcs_ws/build/drone_2_manager/build/lib/drone_2_manager/mission_handler_node.py -> /home/chakrapani/drone_files/IITI_SOC/gcs_ws/install/drone_2_manager/lib/python3.10/site-packages/drone_2_manager
[1.248s] byte-compiling /home/chakrapani/drone_files/IITI_SOC/gcs_ws/install/drone_2_manager/lib/python3.10/site-packages/drone_2_manager/status_publisher_node.py to status_publisher_node.cpython-310.pyc
[1.248s] byte-compiling /home/chakrapani/drone_files/IITI_SOC/gcs_ws/install/drone_2_manager/lib/python3.10/site-packages/drone_2_manager/mission_handler_node.py to mission_handler_node.cpython-310.pyc
[1.249s] running install_data
[1.249s] running install_egg_info
[1.252s] removing '/home/chakrapani/drone_files/IITI_SOC/gcs_ws/install/drone_2_manager/lib/python3.10/site-packages/drone_2_manager-0.0.0-py3.10.egg-info' (and everything under it)
[1.254s] Copying ../../build/drone_2_manager/drone_2_manager.egg-info to /home/chakrapani/drone_files/IITI_SOC/gcs_ws/install/drone_2_manager/lib/python3.10/site-packages/drone_2_manager-0.0.0-py3.10.egg-info
[1.293s] running install_scripts
[1.320s] Installing geotagging_node script to /home/chakrapani/drone_files/IITI_SOC/gcs_ws/install/drone_2_manager/lib/drone_2_manager
[1.320s] Installing mission_handler_node script to /home/chakrapani/drone_files/IITI_SOC/gcs_ws/install/drone_2_manager/lib/drone_2_manager
[1.321s] Installing offboard_controller_node script to /home/chakrapani/drone_files/IITI_SOC/gcs_ws/install/drone_2_manager/lib/drone_2_manager
[1.322s] Installing status_publisher_node script to /home/chakrapani/drone_files/IITI_SOC/gcs_ws/install/drone_2_manager/lib/drone_2_manager
[1.322s] writing list of installed files to '/home/chakrapani/drone_files/IITI_SOC/gcs_ws/build/drone_2_manager/install.log'
[1.364s] Invoked command in '/home/chakrapani/drone_files/IITI_SOC/gcs_ws/src/drone_2_manager' returned '0': PYTHONPATH=/home/chakrapani/drone_files/IITI_SOC/gcs_ws/build/drone_2_manager/prefix_override:/usr/lib/python3/dist-packages/colcon_core/task/python/colcon_distutils_commands:/home/chakrapani/drone_files/IITI_SOC/gcs_ws/install/drone_2_manager/lib/python3.10/site-packages:${PYTHONPATH} /usr/bin/python3 -W ignore:setup.py install is deprecated -W ignore:easy_install command is deprecated setup.py egg_info --egg-base ../../build/drone_2_manager build --build-base /home/chakrapani/drone_files/IITI_SOC/gcs_ws/build/drone_2_manager/build install --record /home/chakrapani/drone_files/IITI_SOC/gcs_ws/build/drone_2_manager/install.log --single-version-externally-managed install_data
