[0.023s] Invoking command in '/home/chakrapani/drone_files/IITI_SOC/gcs_ws/build/drone_interfaces': CMAKE_PREFIX_PATH=${CMAKE_PREFIX_PATH}:/home/chakrapani/drone_files/IITI_SOC/gcs_ws/install/gcs_controller:/home/chakrapani/drone_files/IITI_SOC/gcs_ws/install/mission_utils:/home/chakrapani/drone_files/IITI_SOC/gcs_ws/install/drone_launch:/home/chakrapani/drone_files/IITI_SOC/gcs_ws/install/drone_2_manager:/home/chakrapani/drone_files/IITI_SOC/gcs_ws/install/drone_1_manager:/opt/ros/humble /usr/bin/cmake --build /home/chakrapani/drone_files/IITI_SOC/gcs_ws/build/drone_interfaces -- -j2 -l2
[0.096s] [  0%] Built target drone_interfaces__cpp
[0.130s] [ 12%] Built target drone_interfaces__rosidl_generator_c
[0.184s] [ 12%] Built target ament_cmake_python_copy_drone_interfaces
[0.228s] [ 24%] Built target drone_interfaces__rosidl_typesupport_cpp
[0.291s] [ 36%] Built target drone_interfaces__rosidl_typesupport_fastrtps_c
[0.362s] [ 48%] Built target drone_interfaces__rosidl_typesupport_introspection_c
[0.430s] [ 60%] Built target drone_interfaces__rosidl_typesupport_c
[0.474s] [ 71%] Built target drone_interfaces__rosidl_typesupport_fastrtps_cpp
[0.507s] [ 83%] Built target drone_interfaces__rosidl_typesupport_introspection_cpp
[1.226s] running egg_info
[1.232s] writing drone_interfaces.egg-info/PKG-INFO
[1.232s] writing dependency_links to drone_interfaces.egg-info/dependency_links.txt
[1.232s] writing top-level names to drone_interfaces.egg-info/top_level.txt
[1.245s] reading manifest file 'drone_interfaces.egg-info/SOURCES.txt'
[1.250s] writing manifest file 'drone_interfaces.egg-info/SOURCES.txt'
[1.373s] [ 83%] Built target ament_cmake_python_build_drone_interfaces_egg
[1.446s] [ 83%] Built target drone_interfaces
[1.508s] [ 84%] Built target drone_interfaces__py
[1.581s] [ 95%] Built target drone_interfaces__rosidl_generator_py
[1.649s] [ 97%] Built target drone_interfaces__rosidl_typesupport_fastrtps_c__pyext
[1.715s] [ 99%] Built target drone_interfaces__rosidl_typesupport_introspection_c__pyext
[1.780s] [100%] Built target drone_interfaces__rosidl_typesupport_c__pyext
[1.824s] Invoked command in '/home/chakrapani/drone_files/IITI_SOC/gcs_ws/build/drone_interfaces' returned '0': CMAKE_PREFIX_PATH=${CMAKE_PREFIX_PATH}:/home/chakrapani/drone_files/IITI_SOC/gcs_ws/install/gcs_controller:/home/chakrapani/drone_files/IITI_SOC/gcs_ws/install/mission_utils:/home/chakrapani/drone_files/IITI_SOC/gcs_ws/install/drone_launch:/home/chakrapani/drone_files/IITI_SOC/gcs_ws/install/drone_2_manager:/home/chakrapani/drone_files/IITI_SOC/gcs_ws/install/drone_1_manager:/opt/ros/humble /usr/bin/cmake --build /home/chakrapani/drone_files/IITI_SOC/gcs_ws/build/drone_interfaces -- -j2 -l2
[1.856s] Invoking command in '/home/chakrapani/drone_files/IITI_SOC/gcs_ws/build/drone_interfaces': CMAKE_PREFIX_PATH=${CMAKE_PREFIX_PATH}:/home/chakrapani/drone_files/IITI_SOC/gcs_ws/install/gcs_controller:/home/chakrapani/drone_files/IITI_SOC/gcs_ws/install/mission_utils:/home/chakrapani/drone_files/IITI_SOC/gcs_ws/install/drone_launch:/home/chakrapani/drone_files/IITI_SOC/gcs_ws/install/drone_2_manager:/home/chakrapani/drone_files/IITI_SOC/gcs_ws/install/drone_1_manager:/opt/ros/humble /usr/bin/cmake --install /home/chakrapani/drone_files/IITI_SOC/gcs_ws/build/drone_interfaces
[1.879s] -- Install configuration: ""
[1.880s] -- Up-to-date: /home/chakrapani/drone_files/IITI_SOC/gcs_ws/install/drone_interfaces/share/ament_index/resource_index/rosidl_interfaces/drone_interfaces
[1.880s] -- Up-to-date: /home/chakrapani/drone_files/IITI_SOC/gcs_ws/install/drone_interfaces/include/drone_interfaces/drone_interfaces
[1.880s] -- Up-to-date: /home/chakrapani/drone_files/IITI_SOC/gcs_ws/install/drone_interfaces/include/drone_interfaces/drone_interfaces/msg
[1.880s] -- Up-to-date: /home/chakrapani/drone_files/IITI_SOC/gcs_ws/install/drone_interfaces/include/drone_interfaces/drone_interfaces/msg/detail
[1.880s] -- Up-to-date: /home/chakrapani/drone_files/IITI_SOC/gcs_ws/install/drone_interfaces/include/drone_interfaces/drone_interfaces/msg/detail/drone_type_change__struct.h
[1.880s] -- Up-to-date: /home/chakrapani/drone_files/IITI_SOC/gcs_ws/install/drone_interfaces/include/drone_interfaces/drone_interfaces/msg/detail/geotag__functions.c
[1.880s] -- Up-to-date: /home/chakrapani/drone_files/IITI_SOC/gcs_ws/install/drone_interfaces/include/drone_interfaces/drone_interfaces/msg/detail/drone_status__struct.h
[1.880s] -- Up-to-date: /home/chakrapani/drone_files/IITI_SOC/gcs_ws/install/drone_interfaces/include/drone_interfaces/drone_interfaces/msg/detail/waypoint_array__type_support.h
[1.881s] -- Up-to-date: /home/chakrapani/drone_files/IITI_SOC/gcs_ws/install/drone_interfaces/include/drone_interfaces/drone_interfaces/msg/detail/geotag__struct.h
[1.881s] -- Up-to-date: /home/chakrapani/drone_files/IITI_SOC/gcs_ws/install/drone_interfaces/include/drone_interfaces/drone_interfaces/msg/detail/drone_status_update__functions.h
[1.881s] -- Up-to-date: /home/chakrapani/drone_files/IITI_SOC/gcs_ws/install/drone_interfaces/include/drone_interfaces/drone_interfaces/msg/detail/waypoint__functions.c
[1.881s] -- Up-to-date: /home/chakrapani/drone_files/IITI_SOC/gcs_ws/install/drone_interfaces/include/drone_interfaces/drone_interfaces/msg/detail/geotag__functions.h
[1.881s] -- Up-to-date: /home/chakrapani/drone_files/IITI_SOC/gcs_ws/install/drone_interfaces/include/drone_interfaces/drone_interfaces/msg/detail/geotag_array__struct.h
[1.881s] -- Up-to-date: /home/chakrapani/drone_files/IITI_SOC/gcs_ws/install/drone_interfaces/include/drone_interfaces/drone_interfaces/msg/detail/waypoint_request__functions.h
[1.881s] -- Up-to-date: /home/chakrapani/drone_files/IITI_SOC/gcs_ws/install/drone_interfaces/include/drone_interfaces/drone_interfaces/msg/detail/waypoint__struct.h
[1.881s] -- Up-to-date: /home/chakrapani/drone_files/IITI_SOC/gcs_ws/install/drone_interfaces/include/drone_interfaces/drone_interfaces/msg/detail/drone_status_update__functions.c
[1.881s] -- Up-to-date: /home/chakrapani/drone_files/IITI_SOC/gcs_ws/install/drone_interfaces/include/drone_interfaces/drone_interfaces/msg/detail/drone_status__functions.h
[1.881s] -- Up-to-date: /home/chakrapani/drone_files/IITI_SOC/gcs_ws/install/drone_interfaces/include/drone_interfaces/drone_interfaces/msg/detail/drone_type_change__type_support.h
[1.881s] -- Up-to-date: /home/chakrapani/drone_files/IITI_SOC/gcs_ws/install/drone_interfaces/include/drone_interfaces/drone_interfaces/msg/detail/waypoint_request__type_support.h
[1.881s] -- Up-to-date: /home/chakrapani/drone_files/IITI_SOC/gcs_ws/install/drone_interfaces/include/drone_interfaces/drone_interfaces/msg/detail/waypoint_visited__functions.c
[1.881s] -- Up-to-date: /home/chakrapani/drone_files/IITI_SOC/gcs_ws/install/drone_interfaces/include/drone_interfaces/drone_interfaces/msg/detail/geotag_array__functions.c
[1.881s] -- Up-to-date: /home/chakrapani/drone_files/IITI_SOC/gcs_ws/install/drone_interfaces/include/drone_interfaces/drone_interfaces/msg/detail/geotag_request__struct.h
[1.881s] -- Up-to-date: /home/chakrapani/drone_files/IITI_SOC/gcs_ws/install/drone_interfaces/include/drone_interfaces/drone_interfaces/msg/detail/waypoint_array__struct.h
[1.881s] -- Up-to-date: /home/chakrapani/drone_files/IITI_SOC/gcs_ws/install/drone_interfaces/include/drone_interfaces/drone_interfaces/msg/detail/geotag__type_support.h
[1.882s] -- Up-to-date: /home/chakrapani/drone_files/IITI_SOC/gcs_ws/install/drone_interfaces/include/drone_interfaces/drone_interfaces/msg/detail/geotag_request__functions.h
[1.882s] -- Up-to-date: /home/chakrapani/drone_files/IITI_SOC/gcs_ws/install/drone_interfaces/include/drone_interfaces/drone_interfaces/msg/detail/geotag_request__functions.c
[1.893s] -- Up-to-date: /home/chakrapani/drone_files/IITI_SOC/gcs_ws/install/drone_interfaces/include/drone_interfaces/drone_interfaces/msg/detail/geotag_request__type_support.h
[1.894s] -- Up-to-date: /home/chakrapani/drone_files/IITI_SOC/gcs_ws/install/drone_interfaces/include/drone_interfaces/drone_interfaces/msg/detail/waypoint_array__functions.c
[1.895s] -- Up-to-date: /home/chakrapani/drone_files/IITI_SOC/gcs_ws/install/drone_interfaces/include/drone_interfaces/drone_interfaces/msg/detail/waypoint__functions.h
[1.896s] -- Up-to-date: /home/chakrapani/drone_files/IITI_SOC/gcs_ws/install/drone_interfaces/include/drone_interfaces/drone_interfaces/msg/detail/waypoint_visited__type_support.h
[1.897s] -- Up-to-date: /home/chakrapani/drone_files/IITI_SOC/gcs_ws/install/drone_interfaces/include/drone_interfaces/drone_interfaces/msg/detail/waypoint_array__functions.h
[1.898s] -- Up-to-date: /home/chakrapani/drone_files/IITI_SOC/gcs_ws/install/drone_interfaces/include/drone_interfaces/drone_interfaces/msg/detail/geotag_array__type_support.h
[1.899s] -- Up-to-date: /home/chakrapani/drone_files/IITI_SOC/gcs_ws/install/drone_interfaces/include/drone_interfaces/drone_interfaces/msg/detail/waypoint__type_support.h
[1.900s] -- Up-to-date: /home/chakrapani/drone_files/IITI_SOC/gcs_ws/install/drone_interfaces/include/drone_interfaces/drone_interfaces/msg/detail/waypoint_request__functions.c
[1.901s] -- Up-to-date: /home/chakrapani/drone_files/IITI_SOC/gcs_ws/install/drone_interfaces/include/drone_interfaces/drone_interfaces/msg/detail/drone_status_update__struct.h
[1.901s] -- Up-to-date: /home/chakrapani/drone_files/IITI_SOC/gcs_ws/install/drone_interfaces/include/drone_interfaces/drone_interfaces/msg/detail/drone_status__functions.c
[1.904s] -- Up-to-date: /home/chakrapani/drone_files/IITI_SOC/gcs_ws/install/drone_interfaces/include/drone_interfaces/drone_interfaces/msg/detail/geotag_array__functions.h
[1.907s] -- Up-to-date: /home/chakrapani/drone_files/IITI_SOC/gcs_ws/install/drone_interfaces/include/drone_interfaces/drone_interfaces/msg/detail/drone_type_change__functions.c
[1.908s] -- Up-to-date: /home/chakrapani/drone_files/IITI_SOC/gcs_ws/install/drone_interfaces/include/drone_interfaces/drone_interfaces/msg/detail/waypoint_visited__struct.h
[1.910s] -- Up-to-date: /home/chakrapani/drone_files/IITI_SOC/gcs_ws/install/drone_interfaces/include/drone_interfaces/drone_interfaces/msg/detail/drone_status__type_support.h
[1.910s] -- Up-to-date: /home/chakrapani/drone_files/IITI_SOC/gcs_ws/install/drone_interfaces/include/drone_interfaces/drone_interfaces/msg/detail/drone_type_change__functions.h
[1.910s] -- Up-to-date: /home/chakrapani/drone_files/IITI_SOC/gcs_ws/install/drone_interfaces/include/drone_interfaces/drone_interfaces/msg/detail/drone_status_update__type_support.h
[1.910s] -- Up-to-date: /home/chakrapani/drone_files/IITI_SOC/gcs_ws/install/drone_interfaces/include/drone_interfaces/drone_interfaces/msg/detail/waypoint_request__struct.h
[1.910s] -- Up-to-date: /home/chakrapani/drone_files/IITI_SOC/gcs_ws/install/drone_interfaces/include/drone_interfaces/drone_interfaces/msg/detail/waypoint_visited__functions.h
[1.910s] -- Up-to-date: /home/chakrapani/drone_files/IITI_SOC/gcs_ws/install/drone_interfaces/include/drone_interfaces/drone_interfaces/msg/geotag_request.h
[1.910s] -- Up-to-date: /home/chakrapani/drone_files/IITI_SOC/gcs_ws/install/drone_interfaces/include/drone_interfaces/drone_interfaces/msg/drone_type_change.h
[1.911s] -- Up-to-date: /home/chakrapani/drone_files/IITI_SOC/gcs_ws/install/drone_interfaces/include/drone_interfaces/drone_interfaces/msg/rosidl_generator_c__visibility_control.h
[1.911s] -- Up-to-date: /home/chakrapani/drone_files/IITI_SOC/gcs_ws/install/drone_interfaces/include/drone_interfaces/drone_interfaces/msg/geotag.h
[1.914s] -- Up-to-date: /home/chakrapani/drone_files/IITI_SOC/gcs_ws/install/drone_interfaces/include/drone_interfaces/drone_interfaces/msg/waypoint.h
[1.916s] -- Up-to-date: /home/chakrapani/drone_files/IITI_SOC/gcs_ws/install/drone_interfaces/include/drone_interfaces/drone_interfaces/msg/waypoint_visited.h
[1.916s] -- Up-to-date: /home/chakrapani/drone_files/IITI_SOC/gcs_ws/install/drone_interfaces/include/drone_interfaces/drone_interfaces/msg/waypoint_array.h
[1.917s] -- Up-to-date: /home/chakrapani/drone_files/IITI_SOC/gcs_ws/install/drone_interfaces/include/drone_interfaces/drone_interfaces/msg/drone_status_update.h
[1.920s] -- Up-to-date: /home/chakrapani/drone_files/IITI_SOC/gcs_ws/install/drone_interfaces/include/drone_interfaces/drone_interfaces/msg/drone_status.h
[1.921s] -- Up-to-date: /home/chakrapani/drone_files/IITI_SOC/gcs_ws/install/drone_interfaces/include/drone_interfaces/drone_interfaces/msg/waypoint_request.h
[1.923s] -- Up-to-date: /home/chakrapani/drone_files/IITI_SOC/gcs_ws/install/drone_interfaces/include/drone_interfaces/drone_interfaces/msg/geotag_array.h
[1.925s] -- Up-to-date: /home/chakrapani/drone_files/IITI_SOC/gcs_ws/install/drone_interfaces/include/drone_interfaces/drone_interfaces/srv
[1.926s] -- Up-to-date: /home/chakrapani/drone_files/IITI_SOC/gcs_ws/install/drone_interfaces/include/drone_interfaces/drone_interfaces/srv/detail
[1.928s] -- Up-to-date: /home/chakrapani/drone_files/IITI_SOC/gcs_ws/install/drone_interfaces/include/drone_interfaces/drone_interfaces/srv/detail/get_severity_score__type_support.h
[1.928s] -- Up-to-date: /home/chakrapani/drone_files/IITI_SOC/gcs_ws/install/drone_interfaces/include/drone_interfaces/drone_interfaces/srv/detail/get_severity_score__struct.h
[1.928s] -- Up-to-date: /home/chakrapani/drone_files/IITI_SOC/gcs_ws/install/drone_interfaces/include/drone_interfaces/drone_interfaces/srv/detail/get_severity_score__functions.h
[1.928s] -- Up-to-date: /home/chakrapani/drone_files/IITI_SOC/gcs_ws/install/drone_interfaces/include/drone_interfaces/drone_interfaces/srv/detail/get_severity_score__functions.c
[1.928s] -- Up-to-date: /home/chakrapani/drone_files/IITI_SOC/gcs_ws/install/drone_interfaces/include/drone_interfaces/drone_interfaces/srv/get_severity_score.h
[1.928s] -- Up-to-date: /home/chakrapani/drone_files/IITI_SOC/gcs_ws/install/drone_interfaces/share/drone_interfaces/environment/library_path.sh
[1.928s] -- Up-to-date: /home/chakrapani/drone_files/IITI_SOC/gcs_ws/install/drone_interfaces/share/drone_interfaces/environment/library_path.dsv
[1.928s] -- Up-to-date: /home/chakrapani/drone_files/IITI_SOC/gcs_ws/install/drone_interfaces/lib/libdrone_interfaces__rosidl_generator_c.so
[1.928s] -- Up-to-date: /home/chakrapani/drone_files/IITI_SOC/gcs_ws/install/drone_interfaces/include/drone_interfaces/drone_interfaces
[1.929s] -- Up-to-date: /home/chakrapani/drone_files/IITI_SOC/gcs_ws/install/drone_interfaces/include/drone_interfaces/drone_interfaces/msg
[1.929s] -- Up-to-date: /home/chakrapani/drone_files/IITI_SOC/gcs_ws/install/drone_interfaces/include/drone_interfaces/drone_interfaces/msg/detail
[1.932s] -- Up-to-date: /home/chakrapani/drone_files/IITI_SOC/gcs_ws/install/drone_interfaces/include/drone_interfaces/drone_interfaces/msg/detail/drone_status__rosidl_typesupport_fastrtps_c.h
[1.934s] -- Up-to-date: /home/chakrapani/drone_files/IITI_SOC/gcs_ws/install/drone_interfaces/include/drone_interfaces/drone_interfaces/msg/detail/waypoint_request__rosidl_typesupport_fastrtps_c.h
[1.937s] -- Up-to-date: /home/chakrapani/drone_files/IITI_SOC/gcs_ws/install/drone_interfaces/include/drone_interfaces/drone_interfaces/msg/detail/geotag_request__rosidl_typesupport_fastrtps_c.h
[1.938s] -- Up-to-date: /home/chakrapani/drone_files/IITI_SOC/gcs_ws/install/drone_interfaces/include/drone_interfaces/drone_interfaces/msg/detail/drone_type_change__rosidl_typesupport_fastrtps_c.h
[1.939s] -- Up-to-date: /home/chakrapani/drone_files/IITI_SOC/gcs_ws/install/drone_interfaces/include/drone_interfaces/drone_interfaces/msg/detail/waypoint_visited__rosidl_typesupport_fastrtps_c.h
[1.939s] -- Up-to-date: /home/chakrapani/drone_files/IITI_SOC/gcs_ws/install/drone_interfaces/include/drone_interfaces/drone_interfaces/msg/detail/drone_status_update__rosidl_typesupport_fastrtps_c.h
[1.940s] -- Up-to-date: /home/chakrapani/drone_files/IITI_SOC/gcs_ws/install/drone_interfaces/include/drone_interfaces/drone_interfaces/msg/detail/waypoint_array__rosidl_typesupport_fastrtps_c.h
[1.946s] -- Up-to-date: /home/chakrapani/drone_files/IITI_SOC/gcs_ws/install/drone_interfaces/include/drone_interfaces/drone_interfaces/msg/detail/waypoint__rosidl_typesupport_fastrtps_c.h
[1.946s] -- Up-to-date: /home/chakrapani/drone_files/IITI_SOC/gcs_ws/install/drone_interfaces/include/drone_interfaces/drone_interfaces/msg/detail/geotag__rosidl_typesupport_fastrtps_c.h
[1.946s] -- Up-to-date: /home/chakrapani/drone_files/IITI_SOC/gcs_ws/install/drone_interfaces/include/drone_interfaces/drone_interfaces/msg/detail/geotag_array__rosidl_typesupport_fastrtps_c.h
[1.946s] -- Up-to-date: /home/chakrapani/drone_files/IITI_SOC/gcs_ws/install/drone_interfaces/include/drone_interfaces/drone_interfaces/msg/rosidl_typesupport_fastrtps_c__visibility_control.h
[1.946s] -- Up-to-date: /home/chakrapani/drone_files/IITI_SOC/gcs_ws/install/drone_interfaces/include/drone_interfaces/drone_interfaces/srv
[1.946s] -- Up-to-date: /home/chakrapani/drone_files/IITI_SOC/gcs_ws/install/drone_interfaces/include/drone_interfaces/drone_interfaces/srv/detail
[1.946s] -- Up-to-date: /home/chakrapani/drone_files/IITI_SOC/gcs_ws/install/drone_interfaces/include/drone_interfaces/drone_interfaces/srv/detail/get_severity_score__rosidl_typesupport_fastrtps_c.h
[1.946s] -- Up-to-date: /home/chakrapani/drone_files/IITI_SOC/gcs_ws/install/drone_interfaces/lib/libdrone_interfaces__rosidl_typesupport_fastrtps_c.so
[1.947s] -- Up-to-date: /home/chakrapani/drone_files/IITI_SOC/gcs_ws/install/drone_interfaces/include/drone_interfaces/drone_interfaces
[1.947s] -- Up-to-date: /home/chakrapani/drone_files/IITI_SOC/gcs_ws/install/drone_interfaces/include/drone_interfaces/drone_interfaces/msg
[1.956s] -- Up-to-date: /home/chakrapani/drone_files/IITI_SOC/gcs_ws/install/drone_interfaces/include/drone_interfaces/drone_interfaces/msg/detail
[1.957s] -- Up-to-date: /home/chakrapani/drone_files/IITI_SOC/gcs_ws/install/drone_interfaces/include/drone_interfaces/drone_interfaces/msg/detail/drone_type_change__rosidl_typesupport_introspection_c.h
[1.957s] -- Up-to-date: /home/chakrapani/drone_files/IITI_SOC/gcs_ws/install/drone_interfaces/include/drone_interfaces/drone_interfaces/msg/detail/geotag__rosidl_typesupport_introspection_c.h
[1.957s] -- Up-to-date: /home/chakrapani/drone_files/IITI_SOC/gcs_ws/install/drone_interfaces/include/drone_interfaces/drone_interfaces/msg/detail/waypoint_request__rosidl_typesupport_introspection_c.h
[1.957s] -- Up-to-date: /home/chakrapani/drone_files/IITI_SOC/gcs_ws/install/drone_interfaces/include/drone_interfaces/drone_interfaces/msg/detail/drone_status__type_support.c
[1.958s] -- Up-to-date: /home/chakrapani/drone_files/IITI_SOC/gcs_ws/install/drone_interfaces/include/drone_interfaces/drone_interfaces/msg/detail/waypoint_visited__type_support.c
[1.958s] -- Up-to-date: /home/chakrapani/drone_files/IITI_SOC/gcs_ws/install/drone_interfaces/include/drone_interfaces/drone_interfaces/msg/detail/waypoint_array__rosidl_typesupport_introspection_c.h
[1.958s] -- Up-to-date: /home/chakrapani/drone_files/IITI_SOC/gcs_ws/install/drone_interfaces/include/drone_interfaces/drone_interfaces/msg/detail/geotag_request__type_support.c
[1.959s] -- Up-to-date: /home/chakrapani/drone_files/IITI_SOC/gcs_ws/install/drone_interfaces/include/drone_interfaces/drone_interfaces/msg/detail/drone_type_change__type_support.c
[1.959s] -- Up-to-date: /home/chakrapani/drone_files/IITI_SOC/gcs_ws/install/drone_interfaces/include/drone_interfaces/drone_interfaces/msg/detail/waypoint_visited__rosidl_typesupport_introspection_c.h
[1.959s] -- Up-to-date: /home/chakrapani/drone_files/IITI_SOC/gcs_ws/install/drone_interfaces/include/drone_interfaces/drone_interfaces/msg/detail/waypoint_array__type_support.c
[1.959s] -- Up-to-date: /home/chakrapani/drone_files/IITI_SOC/gcs_ws/install/drone_interfaces/include/drone_interfaces/drone_interfaces/msg/detail/drone_status__rosidl_typesupport_introspection_c.h
[1.959s] -- Up-to-date: /home/chakrapani/drone_files/IITI_SOC/gcs_ws/install/drone_interfaces/include/drone_interfaces/drone_interfaces/msg/detail/drone_status_update__rosidl_typesupport_introspection_c.h
[1.960s] -- Up-to-date: /home/chakrapani/drone_files/IITI_SOC/gcs_ws/install/drone_interfaces/include/drone_interfaces/drone_interfaces/msg/detail/waypoint_request__type_support.c
[1.960s] -- Up-to-date: /home/chakrapani/drone_files/IITI_SOC/gcs_ws/install/drone_interfaces/include/drone_interfaces/drone_interfaces/msg/detail/geotag_array__type_support.c
[1.961s] -- Up-to-date: /home/chakrapani/drone_files/IITI_SOC/gcs_ws/install/drone_interfaces/include/drone_interfaces/drone_interfaces/msg/detail/drone_status_update__type_support.c
[1.962s] -- Up-to-date: /home/chakrapani/drone_files/IITI_SOC/gcs_ws/install/drone_interfaces/include/drone_interfaces/drone_interfaces/msg/detail/geotag_request__rosidl_typesupport_introspection_c.h
[1.962s] -- Up-to-date: /home/chakrapani/drone_files/IITI_SOC/gcs_ws/install/drone_interfaces/include/drone_interfaces/drone_interfaces/msg/detail/geotag__type_support.c
[1.963s] -- Up-to-date: /home/chakrapani/drone_files/IITI_SOC/gcs_ws/install/drone_interfaces/include/drone_interfaces/drone_interfaces/msg/detail/waypoint__type_support.c
[1.963s] -- Up-to-date: /home/chakrapani/drone_files/IITI_SOC/gcs_ws/install/drone_interfaces/include/drone_interfaces/drone_interfaces/msg/detail/waypoint__rosidl_typesupport_introspection_c.h
[1.964s] -- Up-to-date: /home/chakrapani/drone_files/IITI_SOC/gcs_ws/install/drone_interfaces/include/drone_interfaces/drone_interfaces/msg/detail/geotag_array__rosidl_typesupport_introspection_c.h
[1.965s] -- Up-to-date: /home/chakrapani/drone_files/IITI_SOC/gcs_ws/install/drone_interfaces/include/drone_interfaces/drone_interfaces/msg/rosidl_typesupport_introspection_c__visibility_control.h
[1.966s] -- Up-to-date: /home/chakrapani/drone_files/IITI_SOC/gcs_ws/install/drone_interfaces/include/drone_interfaces/drone_interfaces/srv
[1.966s] -- Up-to-date: /home/chakrapani/drone_files/IITI_SOC/gcs_ws/install/drone_interfaces/include/drone_interfaces/drone_interfaces/srv/detail
[1.967s] -- Up-to-date: /home/chakrapani/drone_files/IITI_SOC/gcs_ws/install/drone_interfaces/include/drone_interfaces/drone_interfaces/srv/detail/get_severity_score__rosidl_typesupport_introspection_c.h
[1.967s] -- Up-to-date: /home/chakrapani/drone_files/IITI_SOC/gcs_ws/install/drone_interfaces/include/drone_interfaces/drone_interfaces/srv/detail/get_severity_score__type_support.c
[1.968s] -- Up-to-date: /home/chakrapani/drone_files/IITI_SOC/gcs_ws/install/drone_interfaces/lib/libdrone_interfaces__rosidl_typesupport_introspection_c.so
[1.969s] -- Up-to-date: /home/chakrapani/drone_files/IITI_SOC/gcs_ws/install/drone_interfaces/lib/libdrone_interfaces__rosidl_typesupport_c.so
[1.970s] -- Up-to-date: /home/chakrapani/drone_files/IITI_SOC/gcs_ws/install/drone_interfaces/include/drone_interfaces/drone_interfaces
[1.970s] -- Up-to-date: /home/chakrapani/drone_files/IITI_SOC/gcs_ws/install/drone_interfaces/include/drone_interfaces/drone_interfaces/msg
[1.970s] -- Up-to-date: /home/chakrapani/drone_files/IITI_SOC/gcs_ws/install/drone_interfaces/include/drone_interfaces/drone_interfaces/msg/detail
[1.971s] -- Up-to-date: /home/chakrapani/drone_files/IITI_SOC/gcs_ws/install/drone_interfaces/include/drone_interfaces/drone_interfaces/msg/detail/drone_type_change__traits.hpp
[1.972s] -- Up-to-date: /home/chakrapani/drone_files/IITI_SOC/gcs_ws/install/drone_interfaces/include/drone_interfaces/drone_interfaces/msg/detail/waypoint__type_support.hpp
[1.973s] -- Up-to-date: /home/chakrapani/drone_files/IITI_SOC/gcs_ws/install/drone_interfaces/include/drone_interfaces/drone_interfaces/msg/detail/waypoint_array__struct.hpp
[1.974s] -- Up-to-date: /home/chakrapani/drone_files/IITI_SOC/gcs_ws/install/drone_interfaces/include/drone_interfaces/drone_interfaces/msg/detail/waypoint_request__builder.hpp
[1.974s] -- Up-to-date: /home/chakrapani/drone_files/IITI_SOC/gcs_ws/install/drone_interfaces/include/drone_interfaces/drone_interfaces/msg/detail/drone_status__type_support.hpp
[1.975s] -- Up-to-date: /home/chakrapani/drone_files/IITI_SOC/gcs_ws/install/drone_interfaces/include/drone_interfaces/drone_interfaces/msg/detail/waypoint_array__type_support.hpp
[1.975s] -- Up-to-date: /home/chakrapani/drone_files/IITI_SOC/gcs_ws/install/drone_interfaces/include/drone_interfaces/drone_interfaces/msg/detail/waypoint__traits.hpp
[1.976s] -- Up-to-date: /home/chakrapani/drone_files/IITI_SOC/gcs_ws/install/drone_interfaces/include/drone_interfaces/drone_interfaces/msg/detail/drone_status__traits.hpp
[1.977s] -- Up-to-date: /home/chakrapani/drone_files/IITI_SOC/gcs_ws/install/drone_interfaces/include/drone_interfaces/drone_interfaces/msg/detail/geotag__type_support.hpp
[1.978s] -- Up-to-date: /home/chakrapani/drone_files/IITI_SOC/gcs_ws/install/drone_interfaces/include/drone_interfaces/drone_interfaces/msg/detail/waypoint_visited__struct.hpp
[1.979s] -- Up-to-date: /home/chakrapani/drone_files/IITI_SOC/gcs_ws/install/drone_interfaces/include/drone_interfaces/drone_interfaces/msg/detail/geotag_request__type_support.hpp
[1.979s] -- Up-to-date: /home/chakrapani/drone_files/IITI_SOC/gcs_ws/install/drone_interfaces/include/drone_interfaces/drone_interfaces/msg/detail/geotag__builder.hpp
[1.980s] -- Up-to-date: /home/chakrapani/drone_files/IITI_SOC/gcs_ws/install/drone_interfaces/include/drone_interfaces/drone_interfaces/msg/detail/waypoint_array__builder.hpp
[1.981s] -- Up-to-date: /home/chakrapani/drone_files/IITI_SOC/gcs_ws/install/drone_interfaces/include/drone_interfaces/drone_interfaces/msg/detail/geotag_array__struct.hpp
[1.982s] -- Up-to-date: /home/chakrapani/drone_files/IITI_SOC/gcs_ws/install/drone_interfaces/include/drone_interfaces/drone_interfaces/msg/detail/geotag__traits.hpp
[1.985s] -- Up-to-date: /home/chakrapani/drone_files/IITI_SOC/gcs_ws/install/drone_interfaces/include/drone_interfaces/drone_interfaces/msg/detail/waypoint__builder.hpp
[1.989s] -- Up-to-date: /home/chakrapani/drone_files/IITI_SOC/gcs_ws/install/drone_interfaces/include/drone_interfaces/drone_interfaces/msg/detail/drone_status_update__struct.hpp
[1.989s] -- Up-to-date: /home/chakrapani/drone_files/IITI_SOC/gcs_ws/install/drone_interfaces/include/drone_interfaces/drone_interfaces/msg/detail/drone_type_change__type_support.hpp
[1.989s] -- Up-to-date: /home/chakrapani/drone_files/IITI_SOC/gcs_ws/install/drone_interfaces/include/drone_interfaces/drone_interfaces/msg/detail/drone_status_update__builder.hpp
[1.989s] -- Up-to-date: /home/chakrapani/drone_files/IITI_SOC/gcs_ws/install/drone_interfaces/include/drone_interfaces/drone_interfaces/msg/detail/geotag_array__traits.hpp
[1.989s] -- Up-to-date: /home/chakrapani/drone_files/IITI_SOC/gcs_ws/install/drone_interfaces/include/drone_interfaces/drone_interfaces/msg/detail/geotag_request__builder.hpp
[1.989s] -- Up-to-date: /home/chakrapani/drone_files/IITI_SOC/gcs_ws/install/drone_interfaces/include/drone_interfaces/drone_interfaces/msg/detail/drone_type_change__struct.hpp
[1.989s] -- Up-to-date: /home/chakrapani/drone_files/IITI_SOC/gcs_ws/install/drone_interfaces/include/drone_interfaces/drone_interfaces/msg/detail/waypoint__struct.hpp
[1.990s] -- Up-to-date: /home/chakrapani/drone_files/IITI_SOC/gcs_ws/install/drone_interfaces/include/drone_interfaces/drone_interfaces/msg/detail/geotag_request__traits.hpp
[1.990s] -- Up-to-date: /home/chakrapani/drone_files/IITI_SOC/gcs_ws/install/drone_interfaces/include/drone_interfaces/drone_interfaces/msg/detail/drone_status_update__traits.hpp
[1.990s] -- Up-to-date: /home/chakrapani/drone_files/IITI_SOC/gcs_ws/install/drone_interfaces/include/drone_interfaces/drone_interfaces/msg/detail/geotag_array__type_support.hpp
[1.990s] -- Up-to-date: /home/chakrapani/drone_files/IITI_SOC/gcs_ws/install/drone_interfaces/include/drone_interfaces/drone_interfaces/msg/detail/geotag_array__builder.hpp
[1.990s] -- Up-to-date: /home/chakrapani/drone_files/IITI_SOC/gcs_ws/install/drone_interfaces/include/drone_interfaces/drone_interfaces/msg/detail/waypoint_visited__builder.hpp
[1.990s] -- Up-to-date: /home/chakrapani/drone_files/IITI_SOC/gcs_ws/install/drone_interfaces/include/drone_interfaces/drone_interfaces/msg/detail/waypoint_array__traits.hpp
[1.990s] -- Up-to-date: /home/chakrapani/drone_files/IITI_SOC/gcs_ws/install/drone_interfaces/include/drone_interfaces/drone_interfaces/msg/detail/waypoint_request__traits.hpp
[1.990s] -- Up-to-date: /home/chakrapani/drone_files/IITI_SOC/gcs_ws/install/drone_interfaces/include/drone_interfaces/drone_interfaces/msg/detail/drone_status_update__type_support.hpp
[1.990s] -- Up-to-date: /home/chakrapani/drone_files/IITI_SOC/gcs_ws/install/drone_interfaces/include/drone_interfaces/drone_interfaces/msg/detail/drone_type_change__builder.hpp
[1.990s] -- Up-to-date: /home/chakrapani/drone_files/IITI_SOC/gcs_ws/install/drone_interfaces/include/drone_interfaces/drone_interfaces/msg/detail/drone_status__builder.hpp
[1.990s] -- Up-to-date: /home/chakrapani/drone_files/IITI_SOC/gcs_ws/install/drone_interfaces/include/drone_interfaces/drone_interfaces/msg/detail/waypoint_request__struct.hpp
[2.001s] -- Up-to-date: /home/chakrapani/drone_files/IITI_SOC/gcs_ws/install/drone_interfaces/include/drone_interfaces/drone_interfaces/msg/detail/geotag_request__struct.hpp
[2.003s] -- Up-to-date: /home/chakrapani/drone_files/IITI_SOC/gcs_ws/install/drone_interfaces/include/drone_interfaces/drone_interfaces/msg/detail/drone_status__struct.hpp
[2.006s] -- Up-to-date: /home/chakrapani/drone_files/IITI_SOC/gcs_ws/install/drone_interfaces/include/drone_interfaces/drone_interfaces/msg/detail/waypoint_visited__type_support.hpp
[2.007s] -- Up-to-date: /home/chakrapani/drone_files/IITI_SOC/gcs_ws/install/drone_interfaces/include/drone_interfaces/drone_interfaces/msg/detail/waypoint_visited__traits.hpp
[2.007s] -- Up-to-date: /home/chakrapani/drone_files/IITI_SOC/gcs_ws/install/drone_interfaces/include/drone_interfaces/drone_interfaces/msg/detail/geotag__struct.hpp
[2.008s] -- Up-to-date: /home/chakrapani/drone_files/IITI_SOC/gcs_ws/install/drone_interfaces/include/drone_interfaces/drone_interfaces/msg/detail/waypoint_request__type_support.hpp
[2.009s] -- Up-to-date: /home/chakrapani/drone_files/IITI_SOC/gcs_ws/install/drone_interfaces/include/drone_interfaces/drone_interfaces/msg/drone_status.hpp
[2.010s] -- Up-to-date: /home/chakrapani/drone_files/IITI_SOC/gcs_ws/install/drone_interfaces/include/drone_interfaces/drone_interfaces/msg/waypoint_request.hpp
[2.011s] -- Up-to-date: /home/chakrapani/drone_files/IITI_SOC/gcs_ws/install/drone_interfaces/include/drone_interfaces/drone_interfaces/msg/drone_status_update.hpp
[2.011s] -- Up-to-date: /home/chakrapani/drone_files/IITI_SOC/gcs_ws/install/drone_interfaces/include/drone_interfaces/drone_interfaces/msg/geotag_array.hpp
[2.012s] -- Up-to-date: /home/chakrapani/drone_files/IITI_SOC/gcs_ws/install/drone_interfaces/include/drone_interfaces/drone_interfaces/msg/waypoint_array.hpp
[2.012s] -- Up-to-date: /home/chakrapani/drone_files/IITI_SOC/gcs_ws/install/drone_interfaces/include/drone_interfaces/drone_interfaces/msg/rosidl_generator_cpp__visibility_control.hpp
[2.013s] -- Up-to-date: /home/chakrapani/drone_files/IITI_SOC/gcs_ws/install/drone_interfaces/include/drone_interfaces/drone_interfaces/msg/waypoint_visited.hpp
[2.013s] -- Up-to-date: /home/chakrapani/drone_files/IITI_SOC/gcs_ws/install/drone_interfaces/include/drone_interfaces/drone_interfaces/msg/waypoint.hpp
[2.014s] -- Up-to-date: /home/chakrapani/drone_files/IITI_SOC/gcs_ws/install/drone_interfaces/include/drone_interfaces/drone_interfaces/msg/geotag.hpp
[2.015s] -- Up-to-date: /home/chakrapani/drone_files/IITI_SOC/gcs_ws/install/drone_interfaces/include/drone_interfaces/drone_interfaces/msg/drone_type_change.hpp
[2.016s] -- Up-to-date: /home/chakrapani/drone_files/IITI_SOC/gcs_ws/install/drone_interfaces/include/drone_interfaces/drone_interfaces/msg/geotag_request.hpp
[2.019s] -- Up-to-date: /home/chakrapani/drone_files/IITI_SOC/gcs_ws/install/drone_interfaces/include/drone_interfaces/drone_interfaces/srv
[2.019s] -- Up-to-date: /home/chakrapani/drone_files/IITI_SOC/gcs_ws/install/drone_interfaces/include/drone_interfaces/drone_interfaces/srv/detail
[2.019s] -- Up-to-date: /home/chakrapani/drone_files/IITI_SOC/gcs_ws/install/drone_interfaces/include/drone_interfaces/drone_interfaces/srv/detail/get_severity_score__traits.hpp
[2.019s] -- Up-to-date: /home/chakrapani/drone_files/IITI_SOC/gcs_ws/install/drone_interfaces/include/drone_interfaces/drone_interfaces/srv/detail/get_severity_score__type_support.hpp
[2.019s] -- Up-to-date: /home/chakrapani/drone_files/IITI_SOC/gcs_ws/install/drone_interfaces/include/drone_interfaces/drone_interfaces/srv/detail/get_severity_score__struct.hpp
[2.019s] -- Up-to-date: /home/chakrapani/drone_files/IITI_SOC/gcs_ws/install/drone_interfaces/include/drone_interfaces/drone_interfaces/srv/detail/get_severity_score__builder.hpp
[2.019s] -- Up-to-date: /home/chakrapani/drone_files/IITI_SOC/gcs_ws/install/drone_interfaces/include/drone_interfaces/drone_interfaces/srv/get_severity_score.hpp
[2.020s] -- Up-to-date: /home/chakrapani/drone_files/IITI_SOC/gcs_ws/install/drone_interfaces/include/drone_interfaces/drone_interfaces
[2.020s] -- Up-to-date: /home/chakrapani/drone_files/IITI_SOC/gcs_ws/install/drone_interfaces/include/drone_interfaces/drone_interfaces/msg
[2.022s] -- Up-to-date: /home/chakrapani/drone_files/IITI_SOC/gcs_ws/install/drone_interfaces/include/drone_interfaces/drone_interfaces/msg/detail
[2.023s] -- Up-to-date: /home/chakrapani/drone_files/IITI_SOC/gcs_ws/install/drone_interfaces/include/drone_interfaces/drone_interfaces/msg/detail/geotag__rosidl_typesupport_fastrtps_cpp.hpp
[2.024s] -- Up-to-date: /home/chakrapani/drone_files/IITI_SOC/gcs_ws/install/drone_interfaces/include/drone_interfaces/drone_interfaces/msg/detail/geotag_request__rosidl_typesupport_fastrtps_cpp.hpp
[2.025s] -- Up-to-date: /home/chakrapani/drone_files/IITI_SOC/gcs_ws/install/drone_interfaces/include/drone_interfaces/drone_interfaces/msg/detail/dds_fastrtps
[2.025s] -- Up-to-date: /home/chakrapani/drone_files/IITI_SOC/gcs_ws/install/drone_interfaces/include/drone_interfaces/drone_interfaces/msg/detail/geotag_array__rosidl_typesupport_fastrtps_cpp.hpp
[2.026s] -- Up-to-date: /home/chakrapani/drone_files/IITI_SOC/gcs_ws/install/drone_interfaces/include/drone_interfaces/drone_interfaces/msg/detail/waypoint__rosidl_typesupport_fastrtps_cpp.hpp
[2.027s] -- Up-to-date: /home/chakrapani/drone_files/IITI_SOC/gcs_ws/install/drone_interfaces/include/drone_interfaces/drone_interfaces/msg/detail/waypoint_array__rosidl_typesupport_fastrtps_cpp.hpp
[2.027s] -- Up-to-date: /home/chakrapani/drone_files/IITI_SOC/gcs_ws/install/drone_interfaces/include/drone_interfaces/drone_interfaces/msg/detail/waypoint_request__rosidl_typesupport_fastrtps_cpp.hpp
[2.027s] -- Up-to-date: /home/chakrapani/drone_files/IITI_SOC/gcs_ws/install/drone_interfaces/include/drone_interfaces/drone_interfaces/msg/detail/drone_type_change__rosidl_typesupport_fastrtps_cpp.hpp
[2.027s] -- Up-to-date: /home/chakrapani/drone_files/IITI_SOC/gcs_ws/install/drone_interfaces/include/drone_interfaces/drone_interfaces/msg/detail/drone_status_update__rosidl_typesupport_fastrtps_cpp.hpp
[2.027s] -- Up-to-date: /home/chakrapani/drone_files/IITI_SOC/gcs_ws/install/drone_interfaces/include/drone_interfaces/drone_interfaces/msg/detail/drone_status__rosidl_typesupport_fastrtps_cpp.hpp
[2.027s] -- Up-to-date: /home/chakrapani/drone_files/IITI_SOC/gcs_ws/install/drone_interfaces/include/drone_interfaces/drone_interfaces/msg/detail/waypoint_visited__rosidl_typesupport_fastrtps_cpp.hpp
[2.027s] -- Up-to-date: /home/chakrapani/drone_files/IITI_SOC/gcs_ws/install/drone_interfaces/include/drone_interfaces/drone_interfaces/msg/rosidl_typesupport_fastrtps_cpp__visibility_control.h
[2.027s] -- Up-to-date: /home/chakrapani/drone_files/IITI_SOC/gcs_ws/install/drone_interfaces/include/drone_interfaces/drone_interfaces/srv
[2.027s] -- Up-to-date: /home/chakrapani/drone_files/IITI_SOC/gcs_ws/install/drone_interfaces/include/drone_interfaces/drone_interfaces/srv/detail
[2.027s] -- Up-to-date: /home/chakrapani/drone_files/IITI_SOC/gcs_ws/install/drone_interfaces/include/drone_interfaces/drone_interfaces/srv/detail/dds_fastrtps
[2.028s] -- Up-to-date: /home/chakrapani/drone_files/IITI_SOC/gcs_ws/install/drone_interfaces/include/drone_interfaces/drone_interfaces/srv/detail/get_severity_score__rosidl_typesupport_fastrtps_cpp.hpp
[2.028s] -- Up-to-date: /home/chakrapani/drone_files/IITI_SOC/gcs_ws/install/drone_interfaces/lib/libdrone_interfaces__rosidl_typesupport_fastrtps_cpp.so
[2.031s] -- Up-to-date: /home/chakrapani/drone_files/IITI_SOC/gcs_ws/install/drone_interfaces/include/drone_interfaces/drone_interfaces
[2.031s] -- Up-to-date: /home/chakrapani/drone_files/IITI_SOC/gcs_ws/install/drone_interfaces/include/drone_interfaces/drone_interfaces/msg
[2.032s] -- Up-to-date: /home/chakrapani/drone_files/IITI_SOC/gcs_ws/install/drone_interfaces/include/drone_interfaces/drone_interfaces/msg/detail
[2.033s] -- Up-to-date: /home/chakrapani/drone_files/IITI_SOC/gcs_ws/install/drone_interfaces/include/drone_interfaces/drone_interfaces/msg/detail/waypoint_request__type_support.cpp
[2.034s] -- Up-to-date: /home/chakrapani/drone_files/IITI_SOC/gcs_ws/install/drone_interfaces/include/drone_interfaces/drone_interfaces/msg/detail/waypoint_visited__rosidl_typesupport_introspection_cpp.hpp
[2.035s] -- Up-to-date: /home/chakrapani/drone_files/IITI_SOC/gcs_ws/install/drone_interfaces/include/drone_interfaces/drone_interfaces/msg/detail/waypoint_array__type_support.cpp
[2.036s] -- Up-to-date: /home/chakrapani/drone_files/IITI_SOC/gcs_ws/install/drone_interfaces/include/drone_interfaces/drone_interfaces/msg/detail/geotag__rosidl_typesupport_introspection_cpp.hpp
[2.037s] -- Up-to-date: /home/chakrapani/drone_files/IITI_SOC/gcs_ws/install/drone_interfaces/include/drone_interfaces/drone_interfaces/msg/detail/drone_status__type_support.cpp
[2.047s] -- Up-to-date: /home/chakrapani/drone_files/IITI_SOC/gcs_ws/install/drone_interfaces/include/drone_interfaces/drone_interfaces/msg/detail/geotag_array__type_support.cpp
[2.049s] -- Up-to-date: /home/chakrapani/drone_files/IITI_SOC/gcs_ws/install/drone_interfaces/include/drone_interfaces/drone_interfaces/msg/detail/drone_type_change__rosidl_typesupport_introspection_cpp.hpp
[2.049s] -- Up-to-date: /home/chakrapani/drone_files/IITI_SOC/gcs_ws/install/drone_interfaces/include/drone_interfaces/drone_interfaces/msg/detail/waypoint_array__rosidl_typesupport_introspection_cpp.hpp
[2.050s] -- Up-to-date: /home/chakrapani/drone_files/IITI_SOC/gcs_ws/install/drone_interfaces/include/drone_interfaces/drone_interfaces/msg/detail/drone_status__rosidl_typesupport_introspection_cpp.hpp
[2.050s] -- Up-to-date: /home/chakrapani/drone_files/IITI_SOC/gcs_ws/install/drone_interfaces/include/drone_interfaces/drone_interfaces/msg/detail/geotag_array__rosidl_typesupport_introspection_cpp.hpp
[2.051s] -- Up-to-date: /home/chakrapani/drone_files/IITI_SOC/gcs_ws/install/drone_interfaces/include/drone_interfaces/drone_interfaces/msg/detail/waypoint_visited__type_support.cpp
[2.052s] -- Up-to-date: /home/chakrapani/drone_files/IITI_SOC/gcs_ws/install/drone_interfaces/include/drone_interfaces/drone_interfaces/msg/detail/drone_type_change__type_support.cpp
[2.052s] -- Up-to-date: /home/chakrapani/drone_files/IITI_SOC/gcs_ws/install/drone_interfaces/include/drone_interfaces/drone_interfaces/msg/detail/geotag_request__type_support.cpp
[2.053s] -- Up-to-date: /home/chakrapani/drone_files/IITI_SOC/gcs_ws/install/drone_interfaces/include/drone_interfaces/drone_interfaces/msg/detail/waypoint__type_support.cpp
[2.054s] -- Up-to-date: /home/chakrapani/drone_files/IITI_SOC/gcs_ws/install/drone_interfaces/include/drone_interfaces/drone_interfaces/msg/detail/geotag__type_support.cpp
[2.054s] -- Up-to-date: /home/chakrapani/drone_files/IITI_SOC/gcs_ws/install/drone_interfaces/include/drone_interfaces/drone_interfaces/msg/detail/waypoint__rosidl_typesupport_introspection_cpp.hpp
[2.054s] -- Up-to-date: /home/chakrapani/drone_files/IITI_SOC/gcs_ws/install/drone_interfaces/include/drone_interfaces/drone_interfaces/msg/detail/geotag_request__rosidl_typesupport_introspection_cpp.hpp
[2.056s] -- Up-to-date: /home/chakrapani/drone_files/IITI_SOC/gcs_ws/install/drone_interfaces/include/drone_interfaces/drone_interfaces/msg/detail/waypoint_request__rosidl_typesupport_introspection_cpp.hpp
[2.058s] -- Up-to-date: /home/chakrapani/drone_files/IITI_SOC/gcs_ws/install/drone_interfaces/include/drone_interfaces/drone_interfaces/msg/detail/drone_status_update__rosidl_typesupport_introspection_cpp.hpp
[2.060s] -- Up-to-date: /home/chakrapani/drone_files/IITI_SOC/gcs_ws/install/drone_interfaces/include/drone_interfaces/drone_interfaces/msg/detail/drone_status_update__type_support.cpp
[2.064s] -- Up-to-date: /home/chakrapani/drone_files/IITI_SOC/gcs_ws/install/drone_interfaces/include/drone_interfaces/drone_interfaces/srv
[2.065s] -- Up-to-date: /home/chakrapani/drone_files/IITI_SOC/gcs_ws/install/drone_interfaces/include/drone_interfaces/drone_interfaces/srv/detail
[2.065s] -- Up-to-date: /home/chakrapani/drone_files/IITI_SOC/gcs_ws/install/drone_interfaces/include/drone_interfaces/drone_interfaces/srv/detail/get_severity_score__type_support.cpp
[2.065s] -- Up-to-date: /home/chakrapani/drone_files/IITI_SOC/gcs_ws/install/drone_interfaces/include/drone_interfaces/drone_interfaces/srv/detail/get_severity_score__rosidl_typesupport_introspection_cpp.hpp
[2.066s] -- Up-to-date: /home/chakrapani/drone_files/IITI_SOC/gcs_ws/install/drone_interfaces/lib/libdrone_interfaces__rosidl_typesupport_introspection_cpp.so
[2.067s] -- Up-to-date: /home/chakrapani/drone_files/IITI_SOC/gcs_ws/install/drone_interfaces/lib/libdrone_interfaces__rosidl_typesupport_cpp.so
[2.070s] -- Up-to-date: /home/chakrapani/drone_files/IITI_SOC/gcs_ws/install/drone_interfaces/share/drone_interfaces/environment/pythonpath.sh
[2.072s] -- Up-to-date: /home/chakrapani/drone_files/IITI_SOC/gcs_ws/install/drone_interfaces/share/drone_interfaces/environment/pythonpath.dsv
[2.075s] -- Up-to-date: /home/chakrapani/drone_files/IITI_SOC/gcs_ws/install/drone_interfaces/local/lib/python3.10/dist-packages/drone_interfaces-0.0.0-py3.10.egg-info
[2.075s] -- Installing: /home/chakrapani/drone_files/IITI_SOC/gcs_ws/install/drone_interfaces/local/lib/python3.10/dist-packages/drone_interfaces-0.0.0-py3.10.egg-info/top_level.txt
[2.075s] -- Installing: /home/chakrapani/drone_files/IITI_SOC/gcs_ws/install/drone_interfaces/local/lib/python3.10/dist-packages/drone_interfaces-0.0.0-py3.10.egg-info/dependency_links.txt
[2.075s] -- Installing: /home/chakrapani/drone_files/IITI_SOC/gcs_ws/install/drone_interfaces/local/lib/python3.10/dist-packages/drone_interfaces-0.0.0-py3.10.egg-info/PKG-INFO
[2.075s] -- Installing: /home/chakrapani/drone_files/IITI_SOC/gcs_ws/install/drone_interfaces/local/lib/python3.10/dist-packages/drone_interfaces-0.0.0-py3.10.egg-info/SOURCES.txt
[2.075s] -- Up-to-date: /home/chakrapani/drone_files/IITI_SOC/gcs_ws/install/drone_interfaces/local/lib/python3.10/dist-packages/drone_interfaces
[2.075s] -- Up-to-date: /home/chakrapani/drone_files/IITI_SOC/gcs_ws/install/drone_interfaces/local/lib/python3.10/dist-packages/drone_interfaces/_drone_interfaces_s.ep.rosidl_typesupport_c.c
[2.076s] -- Up-to-date: /home/chakrapani/drone_files/IITI_SOC/gcs_ws/install/drone_interfaces/local/lib/python3.10/dist-packages/drone_interfaces/__init__.py
[2.076s] -- Up-to-date: /home/chakrapani/drone_files/IITI_SOC/gcs_ws/install/drone_interfaces/local/lib/python3.10/dist-packages/drone_interfaces/msg
[2.076s] -- Up-to-date: /home/chakrapani/drone_files/IITI_SOC/gcs_ws/install/drone_interfaces/local/lib/python3.10/dist-packages/drone_interfaces/msg/_geotag_request_s.c
[2.076s] -- Up-to-date: /home/chakrapani/drone_files/IITI_SOC/gcs_ws/install/drone_interfaces/local/lib/python3.10/dist-packages/drone_interfaces/msg/__init__.py
[2.076s] -- Up-to-date: /home/chakrapani/drone_files/IITI_SOC/gcs_ws/install/drone_interfaces/local/lib/python3.10/dist-packages/drone_interfaces/msg/_waypoint_visited.py
[2.076s] -- Up-to-date: /home/chakrapani/drone_files/IITI_SOC/gcs_ws/install/drone_interfaces/local/lib/python3.10/dist-packages/drone_interfaces/msg/_drone_status_s.c
[2.076s] -- Up-to-date: /home/chakrapani/drone_files/IITI_SOC/gcs_ws/install/drone_interfaces/local/lib/python3.10/dist-packages/drone_interfaces/msg/_waypoint.py
[2.076s] -- Up-to-date: /home/chakrapani/drone_files/IITI_SOC/gcs_ws/install/drone_interfaces/local/lib/python3.10/dist-packages/drone_interfaces/msg/_geotag_request.py
[2.076s] -- Up-to-date: /home/chakrapani/drone_files/IITI_SOC/gcs_ws/install/drone_interfaces/local/lib/python3.10/dist-packages/drone_interfaces/msg/_waypoint_array_s.c
[2.076s] -- Up-to-date: /home/chakrapani/drone_files/IITI_SOC/gcs_ws/install/drone_interfaces/local/lib/python3.10/dist-packages/drone_interfaces/msg/_geotag_array_s.c
[2.076s] -- Up-to-date: /home/chakrapani/drone_files/IITI_SOC/gcs_ws/install/drone_interfaces/local/lib/python3.10/dist-packages/drone_interfaces/msg/_geotag_s.c
[2.076s] -- Up-to-date: /home/chakrapani/drone_files/IITI_SOC/gcs_ws/install/drone_interfaces/local/lib/python3.10/dist-packages/drone_interfaces/msg/_waypoint_request.py
[2.076s] -- Up-to-date: /home/chakrapani/drone_files/IITI_SOC/gcs_ws/install/drone_interfaces/local/lib/python3.10/dist-packages/drone_interfaces/msg/_waypoint_request_s.c
[2.076s] -- Up-to-date: /home/chakrapani/drone_files/IITI_SOC/gcs_ws/install/drone_interfaces/local/lib/python3.10/dist-packages/drone_interfaces/msg/_geotag.py
[2.076s] -- Up-to-date: /home/chakrapani/drone_files/IITI_SOC/gcs_ws/install/drone_interfaces/local/lib/python3.10/dist-packages/drone_interfaces/msg/_geotag_array.py
[2.077s] -- Up-to-date: /home/chakrapani/drone_files/IITI_SOC/gcs_ws/install/drone_interfaces/local/lib/python3.10/dist-packages/drone_interfaces/msg/_waypoint_s.c
[2.077s] -- Up-to-date: /home/chakrapani/drone_files/IITI_SOC/gcs_ws/install/drone_interfaces/local/lib/python3.10/dist-packages/drone_interfaces/msg/_drone_type_change_s.c
[2.085s] -- Up-to-date: /home/chakrapani/drone_files/IITI_SOC/gcs_ws/install/drone_interfaces/local/lib/python3.10/dist-packages/drone_interfaces/msg/_waypoint_array.py
[2.087s] -- Up-to-date: /home/chakrapani/drone_files/IITI_SOC/gcs_ws/install/drone_interfaces/local/lib/python3.10/dist-packages/drone_interfaces/msg/_drone_status_update_s.c
[2.089s] -- Up-to-date: /home/chakrapani/drone_files/IITI_SOC/gcs_ws/install/drone_interfaces/local/lib/python3.10/dist-packages/drone_interfaces/msg/_waypoint_visited_s.c
[2.091s] -- Up-to-date: /home/chakrapani/drone_files/IITI_SOC/gcs_ws/install/drone_interfaces/local/lib/python3.10/dist-packages/drone_interfaces/msg/_drone_status.py
[2.092s] -- Up-to-date: /home/chakrapani/drone_files/IITI_SOC/gcs_ws/install/drone_interfaces/local/lib/python3.10/dist-packages/drone_interfaces/msg/_drone_type_change.py
[2.093s] -- Up-to-date: /home/chakrapani/drone_files/IITI_SOC/gcs_ws/install/drone_interfaces/local/lib/python3.10/dist-packages/drone_interfaces/msg/_drone_status_update.py
[2.099s] -- Up-to-date: /home/chakrapani/drone_files/IITI_SOC/gcs_ws/install/drone_interfaces/local/lib/python3.10/dist-packages/drone_interfaces/drone_interfaces_s__rosidl_typesupport_introspection_c.cpython-310-x86_64-linux-gnu.so
[2.099s] -- Up-to-date: /home/chakrapani/drone_files/IITI_SOC/gcs_ws/install/drone_interfaces/local/lib/python3.10/dist-packages/drone_interfaces/drone_interfaces_s__rosidl_typesupport_fastrtps_c.cpython-310-x86_64-linux-gnu.so
[2.100s] -- Up-to-date: /home/chakrapani/drone_files/IITI_SOC/gcs_ws/install/drone_interfaces/local/lib/python3.10/dist-packages/drone_interfaces/_drone_interfaces_s.ep.rosidl_typesupport_introspection_c.c
[2.100s] -- Up-to-date: /home/chakrapani/drone_files/IITI_SOC/gcs_ws/install/drone_interfaces/local/lib/python3.10/dist-packages/drone_interfaces/libdrone_interfaces__rosidl_generator_py.so
[2.101s] -- Up-to-date: /home/chakrapani/drone_files/IITI_SOC/gcs_ws/install/drone_interfaces/local/lib/python3.10/dist-packages/drone_interfaces/_drone_interfaces_s.ep.rosidl_typesupport_fastrtps_c.c
[2.101s] -- Up-to-date: /home/chakrapani/drone_files/IITI_SOC/gcs_ws/install/drone_interfaces/local/lib/python3.10/dist-packages/drone_interfaces/drone_interfaces_s__rosidl_typesupport_c.cpython-310-x86_64-linux-gnu.so
[2.102s] -- Up-to-date: /home/chakrapani/drone_files/IITI_SOC/gcs_ws/install/drone_interfaces/local/lib/python3.10/dist-packages/drone_interfaces/srv
[2.103s] -- Up-to-date: /home/chakrapani/drone_files/IITI_SOC/gcs_ws/install/drone_interfaces/local/lib/python3.10/dist-packages/drone_interfaces/srv/__init__.py
[2.103s] -- Up-to-date: /home/chakrapani/drone_files/IITI_SOC/gcs_ws/install/drone_interfaces/local/lib/python3.10/dist-packages/drone_interfaces/srv/_get_severity_score.py
[2.103s] -- Up-to-date: /home/chakrapani/drone_files/IITI_SOC/gcs_ws/install/drone_interfaces/local/lib/python3.10/dist-packages/drone_interfaces/srv/_get_severity_score_s.c
[2.218s] Listing '/home/chakrapani/drone_files/IITI_SOC/gcs_ws/install/drone_interfaces/local/lib/python3.10/dist-packages/drone_interfaces'...
[2.219s] Listing '/home/chakrapani/drone_files/IITI_SOC/gcs_ws/install/drone_interfaces/local/lib/python3.10/dist-packages/drone_interfaces/msg'...
[2.219s] Listing '/home/chakrapani/drone_files/IITI_SOC/gcs_ws/install/drone_interfaces/local/lib/python3.10/dist-packages/drone_interfaces/srv'...
[2.266s] -- Up-to-date: /home/chakrapani/drone_files/IITI_SOC/gcs_ws/install/drone_interfaces/local/lib/python3.10/dist-packages/drone_interfaces/drone_interfaces_s__rosidl_typesupport_fastrtps_c.cpython-310-x86_64-linux-gnu.so
[2.268s] -- Up-to-date: /home/chakrapani/drone_files/IITI_SOC/gcs_ws/install/drone_interfaces/local/lib/python3.10/dist-packages/drone_interfaces/drone_interfaces_s__rosidl_typesupport_introspection_c.cpython-310-x86_64-linux-gnu.so
[2.271s] -- Up-to-date: /home/chakrapani/drone_files/IITI_SOC/gcs_ws/install/drone_interfaces/local/lib/python3.10/dist-packages/drone_interfaces/drone_interfaces_s__rosidl_typesupport_c.cpython-310-x86_64-linux-gnu.so
[2.275s] -- Up-to-date: /home/chakrapani/drone_files/IITI_SOC/gcs_ws/install/drone_interfaces/lib/libdrone_interfaces__rosidl_generator_py.so
[2.275s] -- Up-to-date: /home/chakrapani/drone_files/IITI_SOC/gcs_ws/install/drone_interfaces/share/drone_interfaces/msg/Waypoint.idl
[2.275s] -- Up-to-date: /home/chakrapani/drone_files/IITI_SOC/gcs_ws/install/drone_interfaces/share/drone_interfaces/msg/WaypointArray.idl
[2.276s] -- Up-to-date: /home/chakrapani/drone_files/IITI_SOC/gcs_ws/install/drone_interfaces/share/drone_interfaces/msg/DroneStatus.idl
[2.280s] -- Up-to-date: /home/chakrapani/drone_files/IITI_SOC/gcs_ws/install/drone_interfaces/share/drone_interfaces/msg/WaypointRequest.idl
[2.280s] -- Up-to-date: /home/chakrapani/drone_files/IITI_SOC/gcs_ws/install/drone_interfaces/share/drone_interfaces/msg/WaypointVisited.idl
[2.280s] -- Up-to-date: /home/chakrapani/drone_files/IITI_SOC/gcs_ws/install/drone_interfaces/share/drone_interfaces/msg/DroneStatusUpdate.idl
[2.280s] -- Up-to-date: /home/chakrapani/drone_files/IITI_SOC/gcs_ws/install/drone_interfaces/share/drone_interfaces/msg/DroneTypeChange.idl
[2.281s] -- Up-to-date: /home/chakrapani/drone_files/IITI_SOC/gcs_ws/install/drone_interfaces/share/drone_interfaces/msg/Geotag.idl
[2.281s] -- Up-to-date: /home/chakrapani/drone_files/IITI_SOC/gcs_ws/install/drone_interfaces/share/drone_interfaces/msg/GeotagArray.idl
[2.282s] -- Up-to-date: /home/chakrapani/drone_files/IITI_SOC/gcs_ws/install/drone_interfaces/share/drone_interfaces/msg/GeotagRequest.idl
[2.283s] -- Up-to-date: /home/chakrapani/drone_files/IITI_SOC/gcs_ws/install/drone_interfaces/share/drone_interfaces/srv/GetSeverityScore.idl
[2.285s] -- Up-to-date: /home/chakrapani/drone_files/IITI_SOC/gcs_ws/install/drone_interfaces/share/drone_interfaces/msg/Waypoint.msg
[2.286s] -- Up-to-date: /home/chakrapani/drone_files/IITI_SOC/gcs_ws/install/drone_interfaces/share/drone_interfaces/msg/WaypointArray.msg
[2.286s] -- Up-to-date: /home/chakrapani/drone_files/IITI_SOC/gcs_ws/install/drone_interfaces/share/drone_interfaces/msg/DroneStatus.msg
[2.287s] -- Up-to-date: /home/chakrapani/drone_files/IITI_SOC/gcs_ws/install/drone_interfaces/share/drone_interfaces/msg/WaypointRequest.msg
[2.287s] -- Up-to-date: /home/chakrapani/drone_files/IITI_SOC/gcs_ws/install/drone_interfaces/share/drone_interfaces/msg/WaypointVisited.msg
[2.288s] -- Up-to-date: /home/chakrapani/drone_files/IITI_SOC/gcs_ws/install/drone_interfaces/share/drone_interfaces/msg/DroneStatusUpdate.msg
[2.288s] -- Up-to-date: /home/chakrapani/drone_files/IITI_SOC/gcs_ws/install/drone_interfaces/share/drone_interfaces/msg/DroneTypeChange.msg
[2.288s] -- Up-to-date: /home/chakrapani/drone_files/IITI_SOC/gcs_ws/install/drone_interfaces/share/drone_interfaces/msg/Geotag.msg
[2.289s] -- Up-to-date: /home/chakrapani/drone_files/IITI_SOC/gcs_ws/install/drone_interfaces/share/drone_interfaces/msg/GeotagArray.msg
[2.291s] -- Up-to-date: /home/chakrapani/drone_files/IITI_SOC/gcs_ws/install/drone_interfaces/share/drone_interfaces/msg/GeotagRequest.msg
[2.291s] -- Up-to-date: /home/chakrapani/drone_files/IITI_SOC/gcs_ws/install/drone_interfaces/share/drone_interfaces/srv/GetSeverityScore.srv
[2.292s] -- Up-to-date: /home/chakrapani/drone_files/IITI_SOC/gcs_ws/install/drone_interfaces/share/drone_interfaces/srv/GetSeverityScore_Request.msg
[2.292s] -- Up-to-date: /home/chakrapani/drone_files/IITI_SOC/gcs_ws/install/drone_interfaces/share/drone_interfaces/srv/GetSeverityScore_Response.msg
[2.296s] -- Up-to-date: /home/chakrapani/drone_files/IITI_SOC/gcs_ws/install/drone_interfaces/share/ament_index/resource_index/package_run_dependencies/drone_interfaces
[2.297s] -- Up-to-date: /home/chakrapani/drone_files/IITI_SOC/gcs_ws/install/drone_interfaces/share/ament_index/resource_index/parent_prefix_path/drone_interfaces
[2.297s] -- Up-to-date: /home/chakrapani/drone_files/IITI_SOC/gcs_ws/install/drone_interfaces/share/drone_interfaces/environment/ament_prefix_path.sh
[2.297s] -- Up-to-date: /home/chakrapani/drone_files/IITI_SOC/gcs_ws/install/drone_interfaces/share/drone_interfaces/environment/ament_prefix_path.dsv
[2.297s] -- Up-to-date: /home/chakrapani/drone_files/IITI_SOC/gcs_ws/install/drone_interfaces/share/drone_interfaces/environment/path.sh
[2.297s] -- Up-to-date: /home/chakrapani/drone_files/IITI_SOC/gcs_ws/install/drone_interfaces/share/drone_interfaces/environment/path.dsv
[2.297s] -- Up-to-date: /home/chakrapani/drone_files/IITI_SOC/gcs_ws/install/drone_interfaces/share/drone_interfaces/local_setup.bash
[2.297s] -- Up-to-date: /home/chakrapani/drone_files/IITI_SOC/gcs_ws/install/drone_interfaces/share/drone_interfaces/local_setup.sh
[2.300s] -- Up-to-date: /home/chakrapani/drone_files/IITI_SOC/gcs_ws/install/drone_interfaces/share/drone_interfaces/local_setup.zsh
[2.300s] -- Up-to-date: /home/chakrapani/drone_files/IITI_SOC/gcs_ws/install/drone_interfaces/share/drone_interfaces/local_setup.dsv
[2.302s] -- Installing: /home/chakrapani/drone_files/IITI_SOC/gcs_ws/install/drone_interfaces/share/drone_interfaces/package.dsv
[2.304s] -- Up-to-date: /home/chakrapani/drone_files/IITI_SOC/gcs_ws/install/drone_interfaces/share/ament_index/resource_index/packages/drone_interfaces
[2.304s] -- Up-to-date: /home/chakrapani/drone_files/IITI_SOC/gcs_ws/install/drone_interfaces/share/drone_interfaces/cmake/export_drone_interfaces__rosidl_generator_cExport.cmake
[2.304s] -- Up-to-date: /home/chakrapani/drone_files/IITI_SOC/gcs_ws/install/drone_interfaces/share/drone_interfaces/cmake/export_drone_interfaces__rosidl_generator_cExport-noconfig.cmake
[2.305s] -- Up-to-date: /home/chakrapani/drone_files/IITI_SOC/gcs_ws/install/drone_interfaces/share/drone_interfaces/cmake/export_drone_interfaces__rosidl_typesupport_fastrtps_cExport.cmake
[2.307s] -- Up-to-date: /home/chakrapani/drone_files/IITI_SOC/gcs_ws/install/drone_interfaces/share/drone_interfaces/cmake/export_drone_interfaces__rosidl_typesupport_fastrtps_cExport-noconfig.cmake
[2.309s] -- Up-to-date: /home/chakrapani/drone_files/IITI_SOC/gcs_ws/install/drone_interfaces/share/drone_interfaces/cmake/drone_interfaces__rosidl_typesupport_introspection_cExport.cmake
[2.312s] -- Up-to-date: /home/chakrapani/drone_files/IITI_SOC/gcs_ws/install/drone_interfaces/share/drone_interfaces/cmake/drone_interfaces__rosidl_typesupport_introspection_cExport-noconfig.cmake
[2.312s] -- Up-to-date: /home/chakrapani/drone_files/IITI_SOC/gcs_ws/install/drone_interfaces/share/drone_interfaces/cmake/drone_interfaces__rosidl_typesupport_cExport.cmake
[2.312s] -- Up-to-date: /home/chakrapani/drone_files/IITI_SOC/gcs_ws/install/drone_interfaces/share/drone_interfaces/cmake/drone_interfaces__rosidl_typesupport_cExport-noconfig.cmake
[2.312s] -- Up-to-date: /home/chakrapani/drone_files/IITI_SOC/gcs_ws/install/drone_interfaces/share/drone_interfaces/cmake/export_drone_interfaces__rosidl_generator_cppExport.cmake
[2.314s] -- Up-to-date: /home/chakrapani/drone_files/IITI_SOC/gcs_ws/install/drone_interfaces/share/drone_interfaces/cmake/export_drone_interfaces__rosidl_typesupport_fastrtps_cppExport.cmake
[2.316s] -- Up-to-date: /home/chakrapani/drone_files/IITI_SOC/gcs_ws/install/drone_interfaces/share/drone_interfaces/cmake/export_drone_interfaces__rosidl_typesupport_fastrtps_cppExport-noconfig.cmake
[2.317s] -- Up-to-date: /home/chakrapani/drone_files/IITI_SOC/gcs_ws/install/drone_interfaces/share/drone_interfaces/cmake/drone_interfaces__rosidl_typesupport_introspection_cppExport.cmake
[2.318s] -- Up-to-date: /home/chakrapani/drone_files/IITI_SOC/gcs_ws/install/drone_interfaces/share/drone_interfaces/cmake/drone_interfaces__rosidl_typesupport_introspection_cppExport-noconfig.cmake
[2.321s] -- Up-to-date: /home/chakrapani/drone_files/IITI_SOC/gcs_ws/install/drone_interfaces/share/drone_interfaces/cmake/drone_interfaces__rosidl_typesupport_cppExport.cmake
[2.321s] -- Up-to-date: /home/chakrapani/drone_files/IITI_SOC/gcs_ws/install/drone_interfaces/share/drone_interfaces/cmake/drone_interfaces__rosidl_typesupport_cppExport-noconfig.cmake
[2.321s] -- Up-to-date: /home/chakrapani/drone_files/IITI_SOC/gcs_ws/install/drone_interfaces/share/drone_interfaces/cmake/export_drone_interfaces__rosidl_generator_pyExport.cmake
[2.322s] -- Up-to-date: /home/chakrapani/drone_files/IITI_SOC/gcs_ws/install/drone_interfaces/share/drone_interfaces/cmake/export_drone_interfaces__rosidl_generator_pyExport-noconfig.cmake
[2.322s] -- Up-to-date: /home/chakrapani/drone_files/IITI_SOC/gcs_ws/install/drone_interfaces/share/drone_interfaces/cmake/rosidl_cmake-extras.cmake
[2.322s] -- Up-to-date: /home/chakrapani/drone_files/IITI_SOC/gcs_ws/install/drone_interfaces/share/drone_interfaces/cmake/ament_cmake_export_include_directories-extras.cmake
[2.324s] -- Up-to-date: /home/chakrapani/drone_files/IITI_SOC/gcs_ws/install/drone_interfaces/share/drone_interfaces/cmake/ament_cmake_export_libraries-extras.cmake
[2.324s] -- Up-to-date: /home/chakrapani/drone_files/IITI_SOC/gcs_ws/install/drone_interfaces/share/drone_interfaces/cmake/ament_cmake_export_targets-extras.cmake
[2.325s] -- Up-to-date: /home/chakrapani/drone_files/IITI_SOC/gcs_ws/install/drone_interfaces/share/drone_interfaces/cmake/rosidl_cmake_export_typesupport_targets-extras.cmake
[2.325s] -- Up-to-date: /home/chakrapani/drone_files/IITI_SOC/gcs_ws/install/drone_interfaces/share/drone_interfaces/cmake/ament_cmake_export_dependencies-extras.cmake
[2.325s] -- Up-to-date: /home/chakrapani/drone_files/IITI_SOC/gcs_ws/install/drone_interfaces/share/drone_interfaces/cmake/rosidl_cmake_export_typesupport_libraries-extras.cmake
[2.326s] -- Up-to-date: /home/chakrapani/drone_files/IITI_SOC/gcs_ws/install/drone_interfaces/share/drone_interfaces/cmake/drone_interfacesConfig.cmake
[2.328s] -- Up-to-date: /home/chakrapani/drone_files/IITI_SOC/gcs_ws/install/drone_interfaces/share/drone_interfaces/cmake/drone_interfacesConfig-version.cmake
[2.328s] -- Up-to-date: /home/chakrapani/drone_files/IITI_SOC/gcs_ws/install/drone_interfaces/share/drone_interfaces/package.xml
[2.338s] Invoked command in '/home/chakrapani/drone_files/IITI_SOC/gcs_ws/build/drone_interfaces' returned '0': CMAKE_PREFIX_PATH=${CMAKE_PREFIX_PATH}:/home/chakrapani/drone_files/IITI_SOC/gcs_ws/install/gcs_controller:/home/chakrapani/drone_files/IITI_SOC/gcs_ws/install/mission_utils:/home/chakrapani/drone_files/IITI_SOC/gcs_ws/install/drone_launch:/home/chakrapani/drone_files/IITI_SOC/gcs_ws/install/drone_2_manager:/home/chakrapani/drone_files/IITI_SOC/gcs_ws/install/drone_1_manager:/opt/ros/humble /usr/bin/cmake --install /home/chakrapani/drone_files/IITI_SOC/gcs_ws/build/drone_interfaces
