[0.980s] Invoking command in '/home/chakrapani/drone_files/IITI_SOC/gcs_ws/src/drone_launch': PYTHONPATH=/home/chakrapani/drone_files/IITI_SOC/gcs_ws/build/drone_launch/prefix_override:/usr/lib/python3/dist-packages/colcon_core/task/python/colcon_distutils_commands:/home/chakrapani/drone_files/IITI_SOC/gcs_ws/install/drone_launch/lib/python3.10/site-packages:${PYTHONPATH} /usr/bin/python3 -W ignore:setup.py install is deprecated -W ignore:easy_install command is deprecated setup.py egg_info --egg-base ../../build/drone_launch build --build-base /home/chakrapani/drone_files/IITI_SOC/gcs_ws/build/drone_launch/build install --record /home/chakrapani/drone_files/IITI_SOC/gcs_ws/build/drone_launch/install.log --single-version-externally-managed install_data
[1.272s] running egg_info
[1.274s] creating ../../build/drone_launch/drone_launch.egg-info
[1.274s] writing ../../build/drone_launch/drone_launch.egg-info/PKG-INFO
[1.274s] writing dependency_links to ../../build/drone_launch/drone_launch.egg-info/dependency_links.txt
[1.274s] writing entry points to ../../build/drone_launch/drone_launch.egg-info/entry_points.txt
[1.274s] writing requirements to ../../build/drone_launch/drone_launch.egg-info/requires.txt
[1.274s] writing top-level names to ../../build/drone_launch/drone_launch.egg-info/top_level.txt
[1.274s] writing manifest file '../../build/drone_launch/drone_launch.egg-info/SOURCES.txt'
[1.275s] reading manifest file '../../build/drone_launch/drone_launch.egg-info/SOURCES.txt'
[1.275s] writing manifest file '../../build/drone_launch/drone_launch.egg-info/SOURCES.txt'
[1.276s] running build
[1.276s] running build_py
[1.276s] creating /home/chakrapani/drone_files/IITI_SOC/gcs_ws/build/drone_launch/build
[1.276s] creating /home/chakrapani/drone_files/IITI_SOC/gcs_ws/build/drone_launch/build/lib
[1.276s] creating /home/chakrapani/drone_files/IITI_SOC/gcs_ws/build/drone_launch/build/lib/drone_launch
[1.276s] copying drone_launch/__init__.py -> /home/chakrapani/drone_files/IITI_SOC/gcs_ws/build/drone_launch/build/lib/drone_launch
[1.277s] running install
[1.277s] running install_lib
[1.277s] creating /home/chakrapani/drone_files/IITI_SOC/gcs_ws/install/drone_launch/lib/python3.10/site-packages/drone_launch
[1.277s] copying /home/chakrapani/drone_files/IITI_SOC/gcs_ws/build/drone_launch/build/lib/drone_launch/__init__.py -> /home/chakrapani/drone_files/IITI_SOC/gcs_ws/install/drone_launch/lib/python3.10/site-packages/drone_launch
[1.278s] byte-compiling /home/chakrapani/drone_files/IITI_SOC/gcs_ws/install/drone_launch/lib/python3.10/site-packages/drone_launch/__init__.py to __init__.cpython-310.pyc
[1.278s] running install_data
[1.278s] creating /home/chakrapani/drone_files/IITI_SOC/gcs_ws/install/drone_launch/share/ament_index
[1.279s] creating /home/chakrapani/drone_files/IITI_SOC/gcs_ws/install/drone_launch/share/ament_index/resource_index
[1.281s] creating /home/chakrapani/drone_files/IITI_SOC/gcs_ws/install/drone_launch/share/ament_index/resource_index/packages
[1.281s] copying resource/drone_launch -> /home/chakrapani/drone_files/IITI_SOC/gcs_ws/install/drone_launch/share/ament_index/resource_index/packages
[1.281s] copying package.xml -> /home/chakrapani/drone_files/IITI_SOC/gcs_ws/install/drone_launch/share/drone_launch
[1.281s] creating /home/chakrapani/drone_files/IITI_SOC/gcs_ws/install/drone_launch/share/drone_launch/launch
[1.281s] copying launch/drone.launch.py -> /home/chakrapani/drone_files/IITI_SOC/gcs_ws/install/drone_launch/share/drone_launch/launch
[1.281s] running install_egg_info
[1.281s] Copying ../../build/drone_launch/drone_launch.egg-info to /home/chakrapani/drone_files/IITI_SOC/gcs_ws/install/drone_launch/lib/python3.10/site-packages/drone_launch-0.0.0-py3.10.egg-info
[1.282s] running install_scripts
[1.308s] writing list of installed files to '/home/chakrapani/drone_files/IITI_SOC/gcs_ws/build/drone_launch/install.log'
[1.345s] Invoked command in '/home/chakrapani/drone_files/IITI_SOC/gcs_ws/src/drone_launch' returned '0': PYTHONPATH=/home/chakrapani/drone_files/IITI_SOC/gcs_ws/build/drone_launch/prefix_override:/usr/lib/python3/dist-packages/colcon_core/task/python/colcon_distutils_commands:/home/chakrapani/drone_files/IITI_SOC/gcs_ws/install/drone_launch/lib/python3.10/site-packages:${PYTHONPATH} /usr/bin/python3 -W ignore:setup.py install is deprecated -W ignore:easy_install command is deprecated setup.py egg_info --egg-base ../../build/drone_launch build --build-base /home/chakrapani/drone_files/IITI_SOC/gcs_ws/build/drone_launch/build install --record /home/chakrapani/drone_files/IITI_SOC/gcs_ws/build/drone_launch/install.log --single-version-externally-managed install_data
