[2.655s] Invoking command in '/home/chakrapani/drone_files/IITI_SOC/gcs_ws/src/mission_utils': PYTHONPATH=/home/chakrapani/drone_files/IITI_SOC/gcs_ws/build/mission_utils/prefix_override:/usr/lib/python3/dist-packages/colcon_core/task/python/colcon_distutils_commands:/home/chakrapani/drone_files/IITI_SOC/gcs_ws/install/mission_utils/lib/python3.10/site-packages:${PYTHONPATH} /usr/bin/python3 -W ignore:setup.py install is deprecated -W ignore:easy_install command is deprecated setup.py egg_info --egg-base ../../build/mission_utils build --build-base /home/chakrapani/drone_files/IITI_SOC/gcs_ws/build/mission_utils/build install --record /home/chakrapani/drone_files/IITI_SOC/gcs_ws/build/mission_utils/install.log --single-version-externally-managed install_data
[3.618s] running egg_info
[3.620s] writing ../../build/mission_utils/mission_utils.egg-info/PKG-INFO
[3.620s] writing dependency_links to ../../build/mission_utils/mission_utils.egg-info/dependency_links.txt
[3.620s] writing entry points to ../../build/mission_utils/mission_utils.egg-info/entry_points.txt
[3.620s] writing requirements to ../../build/mission_utils/mission_utils.egg-info/requires.txt
[3.620s] writing top-level names to ../../build/mission_utils/mission_utils.egg-info/top_level.txt
[3.628s] reading manifest file '../../build/mission_utils/mission_utils.egg-info/SOURCES.txt'
[3.635s] writing manifest file '../../build/mission_utils/mission_utils.egg-info/SOURCES.txt'
[3.635s] running build
[3.636s] running build_py
[3.636s] running install
[3.636s] running install_lib
[3.640s] running install_data
[3.640s] running install_egg_info
[3.643s] removing '/home/chakrapani/drone_files/IITI_SOC/gcs_ws/install/mission_utils/lib/python3.10/site-packages/mission_utils-0.0.0-py3.10.egg-info' (and everything under it)
[3.643s] Copying ../../build/mission_utils/mission_utils.egg-info to /home/chakrapani/drone_files/IITI_SOC/gcs_ws/install/mission_utils/lib/python3.10/site-packages/mission_utils-0.0.0-py3.10.egg-info
[3.644s] running install_scripts
[3.713s] writing list of installed files to '/home/chakrapani/drone_files/IITI_SOC/gcs_ws/build/mission_utils/install.log'
[3.965s] Invoked command in '/home/chakrapani/drone_files/IITI_SOC/gcs_ws/src/mission_utils' returned '0': PYTHONPATH=/home/chakrapani/drone_files/IITI_SOC/gcs_ws/build/mission_utils/prefix_override:/usr/lib/python3/dist-packages/colcon_core/task/python/colcon_distutils_commands:/home/chakrapani/drone_files/IITI_SOC/gcs_ws/install/mission_utils/lib/python3.10/site-packages:${PYTHONPATH} /usr/bin/python3 -W ignore:setup.py install is deprecated -W ignore:easy_install command is deprecated setup.py egg_info --egg-base ../../build/mission_utils build --build-base /home/chakrapani/drone_files/IITI_SOC/gcs_ws/build/mission_utils/build install --record /home/chakrapani/drone_files/IITI_SOC/gcs_ws/build/mission_utils/install.log --single-version-externally-managed install_data
