[0.052s] Invoking command in '/home/chakrapani/drone_files/IITI_SOC/gcs_ws/build/drone_interfaces': CMAKE_PREFIX_PATH=${CMAKE_PREFIX_PATH}:/home/chakrapani/drone_files/IITI_SOC/gcs_ws/install/gcs_controller:/home/chakrapani/drone_files/IITI_SOC/gcs_ws/install/mission_utils:/home/chakrapani/drone_files/IITI_SOC/gcs_ws/install/drone_launch:/home/chakrapani/drone_files/IITI_SOC/gcs_ws/install/drone_2_manager:/home/chakrapani/drone_files/IITI_SOC/gcs_ws/install/drone_1_manager:/home/chakrapani/ros2_px4_offboard_example_ws/install/px4_offboard:/home/chakrapani/octomap_ws/install/px4_odometry_converter:/home/chakrapani/octomap_ws/install/px4_localization:/home/chakrapani/px4_ros_ws/install/px4_offboard:/opt/ros/humble /usr/bin/cmake --build /home/chakrapani/drone_files/IITI_SOC/gcs_ws/build/drone_interfaces -- -j2 -l2
[0.340s] [  1%] Built target drone_interfaces__cpp
[0.456s] [ 12%] Built target drone_interfaces__rosidl_generator_c
[0.527s] [ 12%] Built target ament_cmake_python_copy_drone_interfaces
[0.587s] [ 24%] Built target drone_interfaces__rosidl_typesupport_cpp
[0.642s] [ 35%] Built target drone_interfaces__rosidl_typesupport_fastrtps_c
[0.698s] [ 46%] Built target drone_interfaces__rosidl_typesupport_introspection_c
[0.761s] [ 58%] Built target drone_interfaces__rosidl_typesupport_c
[0.871s] [ 69%] Built target drone_interfaces__rosidl_typesupport_fastrtps_cpp
[0.928s] [ 81%] Built target drone_interfaces__rosidl_typesupport_introspection_cpp
[1.702s] running egg_info
[1.707s] writing drone_interfaces.egg-info/PKG-INFO
[1.711s] writing dependency_links to drone_interfaces.egg-info/dependency_links.txt
[1.711s] writing top-level names to drone_interfaces.egg-info/top_level.txt
[1.717s] reading manifest file 'drone_interfaces.egg-info/SOURCES.txt'
[1.721s] writing manifest file 'drone_interfaces.egg-info/SOURCES.txt'
[1.915s] [ 81%] Built target ament_cmake_python_build_drone_interfaces_egg
[1.992s] [ 81%] Built target drone_interfaces
[2.065s] [ 82%] Built target drone_interfaces__py
[2.131s] [ 92%] Built target drone_interfaces__rosidl_generator_py
[2.209s] [ 94%] Built target drone_interfaces__rosidl_typesupport_fastrtps_c__pyext
[2.265s] [ 97%] Built target drone_interfaces__rosidl_typesupport_introspection_c__pyext
[2.319s] [100%] Built target drone_interfaces__rosidl_typesupport_c__pyext
[2.367s] Invoked command in '/home/chakrapani/drone_files/IITI_SOC/gcs_ws/build/drone_interfaces' returned '0': CMAKE_PREFIX_PATH=${CMAKE_PREFIX_PATH}:/home/chakrapani/drone_files/IITI_SOC/gcs_ws/install/gcs_controller:/home/chakrapani/drone_files/IITI_SOC/gcs_ws/install/mission_utils:/home/chakrapani/drone_files/IITI_SOC/gcs_ws/install/drone_launch:/home/chakrapani/drone_files/IITI_SOC/gcs_ws/install/drone_2_manager:/home/chakrapani/drone_files/IITI_SOC/gcs_ws/install/drone_1_manager:/home/chakrapani/ros2_px4_offboard_example_ws/install/px4_offboard:/home/chakrapani/octomap_ws/install/px4_odometry_converter:/home/chakrapani/octomap_ws/install/px4_localization:/home/chakrapani/px4_ros_ws/install/px4_offboard:/opt/ros/humble /usr/bin/cmake --build /home/chakrapani/drone_files/IITI_SOC/gcs_ws/build/drone_interfaces -- -j2 -l2
[2.393s] Invoking command in '/home/chakrapani/drone_files/IITI_SOC/gcs_ws/build/drone_interfaces': CMAKE_PREFIX_PATH=${CMAKE_PREFIX_PATH}:/home/chakrapani/drone_files/IITI_SOC/gcs_ws/install/gcs_controller:/home/chakrapani/drone_files/IITI_SOC/gcs_ws/install/mission_utils:/home/chakrapani/drone_files/IITI_SOC/gcs_ws/install/drone_launch:/home/chakrapani/drone_files/IITI_SOC/gcs_ws/install/drone_2_manager:/home/chakrapani/drone_files/IITI_SOC/gcs_ws/install/drone_1_manager:/home/chakrapani/ros2_px4_offboard_example_ws/install/px4_offboard:/home/chakrapani/octomap_ws/install/px4_odometry_converter:/home/chakrapani/octomap_ws/install/px4_localization:/home/chakrapani/px4_ros_ws/install/px4_offboard:/opt/ros/humble /usr/bin/cmake --install /home/chakrapani/drone_files/IITI_SOC/gcs_ws/build/drone_interfaces
[2.419s] -- Install configuration: ""
[2.419s] -- Up-to-date: /home/chakrapani/drone_files/IITI_SOC/gcs_ws/install/drone_interfaces/share/ament_index/resource_index/rosidl_interfaces/drone_interfaces
[2.419s] -- Up-to-date: /home/chakrapani/drone_files/IITI_SOC/gcs_ws/install/drone_interfaces/include/drone_interfaces/drone_interfaces
[2.419s] -- Up-to-date: /home/chakrapani/drone_files/IITI_SOC/gcs_ws/install/drone_interfaces/include/drone_interfaces/drone_interfaces/msg
[2.419s] -- Up-to-date: /home/chakrapani/drone_files/IITI_SOC/gcs_ws/install/drone_interfaces/include/drone_interfaces/drone_interfaces/msg/detail
[2.419s] -- Up-to-date: /home/chakrapani/drone_files/IITI_SOC/gcs_ws/install/drone_interfaces/include/drone_interfaces/drone_interfaces/msg/detail/drone_type_change__struct.h
[2.419s] -- Up-to-date: /home/chakrapani/drone_files/IITI_SOC/gcs_ws/install/drone_interfaces/include/drone_interfaces/drone_interfaces/msg/detail/drone_status__struct.h
[2.420s] -- Up-to-date: /home/chakrapani/drone_files/IITI_SOC/gcs_ws/install/drone_interfaces/include/drone_interfaces/drone_interfaces/msg/detail/waypoint_array__type_support.h
[2.420s] -- Up-to-date: /home/chakrapani/drone_files/IITI_SOC/gcs_ws/install/drone_interfaces/include/drone_interfaces/drone_interfaces/msg/detail/drone_status_update__functions.h
[2.420s] -- Up-to-date: /home/chakrapani/drone_files/IITI_SOC/gcs_ws/install/drone_interfaces/include/drone_interfaces/drone_interfaces/msg/detail/waypoint__functions.c
[2.427s] -- Up-to-date: /home/chakrapani/drone_files/IITI_SOC/gcs_ws/install/drone_interfaces/include/drone_interfaces/drone_interfaces/msg/detail/waypoint_request__functions.h
[2.428s] -- Up-to-date: /home/chakrapani/drone_files/IITI_SOC/gcs_ws/install/drone_interfaces/include/drone_interfaces/drone_interfaces/msg/detail/waypoint__struct.h
[2.428s] -- Up-to-date: /home/chakrapani/drone_files/IITI_SOC/gcs_ws/install/drone_interfaces/include/drone_interfaces/drone_interfaces/msg/detail/drone_status_update__functions.c
[2.428s] -- Up-to-date: /home/chakrapani/drone_files/IITI_SOC/gcs_ws/install/drone_interfaces/include/drone_interfaces/drone_interfaces/msg/detail/drone_status__functions.h
[2.428s] -- Up-to-date: /home/chakrapani/drone_files/IITI_SOC/gcs_ws/install/drone_interfaces/include/drone_interfaces/drone_interfaces/msg/detail/drone_type_change__type_support.h
[2.428s] -- Up-to-date: /home/chakrapani/drone_files/IITI_SOC/gcs_ws/install/drone_interfaces/include/drone_interfaces/drone_interfaces/msg/detail/waypoint_request__type_support.h
[2.428s] -- Up-to-date: /home/chakrapani/drone_files/IITI_SOC/gcs_ws/install/drone_interfaces/include/drone_interfaces/drone_interfaces/msg/detail/waypoint_visited__functions.c
[2.429s] -- Up-to-date: /home/chakrapani/drone_files/IITI_SOC/gcs_ws/install/drone_interfaces/include/drone_interfaces/drone_interfaces/msg/detail/waypoint_array__struct.h
[2.429s] -- Up-to-date: /home/chakrapani/drone_files/IITI_SOC/gcs_ws/install/drone_interfaces/include/drone_interfaces/drone_interfaces/msg/detail/waypoint_array__functions.c
[2.429s] -- Up-to-date: /home/chakrapani/drone_files/IITI_SOC/gcs_ws/install/drone_interfaces/include/drone_interfaces/drone_interfaces/msg/detail/waypoint__functions.h
[2.430s] -- Up-to-date: /home/chakrapani/drone_files/IITI_SOC/gcs_ws/install/drone_interfaces/include/drone_interfaces/drone_interfaces/msg/detail/waypoint_visited__type_support.h
[2.431s] -- Up-to-date: /home/chakrapani/drone_files/IITI_SOC/gcs_ws/install/drone_interfaces/include/drone_interfaces/drone_interfaces/msg/detail/waypoint_array__functions.h
[2.432s] -- Up-to-date: /home/chakrapani/drone_files/IITI_SOC/gcs_ws/install/drone_interfaces/include/drone_interfaces/drone_interfaces/msg/detail/waypoint__type_support.h
[2.432s] -- Up-to-date: /home/chakrapani/drone_files/IITI_SOC/gcs_ws/install/drone_interfaces/include/drone_interfaces/drone_interfaces/msg/detail/waypoint_request__functions.c
[2.432s] -- Up-to-date: /home/chakrapani/drone_files/IITI_SOC/gcs_ws/install/drone_interfaces/include/drone_interfaces/drone_interfaces/msg/detail/drone_status_update__struct.h
[2.432s] -- Up-to-date: /home/chakrapani/drone_files/IITI_SOC/gcs_ws/install/drone_interfaces/include/drone_interfaces/drone_interfaces/msg/detail/drone_status__functions.c
[2.432s] -- Up-to-date: /home/chakrapani/drone_files/IITI_SOC/gcs_ws/install/drone_interfaces/include/drone_interfaces/drone_interfaces/msg/detail/drone_type_change__functions.c
[2.432s] -- Up-to-date: /home/chakrapani/drone_files/IITI_SOC/gcs_ws/install/drone_interfaces/include/drone_interfaces/drone_interfaces/msg/detail/waypoint_visited__struct.h
[2.432s] -- Up-to-date: /home/chakrapani/drone_files/IITI_SOC/gcs_ws/install/drone_interfaces/include/drone_interfaces/drone_interfaces/msg/detail/drone_status__type_support.h
[2.433s] -- Up-to-date: /home/chakrapani/drone_files/IITI_SOC/gcs_ws/install/drone_interfaces/include/drone_interfaces/drone_interfaces/msg/detail/drone_type_change__functions.h
[2.433s] -- Up-to-date: /home/chakrapani/drone_files/IITI_SOC/gcs_ws/install/drone_interfaces/include/drone_interfaces/drone_interfaces/msg/detail/drone_status_update__type_support.h
[2.433s] -- Up-to-date: /home/chakrapani/drone_files/IITI_SOC/gcs_ws/install/drone_interfaces/include/drone_interfaces/drone_interfaces/msg/detail/waypoint_request__struct.h
[2.433s] -- Up-to-date: /home/chakrapani/drone_files/IITI_SOC/gcs_ws/install/drone_interfaces/include/drone_interfaces/drone_interfaces/msg/detail/waypoint_visited__functions.h
[2.433s] -- Up-to-date: /home/chakrapani/drone_files/IITI_SOC/gcs_ws/install/drone_interfaces/include/drone_interfaces/drone_interfaces/msg/drone_type_change.h
[2.433s] -- Up-to-date: /home/chakrapani/drone_files/IITI_SOC/gcs_ws/install/drone_interfaces/include/drone_interfaces/drone_interfaces/msg/rosidl_generator_c__visibility_control.h
[2.433s] -- Up-to-date: /home/chakrapani/drone_files/IITI_SOC/gcs_ws/install/drone_interfaces/include/drone_interfaces/drone_interfaces/msg/waypoint.h
[2.434s] -- Up-to-date: /home/chakrapani/drone_files/IITI_SOC/gcs_ws/install/drone_interfaces/include/drone_interfaces/drone_interfaces/msg/waypoint_visited.h
[2.435s] -- Up-to-date: /home/chakrapani/drone_files/IITI_SOC/gcs_ws/install/drone_interfaces/include/drone_interfaces/drone_interfaces/msg/waypoint_array.h
[2.436s] -- Up-to-date: /home/chakrapani/drone_files/IITI_SOC/gcs_ws/install/drone_interfaces/include/drone_interfaces/drone_interfaces/msg/drone_status_update.h
[2.436s] -- Up-to-date: /home/chakrapani/drone_files/IITI_SOC/gcs_ws/install/drone_interfaces/include/drone_interfaces/drone_interfaces/msg/drone_status.h
[2.436s] -- Up-to-date: /home/chakrapani/drone_files/IITI_SOC/gcs_ws/install/drone_interfaces/include/drone_interfaces/drone_interfaces/msg/waypoint_request.h
[2.438s] -- Up-to-date: /home/chakrapani/drone_files/IITI_SOC/gcs_ws/install/drone_interfaces/share/drone_interfaces/environment/library_path.sh
[2.438s] -- Up-to-date: /home/chakrapani/drone_files/IITI_SOC/gcs_ws/install/drone_interfaces/share/drone_interfaces/environment/library_path.dsv
[2.438s] -- Up-to-date: /home/chakrapani/drone_files/IITI_SOC/gcs_ws/install/drone_interfaces/lib/libdrone_interfaces__rosidl_generator_c.so
[2.440s] -- Up-to-date: /home/chakrapani/drone_files/IITI_SOC/gcs_ws/install/drone_interfaces/include/drone_interfaces/drone_interfaces
[2.441s] -- Up-to-date: /home/chakrapani/drone_files/IITI_SOC/gcs_ws/install/drone_interfaces/include/drone_interfaces/drone_interfaces/msg
[2.441s] -- Up-to-date: /home/chakrapani/drone_files/IITI_SOC/gcs_ws/install/drone_interfaces/include/drone_interfaces/drone_interfaces/msg/detail
[2.441s] -- Up-to-date: /home/chakrapani/drone_files/IITI_SOC/gcs_ws/install/drone_interfaces/include/drone_interfaces/drone_interfaces/msg/detail/drone_status__rosidl_typesupport_fastrtps_c.h
[2.441s] -- Up-to-date: /home/chakrapani/drone_files/IITI_SOC/gcs_ws/install/drone_interfaces/include/drone_interfaces/drone_interfaces/msg/detail/waypoint_request__rosidl_typesupport_fastrtps_c.h
[2.441s] -- Up-to-date: /home/chakrapani/drone_files/IITI_SOC/gcs_ws/install/drone_interfaces/include/drone_interfaces/drone_interfaces/msg/detail/drone_type_change__rosidl_typesupport_fastrtps_c.h
[2.442s] -- Up-to-date: /home/chakrapani/drone_files/IITI_SOC/gcs_ws/install/drone_interfaces/include/drone_interfaces/drone_interfaces/msg/detail/waypoint_visited__rosidl_typesupport_fastrtps_c.h
[2.442s] -- Up-to-date: /home/chakrapani/drone_files/IITI_SOC/gcs_ws/install/drone_interfaces/include/drone_interfaces/drone_interfaces/msg/detail/drone_status_update__rosidl_typesupport_fastrtps_c.h
[2.442s] -- Up-to-date: /home/chakrapani/drone_files/IITI_SOC/gcs_ws/install/drone_interfaces/include/drone_interfaces/drone_interfaces/msg/detail/waypoint_array__rosidl_typesupport_fastrtps_c.h
[2.443s] -- Up-to-date: /home/chakrapani/drone_files/IITI_SOC/gcs_ws/install/drone_interfaces/include/drone_interfaces/drone_interfaces/msg/detail/waypoint__rosidl_typesupport_fastrtps_c.h
[2.443s] -- Up-to-date: /home/chakrapani/drone_files/IITI_SOC/gcs_ws/install/drone_interfaces/include/drone_interfaces/drone_interfaces/msg/rosidl_typesupport_fastrtps_c__visibility_control.h
[2.443s] -- Up-to-date: /home/chakrapani/drone_files/IITI_SOC/gcs_ws/install/drone_interfaces/lib/libdrone_interfaces__rosidl_typesupport_fastrtps_c.so
[2.444s] -- Up-to-date: /home/chakrapani/drone_files/IITI_SOC/gcs_ws/install/drone_interfaces/include/drone_interfaces/drone_interfaces
[2.444s] -- Up-to-date: /home/chakrapani/drone_files/IITI_SOC/gcs_ws/install/drone_interfaces/include/drone_interfaces/drone_interfaces/msg
[2.444s] -- Up-to-date: /home/chakrapani/drone_files/IITI_SOC/gcs_ws/install/drone_interfaces/include/drone_interfaces/drone_interfaces/msg/detail
[2.445s] -- Up-to-date: /home/chakrapani/drone_files/IITI_SOC/gcs_ws/install/drone_interfaces/include/drone_interfaces/drone_interfaces/msg/detail/drone_type_change__rosidl_typesupport_introspection_c.h
[2.445s] -- Up-to-date: /home/chakrapani/drone_files/IITI_SOC/gcs_ws/install/drone_interfaces/include/drone_interfaces/drone_interfaces/msg/detail/waypoint_request__rosidl_typesupport_introspection_c.h
[2.445s] -- Up-to-date: /home/chakrapani/drone_files/IITI_SOC/gcs_ws/install/drone_interfaces/include/drone_interfaces/drone_interfaces/msg/detail/drone_status__type_support.c
[2.445s] -- Up-to-date: /home/chakrapani/drone_files/IITI_SOC/gcs_ws/install/drone_interfaces/include/drone_interfaces/drone_interfaces/msg/detail/waypoint_visited__type_support.c
[2.445s] -- Up-to-date: /home/chakrapani/drone_files/IITI_SOC/gcs_ws/install/drone_interfaces/include/drone_interfaces/drone_interfaces/msg/detail/waypoint_array__rosidl_typesupport_introspection_c.h
[2.446s] -- Up-to-date: /home/chakrapani/drone_files/IITI_SOC/gcs_ws/install/drone_interfaces/include/drone_interfaces/drone_interfaces/msg/detail/drone_type_change__type_support.c
[2.446s] -- Up-to-date: /home/chakrapani/drone_files/IITI_SOC/gcs_ws/install/drone_interfaces/include/drone_interfaces/drone_interfaces/msg/detail/waypoint_visited__rosidl_typesupport_introspection_c.h
[2.446s] -- Up-to-date: /home/chakrapani/drone_files/IITI_SOC/gcs_ws/install/drone_interfaces/include/drone_interfaces/drone_interfaces/msg/detail/waypoint_array__type_support.c
[2.446s] -- Up-to-date: /home/chakrapani/drone_files/IITI_SOC/gcs_ws/install/drone_interfaces/include/drone_interfaces/drone_interfaces/msg/detail/drone_status__rosidl_typesupport_introspection_c.h
[2.449s] -- Up-to-date: /home/chakrapani/drone_files/IITI_SOC/gcs_ws/install/drone_interfaces/include/drone_interfaces/drone_interfaces/msg/detail/drone_status_update__rosidl_typesupport_introspection_c.h
[2.449s] -- Up-to-date: /home/chakrapani/drone_files/IITI_SOC/gcs_ws/install/drone_interfaces/include/drone_interfaces/drone_interfaces/msg/detail/waypoint_request__type_support.c
[2.449s] -- Up-to-date: /home/chakrapani/drone_files/IITI_SOC/gcs_ws/install/drone_interfaces/include/drone_interfaces/drone_interfaces/msg/detail/drone_status_update__type_support.c
[2.449s] -- Up-to-date: /home/chakrapani/drone_files/IITI_SOC/gcs_ws/install/drone_interfaces/include/drone_interfaces/drone_interfaces/msg/detail/waypoint__type_support.c
[2.449s] -- Up-to-date: /home/chakrapani/drone_files/IITI_SOC/gcs_ws/install/drone_interfaces/include/drone_interfaces/drone_interfaces/msg/detail/waypoint__rosidl_typesupport_introspection_c.h
[2.449s] -- Up-to-date: /home/chakrapani/drone_files/IITI_SOC/gcs_ws/install/drone_interfaces/include/drone_interfaces/drone_interfaces/msg/rosidl_typesupport_introspection_c__visibility_control.h
[2.449s] -- Up-to-date: /home/chakrapani/drone_files/IITI_SOC/gcs_ws/install/drone_interfaces/lib/libdrone_interfaces__rosidl_typesupport_introspection_c.so
[2.449s] -- Up-to-date: /home/chakrapani/drone_files/IITI_SOC/gcs_ws/install/drone_interfaces/lib/libdrone_interfaces__rosidl_typesupport_c.so
[2.449s] -- Up-to-date: /home/chakrapani/drone_files/IITI_SOC/gcs_ws/install/drone_interfaces/include/drone_interfaces/drone_interfaces
[2.450s] -- Up-to-date: /home/chakrapani/drone_files/IITI_SOC/gcs_ws/install/drone_interfaces/include/drone_interfaces/drone_interfaces/msg
[2.450s] -- Up-to-date: /home/chakrapani/drone_files/IITI_SOC/gcs_ws/install/drone_interfaces/include/drone_interfaces/drone_interfaces/msg/detail
[2.450s] -- Up-to-date: /home/chakrapani/drone_files/IITI_SOC/gcs_ws/install/drone_interfaces/include/drone_interfaces/drone_interfaces/msg/detail/drone_type_change__traits.hpp
[2.450s] -- Up-to-date: /home/chakrapani/drone_files/IITI_SOC/gcs_ws/install/drone_interfaces/include/drone_interfaces/drone_interfaces/msg/detail/waypoint__type_support.hpp
[2.450s] -- Up-to-date: /home/chakrapani/drone_files/IITI_SOC/gcs_ws/install/drone_interfaces/include/drone_interfaces/drone_interfaces/msg/detail/waypoint_array__struct.hpp
[2.450s] -- Up-to-date: /home/chakrapani/drone_files/IITI_SOC/gcs_ws/install/drone_interfaces/include/drone_interfaces/drone_interfaces/msg/detail/waypoint_request__builder.hpp
[2.450s] -- Up-to-date: /home/chakrapani/drone_files/IITI_SOC/gcs_ws/install/drone_interfaces/include/drone_interfaces/drone_interfaces/msg/detail/drone_status__type_support.hpp
[2.450s] -- Up-to-date: /home/chakrapani/drone_files/IITI_SOC/gcs_ws/install/drone_interfaces/include/drone_interfaces/drone_interfaces/msg/detail/waypoint_array__type_support.hpp
[2.450s] -- Up-to-date: /home/chakrapani/drone_files/IITI_SOC/gcs_ws/install/drone_interfaces/include/drone_interfaces/drone_interfaces/msg/detail/waypoint__traits.hpp
[2.450s] -- Up-to-date: /home/chakrapani/drone_files/IITI_SOC/gcs_ws/install/drone_interfaces/include/drone_interfaces/drone_interfaces/msg/detail/drone_status__traits.hpp
[2.450s] -- Up-to-date: /home/chakrapani/drone_files/IITI_SOC/gcs_ws/install/drone_interfaces/include/drone_interfaces/drone_interfaces/msg/detail/waypoint_visited__struct.hpp
[2.450s] -- Up-to-date: /home/chakrapani/drone_files/IITI_SOC/gcs_ws/install/drone_interfaces/include/drone_interfaces/drone_interfaces/msg/detail/waypoint_array__builder.hpp
[2.450s] -- Up-to-date: /home/chakrapani/drone_files/IITI_SOC/gcs_ws/install/drone_interfaces/include/drone_interfaces/drone_interfaces/msg/detail/waypoint__builder.hpp
[2.450s] -- Up-to-date: /home/chakrapani/drone_files/IITI_SOC/gcs_ws/install/drone_interfaces/include/drone_interfaces/drone_interfaces/msg/detail/drone_status_update__struct.hpp
[2.451s] -- Up-to-date: /home/chakrapani/drone_files/IITI_SOC/gcs_ws/install/drone_interfaces/include/drone_interfaces/drone_interfaces/msg/detail/drone_type_change__type_support.hpp
[2.451s] -- Up-to-date: /home/chakrapani/drone_files/IITI_SOC/gcs_ws/install/drone_interfaces/include/drone_interfaces/drone_interfaces/msg/detail/drone_status_update__builder.hpp
[2.451s] -- Up-to-date: /home/chakrapani/drone_files/IITI_SOC/gcs_ws/install/drone_interfaces/include/drone_interfaces/drone_interfaces/msg/detail/drone_type_change__struct.hpp
[2.451s] -- Up-to-date: /home/chakrapani/drone_files/IITI_SOC/gcs_ws/install/drone_interfaces/include/drone_interfaces/drone_interfaces/msg/detail/waypoint__struct.hpp
[2.452s] -- Up-to-date: /home/chakrapani/drone_files/IITI_SOC/gcs_ws/install/drone_interfaces/include/drone_interfaces/drone_interfaces/msg/detail/drone_status_update__traits.hpp
[2.452s] -- Up-to-date: /home/chakrapani/drone_files/IITI_SOC/gcs_ws/install/drone_interfaces/include/drone_interfaces/drone_interfaces/msg/detail/waypoint_visited__builder.hpp
[2.452s] -- Up-to-date: /home/chakrapani/drone_files/IITI_SOC/gcs_ws/install/drone_interfaces/include/drone_interfaces/drone_interfaces/msg/detail/waypoint_array__traits.hpp
[2.452s] -- Up-to-date: /home/chakrapani/drone_files/IITI_SOC/gcs_ws/install/drone_interfaces/include/drone_interfaces/drone_interfaces/msg/detail/waypoint_request__traits.hpp
[2.452s] -- Up-to-date: /home/chakrapani/drone_files/IITI_SOC/gcs_ws/install/drone_interfaces/include/drone_interfaces/drone_interfaces/msg/detail/drone_status_update__type_support.hpp
[2.452s] -- Up-to-date: /home/chakrapani/drone_files/IITI_SOC/gcs_ws/install/drone_interfaces/include/drone_interfaces/drone_interfaces/msg/detail/drone_type_change__builder.hpp
[2.452s] -- Up-to-date: /home/chakrapani/drone_files/IITI_SOC/gcs_ws/install/drone_interfaces/include/drone_interfaces/drone_interfaces/msg/detail/drone_status__builder.hpp
[2.452s] -- Up-to-date: /home/chakrapani/drone_files/IITI_SOC/gcs_ws/install/drone_interfaces/include/drone_interfaces/drone_interfaces/msg/detail/waypoint_request__struct.hpp
[2.453s] -- Up-to-date: /home/chakrapani/drone_files/IITI_SOC/gcs_ws/install/drone_interfaces/include/drone_interfaces/drone_interfaces/msg/detail/drone_status__struct.hpp
[2.453s] -- Up-to-date: /home/chakrapani/drone_files/IITI_SOC/gcs_ws/install/drone_interfaces/include/drone_interfaces/drone_interfaces/msg/detail/waypoint_visited__type_support.hpp
[2.453s] -- Up-to-date: /home/chakrapani/drone_files/IITI_SOC/gcs_ws/install/drone_interfaces/include/drone_interfaces/drone_interfaces/msg/detail/waypoint_visited__traits.hpp
[2.453s] -- Up-to-date: /home/chakrapani/drone_files/IITI_SOC/gcs_ws/install/drone_interfaces/include/drone_interfaces/drone_interfaces/msg/detail/waypoint_request__type_support.hpp
[2.454s] -- Up-to-date: /home/chakrapani/drone_files/IITI_SOC/gcs_ws/install/drone_interfaces/include/drone_interfaces/drone_interfaces/msg/drone_status.hpp
[2.454s] -- Up-to-date: /home/chakrapani/drone_files/IITI_SOC/gcs_ws/install/drone_interfaces/include/drone_interfaces/drone_interfaces/msg/waypoint_request.hpp
[2.454s] -- Up-to-date: /home/chakrapani/drone_files/IITI_SOC/gcs_ws/install/drone_interfaces/include/drone_interfaces/drone_interfaces/msg/drone_status_update.hpp
[2.454s] -- Up-to-date: /home/chakrapani/drone_files/IITI_SOC/gcs_ws/install/drone_interfaces/include/drone_interfaces/drone_interfaces/msg/waypoint_array.hpp
[2.454s] -- Up-to-date: /home/chakrapani/drone_files/IITI_SOC/gcs_ws/install/drone_interfaces/include/drone_interfaces/drone_interfaces/msg/rosidl_generator_cpp__visibility_control.hpp
[2.454s] -- Up-to-date: /home/chakrapani/drone_files/IITI_SOC/gcs_ws/install/drone_interfaces/include/drone_interfaces/drone_interfaces/msg/waypoint_visited.hpp
[2.454s] -- Up-to-date: /home/chakrapani/drone_files/IITI_SOC/gcs_ws/install/drone_interfaces/include/drone_interfaces/drone_interfaces/msg/waypoint.hpp
[2.454s] -- Up-to-date: /home/chakrapani/drone_files/IITI_SOC/gcs_ws/install/drone_interfaces/include/drone_interfaces/drone_interfaces/msg/drone_type_change.hpp
[2.455s] -- Up-to-date: /home/chakrapani/drone_files/IITI_SOC/gcs_ws/install/drone_interfaces/include/drone_interfaces/drone_interfaces
[2.455s] -- Up-to-date: /home/chakrapani/drone_files/IITI_SOC/gcs_ws/install/drone_interfaces/include/drone_interfaces/drone_interfaces/msg
[2.455s] -- Up-to-date: /home/chakrapani/drone_files/IITI_SOC/gcs_ws/install/drone_interfaces/include/drone_interfaces/drone_interfaces/msg/detail
[2.455s] -- Up-to-date: /home/chakrapani/drone_files/IITI_SOC/gcs_ws/install/drone_interfaces/include/drone_interfaces/drone_interfaces/msg/detail/dds_fastrtps
[2.458s] -- Up-to-date: /home/chakrapani/drone_files/IITI_SOC/gcs_ws/install/drone_interfaces/include/drone_interfaces/drone_interfaces/msg/detail/waypoint__rosidl_typesupport_fastrtps_cpp.hpp
[2.459s] -- Up-to-date: /home/chakrapani/drone_files/IITI_SOC/gcs_ws/install/drone_interfaces/include/drone_interfaces/drone_interfaces/msg/detail/waypoint_array__rosidl_typesupport_fastrtps_cpp.hpp
[2.459s] -- Up-to-date: /home/chakrapani/drone_files/IITI_SOC/gcs_ws/install/drone_interfaces/include/drone_interfaces/drone_interfaces/msg/detail/waypoint_request__rosidl_typesupport_fastrtps_cpp.hpp
[2.463s] -- Up-to-date: /home/chakrapani/drone_files/IITI_SOC/gcs_ws/install/drone_interfaces/include/drone_interfaces/drone_interfaces/msg/detail/drone_type_change__rosidl_typesupport_fastrtps_cpp.hpp
[2.464s] -- Up-to-date: /home/chakrapani/drone_files/IITI_SOC/gcs_ws/install/drone_interfaces/include/drone_interfaces/drone_interfaces/msg/detail/drone_status_update__rosidl_typesupport_fastrtps_cpp.hpp
[2.465s] -- Up-to-date: /home/chakrapani/drone_files/IITI_SOC/gcs_ws/install/drone_interfaces/include/drone_interfaces/drone_interfaces/msg/detail/drone_status__rosidl_typesupport_fastrtps_cpp.hpp
[2.467s] -- Up-to-date: /home/chakrapani/drone_files/IITI_SOC/gcs_ws/install/drone_interfaces/include/drone_interfaces/drone_interfaces/msg/detail/waypoint_visited__rosidl_typesupport_fastrtps_cpp.hpp
[2.467s] -- Up-to-date: /home/chakrapani/drone_files/IITI_SOC/gcs_ws/install/drone_interfaces/include/drone_interfaces/drone_interfaces/msg/rosidl_typesupport_fastrtps_cpp__visibility_control.h
[2.469s] -- Up-to-date: /home/chakrapani/drone_files/IITI_SOC/gcs_ws/install/drone_interfaces/lib/libdrone_interfaces__rosidl_typesupport_fastrtps_cpp.so
[2.469s] -- Up-to-date: /home/chakrapani/drone_files/IITI_SOC/gcs_ws/install/drone_interfaces/include/drone_interfaces/drone_interfaces
[2.470s] -- Up-to-date: /home/chakrapani/drone_files/IITI_SOC/gcs_ws/install/drone_interfaces/include/drone_interfaces/drone_interfaces/msg
[2.471s] -- Up-to-date: /home/chakrapani/drone_files/IITI_SOC/gcs_ws/install/drone_interfaces/include/drone_interfaces/drone_interfaces/msg/detail
[2.471s] -- Up-to-date: /home/chakrapani/drone_files/IITI_SOC/gcs_ws/install/drone_interfaces/include/drone_interfaces/drone_interfaces/msg/detail/waypoint_request__type_support.cpp
[2.472s] -- Up-to-date: /home/chakrapani/drone_files/IITI_SOC/gcs_ws/install/drone_interfaces/include/drone_interfaces/drone_interfaces/msg/detail/waypoint_visited__rosidl_typesupport_introspection_cpp.hpp
[2.473s] -- Up-to-date: /home/chakrapani/drone_files/IITI_SOC/gcs_ws/install/drone_interfaces/include/drone_interfaces/drone_interfaces/msg/detail/waypoint_array__type_support.cpp
[2.473s] -- Up-to-date: /home/chakrapani/drone_files/IITI_SOC/gcs_ws/install/drone_interfaces/include/drone_interfaces/drone_interfaces/msg/detail/drone_status__type_support.cpp
[2.473s] -- Up-to-date: /home/chakrapani/drone_files/IITI_SOC/gcs_ws/install/drone_interfaces/include/drone_interfaces/drone_interfaces/msg/detail/drone_type_change__rosidl_typesupport_introspection_cpp.hpp
[2.473s] -- Up-to-date: /home/chakrapani/drone_files/IITI_SOC/gcs_ws/install/drone_interfaces/include/drone_interfaces/drone_interfaces/msg/detail/waypoint_array__rosidl_typesupport_introspection_cpp.hpp
[2.473s] -- Up-to-date: /home/chakrapani/drone_files/IITI_SOC/gcs_ws/install/drone_interfaces/include/drone_interfaces/drone_interfaces/msg/detail/drone_status__rosidl_typesupport_introspection_cpp.hpp
[2.473s] -- Up-to-date: /home/chakrapani/drone_files/IITI_SOC/gcs_ws/install/drone_interfaces/include/drone_interfaces/drone_interfaces/msg/detail/waypoint_visited__type_support.cpp
[2.473s] -- Up-to-date: /home/chakrapani/drone_files/IITI_SOC/gcs_ws/install/drone_interfaces/include/drone_interfaces/drone_interfaces/msg/detail/drone_type_change__type_support.cpp
[2.474s] -- Up-to-date: /home/chakrapani/drone_files/IITI_SOC/gcs_ws/install/drone_interfaces/include/drone_interfaces/drone_interfaces/msg/detail/waypoint__type_support.cpp
[2.474s] -- Up-to-date: /home/chakrapani/drone_files/IITI_SOC/gcs_ws/install/drone_interfaces/include/drone_interfaces/drone_interfaces/msg/detail/waypoint__rosidl_typesupport_introspection_cpp.hpp
[2.474s] -- Up-to-date: /home/chakrapani/drone_files/IITI_SOC/gcs_ws/install/drone_interfaces/include/drone_interfaces/drone_interfaces/msg/detail/waypoint_request__rosidl_typesupport_introspection_cpp.hpp
[2.475s] -- Up-to-date: /home/chakrapani/drone_files/IITI_SOC/gcs_ws/install/drone_interfaces/include/drone_interfaces/drone_interfaces/msg/detail/drone_status_update__rosidl_typesupport_introspection_cpp.hpp
[2.475s] -- Up-to-date: /home/chakrapani/drone_files/IITI_SOC/gcs_ws/install/drone_interfaces/include/drone_interfaces/drone_interfaces/msg/detail/drone_status_update__type_support.cpp
[2.475s] -- Up-to-date: /home/chakrapani/drone_files/IITI_SOC/gcs_ws/install/drone_interfaces/lib/libdrone_interfaces__rosidl_typesupport_introspection_cpp.so
[2.476s] -- Up-to-date: /home/chakrapani/drone_files/IITI_SOC/gcs_ws/install/drone_interfaces/lib/libdrone_interfaces__rosidl_typesupport_cpp.so
[2.476s] -- Up-to-date: /home/chakrapani/drone_files/IITI_SOC/gcs_ws/install/drone_interfaces/share/drone_interfaces/environment/pythonpath.sh
[2.476s] -- Up-to-date: /home/chakrapani/drone_files/IITI_SOC/gcs_ws/install/drone_interfaces/share/drone_interfaces/environment/pythonpath.dsv
[2.476s] -- Up-to-date: /home/chakrapani/drone_files/IITI_SOC/gcs_ws/install/drone_interfaces/local/lib/python3.10/dist-packages/drone_interfaces-0.0.0-py3.10.egg-info
[2.476s] -- Installing: /home/chakrapani/drone_files/IITI_SOC/gcs_ws/install/drone_interfaces/local/lib/python3.10/dist-packages/drone_interfaces-0.0.0-py3.10.egg-info/top_level.txt
[2.477s] -- Installing: /home/chakrapani/drone_files/IITI_SOC/gcs_ws/install/drone_interfaces/local/lib/python3.10/dist-packages/drone_interfaces-0.0.0-py3.10.egg-info/dependency_links.txt
[2.477s] -- Installing: /home/chakrapani/drone_files/IITI_SOC/gcs_ws/install/drone_interfaces/local/lib/python3.10/dist-packages/drone_interfaces-0.0.0-py3.10.egg-info/PKG-INFO
[2.477s] -- Installing: /home/chakrapani/drone_files/IITI_SOC/gcs_ws/install/drone_interfaces/local/lib/python3.10/dist-packages/drone_interfaces-0.0.0-py3.10.egg-info/SOURCES.txt
[2.477s] -- Up-to-date: /home/chakrapani/drone_files/IITI_SOC/gcs_ws/install/drone_interfaces/local/lib/python3.10/dist-packages/drone_interfaces
[2.478s] -- Up-to-date: /home/chakrapani/drone_files/IITI_SOC/gcs_ws/install/drone_interfaces/local/lib/python3.10/dist-packages/drone_interfaces/_drone_interfaces_s.ep.rosidl_typesupport_c.c
[2.478s] -- Up-to-date: /home/chakrapani/drone_files/IITI_SOC/gcs_ws/install/drone_interfaces/local/lib/python3.10/dist-packages/drone_interfaces/__init__.py
[2.478s] -- Up-to-date: /home/chakrapani/drone_files/IITI_SOC/gcs_ws/install/drone_interfaces/local/lib/python3.10/dist-packages/drone_interfaces/msg
[2.478s] -- Up-to-date: /home/chakrapani/drone_files/IITI_SOC/gcs_ws/install/drone_interfaces/local/lib/python3.10/dist-packages/drone_interfaces/msg/__init__.py
[2.478s] -- Up-to-date: /home/chakrapani/drone_files/IITI_SOC/gcs_ws/install/drone_interfaces/local/lib/python3.10/dist-packages/drone_interfaces/msg/_waypoint_visited.py
[2.478s] -- Up-to-date: /home/chakrapani/drone_files/IITI_SOC/gcs_ws/install/drone_interfaces/local/lib/python3.10/dist-packages/drone_interfaces/msg/_drone_status_s.c
[2.478s] -- Up-to-date: /home/chakrapani/drone_files/IITI_SOC/gcs_ws/install/drone_interfaces/local/lib/python3.10/dist-packages/drone_interfaces/msg/_waypoint.py
[2.479s] -- Up-to-date: /home/chakrapani/drone_files/IITI_SOC/gcs_ws/install/drone_interfaces/local/lib/python3.10/dist-packages/drone_interfaces/msg/_waypoint_array_s.c
[2.479s] -- Up-to-date: /home/chakrapani/drone_files/IITI_SOC/gcs_ws/install/drone_interfaces/local/lib/python3.10/dist-packages/drone_interfaces/msg/_waypoint_request.py
[2.479s] -- Up-to-date: /home/chakrapani/drone_files/IITI_SOC/gcs_ws/install/drone_interfaces/local/lib/python3.10/dist-packages/drone_interfaces/msg/_waypoint_request_s.c
[2.480s] -- Up-to-date: /home/chakrapani/drone_files/IITI_SOC/gcs_ws/install/drone_interfaces/local/lib/python3.10/dist-packages/drone_interfaces/msg/_waypoint_s.c
[2.480s] -- Up-to-date: /home/chakrapani/drone_files/IITI_SOC/gcs_ws/install/drone_interfaces/local/lib/python3.10/dist-packages/drone_interfaces/msg/_drone_type_change_s.c
[2.480s] -- Up-to-date: /home/chakrapani/drone_files/IITI_SOC/gcs_ws/install/drone_interfaces/local/lib/python3.10/dist-packages/drone_interfaces/msg/_waypoint_array.py
[2.480s] -- Up-to-date: /home/chakrapani/drone_files/IITI_SOC/gcs_ws/install/drone_interfaces/local/lib/python3.10/dist-packages/drone_interfaces/msg/_drone_status_update_s.c
[2.480s] -- Up-to-date: /home/chakrapani/drone_files/IITI_SOC/gcs_ws/install/drone_interfaces/local/lib/python3.10/dist-packages/drone_interfaces/msg/_waypoint_visited_s.c
[2.480s] -- Up-to-date: /home/chakrapani/drone_files/IITI_SOC/gcs_ws/install/drone_interfaces/local/lib/python3.10/dist-packages/drone_interfaces/msg/_drone_status.py
[2.480s] -- Up-to-date: /home/chakrapani/drone_files/IITI_SOC/gcs_ws/install/drone_interfaces/local/lib/python3.10/dist-packages/drone_interfaces/msg/_drone_type_change.py
[2.480s] -- Up-to-date: /home/chakrapani/drone_files/IITI_SOC/gcs_ws/install/drone_interfaces/local/lib/python3.10/dist-packages/drone_interfaces/msg/_drone_status_update.py
[2.480s] -- Up-to-date: /home/chakrapani/drone_files/IITI_SOC/gcs_ws/install/drone_interfaces/local/lib/python3.10/dist-packages/drone_interfaces/drone_interfaces_s__rosidl_typesupport_introspection_c.cpython-310-x86_64-linux-gnu.so
[2.480s] -- Up-to-date: /home/chakrapani/drone_files/IITI_SOC/gcs_ws/install/drone_interfaces/local/lib/python3.10/dist-packages/drone_interfaces/drone_interfaces_s__rosidl_typesupport_fastrtps_c.cpython-310-x86_64-linux-gnu.so
[2.480s] -- Up-to-date: /home/chakrapani/drone_files/IITI_SOC/gcs_ws/install/drone_interfaces/local/lib/python3.10/dist-packages/drone_interfaces/_drone_interfaces_s.ep.rosidl_typesupport_introspection_c.c
[2.481s] -- Up-to-date: /home/chakrapani/drone_files/IITI_SOC/gcs_ws/install/drone_interfaces/local/lib/python3.10/dist-packages/drone_interfaces/libdrone_interfaces__rosidl_generator_py.so
[2.483s] -- Up-to-date: /home/chakrapani/drone_files/IITI_SOC/gcs_ws/install/drone_interfaces/local/lib/python3.10/dist-packages/drone_interfaces/_drone_interfaces_s.ep.rosidl_typesupport_fastrtps_c.c
[2.483s] -- Up-to-date: /home/chakrapani/drone_files/IITI_SOC/gcs_ws/install/drone_interfaces/local/lib/python3.10/dist-packages/drone_interfaces/drone_interfaces_s__rosidl_typesupport_c.cpython-310-x86_64-linux-gnu.so
[2.593s] Listing '/home/chakrapani/drone_files/IITI_SOC/gcs_ws/install/drone_interfaces/local/lib/python3.10/dist-packages/drone_interfaces'...
[2.593s] Listing '/home/chakrapani/drone_files/IITI_SOC/gcs_ws/install/drone_interfaces/local/lib/python3.10/dist-packages/drone_interfaces/msg'...
[2.615s] -- Up-to-date: /home/chakrapani/drone_files/IITI_SOC/gcs_ws/install/drone_interfaces/local/lib/python3.10/dist-packages/drone_interfaces/drone_interfaces_s__rosidl_typesupport_fastrtps_c.cpython-310-x86_64-linux-gnu.so
[2.617s] -- Up-to-date: /home/chakrapani/drone_files/IITI_SOC/gcs_ws/install/drone_interfaces/local/lib/python3.10/dist-packages/drone_interfaces/drone_interfaces_s__rosidl_typesupport_introspection_c.cpython-310-x86_64-linux-gnu.so
[2.621s] -- Up-to-date: /home/chakrapani/drone_files/IITI_SOC/gcs_ws/install/drone_interfaces/local/lib/python3.10/dist-packages/drone_interfaces/drone_interfaces_s__rosidl_typesupport_c.cpython-310-x86_64-linux-gnu.so
[2.628s] -- Up-to-date: /home/chakrapani/drone_files/IITI_SOC/gcs_ws/install/drone_interfaces/lib/libdrone_interfaces__rosidl_generator_py.so
[2.629s] -- Up-to-date: /home/chakrapani/drone_files/IITI_SOC/gcs_ws/install/drone_interfaces/share/drone_interfaces/msg/Waypoint.idl
[2.636s] -- Up-to-date: /home/chakrapani/drone_files/IITI_SOC/gcs_ws/install/drone_interfaces/share/drone_interfaces/msg/WaypointArray.idl
[2.636s] -- Up-to-date: /home/chakrapani/drone_files/IITI_SOC/gcs_ws/install/drone_interfaces/share/drone_interfaces/msg/DroneStatus.idl
[2.636s] -- Up-to-date: /home/chakrapani/drone_files/IITI_SOC/gcs_ws/install/drone_interfaces/share/drone_interfaces/msg/WaypointRequest.idl
[2.636s] -- Up-to-date: /home/chakrapani/drone_files/IITI_SOC/gcs_ws/install/drone_interfaces/share/drone_interfaces/msg/WaypointVisited.idl
[2.636s] -- Up-to-date: /home/chakrapani/drone_files/IITI_SOC/gcs_ws/install/drone_interfaces/share/drone_interfaces/msg/DroneStatusUpdate.idl
[2.636s] -- Up-to-date: /home/chakrapani/drone_files/IITI_SOC/gcs_ws/install/drone_interfaces/share/drone_interfaces/msg/DroneTypeChange.idl
[2.636s] -- Up-to-date: /home/chakrapani/drone_files/IITI_SOC/gcs_ws/install/drone_interfaces/share/drone_interfaces/msg/Waypoint.msg
[2.637s] -- Up-to-date: /home/chakrapani/drone_files/IITI_SOC/gcs_ws/install/drone_interfaces/share/drone_interfaces/msg/WaypointArray.msg
[2.637s] -- Up-to-date: /home/chakrapani/drone_files/IITI_SOC/gcs_ws/install/drone_interfaces/share/drone_interfaces/msg/DroneStatus.msg
[2.637s] -- Up-to-date: /home/chakrapani/drone_files/IITI_SOC/gcs_ws/install/drone_interfaces/share/drone_interfaces/msg/WaypointRequest.msg
[2.638s] -- Up-to-date: /home/chakrapani/drone_files/IITI_SOC/gcs_ws/install/drone_interfaces/share/drone_interfaces/msg/WaypointVisited.msg
[2.638s] -- Up-to-date: /home/chakrapani/drone_files/IITI_SOC/gcs_ws/install/drone_interfaces/share/drone_interfaces/msg/DroneStatusUpdate.msg
[2.638s] -- Up-to-date: /home/chakrapani/drone_files/IITI_SOC/gcs_ws/install/drone_interfaces/share/drone_interfaces/msg/DroneTypeChange.msg
[2.638s] -- Up-to-date: /home/chakrapani/drone_files/IITI_SOC/gcs_ws/install/drone_interfaces/share/ament_index/resource_index/package_run_dependencies/drone_interfaces
[2.639s] -- Up-to-date: /home/chakrapani/drone_files/IITI_SOC/gcs_ws/install/drone_interfaces/share/ament_index/resource_index/parent_prefix_path/drone_interfaces
[2.639s] -- Up-to-date: /home/chakrapani/drone_files/IITI_SOC/gcs_ws/install/drone_interfaces/share/drone_interfaces/environment/ament_prefix_path.sh
[2.640s] -- Up-to-date: /home/chakrapani/drone_files/IITI_SOC/gcs_ws/install/drone_interfaces/share/drone_interfaces/environment/ament_prefix_path.dsv
[2.640s] -- Up-to-date: /home/chakrapani/drone_files/IITI_SOC/gcs_ws/install/drone_interfaces/share/drone_interfaces/environment/path.sh
[2.640s] -- Up-to-date: /home/chakrapani/drone_files/IITI_SOC/gcs_ws/install/drone_interfaces/share/drone_interfaces/environment/path.dsv
[2.641s] -- Up-to-date: /home/chakrapani/drone_files/IITI_SOC/gcs_ws/install/drone_interfaces/share/drone_interfaces/local_setup.bash
[2.641s] -- Up-to-date: /home/chakrapani/drone_files/IITI_SOC/gcs_ws/install/drone_interfaces/share/drone_interfaces/local_setup.sh
[2.641s] -- Up-to-date: /home/chakrapani/drone_files/IITI_SOC/gcs_ws/install/drone_interfaces/share/drone_interfaces/local_setup.zsh
[2.641s] -- Up-to-date: /home/chakrapani/drone_files/IITI_SOC/gcs_ws/install/drone_interfaces/share/drone_interfaces/local_setup.dsv
[2.641s] -- Installing: /home/chakrapani/drone_files/IITI_SOC/gcs_ws/install/drone_interfaces/share/drone_interfaces/package.dsv
[2.642s] -- Up-to-date: /home/chakrapani/drone_files/IITI_SOC/gcs_ws/install/drone_interfaces/share/ament_index/resource_index/packages/drone_interfaces
[2.643s] -- Up-to-date: /home/chakrapani/drone_files/IITI_SOC/gcs_ws/install/drone_interfaces/share/drone_interfaces/cmake/export_drone_interfaces__rosidl_generator_cExport.cmake
[2.643s] -- Up-to-date: /home/chakrapani/drone_files/IITI_SOC/gcs_ws/install/drone_interfaces/share/drone_interfaces/cmake/export_drone_interfaces__rosidl_generator_cExport-noconfig.cmake
[2.643s] -- Up-to-date: /home/chakrapani/drone_files/IITI_SOC/gcs_ws/install/drone_interfaces/share/drone_interfaces/cmake/export_drone_interfaces__rosidl_typesupport_fastrtps_cExport.cmake
[2.643s] -- Up-to-date: /home/chakrapani/drone_files/IITI_SOC/gcs_ws/install/drone_interfaces/share/drone_interfaces/cmake/export_drone_interfaces__rosidl_typesupport_fastrtps_cExport-noconfig.cmake
[2.643s] -- Up-to-date: /home/chakrapani/drone_files/IITI_SOC/gcs_ws/install/drone_interfaces/share/drone_interfaces/cmake/drone_interfaces__rosidl_typesupport_introspection_cExport.cmake
[2.643s] -- Up-to-date: /home/chakrapani/drone_files/IITI_SOC/gcs_ws/install/drone_interfaces/share/drone_interfaces/cmake/drone_interfaces__rosidl_typesupport_introspection_cExport-noconfig.cmake
[2.643s] -- Up-to-date: /home/chakrapani/drone_files/IITI_SOC/gcs_ws/install/drone_interfaces/share/drone_interfaces/cmake/drone_interfaces__rosidl_typesupport_cExport.cmake
[2.643s] -- Up-to-date: /home/chakrapani/drone_files/IITI_SOC/gcs_ws/install/drone_interfaces/share/drone_interfaces/cmake/drone_interfaces__rosidl_typesupport_cExport-noconfig.cmake
[2.643s] -- Up-to-date: /home/chakrapani/drone_files/IITI_SOC/gcs_ws/install/drone_interfaces/share/drone_interfaces/cmake/export_drone_interfaces__rosidl_generator_cppExport.cmake
[2.645s] -- Up-to-date: /home/chakrapani/drone_files/IITI_SOC/gcs_ws/install/drone_interfaces/share/drone_interfaces/cmake/export_drone_interfaces__rosidl_typesupport_fastrtps_cppExport.cmake
[2.645s] -- Up-to-date: /home/chakrapani/drone_files/IITI_SOC/gcs_ws/install/drone_interfaces/share/drone_interfaces/cmake/export_drone_interfaces__rosidl_typesupport_fastrtps_cppExport-noconfig.cmake
[2.647s] -- Up-to-date: /home/chakrapani/drone_files/IITI_SOC/gcs_ws/install/drone_interfaces/share/drone_interfaces/cmake/drone_interfaces__rosidl_typesupport_introspection_cppExport.cmake
[2.648s] -- Up-to-date: /home/chakrapani/drone_files/IITI_SOC/gcs_ws/install/drone_interfaces/share/drone_interfaces/cmake/drone_interfaces__rosidl_typesupport_introspection_cppExport-noconfig.cmake
[2.649s] -- Up-to-date: /home/chakrapani/drone_files/IITI_SOC/gcs_ws/install/drone_interfaces/share/drone_interfaces/cmake/drone_interfaces__rosidl_typesupport_cppExport.cmake
[2.649s] -- Up-to-date: /home/chakrapani/drone_files/IITI_SOC/gcs_ws/install/drone_interfaces/share/drone_interfaces/cmake/drone_interfaces__rosidl_typesupport_cppExport-noconfig.cmake
[2.650s] -- Up-to-date: /home/chakrapani/drone_files/IITI_SOC/gcs_ws/install/drone_interfaces/share/drone_interfaces/cmake/export_drone_interfaces__rosidl_generator_pyExport.cmake
[2.651s] -- Up-to-date: /home/chakrapani/drone_files/IITI_SOC/gcs_ws/install/drone_interfaces/share/drone_interfaces/cmake/export_drone_interfaces__rosidl_generator_pyExport-noconfig.cmake
[2.651s] -- Up-to-date: /home/chakrapani/drone_files/IITI_SOC/gcs_ws/install/drone_interfaces/share/drone_interfaces/cmake/rosidl_cmake-extras.cmake
[2.652s] -- Up-to-date: /home/chakrapani/drone_files/IITI_SOC/gcs_ws/install/drone_interfaces/share/drone_interfaces/cmake/ament_cmake_export_include_directories-extras.cmake
[2.653s] -- Up-to-date: /home/chakrapani/drone_files/IITI_SOC/gcs_ws/install/drone_interfaces/share/drone_interfaces/cmake/ament_cmake_export_libraries-extras.cmake
[2.654s] -- Up-to-date: /home/chakrapani/drone_files/IITI_SOC/gcs_ws/install/drone_interfaces/share/drone_interfaces/cmake/ament_cmake_export_targets-extras.cmake
[2.657s] -- Up-to-date: /home/chakrapani/drone_files/IITI_SOC/gcs_ws/install/drone_interfaces/share/drone_interfaces/cmake/rosidl_cmake_export_typesupport_targets-extras.cmake
[2.657s] -- Up-to-date: /home/chakrapani/drone_files/IITI_SOC/gcs_ws/install/drone_interfaces/share/drone_interfaces/cmake/ament_cmake_export_dependencies-extras.cmake
[2.659s] -- Up-to-date: /home/chakrapani/drone_files/IITI_SOC/gcs_ws/install/drone_interfaces/share/drone_interfaces/cmake/rosidl_cmake_export_typesupport_libraries-extras.cmake
[2.659s] -- Up-to-date: /home/chakrapani/drone_files/IITI_SOC/gcs_ws/install/drone_interfaces/share/drone_interfaces/cmake/drone_interfacesConfig.cmake
[2.666s] -- Up-to-date: /home/chakrapani/drone_files/IITI_SOC/gcs_ws/install/drone_interfaces/share/drone_interfaces/cmake/drone_interfacesConfig-version.cmake
[2.669s] -- Up-to-date: /home/chakrapani/drone_files/IITI_SOC/gcs_ws/install/drone_interfaces/share/drone_interfaces/package.xml
[2.680s] Invoked command in '/home/chakrapani/drone_files/IITI_SOC/gcs_ws/build/drone_interfaces' returned '0': CMAKE_PREFIX_PATH=${CMAKE_PREFIX_PATH}:/home/chakrapani/drone_files/IITI_SOC/gcs_ws/install/gcs_controller:/home/chakrapani/drone_files/IITI_SOC/gcs_ws/install/mission_utils:/home/chakrapani/drone_files/IITI_SOC/gcs_ws/install/drone_launch:/home/chakrapani/drone_files/IITI_SOC/gcs_ws/install/drone_2_manager:/home/chakrapani/drone_files/IITI_SOC/gcs_ws/install/drone_1_manager:/home/chakrapani/ros2_px4_offboard_example_ws/install/px4_offboard:/home/chakrapani/octomap_ws/install/px4_odometry_converter:/home/chakrapani/octomap_ws/install/px4_localization:/home/chakrapani/px4_ros_ws/install/px4_offboard:/opt/ros/humble /usr/bin/cmake --install /home/chakrapani/drone_files/IITI_SOC/gcs_ws/build/drone_interfaces
