[0.033s] Invoking command in '/home/bhav/IITISoC-25-IVR09/gcs_ws/build/drone_interfaces': CMAKE_PREFIX_PATH=${CMAKE_PREFIX_PATH}:/home/bhav/IITISoC-25-IVR09/gcs_ws/install/gcs_controller:/home/bhav/IITISoC-25-IVR09/gcs_ws/install/mission_utils:/home/bhav/IITISoC-25-IVR09/gcs_ws/install/drone_launch:/home/bhav/IITISoC-25-IVR09/gcs_ws/install/drone_2_manager:/home/bhav/IITISoC-25-IVR09/gcs_ws/install/drone_1_manager:/opt/ros/humble /usr/bin/cmake /home/bhav/IITISoC-25-IVR09/gcs_ws/src/drone_interfaces -DCMAKE_INSTALL_PREFIX=/home/bhav/IITISoC-25-IVR09/gcs_ws/install/drone_interfaces
[0.228s] -- The C compiler identification is GNU 11.4.0
[0.228s] -- The CXX compiler identification is GNU 11.4.0
[0.228s] -- Detecting C compiler ABI info
[0.228s] -- Detecting C compiler ABI info - done
[0.228s] -- Check for working C compiler: /usr/bin/cc - skipped
[0.228s] -- Detecting C compile features
[0.228s] -- Detecting C compile features - done
[0.228s] -- Detecting CXX compiler ABI info
[0.279s] -- Detecting CXX compiler ABI info - done
[0.286s] -- Check for working CXX compiler: /usr/bin/c++ - skipped
[0.286s] -- Detecting CXX compile features
[0.286s] -- Detecting CXX compile features - done
[0.288s] -- Found ament_cmake: 1.3.11 (/opt/ros/humble/share/ament_cmake/cmake)
[0.425s] -- Found Python3: /usr/bin/python3 (found version "3.10.12") found components: Interpreter 
[0.512s] -- Found rosidl_default_generators: 1.2.0 (/opt/ros/humble/share/rosidl_default_generators/cmake)
[0.514s] -- Using all available rosidl_typesupport_c: rosidl_typesupport_fastrtps_c;rosidl_typesupport_introspection_c
[0.520s] -- Found rosidl_adapter: 3.1.6 (/opt/ros/humble/share/rosidl_adapter/cmake)
[0.551s] -- Using all available rosidl_typesupport_cpp: rosidl_typesupport_fastrtps_cpp;rosidl_typesupport_introspection_cpp
[0.576s] -- Found ament_lint_auto: 0.12.12 (/opt/ros/humble/share/ament_lint_auto/cmake)
[0.848s] -- Found ament_cmake_ros: 0.10.0 (/opt/ros/humble/share/ament_cmake_ros/cmake)
[1.028s] -- Using all available rosidl_typesupport_c: rosidl_typesupport_fastrtps_c;rosidl_typesupport_introspection_c
[1.304s] -- Using all available rosidl_typesupport_cpp: rosidl_typesupport_fastrtps_cpp;rosidl_typesupport_introspection_cpp
[1.338s] -- Found PythonInterp: /usr/bin/python3 (found suitable version "3.10.12", minimum required is "3.6") 
[1.343s] -- Found python_cmake_module: 0.10.0 (/opt/ros/humble/share/python_cmake_module/cmake)
[1.386s] -- Found PythonLibs: /usr/lib/x86_64-linux-gnu/libpython3.10.so (found suitable version "3.10.12", minimum required is "3.5") 
[1.386s] -- Using PYTHON_EXECUTABLE: /usr/bin/python3
[1.386s] -- Using PYTHON_INCLUDE_DIRS: /usr/include/python3.10
[1.386s] -- Using PYTHON_LIBRARIES: /usr/lib/x86_64-linux-gnu/libpython3.10.so
[1.410s] -- Found PythonExtra: .so  
[1.464s] -- Added test 'lint_cmake' to check CMake code style
[1.466s] -- Added test 'xmllint' to check XML markup files
[1.472s] -- Configuring done
[1.516s] -- Generating done
[1.523s] -- Build files have been written to: /home/bhav/IITISoC-25-IVR09/gcs_ws/build/drone_interfaces
[1.529s] Invoked command in '/home/bhav/IITISoC-25-IVR09/gcs_ws/build/drone_interfaces' returned '0': CMAKE_PREFIX_PATH=${CMAKE_PREFIX_PATH}:/home/bhav/IITISoC-25-IVR09/gcs_ws/install/gcs_controller:/home/bhav/IITISoC-25-IVR09/gcs_ws/install/mission_utils:/home/bhav/IITISoC-25-IVR09/gcs_ws/install/drone_launch:/home/bhav/IITISoC-25-IVR09/gcs_ws/install/drone_2_manager:/home/bhav/IITISoC-25-IVR09/gcs_ws/install/drone_1_manager:/opt/ros/humble /usr/bin/cmake /home/bhav/IITISoC-25-IVR09/gcs_ws/src/drone_interfaces -DCMAKE_INSTALL_PREFIX=/home/bhav/IITISoC-25-IVR09/gcs_ws/install/drone_interfaces
[1.532s] Invoking command in '/home/bhav/IITISoC-25-IVR09/gcs_ws/build/drone_interfaces': CMAKE_PREFIX_PATH=${CMAKE_PREFIX_PATH}:/home/bhav/IITISoC-25-IVR09/gcs_ws/install/gcs_controller:/home/bhav/IITISoC-25-IVR09/gcs_ws/install/mission_utils:/home/bhav/IITISoC-25-IVR09/gcs_ws/install/drone_launch:/home/bhav/IITISoC-25-IVR09/gcs_ws/install/drone_2_manager:/home/bhav/IITISoC-25-IVR09/gcs_ws/install/drone_1_manager:/opt/ros/humble /usr/bin/cmake --build /home/bhav/IITISoC-25-IVR09/gcs_ws/build/drone_interfaces -- -j12 -l12
[1.566s] [  1%] [34m[1mGenerating C code for ROS interfaces[0m
[1.577s] [  1%] [34m[1mGenerating C++ code for ROS interfaces[0m
[1.585s] [  1%] Built target ament_cmake_python_copy_drone_interfaces
[1.763s] running egg_info
[1.763s] creating drone_interfaces.egg-info
[1.763s] writing drone_interfaces.egg-info/PKG-INFO
[1.763s] writing dependency_links to drone_interfaces.egg-info/dependency_links.txt
[1.764s] writing top-level names to drone_interfaces.egg-info/top_level.txt
[1.764s] writing manifest file 'drone_interfaces.egg-info/SOURCES.txt'
[1.765s] reading manifest file 'drone_interfaces.egg-info/SOURCES.txt'
[1.765s] writing manifest file 'drone_interfaces.egg-info/SOURCES.txt'
[1.790s] [  1%] Built target ament_cmake_python_build_drone_interfaces_egg
[2.190s] [  1%] Built target drone_interfaces__cpp
[2.198s] [  3%] [34m[1mGenerating C++ type support dispatch for ROS interfaces[0m
[2.198s] [  2%] [34m[1mGenerating C++ introspection for ROS interfaces[0m
[2.198s] [  3%] [34m[1mGenerating C++ type support for eProsima Fast-RTPS[0m
[2.221s] [  5%] [32mBuilding C object CMakeFiles/drone_interfaces__rosidl_generator_c.dir/rosidl_generator_c/drone_interfaces/msg/detail/drone_status_update__functions.c.o[0m
[2.221s] [  5%] [32mBuilding C object CMakeFiles/drone_interfaces__rosidl_generator_c.dir/rosidl_generator_c/drone_interfaces/msg/detail/waypoint_visited__functions.c.o[0m
[2.221s] [  5%] [32mBuilding C object CMakeFiles/drone_interfaces__rosidl_generator_c.dir/rosidl_generator_c/drone_interfaces/msg/detail/waypoint_array__functions.c.o[0m
[2.221s] [  6%] [32mBuilding C object CMakeFiles/drone_interfaces__rosidl_generator_c.dir/rosidl_generator_c/drone_interfaces/msg/detail/waypoint_request__functions.c.o[0m
[2.222s] [  7%] [32mBuilding C object CMakeFiles/drone_interfaces__rosidl_generator_c.dir/rosidl_generator_c/drone_interfaces/msg/detail/waypoint__functions.c.o[0m
[2.223s] [  9%] [32mBuilding C object CMakeFiles/drone_interfaces__rosidl_generator_c.dir/rosidl_generator_c/drone_interfaces/msg/detail/geotag_array__functions.c.o[0m
[2.223s] [  9%] [32mBuilding C object CMakeFiles/drone_interfaces__rosidl_generator_c.dir/rosidl_generator_c/drone_interfaces/msg/detail/drone_status__functions.c.o[0m
[2.223s] [  9%] [32mBuilding C object CMakeFiles/drone_interfaces__rosidl_generator_c.dir/rosidl_generator_c/drone_interfaces/msg/detail/drone_type_change__functions.c.o[0m
[2.229s] [ 10%] [32mBuilding C object CMakeFiles/drone_interfaces__rosidl_generator_c.dir/rosidl_generator_c/drone_interfaces/msg/detail/geotag__functions.c.o[0m
[2.274s] [ 12%] [32mBuilding C object CMakeFiles/drone_interfaces__rosidl_generator_c.dir/rosidl_generator_c/drone_interfaces/msg/detail/geotag_visited__functions.c.o[0m
[2.274s] [ 12%] [32mBuilding C object CMakeFiles/drone_interfaces__rosidl_generator_c.dir/rosidl_generator_c/drone_interfaces/msg/detail/geotag_request__functions.c.o[0m
[2.276s] [ 12%] [32mBuilding C object CMakeFiles/drone_interfaces__rosidl_generator_c.dir/rosidl_generator_c/drone_interfaces/msg/detail/surveillance_status__functions.c.o[0m
[2.281s] [ 13%] [32mBuilding C object CMakeFiles/drone_interfaces__rosidl_generator_c.dir/rosidl_generator_c/drone_interfaces/srv/detail/get_severity_score__functions.c.o[0m
[2.328s] [ 14%] [32m[1mLinking C shared library libdrone_interfaces__rosidl_generator_c.so[0m
[2.370s] [ 14%] Built target drone_interfaces__rosidl_generator_c
[2.379s] [ 15%] [34m[1mGenerating C type support dispatch for ROS interfaces[0m
[2.381s] [ 16%] [34m[1mGenerating C type support for eProsima Fast-RTPS[0m
[2.382s] [ 17%] [34m[1mGenerating C introspection for ROS interfaces[0m
[2.583s] [ 19%] [32mBuilding CXX object CMakeFiles/drone_interfaces__rosidl_typesupport_cpp.dir/rosidl_typesupport_cpp/drone_interfaces/msg/waypoint_array__type_support.cpp.o[0m
[2.583s] [ 19%] [32mBuilding CXX object CMakeFiles/drone_interfaces__rosidl_typesupport_cpp.dir/rosidl_typesupport_cpp/drone_interfaces/msg/waypoint_request__type_support.cpp.o[0m
[2.583s] [ 19%] [32mBuilding CXX object CMakeFiles/drone_interfaces__rosidl_typesupport_cpp.dir/rosidl_typesupport_cpp/drone_interfaces/msg/drone_status__type_support.cpp.o[0m
[2.583s] [ 20%] [32mBuilding CXX object CMakeFiles/drone_interfaces__rosidl_typesupport_cpp.dir/rosidl_typesupport_cpp/drone_interfaces/msg/waypoint_visited__type_support.cpp.o[0m
[2.583s] [ 21%] [32mBuilding CXX object CMakeFiles/drone_interfaces__rosidl_typesupport_cpp.dir/rosidl_typesupport_cpp/drone_interfaces/msg/waypoint__type_support.cpp.o[0m
[2.583s] [ 22%] [32mBuilding CXX object CMakeFiles/drone_interfaces__rosidl_typesupport_cpp.dir/rosidl_typesupport_cpp/drone_interfaces/msg/drone_type_change__type_support.cpp.o[0m
[2.588s] [ 23%] [32mBuilding CXX object CMakeFiles/drone_interfaces__rosidl_typesupport_cpp.dir/rosidl_typesupport_cpp/drone_interfaces/msg/drone_status_update__type_support.cpp.o[0m
[2.908s] [ 23%] [32mBuilding CXX object CMakeFiles/drone_interfaces__rosidl_typesupport_cpp.dir/rosidl_typesupport_cpp/drone_interfaces/msg/geotag__type_support.cpp.o[0m
[2.920s] [ 24%] [32mBuilding CXX object CMakeFiles/drone_interfaces__rosidl_typesupport_cpp.dir/rosidl_typesupport_cpp/drone_interfaces/msg/geotag_array__type_support.cpp.o[0m
[2.935s] [ 25%] [32mBuilding CXX object CMakeFiles/drone_interfaces__rosidl_typesupport_cpp.dir/rosidl_typesupport_cpp/drone_interfaces/msg/geotag_request__type_support.cpp.o[0m
[2.936s] [ 26%] [32mBuilding CXX object CMakeFiles/drone_interfaces__rosidl_typesupport_cpp.dir/rosidl_typesupport_cpp/drone_interfaces/msg/geotag_visited__type_support.cpp.o[0m
[2.936s] [ 27%] [32mBuilding CXX object CMakeFiles/drone_interfaces__rosidl_typesupport_cpp.dir/rosidl_typesupport_cpp/drone_interfaces/msg/surveillance_status__type_support.cpp.o[0m
[2.940s] [ 27%] [32mBuilding CXX object CMakeFiles/drone_interfaces__rosidl_typesupport_cpp.dir/rosidl_typesupport_cpp/drone_interfaces/srv/get_severity_score__type_support.cpp.o[0m
[2.959s] [ 28%] [32mBuilding CXX object CMakeFiles/drone_interfaces__rosidl_typesupport_introspection_cpp.dir/rosidl_typesupport_introspection_cpp/drone_interfaces/msg/detail/waypoint__type_support.cpp.o[0m
[3.012s] [ 29%] [32mBuilding CXX object CMakeFiles/drone_interfaces__rosidl_typesupport_introspection_cpp.dir/rosidl_typesupport_introspection_cpp/drone_interfaces/msg/detail/waypoint_array__type_support.cpp.o[0m
[3.071s] [ 30%] [32mBuilding CXX object CMakeFiles/drone_interfaces__rosidl_typesupport_fastrtps_cpp.dir/rosidl_typesupport_fastrtps_cpp/drone_interfaces/msg/detail/dds_fastrtps/waypoint__type_support.cpp.o[0m
[3.239s] [ 31%] [32mBuilding CXX object CMakeFiles/drone_interfaces__rosidl_typesupport_introspection_cpp.dir/rosidl_typesupport_introspection_cpp/drone_interfaces/msg/detail/drone_status__type_support.cpp.o[0m
[3.266s] [ 32%] [32mBuilding CXX object CMakeFiles/drone_interfaces__rosidl_typesupport_fastrtps_cpp.dir/rosidl_typesupport_fastrtps_cpp/drone_interfaces/msg/detail/dds_fastrtps/waypoint_array__type_support.cpp.o[0m
[3.284s] [ 33%] [32mBuilding CXX object CMakeFiles/drone_interfaces__rosidl_typesupport_introspection_cpp.dir/rosidl_typesupport_introspection_cpp/drone_interfaces/msg/detail/waypoint_request__type_support.cpp.o[0m
[3.299s] [ 33%] [32mBuilding CXX object CMakeFiles/drone_interfaces__rosidl_typesupport_introspection_cpp.dir/rosidl_typesupport_introspection_cpp/drone_interfaces/msg/detail/waypoint_visited__type_support.cpp.o[0m
[3.320s] [ 34%] [32mBuilding CXX object CMakeFiles/drone_interfaces__rosidl_typesupport_fastrtps_cpp.dir/rosidl_typesupport_fastrtps_cpp/drone_interfaces/msg/detail/dds_fastrtps/drone_status__type_support.cpp.o[0m
[3.320s] [ 34%] [32mBuilding CXX object CMakeFiles/drone_interfaces__rosidl_typesupport_c.dir/rosidl_typesupport_c/drone_interfaces/msg/waypoint__type_support.cpp.o[0m
[3.370s] [ 35%] [32mBuilding CXX object CMakeFiles/drone_interfaces__rosidl_typesupport_c.dir/rosidl_typesupport_c/drone_interfaces/msg/waypoint_array__type_support.cpp.o[0m
[3.374s] [ 36%] [32m[1mLinking CXX shared library libdrone_interfaces__rosidl_typesupport_cpp.so[0m
[3.427s] [ 37%] [32mBuilding CXX object CMakeFiles/drone_interfaces__rosidl_typesupport_c.dir/rosidl_typesupport_c/drone_interfaces/msg/drone_status__type_support.cpp.o[0m
[3.446s] [ 37%] Built target drone_interfaces__rosidl_typesupport_cpp
[3.467s] [ 38%] [32mBuilding C object CMakeFiles/drone_interfaces__rosidl_typesupport_introspection_c.dir/rosidl_typesupport_introspection_c/drone_interfaces/msg/detail/waypoint__type_support.c.o[0m
[3.469s] [ 39%] [32mBuilding CXX object CMakeFiles/drone_interfaces__rosidl_typesupport_c.dir/rosidl_typesupport_c/drone_interfaces/msg/waypoint_request__type_support.cpp.o[0m
[3.488s] [ 40%] [32mBuilding CXX object CMakeFiles/drone_interfaces__rosidl_typesupport_introspection_cpp.dir/rosidl_typesupport_introspection_cpp/drone_interfaces/msg/detail/drone_status_update__type_support.cpp.o[0m
[3.516s] [ 42%] [32mBuilding CXX object CMakeFiles/drone_interfaces__rosidl_typesupport_c.dir/rosidl_typesupport_c/drone_interfaces/msg/waypoint_visited__type_support.cpp.o[0m
[3.516s] [ 42%] [32mBuilding C object CMakeFiles/drone_interfaces__rosidl_typesupport_introspection_c.dir/rosidl_typesupport_introspection_c/drone_interfaces/msg/detail/waypoint_array__type_support.c.o[0m
[3.562s] [ 42%] [32mBuilding C object CMakeFiles/drone_interfaces__rosidl_typesupport_introspection_c.dir/rosidl_typesupport_introspection_c/drone_interfaces/msg/detail/drone_status__type_support.c.o[0m
[3.564s] [ 42%] [32mBuilding CXX object CMakeFiles/drone_interfaces__rosidl_typesupport_c.dir/rosidl_typesupport_c/drone_interfaces/msg/drone_status_update__type_support.cpp.o[0m
[3.594s] [ 43%] [32mBuilding CXX object CMakeFiles/drone_interfaces__rosidl_typesupport_fastrtps_c.dir/rosidl_typesupport_fastrtps_c/drone_interfaces/msg/detail/waypoint__type_support_c.cpp.o[0m
[3.605s] [ 44%] [32mBuilding CXX object CMakeFiles/drone_interfaces__rosidl_typesupport_c.dir/rosidl_typesupport_c/drone_interfaces/msg/drone_type_change__type_support.cpp.o[0m
[3.605s] [ 45%] [32mBuilding C object CMakeFiles/drone_interfaces__rosidl_typesupport_introspection_c.dir/rosidl_typesupport_introspection_c/drone_interfaces/msg/detail/waypoint_request__type_support.c.o[0m
[3.613s] [ 46%] [32mBuilding C object CMakeFiles/drone_interfaces__rosidl_typesupport_introspection_c.dir/rosidl_typesupport_introspection_c/drone_interfaces/msg/detail/waypoint_visited__type_support.c.o[0m
[3.616s] [ 47%] [32mBuilding CXX object CMakeFiles/drone_interfaces__rosidl_typesupport_introspection_cpp.dir/rosidl_typesupport_introspection_cpp/drone_interfaces/msg/detail/drone_type_change__type_support.cpp.o[0m
[3.631s] [ 48%] [32mBuilding CXX object CMakeFiles/drone_interfaces__rosidl_typesupport_introspection_cpp.dir/rosidl_typesupport_introspection_cpp/drone_interfaces/msg/detail/geotag__type_support.cpp.o[0m
[3.641s] [ 49%] [32mBuilding CXX object CMakeFiles/drone_interfaces__rosidl_typesupport_c.dir/rosidl_typesupport_c/drone_interfaces/msg/geotag__type_support.cpp.o[0m
[3.658s] [ 50%] [32mBuilding CXX object CMakeFiles/drone_interfaces__rosidl_typesupport_introspection_cpp.dir/rosidl_typesupport_introspection_cpp/drone_interfaces/msg/detail/geotag_array__type_support.cpp.o[0m
[3.673s] [ 51%] [32mBuilding C object CMakeFiles/drone_interfaces__rosidl_typesupport_introspection_c.dir/rosidl_typesupport_introspection_c/drone_interfaces/msg/detail/drone_status_update__type_support.c.o[0m
[3.686s] [ 52%] [32mBuilding CXX object CMakeFiles/drone_interfaces__rosidl_typesupport_c.dir/rosidl_typesupport_c/drone_interfaces/msg/geotag_array__type_support.cpp.o[0m
[3.709s] [ 53%] [32mBuilding C object CMakeFiles/drone_interfaces__rosidl_typesupport_introspection_c.dir/rosidl_typesupport_introspection_c/drone_interfaces/msg/detail/drone_type_change__type_support.c.o[0m
[3.742s] [ 54%] [32mBuilding CXX object CMakeFiles/drone_interfaces__rosidl_typesupport_c.dir/rosidl_typesupport_c/drone_interfaces/msg/geotag_request__type_support.cpp.o[0m
[3.766s] [ 54%] [32mBuilding C object CMakeFiles/drone_interfaces__rosidl_typesupport_introspection_c.dir/rosidl_typesupport_introspection_c/drone_interfaces/msg/detail/geotag__type_support.c.o[0m
[3.786s] [ 54%] [32mBuilding CXX object CMakeFiles/drone_interfaces__rosidl_typesupport_c.dir/rosidl_typesupport_c/drone_interfaces/msg/geotag_visited__type_support.cpp.o[0m
[3.815s] [ 54%] [32mBuilding CXX object CMakeFiles/drone_interfaces__rosidl_typesupport_fastrtps_c.dir/rosidl_typesupport_fastrtps_c/drone_interfaces/msg/detail/waypoint_array__type_support_c.cpp.o[0m
[3.822s] [ 55%] [32mBuilding CXX object CMakeFiles/drone_interfaces__rosidl_typesupport_c.dir/rosidl_typesupport_c/drone_interfaces/msg/surveillance_status__type_support.cpp.o[0m
[3.832s] [ 56%] [32mBuilding C object CMakeFiles/drone_interfaces__rosidl_typesupport_introspection_c.dir/rosidl_typesupport_introspection_c/drone_interfaces/msg/detail/geotag_array__type_support.c.o[0m
[3.833s] [ 56%] [32mBuilding CXX object CMakeFiles/drone_interfaces__rosidl_typesupport_fastrtps_cpp.dir/rosidl_typesupport_fastrtps_cpp/drone_interfaces/msg/detail/dds_fastrtps/waypoint_request__type_support.cpp.o[0m
[3.882s] [ 57%] [32mBuilding CXX object CMakeFiles/drone_interfaces__rosidl_typesupport_c.dir/rosidl_typesupport_c/drone_interfaces/srv/get_severity_score__type_support.cpp.o[0m
[3.882s] [ 58%] [32mBuilding C object CMakeFiles/drone_interfaces__rosidl_typesupport_introspection_c.dir/rosidl_typesupport_introspection_c/drone_interfaces/msg/detail/geotag_request__type_support.c.o[0m
[3.889s] [ 60%] [32mBuilding CXX object CMakeFiles/drone_interfaces__rosidl_typesupport_fastrtps_c.dir/rosidl_typesupport_fastrtps_c/drone_interfaces/msg/detail/drone_status__type_support_c.cpp.o[0m
[3.889s] [ 60%] [32mBuilding C object CMakeFiles/drone_interfaces__rosidl_typesupport_introspection_c.dir/rosidl_typesupport_introspection_c/drone_interfaces/msg/detail/geotag_visited__type_support.c.o[0m
[3.905s] [ 61%] [32mBuilding CXX object CMakeFiles/drone_interfaces__rosidl_typesupport_fastrtps_c.dir/rosidl_typesupport_fastrtps_c/drone_interfaces/msg/detail/waypoint_request__type_support_c.cpp.o[0m
[3.935s] [ 62%] [32m[1mLinking CXX shared library libdrone_interfaces__rosidl_typesupport_c.so[0m
[3.939s] [ 63%] [32mBuilding C object CMakeFiles/drone_interfaces__rosidl_typesupport_introspection_c.dir/rosidl_typesupport_introspection_c/drone_interfaces/msg/detail/surveillance_status__type_support.c.o[0m
[3.951s] [ 64%] [32mBuilding CXX object CMakeFiles/drone_interfaces__rosidl_typesupport_fastrtps_c.dir/rosidl_typesupport_fastrtps_c/drone_interfaces/msg/detail/waypoint_visited__type_support_c.cpp.o[0m
[4.019s] [ 64%] Built target drone_interfaces__rosidl_typesupport_c
[4.023s] [ 64%] [32mBuilding C object CMakeFiles/drone_interfaces__rosidl_typesupport_introspection_c.dir/rosidl_typesupport_introspection_c/drone_interfaces/srv/detail/get_severity_score__type_support.c.o[0m
[4.034s] [ 66%] [32mBuilding CXX object CMakeFiles/drone_interfaces__rosidl_typesupport_fastrtps_cpp.dir/rosidl_typesupport_fastrtps_cpp/drone_interfaces/msg/detail/dds_fastrtps/waypoint_visited__type_support.cpp.o[0m
[4.034s] [ 66%] [32mBuilding CXX object CMakeFiles/drone_interfaces__rosidl_typesupport_fastrtps_c.dir/rosidl_typesupport_fastrtps_c/drone_interfaces/msg/detail/drone_status_update__type_support_c.cpp.o[0m
[4.093s] [ 66%] [32mBuilding CXX object CMakeFiles/drone_interfaces__rosidl_typesupport_fastrtps_c.dir/rosidl_typesupport_fastrtps_c/drone_interfaces/msg/detail/drone_type_change__type_support_c.cpp.o[0m
[4.093s] [ 67%] [32m[1mLinking C shared library libdrone_interfaces__rosidl_typesupport_introspection_c.so[0m
[4.114s] [ 68%] [32mBuilding CXX object CMakeFiles/drone_interfaces__rosidl_typesupport_fastrtps_c.dir/rosidl_typesupport_fastrtps_c/drone_interfaces/msg/detail/geotag__type_support_c.cpp.o[0m
[4.140s] [ 69%] [32mBuilding CXX object CMakeFiles/drone_interfaces__rosidl_typesupport_fastrtps_cpp.dir/rosidl_typesupport_fastrtps_cpp/drone_interfaces/msg/detail/dds_fastrtps/drone_status_update__type_support.cpp.o[0m
[4.149s] [ 69%] Built target drone_interfaces__rosidl_typesupport_introspection_c
[4.161s] [ 70%] [32mBuilding CXX object CMakeFiles/drone_interfaces__rosidl_typesupport_fastrtps_c.dir/rosidl_typesupport_fastrtps_c/drone_interfaces/msg/detail/geotag_array__type_support_c.cpp.o[0m
[4.235s] [ 70%] [32mBuilding CXX object CMakeFiles/drone_interfaces__rosidl_typesupport_introspection_cpp.dir/rosidl_typesupport_introspection_cpp/drone_interfaces/msg/detail/geotag_request__type_support.cpp.o[0m
[4.311s] [ 71%] [32mBuilding CXX object CMakeFiles/drone_interfaces__rosidl_typesupport_fastrtps_cpp.dir/rosidl_typesupport_fastrtps_cpp/drone_interfaces/msg/detail/dds_fastrtps/drone_type_change__type_support.cpp.o[0m
[4.385s] [ 72%] [32mBuilding CXX object CMakeFiles/drone_interfaces__rosidl_typesupport_introspection_cpp.dir/rosidl_typesupport_introspection_cpp/drone_interfaces/msg/detail/geotag_visited__type_support.cpp.o[0m
[4.389s] [ 73%] [32mBuilding CXX object CMakeFiles/drone_interfaces__rosidl_typesupport_fastrtps_cpp.dir/rosidl_typesupport_fastrtps_cpp/drone_interfaces/msg/detail/dds_fastrtps/geotag__type_support.cpp.o[0m
[4.391s] [ 74%] [32mBuilding CXX object CMakeFiles/drone_interfaces__rosidl_typesupport_fastrtps_c.dir/rosidl_typesupport_fastrtps_c/drone_interfaces/msg/detail/geotag_request__type_support_c.cpp.o[0m
[4.465s] [ 75%] [32mBuilding CXX object CMakeFiles/drone_interfaces__rosidl_typesupport_fastrtps_c.dir/rosidl_typesupport_fastrtps_c/drone_interfaces/msg/detail/geotag_visited__type_support_c.cpp.o[0m
[4.516s] [ 75%] [32mBuilding CXX object CMakeFiles/drone_interfaces__rosidl_typesupport_fastrtps_c.dir/rosidl_typesupport_fastrtps_c/drone_interfaces/msg/detail/surveillance_status__type_support_c.cpp.o[0m
[4.562s] [ 75%] [32mBuilding CXX object CMakeFiles/drone_interfaces__rosidl_typesupport_fastrtps_cpp.dir/rosidl_typesupport_fastrtps_cpp/drone_interfaces/msg/detail/dds_fastrtps/geotag_array__type_support.cpp.o[0m
[4.571s] [ 76%] [32mBuilding CXX object CMakeFiles/drone_interfaces__rosidl_typesupport_introspection_cpp.dir/rosidl_typesupport_introspection_cpp/drone_interfaces/msg/detail/surveillance_status__type_support.cpp.o[0m
[4.608s] [ 77%] [32mBuilding CXX object CMakeFiles/drone_interfaces__rosidl_typesupport_fastrtps_cpp.dir/rosidl_typesupport_fastrtps_cpp/drone_interfaces/msg/detail/dds_fastrtps/geotag_request__type_support.cpp.o[0m
[4.613s] [ 78%] [32mBuilding CXX object CMakeFiles/drone_interfaces__rosidl_typesupport_fastrtps_cpp.dir/rosidl_typesupport_fastrtps_cpp/drone_interfaces/msg/detail/dds_fastrtps/geotag_visited__type_support.cpp.o[0m
[4.645s] [ 79%] [32mBuilding CXX object CMakeFiles/drone_interfaces__rosidl_typesupport_introspection_cpp.dir/rosidl_typesupport_introspection_cpp/drone_interfaces/srv/detail/get_severity_score__type_support.cpp.o[0m
[4.816s] [ 80%] [32mBuilding CXX object CMakeFiles/drone_interfaces__rosidl_typesupport_fastrtps_cpp.dir/rosidl_typesupport_fastrtps_cpp/drone_interfaces/msg/detail/dds_fastrtps/surveillance_status__type_support.cpp.o[0m
[4.837s] [ 81%] [32mBuilding CXX object CMakeFiles/drone_interfaces__rosidl_typesupport_fastrtps_cpp.dir/rosidl_typesupport_fastrtps_cpp/drone_interfaces/srv/detail/dds_fastrtps/get_severity_score__type_support.cpp.o[0m
[4.858s] [ 82%] [32mBuilding CXX object CMakeFiles/drone_interfaces__rosidl_typesupport_fastrtps_c.dir/rosidl_typesupport_fastrtps_c/drone_interfaces/srv/detail/get_severity_score__type_support_c.cpp.o[0m
[5.090s] [ 83%] [32m[1mLinking CXX shared library libdrone_interfaces__rosidl_typesupport_introspection_cpp.so[0m
[5.169s] [ 83%] Built target drone_interfaces__rosidl_typesupport_introspection_cpp
[5.192s] [ 84%] [32m[1mLinking CXX shared library libdrone_interfaces__rosidl_typesupport_fastrtps_c.so[0m
[5.263s] [ 84%] [32m[1mLinking CXX shared library libdrone_interfaces__rosidl_typesupport_fastrtps_cpp.so[0m
[5.264s] [ 84%] Built target drone_interfaces__rosidl_typesupport_fastrtps_c
[5.333s] [ 84%] Built target drone_interfaces__rosidl_typesupport_fastrtps_cpp
[5.362s] [ 84%] Built target drone_interfaces
[5.402s] [ 85%] [34m[1mGenerating Python code for ROS interfaces[0m
[6.273s] [ 85%] Built target drone_interfaces__py
[6.304s] [ 86%] [32mBuilding C object CMakeFiles/drone_interfaces__rosidl_generator_py.dir/rosidl_generator_py/drone_interfaces/msg/_waypoint_visited_s.c.o[0m
[6.307s] [ 86%] [32mBuilding C object CMakeFiles/drone_interfaces__rosidl_generator_py.dir/rosidl_generator_py/drone_interfaces/msg/_drone_type_change_s.c.o[0m
[6.307s] [ 87%] [32mBuilding C object CMakeFiles/drone_interfaces__rosidl_generator_py.dir/rosidl_generator_py/drone_interfaces/msg/_waypoint_s.c.o[0m
[6.307s] [ 87%] [32mBuilding C object CMakeFiles/drone_interfaces__rosidl_generator_py.dir/rosidl_generator_py/drone_interfaces/msg/_waypoint_array_s.c.o[0m
[6.308s] [ 88%] [32mBuilding C object CMakeFiles/drone_interfaces__rosidl_generator_py.dir/rosidl_generator_py/drone_interfaces/msg/_geotag_array_s.c.o[0m
[6.308s] [ 91%] [32mBuilding C object CMakeFiles/drone_interfaces__rosidl_generator_py.dir/rosidl_generator_py/drone_interfaces/msg/_geotag_request_s.c.o[0m
[6.308s] [ 89%] [32mBuilding C object CMakeFiles/drone_interfaces__rosidl_generator_py.dir/rosidl_generator_py/drone_interfaces/msg/_waypoint_request_s.c.o[0m
[6.308s] [ 91%] [32mBuilding C object CMakeFiles/drone_interfaces__rosidl_generator_py.dir/rosidl_generator_py/drone_interfaces/msg/_geotag_visited_s.c.o[0m
[6.309s] [ 91%] [32mBuilding C object CMakeFiles/drone_interfaces__rosidl_generator_py.dir/rosidl_generator_py/drone_interfaces/msg/_surveillance_status_s.c.o[0m
[6.311s] [ 92%] [32mBuilding C object CMakeFiles/drone_interfaces__rosidl_generator_py.dir/rosidl_generator_py/drone_interfaces/msg/_drone_status_s.c.o[0m
[6.312s] [ 93%] [32mBuilding C object CMakeFiles/drone_interfaces__rosidl_generator_py.dir/rosidl_generator_py/drone_interfaces/msg/_geotag_s.c.o[0m
[6.314s] [ 94%] [32mBuilding C object CMakeFiles/drone_interfaces__rosidl_generator_py.dir/rosidl_generator_py/drone_interfaces/msg/_drone_status_update_s.c.o[0m
[6.438s] [ 95%] [32mBuilding C object CMakeFiles/drone_interfaces__rosidl_generator_py.dir/rosidl_generator_py/drone_interfaces/srv/_get_severity_score_s.c.o[0m
[6.508s] [ 96%] [32m[1mLinking C shared library rosidl_generator_py/drone_interfaces/libdrone_interfaces__rosidl_generator_py.so[0m
[6.552s] [ 96%] Built target drone_interfaces__rosidl_generator_py
[6.581s] [ 97%] [32mBuilding C object CMakeFiles/drone_interfaces__rosidl_typesupport_fastrtps_c__pyext.dir/rosidl_generator_py/drone_interfaces/_drone_interfaces_s.ep.rosidl_typesupport_fastrtps_c.c.o[0m
[6.581s] [ 98%] [32mBuilding C object CMakeFiles/drone_interfaces__rosidl_typesupport_introspection_c__pyext.dir/rosidl_generator_py/drone_interfaces/_drone_interfaces_s.ep.rosidl_typesupport_introspection_c.c.o[0m
[6.583s] [ 99%] [32mBuilding C object CMakeFiles/drone_interfaces__rosidl_typesupport_c__pyext.dir/rosidl_generator_py/drone_interfaces/_drone_interfaces_s.ep.rosidl_typesupport_c.c.o[0m
[6.681s] [ 99%] [32m[1mLinking C shared library rosidl_generator_py/drone_interfaces/drone_interfaces_s__rosidl_typesupport_c.cpython-310-x86_64-linux-gnu.so[0m
[6.681s] [100%] [32m[1mLinking C shared library rosidl_generator_py/drone_interfaces/drone_interfaces_s__rosidl_typesupport_introspection_c.cpython-310-x86_64-linux-gnu.so[0m
[6.684s] [100%] [32m[1mLinking C shared library rosidl_generator_py/drone_interfaces/drone_interfaces_s__rosidl_typesupport_fastrtps_c.cpython-310-x86_64-linux-gnu.so[0m
[6.710s] [100%] Built target drone_interfaces__rosidl_typesupport_c__pyext
[6.712s] [100%] Built target drone_interfaces__rosidl_typesupport_introspection_c__pyext
[6.714s] [100%] Built target drone_interfaces__rosidl_typesupport_fastrtps_c__pyext
[6.724s] Invoked command in '/home/bhav/IITISoC-25-IVR09/gcs_ws/build/drone_interfaces' returned '0': CMAKE_PREFIX_PATH=${CMAKE_PREFIX_PATH}:/home/bhav/IITISoC-25-IVR09/gcs_ws/install/gcs_controller:/home/bhav/IITISoC-25-IVR09/gcs_ws/install/mission_utils:/home/bhav/IITISoC-25-IVR09/gcs_ws/install/drone_launch:/home/bhav/IITISoC-25-IVR09/gcs_ws/install/drone_2_manager:/home/bhav/IITISoC-25-IVR09/gcs_ws/install/drone_1_manager:/opt/ros/humble /usr/bin/cmake --build /home/bhav/IITISoC-25-IVR09/gcs_ws/build/drone_interfaces -- -j12 -l12
[6.733s] Invoking command in '/home/bhav/IITISoC-25-IVR09/gcs_ws/build/drone_interfaces': CMAKE_PREFIX_PATH=${CMAKE_PREFIX_PATH}:/home/bhav/IITISoC-25-IVR09/gcs_ws/install/gcs_controller:/home/bhav/IITISoC-25-IVR09/gcs_ws/install/mission_utils:/home/bhav/IITISoC-25-IVR09/gcs_ws/install/drone_launch:/home/bhav/IITISoC-25-IVR09/gcs_ws/install/drone_2_manager:/home/bhav/IITISoC-25-IVR09/gcs_ws/install/drone_1_manager:/opt/ros/humble /usr/bin/cmake --install /home/bhav/IITISoC-25-IVR09/gcs_ws/build/drone_interfaces
[6.741s] -- Install configuration: ""
[6.742s] -- Installing: /home/bhav/IITISoC-25-IVR09/gcs_ws/install/drone_interfaces/share/ament_index/resource_index/rosidl_interfaces/drone_interfaces
[6.742s] -- Installing: /home/bhav/IITISoC-25-IVR09/gcs_ws/install/drone_interfaces/include/drone_interfaces/drone_interfaces
[6.742s] -- Installing: /home/bhav/IITISoC-25-IVR09/gcs_ws/install/drone_interfaces/include/drone_interfaces/drone_interfaces/srv
[6.742s] -- Installing: /home/bhav/IITISoC-25-IVR09/gcs_ws/install/drone_interfaces/include/drone_interfaces/drone_interfaces/srv/get_severity_score.h
[6.742s] -- Installing: /home/bhav/IITISoC-25-IVR09/gcs_ws/install/drone_interfaces/include/drone_interfaces/drone_interfaces/srv/detail
[6.742s] -- Installing: /home/bhav/IITISoC-25-IVR09/gcs_ws/install/drone_interfaces/include/drone_interfaces/drone_interfaces/srv/detail/get_severity_score__type_support.h
[6.742s] -- Installing: /home/bhav/IITISoC-25-IVR09/gcs_ws/install/drone_interfaces/include/drone_interfaces/drone_interfaces/srv/detail/get_severity_score__struct.h
[6.742s] -- Installing: /home/bhav/IITISoC-25-IVR09/gcs_ws/install/drone_interfaces/include/drone_interfaces/drone_interfaces/srv/detail/get_severity_score__functions.c
[6.742s] -- Installing: /home/bhav/IITISoC-25-IVR09/gcs_ws/install/drone_interfaces/include/drone_interfaces/drone_interfaces/srv/detail/get_severity_score__functions.h
[6.742s] -- Installing: /home/bhav/IITISoC-25-IVR09/gcs_ws/install/drone_interfaces/include/drone_interfaces/drone_interfaces/msg
[6.743s] -- Installing: /home/bhav/IITISoC-25-IVR09/gcs_ws/install/drone_interfaces/include/drone_interfaces/drone_interfaces/msg/waypoint_request.h
[6.743s] -- Installing: /home/bhav/IITISoC-25-IVR09/gcs_ws/install/drone_interfaces/include/drone_interfaces/drone_interfaces/msg/surveillance_status.h
[6.743s] -- Installing: /home/bhav/IITISoC-25-IVR09/gcs_ws/install/drone_interfaces/include/drone_interfaces/drone_interfaces/msg/geotag_array.h
[6.743s] -- Installing: /home/bhav/IITISoC-25-IVR09/gcs_ws/install/drone_interfaces/include/drone_interfaces/drone_interfaces/msg/geotag.h
[6.743s] -- Installing: /home/bhav/IITISoC-25-IVR09/gcs_ws/install/drone_interfaces/include/drone_interfaces/drone_interfaces/msg/rosidl_generator_c__visibility_control.h
[6.743s] -- Installing: /home/bhav/IITISoC-25-IVR09/gcs_ws/install/drone_interfaces/include/drone_interfaces/drone_interfaces/msg/drone_status.h
[6.743s] -- Installing: /home/bhav/IITISoC-25-IVR09/gcs_ws/install/drone_interfaces/include/drone_interfaces/drone_interfaces/msg/geotag_visited.h
[6.743s] -- Installing: /home/bhav/IITISoC-25-IVR09/gcs_ws/install/drone_interfaces/include/drone_interfaces/drone_interfaces/msg/drone_status_update.h
[6.743s] -- Installing: /home/bhav/IITISoC-25-IVR09/gcs_ws/install/drone_interfaces/include/drone_interfaces/drone_interfaces/msg/detail
[6.743s] -- Installing: /home/bhav/IITISoC-25-IVR09/gcs_ws/install/drone_interfaces/include/drone_interfaces/drone_interfaces/msg/detail/geotag__type_support.h
[6.743s] -- Installing: /home/bhav/IITISoC-25-IVR09/gcs_ws/install/drone_interfaces/include/drone_interfaces/drone_interfaces/msg/detail/drone_type_change__type_support.h
[6.744s] -- Installing: /home/bhav/IITISoC-25-IVR09/gcs_ws/install/drone_interfaces/include/drone_interfaces/drone_interfaces/msg/detail/drone_status_update__functions.c
[6.744s] -- Installing: /home/bhav/IITISoC-25-IVR09/gcs_ws/install/drone_interfaces/include/drone_interfaces/drone_interfaces/msg/detail/geotag_array__functions.h
[6.744s] -- Installing: /home/bhav/IITISoC-25-IVR09/gcs_ws/install/drone_interfaces/include/drone_interfaces/drone_interfaces/msg/detail/drone_status__functions.h
[6.744s] -- Installing: /home/bhav/IITISoC-25-IVR09/gcs_ws/install/drone_interfaces/include/drone_interfaces/drone_interfaces/msg/detail/waypoint_visited__struct.h
[6.744s] -- Installing: /home/bhav/IITISoC-25-IVR09/gcs_ws/install/drone_interfaces/include/drone_interfaces/drone_interfaces/msg/detail/geotag_request__functions.c
[6.744s] -- Installing: /home/bhav/IITISoC-25-IVR09/gcs_ws/install/drone_interfaces/include/drone_interfaces/drone_interfaces/msg/detail/waypoint_visited__type_support.h
[6.744s] -- Installing: /home/bhav/IITISoC-25-IVR09/gcs_ws/install/drone_interfaces/include/drone_interfaces/drone_interfaces/msg/detail/waypoint_request__functions.h
[6.744s] -- Installing: /home/bhav/IITISoC-25-IVR09/gcs_ws/install/drone_interfaces/include/drone_interfaces/drone_interfaces/msg/detail/drone_status_update__struct.h
[6.744s] -- Installing: /home/bhav/IITISoC-25-IVR09/gcs_ws/install/drone_interfaces/include/drone_interfaces/drone_interfaces/msg/detail/waypoint_request__struct.h
[6.744s] -- Installing: /home/bhav/IITISoC-25-IVR09/gcs_ws/install/drone_interfaces/include/drone_interfaces/drone_interfaces/msg/detail/surveillance_status__functions.h
[6.744s] -- Installing: /home/bhav/IITISoC-25-IVR09/gcs_ws/install/drone_interfaces/include/drone_interfaces/drone_interfaces/msg/detail/waypoint__functions.h
[6.744s] -- Installing: /home/bhav/IITISoC-25-IVR09/gcs_ws/install/drone_interfaces/include/drone_interfaces/drone_interfaces/msg/detail/geotag_request__functions.h
[6.744s] -- Installing: /home/bhav/IITISoC-25-IVR09/gcs_ws/install/drone_interfaces/include/drone_interfaces/drone_interfaces/msg/detail/geotag_request__struct.h
[6.744s] -- Installing: /home/bhav/IITISoC-25-IVR09/gcs_ws/install/drone_interfaces/include/drone_interfaces/drone_interfaces/msg/detail/drone_status__struct.h
[6.745s] -- Installing: /home/bhav/IITISoC-25-IVR09/gcs_ws/install/drone_interfaces/include/drone_interfaces/drone_interfaces/msg/detail/surveillance_status__functions.c
[6.745s] -- Installing: /home/bhav/IITISoC-25-IVR09/gcs_ws/install/drone_interfaces/include/drone_interfaces/drone_interfaces/msg/detail/waypoint__type_support.h
[6.745s] -- Installing: /home/bhav/IITISoC-25-IVR09/gcs_ws/install/drone_interfaces/include/drone_interfaces/drone_interfaces/msg/detail/drone_type_change__functions.c
[6.745s] -- Installing: /home/bhav/IITISoC-25-IVR09/gcs_ws/install/drone_interfaces/include/drone_interfaces/drone_interfaces/msg/detail/geotag_visited__struct.h
[6.745s] -- Installing: /home/bhav/IITISoC-25-IVR09/gcs_ws/install/drone_interfaces/include/drone_interfaces/drone_interfaces/msg/detail/waypoint_array__functions.c
[6.745s] -- Installing: /home/bhav/IITISoC-25-IVR09/gcs_ws/install/drone_interfaces/include/drone_interfaces/drone_interfaces/msg/detail/geotag_array__struct.h
[6.745s] -- Installing: /home/bhav/IITISoC-25-IVR09/gcs_ws/install/drone_interfaces/include/drone_interfaces/drone_interfaces/msg/detail/waypoint_array__functions.h
[6.746s] -- Installing: /home/bhav/IITISoC-25-IVR09/gcs_ws/install/drone_interfaces/include/drone_interfaces/drone_interfaces/msg/detail/geotag_visited__functions.h
[6.746s] -- Installing: /home/bhav/IITISoC-25-IVR09/gcs_ws/install/drone_interfaces/include/drone_interfaces/drone_interfaces/msg/detail/waypoint_visited__functions.c
[6.746s] -- Installing: /home/bhav/IITISoC-25-IVR09/gcs_ws/install/drone_interfaces/include/drone_interfaces/drone_interfaces/msg/detail/waypoint_visited__functions.h
[6.746s] -- Installing: /home/bhav/IITISoC-25-IVR09/gcs_ws/install/drone_interfaces/include/drone_interfaces/drone_interfaces/msg/detail/geotag__functions.h
[6.746s] -- Installing: /home/bhav/IITISoC-25-IVR09/gcs_ws/install/drone_interfaces/include/drone_interfaces/drone_interfaces/msg/detail/drone_type_change__struct.h
[6.746s] -- Installing: /home/bhav/IITISoC-25-IVR09/gcs_ws/install/drone_interfaces/include/drone_interfaces/drone_interfaces/msg/detail/waypoint_array__struct.h
[6.746s] -- Installing: /home/bhav/IITISoC-25-IVR09/gcs_ws/install/drone_interfaces/include/drone_interfaces/drone_interfaces/msg/detail/waypoint__functions.c
[6.747s] -- Installing: /home/bhav/IITISoC-25-IVR09/gcs_ws/install/drone_interfaces/include/drone_interfaces/drone_interfaces/msg/detail/geotag_array__type_support.h
[6.747s] -- Installing: /home/bhav/IITISoC-25-IVR09/gcs_ws/install/drone_interfaces/include/drone_interfaces/drone_interfaces/msg/detail/waypoint_array__type_support.h
[6.747s] -- Installing: /home/bhav/IITISoC-25-IVR09/gcs_ws/install/drone_interfaces/include/drone_interfaces/drone_interfaces/msg/detail/drone_type_change__functions.h
[6.747s] -- Installing: /home/bhav/IITISoC-25-IVR09/gcs_ws/install/drone_interfaces/include/drone_interfaces/drone_interfaces/msg/detail/waypoint_request__type_support.h
[6.747s] -- Installing: /home/bhav/IITISoC-25-IVR09/gcs_ws/install/drone_interfaces/include/drone_interfaces/drone_interfaces/msg/detail/geotag__struct.h
[6.747s] -- Installing: /home/bhav/IITISoC-25-IVR09/gcs_ws/install/drone_interfaces/include/drone_interfaces/drone_interfaces/msg/detail/geotag_visited__functions.c
[6.748s] -- Installing: /home/bhav/IITISoC-25-IVR09/gcs_ws/install/drone_interfaces/include/drone_interfaces/drone_interfaces/msg/detail/geotag_visited__type_support.h
[6.748s] -- Installing: /home/bhav/IITISoC-25-IVR09/gcs_ws/install/drone_interfaces/include/drone_interfaces/drone_interfaces/msg/detail/surveillance_status__type_support.h
[6.748s] -- Installing: /home/bhav/IITISoC-25-IVR09/gcs_ws/install/drone_interfaces/include/drone_interfaces/drone_interfaces/msg/detail/drone_status_update__functions.h
[6.748s] -- Installing: /home/bhav/IITISoC-25-IVR09/gcs_ws/install/drone_interfaces/include/drone_interfaces/drone_interfaces/msg/detail/drone_status__functions.c
[6.748s] -- Installing: /home/bhav/IITISoC-25-IVR09/gcs_ws/install/drone_interfaces/include/drone_interfaces/drone_interfaces/msg/detail/geotag_request__type_support.h
[6.748s] -- Installing: /home/bhav/IITISoC-25-IVR09/gcs_ws/install/drone_interfaces/include/drone_interfaces/drone_interfaces/msg/detail/waypoint__struct.h
[6.749s] -- Installing: /home/bhav/IITISoC-25-IVR09/gcs_ws/install/drone_interfaces/include/drone_interfaces/drone_interfaces/msg/detail/geotag__functions.c
[6.749s] -- Installing: /home/bhav/IITISoC-25-IVR09/gcs_ws/install/drone_interfaces/include/drone_interfaces/drone_interfaces/msg/detail/geotag_array__functions.c
[6.749s] -- Installing: /home/bhav/IITISoC-25-IVR09/gcs_ws/install/drone_interfaces/include/drone_interfaces/drone_interfaces/msg/detail/drone_status__type_support.h
[6.749s] -- Installing: /home/bhav/IITISoC-25-IVR09/gcs_ws/install/drone_interfaces/include/drone_interfaces/drone_interfaces/msg/detail/waypoint_request__functions.c
[6.750s] -- Installing: /home/bhav/IITISoC-25-IVR09/gcs_ws/install/drone_interfaces/include/drone_interfaces/drone_interfaces/msg/detail/drone_status_update__type_support.h
[6.750s] -- Installing: /home/bhav/IITISoC-25-IVR09/gcs_ws/install/drone_interfaces/include/drone_interfaces/drone_interfaces/msg/detail/surveillance_status__struct.h
[6.750s] -- Installing: /home/bhav/IITISoC-25-IVR09/gcs_ws/install/drone_interfaces/include/drone_interfaces/drone_interfaces/msg/waypoint_array.h
[6.750s] -- Installing: /home/bhav/IITISoC-25-IVR09/gcs_ws/install/drone_interfaces/include/drone_interfaces/drone_interfaces/msg/drone_type_change.h
[6.750s] -- Installing: /home/bhav/IITISoC-25-IVR09/gcs_ws/install/drone_interfaces/include/drone_interfaces/drone_interfaces/msg/waypoint.h
[6.751s] -- Installing: /home/bhav/IITISoC-25-IVR09/gcs_ws/install/drone_interfaces/include/drone_interfaces/drone_interfaces/msg/waypoint_visited.h
[6.751s] -- Installing: /home/bhav/IITISoC-25-IVR09/gcs_ws/install/drone_interfaces/include/drone_interfaces/drone_interfaces/msg/geotag_request.h
[6.751s] -- Installing: /home/bhav/IITISoC-25-IVR09/gcs_ws/install/drone_interfaces/share/drone_interfaces/environment/library_path.sh
[6.751s] -- Installing: /home/bhav/IITISoC-25-IVR09/gcs_ws/install/drone_interfaces/share/drone_interfaces/environment/library_path.dsv
[6.752s] -- Installing: /home/bhav/IITISoC-25-IVR09/gcs_ws/install/drone_interfaces/lib/libdrone_interfaces__rosidl_generator_c.so
[6.752s] -- Set runtime path of "/home/bhav/IITISoC-25-IVR09/gcs_ws/install/drone_interfaces/lib/libdrone_interfaces__rosidl_generator_c.so" to ""
[6.752s] -- Up-to-date: /home/bhav/IITISoC-25-IVR09/gcs_ws/install/drone_interfaces/include/drone_interfaces/drone_interfaces
[6.753s] -- Up-to-date: /home/bhav/IITISoC-25-IVR09/gcs_ws/install/drone_interfaces/include/drone_interfaces/drone_interfaces/srv
[6.753s] -- Up-to-date: /home/bhav/IITISoC-25-IVR09/gcs_ws/install/drone_interfaces/include/drone_interfaces/drone_interfaces/srv/detail
[6.753s] -- Installing: /home/bhav/IITISoC-25-IVR09/gcs_ws/install/drone_interfaces/include/drone_interfaces/drone_interfaces/srv/detail/get_severity_score__rosidl_typesupport_fastrtps_c.h
[6.753s] -- Up-to-date: /home/bhav/IITISoC-25-IVR09/gcs_ws/install/drone_interfaces/include/drone_interfaces/drone_interfaces/msg
[6.753s] -- Installing: /home/bhav/IITISoC-25-IVR09/gcs_ws/install/drone_interfaces/include/drone_interfaces/drone_interfaces/msg/rosidl_typesupport_fastrtps_c__visibility_control.h
[6.753s] -- Up-to-date: /home/bhav/IITISoC-25-IVR09/gcs_ws/install/drone_interfaces/include/drone_interfaces/drone_interfaces/msg/detail
[6.753s] -- Installing: /home/bhav/IITISoC-25-IVR09/gcs_ws/install/drone_interfaces/include/drone_interfaces/drone_interfaces/msg/detail/drone_status__rosidl_typesupport_fastrtps_c.h
[6.753s] -- Installing: /home/bhav/IITISoC-25-IVR09/gcs_ws/install/drone_interfaces/include/drone_interfaces/drone_interfaces/msg/detail/surveillance_status__rosidl_typesupport_fastrtps_c.h
[6.753s] -- Installing: /home/bhav/IITISoC-25-IVR09/gcs_ws/install/drone_interfaces/include/drone_interfaces/drone_interfaces/msg/detail/drone_status_update__rosidl_typesupport_fastrtps_c.h
[6.753s] -- Installing: /home/bhav/IITISoC-25-IVR09/gcs_ws/install/drone_interfaces/include/drone_interfaces/drone_interfaces/msg/detail/geotag_array__rosidl_typesupport_fastrtps_c.h
[6.753s] -- Installing: /home/bhav/IITISoC-25-IVR09/gcs_ws/install/drone_interfaces/include/drone_interfaces/drone_interfaces/msg/detail/waypoint_array__rosidl_typesupport_fastrtps_c.h
[6.753s] -- Installing: /home/bhav/IITISoC-25-IVR09/gcs_ws/install/drone_interfaces/include/drone_interfaces/drone_interfaces/msg/detail/geotag__rosidl_typesupport_fastrtps_c.h
[6.753s] -- Installing: /home/bhav/IITISoC-25-IVR09/gcs_ws/install/drone_interfaces/include/drone_interfaces/drone_interfaces/msg/detail/drone_type_change__rosidl_typesupport_fastrtps_c.h
[6.753s] -- Installing: /home/bhav/IITISoC-25-IVR09/gcs_ws/install/drone_interfaces/include/drone_interfaces/drone_interfaces/msg/detail/waypoint_visited__rosidl_typesupport_fastrtps_c.h
[6.754s] -- Installing: /home/bhav/IITISoC-25-IVR09/gcs_ws/install/drone_interfaces/include/drone_interfaces/drone_interfaces/msg/detail/geotag_visited__rosidl_typesupport_fastrtps_c.h
[6.754s] -- Installing: /home/bhav/IITISoC-25-IVR09/gcs_ws/install/drone_interfaces/include/drone_interfaces/drone_interfaces/msg/detail/geotag_request__rosidl_typesupport_fastrtps_c.h
[6.754s] -- Installing: /home/bhav/IITISoC-25-IVR09/gcs_ws/install/drone_interfaces/include/drone_interfaces/drone_interfaces/msg/detail/waypoint_request__rosidl_typesupport_fastrtps_c.h
[6.754s] -- Installing: /home/bhav/IITISoC-25-IVR09/gcs_ws/install/drone_interfaces/include/drone_interfaces/drone_interfaces/msg/detail/waypoint__rosidl_typesupport_fastrtps_c.h
[6.754s] -- Installing: /home/bhav/IITISoC-25-IVR09/gcs_ws/install/drone_interfaces/lib/libdrone_interfaces__rosidl_typesupport_fastrtps_c.so
[6.755s] -- Set runtime path of "/home/bhav/IITISoC-25-IVR09/gcs_ws/install/drone_interfaces/lib/libdrone_interfaces__rosidl_typesupport_fastrtps_c.so" to ""
[6.755s] -- Up-to-date: /home/bhav/IITISoC-25-IVR09/gcs_ws/install/drone_interfaces/include/drone_interfaces/drone_interfaces
[6.755s] -- Up-to-date: /home/bhav/IITISoC-25-IVR09/gcs_ws/install/drone_interfaces/include/drone_interfaces/drone_interfaces/srv
[6.755s] -- Up-to-date: /home/bhav/IITISoC-25-IVR09/gcs_ws/install/drone_interfaces/include/drone_interfaces/drone_interfaces/srv/detail
[6.755s] -- Installing: /home/bhav/IITISoC-25-IVR09/gcs_ws/install/drone_interfaces/include/drone_interfaces/drone_interfaces/srv/detail/get_severity_score__type_support.c
[6.755s] -- Installing: /home/bhav/IITISoC-25-IVR09/gcs_ws/install/drone_interfaces/include/drone_interfaces/drone_interfaces/srv/detail/get_severity_score__rosidl_typesupport_introspection_c.h
[6.755s] -- Up-to-date: /home/bhav/IITISoC-25-IVR09/gcs_ws/install/drone_interfaces/include/drone_interfaces/drone_interfaces/msg
[6.755s] -- Installing: /home/bhav/IITISoC-25-IVR09/gcs_ws/install/drone_interfaces/include/drone_interfaces/drone_interfaces/msg/rosidl_typesupport_introspection_c__visibility_control.h
[6.755s] -- Up-to-date: /home/bhav/IITISoC-25-IVR09/gcs_ws/install/drone_interfaces/include/drone_interfaces/drone_interfaces/msg/detail
[6.756s] -- Installing: /home/bhav/IITISoC-25-IVR09/gcs_ws/install/drone_interfaces/include/drone_interfaces/drone_interfaces/msg/detail/geotag__rosidl_typesupport_introspection_c.h
[6.756s] -- Installing: /home/bhav/IITISoC-25-IVR09/gcs_ws/install/drone_interfaces/include/drone_interfaces/drone_interfaces/msg/detail/waypoint_visited__rosidl_typesupport_introspection_c.h
[6.756s] -- Installing: /home/bhav/IITISoC-25-IVR09/gcs_ws/install/drone_interfaces/include/drone_interfaces/drone_interfaces/msg/detail/geotag_visited__type_support.c
[6.756s] -- Installing: /home/bhav/IITISoC-25-IVR09/gcs_ws/install/drone_interfaces/include/drone_interfaces/drone_interfaces/msg/detail/drone_type_change__type_support.c
[6.756s] -- Installing: /home/bhav/IITISoC-25-IVR09/gcs_ws/install/drone_interfaces/include/drone_interfaces/drone_interfaces/msg/detail/waypoint__rosidl_typesupport_introspection_c.h
[6.756s] -- Installing: /home/bhav/IITISoC-25-IVR09/gcs_ws/install/drone_interfaces/include/drone_interfaces/drone_interfaces/msg/detail/drone_status_update__rosidl_typesupport_introspection_c.h
[6.756s] -- Installing: /home/bhav/IITISoC-25-IVR09/gcs_ws/install/drone_interfaces/include/drone_interfaces/drone_interfaces/msg/detail/geotag_request__rosidl_typesupport_introspection_c.h
[6.756s] -- Installing: /home/bhav/IITISoC-25-IVR09/gcs_ws/install/drone_interfaces/include/drone_interfaces/drone_interfaces/msg/detail/drone_status__rosidl_typesupport_introspection_c.h
[6.756s] -- Installing: /home/bhav/IITISoC-25-IVR09/gcs_ws/install/drone_interfaces/include/drone_interfaces/drone_interfaces/msg/detail/waypoint_request__rosidl_typesupport_introspection_c.h
[6.756s] -- Installing: /home/bhav/IITISoC-25-IVR09/gcs_ws/install/drone_interfaces/include/drone_interfaces/drone_interfaces/msg/detail/waypoint__type_support.c
[6.756s] -- Installing: /home/bhav/IITISoC-25-IVR09/gcs_ws/install/drone_interfaces/include/drone_interfaces/drone_interfaces/msg/detail/drone_status__type_support.c
[6.757s] -- Installing: /home/bhav/IITISoC-25-IVR09/gcs_ws/install/drone_interfaces/include/drone_interfaces/drone_interfaces/msg/detail/geotag_array__type_support.c
[6.757s] -- Installing: /home/bhav/IITISoC-25-IVR09/gcs_ws/install/drone_interfaces/include/drone_interfaces/drone_interfaces/msg/detail/surveillance_status__rosidl_typesupport_introspection_c.h
[6.757s] -- Installing: /home/bhav/IITISoC-25-IVR09/gcs_ws/install/drone_interfaces/include/drone_interfaces/drone_interfaces/msg/detail/geotag__type_support.c
[6.757s] -- Installing: /home/bhav/IITISoC-25-IVR09/gcs_ws/install/drone_interfaces/include/drone_interfaces/drone_interfaces/msg/detail/drone_status_update__type_support.c
[6.757s] -- Installing: /home/bhav/IITISoC-25-IVR09/gcs_ws/install/drone_interfaces/include/drone_interfaces/drone_interfaces/msg/detail/geotag_request__type_support.c
[6.757s] -- Installing: /home/bhav/IITISoC-25-IVR09/gcs_ws/install/drone_interfaces/include/drone_interfaces/drone_interfaces/msg/detail/drone_type_change__rosidl_typesupport_introspection_c.h
[6.757s] -- Installing: /home/bhav/IITISoC-25-IVR09/gcs_ws/install/drone_interfaces/include/drone_interfaces/drone_interfaces/msg/detail/geotag_visited__rosidl_typesupport_introspection_c.h
[6.757s] -- Installing: /home/bhav/IITISoC-25-IVR09/gcs_ws/install/drone_interfaces/include/drone_interfaces/drone_interfaces/msg/detail/waypoint_visited__type_support.c
[6.757s] -- Installing: /home/bhav/IITISoC-25-IVR09/gcs_ws/install/drone_interfaces/include/drone_interfaces/drone_interfaces/msg/detail/waypoint_array__type_support.c
[6.757s] -- Installing: /home/bhav/IITISoC-25-IVR09/gcs_ws/install/drone_interfaces/include/drone_interfaces/drone_interfaces/msg/detail/waypoint_array__rosidl_typesupport_introspection_c.h
[6.757s] -- Installing: /home/bhav/IITISoC-25-IVR09/gcs_ws/install/drone_interfaces/include/drone_interfaces/drone_interfaces/msg/detail/geotag_array__rosidl_typesupport_introspection_c.h
[6.757s] -- Installing: /home/bhav/IITISoC-25-IVR09/gcs_ws/install/drone_interfaces/include/drone_interfaces/drone_interfaces/msg/detail/waypoint_request__type_support.c
[6.757s] -- Installing: /home/bhav/IITISoC-25-IVR09/gcs_ws/install/drone_interfaces/include/drone_interfaces/drone_interfaces/msg/detail/surveillance_status__type_support.c
[6.757s] -- Installing: /home/bhav/IITISoC-25-IVR09/gcs_ws/install/drone_interfaces/lib/libdrone_interfaces__rosidl_typesupport_introspection_c.so
[6.758s] -- Set runtime path of "/home/bhav/IITISoC-25-IVR09/gcs_ws/install/drone_interfaces/lib/libdrone_interfaces__rosidl_typesupport_introspection_c.so" to ""
[6.758s] -- Installing: /home/bhav/IITISoC-25-IVR09/gcs_ws/install/drone_interfaces/lib/libdrone_interfaces__rosidl_typesupport_c.so
[6.758s] -- Set runtime path of "/home/bhav/IITISoC-25-IVR09/gcs_ws/install/drone_interfaces/lib/libdrone_interfaces__rosidl_typesupport_c.so" to ""
[6.758s] -- Up-to-date: /home/bhav/IITISoC-25-IVR09/gcs_ws/install/drone_interfaces/include/drone_interfaces/drone_interfaces
[6.758s] -- Up-to-date: /home/bhav/IITISoC-25-IVR09/gcs_ws/install/drone_interfaces/include/drone_interfaces/drone_interfaces/srv
[6.758s] -- Installing: /home/bhav/IITISoC-25-IVR09/gcs_ws/install/drone_interfaces/include/drone_interfaces/drone_interfaces/srv/get_severity_score.hpp
[6.758s] -- Up-to-date: /home/bhav/IITISoC-25-IVR09/gcs_ws/install/drone_interfaces/include/drone_interfaces/drone_interfaces/srv/detail
[6.758s] -- Installing: /home/bhav/IITISoC-25-IVR09/gcs_ws/install/drone_interfaces/include/drone_interfaces/drone_interfaces/srv/detail/get_severity_score__struct.hpp
[6.758s] -- Installing: /home/bhav/IITISoC-25-IVR09/gcs_ws/install/drone_interfaces/include/drone_interfaces/drone_interfaces/srv/detail/get_severity_score__traits.hpp
[6.758s] -- Installing: /home/bhav/IITISoC-25-IVR09/gcs_ws/install/drone_interfaces/include/drone_interfaces/drone_interfaces/srv/detail/get_severity_score__builder.hpp
[6.758s] -- Installing: /home/bhav/IITISoC-25-IVR09/gcs_ws/install/drone_interfaces/include/drone_interfaces/drone_interfaces/srv/detail/get_severity_score__type_support.hpp
[6.758s] -- Up-to-date: /home/bhav/IITISoC-25-IVR09/gcs_ws/install/drone_interfaces/include/drone_interfaces/drone_interfaces/msg
[6.759s] -- Installing: /home/bhav/IITISoC-25-IVR09/gcs_ws/install/drone_interfaces/include/drone_interfaces/drone_interfaces/msg/rosidl_generator_cpp__visibility_control.hpp
[6.759s] -- Installing: /home/bhav/IITISoC-25-IVR09/gcs_ws/install/drone_interfaces/include/drone_interfaces/drone_interfaces/msg/surveillance_status.hpp
[6.759s] -- Installing: /home/bhav/IITISoC-25-IVR09/gcs_ws/install/drone_interfaces/include/drone_interfaces/drone_interfaces/msg/geotag.hpp
[6.759s] -- Installing: /home/bhav/IITISoC-25-IVR09/gcs_ws/install/drone_interfaces/include/drone_interfaces/drone_interfaces/msg/drone_status.hpp
[6.759s] -- Installing: /home/bhav/IITISoC-25-IVR09/gcs_ws/install/drone_interfaces/include/drone_interfaces/drone_interfaces/msg/drone_status_update.hpp
[6.759s] -- Installing: /home/bhav/IITISoC-25-IVR09/gcs_ws/install/drone_interfaces/include/drone_interfaces/drone_interfaces/msg/waypoint_array.hpp
[6.759s] -- Installing: /home/bhav/IITISoC-25-IVR09/gcs_ws/install/drone_interfaces/include/drone_interfaces/drone_interfaces/msg/waypoint_visited.hpp
[6.760s] -- Installing: /home/bhav/IITISoC-25-IVR09/gcs_ws/install/drone_interfaces/include/drone_interfaces/drone_interfaces/msg/waypoint_request.hpp
[6.760s] -- Installing: /home/bhav/IITISoC-25-IVR09/gcs_ws/install/drone_interfaces/include/drone_interfaces/drone_interfaces/msg/geotag_visited.hpp
[6.760s] -- Up-to-date: /home/bhav/IITISoC-25-IVR09/gcs_ws/install/drone_interfaces/include/drone_interfaces/drone_interfaces/msg/detail
[6.760s] -- Installing: /home/bhav/IITISoC-25-IVR09/gcs_ws/install/drone_interfaces/include/drone_interfaces/drone_interfaces/msg/detail/geotag__traits.hpp
[6.760s] -- Installing: /home/bhav/IITISoC-25-IVR09/gcs_ws/install/drone_interfaces/include/drone_interfaces/drone_interfaces/msg/detail/waypoint_visited__struct.hpp
[6.760s] -- Installing: /home/bhav/IITISoC-25-IVR09/gcs_ws/install/drone_interfaces/include/drone_interfaces/drone_interfaces/msg/detail/drone_status_update__traits.hpp
[6.760s] -- Installing: /home/bhav/IITISoC-25-IVR09/gcs_ws/install/drone_interfaces/include/drone_interfaces/drone_interfaces/msg/detail/waypoint_array__struct.hpp
[6.760s] -- Installing: /home/bhav/IITISoC-25-IVR09/gcs_ws/install/drone_interfaces/include/drone_interfaces/drone_interfaces/msg/detail/drone_status__struct.hpp
[6.760s] -- Installing: /home/bhav/IITISoC-25-IVR09/gcs_ws/install/drone_interfaces/include/drone_interfaces/drone_interfaces/msg/detail/drone_type_change__type_support.hpp
[6.760s] -- Installing: /home/bhav/IITISoC-25-IVR09/gcs_ws/install/drone_interfaces/include/drone_interfaces/drone_interfaces/msg/detail/geotag__struct.hpp
[6.760s] -- Installing: /home/bhav/IITISoC-25-IVR09/gcs_ws/install/drone_interfaces/include/drone_interfaces/drone_interfaces/msg/detail/surveillance_status__traits.hpp
[6.760s] -- Installing: /home/bhav/IITISoC-25-IVR09/gcs_ws/install/drone_interfaces/include/drone_interfaces/drone_interfaces/msg/detail/waypoint_request__builder.hpp
[6.760s] -- Installing: /home/bhav/IITISoC-25-IVR09/gcs_ws/install/drone_interfaces/include/drone_interfaces/drone_interfaces/msg/detail/geotag_array__traits.hpp
[6.760s] -- Installing: /home/bhav/IITISoC-25-IVR09/gcs_ws/install/drone_interfaces/include/drone_interfaces/drone_interfaces/msg/detail/surveillance_status__type_support.hpp
[6.760s] -- Installing: /home/bhav/IITISoC-25-IVR09/gcs_ws/install/drone_interfaces/include/drone_interfaces/drone_interfaces/msg/detail/waypoint__struct.hpp
[6.760s] -- Installing: /home/bhav/IITISoC-25-IVR09/gcs_ws/install/drone_interfaces/include/drone_interfaces/drone_interfaces/msg/detail/drone_status_update__builder.hpp
[6.760s] -- Installing: /home/bhav/IITISoC-25-IVR09/gcs_ws/install/drone_interfaces/include/drone_interfaces/drone_interfaces/msg/detail/geotag_array__type_support.hpp
[6.760s] -- Installing: /home/bhav/IITISoC-25-IVR09/gcs_ws/install/drone_interfaces/include/drone_interfaces/drone_interfaces/msg/detail/waypoint__type_support.hpp
[6.761s] -- Installing: /home/bhav/IITISoC-25-IVR09/gcs_ws/install/drone_interfaces/include/drone_interfaces/drone_interfaces/msg/detail/geotag_visited__traits.hpp
[6.761s] -- Installing: /home/bhav/IITISoC-25-IVR09/gcs_ws/install/drone_interfaces/include/drone_interfaces/drone_interfaces/msg/detail/geotag__type_support.hpp
[6.761s] -- Installing: /home/bhav/IITISoC-25-IVR09/gcs_ws/install/drone_interfaces/include/drone_interfaces/drone_interfaces/msg/detail/waypoint_request__traits.hpp
[6.761s] -- Installing: /home/bhav/IITISoC-25-IVR09/gcs_ws/install/drone_interfaces/include/drone_interfaces/drone_interfaces/msg/detail/waypoint__builder.hpp
[6.761s] -- Installing: /home/bhav/IITISoC-25-IVR09/gcs_ws/install/drone_interfaces/include/drone_interfaces/drone_interfaces/msg/detail/waypoint_visited__traits.hpp
[6.761s] -- Installing: /home/bhav/IITISoC-25-IVR09/gcs_ws/install/drone_interfaces/include/drone_interfaces/drone_interfaces/msg/detail/drone_status_update__type_support.hpp
[6.761s] -- Installing: /home/bhav/IITISoC-25-IVR09/gcs_ws/install/drone_interfaces/include/drone_interfaces/drone_interfaces/msg/detail/drone_type_change__struct.hpp
[6.761s] -- Installing: /home/bhav/IITISoC-25-IVR09/gcs_ws/install/drone_interfaces/include/drone_interfaces/drone_interfaces/msg/detail/geotag_request__builder.hpp
[6.761s] -- Installing: /home/bhav/IITISoC-25-IVR09/gcs_ws/install/drone_interfaces/include/drone_interfaces/drone_interfaces/msg/detail/waypoint_visited__builder.hpp
[6.761s] -- Installing: /home/bhav/IITISoC-25-IVR09/gcs_ws/install/drone_interfaces/include/drone_interfaces/drone_interfaces/msg/detail/geotag_request__struct.hpp
[6.761s] -- Installing: /home/bhav/IITISoC-25-IVR09/gcs_ws/install/drone_interfaces/include/drone_interfaces/drone_interfaces/msg/detail/waypoint_array__type_support.hpp
[6.761s] -- Installing: /home/bhav/IITISoC-25-IVR09/gcs_ws/install/drone_interfaces/include/drone_interfaces/drone_interfaces/msg/detail/waypoint_request__struct.hpp
[6.761s] -- Installing: /home/bhav/IITISoC-25-IVR09/gcs_ws/install/drone_interfaces/include/drone_interfaces/drone_interfaces/msg/detail/drone_status__traits.hpp
[6.761s] -- Installing: /home/bhav/IITISoC-25-IVR09/gcs_ws/install/drone_interfaces/include/drone_interfaces/drone_interfaces/msg/detail/geotag_array__builder.hpp
[6.761s] -- Installing: /home/bhav/IITISoC-25-IVR09/gcs_ws/install/drone_interfaces/include/drone_interfaces/drone_interfaces/msg/detail/geotag_visited__struct.hpp
[6.761s] -- Installing: /home/bhav/IITISoC-25-IVR09/gcs_ws/install/drone_interfaces/include/drone_interfaces/drone_interfaces/msg/detail/waypoint__traits.hpp
[6.761s] -- Installing: /home/bhav/IITISoC-25-IVR09/gcs_ws/install/drone_interfaces/include/drone_interfaces/drone_interfaces/msg/detail/drone_status__type_support.hpp
[6.761s] -- Installing: /home/bhav/IITISoC-25-IVR09/gcs_ws/install/drone_interfaces/include/drone_interfaces/drone_interfaces/msg/detail/geotag__builder.hpp
[6.761s] -- Installing: /home/bhav/IITISoC-25-IVR09/gcs_ws/install/drone_interfaces/include/drone_interfaces/drone_interfaces/msg/detail/geotag_request__traits.hpp
[6.761s] -- Installing: /home/bhav/IITISoC-25-IVR09/gcs_ws/install/drone_interfaces/include/drone_interfaces/drone_interfaces/msg/detail/geotag_visited__builder.hpp
[6.761s] -- Installing: /home/bhav/IITISoC-25-IVR09/gcs_ws/install/drone_interfaces/include/drone_interfaces/drone_interfaces/msg/detail/geotag_visited__type_support.hpp
[6.761s] -- Installing: /home/bhav/IITISoC-25-IVR09/gcs_ws/install/drone_interfaces/include/drone_interfaces/drone_interfaces/msg/detail/drone_type_change__traits.hpp
[6.761s] -- Installing: /home/bhav/IITISoC-25-IVR09/gcs_ws/install/drone_interfaces/include/drone_interfaces/drone_interfaces/msg/detail/drone_type_change__builder.hpp
[6.761s] -- Installing: /home/bhav/IITISoC-25-IVR09/gcs_ws/install/drone_interfaces/include/drone_interfaces/drone_interfaces/msg/detail/geotag_array__struct.hpp
[6.761s] -- Installing: /home/bhav/IITISoC-25-IVR09/gcs_ws/install/drone_interfaces/include/drone_interfaces/drone_interfaces/msg/detail/drone_status_update__struct.hpp
[6.762s] -- Installing: /home/bhav/IITISoC-25-IVR09/gcs_ws/install/drone_interfaces/include/drone_interfaces/drone_interfaces/msg/detail/geotag_request__type_support.hpp
[6.762s] -- Installing: /home/bhav/IITISoC-25-IVR09/gcs_ws/install/drone_interfaces/include/drone_interfaces/drone_interfaces/msg/detail/waypoint_request__type_support.hpp
[6.762s] -- Installing: /home/bhav/IITISoC-25-IVR09/gcs_ws/install/drone_interfaces/include/drone_interfaces/drone_interfaces/msg/detail/waypoint_array__traits.hpp
[6.762s] -- Installing: /home/bhav/IITISoC-25-IVR09/gcs_ws/install/drone_interfaces/include/drone_interfaces/drone_interfaces/msg/detail/drone_status__builder.hpp
[6.762s] -- Installing: /home/bhav/IITISoC-25-IVR09/gcs_ws/install/drone_interfaces/include/drone_interfaces/drone_interfaces/msg/detail/surveillance_status__builder.hpp
[6.762s] -- Installing: /home/bhav/IITISoC-25-IVR09/gcs_ws/install/drone_interfaces/include/drone_interfaces/drone_interfaces/msg/detail/surveillance_status__struct.hpp
[6.762s] -- Installing: /home/bhav/IITISoC-25-IVR09/gcs_ws/install/drone_interfaces/include/drone_interfaces/drone_interfaces/msg/detail/waypoint_visited__type_support.hpp
[6.762s] -- Installing: /home/bhav/IITISoC-25-IVR09/gcs_ws/install/drone_interfaces/include/drone_interfaces/drone_interfaces/msg/detail/waypoint_array__builder.hpp
[6.762s] -- Installing: /home/bhav/IITISoC-25-IVR09/gcs_ws/install/drone_interfaces/include/drone_interfaces/drone_interfaces/msg/drone_type_change.hpp
[6.762s] -- Installing: /home/bhav/IITISoC-25-IVR09/gcs_ws/install/drone_interfaces/include/drone_interfaces/drone_interfaces/msg/geotag_array.hpp
[6.762s] -- Installing: /home/bhav/IITISoC-25-IVR09/gcs_ws/install/drone_interfaces/include/drone_interfaces/drone_interfaces/msg/geotag_request.hpp
[6.762s] -- Installing: /home/bhav/IITISoC-25-IVR09/gcs_ws/install/drone_interfaces/include/drone_interfaces/drone_interfaces/msg/waypoint.hpp
[6.762s] -- Up-to-date: /home/bhav/IITISoC-25-IVR09/gcs_ws/install/drone_interfaces/include/drone_interfaces/drone_interfaces
[6.762s] -- Up-to-date: /home/bhav/IITISoC-25-IVR09/gcs_ws/install/drone_interfaces/include/drone_interfaces/drone_interfaces/srv
[6.762s] -- Up-to-date: /home/bhav/IITISoC-25-IVR09/gcs_ws/install/drone_interfaces/include/drone_interfaces/drone_interfaces/srv/detail
[6.762s] -- Installing: /home/bhav/IITISoC-25-IVR09/gcs_ws/install/drone_interfaces/include/drone_interfaces/drone_interfaces/srv/detail/get_severity_score__rosidl_typesupport_fastrtps_cpp.hpp
[6.762s] -- Installing: /home/bhav/IITISoC-25-IVR09/gcs_ws/install/drone_interfaces/include/drone_interfaces/drone_interfaces/srv/detail/dds_fastrtps
[6.762s] -- Up-to-date: /home/bhav/IITISoC-25-IVR09/gcs_ws/install/drone_interfaces/include/drone_interfaces/drone_interfaces/msg
[6.762s] -- Up-to-date: /home/bhav/IITISoC-25-IVR09/gcs_ws/install/drone_interfaces/include/drone_interfaces/drone_interfaces/msg/detail
[6.762s] -- Installing: /home/bhav/IITISoC-25-IVR09/gcs_ws/install/drone_interfaces/include/drone_interfaces/drone_interfaces/msg/detail/geotag_visited__rosidl_typesupport_fastrtps_cpp.hpp
[6.762s] -- Installing: /home/bhav/IITISoC-25-IVR09/gcs_ws/install/drone_interfaces/include/drone_interfaces/drone_interfaces/msg/detail/waypoint__rosidl_typesupport_fastrtps_cpp.hpp
[6.762s] -- Installing: /home/bhav/IITISoC-25-IVR09/gcs_ws/install/drone_interfaces/include/drone_interfaces/drone_interfaces/msg/detail/geotag_request__rosidl_typesupport_fastrtps_cpp.hpp
[6.762s] -- Installing: /home/bhav/IITISoC-25-IVR09/gcs_ws/install/drone_interfaces/include/drone_interfaces/drone_interfaces/msg/detail/dds_fastrtps
[6.762s] -- Installing: /home/bhav/IITISoC-25-IVR09/gcs_ws/install/drone_interfaces/include/drone_interfaces/drone_interfaces/msg/detail/geotag__rosidl_typesupport_fastrtps_cpp.hpp
[6.763s] -- Installing: /home/bhav/IITISoC-25-IVR09/gcs_ws/install/drone_interfaces/include/drone_interfaces/drone_interfaces/msg/detail/waypoint_visited__rosidl_typesupport_fastrtps_cpp.hpp
[6.763s] -- Installing: /home/bhav/IITISoC-25-IVR09/gcs_ws/install/drone_interfaces/include/drone_interfaces/drone_interfaces/msg/detail/drone_status__rosidl_typesupport_fastrtps_cpp.hpp
[6.763s] -- Installing: /home/bhav/IITISoC-25-IVR09/gcs_ws/install/drone_interfaces/include/drone_interfaces/drone_interfaces/msg/detail/drone_status_update__rosidl_typesupport_fastrtps_cpp.hpp
[6.763s] -- Installing: /home/bhav/IITISoC-25-IVR09/gcs_ws/install/drone_interfaces/include/drone_interfaces/drone_interfaces/msg/detail/waypoint_array__rosidl_typesupport_fastrtps_cpp.hpp
[6.763s] -- Installing: /home/bhav/IITISoC-25-IVR09/gcs_ws/install/drone_interfaces/include/drone_interfaces/drone_interfaces/msg/detail/drone_type_change__rosidl_typesupport_fastrtps_cpp.hpp
[6.763s] -- Installing: /home/bhav/IITISoC-25-IVR09/gcs_ws/install/drone_interfaces/include/drone_interfaces/drone_interfaces/msg/detail/waypoint_request__rosidl_typesupport_fastrtps_cpp.hpp
[6.763s] -- Installing: /home/bhav/IITISoC-25-IVR09/gcs_ws/install/drone_interfaces/include/drone_interfaces/drone_interfaces/msg/detail/surveillance_status__rosidl_typesupport_fastrtps_cpp.hpp
[6.763s] -- Installing: /home/bhav/IITISoC-25-IVR09/gcs_ws/install/drone_interfaces/include/drone_interfaces/drone_interfaces/msg/detail/geotag_array__rosidl_typesupport_fastrtps_cpp.hpp
[6.763s] -- Installing: /home/bhav/IITISoC-25-IVR09/gcs_ws/install/drone_interfaces/include/drone_interfaces/drone_interfaces/msg/rosidl_typesupport_fastrtps_cpp__visibility_control.h
[6.763s] -- Installing: /home/bhav/IITISoC-25-IVR09/gcs_ws/install/drone_interfaces/lib/libdrone_interfaces__rosidl_typesupport_fastrtps_cpp.so
[6.763s] -- Set runtime path of "/home/bhav/IITISoC-25-IVR09/gcs_ws/install/drone_interfaces/lib/libdrone_interfaces__rosidl_typesupport_fastrtps_cpp.so" to ""
[6.763s] -- Up-to-date: /home/bhav/IITISoC-25-IVR09/gcs_ws/install/drone_interfaces/include/drone_interfaces/drone_interfaces
[6.763s] -- Up-to-date: /home/bhav/IITISoC-25-IVR09/gcs_ws/install/drone_interfaces/include/drone_interfaces/drone_interfaces/srv
[6.763s] -- Up-to-date: /home/bhav/IITISoC-25-IVR09/gcs_ws/install/drone_interfaces/include/drone_interfaces/drone_interfaces/srv/detail
[6.763s] -- Installing: /home/bhav/IITISoC-25-IVR09/gcs_ws/install/drone_interfaces/include/drone_interfaces/drone_interfaces/srv/detail/get_severity_score__rosidl_typesupport_introspection_cpp.hpp
[6.763s] -- Installing: /home/bhav/IITISoC-25-IVR09/gcs_ws/install/drone_interfaces/include/drone_interfaces/drone_interfaces/srv/detail/get_severity_score__type_support.cpp
[6.763s] -- Up-to-date: /home/bhav/IITISoC-25-IVR09/gcs_ws/install/drone_interfaces/include/drone_interfaces/drone_interfaces/msg
[6.763s] -- Up-to-date: /home/bhav/IITISoC-25-IVR09/gcs_ws/install/drone_interfaces/include/drone_interfaces/drone_interfaces/msg/detail
[6.763s] -- Installing: /home/bhav/IITISoC-25-IVR09/gcs_ws/install/drone_interfaces/include/drone_interfaces/drone_interfaces/msg/detail/drone_status__rosidl_typesupport_introspection_cpp.hpp
[6.764s] -- Installing: /home/bhav/IITISoC-25-IVR09/gcs_ws/install/drone_interfaces/include/drone_interfaces/drone_interfaces/msg/detail/drone_status__type_support.cpp
[6.764s] -- Installing: /home/bhav/IITISoC-25-IVR09/gcs_ws/install/drone_interfaces/include/drone_interfaces/drone_interfaces/msg/detail/waypoint__type_support.cpp
[6.764s] -- Installing: /home/bhav/IITISoC-25-IVR09/gcs_ws/install/drone_interfaces/include/drone_interfaces/drone_interfaces/msg/detail/waypoint_array__rosidl_typesupport_introspection_cpp.hpp
[6.764s] -- Installing: /home/bhav/IITISoC-25-IVR09/gcs_ws/install/drone_interfaces/include/drone_interfaces/drone_interfaces/msg/detail/geotag_request__type_support.cpp
[6.764s] -- Installing: /home/bhav/IITISoC-25-IVR09/gcs_ws/install/drone_interfaces/include/drone_interfaces/drone_interfaces/msg/detail/drone_status_update__type_support.cpp
[6.764s] -- Installing: /home/bhav/IITISoC-25-IVR09/gcs_ws/install/drone_interfaces/include/drone_interfaces/drone_interfaces/msg/detail/geotag_array__rosidl_typesupport_introspection_cpp.hpp
[6.764s] -- Installing: /home/bhav/IITISoC-25-IVR09/gcs_ws/install/drone_interfaces/include/drone_interfaces/drone_interfaces/msg/detail/surveillance_status__type_support.cpp
[6.764s] -- Installing: /home/bhav/IITISoC-25-IVR09/gcs_ws/install/drone_interfaces/include/drone_interfaces/drone_interfaces/msg/detail/waypoint_visited__rosidl_typesupport_introspection_cpp.hpp
[6.764s] -- Installing: /home/bhav/IITISoC-25-IVR09/gcs_ws/install/drone_interfaces/include/drone_interfaces/drone_interfaces/msg/detail/waypoint_request__type_support.cpp
[6.764s] -- Installing: /home/bhav/IITISoC-25-IVR09/gcs_ws/install/drone_interfaces/include/drone_interfaces/drone_interfaces/msg/detail/geotag_array__type_support.cpp
[6.764s] -- Installing: /home/bhav/IITISoC-25-IVR09/gcs_ws/install/drone_interfaces/include/drone_interfaces/drone_interfaces/msg/detail/geotag_visited__type_support.cpp
[6.764s] -- Installing: /home/bhav/IITISoC-25-IVR09/gcs_ws/install/drone_interfaces/include/drone_interfaces/drone_interfaces/msg/detail/drone_status_update__rosidl_typesupport_introspection_cpp.hpp
[6.764s] -- Installing: /home/bhav/IITISoC-25-IVR09/gcs_ws/install/drone_interfaces/include/drone_interfaces/drone_interfaces/msg/detail/waypoint__rosidl_typesupport_introspection_cpp.hpp
[6.764s] -- Installing: /home/bhav/IITISoC-25-IVR09/gcs_ws/install/drone_interfaces/include/drone_interfaces/drone_interfaces/msg/detail/geotag__type_support.cpp
[6.764s] -- Installing: /home/bhav/IITISoC-25-IVR09/gcs_ws/install/drone_interfaces/include/drone_interfaces/drone_interfaces/msg/detail/geotag__rosidl_typesupport_introspection_cpp.hpp
[6.764s] -- Installing: /home/bhav/IITISoC-25-IVR09/gcs_ws/install/drone_interfaces/include/drone_interfaces/drone_interfaces/msg/detail/geotag_request__rosidl_typesupport_introspection_cpp.hpp
[6.764s] -- Installing: /home/bhav/IITISoC-25-IVR09/gcs_ws/install/drone_interfaces/include/drone_interfaces/drone_interfaces/msg/detail/waypoint_request__rosidl_typesupport_introspection_cpp.hpp
[6.764s] -- Installing: /home/bhav/IITISoC-25-IVR09/gcs_ws/install/drone_interfaces/include/drone_interfaces/drone_interfaces/msg/detail/waypoint_array__type_support.cpp
[6.764s] -- Installing: /home/bhav/IITISoC-25-IVR09/gcs_ws/install/drone_interfaces/include/drone_interfaces/drone_interfaces/msg/detail/drone_type_change__type_support.cpp
[6.764s] -- Installing: /home/bhav/IITISoC-25-IVR09/gcs_ws/install/drone_interfaces/include/drone_interfaces/drone_interfaces/msg/detail/waypoint_visited__type_support.cpp
[6.764s] -- Installing: /home/bhav/IITISoC-25-IVR09/gcs_ws/install/drone_interfaces/include/drone_interfaces/drone_interfaces/msg/detail/surveillance_status__rosidl_typesupport_introspection_cpp.hpp
[6.764s] -- Installing: /home/bhav/IITISoC-25-IVR09/gcs_ws/install/drone_interfaces/include/drone_interfaces/drone_interfaces/msg/detail/drone_type_change__rosidl_typesupport_introspection_cpp.hpp
[6.765s] -- Installing: /home/bhav/IITISoC-25-IVR09/gcs_ws/install/drone_interfaces/include/drone_interfaces/drone_interfaces/msg/detail/geotag_visited__rosidl_typesupport_introspection_cpp.hpp
[6.765s] -- Installing: /home/bhav/IITISoC-25-IVR09/gcs_ws/install/drone_interfaces/lib/libdrone_interfaces__rosidl_typesupport_introspection_cpp.so
[6.765s] -- Set runtime path of "/home/bhav/IITISoC-25-IVR09/gcs_ws/install/drone_interfaces/lib/libdrone_interfaces__rosidl_typesupport_introspection_cpp.so" to ""
[6.765s] -- Installing: /home/bhav/IITISoC-25-IVR09/gcs_ws/install/drone_interfaces/lib/libdrone_interfaces__rosidl_typesupport_cpp.so
[6.765s] -- Set runtime path of "/home/bhav/IITISoC-25-IVR09/gcs_ws/install/drone_interfaces/lib/libdrone_interfaces__rosidl_typesupport_cpp.so" to ""
[6.765s] -- Installing: /home/bhav/IITISoC-25-IVR09/gcs_ws/install/drone_interfaces/share/drone_interfaces/environment/pythonpath.sh
[6.765s] -- Installing: /home/bhav/IITISoC-25-IVR09/gcs_ws/install/drone_interfaces/share/drone_interfaces/environment/pythonpath.dsv
[6.765s] -- Installing: /home/bhav/IITISoC-25-IVR09/gcs_ws/install/drone_interfaces/local/lib/python3.10/dist-packages/drone_interfaces-0.0.0-py3.10.egg-info
[6.765s] -- Installing: /home/bhav/IITISoC-25-IVR09/gcs_ws/install/drone_interfaces/local/lib/python3.10/dist-packages/drone_interfaces-0.0.0-py3.10.egg-info/top_level.txt
[6.765s] -- Installing: /home/bhav/IITISoC-25-IVR09/gcs_ws/install/drone_interfaces/local/lib/python3.10/dist-packages/drone_interfaces-0.0.0-py3.10.egg-info/SOURCES.txt
[6.765s] -- Installing: /home/bhav/IITISoC-25-IVR09/gcs_ws/install/drone_interfaces/local/lib/python3.10/dist-packages/drone_interfaces-0.0.0-py3.10.egg-info/dependency_links.txt
[6.765s] -- Installing: /home/bhav/IITISoC-25-IVR09/gcs_ws/install/drone_interfaces/local/lib/python3.10/dist-packages/drone_interfaces-0.0.0-py3.10.egg-info/PKG-INFO
[6.765s] -- Installing: /home/bhav/IITISoC-25-IVR09/gcs_ws/install/drone_interfaces/local/lib/python3.10/dist-packages/drone_interfaces
[6.765s] -- Installing: /home/bhav/IITISoC-25-IVR09/gcs_ws/install/drone_interfaces/local/lib/python3.10/dist-packages/drone_interfaces/drone_interfaces_s__rosidl_typesupport_fastrtps_c.cpython-310-x86_64-linux-gnu.so
[6.766s] -- Installing: /home/bhav/IITISoC-25-IVR09/gcs_ws/install/drone_interfaces/local/lib/python3.10/dist-packages/drone_interfaces/libdrone_interfaces__rosidl_generator_py.so
[6.766s] -- Installing: /home/bhav/IITISoC-25-IVR09/gcs_ws/install/drone_interfaces/local/lib/python3.10/dist-packages/drone_interfaces/srv
[6.766s] -- Installing: /home/bhav/IITISoC-25-IVR09/gcs_ws/install/drone_interfaces/local/lib/python3.10/dist-packages/drone_interfaces/srv/_get_severity_score_s.c
[6.766s] -- Installing: /home/bhav/IITISoC-25-IVR09/gcs_ws/install/drone_interfaces/local/lib/python3.10/dist-packages/drone_interfaces/srv/_get_severity_score.py
[6.766s] -- Installing: /home/bhav/IITISoC-25-IVR09/gcs_ws/install/drone_interfaces/local/lib/python3.10/dist-packages/drone_interfaces/srv/__init__.py
[6.766s] -- Installing: /home/bhav/IITISoC-25-IVR09/gcs_ws/install/drone_interfaces/local/lib/python3.10/dist-packages/drone_interfaces/_drone_interfaces_s.ep.rosidl_typesupport_fastrtps_c.c
[6.766s] -- Installing: /home/bhav/IITISoC-25-IVR09/gcs_ws/install/drone_interfaces/local/lib/python3.10/dist-packages/drone_interfaces/msg
[6.766s] -- Installing: /home/bhav/IITISoC-25-IVR09/gcs_ws/install/drone_interfaces/local/lib/python3.10/dist-packages/drone_interfaces/msg/_drone_status_s.c
[6.766s] -- Installing: /home/bhav/IITISoC-25-IVR09/gcs_ws/install/drone_interfaces/local/lib/python3.10/dist-packages/drone_interfaces/msg/_geotag_array.py
[6.766s] -- Installing: /home/bhav/IITISoC-25-IVR09/gcs_ws/install/drone_interfaces/local/lib/python3.10/dist-packages/drone_interfaces/msg/_waypoint_request_s.c
[6.766s] -- Installing: /home/bhav/IITISoC-25-IVR09/gcs_ws/install/drone_interfaces/local/lib/python3.10/dist-packages/drone_interfaces/msg/_geotag_visited.py
[6.766s] -- Installing: /home/bhav/IITISoC-25-IVR09/gcs_ws/install/drone_interfaces/local/lib/python3.10/dist-packages/drone_interfaces/msg/_drone_status.py
[6.766s] -- Installing: /home/bhav/IITISoC-25-IVR09/gcs_ws/install/drone_interfaces/local/lib/python3.10/dist-packages/drone_interfaces/msg/_waypoint.py
[6.766s] -- Installing: /home/bhav/IITISoC-25-IVR09/gcs_ws/install/drone_interfaces/local/lib/python3.10/dist-packages/drone_interfaces/msg/_geotag_array_s.c
[6.766s] -- Installing: /home/bhav/IITISoC-25-IVR09/gcs_ws/install/drone_interfaces/local/lib/python3.10/dist-packages/drone_interfaces/msg/_waypoint_array_s.c
[6.766s] -- Installing: /home/bhav/IITISoC-25-IVR09/gcs_ws/install/drone_interfaces/local/lib/python3.10/dist-packages/drone_interfaces/msg/_drone_status_update.py
[6.766s] -- Installing: /home/bhav/IITISoC-25-IVR09/gcs_ws/install/drone_interfaces/local/lib/python3.10/dist-packages/drone_interfaces/msg/_waypoint_request.py
[6.766s] -- Installing: /home/bhav/IITISoC-25-IVR09/gcs_ws/install/drone_interfaces/local/lib/python3.10/dist-packages/drone_interfaces/msg/_geotag_request.py
[6.766s] -- Installing: /home/bhav/IITISoC-25-IVR09/gcs_ws/install/drone_interfaces/local/lib/python3.10/dist-packages/drone_interfaces/msg/_geotag_request_s.c
[6.767s] -- Installing: /home/bhav/IITISoC-25-IVR09/gcs_ws/install/drone_interfaces/local/lib/python3.10/dist-packages/drone_interfaces/msg/_surveillance_status_s.c
[6.767s] -- Installing: /home/bhav/IITISoC-25-IVR09/gcs_ws/install/drone_interfaces/local/lib/python3.10/dist-packages/drone_interfaces/msg/_waypoint_array.py
[6.767s] -- Installing: /home/bhav/IITISoC-25-IVR09/gcs_ws/install/drone_interfaces/local/lib/python3.10/dist-packages/drone_interfaces/msg/_drone_status_update_s.c
[6.767s] -- Installing: /home/bhav/IITISoC-25-IVR09/gcs_ws/install/drone_interfaces/local/lib/python3.10/dist-packages/drone_interfaces/msg/_waypoint_visited.py
[6.767s] -- Installing: /home/bhav/IITISoC-25-IVR09/gcs_ws/install/drone_interfaces/local/lib/python3.10/dist-packages/drone_interfaces/msg/_drone_type_change_s.c
[6.767s] -- Installing: /home/bhav/IITISoC-25-IVR09/gcs_ws/install/drone_interfaces/local/lib/python3.10/dist-packages/drone_interfaces/msg/_waypoint_s.c
[6.767s] -- Installing: /home/bhav/IITISoC-25-IVR09/gcs_ws/install/drone_interfaces/local/lib/python3.10/dist-packages/drone_interfaces/msg/_geotag_visited_s.c
[6.767s] -- Installing: /home/bhav/IITISoC-25-IVR09/gcs_ws/install/drone_interfaces/local/lib/python3.10/dist-packages/drone_interfaces/msg/_geotag_s.c
[6.767s] -- Installing: /home/bhav/IITISoC-25-IVR09/gcs_ws/install/drone_interfaces/local/lib/python3.10/dist-packages/drone_interfaces/msg/_geotag.py
[6.767s] -- Installing: /home/bhav/IITISoC-25-IVR09/gcs_ws/install/drone_interfaces/local/lib/python3.10/dist-packages/drone_interfaces/msg/__init__.py
[6.767s] -- Installing: /home/bhav/IITISoC-25-IVR09/gcs_ws/install/drone_interfaces/local/lib/python3.10/dist-packages/drone_interfaces/msg/_surveillance_status.py
[6.767s] -- Installing: /home/bhav/IITISoC-25-IVR09/gcs_ws/install/drone_interfaces/local/lib/python3.10/dist-packages/drone_interfaces/msg/_drone_type_change.py
[6.768s] -- Installing: /home/bhav/IITISoC-25-IVR09/gcs_ws/install/drone_interfaces/local/lib/python3.10/dist-packages/drone_interfaces/msg/_waypoint_visited_s.c
[6.768s] -- Installing: /home/bhav/IITISoC-25-IVR09/gcs_ws/install/drone_interfaces/local/lib/python3.10/dist-packages/drone_interfaces/_drone_interfaces_s.ep.rosidl_typesupport_introspection_c.c
[6.768s] -- Installing: /home/bhav/IITISoC-25-IVR09/gcs_ws/install/drone_interfaces/local/lib/python3.10/dist-packages/drone_interfaces/_drone_interfaces_s.ep.rosidl_typesupport_c.c
[6.768s] -- Installing: /home/bhav/IITISoC-25-IVR09/gcs_ws/install/drone_interfaces/local/lib/python3.10/dist-packages/drone_interfaces/drone_interfaces_s__rosidl_typesupport_introspection_c.cpython-310-x86_64-linux-gnu.so
[6.768s] -- Installing: /home/bhav/IITISoC-25-IVR09/gcs_ws/install/drone_interfaces/local/lib/python3.10/dist-packages/drone_interfaces/__init__.py
[6.768s] -- Installing: /home/bhav/IITISoC-25-IVR09/gcs_ws/install/drone_interfaces/local/lib/python3.10/dist-packages/drone_interfaces/drone_interfaces_s__rosidl_typesupport_c.cpython-310-x86_64-linux-gnu.so
[6.801s] Listing '/home/bhav/IITISoC-25-IVR09/gcs_ws/install/drone_interfaces/local/lib/python3.10/dist-packages/drone_interfaces'...
[6.801s] Compiling '/home/bhav/IITISoC-25-IVR09/gcs_ws/install/drone_interfaces/local/lib/python3.10/dist-packages/drone_interfaces/__init__.py'...
[6.801s] Listing '/home/bhav/IITISoC-25-IVR09/gcs_ws/install/drone_interfaces/local/lib/python3.10/dist-packages/drone_interfaces/msg'...
[6.802s] Compiling '/home/bhav/IITISoC-25-IVR09/gcs_ws/install/drone_interfaces/local/lib/python3.10/dist-packages/drone_interfaces/msg/__init__.py'...
[6.802s] Compiling '/home/bhav/IITISoC-25-IVR09/gcs_ws/install/drone_interfaces/local/lib/python3.10/dist-packages/drone_interfaces/msg/_drone_status.py'...
[6.802s] Compiling '/home/bhav/IITISoC-25-IVR09/gcs_ws/install/drone_interfaces/local/lib/python3.10/dist-packages/drone_interfaces/msg/_drone_status_update.py'...
[6.802s] Compiling '/home/bhav/IITISoC-25-IVR09/gcs_ws/install/drone_interfaces/local/lib/python3.10/dist-packages/drone_interfaces/msg/_drone_type_change.py'...
[6.802s] Compiling '/home/bhav/IITISoC-25-IVR09/gcs_ws/install/drone_interfaces/local/lib/python3.10/dist-packages/drone_interfaces/msg/_geotag.py'...
[6.802s] Compiling '/home/bhav/IITISoC-25-IVR09/gcs_ws/install/drone_interfaces/local/lib/python3.10/dist-packages/drone_interfaces/msg/_geotag_array.py'...
[6.802s] Compiling '/home/bhav/IITISoC-25-IVR09/gcs_ws/install/drone_interfaces/local/lib/python3.10/dist-packages/drone_interfaces/msg/_geotag_request.py'...
[6.802s] Compiling '/home/bhav/IITISoC-25-IVR09/gcs_ws/install/drone_interfaces/local/lib/python3.10/dist-packages/drone_interfaces/msg/_geotag_visited.py'...
[6.802s] Compiling '/home/bhav/IITISoC-25-IVR09/gcs_ws/install/drone_interfaces/local/lib/python3.10/dist-packages/drone_interfaces/msg/_surveillance_status.py'...
[6.802s] Compiling '/home/bhav/IITISoC-25-IVR09/gcs_ws/install/drone_interfaces/local/lib/python3.10/dist-packages/drone_interfaces/msg/_waypoint.py'...
[6.802s] Compiling '/home/bhav/IITISoC-25-IVR09/gcs_ws/install/drone_interfaces/local/lib/python3.10/dist-packages/drone_interfaces/msg/_waypoint_array.py'...
[6.802s] Compiling '/home/bhav/IITISoC-25-IVR09/gcs_ws/install/drone_interfaces/local/lib/python3.10/dist-packages/drone_interfaces/msg/_waypoint_request.py'...
[6.803s] Compiling '/home/bhav/IITISoC-25-IVR09/gcs_ws/install/drone_interfaces/local/lib/python3.10/dist-packages/drone_interfaces/msg/_waypoint_visited.py'...
[6.803s] Listing '/home/bhav/IITISoC-25-IVR09/gcs_ws/install/drone_interfaces/local/lib/python3.10/dist-packages/drone_interfaces/srv'...
[6.803s] Compiling '/home/bhav/IITISoC-25-IVR09/gcs_ws/install/drone_interfaces/local/lib/python3.10/dist-packages/drone_interfaces/srv/__init__.py'...
[6.803s] Compiling '/home/bhav/IITISoC-25-IVR09/gcs_ws/install/drone_interfaces/local/lib/python3.10/dist-packages/drone_interfaces/srv/_get_severity_score.py'...
[6.806s] -- Installing: /home/bhav/IITISoC-25-IVR09/gcs_ws/install/drone_interfaces/local/lib/python3.10/dist-packages/drone_interfaces/drone_interfaces_s__rosidl_typesupport_fastrtps_c.cpython-310-x86_64-linux-gnu.so
[6.806s] -- Set runtime path of "/home/bhav/IITISoC-25-IVR09/gcs_ws/install/drone_interfaces/local/lib/python3.10/dist-packages/drone_interfaces/drone_interfaces_s__rosidl_typesupport_fastrtps_c.cpython-310-x86_64-linux-gnu.so" to ""
[6.806s] -- Installing: /home/bhav/IITISoC-25-IVR09/gcs_ws/install/drone_interfaces/local/lib/python3.10/dist-packages/drone_interfaces/drone_interfaces_s__rosidl_typesupport_introspection_c.cpython-310-x86_64-linux-gnu.so
[6.806s] -- Set runtime path of "/home/bhav/IITISoC-25-IVR09/gcs_ws/install/drone_interfaces/local/lib/python3.10/dist-packages/drone_interfaces/drone_interfaces_s__rosidl_typesupport_introspection_c.cpython-310-x86_64-linux-gnu.so" to ""
[6.807s] -- Installing: /home/bhav/IITISoC-25-IVR09/gcs_ws/install/drone_interfaces/local/lib/python3.10/dist-packages/drone_interfaces/drone_interfaces_s__rosidl_typesupport_c.cpython-310-x86_64-linux-gnu.so
[6.807s] -- Set runtime path of "/home/bhav/IITISoC-25-IVR09/gcs_ws/install/drone_interfaces/local/lib/python3.10/dist-packages/drone_interfaces/drone_interfaces_s__rosidl_typesupport_c.cpython-310-x86_64-linux-gnu.so" to ""
[6.807s] -- Installing: /home/bhav/IITISoC-25-IVR09/gcs_ws/install/drone_interfaces/lib/libdrone_interfaces__rosidl_generator_py.so
[6.807s] -- Set runtime path of "/home/bhav/IITISoC-25-IVR09/gcs_ws/install/drone_interfaces/lib/libdrone_interfaces__rosidl_generator_py.so" to ""
[6.807s] -- Installing: /home/bhav/IITISoC-25-IVR09/gcs_ws/install/drone_interfaces/share/drone_interfaces/msg/Waypoint.idl
[6.807s] -- Installing: /home/bhav/IITISoC-25-IVR09/gcs_ws/install/drone_interfaces/share/drone_interfaces/msg/WaypointArray.idl
[6.807s] -- Installing: /home/bhav/IITISoC-25-IVR09/gcs_ws/install/drone_interfaces/share/drone_interfaces/msg/DroneStatus.idl
[6.808s] -- Installing: /home/bhav/IITISoC-25-IVR09/gcs_ws/install/drone_interfaces/share/drone_interfaces/msg/WaypointRequest.idl
[6.808s] -- Installing: /home/bhav/IITISoC-25-IVR09/gcs_ws/install/drone_interfaces/share/drone_interfaces/msg/WaypointVisited.idl
[6.808s] -- Installing: /home/bhav/IITISoC-25-IVR09/gcs_ws/install/drone_interfaces/share/drone_interfaces/msg/DroneStatusUpdate.idl
[6.808s] -- Installing: /home/bhav/IITISoC-25-IVR09/gcs_ws/install/drone_interfaces/share/drone_interfaces/msg/DroneTypeChange.idl
[6.808s] -- Installing: /home/bhav/IITISoC-25-IVR09/gcs_ws/install/drone_interfaces/share/drone_interfaces/msg/Geotag.idl
[6.808s] -- Installing: /home/bhav/IITISoC-25-IVR09/gcs_ws/install/drone_interfaces/share/drone_interfaces/msg/GeotagArray.idl
[6.808s] -- Installing: /home/bhav/IITISoC-25-IVR09/gcs_ws/install/drone_interfaces/share/drone_interfaces/msg/GeotagRequest.idl
[6.808s] -- Installing: /home/bhav/IITISoC-25-IVR09/gcs_ws/install/drone_interfaces/share/drone_interfaces/msg/GeotagVisited.idl
[6.808s] -- Installing: /home/bhav/IITISoC-25-IVR09/gcs_ws/install/drone_interfaces/share/drone_interfaces/msg/SurveillanceStatus.idl
[6.808s] -- Installing: /home/bhav/IITISoC-25-IVR09/gcs_ws/install/drone_interfaces/share/drone_interfaces/srv/GetSeverityScore.idl
[6.808s] -- Installing: /home/bhav/IITISoC-25-IVR09/gcs_ws/install/drone_interfaces/share/drone_interfaces/msg/Waypoint.msg
[6.809s] -- Installing: /home/bhav/IITISoC-25-IVR09/gcs_ws/install/drone_interfaces/share/drone_interfaces/msg/WaypointArray.msg
[6.809s] -- Installing: /home/bhav/IITISoC-25-IVR09/gcs_ws/install/drone_interfaces/share/drone_interfaces/msg/DroneStatus.msg
[6.809s] -- Installing: /home/bhav/IITISoC-25-IVR09/gcs_ws/install/drone_interfaces/share/drone_interfaces/msg/WaypointRequest.msg
[6.809s] -- Installing: /home/bhav/IITISoC-25-IVR09/gcs_ws/install/drone_interfaces/share/drone_interfaces/msg/WaypointVisited.msg
[6.809s] -- Installing: /home/bhav/IITISoC-25-IVR09/gcs_ws/install/drone_interfaces/share/drone_interfaces/msg/DroneStatusUpdate.msg
[6.809s] -- Installing: /home/bhav/IITISoC-25-IVR09/gcs_ws/install/drone_interfaces/share/drone_interfaces/msg/DroneTypeChange.msg
[6.809s] -- Installing: /home/bhav/IITISoC-25-IVR09/gcs_ws/install/drone_interfaces/share/drone_interfaces/msg/Geotag.msg
[6.809s] -- Installing: /home/bhav/IITISoC-25-IVR09/gcs_ws/install/drone_interfaces/share/drone_interfaces/msg/GeotagArray.msg
[6.809s] -- Installing: /home/bhav/IITISoC-25-IVR09/gcs_ws/install/drone_interfaces/share/drone_interfaces/msg/GeotagRequest.msg
[6.809s] -- Installing: /home/bhav/IITISoC-25-IVR09/gcs_ws/install/drone_interfaces/share/drone_interfaces/msg/GeotagVisited.msg
[6.809s] -- Installing: /home/bhav/IITISoC-25-IVR09/gcs_ws/install/drone_interfaces/share/drone_interfaces/msg/SurveillanceStatus.msg
[6.810s] -- Installing: /home/bhav/IITISoC-25-IVR09/gcs_ws/install/drone_interfaces/share/drone_interfaces/srv/GetSeverityScore.srv
[6.810s] -- Installing: /home/bhav/IITISoC-25-IVR09/gcs_ws/install/drone_interfaces/share/drone_interfaces/srv/GetSeverityScore_Request.msg
[6.810s] -- Installing: /home/bhav/IITISoC-25-IVR09/gcs_ws/install/drone_interfaces/share/drone_interfaces/srv/GetSeverityScore_Response.msg
[6.810s] -- Installing: /home/bhav/IITISoC-25-IVR09/gcs_ws/install/drone_interfaces/share/ament_index/resource_index/package_run_dependencies/drone_interfaces
[6.810s] -- Installing: /home/bhav/IITISoC-25-IVR09/gcs_ws/install/drone_interfaces/share/ament_index/resource_index/parent_prefix_path/drone_interfaces
[6.810s] -- Installing: /home/bhav/IITISoC-25-IVR09/gcs_ws/install/drone_interfaces/share/drone_interfaces/environment/ament_prefix_path.sh
[6.810s] -- Installing: /home/bhav/IITISoC-25-IVR09/gcs_ws/install/drone_interfaces/share/drone_interfaces/environment/ament_prefix_path.dsv
[6.810s] -- Installing: /home/bhav/IITISoC-25-IVR09/gcs_ws/install/drone_interfaces/share/drone_interfaces/environment/path.sh
[6.810s] -- Installing: /home/bhav/IITISoC-25-IVR09/gcs_ws/install/drone_interfaces/share/drone_interfaces/environment/path.dsv
[6.811s] -- Installing: /home/bhav/IITISoC-25-IVR09/gcs_ws/install/drone_interfaces/share/drone_interfaces/local_setup.bash
[6.811s] -- Installing: /home/bhav/IITISoC-25-IVR09/gcs_ws/install/drone_interfaces/share/drone_interfaces/local_setup.sh
[6.811s] -- Installing: /home/bhav/IITISoC-25-IVR09/gcs_ws/install/drone_interfaces/share/drone_interfaces/local_setup.zsh
[6.811s] -- Installing: /home/bhav/IITISoC-25-IVR09/gcs_ws/install/drone_interfaces/share/drone_interfaces/local_setup.dsv
[6.811s] -- Installing: /home/bhav/IITISoC-25-IVR09/gcs_ws/install/drone_interfaces/share/drone_interfaces/package.dsv
[6.811s] -- Installing: /home/bhav/IITISoC-25-IVR09/gcs_ws/install/drone_interfaces/share/ament_index/resource_index/packages/drone_interfaces
[6.811s] -- Installing: /home/bhav/IITISoC-25-IVR09/gcs_ws/install/drone_interfaces/share/drone_interfaces/cmake/export_drone_interfaces__rosidl_generator_cExport.cmake
[6.811s] -- Installing: /home/bhav/IITISoC-25-IVR09/gcs_ws/install/drone_interfaces/share/drone_interfaces/cmake/export_drone_interfaces__rosidl_generator_cExport-noconfig.cmake
[6.811s] -- Installing: /home/bhav/IITISoC-25-IVR09/gcs_ws/install/drone_interfaces/share/drone_interfaces/cmake/export_drone_interfaces__rosidl_typesupport_fastrtps_cExport.cmake
[6.811s] -- Installing: /home/bhav/IITISoC-25-IVR09/gcs_ws/install/drone_interfaces/share/drone_interfaces/cmake/export_drone_interfaces__rosidl_typesupport_fastrtps_cExport-noconfig.cmake
[6.811s] -- Installing: /home/bhav/IITISoC-25-IVR09/gcs_ws/install/drone_interfaces/share/drone_interfaces/cmake/drone_interfaces__rosidl_typesupport_introspection_cExport.cmake
[6.811s] -- Installing: /home/bhav/IITISoC-25-IVR09/gcs_ws/install/drone_interfaces/share/drone_interfaces/cmake/drone_interfaces__rosidl_typesupport_introspection_cExport-noconfig.cmake
[6.812s] -- Installing: /home/bhav/IITISoC-25-IVR09/gcs_ws/install/drone_interfaces/share/drone_interfaces/cmake/drone_interfaces__rosidl_typesupport_cExport.cmake
[6.812s] -- Installing: /home/bhav/IITISoC-25-IVR09/gcs_ws/install/drone_interfaces/share/drone_interfaces/cmake/drone_interfaces__rosidl_typesupport_cExport-noconfig.cmake
[6.812s] -- Installing: /home/bhav/IITISoC-25-IVR09/gcs_ws/install/drone_interfaces/share/drone_interfaces/cmake/export_drone_interfaces__rosidl_generator_cppExport.cmake
[6.812s] -- Installing: /home/bhav/IITISoC-25-IVR09/gcs_ws/install/drone_interfaces/share/drone_interfaces/cmake/export_drone_interfaces__rosidl_typesupport_fastrtps_cppExport.cmake
[6.812s] -- Installing: /home/bhav/IITISoC-25-IVR09/gcs_ws/install/drone_interfaces/share/drone_interfaces/cmake/export_drone_interfaces__rosidl_typesupport_fastrtps_cppExport-noconfig.cmake
[6.812s] -- Installing: /home/bhav/IITISoC-25-IVR09/gcs_ws/install/drone_interfaces/share/drone_interfaces/cmake/drone_interfaces__rosidl_typesupport_introspection_cppExport.cmake
[6.812s] -- Installing: /home/bhav/IITISoC-25-IVR09/gcs_ws/install/drone_interfaces/share/drone_interfaces/cmake/drone_interfaces__rosidl_typesupport_introspection_cppExport-noconfig.cmake
[6.812s] -- Installing: /home/bhav/IITISoC-25-IVR09/gcs_ws/install/drone_interfaces/share/drone_interfaces/cmake/drone_interfaces__rosidl_typesupport_cppExport.cmake
[6.812s] -- Installing: /home/bhav/IITISoC-25-IVR09/gcs_ws/install/drone_interfaces/share/drone_interfaces/cmake/drone_interfaces__rosidl_typesupport_cppExport-noconfig.cmake
[6.812s] -- Installing: /home/bhav/IITISoC-25-IVR09/gcs_ws/install/drone_interfaces/share/drone_interfaces/cmake/export_drone_interfaces__rosidl_generator_pyExport.cmake
[6.812s] -- Installing: /home/bhav/IITISoC-25-IVR09/gcs_ws/install/drone_interfaces/share/drone_interfaces/cmake/export_drone_interfaces__rosidl_generator_pyExport-noconfig.cmake
[6.812s] -- Installing: /home/bhav/IITISoC-25-IVR09/gcs_ws/install/drone_interfaces/share/drone_interfaces/cmake/rosidl_cmake-extras.cmake
[6.813s] -- Installing: /home/bhav/IITISoC-25-IVR09/gcs_ws/install/drone_interfaces/share/drone_interfaces/cmake/ament_cmake_export_include_directories-extras.cmake
[6.813s] -- Installing: /home/bhav/IITISoC-25-IVR09/gcs_ws/install/drone_interfaces/share/drone_interfaces/cmake/ament_cmake_export_libraries-extras.cmake
[6.813s] -- Installing: /home/bhav/IITISoC-25-IVR09/gcs_ws/install/drone_interfaces/share/drone_interfaces/cmake/ament_cmake_export_targets-extras.cmake
[6.813s] -- Installing: /home/bhav/IITISoC-25-IVR09/gcs_ws/install/drone_interfaces/share/drone_interfaces/cmake/rosidl_cmake_export_typesupport_targets-extras.cmake
[6.813s] -- Installing: /home/bhav/IITISoC-25-IVR09/gcs_ws/install/drone_interfaces/share/drone_interfaces/cmake/ament_cmake_export_dependencies-extras.cmake
[6.813s] -- Installing: /home/bhav/IITISoC-25-IVR09/gcs_ws/install/drone_interfaces/share/drone_interfaces/cmake/rosidl_cmake_export_typesupport_libraries-extras.cmake
[6.813s] -- Installing: /home/bhav/IITISoC-25-IVR09/gcs_ws/install/drone_interfaces/share/drone_interfaces/cmake/drone_interfacesConfig.cmake
[6.813s] -- Installing: /home/bhav/IITISoC-25-IVR09/gcs_ws/install/drone_interfaces/share/drone_interfaces/cmake/drone_interfacesConfig-version.cmake
[6.813s] -- Installing: /home/bhav/IITISoC-25-IVR09/gcs_ws/install/drone_interfaces/share/drone_interfaces/package.xml
[6.815s] Invoked command in '/home/bhav/IITISoC-25-IVR09/gcs_ws/build/drone_interfaces' returned '0': CMAKE_PREFIX_PATH=${CMAKE_PREFIX_PATH}:/home/bhav/IITISoC-25-IVR09/gcs_ws/install/gcs_controller:/home/bhav/IITISoC-25-IVR09/gcs_ws/install/mission_utils:/home/bhav/IITISoC-25-IVR09/gcs_ws/install/drone_launch:/home/bhav/IITISoC-25-IVR09/gcs_ws/install/drone_2_manager:/home/bhav/IITISoC-25-IVR09/gcs_ws/install/drone_1_manager:/opt/ros/humble /usr/bin/cmake --install /home/bhav/IITISoC-25-IVR09/gcs_ws/build/drone_interfaces
