[3.088s] Invoking command in '/home/chakrapani/drone_files/IITI_SOC/gcs_ws/src/drone_1_manager': PYTHONPATH=/home/chakrapani/drone_files/IITI_SOC/gcs_ws/build/drone_1_manager/prefix_override:/usr/lib/python3/dist-packages/colcon_core/task/python/colcon_distutils_commands:/home/chakrapani/drone_files/IITI_SOC/gcs_ws/install/drone_1_manager/lib/python3.10/site-packages:${PYTHONPATH} /usr/bin/python3 -W ignore:setup.py install is deprecated -W ignore:easy_install command is deprecated setup.py egg_info --egg-base ../../build/drone_1_manager build --build-base /home/chakrapani/drone_files/IITI_SOC/gcs_ws/build/drone_1_manager/build install --record /home/chakrapani/drone_files/IITI_SOC/gcs_ws/build/drone_1_manager/install.log --single-version-externally-managed install_data
[4.040s] running egg_info
[4.051s] writing ../../build/drone_1_manager/drone_1_manager.egg-info/PKG-INFO
[4.054s] writing dependency_links to ../../build/drone_1_manager/drone_1_manager.egg-info/dependency_links.txt
[4.057s] writing entry points to ../../build/drone_1_manager/drone_1_manager.egg-info/entry_points.txt
[4.058s] writing requirements to ../../build/drone_1_manager/drone_1_manager.egg-info/requires.txt
[4.058s] writing top-level names to ../../build/drone_1_manager/drone_1_manager.egg-info/top_level.txt
[4.067s] reading manifest file '../../build/drone_1_manager/drone_1_manager.egg-info/SOURCES.txt'
[4.079s] writing manifest file '../../build/drone_1_manager/drone_1_manager.egg-info/SOURCES.txt'
[4.082s] running build
[4.082s] running build_py
[4.086s] copying drone_1_manager/mission_handler_node.py -> /home/chakrapani/drone_files/IITI_SOC/gcs_ws/build/drone_1_manager/build/lib/drone_1_manager
[4.101s] running install
[4.101s] running install_lib
[4.109s] copying /home/chakrapani/drone_files/IITI_SOC/gcs_ws/build/drone_1_manager/build/lib/drone_1_manager/mission_handler_node.py -> /home/chakrapani/drone_files/IITI_SOC/gcs_ws/install/drone_1_manager/lib/python3.10/site-packages/drone_1_manager
[4.110s] byte-compiling /home/chakrapani/drone_files/IITI_SOC/gcs_ws/install/drone_1_manager/lib/python3.10/site-packages/drone_1_manager/mission_handler_node.py to mission_handler_node.cpython-310.pyc
[4.117s] running install_data
[4.118s] running install_egg_info
[4.133s] removing '/home/chakrapani/drone_files/IITI_SOC/gcs_ws/install/drone_1_manager/lib/python3.10/site-packages/drone_1_manager-0.0.0-py3.10.egg-info' (and everything under it)
[4.136s] Copying ../../build/drone_1_manager/drone_1_manager.egg-info to /home/chakrapani/drone_files/IITI_SOC/gcs_ws/install/drone_1_manager/lib/python3.10/site-packages/drone_1_manager-0.0.0-py3.10.egg-info
[4.143s] running install_scripts
[4.219s] Installing mission_handler_node script to /home/chakrapani/drone_files/IITI_SOC/gcs_ws/install/drone_1_manager/lib/drone_1_manager
[4.221s] Installing status_publisher_node script to /home/chakrapani/drone_files/IITI_SOC/gcs_ws/install/drone_1_manager/lib/drone_1_manager
[4.223s] writing list of installed files to '/home/chakrapani/drone_files/IITI_SOC/gcs_ws/build/drone_1_manager/install.log'
[4.356s] Invoked command in '/home/chakrapani/drone_files/IITI_SOC/gcs_ws/src/drone_1_manager' returned '0': PYTHONPATH=/home/chakrapani/drone_files/IITI_SOC/gcs_ws/build/drone_1_manager/prefix_override:/usr/lib/python3/dist-packages/colcon_core/task/python/colcon_distutils_commands:/home/chakrapani/drone_files/IITI_SOC/gcs_ws/install/drone_1_manager/lib/python3.10/site-packages:${PYTHONPATH} /usr/bin/python3 -W ignore:setup.py install is deprecated -W ignore:easy_install command is deprecated setup.py egg_info --egg-base ../../build/drone_1_manager build --build-base /home/chakrapani/drone_files/IITI_SOC/gcs_ws/build/drone_1_manager/build install --record /home/chakrapani/drone_files/IITI_SOC/gcs_ws/build/drone_1_manager/install.log --single-version-externally-managed install_data
