[4.520s] Invoking command in '/home/chakrapani/drone_files/IITI_SOC/gcs_ws/src/drone_2_manager': PYTHONPATH=/home/chakrapani/drone_files/IITI_SOC/gcs_ws/build/drone_2_manager/prefix_override:/usr/lib/python3/dist-packages/colcon_core/task/python/colcon_distutils_commands:/home/chakrapani/drone_files/IITI_SOC/gcs_ws/install/drone_2_manager/lib/python3.10/site-packages:${PYTHONPATH} /usr/bin/python3 -W ignore:setup.py install is deprecated -W ignore:easy_install command is deprecated setup.py egg_info --egg-base ../../build/drone_2_manager build --build-base /home/chakrapani/drone_files/IITI_SOC/gcs_ws/build/drone_2_manager/build install --record /home/chakrapani/drone_files/IITI_SOC/gcs_ws/build/drone_2_manager/install.log --single-version-externally-managed install_data
[6.078s] running egg_info
[6.083s] writing ../../build/drone_2_manager/drone_2_manager.egg-info/PKG-INFO
[6.086s] writing dependency_links to ../../build/drone_2_manager/drone_2_manager.egg-info/dependency_links.txt
[6.086s] writing entry points to ../../build/drone_2_manager/drone_2_manager.egg-info/entry_points.txt
[6.089s] writing requirements to ../../build/drone_2_manager/drone_2_manager.egg-info/requires.txt
[6.089s] writing top-level names to ../../build/drone_2_manager/drone_2_manager.egg-info/top_level.txt
[6.093s] reading manifest file '../../build/drone_2_manager/drone_2_manager.egg-info/SOURCES.txt'
[6.094s] writing manifest file '../../build/drone_2_manager/drone_2_manager.egg-info/SOURCES.txt'
[6.094s] running build
[6.099s] running build_py
[6.100s] running install
[6.107s] running install_lib
[6.126s] running install_data
[6.126s] running install_egg_info
[6.135s] removing '/home/chakrapani/drone_files/IITI_SOC/gcs_ws/install/drone_2_manager/lib/python3.10/site-packages/drone_2_manager-0.0.0-py3.10.egg-info' (and everything under it)
[6.135s] Copying ../../build/drone_2_manager/drone_2_manager.egg-info to /home/chakrapani/drone_files/IITI_SOC/gcs_ws/install/drone_2_manager/lib/python3.10/site-packages/drone_2_manager-0.0.0-py3.10.egg-info
[6.147s] running install_scripts
[6.227s] Installing mission_handler_node script to /home/chakrapani/drone_files/IITI_SOC/gcs_ws/install/drone_2_manager/lib/drone_2_manager
[6.229s] Installing status_publisher_node script to /home/chakrapani/drone_files/IITI_SOC/gcs_ws/install/drone_2_manager/lib/drone_2_manager
[6.232s] writing list of installed files to '/home/chakrapani/drone_files/IITI_SOC/gcs_ws/build/drone_2_manager/install.log'
[6.391s] Invoked command in '/home/chakrapani/drone_files/IITI_SOC/gcs_ws/src/drone_2_manager' returned '0': PYTHONPATH=/home/chakrapani/drone_files/IITI_SOC/gcs_ws/build/drone_2_manager/prefix_override:/usr/lib/python3/dist-packages/colcon_core/task/python/colcon_distutils_commands:/home/chakrapani/drone_files/IITI_SOC/gcs_ws/install/drone_2_manager/lib/python3.10/site-packages:${PYTHONPATH} /usr/bin/python3 -W ignore:setup.py install is deprecated -W ignore:easy_install command is deprecated setup.py egg_info --egg-base ../../build/drone_2_manager build --build-base /home/chakrapani/drone_files/IITI_SOC/gcs_ws/build/drone_2_manager/build install --record /home/chakrapani/drone_files/IITI_SOC/gcs_ws/build/drone_2_manager/install.log --single-version-externally-managed install_data
