[2.933s] Invoking command in '/home/chakrapani/drone_files/IITI_SOC/gcs_ws/src/drone_2_manager': PYTHONPATH=/home/chakrapani/drone_files/IITI_SOC/gcs_ws/build/drone_2_manager/prefix_override:/usr/lib/python3/dist-packages/colcon_core/task/python/colcon_distutils_commands:/home/chakrapani/drone_files/IITI_SOC/gcs_ws/install/drone_2_manager/lib/python3.10/site-packages:${PYTHONPATH} /usr/bin/python3 -W ignore:setup.py install is deprecated -W ignore:easy_install command is deprecated setup.py egg_info --egg-base ../../build/drone_2_manager build --build-base /home/chakrapani/drone_files/IITI_SOC/gcs_ws/build/drone_2_manager/build install --record /home/chakrapani/drone_files/IITI_SOC/gcs_ws/build/drone_2_manager/install.log --single-version-externally-managed install_data
[3.822s] running egg_info
[3.829s] writing ../../build/drone_2_manager/drone_2_manager.egg-info/PKG-INFO
[3.831s] writing dependency_links to ../../build/drone_2_manager/drone_2_manager.egg-info/dependency_links.txt
[3.831s] writing entry points to ../../build/drone_2_manager/drone_2_manager.egg-info/entry_points.txt
[3.831s] writing requirements to ../../build/drone_2_manager/drone_2_manager.egg-info/requires.txt
[3.831s] writing top-level names to ../../build/drone_2_manager/drone_2_manager.egg-info/top_level.txt
[3.832s] reading manifest file '../../build/drone_2_manager/drone_2_manager.egg-info/SOURCES.txt'
[3.835s] writing manifest file '../../build/drone_2_manager/drone_2_manager.egg-info/SOURCES.txt'
[3.837s] running build
[3.838s] running build_py
[3.838s] running install
[3.838s] running install_lib
[3.839s] running install_data
[3.839s] running install_egg_info
[3.861s] removing '/home/chakrapani/drone_files/IITI_SOC/gcs_ws/install/drone_2_manager/lib/python3.10/site-packages/drone_2_manager-0.0.0-py3.10.egg-info' (and everything under it)
[3.862s] Copying ../../build/drone_2_manager/drone_2_manager.egg-info to /home/chakrapani/drone_files/IITI_SOC/gcs_ws/install/drone_2_manager/lib/python3.10/site-packages/drone_2_manager-0.0.0-py3.10.egg-info
[3.867s] running install_scripts
[3.936s] Installing mission_handler_node script to /home/chakrapani/drone_files/IITI_SOC/gcs_ws/install/drone_2_manager/lib/drone_2_manager
[3.936s] Installing status_publisher_node script to /home/chakrapani/drone_files/IITI_SOC/gcs_ws/install/drone_2_manager/lib/drone_2_manager
[3.937s] writing list of installed files to '/home/chakrapani/drone_files/IITI_SOC/gcs_ws/build/drone_2_manager/install.log'
[4.069s] Invoked command in '/home/chakrapani/drone_files/IITI_SOC/gcs_ws/src/drone_2_manager' returned '0': PYTHONPATH=/home/chakrapani/drone_files/IITI_SOC/gcs_ws/build/drone_2_manager/prefix_override:/usr/lib/python3/dist-packages/colcon_core/task/python/colcon_distutils_commands:/home/chakrapani/drone_files/IITI_SOC/gcs_ws/install/drone_2_manager/lib/python3.10/site-packages:${PYTHONPATH} /usr/bin/python3 -W ignore:setup.py install is deprecated -W ignore:easy_install command is deprecated setup.py egg_info --egg-base ../../build/drone_2_manager build --build-base /home/chakrapani/drone_files/IITI_SOC/gcs_ws/build/drone_2_manager/build install --record /home/chakrapani/drone_files/IITI_SOC/gcs_ws/build/drone_2_manager/install.log --single-version-externally-managed install_data
