[2.996s] Invoking command in '/home/chakrapani/drone_files/IITI_SOC/gcs_ws/src/drone_2_manager': PYTHONPATH=/home/chakrapani/drone_files/IITI_SOC/gcs_ws/build/drone_2_manager/prefix_override:/usr/lib/python3/dist-packages/colcon_core/task/python/colcon_distutils_commands:/home/chakrapani/drone_files/IITI_SOC/gcs_ws/install/drone_2_manager/lib/python3.10/site-packages:${PYTHONPATH} /usr/bin/python3 -W ignore:setup.py install is deprecated -W ignore:easy_install command is deprecated setup.py egg_info --egg-base ../../build/drone_2_manager build --build-base /home/chakrapani/drone_files/IITI_SOC/gcs_ws/build/drone_2_manager/build install --record /home/chakrapani/drone_files/IITI_SOC/gcs_ws/build/drone_2_manager/install.log --single-version-externally-managed install_data
[3.776s] running egg_info
[3.778s] writing ../../build/drone_2_manager/drone_2_manager.egg-info/PKG-INFO
[3.780s] writing dependency_links to ../../build/drone_2_manager/drone_2_manager.egg-info/dependency_links.txt
[3.781s] writing entry points to ../../build/drone_2_manager/drone_2_manager.egg-info/entry_points.txt
[3.782s] writing requirements to ../../build/drone_2_manager/drone_2_manager.egg-info/requires.txt
[3.783s] writing top-level names to ../../build/drone_2_manager/drone_2_manager.egg-info/top_level.txt
[3.787s] reading manifest file '../../build/drone_2_manager/drone_2_manager.egg-info/SOURCES.txt'
[3.788s] writing manifest file '../../build/drone_2_manager/drone_2_manager.egg-info/SOURCES.txt'
[3.788s] running build
[3.789s] running build_py
[3.790s] running install
[3.791s] running install_lib
[3.795s] running install_data
[3.795s] running install_egg_info
[3.800s] removing '/home/chakrapani/drone_files/IITI_SOC/gcs_ws/install/drone_2_manager/lib/python3.10/site-packages/drone_2_manager-0.0.0-py3.10.egg-info' (and everything under it)
[3.801s] Copying ../../build/drone_2_manager/drone_2_manager.egg-info to /home/chakrapani/drone_files/IITI_SOC/gcs_ws/install/drone_2_manager/lib/python3.10/site-packages/drone_2_manager-0.0.0-py3.10.egg-info
[3.803s] running install_scripts
[3.832s] Installing mission_handler_node script to /home/chakrapani/drone_files/IITI_SOC/gcs_ws/install/drone_2_manager/lib/drone_2_manager
[3.833s] Installing status_publisher_node script to /home/chakrapani/drone_files/IITI_SOC/gcs_ws/install/drone_2_manager/lib/drone_2_manager
[3.833s] writing list of installed files to '/home/chakrapani/drone_files/IITI_SOC/gcs_ws/build/drone_2_manager/install.log'
[3.876s] Invoked command in '/home/chakrapani/drone_files/IITI_SOC/gcs_ws/src/drone_2_manager' returned '0': PYTHONPATH=/home/chakrapani/drone_files/IITI_SOC/gcs_ws/build/drone_2_manager/prefix_override:/usr/lib/python3/dist-packages/colcon_core/task/python/colcon_distutils_commands:/home/chakrapani/drone_files/IITI_SOC/gcs_ws/install/drone_2_manager/lib/python3.10/site-packages:${PYTHONPATH} /usr/bin/python3 -W ignore:setup.py install is deprecated -W ignore:easy_install command is deprecated setup.py egg_info --egg-base ../../build/drone_2_manager build --build-base /home/chakrapani/drone_files/IITI_SOC/gcs_ws/build/drone_2_manager/build install --record /home/chakrapani/drone_files/IITI_SOC/gcs_ws/build/drone_2_manager/install.log --single-version-externally-managed install_data
