[3.233s] Invoking command in '/home/chakrapani/drone_files/IITI_SOC/gcs_ws/src/drone_1_manager': PYTHONPATH=/home/chakrapani/drone_files/IITI_SOC/gcs_ws/build/drone_1_manager/prefix_override:/usr/lib/python3/dist-packages/colcon_core/task/python/colcon_distutils_commands:/home/chakrapani/drone_files/IITI_SOC/gcs_ws/install/drone_1_manager/lib/python3.10/site-packages:${PYTHONPATH} /usr/bin/python3 -W ignore:setup.py install is deprecated -W ignore:easy_install command is deprecated setup.py egg_info --egg-base ../../build/drone_1_manager build --build-base /home/chakrapani/drone_files/IITI_SOC/gcs_ws/build/drone_1_manager/build install --record /home/chakrapani/drone_files/IITI_SOC/gcs_ws/build/drone_1_manager/install.log --single-version-externally-managed install_data
[4.402s] running egg_info
[4.412s] writing ../../build/drone_1_manager/drone_1_manager.egg-info/PKG-INFO
[4.415s] writing dependency_links to ../../build/drone_1_manager/drone_1_manager.egg-info/dependency_links.txt
[4.418s] writing entry points to ../../build/drone_1_manager/drone_1_manager.egg-info/entry_points.txt
[4.421s] writing requirements to ../../build/drone_1_manager/drone_1_manager.egg-info/requires.txt
[4.428s] writing top-level names to ../../build/drone_1_manager/drone_1_manager.egg-info/top_level.txt
[4.442s] reading manifest file '../../build/drone_1_manager/drone_1_manager.egg-info/SOURCES.txt'
[4.443s] writing manifest file '../../build/drone_1_manager/drone_1_manager.egg-info/SOURCES.txt'
[4.445s] running build
[4.447s] running build_py
[4.458s] copying drone_1_manager/offboard_controller_node.py -> /home/chakrapani/drone_files/IITI_SOC/gcs_ws/build/drone_1_manager/build/lib/drone_1_manager
[4.465s] running install
[4.467s] running install_lib
[4.470s] copying /home/chakrapani/drone_files/IITI_SOC/gcs_ws/build/drone_1_manager/build/lib/drone_1_manager/offboard_controller_node.py -> /home/chakrapani/drone_files/IITI_SOC/gcs_ws/install/drone_1_manager/lib/python3.10/site-packages/drone_1_manager
[4.475s] byte-compiling /home/chakrapani/drone_files/IITI_SOC/gcs_ws/install/drone_1_manager/lib/python3.10/site-packages/drone_1_manager/offboard_controller_node.py to offboard_controller_node.cpython-310.pyc
[4.494s] running install_data
[4.495s] running install_egg_info
[4.503s] removing '/home/chakrapani/drone_files/IITI_SOC/gcs_ws/install/drone_1_manager/lib/python3.10/site-packages/drone_1_manager-0.0.0-py3.10.egg-info' (and everything under it)
[4.516s] Copying ../../build/drone_1_manager/drone_1_manager.egg-info to /home/chakrapani/drone_files/IITI_SOC/gcs_ws/install/drone_1_manager/lib/python3.10/site-packages/drone_1_manager-0.0.0-py3.10.egg-info
[4.524s] running install_scripts
[4.635s] Installing mission_handler_node script to /home/chakrapani/drone_files/IITI_SOC/gcs_ws/install/drone_1_manager/lib/drone_1_manager
[4.635s] Installing offboard_controller_node script to /home/chakrapani/drone_files/IITI_SOC/gcs_ws/install/drone_1_manager/lib/drone_1_manager
[4.636s] Installing status_publisher_node script to /home/chakrapani/drone_files/IITI_SOC/gcs_ws/install/drone_1_manager/lib/drone_1_manager
[4.636s] writing list of installed files to '/home/chakrapani/drone_files/IITI_SOC/gcs_ws/build/drone_1_manager/install.log'
[4.830s] Invoked command in '/home/chakrapani/drone_files/IITI_SOC/gcs_ws/src/drone_1_manager' returned '0': PYTHONPATH=/home/chakrapani/drone_files/IITI_SOC/gcs_ws/build/drone_1_manager/prefix_override:/usr/lib/python3/dist-packages/colcon_core/task/python/colcon_distutils_commands:/home/chakrapani/drone_files/IITI_SOC/gcs_ws/install/drone_1_manager/lib/python3.10/site-packages:${PYTHONPATH} /usr/bin/python3 -W ignore:setup.py install is deprecated -W ignore:easy_install command is deprecated setup.py egg_info --egg-base ../../build/drone_1_manager build --build-base /home/chakrapani/drone_files/IITI_SOC/gcs_ws/build/drone_1_manager/build install --record /home/chakrapani/drone_files/IITI_SOC/gcs_ws/build/drone_1_manager/install.log --single-version-externally-managed install_data
