[0.264s] DEBUG:colcon:Command line arguments: ['/usr/bin/colcon', 'build']
[0.264s] DEBUG:colcon:Parsed command line arguments: Namespace(log_base=None, log_level=None, verb_name='build', build_base='build', install_base='install', merge_install=False, symlink_install=False, test_result_base=None, continue_on_error=False, executor='parallel', parallel_workers=2, event_handlers=None, ignore_user_meta=False, metas=['./colcon.meta'], base_paths=['.'], packages_ignore=None, packages_ignore_regex=None, paths=None, packages_up_to=None, packages_up_to_regex=None, packages_above=None, packages_above_and_dependencies=None, packages_above_depth=None, packages_select_by_dep=None, packages_skip_by_dep=None, packages_skip_up_to=None, packages_select_build_failed=False, packages_skip_build_finished=False, packages_select_test_failures=False, packages_skip_test_passed=False, packages_select=None, packages_skip=None, packages_select_regex=None, packages_skip_regex=None, packages_start=None, packages_end=None, allow_overriding=[], cmake_args=None, cmake_target=None, cmake_target_skip_unavailable=False, cmake_clean_cache=False, cmake_clean_first=False, cmake_force_configure=False, ament_cmake_args=None, catkin_cmake_args=None, catkin_skip_building_tests=False, mixin_files=None, mixin=None, verb_parser=<colcon_mixin.mixin.mixin_argument.MixinArgumentDecorator object at 0x7a91ed953e20>, verb_extension=<colcon_core.verb.build.BuildVerb object at 0x7a91eda98d30>, main=<bound method BuildVerb.main of <colcon_core.verb.build.BuildVerb object at 0x7a91eda98d30>>, mixin_verb=('build',))
[0.622s] Level 1:colcon.colcon_core.package_discovery:discover_packages(colcon_meta) check parameters
[0.622s] Level 1:colcon.colcon_core.package_discovery:discover_packages(recursive) check parameters
[0.623s] Level 1:colcon.colcon_core.package_discovery:discover_packages(ignore) check parameters
[0.623s] Level 1:colcon.colcon_core.package_discovery:discover_packages(path) check parameters
[0.623s] Level 1:colcon.colcon_core.package_discovery:discover_packages(colcon_meta) discover
[0.623s] Level 1:colcon.colcon_core.package_discovery:discover_packages(recursive) discover
[0.623s] INFO:colcon.colcon_core.package_discovery:Crawling recursively for packages in '/home/chakrapani/drone_files/IITI_SOC/gcs_ws'
[0.623s] Level 1:colcon.colcon_core.package_identification:_identify(.) by extensions ['ignore', 'ignore_ament_install']
[0.623s] Level 1:colcon.colcon_core.package_identification:_identify(.) by extension 'ignore'
[0.623s] Level 1:colcon.colcon_core.package_identification:_identify(.) by extension 'ignore_ament_install'
[0.623s] Level 1:colcon.colcon_core.package_identification:_identify(.) by extensions ['colcon_pkg']
[0.623s] Level 1:colcon.colcon_core.package_identification:_identify(.) by extension 'colcon_pkg'
[0.623s] Level 1:colcon.colcon_core.package_identification:_identify(.) by extensions ['colcon_meta']
[0.623s] Level 1:colcon.colcon_core.package_identification:_identify(.) by extension 'colcon_meta'
[0.623s] Level 1:colcon.colcon_core.package_identification:_identify(.) by extensions ['ros']
[0.623s] Level 1:colcon.colcon_core.package_identification:_identify(.) by extension 'ros'
[0.648s] Level 1:colcon.colcon_core.package_identification:_identify(.) by extensions ['cmake', 'python']
[0.648s] Level 1:colcon.colcon_core.package_identification:_identify(.) by extension 'cmake'
[0.648s] Level 1:colcon.colcon_core.package_identification:_identify(.) by extension 'python'
[0.649s] Level 1:colcon.colcon_core.package_identification:_identify(.) by extensions ['python_setup_py']
[0.649s] Level 1:colcon.colcon_core.package_identification:_identify(.) by extension 'python_setup_py'
[0.649s] Level 1:colcon.colcon_core.package_identification:_identify(build) by extensions ['ignore', 'ignore_ament_install']
[0.649s] Level 1:colcon.colcon_core.package_identification:_identify(build) by extension 'ignore'
[0.649s] Level 1:colcon.colcon_core.package_identification:_identify(build) ignored
[0.649s] Level 1:colcon.colcon_core.package_identification:_identify(install) by extensions ['ignore', 'ignore_ament_install']
[0.649s] Level 1:colcon.colcon_core.package_identification:_identify(install) by extension 'ignore'
[0.649s] Level 1:colcon.colcon_core.package_identification:_identify(install) ignored
[0.650s] Level 1:colcon.colcon_core.package_identification:_identify(log) by extensions ['ignore', 'ignore_ament_install']
[0.650s] Level 1:colcon.colcon_core.package_identification:_identify(log) by extension 'ignore'
[0.650s] Level 1:colcon.colcon_core.package_identification:_identify(log) ignored
[0.650s] Level 1:colcon.colcon_core.package_identification:_identify(src) by extensions ['ignore', 'ignore_ament_install']
[0.650s] Level 1:colcon.colcon_core.package_identification:_identify(src) by extension 'ignore'
[0.650s] Level 1:colcon.colcon_core.package_identification:_identify(src) by extension 'ignore_ament_install'
[0.650s] Level 1:colcon.colcon_core.package_identification:_identify(src) by extensions ['colcon_pkg']
[0.651s] Level 1:colcon.colcon_core.package_identification:_identify(src) by extension 'colcon_pkg'
[0.651s] Level 1:colcon.colcon_core.package_identification:_identify(src) by extensions ['colcon_meta']
[0.651s] Level 1:colcon.colcon_core.package_identification:_identify(src) by extension 'colcon_meta'
[0.651s] Level 1:colcon.colcon_core.package_identification:_identify(src) by extensions ['ros']
[0.651s] Level 1:colcon.colcon_core.package_identification:_identify(src) by extension 'ros'
[0.651s] Level 1:colcon.colcon_core.package_identification:_identify(src) by extensions ['cmake', 'python']
[0.651s] Level 1:colcon.colcon_core.package_identification:_identify(src) by extension 'cmake'
[0.651s] Level 1:colcon.colcon_core.package_identification:_identify(src) by extension 'python'
[0.651s] Level 1:colcon.colcon_core.package_identification:_identify(src) by extensions ['python_setup_py']
[0.651s] Level 1:colcon.colcon_core.package_identification:_identify(src) by extension 'python_setup_py'
[0.652s] Level 1:colcon.colcon_core.package_identification:_identify(src/drone_1_manager) by extensions ['ignore', 'ignore_ament_install']
[0.652s] Level 1:colcon.colcon_core.package_identification:_identify(src/drone_1_manager) by extension 'ignore'
[0.652s] Level 1:colcon.colcon_core.package_identification:_identify(src/drone_1_manager) by extension 'ignore_ament_install'
[0.652s] Level 1:colcon.colcon_core.package_identification:_identify(src/drone_1_manager) by extensions ['colcon_pkg']
[0.653s] Level 1:colcon.colcon_core.package_identification:_identify(src/drone_1_manager) by extension 'colcon_pkg'
[0.653s] Level 1:colcon.colcon_core.package_identification:_identify(src/drone_1_manager) by extensions ['colcon_meta']
[0.653s] Level 1:colcon.colcon_core.package_identification:_identify(src/drone_1_manager) by extension 'colcon_meta'
[0.653s] Level 1:colcon.colcon_core.package_identification:_identify(src/drone_1_manager) by extensions ['ros']
[0.653s] Level 1:colcon.colcon_core.package_identification:_identify(src/drone_1_manager) by extension 'ros'
[0.663s] DEBUG:colcon.colcon_core.package_identification:Package 'src/drone_1_manager' with type 'ros.ament_python' and name 'drone_1_manager'
[0.664s] Level 1:colcon.colcon_core.package_identification:_identify(src/drone_2_manager) by extensions ['ignore', 'ignore_ament_install']
[0.664s] Level 1:colcon.colcon_core.package_identification:_identify(src/drone_2_manager) by extension 'ignore'
[0.664s] Level 1:colcon.colcon_core.package_identification:_identify(src/drone_2_manager) by extension 'ignore_ament_install'
[0.664s] Level 1:colcon.colcon_core.package_identification:_identify(src/drone_2_manager) by extensions ['colcon_pkg']
[0.664s] Level 1:colcon.colcon_core.package_identification:_identify(src/drone_2_manager) by extension 'colcon_pkg'
[0.664s] Level 1:colcon.colcon_core.package_identification:_identify(src/drone_2_manager) by extensions ['colcon_meta']
[0.664s] Level 1:colcon.colcon_core.package_identification:_identify(src/drone_2_manager) by extension 'colcon_meta'
[0.664s] Level 1:colcon.colcon_core.package_identification:_identify(src/drone_2_manager) by extensions ['ros']
[0.664s] Level 1:colcon.colcon_core.package_identification:_identify(src/drone_2_manager) by extension 'ros'
[0.666s] DEBUG:colcon.colcon_core.package_identification:Package 'src/drone_2_manager' with type 'ros.ament_python' and name 'drone_2_manager'
[0.666s] Level 1:colcon.colcon_core.package_identification:_identify(src/drone_interfaces) by extensions ['ignore', 'ignore_ament_install']
[0.666s] Level 1:colcon.colcon_core.package_identification:_identify(src/drone_interfaces) by extension 'ignore'
[0.666s] Level 1:colcon.colcon_core.package_identification:_identify(src/drone_interfaces) by extension 'ignore_ament_install'
[0.666s] Level 1:colcon.colcon_core.package_identification:_identify(src/drone_interfaces) by extensions ['colcon_pkg']
[0.667s] Level 1:colcon.colcon_core.package_identification:_identify(src/drone_interfaces) by extension 'colcon_pkg'
[0.667s] Level 1:colcon.colcon_core.package_identification:_identify(src/drone_interfaces) by extensions ['colcon_meta']
[0.667s] Level 1:colcon.colcon_core.package_identification:_identify(src/drone_interfaces) by extension 'colcon_meta'
[0.667s] Level 1:colcon.colcon_core.package_identification:_identify(src/drone_interfaces) by extensions ['ros']
[0.667s] Level 1:colcon.colcon_core.package_identification:_identify(src/drone_interfaces) by extension 'ros'
[0.668s] DEBUG:colcon.colcon_core.package_identification:Package 'src/drone_interfaces' with type 'ros.ament_cmake' and name 'drone_interfaces'
[0.668s] Level 1:colcon.colcon_core.package_identification:_identify(src/drone_launch) by extensions ['ignore', 'ignore_ament_install']
[0.668s] Level 1:colcon.colcon_core.package_identification:_identify(src/drone_launch) by extension 'ignore'
[0.668s] Level 1:colcon.colcon_core.package_identification:_identify(src/drone_launch) by extension 'ignore_ament_install'
[0.668s] Level 1:colcon.colcon_core.package_identification:_identify(src/drone_launch) by extensions ['colcon_pkg']
[0.668s] Level 1:colcon.colcon_core.package_identification:_identify(src/drone_launch) by extension 'colcon_pkg'
[0.669s] Level 1:colcon.colcon_core.package_identification:_identify(src/drone_launch) by extensions ['colcon_meta']
[0.669s] Level 1:colcon.colcon_core.package_identification:_identify(src/drone_launch) by extension 'colcon_meta'
[0.669s] Level 1:colcon.colcon_core.package_identification:_identify(src/drone_launch) by extensions ['ros']
[0.669s] Level 1:colcon.colcon_core.package_identification:_identify(src/drone_launch) by extension 'ros'
[0.670s] DEBUG:colcon.colcon_core.package_identification:Package 'src/drone_launch' with type 'ros.ament_python' and name 'drone_launch'
[0.670s] Level 1:colcon.colcon_core.package_identification:_identify(src/gcs_controller) by extensions ['ignore', 'ignore_ament_install']
[0.670s] Level 1:colcon.colcon_core.package_identification:_identify(src/gcs_controller) by extension 'ignore'
[0.671s] Level 1:colcon.colcon_core.package_identification:_identify(src/gcs_controller) by extension 'ignore_ament_install'
[0.671s] Level 1:colcon.colcon_core.package_identification:_identify(src/gcs_controller) by extensions ['colcon_pkg']
[0.671s] Level 1:colcon.colcon_core.package_identification:_identify(src/gcs_controller) by extension 'colcon_pkg'
[0.671s] Level 1:colcon.colcon_core.package_identification:_identify(src/gcs_controller) by extensions ['colcon_meta']
[0.671s] Level 1:colcon.colcon_core.package_identification:_identify(src/gcs_controller) by extension 'colcon_meta'
[0.671s] Level 1:colcon.colcon_core.package_identification:_identify(src/gcs_controller) by extensions ['ros']
[0.671s] Level 1:colcon.colcon_core.package_identification:_identify(src/gcs_controller) by extension 'ros'
[0.672s] DEBUG:colcon.colcon_core.package_identification:Package 'src/gcs_controller' with type 'ros.ament_python' and name 'gcs_controller'
[0.672s] Level 1:colcon.colcon_core.package_identification:_identify(src/mission_utils) by extensions ['ignore', 'ignore_ament_install']
[0.672s] Level 1:colcon.colcon_core.package_identification:_identify(src/mission_utils) by extension 'ignore'
[0.672s] Level 1:colcon.colcon_core.package_identification:_identify(src/mission_utils) by extension 'ignore_ament_install'
[0.672s] Level 1:colcon.colcon_core.package_identification:_identify(src/mission_utils) by extensions ['colcon_pkg']
[0.672s] Level 1:colcon.colcon_core.package_identification:_identify(src/mission_utils) by extension 'colcon_pkg'
[0.672s] Level 1:colcon.colcon_core.package_identification:_identify(src/mission_utils) by extensions ['colcon_meta']
[0.672s] Level 1:colcon.colcon_core.package_identification:_identify(src/mission_utils) by extension 'colcon_meta'
[0.672s] Level 1:colcon.colcon_core.package_identification:_identify(src/mission_utils) by extensions ['ros']
[0.672s] Level 1:colcon.colcon_core.package_identification:_identify(src/mission_utils) by extension 'ros'
[0.673s] DEBUG:colcon.colcon_core.package_identification:Package 'src/mission_utils' with type 'ros.ament_python' and name 'mission_utils'
[0.673s] Level 1:colcon.colcon_core.package_discovery:discover_packages(recursive) using defaults
[0.674s] Level 1:colcon.colcon_core.package_discovery:discover_packages(ignore) discover
[0.674s] Level 1:colcon.colcon_core.package_discovery:discover_packages(ignore) using defaults
[0.674s] Level 1:colcon.colcon_core.package_discovery:discover_packages(path) discover
[0.674s] Level 1:colcon.colcon_core.package_discovery:discover_packages(path) using defaults
[0.758s] Level 1:colcon.colcon_core.package_discovery:discover_packages(prefix_path) check parameters
[0.759s] Level 1:colcon.colcon_core.package_discovery:discover_packages(prefix_path) discover
[0.770s] DEBUG:colcon.colcon_installed_package_information.package_discovery:Found 6 installed packages in /home/chakrapani/drone_files/IITI_SOC/gcs_ws/install
[0.771s] DEBUG:colcon.colcon_installed_package_information.package_discovery:Found 2 installed packages in /home/chakrapani/ros2_px4_offboard_example_ws/install
[0.772s] DEBUG:colcon.colcon_installed_package_information.package_discovery:Found 7 installed packages in /home/chakrapani/octomap_ws/install
[0.772s] DEBUG:colcon.colcon_installed_package_information.package_discovery:Found 2 installed packages in /home/chakrapani/drone_files/drone_repos/install
[0.773s] DEBUG:colcon.colcon_installed_package_information.package_discovery:Found 1 installed packages in /home/chakrapani/px4_ros_ws/install
[0.775s] DEBUG:colcon.colcon_installed_package_information.package_discovery:Found 341 installed packages in /opt/ros/humble
[0.777s] Level 1:colcon.colcon_core.package_discovery:discover_packages(prefix_path) using defaults
[0.882s] Level 5:colcon.colcon_core.verb:set package 'drone_interfaces' build argument 'cmake_args' from command line to 'None'
[0.882s] Level 5:colcon.colcon_core.verb:set package 'drone_interfaces' build argument 'cmake_target' from command line to 'None'
[0.882s] Level 5:colcon.colcon_core.verb:set package 'drone_interfaces' build argument 'cmake_target_skip_unavailable' from command line to 'False'
[0.882s] Level 5:colcon.colcon_core.verb:set package 'drone_interfaces' build argument 'cmake_clean_cache' from command line to 'False'
[0.882s] Level 5:colcon.colcon_core.verb:set package 'drone_interfaces' build argument 'cmake_clean_first' from command line to 'False'
[0.882s] Level 5:colcon.colcon_core.verb:set package 'drone_interfaces' build argument 'cmake_force_configure' from command line to 'False'
[0.882s] Level 5:colcon.colcon_core.verb:set package 'drone_interfaces' build argument 'ament_cmake_args' from command line to 'None'
[0.882s] Level 5:colcon.colcon_core.verb:set package 'drone_interfaces' build argument 'catkin_cmake_args' from command line to 'None'
[0.882s] Level 5:colcon.colcon_core.verb:set package 'drone_interfaces' build argument 'catkin_skip_building_tests' from command line to 'False'
[0.883s] DEBUG:colcon.colcon_core.verb:Building package 'drone_interfaces' with the following arguments: {'ament_cmake_args': None, 'build_base': '/home/chakrapani/drone_files/IITI_SOC/gcs_ws/build/drone_interfaces', 'catkin_cmake_args': None, 'catkin_skip_building_tests': False, 'cmake_args': None, 'cmake_clean_cache': False, 'cmake_clean_first': False, 'cmake_force_configure': False, 'cmake_target': None, 'cmake_target_skip_unavailable': False, 'install_base': '/home/chakrapani/drone_files/IITI_SOC/gcs_ws/install/drone_interfaces', 'merge_install': False, 'path': '/home/chakrapani/drone_files/IITI_SOC/gcs_ws/src/drone_interfaces', 'symlink_install': False, 'test_result_base': None}
[0.883s] Level 5:colcon.colcon_core.verb:set package 'drone_launch' build argument 'cmake_args' from command line to 'None'
[0.883s] Level 5:colcon.colcon_core.verb:set package 'drone_launch' build argument 'cmake_target' from command line to 'None'
[0.883s] Level 5:colcon.colcon_core.verb:set package 'drone_launch' build argument 'cmake_target_skip_unavailable' from command line to 'False'
[0.883s] Level 5:colcon.colcon_core.verb:set package 'drone_launch' build argument 'cmake_clean_cache' from command line to 'False'
[0.883s] Level 5:colcon.colcon_core.verb:set package 'drone_launch' build argument 'cmake_clean_first' from command line to 'False'
[0.883s] Level 5:colcon.colcon_core.verb:set package 'drone_launch' build argument 'cmake_force_configure' from command line to 'False'
[0.883s] Level 5:colcon.colcon_core.verb:set package 'drone_launch' build argument 'ament_cmake_args' from command line to 'None'
[0.883s] Level 5:colcon.colcon_core.verb:set package 'drone_launch' build argument 'catkin_cmake_args' from command line to 'None'
[0.883s] Level 5:colcon.colcon_core.verb:set package 'drone_launch' build argument 'catkin_skip_building_tests' from command line to 'False'
[0.885s] DEBUG:colcon.colcon_core.verb:Building package 'drone_launch' with the following arguments: {'ament_cmake_args': None, 'build_base': '/home/chakrapani/drone_files/IITI_SOC/gcs_ws/build/drone_launch', 'catkin_cmake_args': None, 'catkin_skip_building_tests': False, 'cmake_args': None, 'cmake_clean_cache': False, 'cmake_clean_first': False, 'cmake_force_configure': False, 'cmake_target': None, 'cmake_target_skip_unavailable': False, 'install_base': '/home/chakrapani/drone_files/IITI_SOC/gcs_ws/install/drone_launch', 'merge_install': False, 'path': '/home/chakrapani/drone_files/IITI_SOC/gcs_ws/src/drone_launch', 'symlink_install': False, 'test_result_base': None}
[0.885s] Level 5:colcon.colcon_core.verb:set package 'mission_utils' build argument 'cmake_args' from command line to 'None'
[0.886s] Level 5:colcon.colcon_core.verb:set package 'mission_utils' build argument 'cmake_target' from command line to 'None'
[0.886s] Level 5:colcon.colcon_core.verb:set package 'mission_utils' build argument 'cmake_target_skip_unavailable' from command line to 'False'
[0.886s] Level 5:colcon.colcon_core.verb:set package 'mission_utils' build argument 'cmake_clean_cache' from command line to 'False'
[0.886s] Level 5:colcon.colcon_core.verb:set package 'mission_utils' build argument 'cmake_clean_first' from command line to 'False'
[0.886s] Level 5:colcon.colcon_core.verb:set package 'mission_utils' build argument 'cmake_force_configure' from command line to 'False'
[0.886s] Level 5:colcon.colcon_core.verb:set package 'mission_utils' build argument 'ament_cmake_args' from command line to 'None'
[0.886s] Level 5:colcon.colcon_core.verb:set package 'mission_utils' build argument 'catkin_cmake_args' from command line to 'None'
[0.886s] Level 5:colcon.colcon_core.verb:set package 'mission_utils' build argument 'catkin_skip_building_tests' from command line to 'False'
[0.886s] DEBUG:colcon.colcon_core.verb:Building package 'mission_utils' with the following arguments: {'ament_cmake_args': None, 'build_base': '/home/chakrapani/drone_files/IITI_SOC/gcs_ws/build/mission_utils', 'catkin_cmake_args': None, 'catkin_skip_building_tests': False, 'cmake_args': None, 'cmake_clean_cache': False, 'cmake_clean_first': False, 'cmake_force_configure': False, 'cmake_target': None, 'cmake_target_skip_unavailable': False, 'install_base': '/home/chakrapani/drone_files/IITI_SOC/gcs_ws/install/mission_utils', 'merge_install': False, 'path': '/home/chakrapani/drone_files/IITI_SOC/gcs_ws/src/mission_utils', 'symlink_install': False, 'test_result_base': None}
[0.886s] Level 5:colcon.colcon_core.verb:set package 'drone_1_manager' build argument 'cmake_args' from command line to 'None'
[0.886s] Level 5:colcon.colcon_core.verb:set package 'drone_1_manager' build argument 'cmake_target' from command line to 'None'
[0.887s] Level 5:colcon.colcon_core.verb:set package 'drone_1_manager' build argument 'cmake_target_skip_unavailable' from command line to 'False'
[0.887s] Level 5:colcon.colcon_core.verb:set package 'drone_1_manager' build argument 'cmake_clean_cache' from command line to 'False'
[0.887s] Level 5:colcon.colcon_core.verb:set package 'drone_1_manager' build argument 'cmake_clean_first' from command line to 'False'
[0.887s] Level 5:colcon.colcon_core.verb:set package 'drone_1_manager' build argument 'cmake_force_configure' from command line to 'False'
[0.887s] Level 5:colcon.colcon_core.verb:set package 'drone_1_manager' build argument 'ament_cmake_args' from command line to 'None'
[0.887s] Level 5:colcon.colcon_core.verb:set package 'drone_1_manager' build argument 'catkin_cmake_args' from command line to 'None'
[0.887s] Level 5:colcon.colcon_core.verb:set package 'drone_1_manager' build argument 'catkin_skip_building_tests' from command line to 'False'
[0.887s] DEBUG:colcon.colcon_core.verb:Building package 'drone_1_manager' with the following arguments: {'ament_cmake_args': None, 'build_base': '/home/chakrapani/drone_files/IITI_SOC/gcs_ws/build/drone_1_manager', 'catkin_cmake_args': None, 'catkin_skip_building_tests': False, 'cmake_args': None, 'cmake_clean_cache': False, 'cmake_clean_first': False, 'cmake_force_configure': False, 'cmake_target': None, 'cmake_target_skip_unavailable': False, 'install_base': '/home/chakrapani/drone_files/IITI_SOC/gcs_ws/install/drone_1_manager', 'merge_install': False, 'path': '/home/chakrapani/drone_files/IITI_SOC/gcs_ws/src/drone_1_manager', 'symlink_install': False, 'test_result_base': None}
[0.887s] Level 5:colcon.colcon_core.verb:set package 'drone_2_manager' build argument 'cmake_args' from command line to 'None'
[0.887s] Level 5:colcon.colcon_core.verb:set package 'drone_2_manager' build argument 'cmake_target' from command line to 'None'
[0.887s] Level 5:colcon.colcon_core.verb:set package 'drone_2_manager' build argument 'cmake_target_skip_unavailable' from command line to 'False'
[0.887s] Level 5:colcon.colcon_core.verb:set package 'drone_2_manager' build argument 'cmake_clean_cache' from command line to 'False'
[0.887s] Level 5:colcon.colcon_core.verb:set package 'drone_2_manager' build argument 'cmake_clean_first' from command line to 'False'
[0.887s] Level 5:colcon.colcon_core.verb:set package 'drone_2_manager' build argument 'cmake_force_configure' from command line to 'False'
[0.888s] Level 5:colcon.colcon_core.verb:set package 'drone_2_manager' build argument 'ament_cmake_args' from command line to 'None'
[0.888s] Level 5:colcon.colcon_core.verb:set package 'drone_2_manager' build argument 'catkin_cmake_args' from command line to 'None'
[0.888s] Level 5:colcon.colcon_core.verb:set package 'drone_2_manager' build argument 'catkin_skip_building_tests' from command line to 'False'
[0.888s] DEBUG:colcon.colcon_core.verb:Building package 'drone_2_manager' with the following arguments: {'ament_cmake_args': None, 'build_base': '/home/chakrapani/drone_files/IITI_SOC/gcs_ws/build/drone_2_manager', 'catkin_cmake_args': None, 'catkin_skip_building_tests': False, 'cmake_args': None, 'cmake_clean_cache': False, 'cmake_clean_first': False, 'cmake_force_configure': False, 'cmake_target': None, 'cmake_target_skip_unavailable': False, 'install_base': '/home/chakrapani/drone_files/IITI_SOC/gcs_ws/install/drone_2_manager', 'merge_install': False, 'path': '/home/chakrapani/drone_files/IITI_SOC/gcs_ws/src/drone_2_manager', 'symlink_install': False, 'test_result_base': None}
[0.889s] Level 5:colcon.colcon_core.verb:set package 'gcs_controller' build argument 'cmake_args' from command line to 'None'
[0.889s] Level 5:colcon.colcon_core.verb:set package 'gcs_controller' build argument 'cmake_target' from command line to 'None'
[0.889s] Level 5:colcon.colcon_core.verb:set package 'gcs_controller' build argument 'cmake_target_skip_unavailable' from command line to 'False'
[0.890s] Level 5:colcon.colcon_core.verb:set package 'gcs_controller' build argument 'cmake_clean_cache' from command line to 'False'
[0.890s] Level 5:colcon.colcon_core.verb:set package 'gcs_controller' build argument 'cmake_clean_first' from command line to 'False'
[0.890s] Level 5:colcon.colcon_core.verb:set package 'gcs_controller' build argument 'cmake_force_configure' from command line to 'False'
[0.890s] Level 5:colcon.colcon_core.verb:set package 'gcs_controller' build argument 'ament_cmake_args' from command line to 'None'
[0.890s] Level 5:colcon.colcon_core.verb:set package 'gcs_controller' build argument 'catkin_cmake_args' from command line to 'None'
[0.890s] Level 5:colcon.colcon_core.verb:set package 'gcs_controller' build argument 'catkin_skip_building_tests' from command line to 'False'
[0.891s] DEBUG:colcon.colcon_core.verb:Building package 'gcs_controller' with the following arguments: {'ament_cmake_args': None, 'build_base': '/home/chakrapani/drone_files/IITI_SOC/gcs_ws/build/gcs_controller', 'catkin_cmake_args': None, 'catkin_skip_building_tests': False, 'cmake_args': None, 'cmake_clean_cache': False, 'cmake_clean_first': False, 'cmake_force_configure': False, 'cmake_target': None, 'cmake_target_skip_unavailable': False, 'install_base': '/home/chakrapani/drone_files/IITI_SOC/gcs_ws/install/gcs_controller', 'merge_install': False, 'path': '/home/chakrapani/drone_files/IITI_SOC/gcs_ws/src/gcs_controller', 'symlink_install': False, 'test_result_base': None}
[0.892s] INFO:colcon.colcon_core.executor:Executing jobs using 'parallel' executor
[0.900s] DEBUG:colcon.colcon_parallel_executor.executor.parallel:run_until_complete
[0.901s] INFO:colcon.colcon_ros.task.ament_cmake.build:Building ROS package in '/home/chakrapani/drone_files/IITI_SOC/gcs_ws/src/drone_interfaces' with build type 'ament_cmake'
[0.901s] INFO:colcon.colcon_cmake.task.cmake.build:Building CMake package in '/home/chakrapani/drone_files/IITI_SOC/gcs_ws/src/drone_interfaces'
[0.906s] INFO:colcon.colcon_core.plugin_system:Skipping extension 'colcon_core.shell.bat': Not used on non-Windows systems
[0.906s] INFO:colcon.colcon_core.shell:Skip shell extension 'powershell' for command environment: Not usable outside of PowerShell
[0.906s] DEBUG:colcon.colcon_core.shell:Skip shell extension 'dsv' for command environment
[0.934s] INFO:colcon.colcon_ros.task.ament_python.build:Building ROS package in '/home/chakrapani/drone_files/IITI_SOC/gcs_ws/src/mission_utils' with build type 'ament_python'
[0.934s] Level 1:colcon.colcon_core.shell:create_environment_hook('mission_utils', 'ament_prefix_path')
[0.937s] INFO:colcon.colcon_core.shell:Creating environment hook '/home/chakrapani/drone_files/IITI_SOC/gcs_ws/install/mission_utils/share/mission_utils/hook/ament_prefix_path.ps1'
[0.938s] INFO:colcon.colcon_core.shell:Creating environment descriptor '/home/chakrapani/drone_files/IITI_SOC/gcs_ws/install/mission_utils/share/mission_utils/hook/ament_prefix_path.dsv'
[0.940s] INFO:colcon.colcon_core.shell:Creating environment hook '/home/chakrapani/drone_files/IITI_SOC/gcs_ws/install/mission_utils/share/mission_utils/hook/ament_prefix_path.sh'
[0.949s] INFO:colcon.colcon_core.shell:Skip shell extension 'powershell' for command environment: Not usable outside of PowerShell
[0.949s] DEBUG:colcon.colcon_core.shell:Skip shell extension 'dsv' for command environment
[0.984s] DEBUG:colcon.colcon_core.event_handler.log_command:Invoking command in '/home/chakrapani/drone_files/IITI_SOC/gcs_ws/build/drone_interfaces': CMAKE_PREFIX_PATH=${CMAKE_PREFIX_PATH}:/home/chakrapani/drone_files/IITI_SOC/gcs_ws/install/gcs_controller:/home/chakrapani/drone_files/IITI_SOC/gcs_ws/install/mission_utils:/home/chakrapani/drone_files/IITI_SOC/gcs_ws/install/drone_launch:/home/chakrapani/drone_files/IITI_SOC/gcs_ws/install/drone_2_manager:/home/chakrapani/drone_files/IITI_SOC/gcs_ws/install/drone_1_manager:/home/chakrapani/ros2_px4_offboard_example_ws/install/px4_offboard:/home/chakrapani/octomap_ws/install/px4_odometry_converter:/home/chakrapani/octomap_ws/install/px4_localization:/home/chakrapani/px4_ros_ws/install/px4_offboard:/opt/ros/humble /usr/bin/cmake --build /home/chakrapani/drone_files/IITI_SOC/gcs_ws/build/drone_interfaces -- -j2 -l2
[2.102s] INFO:colcon.colcon_core.task.python.build:Building Python package in '/home/chakrapani/drone_files/IITI_SOC/gcs_ws/src/mission_utils'
[2.103s] INFO:colcon.colcon_core.shell:Skip shell extension 'powershell' for command environment: Not usable outside of PowerShell
[2.103s] DEBUG:colcon.colcon_core.shell:Skip shell extension 'dsv' for command environment
[4.263s] DEBUG:colcon.colcon_core.event_handler.log_command:Invoking command in '/home/chakrapani/drone_files/IITI_SOC/gcs_ws/src/mission_utils': PYTHONPATH=/home/chakrapani/drone_files/IITI_SOC/gcs_ws/build/mission_utils/prefix_override:/usr/lib/python3/dist-packages/colcon_core/task/python/colcon_distutils_commands:/home/chakrapani/drone_files/IITI_SOC/gcs_ws/install/mission_utils/lib/python3.10/site-packages:${PYTHONPATH} /usr/bin/python3 -W ignore:setup.py install is deprecated -W ignore:easy_install command is deprecated setup.py egg_info --egg-base ../../build/mission_utils build --build-base /home/chakrapani/drone_files/IITI_SOC/gcs_ws/build/mission_utils/build install --record /home/chakrapani/drone_files/IITI_SOC/gcs_ws/build/mission_utils/install.log --single-version-externally-managed install_data
[4.324s] DEBUG:colcon.colcon_core.event_handler.log_command:Invoked command in '/home/chakrapani/drone_files/IITI_SOC/gcs_ws/build/drone_interfaces' returned '0': CMAKE_PREFIX_PATH=${CMAKE_PREFIX_PATH}:/home/chakrapani/drone_files/IITI_SOC/gcs_ws/install/gcs_controller:/home/chakrapani/drone_files/IITI_SOC/gcs_ws/install/mission_utils:/home/chakrapani/drone_files/IITI_SOC/gcs_ws/install/drone_launch:/home/chakrapani/drone_files/IITI_SOC/gcs_ws/install/drone_2_manager:/home/chakrapani/drone_files/IITI_SOC/gcs_ws/install/drone_1_manager:/home/chakrapani/ros2_px4_offboard_example_ws/install/px4_offboard:/home/chakrapani/octomap_ws/install/px4_odometry_converter:/home/chakrapani/octomap_ws/install/px4_localization:/home/chakrapani/px4_ros_ws/install/px4_offboard:/opt/ros/humble /usr/bin/cmake --build /home/chakrapani/drone_files/IITI_SOC/gcs_ws/build/drone_interfaces -- -j2 -l2
[4.360s] DEBUG:colcon.colcon_core.event_handler.log_command:Invoking command in '/home/chakrapani/drone_files/IITI_SOC/gcs_ws/build/drone_interfaces': CMAKE_PREFIX_PATH=${CMAKE_PREFIX_PATH}:/home/chakrapani/drone_files/IITI_SOC/gcs_ws/install/gcs_controller:/home/chakrapani/drone_files/IITI_SOC/gcs_ws/install/mission_utils:/home/chakrapani/drone_files/IITI_SOC/gcs_ws/install/drone_launch:/home/chakrapani/drone_files/IITI_SOC/gcs_ws/install/drone_2_manager:/home/chakrapani/drone_files/IITI_SOC/gcs_ws/install/drone_1_manager:/home/chakrapani/ros2_px4_offboard_example_ws/install/px4_offboard:/home/chakrapani/octomap_ws/install/px4_odometry_converter:/home/chakrapani/octomap_ws/install/px4_localization:/home/chakrapani/px4_ros_ws/install/px4_offboard:/opt/ros/humble /usr/bin/cmake --install /home/chakrapani/drone_files/IITI_SOC/gcs_ws/build/drone_interfaces
[4.761s] Level 1:colcon.colcon_core.environment:create_environment_scripts_only(drone_interfaces)
[4.762s] DEBUG:colcon.colcon_core.event_handler.log_command:Invoked command in '/home/chakrapani/drone_files/IITI_SOC/gcs_ws/build/drone_interfaces' returned '0': CMAKE_PREFIX_PATH=${CMAKE_PREFIX_PATH}:/home/chakrapani/drone_files/IITI_SOC/gcs_ws/install/gcs_controller:/home/chakrapani/drone_files/IITI_SOC/gcs_ws/install/mission_utils:/home/chakrapani/drone_files/IITI_SOC/gcs_ws/install/drone_launch:/home/chakrapani/drone_files/IITI_SOC/gcs_ws/install/drone_2_manager:/home/chakrapani/drone_files/IITI_SOC/gcs_ws/install/drone_1_manager:/home/chakrapani/ros2_px4_offboard_example_ws/install/px4_offboard:/home/chakrapani/octomap_ws/install/px4_odometry_converter:/home/chakrapani/octomap_ws/install/px4_localization:/home/chakrapani/px4_ros_ws/install/px4_offboard:/opt/ros/humble /usr/bin/cmake --install /home/chakrapani/drone_files/IITI_SOC/gcs_ws/build/drone_interfaces
[4.775s] Level 1:colcon.colcon_core.environment:checking '/home/chakrapani/drone_files/IITI_SOC/gcs_ws/install/drone_interfaces' for CMake module files
[4.776s] Level 1:colcon.colcon_core.environment:checking '/home/chakrapani/drone_files/IITI_SOC/gcs_ws/install/drone_interfaces' for CMake config files
[4.776s] Level 1:colcon.colcon_core.shell:create_environment_hook('drone_interfaces', 'cmake_prefix_path')
[4.777s] INFO:colcon.colcon_core.shell:Creating environment hook '/home/chakrapani/drone_files/IITI_SOC/gcs_ws/install/drone_interfaces/share/drone_interfaces/hook/cmake_prefix_path.ps1'
[4.782s] INFO:colcon.colcon_core.shell:Creating environment descriptor '/home/chakrapani/drone_files/IITI_SOC/gcs_ws/install/drone_interfaces/share/drone_interfaces/hook/cmake_prefix_path.dsv'
[4.788s] INFO:colcon.colcon_core.shell:Creating environment hook '/home/chakrapani/drone_files/IITI_SOC/gcs_ws/install/drone_interfaces/share/drone_interfaces/hook/cmake_prefix_path.sh'
[4.790s] Level 1:colcon.colcon_core.environment:checking '/home/chakrapani/drone_files/IITI_SOC/gcs_ws/install/drone_interfaces/lib'
[4.790s] Level 1:colcon.colcon_core.shell:create_environment_hook('drone_interfaces', 'ld_library_path_lib')
[4.791s] INFO:colcon.colcon_core.shell:Creating environment hook '/home/chakrapani/drone_files/IITI_SOC/gcs_ws/install/drone_interfaces/share/drone_interfaces/hook/ld_library_path_lib.ps1'
[4.792s] INFO:colcon.colcon_core.shell:Creating environment descriptor '/home/chakrapani/drone_files/IITI_SOC/gcs_ws/install/drone_interfaces/share/drone_interfaces/hook/ld_library_path_lib.dsv'
[4.793s] INFO:colcon.colcon_core.shell:Creating environment hook '/home/chakrapani/drone_files/IITI_SOC/gcs_ws/install/drone_interfaces/share/drone_interfaces/hook/ld_library_path_lib.sh'
[4.794s] Level 1:colcon.colcon_core.environment:checking '/home/chakrapani/drone_files/IITI_SOC/gcs_ws/install/drone_interfaces/bin'
[4.794s] Level 1:colcon.colcon_core.environment:checking '/home/chakrapani/drone_files/IITI_SOC/gcs_ws/install/drone_interfaces/lib/pkgconfig/drone_interfaces.pc'
[4.794s] Level 1:colcon.colcon_core.environment:checking '/home/chakrapani/drone_files/IITI_SOC/gcs_ws/install/drone_interfaces/lib/python3.10/site-packages'
[4.795s] Level 1:colcon.colcon_core.environment:checking '/home/chakrapani/drone_files/IITI_SOC/gcs_ws/install/drone_interfaces/bin'
[4.795s] INFO:colcon.colcon_core.shell:Creating package script '/home/chakrapani/drone_files/IITI_SOC/gcs_ws/install/drone_interfaces/share/drone_interfaces/package.ps1'
[4.796s] INFO:colcon.colcon_core.shell:Creating package descriptor '/home/chakrapani/drone_files/IITI_SOC/gcs_ws/install/drone_interfaces/share/drone_interfaces/package.dsv'
[4.799s] INFO:colcon.colcon_core.shell:Creating package script '/home/chakrapani/drone_files/IITI_SOC/gcs_ws/install/drone_interfaces/share/drone_interfaces/package.sh'
[4.809s] INFO:colcon.colcon_core.shell:Creating package script '/home/chakrapani/drone_files/IITI_SOC/gcs_ws/install/drone_interfaces/share/drone_interfaces/package.bash'
[4.816s] INFO:colcon.colcon_core.shell:Creating package script '/home/chakrapani/drone_files/IITI_SOC/gcs_ws/install/drone_interfaces/share/drone_interfaces/package.zsh'
[4.818s] Level 1:colcon.colcon_core.environment:create_file_with_runtime_dependencies(/home/chakrapani/drone_files/IITI_SOC/gcs_ws/install/drone_interfaces/share/colcon-core/packages/drone_interfaces)
[4.821s] Level 1:colcon.colcon_core.environment:create_environment_scripts_only(drone_interfaces)
[4.824s] Level 1:colcon.colcon_core.environment:checking '/home/chakrapani/drone_files/IITI_SOC/gcs_ws/install/drone_interfaces' for CMake module files
[4.826s] Level 1:colcon.colcon_core.environment:checking '/home/chakrapani/drone_files/IITI_SOC/gcs_ws/install/drone_interfaces' for CMake config files
[4.827s] Level 1:colcon.colcon_core.shell:create_environment_hook('drone_interfaces', 'cmake_prefix_path')
[4.841s] INFO:colcon.colcon_core.shell:Creating environment hook '/home/chakrapani/drone_files/IITI_SOC/gcs_ws/install/drone_interfaces/share/drone_interfaces/hook/cmake_prefix_path.ps1'
[4.842s] INFO:colcon.colcon_core.shell:Creating environment descriptor '/home/chakrapani/drone_files/IITI_SOC/gcs_ws/install/drone_interfaces/share/drone_interfaces/hook/cmake_prefix_path.dsv'
[4.848s] INFO:colcon.colcon_core.shell:Creating environment hook '/home/chakrapani/drone_files/IITI_SOC/gcs_ws/install/drone_interfaces/share/drone_interfaces/hook/cmake_prefix_path.sh'
[4.851s] Level 1:colcon.colcon_core.environment:checking '/home/chakrapani/drone_files/IITI_SOC/gcs_ws/install/drone_interfaces/lib'
[4.855s] Level 1:colcon.colcon_core.shell:create_environment_hook('drone_interfaces', 'ld_library_path_lib')
[4.856s] INFO:colcon.colcon_core.shell:Creating environment hook '/home/chakrapani/drone_files/IITI_SOC/gcs_ws/install/drone_interfaces/share/drone_interfaces/hook/ld_library_path_lib.ps1'
[4.857s] INFO:colcon.colcon_core.shell:Creating environment descriptor '/home/chakrapani/drone_files/IITI_SOC/gcs_ws/install/drone_interfaces/share/drone_interfaces/hook/ld_library_path_lib.dsv'
[4.871s] INFO:colcon.colcon_core.shell:Creating environment hook '/home/chakrapani/drone_files/IITI_SOC/gcs_ws/install/drone_interfaces/share/drone_interfaces/hook/ld_library_path_lib.sh'
[4.875s] Level 1:colcon.colcon_core.environment:checking '/home/chakrapani/drone_files/IITI_SOC/gcs_ws/install/drone_interfaces/bin'
[4.875s] Level 1:colcon.colcon_core.environment:checking '/home/chakrapani/drone_files/IITI_SOC/gcs_ws/install/drone_interfaces/lib/pkgconfig/drone_interfaces.pc'
[4.877s] Level 1:colcon.colcon_core.environment:checking '/home/chakrapani/drone_files/IITI_SOC/gcs_ws/install/drone_interfaces/lib/python3.10/site-packages'
[4.877s] Level 1:colcon.colcon_core.environment:checking '/home/chakrapani/drone_files/IITI_SOC/gcs_ws/install/drone_interfaces/bin'
[4.878s] INFO:colcon.colcon_core.shell:Creating package script '/home/chakrapani/drone_files/IITI_SOC/gcs_ws/install/drone_interfaces/share/drone_interfaces/package.ps1'
[4.880s] INFO:colcon.colcon_core.shell:Creating package descriptor '/home/chakrapani/drone_files/IITI_SOC/gcs_ws/install/drone_interfaces/share/drone_interfaces/package.dsv'
[4.885s] INFO:colcon.colcon_core.shell:Creating package script '/home/chakrapani/drone_files/IITI_SOC/gcs_ws/install/drone_interfaces/share/drone_interfaces/package.sh'
[4.896s] INFO:colcon.colcon_core.shell:Creating package script '/home/chakrapani/drone_files/IITI_SOC/gcs_ws/install/drone_interfaces/share/drone_interfaces/package.bash'
[4.900s] INFO:colcon.colcon_core.shell:Creating package script '/home/chakrapani/drone_files/IITI_SOC/gcs_ws/install/drone_interfaces/share/drone_interfaces/package.zsh'
[4.901s] Level 1:colcon.colcon_core.environment:create_file_with_runtime_dependencies(/home/chakrapani/drone_files/IITI_SOC/gcs_ws/install/drone_interfaces/share/colcon-core/packages/drone_interfaces)
[4.903s] INFO:colcon.colcon_ros.task.ament_python.build:Building ROS package in '/home/chakrapani/drone_files/IITI_SOC/gcs_ws/src/drone_launch' with build type 'ament_python'
[4.903s] Level 1:colcon.colcon_core.shell:create_environment_hook('drone_launch', 'ament_prefix_path')
[4.904s] INFO:colcon.colcon_core.shell:Creating environment hook '/home/chakrapani/drone_files/IITI_SOC/gcs_ws/install/drone_launch/share/drone_launch/hook/ament_prefix_path.ps1'
[4.905s] INFO:colcon.colcon_core.shell:Creating environment descriptor '/home/chakrapani/drone_files/IITI_SOC/gcs_ws/install/drone_launch/share/drone_launch/hook/ament_prefix_path.dsv'
[4.908s] INFO:colcon.colcon_core.shell:Creating environment hook '/home/chakrapani/drone_files/IITI_SOC/gcs_ws/install/drone_launch/share/drone_launch/hook/ament_prefix_path.sh'
[4.911s] INFO:colcon.colcon_core.shell:Skip shell extension 'powershell' for command environment: Not usable outside of PowerShell
[4.911s] DEBUG:colcon.colcon_core.shell:Skip shell extension 'dsv' for command environment
[6.812s] INFO:colcon.colcon_core.task.python.build:Building Python package in '/home/chakrapani/drone_files/IITI_SOC/gcs_ws/src/drone_launch'
[6.813s] INFO:colcon.colcon_core.shell:Skip shell extension 'powershell' for command environment: Not usable outside of PowerShell
[6.813s] DEBUG:colcon.colcon_core.shell:Skip shell extension 'dsv' for command environment
[6.850s] Level 1:colcon.colcon_core.environment:checking '/home/chakrapani/drone_files/IITI_SOC/gcs_ws/install/mission_utils' for CMake module files
[6.851s] DEBUG:colcon.colcon_core.event_handler.log_command:Invoked command in '/home/chakrapani/drone_files/IITI_SOC/gcs_ws/src/mission_utils' returned '0': PYTHONPATH=/home/chakrapani/drone_files/IITI_SOC/gcs_ws/build/mission_utils/prefix_override:/usr/lib/python3/dist-packages/colcon_core/task/python/colcon_distutils_commands:/home/chakrapani/drone_files/IITI_SOC/gcs_ws/install/mission_utils/lib/python3.10/site-packages:${PYTHONPATH} /usr/bin/python3 -W ignore:setup.py install is deprecated -W ignore:easy_install command is deprecated setup.py egg_info --egg-base ../../build/mission_utils build --build-base /home/chakrapani/drone_files/IITI_SOC/gcs_ws/build/mission_utils/build install --record /home/chakrapani/drone_files/IITI_SOC/gcs_ws/build/mission_utils/install.log --single-version-externally-managed install_data
[6.852s] Level 1:colcon.colcon_core.environment:checking '/home/chakrapani/drone_files/IITI_SOC/gcs_ws/install/mission_utils' for CMake config files
[6.853s] Level 1:colcon.colcon_core.environment:checking '/home/chakrapani/drone_files/IITI_SOC/gcs_ws/install/mission_utils/lib'
[6.853s] Level 1:colcon.colcon_core.environment:checking '/home/chakrapani/drone_files/IITI_SOC/gcs_ws/install/mission_utils/bin'
[6.853s] Level 1:colcon.colcon_core.environment:checking '/home/chakrapani/drone_files/IITI_SOC/gcs_ws/install/mission_utils/lib/pkgconfig/mission_utils.pc'
[6.853s] Level 1:colcon.colcon_core.environment:checking '/home/chakrapani/drone_files/IITI_SOC/gcs_ws/install/mission_utils/lib/python3.10/site-packages'
[6.853s] Level 1:colcon.colcon_core.shell:create_environment_hook('mission_utils', 'pythonpath')
[6.854s] INFO:colcon.colcon_core.shell:Creating environment hook '/home/chakrapani/drone_files/IITI_SOC/gcs_ws/install/mission_utils/share/mission_utils/hook/pythonpath.ps1'
[6.856s] INFO:colcon.colcon_core.shell:Creating environment descriptor '/home/chakrapani/drone_files/IITI_SOC/gcs_ws/install/mission_utils/share/mission_utils/hook/pythonpath.dsv'
[6.857s] INFO:colcon.colcon_core.shell:Creating environment hook '/home/chakrapani/drone_files/IITI_SOC/gcs_ws/install/mission_utils/share/mission_utils/hook/pythonpath.sh'
[6.858s] Level 1:colcon.colcon_core.environment:checking '/home/chakrapani/drone_files/IITI_SOC/gcs_ws/install/mission_utils/bin'
[6.858s] Level 1:colcon.colcon_core.environment:create_environment_scripts_only(mission_utils)
[6.859s] INFO:colcon.colcon_core.shell:Creating package script '/home/chakrapani/drone_files/IITI_SOC/gcs_ws/install/mission_utils/share/mission_utils/package.ps1'
[6.859s] INFO:colcon.colcon_core.shell:Creating package descriptor '/home/chakrapani/drone_files/IITI_SOC/gcs_ws/install/mission_utils/share/mission_utils/package.dsv'
[6.861s] INFO:colcon.colcon_core.shell:Creating package script '/home/chakrapani/drone_files/IITI_SOC/gcs_ws/install/mission_utils/share/mission_utils/package.sh'
[6.863s] INFO:colcon.colcon_core.shell:Creating package script '/home/chakrapani/drone_files/IITI_SOC/gcs_ws/install/mission_utils/share/mission_utils/package.bash'
[6.866s] INFO:colcon.colcon_core.shell:Creating package script '/home/chakrapani/drone_files/IITI_SOC/gcs_ws/install/mission_utils/share/mission_utils/package.zsh'
[6.870s] Level 1:colcon.colcon_core.environment:create_file_with_runtime_dependencies(/home/chakrapani/drone_files/IITI_SOC/gcs_ws/install/mission_utils/share/colcon-core/packages/mission_utils)
[6.876s] INFO:colcon.colcon_ros.task.ament_python.build:Building ROS package in '/home/chakrapani/drone_files/IITI_SOC/gcs_ws/src/drone_1_manager' with build type 'ament_python'
[6.878s] Level 1:colcon.colcon_core.shell:create_environment_hook('drone_1_manager', 'ament_prefix_path')
[6.879s] INFO:colcon.colcon_core.shell:Creating environment hook '/home/chakrapani/drone_files/IITI_SOC/gcs_ws/install/drone_1_manager/share/drone_1_manager/hook/ament_prefix_path.ps1'
[6.880s] INFO:colcon.colcon_core.shell:Creating environment descriptor '/home/chakrapani/drone_files/IITI_SOC/gcs_ws/install/drone_1_manager/share/drone_1_manager/hook/ament_prefix_path.dsv'
[6.881s] INFO:colcon.colcon_core.shell:Creating environment hook '/home/chakrapani/drone_files/IITI_SOC/gcs_ws/install/drone_1_manager/share/drone_1_manager/hook/ament_prefix_path.sh'
[6.883s] INFO:colcon.colcon_core.shell:Skip shell extension 'powershell' for command environment: Not usable outside of PowerShell
[6.883s] DEBUG:colcon.colcon_core.shell:Skip shell extension 'dsv' for command environment
[8.026s] INFO:colcon.colcon_core.task.python.build:Building Python package in '/home/chakrapani/drone_files/IITI_SOC/gcs_ws/src/drone_1_manager'
[8.027s] INFO:colcon.colcon_core.shell:Skip shell extension 'powershell' for command environment: Not usable outside of PowerShell
[8.027s] DEBUG:colcon.colcon_core.shell:Skip shell extension 'dsv' for command environment
[9.051s] DEBUG:colcon.colcon_core.event_handler.log_command:Invoking command in '/home/chakrapani/drone_files/IITI_SOC/gcs_ws/src/drone_launch': PYTHONPATH=/home/chakrapani/drone_files/IITI_SOC/gcs_ws/build/drone_launch/prefix_override:/usr/lib/python3/dist-packages/colcon_core/task/python/colcon_distutils_commands:/home/chakrapani/drone_files/IITI_SOC/gcs_ws/install/drone_launch/lib/python3.10/site-packages:${PYTHONPATH} /usr/bin/python3 -W ignore:setup.py install is deprecated -W ignore:easy_install command is deprecated setup.py egg_info --egg-base ../../build/drone_launch build --build-base /home/chakrapani/drone_files/IITI_SOC/gcs_ws/build/drone_launch/build install --record /home/chakrapani/drone_files/IITI_SOC/gcs_ws/build/drone_launch/install.log --single-version-externally-managed install_data
[10.202s] DEBUG:colcon.colcon_core.event_handler.log_command:Invoking command in '/home/chakrapani/drone_files/IITI_SOC/gcs_ws/src/drone_1_manager': PYTHONPATH=/home/chakrapani/drone_files/IITI_SOC/gcs_ws/build/drone_1_manager/prefix_override:/usr/lib/python3/dist-packages/colcon_core/task/python/colcon_distutils_commands:/home/chakrapani/drone_files/IITI_SOC/gcs_ws/install/drone_1_manager/lib/python3.10/site-packages:${PYTHONPATH} /usr/bin/python3 -W ignore:setup.py install is deprecated -W ignore:easy_install command is deprecated setup.py egg_info --egg-base ../../build/drone_1_manager build --build-base /home/chakrapani/drone_files/IITI_SOC/gcs_ws/build/drone_1_manager/build install --record /home/chakrapani/drone_files/IITI_SOC/gcs_ws/build/drone_1_manager/install.log --single-version-externally-managed install_data
[11.710s] Level 1:colcon.colcon_core.environment:checking '/home/chakrapani/drone_files/IITI_SOC/gcs_ws/install/drone_1_manager' for CMake module files
[11.711s] Level 1:colcon.colcon_core.environment:checking '/home/chakrapani/drone_files/IITI_SOC/gcs_ws/install/drone_1_manager' for CMake config files
[11.712s] Level 1:colcon.colcon_core.environment:checking '/home/chakrapani/drone_files/IITI_SOC/gcs_ws/install/drone_1_manager/lib'
[11.712s] Level 1:colcon.colcon_core.environment:checking '/home/chakrapani/drone_files/IITI_SOC/gcs_ws/install/drone_1_manager/bin'
[11.713s] Level 1:colcon.colcon_core.environment:checking '/home/chakrapani/drone_files/IITI_SOC/gcs_ws/install/drone_1_manager/lib/pkgconfig/drone_1_manager.pc'
[11.713s] Level 1:colcon.colcon_core.environment:checking '/home/chakrapani/drone_files/IITI_SOC/gcs_ws/install/drone_1_manager/lib/python3.10/site-packages'
[11.713s] Level 1:colcon.colcon_core.shell:create_environment_hook('drone_1_manager', 'pythonpath')
[11.714s] INFO:colcon.colcon_core.shell:Creating environment hook '/home/chakrapani/drone_files/IITI_SOC/gcs_ws/install/drone_1_manager/share/drone_1_manager/hook/pythonpath.ps1'
[11.715s] INFO:colcon.colcon_core.shell:Creating environment descriptor '/home/chakrapani/drone_files/IITI_SOC/gcs_ws/install/drone_1_manager/share/drone_1_manager/hook/pythonpath.dsv'
[11.718s] DEBUG:colcon.colcon_core.event_handler.log_command:Invoked command in '/home/chakrapani/drone_files/IITI_SOC/gcs_ws/src/drone_1_manager' returned '0': PYTHONPATH=/home/chakrapani/drone_files/IITI_SOC/gcs_ws/build/drone_1_manager/prefix_override:/usr/lib/python3/dist-packages/colcon_core/task/python/colcon_distutils_commands:/home/chakrapani/drone_files/IITI_SOC/gcs_ws/install/drone_1_manager/lib/python3.10/site-packages:${PYTHONPATH} /usr/bin/python3 -W ignore:setup.py install is deprecated -W ignore:easy_install command is deprecated setup.py egg_info --egg-base ../../build/drone_1_manager build --build-base /home/chakrapani/drone_files/IITI_SOC/gcs_ws/build/drone_1_manager/build install --record /home/chakrapani/drone_files/IITI_SOC/gcs_ws/build/drone_1_manager/install.log --single-version-externally-managed install_data
[11.720s] INFO:colcon.colcon_core.shell:Creating environment hook '/home/chakrapani/drone_files/IITI_SOC/gcs_ws/install/drone_1_manager/share/drone_1_manager/hook/pythonpath.sh'
[11.729s] Level 1:colcon.colcon_core.environment:checking '/home/chakrapani/drone_files/IITI_SOC/gcs_ws/install/drone_1_manager/bin'
[11.730s] Level 1:colcon.colcon_core.environment:create_environment_scripts_only(drone_1_manager)
[11.734s] INFO:colcon.colcon_core.shell:Creating package script '/home/chakrapani/drone_files/IITI_SOC/gcs_ws/install/drone_1_manager/share/drone_1_manager/package.ps1'
[11.737s] INFO:colcon.colcon_core.shell:Creating package descriptor '/home/chakrapani/drone_files/IITI_SOC/gcs_ws/install/drone_1_manager/share/drone_1_manager/package.dsv'
[11.741s] INFO:colcon.colcon_core.shell:Creating package script '/home/chakrapani/drone_files/IITI_SOC/gcs_ws/install/drone_1_manager/share/drone_1_manager/package.sh'
[11.746s] INFO:colcon.colcon_core.shell:Creating package script '/home/chakrapani/drone_files/IITI_SOC/gcs_ws/install/drone_1_manager/share/drone_1_manager/package.bash'
[11.748s] INFO:colcon.colcon_core.shell:Creating package script '/home/chakrapani/drone_files/IITI_SOC/gcs_ws/install/drone_1_manager/share/drone_1_manager/package.zsh'
[11.750s] Level 1:colcon.colcon_core.environment:create_file_with_runtime_dependencies(/home/chakrapani/drone_files/IITI_SOC/gcs_ws/install/drone_1_manager/share/colcon-core/packages/drone_1_manager)
[11.767s] INFO:colcon.colcon_ros.task.ament_python.build:Building ROS package in '/home/chakrapani/drone_files/IITI_SOC/gcs_ws/src/drone_2_manager' with build type 'ament_python'
[11.768s] Level 1:colcon.colcon_core.shell:create_environment_hook('drone_2_manager', 'ament_prefix_path')
[11.769s] INFO:colcon.colcon_core.shell:Creating environment hook '/home/chakrapani/drone_files/IITI_SOC/gcs_ws/install/drone_2_manager/share/drone_2_manager/hook/ament_prefix_path.ps1'
[11.774s] INFO:colcon.colcon_core.shell:Creating environment descriptor '/home/chakrapani/drone_files/IITI_SOC/gcs_ws/install/drone_2_manager/share/drone_2_manager/hook/ament_prefix_path.dsv'
[11.775s] INFO:colcon.colcon_core.shell:Creating environment hook '/home/chakrapani/drone_files/IITI_SOC/gcs_ws/install/drone_2_manager/share/drone_2_manager/hook/ament_prefix_path.sh'
[11.781s] INFO:colcon.colcon_core.shell:Skip shell extension 'powershell' for command environment: Not usable outside of PowerShell
[11.785s] DEBUG:colcon.colcon_core.shell:Skip shell extension 'dsv' for command environment
[11.821s] Level 1:colcon.colcon_core.environment:checking '/home/chakrapani/drone_files/IITI_SOC/gcs_ws/install/drone_launch' for CMake module files
[11.830s] DEBUG:colcon.colcon_core.event_handler.log_command:Invoked command in '/home/chakrapani/drone_files/IITI_SOC/gcs_ws/src/drone_launch' returned '0': PYTHONPATH=/home/chakrapani/drone_files/IITI_SOC/gcs_ws/build/drone_launch/prefix_override:/usr/lib/python3/dist-packages/colcon_core/task/python/colcon_distutils_commands:/home/chakrapani/drone_files/IITI_SOC/gcs_ws/install/drone_launch/lib/python3.10/site-packages:${PYTHONPATH} /usr/bin/python3 -W ignore:setup.py install is deprecated -W ignore:easy_install command is deprecated setup.py egg_info --egg-base ../../build/drone_launch build --build-base /home/chakrapani/drone_files/IITI_SOC/gcs_ws/build/drone_launch/build install --record /home/chakrapani/drone_files/IITI_SOC/gcs_ws/build/drone_launch/install.log --single-version-externally-managed install_data
[11.830s] Level 1:colcon.colcon_core.environment:checking '/home/chakrapani/drone_files/IITI_SOC/gcs_ws/install/drone_launch' for CMake config files
[11.831s] Level 1:colcon.colcon_core.environment:checking '/home/chakrapani/drone_files/IITI_SOC/gcs_ws/install/drone_launch/lib'
[11.831s] Level 1:colcon.colcon_core.environment:checking '/home/chakrapani/drone_files/IITI_SOC/gcs_ws/install/drone_launch/bin'
[11.831s] Level 1:colcon.colcon_core.environment:checking '/home/chakrapani/drone_files/IITI_SOC/gcs_ws/install/drone_launch/lib/pkgconfig/drone_launch.pc'
[11.836s] Level 1:colcon.colcon_core.environment:checking '/home/chakrapani/drone_files/IITI_SOC/gcs_ws/install/drone_launch/lib/python3.10/site-packages'
[11.837s] Level 1:colcon.colcon_core.shell:create_environment_hook('drone_launch', 'pythonpath')
[11.837s] INFO:colcon.colcon_core.shell:Creating environment hook '/home/chakrapani/drone_files/IITI_SOC/gcs_ws/install/drone_launch/share/drone_launch/hook/pythonpath.ps1'
[11.839s] INFO:colcon.colcon_core.shell:Creating environment descriptor '/home/chakrapani/drone_files/IITI_SOC/gcs_ws/install/drone_launch/share/drone_launch/hook/pythonpath.dsv'
[11.842s] INFO:colcon.colcon_core.shell:Creating environment hook '/home/chakrapani/drone_files/IITI_SOC/gcs_ws/install/drone_launch/share/drone_launch/hook/pythonpath.sh'
[11.845s] Level 1:colcon.colcon_core.environment:checking '/home/chakrapani/drone_files/IITI_SOC/gcs_ws/install/drone_launch/bin'
[11.846s] Level 1:colcon.colcon_core.environment:create_environment_scripts_only(drone_launch)
[11.850s] INFO:colcon.colcon_core.shell:Creating package script '/home/chakrapani/drone_files/IITI_SOC/gcs_ws/install/drone_launch/share/drone_launch/package.ps1'
[11.854s] INFO:colcon.colcon_core.shell:Creating package descriptor '/home/chakrapani/drone_files/IITI_SOC/gcs_ws/install/drone_launch/share/drone_launch/package.dsv'
[11.856s] INFO:colcon.colcon_core.shell:Creating package script '/home/chakrapani/drone_files/IITI_SOC/gcs_ws/install/drone_launch/share/drone_launch/package.sh'
[11.857s] INFO:colcon.colcon_core.shell:Creating package script '/home/chakrapani/drone_files/IITI_SOC/gcs_ws/install/drone_launch/share/drone_launch/package.bash'
[11.858s] INFO:colcon.colcon_core.shell:Creating package script '/home/chakrapani/drone_files/IITI_SOC/gcs_ws/install/drone_launch/share/drone_launch/package.zsh'
[11.858s] Level 1:colcon.colcon_core.environment:create_file_with_runtime_dependencies(/home/chakrapani/drone_files/IITI_SOC/gcs_ws/install/drone_launch/share/colcon-core/packages/drone_launch)
[11.860s] INFO:colcon.colcon_ros.task.ament_python.build:Building ROS package in '/home/chakrapani/drone_files/IITI_SOC/gcs_ws/src/gcs_controller' with build type 'ament_python'
[11.860s] Level 1:colcon.colcon_core.shell:create_environment_hook('gcs_controller', 'ament_prefix_path')
[11.860s] INFO:colcon.colcon_core.shell:Creating environment hook '/home/chakrapani/drone_files/IITI_SOC/gcs_ws/install/gcs_controller/share/gcs_controller/hook/ament_prefix_path.ps1'
[11.861s] INFO:colcon.colcon_core.shell:Creating environment descriptor '/home/chakrapani/drone_files/IITI_SOC/gcs_ws/install/gcs_controller/share/gcs_controller/hook/ament_prefix_path.dsv'
[11.862s] INFO:colcon.colcon_core.shell:Creating environment hook '/home/chakrapani/drone_files/IITI_SOC/gcs_ws/install/gcs_controller/share/gcs_controller/hook/ament_prefix_path.sh'
[11.863s] INFO:colcon.colcon_core.shell:Skip shell extension 'powershell' for command environment: Not usable outside of PowerShell
[11.863s] DEBUG:colcon.colcon_core.shell:Skip shell extension 'dsv' for command environment
[12.516s] INFO:colcon.colcon_core.task.python.build:Building Python package in '/home/chakrapani/drone_files/IITI_SOC/gcs_ws/src/drone_2_manager'
[12.516s] INFO:colcon.colcon_core.shell:Skip shell extension 'powershell' for command environment: Not usable outside of PowerShell
[12.516s] DEBUG:colcon.colcon_core.shell:Skip shell extension 'dsv' for command environment
[13.141s] INFO:colcon.colcon_core.task.python.build:Building Python package in '/home/chakrapani/drone_files/IITI_SOC/gcs_ws/src/gcs_controller'
[13.142s] INFO:colcon.colcon_core.shell:Skip shell extension 'powershell' for command environment: Not usable outside of PowerShell
[13.142s] DEBUG:colcon.colcon_core.shell:Skip shell extension 'dsv' for command environment
[14.303s] DEBUG:colcon.colcon_core.event_handler.log_command:Invoking command in '/home/chakrapani/drone_files/IITI_SOC/gcs_ws/src/drone_2_manager': PYTHONPATH=/home/chakrapani/drone_files/IITI_SOC/gcs_ws/build/drone_2_manager/prefix_override:/usr/lib/python3/dist-packages/colcon_core/task/python/colcon_distutils_commands:/home/chakrapani/drone_files/IITI_SOC/gcs_ws/install/drone_2_manager/lib/python3.10/site-packages:${PYTHONPATH} /usr/bin/python3 -W ignore:setup.py install is deprecated -W ignore:easy_install command is deprecated setup.py egg_info --egg-base ../../build/drone_2_manager build --build-base /home/chakrapani/drone_files/IITI_SOC/gcs_ws/build/drone_2_manager/build install --record /home/chakrapani/drone_files/IITI_SOC/gcs_ws/build/drone_2_manager/install.log --single-version-externally-managed install_data
[14.496s] DEBUG:colcon.colcon_core.event_handler.log_command:Invoking command in '/home/chakrapani/drone_files/IITI_SOC/gcs_ws/src/gcs_controller': AMENT_PREFIX_PATH=/home/chakrapani/drone_files/IITI_SOC/gcs_ws/install/mission_utils:/home/chakrapani/drone_files/IITI_SOC/gcs_ws/install/gcs_controller:/home/chakrapani/drone_files/IITI_SOC/gcs_ws/install/drone_launch:/home/chakrapani/drone_files/IITI_SOC/gcs_ws/install/drone_2_manager:/home/chakrapani/drone_files/IITI_SOC/gcs_ws/install/drone_1_manager:/home/chakrapani/drone_files/IITI_SOC/gcs_ws/install/drone_interfaces:/home/chakrapani/ros2_px4_offboard_example_ws/install/px4_offboard:/home/chakrapani/ros2_px4_offboard_example_ws/install/px4_msgs:/home/chakrapani/octomap_ws/install/rtabmap_msgs:/home/chakrapani/octomap_ws/install/px4_odometry_converter:/home/chakrapani/octomap_ws/install/px4_localization:/home/chakrapani/octomap_ws/install/octomap_mapping:/home/chakrapani/octomap_ws/install/octomap_server:/home/chakrapani/octomap_ws/install/octomap_ros:/home/chakrapani/drone_files/drone_repos/install/px4_ros_com:/home/chakrapani/drone_files/drone_repos/install/px4_msgs:/home/chakrapani/px4_ros_ws/install/px4_offboard:/opt/ros/humble PYTHONPATH=/home/chakrapani/drone_files/IITI_SOC/gcs_ws/build/gcs_controller/prefix_override:/usr/lib/python3/dist-packages/colcon_core/task/python/colcon_distutils_commands:/home/chakrapani/drone_files/IITI_SOC/gcs_ws/install/gcs_controller/lib/python3.10/site-packages:/home/chakrapani/drone_files/IITI_SOC/gcs_ws/install/mission_utils/lib/python3.10/site-packages:/home/chakrapani/drone_files/IITI_SOC/gcs_ws/install/gcs_controller/lib/python3.10/site-packages:/home/chakrapani/drone_files/IITI_SOC/gcs_ws/install/drone_launch/lib/python3.10/site-packages:/home/chakrapani/drone_files/IITI_SOC/gcs_ws/install/drone_2_manager/lib/python3.10/site-packages:/home/chakrapani/drone_files/IITI_SOC/gcs_ws/install/drone_1_manager/lib/python3.10/site-packages:/home/chakrapani/drone_files/IITI_SOC/gcs_ws/install/drone_interfaces/local/lib/python3.10/dist-packages:/home/chakrapani/ros2_px4_offboard_example_ws/install/px4_offboard/lib/python3.10/site-packages:/home/chakrapani/ros2_px4_offboard_example_ws/install/px4_msgs/local/lib/python3.10/dist-packages:/home/chakrapani/octomap_ws/install/rtabmap_msgs/local/lib/python3.10/dist-packages:/home/chakrapani/octomap_ws/install/px4_odometry_converter/lib/python3.10/site-packages:/home/chakrapani/octomap_ws/install/px4_localization/lib/python3.10/site-packages:/home/chakrapani/drone_files/drone_repos/install/px4_ros_com/local/lib/python3.10/dist-packages:/home/chakrapani/drone_files/drone_repos/install/px4_msgs/local/lib/python3.10/dist-packages:/home/chakrapani/px4_ros_ws/install/px4_offboard/lib/python3.10/site-packages:/opt/ros/humble/lib/python3.10/site-packages:/opt/ros/humble/local/lib/python3.10/dist-packages /usr/bin/python3 -W ignore:setup.py install is deprecated -W ignore:easy_install command is deprecated setup.py egg_info --egg-base ../../build/gcs_controller build --build-base /home/chakrapani/drone_files/IITI_SOC/gcs_ws/build/gcs_controller/build install --record /home/chakrapani/drone_files/IITI_SOC/gcs_ws/build/gcs_controller/install.log --single-version-externally-managed install_data
[15.410s] Level 1:colcon.colcon_core.environment:checking '/home/chakrapani/drone_files/IITI_SOC/gcs_ws/install/drone_2_manager' for CMake module files
[15.410s] Level 1:colcon.colcon_core.environment:checking '/home/chakrapani/drone_files/IITI_SOC/gcs_ws/install/drone_2_manager' for CMake config files
[15.412s] Level 1:colcon.colcon_core.environment:checking '/home/chakrapani/drone_files/IITI_SOC/gcs_ws/install/drone_2_manager/lib'
[15.413s] Level 1:colcon.colcon_core.environment:checking '/home/chakrapani/drone_files/IITI_SOC/gcs_ws/install/drone_2_manager/bin'
[15.414s] Level 1:colcon.colcon_core.environment:checking '/home/chakrapani/drone_files/IITI_SOC/gcs_ws/install/drone_2_manager/lib/pkgconfig/drone_2_manager.pc'
[15.413s] DEBUG:colcon.colcon_core.event_handler.log_command:Invoked command in '/home/chakrapani/drone_files/IITI_SOC/gcs_ws/src/drone_2_manager' returned '0': PYTHONPATH=/home/chakrapani/drone_files/IITI_SOC/gcs_ws/build/drone_2_manager/prefix_override:/usr/lib/python3/dist-packages/colcon_core/task/python/colcon_distutils_commands:/home/chakrapani/drone_files/IITI_SOC/gcs_ws/install/drone_2_manager/lib/python3.10/site-packages:${PYTHONPATH} /usr/bin/python3 -W ignore:setup.py install is deprecated -W ignore:easy_install command is deprecated setup.py egg_info --egg-base ../../build/drone_2_manager build --build-base /home/chakrapani/drone_files/IITI_SOC/gcs_ws/build/drone_2_manager/build install --record /home/chakrapani/drone_files/IITI_SOC/gcs_ws/build/drone_2_manager/install.log --single-version-externally-managed install_data
[15.414s] Level 1:colcon.colcon_core.environment:checking '/home/chakrapani/drone_files/IITI_SOC/gcs_ws/install/drone_2_manager/lib/python3.10/site-packages'
[15.414s] Level 1:colcon.colcon_core.shell:create_environment_hook('drone_2_manager', 'pythonpath')
[15.415s] INFO:colcon.colcon_core.shell:Creating environment hook '/home/chakrapani/drone_files/IITI_SOC/gcs_ws/install/drone_2_manager/share/drone_2_manager/hook/pythonpath.ps1'
[15.416s] INFO:colcon.colcon_core.shell:Creating environment descriptor '/home/chakrapani/drone_files/IITI_SOC/gcs_ws/install/drone_2_manager/share/drone_2_manager/hook/pythonpath.dsv'
[15.416s] INFO:colcon.colcon_core.shell:Creating environment hook '/home/chakrapani/drone_files/IITI_SOC/gcs_ws/install/drone_2_manager/share/drone_2_manager/hook/pythonpath.sh'
[15.419s] Level 1:colcon.colcon_core.environment:checking '/home/chakrapani/drone_files/IITI_SOC/gcs_ws/install/drone_2_manager/bin'
[15.422s] Level 1:colcon.colcon_core.environment:create_environment_scripts_only(drone_2_manager)
[15.425s] INFO:colcon.colcon_core.shell:Creating package script '/home/chakrapani/drone_files/IITI_SOC/gcs_ws/install/drone_2_manager/share/drone_2_manager/package.ps1'
[15.439s] INFO:colcon.colcon_core.shell:Creating package descriptor '/home/chakrapani/drone_files/IITI_SOC/gcs_ws/install/drone_2_manager/share/drone_2_manager/package.dsv'
[15.442s] INFO:colcon.colcon_core.shell:Creating package script '/home/chakrapani/drone_files/IITI_SOC/gcs_ws/install/drone_2_manager/share/drone_2_manager/package.sh'
[15.443s] INFO:colcon.colcon_core.shell:Creating package script '/home/chakrapani/drone_files/IITI_SOC/gcs_ws/install/drone_2_manager/share/drone_2_manager/package.bash'
[15.446s] INFO:colcon.colcon_core.shell:Creating package script '/home/chakrapani/drone_files/IITI_SOC/gcs_ws/install/drone_2_manager/share/drone_2_manager/package.zsh'
[15.447s] Level 1:colcon.colcon_core.environment:create_file_with_runtime_dependencies(/home/chakrapani/drone_files/IITI_SOC/gcs_ws/install/drone_2_manager/share/colcon-core/packages/drone_2_manager)
[15.718s] Level 1:colcon.colcon_core.environment:checking '/home/chakrapani/drone_files/IITI_SOC/gcs_ws/install/gcs_controller' for CMake module files
[15.718s] Level 1:colcon.colcon_core.environment:checking '/home/chakrapani/drone_files/IITI_SOC/gcs_ws/install/gcs_controller' for CMake config files
[15.720s] DEBUG:colcon.colcon_core.event_handler.log_command:Invoked command in '/home/chakrapani/drone_files/IITI_SOC/gcs_ws/src/gcs_controller' returned '0': AMENT_PREFIX_PATH=/home/chakrapani/drone_files/IITI_SOC/gcs_ws/install/mission_utils:/home/chakrapani/drone_files/IITI_SOC/gcs_ws/install/gcs_controller:/home/chakrapani/drone_files/IITI_SOC/gcs_ws/install/drone_launch:/home/chakrapani/drone_files/IITI_SOC/gcs_ws/install/drone_2_manager:/home/chakrapani/drone_files/IITI_SOC/gcs_ws/install/drone_1_manager:/home/chakrapani/drone_files/IITI_SOC/gcs_ws/install/drone_interfaces:/home/chakrapani/ros2_px4_offboard_example_ws/install/px4_offboard:/home/chakrapani/ros2_px4_offboard_example_ws/install/px4_msgs:/home/chakrapani/octomap_ws/install/rtabmap_msgs:/home/chakrapani/octomap_ws/install/px4_odometry_converter:/home/chakrapani/octomap_ws/install/px4_localization:/home/chakrapani/octomap_ws/install/octomap_mapping:/home/chakrapani/octomap_ws/install/octomap_server:/home/chakrapani/octomap_ws/install/octomap_ros:/home/chakrapani/drone_files/drone_repos/install/px4_ros_com:/home/chakrapani/drone_files/drone_repos/install/px4_msgs:/home/chakrapani/px4_ros_ws/install/px4_offboard:/opt/ros/humble PYTHONPATH=/home/chakrapani/drone_files/IITI_SOC/gcs_ws/build/gcs_controller/prefix_override:/usr/lib/python3/dist-packages/colcon_core/task/python/colcon_distutils_commands:/home/chakrapani/drone_files/IITI_SOC/gcs_ws/install/gcs_controller/lib/python3.10/site-packages:/home/chakrapani/drone_files/IITI_SOC/gcs_ws/install/mission_utils/lib/python3.10/site-packages:/home/chakrapani/drone_files/IITI_SOC/gcs_ws/install/gcs_controller/lib/python3.10/site-packages:/home/chakrapani/drone_files/IITI_SOC/gcs_ws/install/drone_launch/lib/python3.10/site-packages:/home/chakrapani/drone_files/IITI_SOC/gcs_ws/install/drone_2_manager/lib/python3.10/site-packages:/home/chakrapani/drone_files/IITI_SOC/gcs_ws/install/drone_1_manager/lib/python3.10/site-packages:/home/chakrapani/drone_files/IITI_SOC/gcs_ws/install/drone_interfaces/local/lib/python3.10/dist-packages:/home/chakrapani/ros2_px4_offboard_example_ws/install/px4_offboard/lib/python3.10/site-packages:/home/chakrapani/ros2_px4_offboard_example_ws/install/px4_msgs/local/lib/python3.10/dist-packages:/home/chakrapani/octomap_ws/install/rtabmap_msgs/local/lib/python3.10/dist-packages:/home/chakrapani/octomap_ws/install/px4_odometry_converter/lib/python3.10/site-packages:/home/chakrapani/octomap_ws/install/px4_localization/lib/python3.10/site-packages:/home/chakrapani/drone_files/drone_repos/install/px4_ros_com/local/lib/python3.10/dist-packages:/home/chakrapani/drone_files/drone_repos/install/px4_msgs/local/lib/python3.10/dist-packages:/home/chakrapani/px4_ros_ws/install/px4_offboard/lib/python3.10/site-packages:/opt/ros/humble/lib/python3.10/site-packages:/opt/ros/humble/local/lib/python3.10/dist-packages /usr/bin/python3 -W ignore:setup.py install is deprecated -W ignore:easy_install command is deprecated setup.py egg_info --egg-base ../../build/gcs_controller build --build-base /home/chakrapani/drone_files/IITI_SOC/gcs_ws/build/gcs_controller/build install --record /home/chakrapani/drone_files/IITI_SOC/gcs_ws/build/gcs_controller/install.log --single-version-externally-managed install_data
[15.720s] Level 1:colcon.colcon_core.environment:checking '/home/chakrapani/drone_files/IITI_SOC/gcs_ws/install/gcs_controller/lib'
[15.720s] Level 1:colcon.colcon_core.environment:checking '/home/chakrapani/drone_files/IITI_SOC/gcs_ws/install/gcs_controller/bin'
[15.720s] Level 1:colcon.colcon_core.environment:checking '/home/chakrapani/drone_files/IITI_SOC/gcs_ws/install/gcs_controller/lib/pkgconfig/gcs_controller.pc'
[15.720s] Level 1:colcon.colcon_core.environment:checking '/home/chakrapani/drone_files/IITI_SOC/gcs_ws/install/gcs_controller/lib/python3.10/site-packages'
[15.720s] Level 1:colcon.colcon_core.shell:create_environment_hook('gcs_controller', 'pythonpath')
[15.721s] INFO:colcon.colcon_core.shell:Creating environment hook '/home/chakrapani/drone_files/IITI_SOC/gcs_ws/install/gcs_controller/share/gcs_controller/hook/pythonpath.ps1'
[15.722s] INFO:colcon.colcon_core.shell:Creating environment descriptor '/home/chakrapani/drone_files/IITI_SOC/gcs_ws/install/gcs_controller/share/gcs_controller/hook/pythonpath.dsv'
[15.722s] INFO:colcon.colcon_core.shell:Creating environment hook '/home/chakrapani/drone_files/IITI_SOC/gcs_ws/install/gcs_controller/share/gcs_controller/hook/pythonpath.sh'
[15.724s] Level 1:colcon.colcon_core.environment:checking '/home/chakrapani/drone_files/IITI_SOC/gcs_ws/install/gcs_controller/bin'
[15.724s] Level 1:colcon.colcon_core.environment:create_environment_scripts_only(gcs_controller)
[15.725s] INFO:colcon.colcon_core.shell:Creating package script '/home/chakrapani/drone_files/IITI_SOC/gcs_ws/install/gcs_controller/share/gcs_controller/package.ps1'
[15.726s] INFO:colcon.colcon_core.shell:Creating package descriptor '/home/chakrapani/drone_files/IITI_SOC/gcs_ws/install/gcs_controller/share/gcs_controller/package.dsv'
[15.727s] INFO:colcon.colcon_core.shell:Creating package script '/home/chakrapani/drone_files/IITI_SOC/gcs_ws/install/gcs_controller/share/gcs_controller/package.sh'
[15.728s] INFO:colcon.colcon_core.shell:Creating package script '/home/chakrapani/drone_files/IITI_SOC/gcs_ws/install/gcs_controller/share/gcs_controller/package.bash'
[15.729s] INFO:colcon.colcon_core.shell:Creating package script '/home/chakrapani/drone_files/IITI_SOC/gcs_ws/install/gcs_controller/share/gcs_controller/package.zsh'
[15.731s] Level 1:colcon.colcon_core.environment:create_file_with_runtime_dependencies(/home/chakrapani/drone_files/IITI_SOC/gcs_ws/install/gcs_controller/share/colcon-core/packages/gcs_controller)
[15.734s] DEBUG:colcon.colcon_parallel_executor.executor.parallel:closing loop
[15.736s] DEBUG:colcon.colcon_parallel_executor.executor.parallel:loop closed
[15.736s] DEBUG:colcon.colcon_parallel_executor.executor.parallel:run_until_complete finished with '0'
[15.736s] DEBUG:colcon.colcon_core.event_reactor:joining thread
[15.749s] INFO:colcon.colcon_core.plugin_system:Skipping extension 'colcon_notification.desktop_notification.terminal_notifier': Not used on non-Darwin systems
[15.749s] INFO:colcon.colcon_core.plugin_system:Skipping extension 'colcon_notification.desktop_notification.win32': Not used on non-Windows systems
[15.749s] INFO:colcon.colcon_notification.desktop_notification:Sending desktop notification using 'notify2'
[15.839s] DEBUG:colcon.colcon_core.event_reactor:joined thread
[15.842s] INFO:colcon.colcon_core.shell:Creating prefix script '/home/chakrapani/drone_files/IITI_SOC/gcs_ws/install/local_setup.ps1'
[15.848s] INFO:colcon.colcon_core.shell:Creating prefix util module '/home/chakrapani/drone_files/IITI_SOC/gcs_ws/install/_local_setup_util_ps1.py'
[15.853s] INFO:colcon.colcon_core.shell:Creating prefix chain script '/home/chakrapani/drone_files/IITI_SOC/gcs_ws/install/setup.ps1'
[15.857s] INFO:colcon.colcon_core.shell:Creating prefix script '/home/chakrapani/drone_files/IITI_SOC/gcs_ws/install/local_setup.sh'
[15.858s] INFO:colcon.colcon_core.shell:Creating prefix util module '/home/chakrapani/drone_files/IITI_SOC/gcs_ws/install/_local_setup_util_sh.py'
[15.859s] INFO:colcon.colcon_core.shell:Creating prefix chain script '/home/chakrapani/drone_files/IITI_SOC/gcs_ws/install/setup.sh'
[15.862s] INFO:colcon.colcon_core.shell:Creating prefix script '/home/chakrapani/drone_files/IITI_SOC/gcs_ws/install/local_setup.bash'
[15.863s] INFO:colcon.colcon_core.shell:Creating prefix chain script '/home/chakrapani/drone_files/IITI_SOC/gcs_ws/install/setup.bash'
[15.868s] INFO:colcon.colcon_core.shell:Creating prefix script '/home/chakrapani/drone_files/IITI_SOC/gcs_ws/install/local_setup.zsh'
[15.871s] INFO:colcon.colcon_core.shell:Creating prefix chain script '/home/chakrapani/drone_files/IITI_SOC/gcs_ws/install/setup.zsh'
