[0.912s] Invoking command in '/home/bhav/IITISoC-25-IVR09/gcs_ws/src/gcs_controller': AMENT_PREFIX_PATH=/home/bhav/IITISoC-25-IVR09/install/mission_utils:/home/bhav/px4_ros2_ws/install/px4_msgs:/home/bhav/IITISoC-25-IVR09/install/gcs_controller:/home/bhav/IITISoC-25-IVR09/install/drone_launch:/home/bhav/IITISoC-25-IVR09/install/drone_2_manager:/home/bhav/IITISoC-25-IVR09/install/drone_1_manager:/home/bhav/IITISoC-25-IVR09/install/drone_interfaces:/opt/ros/humble CMAKE_PREFIX_PATH=/home/bhav/IITISoC-25-IVR09/install/drone_interfaces:/home/bhav/px4_ros2_ws/install/px4_msgs LD_LIBRARY_PATH=/home/bhav/IITISoC-25-IVR09/install/drone_interfaces/lib:/home/bhav/px4_ros2_ws/install/px4_msgs/lib:/usr/local/lib:/usr/lib/x86_64-linux-gnu/gazebo-11/plugins:/opt/ros/humble/opt/rviz_ogre_vendor/lib:/opt/ros/humble/lib/x86_64-linux-gnu:/opt/ros/humble/lib:/home/bhav/natnetsdk/lib PYTHONPATH=/home/bhav/IITISoC-25-IVR09/build/gcs_controller/prefix_override:/home/bhav/.local/lib/python3.10/site-packages/colcon_core/task/python/colcon_distutils_commands:/home/bhav/IITISoC-25-IVR09/install/gcs_controller/lib/python3.10/site-packages:/home/bhav/IITISoC-25-IVR09/install/mission_utils/lib/python3.10/site-packages:/home/bhav/px4_ros2_ws/install/px4_msgs/local/lib/python3.10/dist-packages:/home/bhav/IITISoC-25-IVR09/install/gcs_controller/lib/python3.10/site-packages:/home/bhav/IITISoC-25-IVR09/install/drone_launch/lib/python3.10/site-packages:/home/bhav/IITISoC-25-IVR09/install/drone_2_manager/lib/python3.10/site-packages:/home/bhav/IITISoC-25-IVR09/install/drone_1_manager/lib/python3.10/site-packages:/home/bhav/IITISoC-25-IVR09/install/drone_interfaces/local/lib/python3.10/dist-packages:/opt/ros/humble/lib/python3.10/site-packages:/opt/ros/humble/local/lib/python3.10/dist-packages /usr/bin/python3 -W ignore:setup.py install is deprecated -W ignore:easy_install command is deprecated setup.py egg_info --egg-base ../../../build/gcs_controller build --build-base /home/bhav/IITISoC-25-IVR09/build/gcs_controller/build install --record /home/bhav/IITISoC-25-IVR09/build/gcs_controller/install.log --single-version-externally-managed install_data
[1.096s] running egg_info
[1.096s] writing ../../../build/gcs_controller/gcs_controller.egg-info/PKG-INFO
[1.097s] writing dependency_links to ../../../build/gcs_controller/gcs_controller.egg-info/dependency_links.txt
[1.097s] writing entry points to ../../../build/gcs_controller/gcs_controller.egg-info/entry_points.txt
[1.097s] writing requirements to ../../../build/gcs_controller/gcs_controller.egg-info/requires.txt
[1.097s] writing top-level names to ../../../build/gcs_controller/gcs_controller.egg-info/top_level.txt
[1.098s] reading manifest file '../../../build/gcs_controller/gcs_controller.egg-info/SOURCES.txt'
[1.099s] writing manifest file '../../../build/gcs_controller/gcs_controller.egg-info/SOURCES.txt'
[1.099s] running build
[1.099s] running build_py
[1.099s] running install
[1.099s] running install_lib
[1.101s] running install_data
[1.101s] running install_egg_info
[1.103s] removing '/home/bhav/IITISoC-25-IVR09/install/gcs_controller/lib/python3.10/site-packages/gcs_controller-0.0.0-py3.10.egg-info' (and everything under it)
[1.103s] Copying ../../../build/gcs_controller/gcs_controller.egg-info to /home/bhav/IITISoC-25-IVR09/install/gcs_controller/lib/python3.10/site-packages/gcs_controller-0.0.0-py3.10.egg-info
[1.103s] running install_scripts
[1.126s] Installing dynamic_role_swap_node script to /home/bhav/IITISoC-25-IVR09/install/gcs_controller/lib/gcs_controller
[1.126s] Installing geotag_manager_node script to /home/bhav/IITISoC-25-IVR09/install/gcs_controller/lib/gcs_controller
[1.126s] Installing swarm_supervisor_node script to /home/bhav/IITISoC-25-IVR09/install/gcs_controller/lib/gcs_controller
[1.126s] Installing waypoint_manager_node script to /home/bhav/IITISoC-25-IVR09/install/gcs_controller/lib/gcs_controller
[1.127s] writing list of installed files to '/home/bhav/IITISoC-25-IVR09/build/gcs_controller/install.log'
[1.173s] Invoked command in '/home/bhav/IITISoC-25-IVR09/gcs_ws/src/gcs_controller' returned '0': AMENT_PREFIX_PATH=/home/bhav/IITISoC-25-IVR09/install/mission_utils:/home/bhav/px4_ros2_ws/install/px4_msgs:/home/bhav/IITISoC-25-IVR09/install/gcs_controller:/home/bhav/IITISoC-25-IVR09/install/drone_launch:/home/bhav/IITISoC-25-IVR09/install/drone_2_manager:/home/bhav/IITISoC-25-IVR09/install/drone_1_manager:/home/bhav/IITISoC-25-IVR09/install/drone_interfaces:/opt/ros/humble CMAKE_PREFIX_PATH=/home/bhav/IITISoC-25-IVR09/install/drone_interfaces:/home/bhav/px4_ros2_ws/install/px4_msgs LD_LIBRARY_PATH=/home/bhav/IITISoC-25-IVR09/install/drone_interfaces/lib:/home/bhav/px4_ros2_ws/install/px4_msgs/lib:/usr/local/lib:/usr/lib/x86_64-linux-gnu/gazebo-11/plugins:/opt/ros/humble/opt/rviz_ogre_vendor/lib:/opt/ros/humble/lib/x86_64-linux-gnu:/opt/ros/humble/lib:/home/bhav/natnetsdk/lib PYTHONPATH=/home/bhav/IITISoC-25-IVR09/build/gcs_controller/prefix_override:/home/bhav/.local/lib/python3.10/site-packages/colcon_core/task/python/colcon_distutils_commands:/home/bhav/IITISoC-25-IVR09/install/gcs_controller/lib/python3.10/site-packages:/home/bhav/IITISoC-25-IVR09/install/mission_utils/lib/python3.10/site-packages:/home/bhav/px4_ros2_ws/install/px4_msgs/local/lib/python3.10/dist-packages:/home/bhav/IITISoC-25-IVR09/install/gcs_controller/lib/python3.10/site-packages:/home/bhav/IITISoC-25-IVR09/install/drone_launch/lib/python3.10/site-packages:/home/bhav/IITISoC-25-IVR09/install/drone_2_manager/lib/python3.10/site-packages:/home/bhav/IITISoC-25-IVR09/install/drone_1_manager/lib/python3.10/site-packages:/home/bhav/IITISoC-25-IVR09/install/drone_interfaces/local/lib/python3.10/dist-packages:/opt/ros/humble/lib/python3.10/site-packages:/opt/ros/humble/local/lib/python3.10/dist-packages /usr/bin/python3 -W ignore:setup.py install is deprecated -W ignore:easy_install command is deprecated setup.py egg_info --egg-base ../../../build/gcs_controller build --build-base /home/bhav/IITISoC-25-IVR09/build/gcs_controller/build install --record /home/bhav/IITISoC-25-IVR09/build/gcs_controller/install.log --single-version-externally-managed install_data
